#    1 | steps:    17 | steps_t:     0 | t: 0.514424 | r:  -505.000000 | e:   1.000000 | Q:        nan | won: False 
#    2 | steps:    28 | steps_t:     0 | t: 0.537364 | r:  -499.000000 | e:   1.000000 | Q:        nan | won: False 
#    3 | steps:   105 | steps_t:     0 | t: 0.601241 | r:   141.000000 | e:   1.000000 | Q:        nan | won: True 
#    4 | steps:   197 | steps_t:     0 | t: 0.686963 | r:  -569.000000 | e:   1.000000 | Q:        nan | won: False 
#    5 | steps:   227 | steps_t:     0 | t: 0.713898 | r:  -383.000000 | e:   1.000000 | Q:        nan | won: False 
#    6 | steps:   292 | steps_t:     0 | t: 0.774728 | r:  -542.000000 | e:   1.000000 | Q:        nan | won: False 
#    7 | steps:   318 | steps_t:     0 | t: 0.808643 | r:  -463.000000 | e:   1.000000 | Q:        nan | won: False 
#    8 | steps:   339 | steps_t:     0 | t: 0.838558 | r:  -458.000000 | e:   1.000000 | Q:        nan | won: False 
#    9 | steps:   359 | steps_t:     0 | t: 0.863490 | r:  -519.000000 | e:   1.000000 | Q:        nan | won: False 
#   10 | steps:   439 | steps_t:     0 | t: 0.939286 | r:  -535.000000 | e:   1.000000 | Q:        nan | won: False 
#   11 | steps:   447 | steps_t:     0 | t: 0.955246 | r:  -507.000000 | e:   1.000000 | Q:        nan | won: False 
#   12 | steps:   509 | steps_t:     0 | t: 1.004115 | r:  -539.000000 | e:   1.000000 | Q:        nan | won: False 
#   13 | steps:   522 | steps_t:     0 | t: 1.017080 | r:  -512.000000 | e:   1.000000 | Q:        nan | won: False 
#   14 | steps:   620 | steps_t:     0 | t: 1.082903 | r:  -520.000000 | e:   1.000000 | Q:        nan | won: False 
#   15 | steps:   663 | steps_t:     0 | t: 1.117810 | r:  -469.000000 | e:   1.000000 | Q:        nan | won: False 
#   16 | steps:   696 | steps_t:     0 | t: 1.144742 | r:  -408.000000 | e:   1.000000 | Q:        nan | won: False 
#   17 | steps:   727 | steps_t:     0 | t: 1.174659 | r:  -384.000000 | e:   1.000000 | Q:        nan | won: False 
#   18 | steps:   824 | steps_t:     0 | t: 1.251452 | r:  -468.000000 | e:   1.000000 | Q:        nan | won: False 
#   19 | steps:   860 | steps_t:     0 | t: 1.286396 | r:  -513.000000 | e:   1.000000 | Q:        nan | won: False 
#   20 | steps:   930 | steps_t:     0 | t: 1.343246 | r:  -496.000000 | e:   1.000000 | Q:        nan | won: False 
#   21 | steps:   982 | steps_t:     0 | t: 1.394070 | r:  -456.000000 | e:   1.000000 | Q:        nan | won: False 
#   22 | steps:  1029 | steps_t:     0 | t: 1.439949 | r:  -411.000000 | e:   1.000000 | Q:        nan | won: False 
#   23 | steps:  1059 | steps_t:     0 | t: 1.466877 | r:  -423.000000 | e:   1.000000 | Q:        nan | won: False 
#   24 | steps:  1096 | steps_t:     0 | t: 1.500787 | r:  -452.000000 | e:   1.000000 | Q:        nan | won: False 
#   25 | steps:  1142 | steps_t:     0 | t: 1.535691 | r:  -490.000000 | e:   1.000000 | Q:        nan | won: False 
#   26 | steps:  1170 | steps_t:     0 | t: 1.564616 | r:  -414.000000 | e:   1.000000 | Q:        nan | won: False 
#   27 | steps:  1249 | steps_t:     0 | t: 1.643404 | r:  -512.000000 | e:   1.000000 | Q:        nan | won: False 
#   28 | steps:  1317 | steps_t:     0 | t: 1.703243 | r:  -545.000000 | e:   1.000000 | Q:        nan | won: False 
#   29 | steps:  1334 | steps_t:     0 | t: 1.720198 | r:  -454.000000 | e:   1.000000 | Q:        nan | won: False 
#   30 | steps:  1395 | steps_t:     0 | t: 1.768069 | r:  -538.000000 | e:   1.000000 | Q:        nan | won: False 
#   31 | steps:  1403 | steps_t:     0 | t: 1.779040 | r:  -496.000000 | e:   1.000000 | Q:        nan | won: False 
#   32 | steps:  1414 | steps_t:     0 | t: 1.791008 | r:  -499.000000 | e:   1.000000 | Q:        nan | won: False 
#   33 | steps:  1463 | steps_t:     0 | t: 1.831901 | r:  -475.000000 | e:   1.000000 | Q:        nan | won: False 
#   34 | steps:  1483 | steps_t:     0 | t: 1.849854 | r:  -497.000000 | e:   1.000000 | Q:        nan | won: False 
#   35 | steps:  1514 | steps_t:     0 | t: 1.879772 | r:  -468.000000 | e:   1.000000 | Q:        nan | won: False 
#   36 | steps:  1530 | steps_t:     0 | t: 1.895729 | r:  -442.000000 | e:   1.000000 | Q:        nan | won: False 
#   37 | steps:  1544 | steps_t:     0 | t: 1.920664 | r:  -502.000000 | e:   1.000000 | Q:        nan | won: False 
#   38 | steps:  1579 | steps_t:     0 | t: 1.964546 | r:  -512.000000 | e:   1.000000 | Q:        nan | won: False 
#   39 | steps:  1619 | steps_t:     0 | t: 2.011426 | r:  -455.000000 | e:   1.000000 | Q:        nan | won: False 
#   40 | steps:  1641 | steps_t:     0 | t: 2.029370 | r:  -470.000000 | e:   1.000000 | Q:        nan | won: False 
#   41 | steps:  1667 | steps_t:     0 | t: 2.056300 | r:  -452.000000 | e:   1.000000 | Q:        nan | won: False 
#   42 | steps:  1731 | steps_t:     0 | t: 2.110165 | r:  -490.000000 | e:   1.000000 | Q:        nan | won: False 
#   43 | steps:  1754 | steps_t:     0 | t: 2.131135 | r:  -511.000000 | e:   1.000000 | Q:        nan | won: False 
#   44 | steps:  1839 | steps_t:     0 | t: 2.193932 | r:  -489.000000 | e:   1.000000 | Q:        nan | won: False 
#   45 | steps:  1928 | steps_t:     0 | t: 2.257759 | r:  -555.000000 | e:   1.000000 | Q:        nan | won: False 
#   46 | steps:  1997 | steps_t:     0 | t: 2.311615 | r:  -535.000000 | e:   1.000000 | Q:        nan | won: False 
#   47 | steps:  2005 | steps_t:     0 | t: 2.322587 | r:  -485.000000 | e:   1.000000 | Q:        nan | won: False 
#   48 | steps:  2017 | steps_t:     0 | t: 2.339545 | r:  -500.000000 | e:   1.000000 | Q:        nan | won: False 
#   49 | steps:  2025 | steps_t:     0 | t: 2.352508 | r:  -507.000000 | e:   1.000000 | Q:        nan | won: False 
#   50 | steps:  2086 | steps_t:     0 | t: 2.396388 | r:  -516.000000 | e:   1.000000 | Q:        nan | won: False 
#   51 | steps:  2097 | steps_t:     0 | t: 2.411351 | r:  -488.000000 | e:   1.000000 | Q:        nan | won: False 
#   52 | steps:  2107 | steps_t:     0 | t: 2.423316 | r:  -509.000000 | e:   1.000000 | Q:        nan | won: False 
#   53 | steps:  2150 | steps_t:     0 | t: 2.461215 | r:  -476.000000 | e:   1.000000 | Q:        nan | won: False 
#   54 | steps:  2220 | steps_t:     0 | t: 2.518063 | r:  -496.000000 | e:   1.000000 | Q:        nan | won: False 
#   55 | steps:  2246 | steps_t:     0 | t: 2.542001 | r:  -463.000000 | e:   1.000000 | Q:        nan | won: False 
#   56 | steps:  2335 | steps_t:     0 | t: 2.606825 | r:  -533.000000 | e:   1.000000 | Q:        nan | won: False 
#   57 | steps:  2368 | steps_t:     0 | t: 2.631758 | r:  -459.000000 | e:   1.000000 | Q:        nan | won: False 
#   58 | steps:  2386 | steps_t:     0 | t: 2.648714 | r:  -506.000000 | e:   1.000000 | Q:        nan | won: False 
#   59 | steps:  2399 | steps_t:     0 | t: 2.661681 | r:  -512.000000 | e:   1.000000 | Q:        nan | won: False 
#   60 | steps:  2523 | steps_t:     0 | t: 2.838207 | r:  -550.000000 | e:   1.000000 | Q:        nan | won: False 
#   61 | steps:  2530 | steps_t:     0 | t: 2.847183 | r:  -495.000000 | e:   1.000000 | Q:        nan | won: False 
#   62 | steps:  2543 | steps_t:     0 | t: 2.860148 | r:  -490.000000 | e:   1.000000 | Q:        nan | won: False 
#   63 | steps:  2571 | steps_t:     0 | t: 2.887077 | r:  -454.000000 | e:   1.000000 | Q:        nan | won: False 
#   64 | steps:  2625 | steps_t:     0 | t: 2.930959 | r:  -491.000000 | e:   1.000000 | Q:        nan | won: False 
#   65 | steps:  2659 | steps_t:     0 | t: 2.958883 | r:  -460.000000 | e:   1.000000 | Q:        nan | won: False 
#   66 | steps:  2673 | steps_t:     0 | t: 2.972847 | r:  -502.000000 | e:   1.000000 | Q:        nan | won: False 
#   67 | steps:  2712 | steps_t:     0 | t: 3.008751 | r:  -381.000000 | e:   1.000000 | Q:        nan | won: False 
#   68 | steps:  2731 | steps_t:     0 | t: 3.044657 | r:  -445.000000 | e:   1.000000 | Q:        nan | won: False 
#   69 | steps:  2737 | steps_t:     0 | t: 3.061611 | r:  -505.000000 | e:   1.000000 | Q:        nan | won: False 
#   70 | steps:  2824 | steps_t:     0 | t: 3.185277 | r:  -513.000000 | e:   1.000000 | Q:        nan | won: False 
#   71 | steps:  2867 | steps_t:     0 | t: 3.220185 | r:  -469.000000 | e:   1.000000 | Q:        nan | won: False 
#   72 | steps:  2877 | steps_t:     0 | t: 3.232153 | r:  -509.000000 | e:   1.000000 | Q:        nan | won: False 
#   73 | steps:  2919 | steps_t:     0 | t: 3.264069 | r:  -468.000000 | e:   1.000000 | Q:        nan | won: False 
#   74 | steps:  2943 | steps_t:     0 | t: 3.283018 | r:  -439.000000 | e:   1.000000 | Q:        nan | won: False 
#   75 | steps:  2978 | steps_t:     0 | t: 3.310941 | r:  -450.000000 | e:   1.000000 | Q:        nan | won: False 
#   76 | steps:  2990 | steps_t:     0 | t: 3.323908 | r:  -489.000000 | e:   1.000000 | Q:        nan | won: False 
#   77 | steps:  3006 | steps_t:     0 | t: 3.338867 | r:  -504.000000 | e:   1.000000 | Q:        nan | won: False 
#   78 | steps:  3026 | steps_t:     0 | t: 3.355823 | r:  -508.000000 | e:   1.000000 | Q:        nan | won: False 
#   79 | steps:  3035 | steps_t:     0 | t: 3.366794 | r:  -508.000000 | e:   1.000000 | Q:        nan | won: False 
#   80 | steps:  3115 | steps_t:     0 | t: 3.429661 | r:  -484.000000 | e:   1.000000 | Q:        nan | won: False 
#   81 | steps:  3144 | steps_t:     0 | t: 3.455617 | r:  -422.000000 | e:   1.000000 | Q:        nan | won: False 
#   82 | steps:  3240 | steps_t:     0 | t: 3.527406 | r:   133.000000 | e:   1.000000 | Q:        nan | won: True 
#   83 | steps:  3269 | steps_t:     0 | t: 3.553304 | r:  -422.000000 | e:   1.000000 | Q:        nan | won: False 
#   84 | steps:  3379 | steps_t:     0 | t: 3.625103 | r:  -587.000000 | e:   1.000000 | Q:        nan | won: False 
#   85 | steps:  3392 | steps_t:     0 | t: 3.647046 | r:  -490.000000 | e:   1.000000 | Q:        nan | won: False 
#   86 | steps:  3399 | steps_t:     0 | t: 3.663997 | r:  -495.000000 | e:   1.000000 | Q:        nan | won: False 
#   87 | steps:  3415 | steps_t:     0 | t: 3.692920 | r:  -504.000000 | e:   1.000000 | Q:        nan | won: False 
#   88 | steps:  3470 | steps_t:     0 | t: 3.758744 | r:  -532.000000 | e:   1.000000 | Q:        nan | won: False 
#   89 | steps:  3492 | steps_t:     0 | t: 3.803624 | r:  -459.000000 | e:   1.000000 | Q:        nan | won: False 
#   90 | steps:  3623 | steps_t:     0 | t: 3.973171 | r:  -502.000000 | e:   1.000000 | Q:        nan | won: False 
#   91 | steps:  3653 | steps_t:     0 | t: 4.002093 | r:  -518.000000 | e:   1.000000 | Q:        nan | won: False 
#   92 | steps:  3727 | steps_t:     0 | t: 4.082876 | r:  -518.000000 | e:   1.000000 | Q:        nan | won: False 
#   93 | steps:  3792 | steps_t:     0 | t: 4.127756 | r:  -458.000000 | e:   1.000000 | Q:        nan | won: False 
#   94 | steps:  3827 | steps_t:     0 | t: 4.162667 | r:  -450.000000 | e:   1.000000 | Q:        nan | won: False 
#   95 | steps:  3866 | steps_t:     0 | t: 4.202557 | r:  -465.000000 | e:   1.000000 | Q:        nan | won: False 
#   96 | steps:  3881 | steps_t:     0 | t: 4.230483 | r:  -492.000000 | e:   1.000000 | Q:        nan | won: False 
#   97 | steps:  3893 | steps_t:     0 | t: 4.245465 | r:  -500.000000 | e:   1.000000 | Q:        nan | won: False 
#   98 | steps:  3916 | steps_t:     0 | t: 4.276359 | r:  -511.000000 | e:   1.000000 | Q:        nan | won: False 
#   99 | steps:  3969 | steps_t:     0 | t: 4.339192 | r:  -479.000000 | e:   1.000000 | Q:        nan | won: False 
#  100 | steps:  3989 | steps_t:     0 | t: 4.368114 | r:  -497.000000 | e:   1.000000 | Q:        nan | won: False 
#  101 | steps:  4049 | steps_t:     0 | t: 4.447905 | r:  -475.000000 | e:   1.000000 | Q:        nan | won: False 
#  102 | steps:  4085 | steps_t:     0 | t: 4.523708 | r:  -451.000000 | e:   1.000000 | Q:        nan | won: False 
#  103 | steps:  4149 | steps_t:     0 | t: 4.624428 | r:  -490.000000 | e:   1.000000 | Q:        nan | won: False 
#  104 | steps:  4161 | steps_t:     0 | t: 4.637392 | r:  -511.000000 | e:   1.000000 | Q:        nan | won: False 
#  105 | steps:  4222 | steps_t:     0 | t: 4.689254 | r:  -487.000000 | e:   1.000000 | Q:        nan | won: False 
#  106 | steps:  4248 | steps_t:     0 | t: 4.720174 | r:  -514.000000 | e:   1.000000 | Q:        nan | won: False 
#  107 | steps:  4308 | steps_t:     0 | t: 4.796967 | r:  -526.000000 | e:   1.000000 | Q:        nan | won: False 
#  108 | steps:  4340 | steps_t:     0 | t: 4.838854 | r:  -469.000000 | e:   1.000000 | Q:        nan | won: False 
#  109 | steps:  4377 | steps_t:     0 | t: 4.872764 | r:  -441.000000 | e:   1.000000 | Q:        nan | won: False 
#  110 | steps:  4491 | steps_t:     0 | t: 4.962525 | r:  -547.000000 | e:   1.000000 | Q:        nan | won: False 
#  111 | steps:  4545 | steps_t:     0 | t: 5.002417 | r:  -447.000000 | e:   1.000000 | Q:        nan | won: False 
#  112 | steps:  4586 | steps_t:     0 | t: 5.033334 | r:  -529.000000 | e:   1.000000 | Q:        nan | won: False 
#  113 | steps:  4730 | steps_t:     0 | t: 5.136059 | r:  -566.000000 | e:   1.000000 | Q:        nan | won: False 
#  114 | steps:  4767 | steps_t:     0 | t: 5.164983 | r:  -452.000000 | e:   1.000000 | Q:        nan | won: False 
#  115 | steps:  4794 | steps_t:     0 | t: 5.199906 | r:  -431.000000 | e:   1.000000 | Q:        nan | won: False 
#  116 | steps:  4827 | steps_t:     0 | t: 5.257734 | r:  -437.000000 | e:   1.000000 | Q:        nan | won: False 
#  117 | steps:  4833 | steps_t:     0 | t: 5.276684 | r:  -505.000000 | e:   1.000000 | Q:        nan | won: False 
#  118 | steps:  4892 | steps_t:     0 | t: 5.362453 | r:  -481.000000 | e:   1.000000 | Q:        nan | won: False 
#  119 | steps:  4901 | steps_t:     0 | t: 5.373424 | r:  -508.000000 | e:   1.000000 | Q:        nan | won: False 
#  120 | steps:  4981 | steps_t:     0 | t: 5.432266 | r:  -484.000000 | e:   1.000000 | Q:        nan | won: False 
