#    1 | steps:    32 | steps_t:     0 | t: 0.064814 | r:  -447.000000 | e:   1.000000 | Q:        nan | won: False 
#    2 | steps:    62 | steps_t:     0 | t: 0.102713 | r:  -456.000000 | e:   1.000000 | Q:        nan | won: False 
#    3 | steps:    95 | steps_t:     0 | t: 0.127683 | r:  -459.000000 | e:   1.000000 | Q:        nan | won: False 
#    4 | steps:   169 | steps_t:     0 | t: 0.182498 | r:  -500.000000 | e:   1.000000 | Q:        nan | won: False 
#    5 | steps:   240 | steps_t:     0 | t: 0.250319 | r:  -475.000000 | e:   1.000000 | Q:        nan | won: False 
#    6 | steps:   333 | steps_t:     0 | t: 0.370996 | r:   136.000000 | e:   1.000000 | Q:        nan | won: True 
#    7 | steps:   376 | steps_t:     0 | t: 0.425847 | r:  -425.000000 | e:   1.000000 | Q:        nan | won: False 
#    8 | steps:   424 | steps_t:     0 | t: 0.461750 | r:  -441.000000 | e:   1.000000 | Q:        nan | won: False 
#    9 | steps:   472 | steps_t:     0 | t: 0.496660 | r:  -452.000000 | e:   1.000000 | Q:        nan | won: False 
#   10 | steps:   505 | steps_t:     0 | t: 0.523588 | r:  -459.000000 | e:   1.000000 | Q:        nan | won: False 
#   11 | steps:   518 | steps_t:     0 | t: 0.539543 | r:  -512.000000 | e:   1.000000 | Q:        nan | won: False 
#   12 | steps:   537 | steps_t:     0 | t: 0.565516 | r:  -496.000000 | e:   1.000000 | Q:        nan | won: False 
#   13 | steps:   635 | steps_t:     0 | t: 0.653239 | r:  -531.000000 | e:   1.000000 | Q:        nan | won: False 
#   14 | steps:   660 | steps_t:     0 | t: 0.676213 | r:  -513.000000 | e:   1.000000 | Q:        nan | won: False 
#   15 | steps:   676 | steps_t:     0 | t: 0.704102 | r:  -515.000000 | e:   1.000000 | Q:        nan | won: False 
#   16 | steps:   734 | steps_t:     0 | t: 0.782893 | r:  -524.000000 | e:   1.000000 | Q:        nan | won: False 
#   17 | steps:   783 | steps_t:     0 | t: 0.843773 | r:  -493.000000 | e:   1.000000 | Q:        nan | won: False 
#   18 | steps:   792 | steps_t:     0 | t: 0.855698 | r:  -486.000000 | e:   1.000000 | Q:        nan | won: False 
#   19 | steps:   860 | steps_t:     0 | t: 0.910551 | r:  -545.000000 | e:   1.000000 | Q:        nan | won: False 
#   20 | steps:   956 | steps_t:     0 | t: 0.983354 | r:  -573.000000 | e:   1.000000 | Q:        nan | won: False 
#   21 | steps:   976 | steps_t:     0 | t: 1.001310 | r:  -519.000000 | e:   1.000000 | Q:        nan | won: False 
#   22 | steps:  1020 | steps_t:     0 | t: 1.034221 | r:  -532.000000 | e:   1.000000 | Q:        nan | won: False 
#   23 | steps:  1081 | steps_t:     0 | t: 1.074156 | r:  -483.000000 | e:   1.000000 | Q:        nan | won: False 
#   24 | steps:  1095 | steps_t:     0 | t: 1.094059 | r:  -502.000000 | e:   1.000000 | Q:        nan | won: False 
#   25 | steps:  1188 | steps_t:     0 | t: 1.214741 | r:  -515.000000 | e:   1.000000 | Q:        nan | won: False 
#   26 | steps:  1205 | steps_t:     0 | t: 1.250641 | r:  -465.000000 | e:   1.000000 | Q:        nan | won: False 
#   27 | steps:  1260 | steps_t:     0 | t: 1.319457 | r:  -481.000000 | e:   1.000000 | Q:        nan | won: False 
#   28 | steps:  1271 | steps_t:     0 | t: 1.337408 | r:  -477.000000 | e:   1.000000 | Q:        nan | won: False 
#   29 | steps:  1324 | steps_t:     0 | t: 1.396250 | r:  -541.000000 | e:   1.000000 | Q:        nan | won: False 
#   30 | steps:  1348 | steps_t:     0 | t: 1.416196 | r:  -501.000000 | e:   1.000000 | Q:        nan | won: False 
#   31 | steps:  1455 | steps_t:     0 | t: 1.535877 | r:  -584.000000 | e:   1.000000 | Q:        nan | won: False 
#   32 | steps:  1465 | steps_t:     0 | t: 1.555824 | r:  -509.000000 | e:   1.000000 | Q:        nan | won: False 
#   33 | steps:  1507 | steps_t:     0 | t: 1.620651 | r:  -435.000000 | e:   1.000000 | Q:        nan | won: False 
#   34 | steps:  1517 | steps_t:     0 | t: 1.641612 | r:  -509.000000 | e:   1.000000 | Q:        nan | won: False 
#   35 | steps:  1529 | steps_t:     0 | t: 1.669520 | r:  -511.000000 | e:   1.000000 | Q:        nan | won: False 
#   36 | steps:  1602 | steps_t:     0 | t: 1.761273 | r:  -466.000000 | e:   1.000000 | Q:        nan | won: False 
#   37 | steps:  1646 | steps_t:     0 | t: 1.809145 | r:  -481.000000 | e:   1.000000 | Q:        nan | won: False 
#   38 | steps:  1720 | steps_t:     0 | t: 1.901903 | r:  -507.000000 | e:   1.000000 | Q:        nan | won: False 
#   39 | steps:  1810 | steps_t:     0 | t: 1.982682 | r:  -545.000000 | e:   1.000000 | Q:        nan | won: False 
#   40 | steps:  1873 | steps_t:     0 | t: 2.029556 | r:  -518.000000 | e:   1.000000 | Q:        nan | won: False 
#   41 | steps:  1939 | steps_t:     0 | t: 2.074436 | r:  -481.000000 | e:   1.000000 | Q:        nan | won: False 
#   42 | steps:  2001 | steps_t:     0 | t: 2.119316 | r:   116.000000 | e:   1.000000 | Q:        nan | won: True 
#   43 | steps:  2010 | steps_t:     0 | t: 2.130286 | r:  -508.000000 | e:   1.000000 | Q:        nan | won: False 
#   44 | steps:  2022 | steps_t:     0 | t: 2.141258 | r:  -511.000000 | e:   1.000000 | Q:        nan | won: False 
#   45 | steps:  2099 | steps_t:     0 | t: 2.248970 | r:  -543.000000 | e:   1.000000 | Q:        nan | won: False 
#   46 | steps:  2156 | steps_t:     0 | t: 2.328755 | r:  -534.000000 | e:   1.000000 | Q:        nan | won: False 
#   47 | steps:  2163 | steps_t:     0 | t: 2.341721 | r:  -484.000000 | e:   1.000000 | Q:        nan | won: False 
#   48 | steps:  2211 | steps_t:     0 | t: 2.379621 | r:  -452.000000 | e:   1.000000 | Q:        nan | won: False 
#   49 | steps:  2315 | steps_t:     0 | t: 2.472381 | r:   125.000000 | e:   1.000000 | Q:        nan | won: True 
#   50 | steps:  2395 | steps_t:     0 | t: 2.532212 | r:  -473.000000 | e:   1.000000 | Q:        nan | won: False 
#   51 | steps:  2446 | steps_t:     0 | t: 2.570113 | r:  -444.000000 | e:   1.000000 | Q:        nan | won: False 
#   52 | steps:  2470 | steps_t:     0 | t: 2.590055 | r:  -461.000000 | e:   1.000000 | Q:        nan | won: False 
#   53 | steps:  2507 | steps_t:     0 | t: 2.631945 | r:  -474.000000 | e:   1.000000 | Q:        nan | won: False 
#   54 | steps:  2518 | steps_t:     0 | t: 2.649895 | r:  -488.000000 | e:   1.000000 | Q:        nan | won: False 
#   55 | steps:  2588 | steps_t:     0 | t: 2.723729 | r:   159.000000 | e:   1.000000 | Q:        nan | won: True 
#   56 | steps:  2596 | steps_t:     0 | t: 2.741651 | r:  -507.000000 | e:   1.000000 | Q:        nan | won: False 
#   57 | steps:  2608 | steps_t:     0 | t: 2.764591 | r:  -511.000000 | e:   1.000000 | Q:        nan | won: False 
#   58 | steps:  2652 | steps_t:     0 | t: 2.816455 | r:  -481.000000 | e:   1.000000 | Q:        nan | won: False 
#   59 | steps:  2699 | steps_t:     0 | t: 2.964058 | r:  -451.000000 | e:   1.000000 | Q:        nan | won: False 
#   60 | steps:  2751 | steps_t:     0 | t: 3.004951 | r:  -445.000000 | e:   1.000000 | Q:        nan | won: False 
#   61 | steps:  2796 | steps_t:     0 | t: 3.037858 | r:  -471.000000 | e:   1.000000 | Q:        nan | won: False 
#   62 | steps:  2842 | steps_t:     0 | t: 3.070817 | r:  -490.000000 | e:   1.000000 | Q:        nan | won: False 
#   63 | steps:  2884 | steps_t:     0 | t: 3.116649 | r:  -468.000000 | e:   1.000000 | Q:        nan | won: False 
#   64 | steps:  2915 | steps_t:     0 | t: 3.147565 | r:  -508.000000 | e:   1.000000 | Q:        nan | won: False 
#   65 | steps:  3006 | steps_t:     0 | t: 3.288187 | r:  -568.000000 | e:   1.000000 | Q:        nan | won: False 
#   66 | steps:  3030 | steps_t:     0 | t: 3.317113 | r:  -501.000000 | e:   1.000000 | Q:        nan | won: False 
#   67 | steps:  3094 | steps_t:     0 | t: 3.387922 | r:  -435.000000 | e:   1.000000 | Q:        nan | won: False 
#   68 | steps:  3255 | steps_t:     0 | t: 3.596364 | r:  -587.000000 | e:   1.000000 | Q:        nan | won: False 
#   69 | steps:  3304 | steps_t:     0 | t: 3.656205 | r:  -475.000000 | e:   1.000000 | Q:        nan | won: False 
#   70 | steps:  3342 | steps_t:     0 | t: 3.705074 | r:  -453.000000 | e:   1.000000 | Q:        nan | won: False 
#   71 | steps:  3352 | steps_t:     0 | t: 3.730007 | r:  -509.000000 | e:   1.000000 | Q:        nan | won: False 
#   72 | steps:  3365 | steps_t:     0 | t: 3.759934 | r:  -512.000000 | e:   1.000000 | Q:        nan | won: False 
#   73 | steps:  3386 | steps_t:     0 | t: 3.798823 | r:  -520.000000 | e:   1.000000 | Q:        nan | won: False 
#   74 | steps:  3430 | steps_t:     0 | t: 3.866641 | r:  -437.000000 | e:   1.000000 | Q:        nan | won: False 
#   75 | steps:  3456 | steps_t:     0 | t: 3.905537 | r:  -525.000000 | e:   1.000000 | Q:        nan | won: False 
#   76 | steps:  3468 | steps_t:     0 | t: 3.925483 | r:  -478.000000 | e:   1.000000 | Q:        nan | won: False 
#   77 | steps:  3489 | steps_t:     0 | t: 3.964379 | r:  -436.000000 | e:   1.000000 | Q:        nan | won: False 
#   78 | steps:  3536 | steps_t:     0 | t: 4.019233 | r:  -502.000000 | e:   1.000000 | Q:        nan | won: False 
#   79 | steps:  3575 | steps_t:     0 | t: 4.064112 | r:  -432.000000 | e:   1.000000 | Q:        nan | won: False 
#   80 | steps:  3585 | steps_t:     0 | t: 4.084059 | r:  -487.000000 | e:   1.000000 | Q:        nan | won: False 
#   81 | steps:  3671 | steps_t:     0 | t: 4.172822 | r:  -541.000000 | e:   1.000000 | Q:        nan | won: False 
#   82 | steps:  3690 | steps_t:     0 | t: 4.199749 | r:  -456.000000 | e:   1.000000 | Q:        nan | won: False 
#   83 | steps:  3708 | steps_t:     0 | t: 4.217700 | r:  -506.000000 | e:   1.000000 | Q:        nan | won: False 
#   84 | steps:  3741 | steps_t:     0 | t: 4.250613 | r:  -426.000000 | e:   1.000000 | Q:        nan | won: False 
#   85 | steps:  3754 | steps_t:     0 | t: 4.272554 | r:  -501.000000 | e:   1.000000 | Q:        nan | won: False 
#   86 | steps:  3768 | steps_t:     0 | t: 4.292500 | r:  -513.000000 | e:   1.000000 | Q:        nan | won: False 
#   87 | steps:  3855 | steps_t:     0 | t: 4.400214 | r:   142.000000 | e:   1.000000 | Q:        nan | won: True 
#   88 | steps:  3890 | steps_t:     0 | t: 4.428138 | r:  -461.000000 | e:   1.000000 | Q:        nan | won: False 
#   89 | steps:  3967 | steps_t:     0 | t: 4.500943 | r:  -448.000000 | e:   1.000000 | Q:        nan | won: False 
#   90 | steps:  4000 | steps_t:     0 | t: 4.542831 | r:  -532.000000 | e:   1.000000 | Q:        nan | won: False 
#   91 | steps:  4009 | steps_t:     0 | t: 4.563776 | r:  -486.000000 | e:   1.000000 | Q:        nan | won: False 
#   92 | steps:  4021 | steps_t:     0 | t: 4.589706 | r:  -511.000000 | e:   1.000000 | Q:        nan | won: False 
#   93 | steps:  4107 | steps_t:     0 | t: 4.687445 | r:  -552.000000 | e:   1.000000 | Q:        nan | won: False 
#   94 | steps:  4149 | steps_t:     0 | t: 4.739306 | r:  -446.000000 | e:   1.000000 | Q:        nan | won: False 
#   95 | steps:  4179 | steps_t:     0 | t: 4.772217 | r:  -467.000000 | e:   1.000000 | Q:        nan | won: False 
#   96 | steps:  4198 | steps_t:     0 | t: 4.801153 | r:  -518.000000 | e:   1.000000 | Q:        nan | won: False 
#   97 | steps:  4224 | steps_t:     0 | t: 4.832057 | r:  -430.000000 | e:   1.000000 | Q:        nan | won: False 
#   98 | steps:  4255 | steps_t:     0 | t: 4.855993 | r:  -457.000000 | e:   1.000000 | Q:        nan | won: False 
#   99 | steps:  4273 | steps_t:     0 | t: 4.872948 | r:  -455.000000 | e:   1.000000 | Q:        nan | won: False 
#  100 | steps:  4336 | steps_t:     0 | t: 4.914836 | r:  -489.000000 | e:   1.000000 | Q:        nan | won: False 
#  101 | steps:  4397 | steps_t:     0 | t: 4.963742 | r:  -538.000000 | e:   1.000000 | Q:        nan | won: False 
#  102 | steps:  4467 | steps_t:     0 | t: 5.027536 | r:  -496.000000 | e:   1.000000 | Q:        nan | won: False 
#  103 | steps:  4507 | steps_t:     0 | t: 5.088372 | r:  -444.000000 | e:   1.000000 | Q:        nan | won: False 
#  104 | steps:  4550 | steps_t:     0 | t: 5.150209 | r:  -458.000000 | e:   1.000000 | Q:        nan | won: False 
#  105 | steps:  4617 | steps_t:     0 | t: 5.237011 | r:  -544.000000 | e:   1.000000 | Q:        nan | won: False 
#  106 | steps:  4642 | steps_t:     0 | t: 5.259912 | r:  -513.000000 | e:   1.000000 | Q:        nan | won: False 
#  107 | steps:  4665 | steps_t:     0 | t: 5.285884 | r:  -511.000000 | e:   1.000000 | Q:        nan | won: False 
#  108 | steps:  4712 | steps_t:     0 | t: 5.331720 | r:  -462.000000 | e:   1.000000 | Q:        nan | won: False 
#  109 | steps:  4718 | steps_t:     0 | t: 5.342690 | r:  -505.000000 | e:   1.000000 | Q:        nan | won: False 
#  110 | steps:  4786 | steps_t:     0 | t: 5.396580 | r:  -523.000000 | e:   1.000000 | Q:        nan | won: False 
#  111 | steps:  4844 | steps_t:     0 | t: 5.443423 | r:  -462.000000 | e:   1.000000 | Q:        nan | won: False 
#  112 | steps:  4865 | steps_t:     0 | t: 5.473381 | r:  -509.000000 | e:   1.000000 | Q:        nan | won: False 
#  113 | steps:  4875 | steps_t:     0 | t: 5.488340 | r:  -498.000000 | e:   1.000000 | Q:        nan | won: False 
#  114 | steps:  4921 | steps_t:     0 | t: 5.524207 | r:  -501.000000 | e:   1.000000 | Q:        nan | won: False 
#  115 | steps:  4987 | steps_t:     0 | t: 5.590029 | r:  -492.000000 | e:   1.000000 | Q:        nan | won: False 
