#    1 | steps:    38 | steps_t:     0 | t: 0.045883 | r:  -464.000000 | e:   1.000000 | Q:        nan | won: False 
#    2 | steps:    81 | steps_t:     0 | t: 0.079787 | r:  -458.000000 | e:   1.000000 | Q:        nan | won: False 
#    3 | steps:   176 | steps_t:     0 | t: 0.152593 | r:   134.000000 | e:   1.000000 | Q:        nan | won: True 
#    4 | steps:   232 | steps_t:     0 | t: 0.194480 | r:  -500.000000 | e:   1.000000 | Q:        nan | won: False 
#    5 | steps:   248 | steps_t:     0 | t: 0.210435 | r:  -442.000000 | e:   1.000000 | Q:        nan | won: False 
#    6 | steps:   286 | steps_t:     0 | t: 0.238363 | r:  -453.000000 | e:   1.000000 | Q:        nan | won: False 
#    7 | steps:   304 | steps_t:     0 | t: 0.257349 | r:  -517.000000 | e:   1.000000 | Q:        nan | won: False 
#    8 | steps:   318 | steps_t:     0 | t: 0.271273 | r:  -502.000000 | e:   1.000000 | Q:        nan | won: False 
#    9 | steps:   324 | steps_t:     0 | t: 0.280286 | r:  -505.000000 | e:   1.000000 | Q:        nan | won: False 
#   10 | steps:   408 | steps_t:     0 | t: 0.340127 | r:    94.000000 | e:   1.000000 | Q:        nan | won: True 
#   11 | steps:   459 | steps_t:     0 | t: 0.395940 | r:  -466.000000 | e:   1.000000 | Q:        nan | won: False 
#   12 | steps:   482 | steps_t:     0 | t: 0.428863 | r:  -398.000000 | e:   1.000000 | Q:        nan | won: False 
#   13 | steps:   531 | steps_t:     0 | t: 0.491688 | r:  -442.000000 | e:   1.000000 | Q:        nan | won: False 
#   14 | steps:   637 | steps_t:     0 | t: 0.564489 | r:  -477.000000 | e:   1.000000 | Q:        nan | won: False 
#   15 | steps:   676 | steps_t:     0 | t: 0.599396 | r:  -494.000000 | e:   1.000000 | Q:        nan | won: False 
#   16 | steps:   721 | steps_t:     0 | t: 0.633305 | r:  -438.000000 | e:   1.000000 | Q:        nan | won: False 
#   17 | steps:   765 | steps_t:     0 | t: 0.665218 | r:  -481.000000 | e:   1.000000 | Q:        nan | won: False 
#   18 | steps:   774 | steps_t:     0 | t: 0.675194 | r:  -508.000000 | e:   1.000000 | Q:        nan | won: False 
#   19 | steps:   820 | steps_t:     0 | t: 0.711098 | r:  -461.000000 | e:   1.000000 | Q:        nan | won: False 
#   20 | steps:   932 | steps_t:     0 | t: 0.793876 | r:  -483.000000 | e:   1.000000 | Q:        nan | won: False 
#   21 | steps:   940 | steps_t:     0 | t: 0.804844 | r:  -507.000000 | e:   1.000000 | Q:        nan | won: False 
#   22 | steps:   995 | steps_t:     0 | t: 0.845738 | r:  -532.000000 | e:   1.000000 | Q:        nan | won: False 
#   23 | steps:  1048 | steps_t:     0 | t: 0.906580 | r:  -479.000000 | e:   1.000000 | Q:        nan | won: False 
#   24 | steps:  1060 | steps_t:     0 | t: 0.923529 | r:  -449.000000 | e:   1.000000 | Q:        nan | won: False 
#   25 | steps:  1120 | steps_t:     0 | t: 0.967455 | r:  -515.000000 | e:   1.000000 | Q:        nan | won: False 
#   26 | steps:  1190 | steps_t:     0 | t: 1.017318 | r:  -514.000000 | e:   1.000000 | Q:        nan | won: False 
#   27 | steps:  1239 | steps_t:     0 | t: 1.052202 | r:   180.000000 | e:   1.000000 | Q:        nan | won: True 
#   28 | steps:  1299 | steps_t:     0 | t: 1.096069 | r:  -537.000000 | e:   1.000000 | Q:        nan | won: False 
#   29 | steps:  1323 | steps_t:     0 | t: 1.115056 | r:  -490.000000 | e:   1.000000 | Q:        nan | won: False 
#   30 | steps:  1378 | steps_t:     0 | t: 1.161928 | r:  -510.000000 | e:   1.000000 | Q:        nan | won: False 
#   31 | steps:  1468 | steps_t:     0 | t: 1.224758 | r:  -461.000000 | e:   1.000000 | Q:        nan | won: False 
#   32 | steps:  1563 | steps_t:     0 | t: 1.287594 | r:  -539.000000 | e:   1.000000 | Q:        nan | won: False 
#   33 | steps:  1591 | steps_t:     0 | t: 1.309536 | r:  -516.000000 | e:   1.000000 | Q:        nan | won: False 
#   34 | steps:  1631 | steps_t:     0 | t: 1.338458 | r:  -528.000000 | e:   1.000000 | Q:        nan | won: False 
#   35 | steps:  1643 | steps_t:     0 | t: 1.351383 | r:  -511.000000 | e:   1.000000 | Q:        nan | won: False 
#   36 | steps:  1658 | steps_t:     0 | t: 1.365345 | r:  -503.000000 | e:   1.000000 | Q:        nan | won: False 
#   37 | steps:  1679 | steps_t:     0 | t: 1.385332 | r:  -498.000000 | e:   1.000000 | Q:        nan | won: False 
#   38 | steps:  1708 | steps_t:     0 | t: 1.411222 | r:  -444.000000 | e:   1.000000 | Q:        nan | won: False 
#   39 | steps:  1797 | steps_t:     0 | t: 1.484029 | r:  -566.000000 | e:   1.000000 | Q:        nan | won: False 
#   40 | steps:  1822 | steps_t:     0 | t: 1.509961 | r:  -513.000000 | e:   1.000000 | Q:        nan | won: False 
#   41 | steps:  1874 | steps_t:     0 | t: 1.567842 | r:  -445.000000 | e:   1.000000 | Q:        nan | won: False 
#   42 | steps:  1938 | steps_t:     0 | t: 1.614716 | r:  -541.000000 | e:   1.000000 | Q:        nan | won: False 
#   43 | steps:  1978 | steps_t:     0 | t: 1.649589 | r:  -455.000000 | e:   1.000000 | Q:        nan | won: False 
#   44 | steps:  2020 | steps_t:     0 | t: 1.683539 | r:  -541.000000 | e:   1.000000 | Q:        nan | won: False 
#   45 | steps:  2097 | steps_t:     0 | t: 1.738387 | r:  -521.000000 | e:   1.000000 | Q:        nan | won: False 
#   46 | steps:  2115 | steps_t:     0 | t: 1.754341 | r:  -473.000000 | e:   1.000000 | Q:        nan | won: False 
#   47 | steps:  2173 | steps_t:     0 | t: 1.795240 | r:  -513.000000 | e:   1.000000 | Q:        nan | won: False 
#   48 | steps:  2204 | steps_t:     0 | t: 1.820137 | r:  -468.000000 | e:   1.000000 | Q:        nan | won: False 
#   49 | steps:  2229 | steps_t:     0 | t: 1.841110 | r:  -411.000000 | e:   1.000000 | Q:        nan | won: False 
#   50 | steps:  2267 | steps_t:     0 | t: 1.873993 | r:  -464.000000 | e:   1.000000 | Q:        nan | won: False 
#   51 | steps:  2287 | steps_t:     0 | t: 1.890973 | r:  -486.000000 | e:   1.000000 | Q:        nan | won: False 
#   52 | steps:  2299 | steps_t:     0 | t: 1.905902 | r:  -489.000000 | e:   1.000000 | Q:        nan | won: False 
#   53 | steps:  2368 | steps_t:     0 | t: 2.032561 | r:  -473.000000 | e:   1.000000 | Q:        nan | won: False 
#   54 | steps:  2385 | steps_t:     0 | t: 2.074449 | r:  -505.000000 | e:   1.000000 | Q:        nan | won: False 
#   55 | steps:  2441 | steps_t:     0 | t: 2.135324 | r:  -482.000000 | e:   1.000000 | Q:        nan | won: False 
#   56 | steps:  2451 | steps_t:     0 | t: 2.148288 | r:  -509.000000 | e:   1.000000 | Q:        nan | won: False 
#   57 | steps:  2505 | steps_t:     0 | t: 2.185192 | r:  -531.000000 | e:   1.000000 | Q:        nan | won: False 
#   58 | steps:  2555 | steps_t:     0 | t: 2.220102 | r:  -414.000000 | e:   1.000000 | Q:        nan | won: False 
#   59 | steps:  2576 | steps_t:     0 | t: 2.240015 | r:  -447.000000 | e:   1.000000 | Q:        nan | won: False 
#   60 | steps:  2604 | steps_t:     0 | t: 2.261948 | r:  -454.000000 | e:   1.000000 | Q:        nan | won: False 
#   61 | steps:  2613 | steps_t:     0 | t: 2.274948 | r:  -508.000000 | e:   1.000000 | Q:        nan | won: False 
#   62 | steps:  2678 | steps_t:     0 | t: 2.391636 | r:  -469.000000 | e:   1.000000 | Q:        nan | won: False 
#   63 | steps:  2787 | steps_t:     0 | t: 2.469428 | r:  -535.000000 | e:   1.000000 | Q:        nan | won: False 
#   64 | steps:  2876 | steps_t:     0 | t: 2.537212 | r:  -566.000000 | e:   1.000000 | Q:        nan | won: False 
#   65 | steps:  2904 | steps_t:     0 | t: 2.561180 | r:  -461.000000 | e:   1.000000 | Q:        nan | won: False 
#   66 | steps:  2977 | steps_t:     0 | t: 2.641930 | r:  -539.000000 | e:   1.000000 | Q:        nan | won: False 
#   67 | steps:  3036 | steps_t:     0 | t: 2.701770 | r:  -485.000000 | e:   1.000000 | Q:        nan | won: False 
#   68 | steps:  3049 | steps_t:     0 | t: 2.715732 | r:  -501.000000 | e:   1.000000 | Q:        nan | won: False 
#   69 | steps:  3093 | steps_t:     0 | t: 2.751637 | r:  -448.000000 | e:   1.000000 | Q:        nan | won: False 
#   70 | steps:  3107 | steps_t:     0 | t: 2.766595 | r:  -513.000000 | e:   1.000000 | Q:        nan | won: False 
#   71 | steps:  3148 | steps_t:     0 | t: 2.797552 | r:  -445.000000 | e:   1.000000 | Q:        nan | won: False 
#   72 | steps:  3200 | steps_t:     0 | t: 2.834457 | r:  -529.000000 | e:   1.000000 | Q:        nan | won: False 
#   73 | steps:  3228 | steps_t:     0 | t: 2.856358 | r:  -516.000000 | e:   1.000000 | Q:        nan | won: False 
#   74 | steps:  3254 | steps_t:     0 | t: 2.878299 | r:  -441.000000 | e:   1.000000 | Q:        nan | won: False 
#   75 | steps:  3265 | steps_t:     0 | t: 2.890265 | r:  -499.000000 | e:   1.000000 | Q:        nan | won: False 
#   76 | steps:  3322 | steps_t:     0 | t: 2.936181 | r:  -461.000000 | e:   1.000000 | Q:        nan | won: False 
#   77 | steps:  3383 | steps_t:     0 | t: 2.997981 | r:  -443.000000 | e:   1.000000 | Q:        nan | won: False 
#   78 | steps:  3397 | steps_t:     0 | t: 3.018960 | r:  -502.000000 | e:   1.000000 | Q:        nan | won: False 
#   79 | steps:  3510 | steps_t:     0 | t: 3.176501 | r:   116.000000 | e:   1.000000 | Q:        nan | won: True 
#   80 | steps:  3537 | steps_t:     0 | t: 3.213406 | r:  -453.000000 | e:   1.000000 | Q:        nan | won: False 
#   81 | steps:  3586 | steps_t:     0 | t: 3.269253 | r:  -515.000000 | e:   1.000000 | Q:        nan | won: False 
#   82 | steps:  3659 | steps_t:     0 | t: 3.338068 | r:  -444.000000 | e:   1.000000 | Q:        nan | won: False 
#   83 | steps:  3673 | steps_t:     0 | t: 3.353028 | r:  -502.000000 | e:   1.000000 | Q:        nan | won: False 
#   84 | steps:  3687 | steps_t:     0 | t: 3.368987 | r:  -502.000000 | e:   1.000000 | Q:        nan | won: False 
#   85 | steps:  3697 | steps_t:     0 | t: 3.392921 | r:  -498.000000 | e:   1.000000 | Q:        nan | won: False 
#   86 | steps:  3747 | steps_t:     0 | t: 3.464729 | r:  -487.000000 | e:   1.000000 | Q:        nan | won: False 
#   87 | steps:  3793 | steps_t:     0 | t: 3.507615 | r:  -450.000000 | e:   1.000000 | Q:        nan | won: False 
#   88 | steps:  3855 | steps_t:     0 | t: 3.563464 | r:  -477.000000 | e:   1.000000 | Q:        nan | won: False 
#   89 | steps:  3880 | steps_t:     0 | t: 3.593385 | r:  -513.000000 | e:   1.000000 | Q:        nan | won: False 
#   90 | steps:  3920 | steps_t:     0 | t: 3.647241 | r:  -466.000000 | e:   1.000000 | Q:        nan | won: False 
#   91 | steps:  4001 | steps_t:     0 | t: 3.757945 | r:  -496.000000 | e:   1.000000 | Q:        nan | won: False 
#   92 | steps:  4010 | steps_t:     0 | t: 3.772904 | r:  -508.000000 | e:   1.000000 | Q:        nan | won: False 
#   93 | steps:  4030 | steps_t:     0 | t: 3.802826 | r:  -508.000000 | e:   1.000000 | Q:        nan | won: False 
#   94 | steps:  4043 | steps_t:     0 | t: 3.819780 | r:  -512.000000 | e:   1.000000 | Q:        nan | won: False 
#   95 | steps:  4061 | steps_t:     0 | t: 3.839726 | r:  -517.000000 | e:   1.000000 | Q:        nan | won: False 
#   96 | steps:  4082 | steps_t:     0 | t: 3.867651 | r:  -509.000000 | e:   1.000000 | Q:        nan | won: False 
#   97 | steps:  4109 | steps_t:     0 | t: 3.903574 | r:  -453.000000 | e:   1.000000 | Q:        nan | won: False 
#   98 | steps:  4127 | steps_t:     0 | t: 3.925496 | r:  -506.000000 | e:   1.000000 | Q:        nan | won: False 
#   99 | steps:  4196 | steps_t:     0 | t: 3.987331 | r:  -495.000000 | e:   1.000000 | Q:        nan | won: False 
#  100 | steps:  4257 | steps_t:     0 | t: 4.036200 | r:  -476.000000 | e:   1.000000 | Q:        nan | won: False 
#  101 | steps:  4323 | steps_t:     0 | t: 4.081080 | r:  -543.000000 | e:   1.000000 | Q:        nan | won: False 
#  102 | steps:  4361 | steps_t:     0 | t: 4.114032 | r:  -464.000000 | e:   1.000000 | Q:        nan | won: False 
#  103 | steps:  4384 | steps_t:     0 | t: 4.133974 | r:  -460.000000 | e:   1.000000 | Q:        nan | won: False 
#  104 | steps:  4409 | steps_t:     0 | t: 4.156909 | r:  -440.000000 | e:   1.000000 | Q:        nan | won: False 
#  105 | steps:  4418 | steps_t:     0 | t: 4.167885 | r:  -508.000000 | e:   1.000000 | Q:        nan | won: False 
#  106 | steps:  4450 | steps_t:     0 | t: 4.201760 | r:  -465.000000 | e:   1.000000 | Q:        nan | won: False 
#  107 | steps:  4495 | steps_t:     0 | t: 4.250625 | r:  -482.000000 | e:   1.000000 | Q:        nan | won: False 
#  108 | steps:  4545 | steps_t:     0 | t: 4.286531 | r:  -476.000000 | e:   1.000000 | Q:        nan | won: False 
#  109 | steps:  4556 | steps_t:     0 | t: 4.300493 | r:  -510.000000 | e:   1.000000 | Q:        nan | won: False 
#  110 | steps:  4572 | steps_t:     0 | t: 4.316451 | r:  -515.000000 | e:   1.000000 | Q:        nan | won: False 
#  111 | steps:  4595 | steps_t:     0 | t: 4.338391 | r:  -449.000000 | e:   1.000000 | Q:        nan | won: False 
#  112 | steps:  4655 | steps_t:     0 | t: 4.386266 | r:  -475.000000 | e:   1.000000 | Q:        nan | won: False 
#  113 | steps:  4708 | steps_t:     0 | t: 4.425198 | r:  -468.000000 | e:   1.000000 | Q:        nan | won: False 
#  114 | steps:  4724 | steps_t:     0 | t: 4.440120 | r:  -504.000000 | e:   1.000000 | Q:        nan | won: False 
#  115 | steps:  4810 | steps_t:     0 | t: 4.498999 | r:  -479.000000 | e:   1.000000 | Q:        nan | won: False 
#  116 | steps:  4878 | steps_t:     0 | t: 4.549826 | r:  -461.000000 | e:   1.000000 | Q:        nan | won: False 
#  117 | steps:  4898 | steps_t:     0 | t: 4.567776 | r:  -486.000000 | e:   1.000000 | Q:        nan | won: False 
#  118 | steps:  4936 | steps_t:     0 | t: 4.602689 | r:  -464.000000 | e:   1.000000 | Q:        nan | won: False 
#  119 | steps:  4954 | steps_t:     0 | t: 4.619672 | r:  -517.000000 | e:   1.000000 | Q:        nan | won: False 
#  120 | steps:  4994 | steps_t:     0 | t: 4.650558 | r:  -473.000000 | e:   1.000000 | Q:        nan | won: False 
#  121 | steps:  5006 | steps_t:     5 | t: 4.956737 | r:  -500.000000 | e:   0.999500 | Q:        nan | won: False 
#  122 | steps:  5063 | steps_t:    61 | t: 5.375616 | r:  -450.000000 | e:   0.993900 | Q:        nan | won: False 
#  123 | steps:  5117 | steps_t:   114 | t: 5.827408 | r:  -447.000000 | e:   0.988600 | Q:        nan | won: False 
#  124 | steps:  5165 | steps_t:   161 | t: 6.286179 | r:  -503.000000 | e:   0.983900 | Q:        nan | won: False 
#  125 | steps:  5187 | steps_t:   182 | t: 6.498611 | r:  -510.000000 | e:   0.981800 | Q:        nan | won: False 
