#    1 | steps:    92 | steps_t:     0 | t: 0.097745 | r:  -485.000000 | e:   1.000000 | Q:        nan | won: False 
#    2 | steps:   153 | steps_t:     0 | t: 0.151593 | r:  -487.000000 | e:   1.000000 | Q:        nan | won: False 
#    3 | steps:   260 | steps_t:     0 | t: 0.324134 | r:  -478.000000 | e:   1.000000 | Q:        nan | won: False 
#    4 | steps:   268 | steps_t:     0 | t: 0.336102 | r:  -507.000000 | e:   1.000000 | Q:        nan | won: False 
#    5 | steps:   298 | steps_t:     0 | t: 0.373000 | r:  -507.000000 | e:   1.000000 | Q:        nan | won: False 
#    6 | steps:   357 | steps_t:     0 | t: 0.432842 | r:  -503.000000 | e:   1.000000 | Q:        nan | won: False 
#    7 | steps:   378 | steps_t:     0 | t: 0.465754 | r:  -458.000000 | e:   1.000000 | Q:        nan | won: False 
#    8 | steps:   433 | steps_t:     0 | t: 0.522601 | r:  -470.000000 | e:   1.000000 | Q:        nan | won: False 
#    9 | steps:   445 | steps_t:     0 | t: 0.543544 | r:  -511.000000 | e:   1.000000 | Q:        nan | won: False 
#   10 | steps:   498 | steps_t:     0 | t: 0.584435 | r:  -457.000000 | e:   1.000000 | Q:        nan | won: False 
#   11 | steps:   575 | steps_t:     0 | t: 0.677198 | r:  -543.000000 | e:   1.000000 | Q:        nan | won: False 
#   12 | steps:   676 | steps_t:     0 | t: 0.824791 | r:  -505.000000 | e:   1.000000 | Q:        nan | won: False 
#   13 | steps:   685 | steps_t:     0 | t: 0.838756 | r:  -497.000000 | e:   1.000000 | Q:        nan | won: False 
#   14 | steps:   697 | steps_t:     0 | t: 0.863687 | r:  -500.000000 | e:   1.000000 | Q:        nan | won: False 
#   15 | steps:   756 | steps_t:     0 | t: 0.914551 | r:  -525.000000 | e:   1.000000 | Q:        nan | won: False 
#   16 | steps:   802 | steps_t:     0 | t: 0.947465 | r:  -461.000000 | e:   1.000000 | Q:        nan | won: False 
#   17 | steps:   822 | steps_t:     0 | t: 0.964419 | r:  -508.000000 | e:   1.000000 | Q:        nan | won: False 
#   18 | steps:   869 | steps_t:     0 | t: 0.997371 | r:  -440.000000 | e:   1.000000 | Q:        nan | won: False 
#   19 | steps:   918 | steps_t:     0 | t: 1.033236 | r:  -526.000000 | e:   1.000000 | Q:        nan | won: False 
#   20 | steps:  1054 | steps_t:     0 | t: 1.126022 | r:  -507.000000 | e:   1.000000 | Q:        nan | won: False 
#   21 | steps:  1072 | steps_t:     0 | t: 1.142941 | r:  -444.000000 | e:   1.000000 | Q:        nan | won: False 
#   22 | steps:  1081 | steps_t:     0 | t: 1.153948 | r:  -486.000000 | e:   1.000000 | Q:        nan | won: False 
#   23 | steps:  1153 | steps_t:     0 | t: 1.203819 | r:  -549.000000 | e:   1.000000 | Q:        nan | won: False 
#   24 | steps:  1205 | steps_t:     0 | t: 1.273592 | r:  -529.000000 | e:   1.000000 | Q:        nan | won: False 
#   25 | steps:  1231 | steps_t:     0 | t: 1.304508 | r:  -514.000000 | e:   1.000000 | Q:        nan | won: False 
#   26 | steps:  1270 | steps_t:     0 | t: 1.367343 | r:  -465.000000 | e:   1.000000 | Q:        nan | won: False 
#   27 | steps:  1324 | steps_t:     0 | t: 1.412256 | r:  -458.000000 | e:   1.000000 | Q:        nan | won: False 
#   28 | steps:  1366 | steps_t:     0 | t: 1.442180 | r:  -457.000000 | e:   1.000000 | Q:        nan | won: False 
#   29 | steps:  1374 | steps_t:     0 | t: 1.454147 | r:  -507.000000 | e:   1.000000 | Q:        nan | won: False 
#   30 | steps:  1427 | steps_t:     0 | t: 1.493040 | r:  -468.000000 | e:   1.000000 | Q:        nan | won: False 
#   31 | steps:  1446 | steps_t:     0 | t: 1.511954 | r:  -507.000000 | e:   1.000000 | Q:        nan | won: False 
#   32 | steps:  1508 | steps_t:     0 | t: 1.558831 | r:  -477.000000 | e:   1.000000 | Q:        nan | won: False 
#   33 | steps:  1590 | steps_t:     0 | t: 1.634625 | r:  -526.000000 | e:   1.000000 | Q:        nan | won: False 
#   34 | steps:  1607 | steps_t:     0 | t: 1.652577 | r:  -483.000000 | e:   1.000000 | Q:        nan | won: False 
#   35 | steps:  1671 | steps_t:     0 | t: 1.697457 | r:  -490.000000 | e:   1.000000 | Q:        nan | won: False 
#   36 | steps:  1714 | steps_t:     0 | t: 1.731376 | r:  -447.000000 | e:   1.000000 | Q:        nan | won: False 
#   37 | steps:  1789 | steps_t:     0 | t: 1.786221 | r:  -508.000000 | e:   1.000000 | Q:        nan | won: False 
#   38 | steps:  1826 | steps_t:     0 | t: 1.839079 | r:  -441.000000 | e:   1.000000 | Q:        nan | won: False 
#   39 | steps:  1849 | steps_t:     0 | t: 1.868997 | r:  -478.000000 | e:   1.000000 | Q:        nan | won: False 
#   40 | steps:  1871 | steps_t:     0 | t: 1.900912 | r:  -510.000000 | e:   1.000000 | Q:        nan | won: False 
#   41 | steps:  1900 | steps_t:     0 | t: 1.933832 | r:  -455.000000 | e:   1.000000 | Q:        nan | won: False 
#   42 | steps:  1945 | steps_t:     0 | t: 1.974714 | r:  -522.000000 | e:   1.000000 | Q:        nan | won: False 
#   43 | steps:  1999 | steps_t:     0 | t: 2.013610 | r:  -458.000000 | e:   1.000000 | Q:        nan | won: False 
#   44 | steps:  2049 | steps_t:     0 | t: 2.050512 | r:  -538.000000 | e:   1.000000 | Q:        nan | won: False 
#   45 | steps:  2107 | steps_t:     0 | t: 2.117334 | r:  -473.000000 | e:   1.000000 | Q:        nan | won: False 
#   46 | steps:  2153 | steps_t:     0 | t: 2.170210 | r:  -450.000000 | e:   1.000000 | Q:        nan | won: False 
#   47 | steps:  2201 | steps_t:     0 | t: 2.225082 | r:  -474.000000 | e:   1.000000 | Q:        nan | won: False 
#   48 | steps:  2239 | steps_t:     0 | t: 2.255002 | r:  -464.000000 | e:   1.000000 | Q:        nan | won: False 
#   49 | steps:  2255 | steps_t:     0 | t: 2.270924 | r:  -515.000000 | e:   1.000000 | Q:        nan | won: False 
#   50 | steps:  2349 | steps_t:     0 | t: 2.332793 | r:  -476.000000 | e:   1.000000 | Q:        nan | won: False 
#   51 | steps:  2389 | steps_t:     0 | t: 2.361681 | r:  -393.000000 | e:   1.000000 | Q:        nan | won: False 
#   52 | steps:  2493 | steps_t:     0 | t: 2.479366 | r:  -497.000000 | e:   1.000000 | Q:        nan | won: False 
#   53 | steps:  2555 | steps_t:     0 | t: 2.545190 | r:  -539.000000 | e:   1.000000 | Q:        nan | won: False 
#   54 | steps:  2618 | steps_t:     0 | t: 2.588075 | r:  -445.000000 | e:   1.000000 | Q:        nan | won: False 
#   55 | steps:  2626 | steps_t:     0 | t: 2.599044 | r:  -496.000000 | e:   1.000000 | Q:        nan | won: False 
#   56 | steps:  2697 | steps_t:     0 | t: 2.732689 | r:  -486.000000 | e:   1.000000 | Q:        nan | won: False 
#   57 | steps:  2720 | steps_t:     0 | t: 2.755626 | r:  -438.000000 | e:   1.000000 | Q:        nan | won: False 
#   58 | steps:  2729 | steps_t:     0 | t: 2.766598 | r:  -508.000000 | e:   1.000000 | Q:        nan | won: False 
#   59 | steps:  2832 | steps_t:     0 | t: 2.881292 | r:  -580.000000 | e:   1.000000 | Q:        nan | won: False 
#   60 | steps:  2865 | steps_t:     0 | t: 2.936144 | r:  -532.000000 | e:   1.000000 | Q:        nan | won: False 
#   61 | steps:  2876 | steps_t:     0 | t: 2.951102 | r:  -510.000000 | e:   1.000000 | Q:        nan | won: False 
#   62 | steps:  2892 | steps_t:     0 | t: 2.965066 | r:  -504.000000 | e:   1.000000 | Q:        nan | won: False 
#   63 | steps:  2934 | steps_t:     0 | t: 2.997977 | r:  -457.000000 | e:   1.000000 | Q:        nan | won: False 
#   64 | steps:  3038 | steps_t:     0 | t: 3.065834 | r:  -530.000000 | e:   1.000000 | Q:        nan | won: False 
#   65 | steps:  3053 | steps_t:     0 | t: 3.079795 | r:  -419.000000 | e:   1.000000 | Q:        nan | won: False 
#   66 | steps:  3095 | steps_t:     0 | t: 3.108724 | r:  -468.000000 | e:   1.000000 | Q:        nan | won: False 
#   67 | steps:  3113 | steps_t:     0 | t: 3.125635 | r:  -506.000000 | e:   1.000000 | Q:        nan | won: False 
#   68 | steps:  3122 | steps_t:     0 | t: 3.136608 | r:  -508.000000 | e:   1.000000 | Q:        nan | won: False 
#   69 | steps:  3156 | steps_t:     0 | t: 3.165530 | r:  -438.000000 | e:   1.000000 | Q:        nan | won: False 
#   70 | steps:  3166 | steps_t:     0 | t: 3.180490 | r:  -509.000000 | e:   1.000000 | Q:        nan | won: False 
#   71 | steps:  3270 | steps_t:     0 | t: 3.259314 | r:  -581.000000 | e:   1.000000 | Q:        nan | won: False 
#   72 | steps:  3282 | steps_t:     0 | t: 3.289198 | r:  -500.000000 | e:   1.000000 | Q:        nan | won: False 
#   73 | steps:  3308 | steps_t:     0 | t: 3.324108 | r:  -514.000000 | e:   1.000000 | Q:        nan | won: False 
#   74 | steps:  3329 | steps_t:     0 | t: 3.343055 | r:  -447.000000 | e:   1.000000 | Q:        nan | won: False 
#   75 | steps:  3386 | steps_t:     0 | t: 3.392919 | r:  -461.000000 | e:   1.000000 | Q:        nan | won: False 
#   76 | steps:  3448 | steps_t:     0 | t: 3.445779 | r:  -517.000000 | e:   1.000000 | Q:        nan | won: False 
#   77 | steps:  3526 | steps_t:     0 | t: 3.525566 | r:  -511.000000 | e:   1.000000 | Q:        nan | won: False 
#   78 | steps:  3535 | steps_t:     0 | t: 3.536536 | r:  -497.000000 | e:   1.000000 | Q:        nan | won: False 
#   79 | steps:  3550 | steps_t:     0 | t: 3.551497 | r:  -503.000000 | e:   1.000000 | Q:        nan | won: False 
#   80 | steps:  3567 | steps_t:     0 | t: 3.566458 | r:  -494.000000 | e:   1.000000 | Q:        nan | won: False 
#   81 | steps:  3668 | steps_t:     0 | t: 3.638264 | r:  -556.000000 | e:   1.000000 | Q:        nan | won: False 
#   82 | steps:  3682 | steps_t:     0 | t: 3.654223 | r:  -451.000000 | e:   1.000000 | Q:        nan | won: False 
#   83 | steps:  3700 | steps_t:     0 | t: 3.671207 | r:  -506.000000 | e:   1.000000 | Q:        nan | won: False 
#   84 | steps:  3715 | steps_t:     0 | t: 3.689166 | r:  -452.000000 | e:   1.000000 | Q:        nan | won: False 
#   85 | steps:  3745 | steps_t:     0 | t: 3.713066 | r:  -423.000000 | e:   1.000000 | Q:        nan | won: False 
#   86 | steps:  3778 | steps_t:     0 | t: 3.737999 | r:  -426.000000 | e:   1.000000 | Q:        nan | won: False 
#   87 | steps:  3817 | steps_t:     0 | t: 3.777891 | r:  -483.000000 | e:   1.000000 | Q:        nan | won: False 
#   88 | steps:  3864 | steps_t:     0 | t: 3.824765 | r:  -440.000000 | e:   1.000000 | Q:        nan | won: False 
#   89 | steps:  3877 | steps_t:     0 | t: 3.845709 | r:  -501.000000 | e:   1.000000 | Q:        nan | won: False 
#   90 | steps:  3945 | steps_t:     0 | t: 3.895616 | r:  -439.000000 | e:   1.000000 | Q:        nan | won: False 
#   91 | steps:  4060 | steps_t:     0 | t: 3.992355 | r:    63.000000 | e:   1.000000 | Q:        nan | won: True 
#   92 | steps:  4173 | steps_t:     0 | t: 4.073136 | r:  -495.000000 | e:   1.000000 | Q:        nan | won: False 
#   93 | steps:  4284 | steps_t:     0 | t: 4.145944 | r:  -493.000000 | e:   1.000000 | Q:        nan | won: False 
#   94 | steps:  4315 | steps_t:     0 | t: 4.170841 | r:  -457.000000 | e:   1.000000 | Q:        nan | won: False 
#   95 | steps:  4326 | steps_t:     0 | t: 4.184804 | r:  -499.000000 | e:   1.000000 | Q:        nan | won: False 
#   96 | steps:  4368 | steps_t:     0 | t: 4.216746 | r:  -468.000000 | e:   1.000000 | Q:        nan | won: False 
#   97 | steps:  4385 | steps_t:     0 | t: 4.232675 | r:  -505.000000 | e:   1.000000 | Q:        nan | won: False 
#   98 | steps:  4402 | steps_t:     0 | t: 4.248632 | r:  -505.000000 | e:   1.000000 | Q:        nan | won: False 
#   99 | steps:  4444 | steps_t:     0 | t: 4.281544 | r:  -435.000000 | e:   1.000000 | Q:        nan | won: False 
#  100 | steps:  4452 | steps_t:     0 | t: 4.291516 | r:  -507.000000 | e:   1.000000 | Q:        nan | won: False 
#  101 | steps:  4468 | steps_t:     0 | t: 4.309469 | r:  -504.000000 | e:   1.000000 | Q:        nan | won: False 
#  102 | steps:  4482 | steps_t:     0 | t: 4.324464 | r:  -502.000000 | e:   1.000000 | Q:        nan | won: False 
#  103 | steps:  4499 | steps_t:     0 | t: 4.342382 | r:  -494.000000 | e:   1.000000 | Q:        nan | won: False 
#  104 | steps:  4514 | steps_t:     0 | t: 4.361334 | r:  -492.000000 | e:   1.000000 | Q:        nan | won: False 
#  105 | steps:  4535 | steps_t:     0 | t: 4.380278 | r:  -498.000000 | e:   1.000000 | Q:        nan | won: False 
#  106 | steps:  4544 | steps_t:     0 | t: 4.392283 | r:  -508.000000 | e:   1.000000 | Q:        nan | won: False 
#  107 | steps:  4565 | steps_t:     0 | t: 4.411240 | r:  -498.000000 | e:   1.000000 | Q:        nan | won: False 
#  108 | steps:  4646 | steps_t:     0 | t: 4.466080 | r:  -536.000000 | e:   1.000000 | Q:        nan | won: False 
#  109 | steps:  4663 | steps_t:     0 | t: 4.483004 | r:  -472.000000 | e:   1.000000 | Q:        nan | won: False 
#  110 | steps:  4716 | steps_t:     0 | t: 4.524928 | r:  -417.000000 | e:   1.000000 | Q:        nan | won: False 
#  111 | steps:  4801 | steps_t:     0 | t: 4.589757 | r:  -500.000000 | e:   1.000000 | Q:        nan | won: False 
#  112 | steps:  4854 | steps_t:     0 | t: 4.629649 | r:  -508.000000 | e:   1.000000 | Q:        nan | won: False 
#  113 | steps:  4877 | steps_t:     0 | t: 4.650592 | r:  -511.000000 | e:   1.000000 | Q:        nan | won: False 
#  114 | steps:  4894 | steps_t:     0 | t: 4.666549 | r:  -505.000000 | e:   1.000000 | Q:        nan | won: False 
#  115 | steps:  4932 | steps_t:     0 | t: 4.698464 | r:  -475.000000 | e:   1.000000 | Q:        nan | won: False 
#  116 | steps:  4945 | steps_t:     0 | t: 4.712432 | r:  -512.000000 | e:   1.000000 | Q:        nan | won: False 
#  117 | steps:  4954 | steps_t:     0 | t: 4.724396 | r:  -497.000000 | e:   1.000000 | Q:        nan | won: False 
#  118 | steps:  5012 | steps_t:    11 | t: 5.099354 | r:  -484.000000 | e:   0.998900 | Q:        nan | won: False 
#  119 | steps:  5034 | steps_t:    32 | t: 5.254938 | r:  -459.000000 | e:   0.996800 | Q:        nan | won: False 
#  120 | steps:  5067 | steps_t:    64 | t: 5.550149 | r:  -532.000000 | e:   0.993600 | Q:        nan | won: False 
#  121 | steps:  5126 | steps_t:   122 | t: 5.997951 | r:  -485.000000 | e:   0.987800 | Q:  -6.008888 | won: False 
#  122 | steps:  5135 | steps_t:   130 | t: 6.076739 | r:  -508.000000 | e:   0.987000 | Q:        nan | won: False 
#  123 | steps:  5177 | steps_t:   171 | t: 6.403863 | r:  -468.000000 | e:   0.982900 | Q: -11.061887 | won: False 
#  124 | steps:  5209 | steps_t:   202 | t: 6.640231 | r:  -436.000000 | e:   0.979800 | Q:        nan | won: False 
#  125 | steps:  5230 | steps_t:   222 | t: 6.789831 | r:  -447.000000 | e:   0.977800 | Q:        nan | won: False 
#  126 | steps:  5287 | steps_t:   278 | t: 7.223671 | r:  -483.000000 | e:   0.972200 | Q: -54.182243 | won: False 
#  127 | steps:  5296 | steps_t:   286 | t: 7.301466 | r:  -497.000000 | e:   0.971400 | Q: -55.888027 | won: False 
#  128 | steps:  5369 | steps_t:   358 | t: 7.835034 | r:  -550.000000 | e:   0.964200 | Q: -55.727982 | won: False 
#  129 | steps:  5401 | steps_t:   389 | t: 8.058445 | r:  -436.000000 | e:   0.961100 | Q: -73.616539 | won: False 
#  130 | steps:  5481 | steps_t:   468 | t: 8.697727 | r:  -546.000000 | e:   0.953200 | Q: -77.610550 | won: False 
#  131 | steps:  5524 | steps_t:   510 | t: 9.019865 | r:  -531.000000 | e:   0.949000 | Q: -102.195267 | won: False 
#  132 | steps:  5579 | steps_t:   564 | t: 9.568398 | r:  -510.000000 | e:   0.943600 | Q: -98.222679 | won: False 
#  133 | steps:  5604 | steps_t:   588 | t: 9.851641 | r:  -458.000000 | e:   0.941200 | Q: -80.049423 | won: False 
#  134 | steps:  5675 | steps_t:   658 | t: 10.402174 | r:  -493.000000 | e:   0.934200 | Q: -72.717323 | won: False 
#  135 | steps:  5690 | steps_t:   672 | t: 10.585675 | r:  -492.000000 | e:   0.932800 | Q:        nan | won: False 
#  136 | steps:  5732 | steps_t:   713 | t: 10.929754 | r:  -424.000000 | e:   0.928700 | Q: -89.483315 | won: False 
#  137 | steps:  5758 | steps_t:   738 | t: 11.145179 | r:  -452.000000 | e:   0.926200 | Q: -95.512489 | won: False 
#  138 | steps:  5784 | steps_t:   763 | t: 11.380565 | r:  -514.000000 | e:   0.923700 | Q: -110.599419 | won: False 
#  139 | steps:  5835 | steps_t:   813 | t: 11.877220 | r:  -477.000000 | e:   0.918700 | Q: -114.882248 | won: False 
#  140 | steps:  5891 | steps_t:   868 | t: 12.394835 | r:  -482.000000 | e:   0.913200 | Q: -112.111389 | won: False 
#  141 | steps:  5904 | steps_t:   880 | t: 12.490582 | r:  -501.000000 | e:   0.912000 | Q:        nan | won: False 
#  142 | steps:  5928 | steps_t:   903 | t: 12.761861 | r:  -428.000000 | e:   0.909700 | Q:        nan | won: False 
#  143 | steps:  5942 | steps_t:   916 | t: 12.927409 | r:  -513.000000 | e:   0.908400 | Q: -135.668488 | won: False 
#  144 | steps:  5958 | steps_t:   931 | t: 13.057063 | r:  -504.000000 | e:   0.906900 | Q: -127.869759 | won: False 
#  145 | steps:  6020 | steps_t:   992 | t: 13.534784 | r:  -488.000000 | e:   0.900800 | Q: -118.034935 | won: False 
#  146 | steps:  6032 | steps_t:  1003 | t: 13.646509 | r:  -489.000000 | e:   0.899700 | Q:        nan | won: False 
#  147 | steps:  6083 | steps_t:  1053 | t: 14.129194 | r:  -444.000000 | e:   0.894700 | Q: -107.727402 | won: False 
#  148 | steps:  6110 | steps_t:  1079 | t: 14.338634 | r:  -493.000000 | e:   0.892100 | Q: -124.929771 | won: False 
#  149 | steps:  6208 | steps_t:  1176 | t: 15.147470 | r:  -491.000000 | e:   0.882400 | Q: -107.616417 | won: False 
#  150 | steps:  6292 | steps_t:  1259 | t: 15.786766 | r:  -510.000000 | e:   0.874100 | Q: -102.222282 | won: False 
#  151 | steps:  6346 | steps_t:  1312 | t: 16.235559 | r:  -480.000000 | e:   0.868800 | Q: -97.750320 | won: False 
#  152 | steps:  6436 | steps_t:  1401 | t: 16.900781 | r:  -472.000000 | e:   0.859900 | Q: -108.724434 | won: False 
#  153 | steps:  6531 | steps_t:  1495 | t: 17.722579 | r:  -561.000000 | e:   0.850500 | Q: -111.118462 | won: False 
#  154 | steps:  6554 | steps_t:  1517 | t: 17.904094 | r:  -500.000000 | e:   0.848300 | Q: -134.263977 | won: False 
#  155 | steps:  6569 | steps_t:  1531 | t: 18.016798 | r:  -514.000000 | e:   0.846900 | Q: -133.480621 | won: False 
#  156 | steps:  6644 | steps_t:  1605 | t: 18.721907 | r:  -501.000000 | e:   0.839500 | Q: -88.638222 | won: False 
#  157 | steps:  6693 | steps_t:  1653 | t: 19.110866 | r:  -486.000000 | e:   0.834700 | Q: -88.759453 | won: False 
#  158 | steps:  6714 | steps_t:  1673 | t: 19.293378 | r:  -509.000000 | e:   0.832700 | Q: -117.178268 | won: False 
#  159 | steps:  6776 | steps_t:  1734 | t: 19.810993 | r:  -539.000000 | e:   0.826600 | Q: -92.396439 | won: False 
#  160 | steps:  6847 | steps_t:  1804 | t: 20.370495 | r:  -497.000000 | e:   0.819600 | Q: -85.718643 | won: False 
#  161 | steps:  6923 | steps_t:  1879 | t: 21.061645 | r:  -502.000000 | e:   0.812100 | Q: -89.964752 | won: False 
#  162 | steps:  6998 | steps_t:  1953 | t: 21.908381 | r:  -512.000000 | e:   0.804700 | Q: -101.669502 | won: False 
#  163 | steps:  7066 | steps_t:  2020 | t: 23.259766 | r:  -523.000000 | e:   0.798000 | Q: -98.787392 | won: False 
