#    1 | steps:   115 | steps_t:     0 | t: 0.090755 | r:  -548.000000 | e:   1.000000 | Q:        nan | won: False 
#    2 | steps:   185 | steps_t:     0 | t: 0.138661 | r:  -536.000000 | e:   1.000000 | Q:        nan | won: False 
#    3 | steps:   222 | steps_t:     0 | t: 0.169575 | r:  -474.000000 | e:   1.000000 | Q:        nan | won: False 
#    4 | steps:   235 | steps_t:     0 | t: 0.183541 | r:  -512.000000 | e:   1.000000 | Q:        nan | won: False 
#    5 | steps:   283 | steps_t:     0 | t: 0.218410 | r:  -474.000000 | e:   1.000000 | Q:        nan | won: False 
#    6 | steps:   304 | steps_t:     0 | t: 0.236362 | r:  -447.000000 | e:   1.000000 | Q:        nan | won: False 
#    7 | steps:   322 | steps_t:     0 | t: 0.251322 | r:  -517.000000 | e:   1.000000 | Q:        nan | won: False 
#    8 | steps:   364 | steps_t:     0 | t: 0.284235 | r:  -468.000000 | e:   1.000000 | Q:        nan | won: False 
#    9 | steps:   524 | steps_t:     0 | t: 0.401922 | r:  -531.000000 | e:   1.000000 | Q:        nan | won: False 
#   10 | steps:   532 | steps_t:     0 | t: 0.413925 | r:  -507.000000 | e:   1.000000 | Q:        nan | won: False 
#   11 | steps:   559 | steps_t:     0 | t: 0.435828 | r:  -471.000000 | e:   1.000000 | Q:        nan | won: False 
#   12 | steps:   568 | steps_t:     0 | t: 0.453782 | r:  -395.000000 | e:   1.000000 | Q:        nan | won: False 
#   13 | steps:   612 | steps_t:     0 | t: 0.494675 | r:  -481.000000 | e:   1.000000 | Q:        nan | won: False 
#   14 | steps:   656 | steps_t:     0 | t: 0.534604 | r:  -488.000000 | e:   1.000000 | Q:        nan | won: False 
#   15 | steps:   666 | steps_t:     0 | t: 0.546535 | r:  -509.000000 | e:   1.000000 | Q:        nan | won: False 
#   16 | steps:   684 | steps_t:     0 | t: 0.562528 | r:  -506.000000 | e:   1.000000 | Q:        nan | won: False 
#   17 | steps:   692 | steps_t:     0 | t: 0.572463 | r:  -496.000000 | e:   1.000000 | Q:        nan | won: False 
#   18 | steps:   702 | steps_t:     0 | t: 0.583434 | r:  -498.000000 | e:   1.000000 | Q:        nan | won: False 
#   19 | steps:   719 | steps_t:     0 | t: 0.598396 | r:  -505.000000 | e:   1.000000 | Q:        nan | won: False 
#   20 | steps:   770 | steps_t:     0 | t: 0.641321 | r:  -528.000000 | e:   1.000000 | Q:        nan | won: False 
#   21 | steps:   835 | steps_t:     0 | t: 0.696176 | r:  -480.000000 | e:   1.000000 | Q:        nan | won: False 
#   22 | steps:   870 | steps_t:     0 | t: 0.723062 | r:  -523.000000 | e:   1.000000 | Q:        nan | won: False 
#   23 | steps:   881 | steps_t:     0 | t: 0.739019 | r:  -510.000000 | e:   1.000000 | Q:        nan | won: False 
#   24 | steps:   930 | steps_t:     0 | t: 0.783902 | r:  -464.000000 | e:   1.000000 | Q:        nan | won: False 
#   25 | steps:   948 | steps_t:     0 | t: 0.800853 | r:  -517.000000 | e:   1.000000 | Q:        nan | won: False 
#   26 | steps:   970 | steps_t:     0 | t: 0.826783 | r:  -521.000000 | e:   1.000000 | Q:        nan | won: False 
#   27 | steps:  1075 | steps_t:     0 | t: 0.902613 | r:  -571.000000 | e:   1.000000 | Q:        nan | won: False 
#   28 | steps:  1128 | steps_t:     0 | t: 0.953444 | r:  -541.000000 | e:   1.000000 | Q:        nan | won: False 
#   29 | steps:  1174 | steps_t:     0 | t: 0.987353 | r:  -494.000000 | e:   1.000000 | Q:        nan | won: False 
#   30 | steps:  1246 | steps_t:     0 | t: 1.038217 | r:  -487.000000 | e:   1.000000 | Q:        nan | won: False 
#   31 | steps:  1291 | steps_t:     0 | t: 1.071131 | r:  -500.000000 | e:   1.000000 | Q:        nan | won: False 
#   32 | steps:  1352 | steps_t:     0 | t: 1.183865 | r:  -538.000000 | e:   1.000000 | Q:        nan | won: False 
#   33 | steps:  1367 | steps_t:     0 | t: 1.201816 | r:  -514.000000 | e:   1.000000 | Q:        nan | won: False 
#   34 | steps:  1426 | steps_t:     0 | t: 1.244664 | r:  -536.000000 | e:   1.000000 | Q:        nan | won: False 
#   35 | steps:  1449 | steps_t:     0 | t: 1.263658 | r:  -511.000000 | e:   1.000000 | Q:        nan | won: False 
#   36 | steps:  1494 | steps_t:     0 | t: 1.300563 | r:  -438.000000 | e:   1.000000 | Q:        nan | won: False 
#   37 | steps:  1537 | steps_t:     0 | t: 1.332472 | r:  -447.000000 | e:   1.000000 | Q:        nan | won: False 
#   38 | steps:  1566 | steps_t:     0 | t: 1.354371 | r:  -393.000000 | e:   1.000000 | Q:        nan | won: False 
#   39 | steps:  1614 | steps_t:     0 | t: 1.388321 | r:  -452.000000 | e:   1.000000 | Q:        nan | won: False 
#   40 | steps:  1629 | steps_t:     0 | t: 1.403240 | r:  -503.000000 | e:   1.000000 | Q:        nan | won: False 
#   41 | steps:  1708 | steps_t:     0 | t: 1.465075 | r:  -556.000000 | e:   1.000000 | Q:        nan | won: False 
#   42 | steps:  1790 | steps_t:     0 | t: 1.527910 | r:  -515.000000 | e:   1.000000 | Q:        nan | won: False 
#   43 | steps:  1828 | steps_t:     0 | t: 1.566803 | r:  -442.000000 | e:   1.000000 | Q:        nan | won: False 
#   44 | steps:  1856 | steps_t:     0 | t: 1.596724 | r:  -454.000000 | e:   1.000000 | Q:        nan | won: False 
#   45 | steps:  1897 | steps_t:     0 | t: 1.628638 | r:  -394.000000 | e:   1.000000 | Q:        nan | won: False 
#   46 | steps:  1945 | steps_t:     0 | t: 1.664543 | r:  -463.000000 | e:   1.000000 | Q:        nan | won: False 
#   47 | steps:  1958 | steps_t:     0 | t: 1.678536 | r:  -512.000000 | e:   1.000000 | Q:        nan | won: False 
#   48 | steps:  1981 | steps_t:     0 | t: 1.700485 | r:  -489.000000 | e:   1.000000 | Q:        nan | won: False 
#   49 | steps:  2015 | steps_t:     0 | t: 1.726412 | r:  -460.000000 | e:   1.000000 | Q:        nan | won: False 
#   50 | steps:  2103 | steps_t:     0 | t: 1.784264 | r:  -514.000000 | e:   1.000000 | Q:        nan | won: False 
#   51 | steps:  2141 | steps_t:     0 | t: 1.815176 | r:  -442.000000 | e:   1.000000 | Q:        nan | won: False 
#   52 | steps:  2169 | steps_t:     0 | t: 1.845060 | r:  -454.000000 | e:   1.000000 | Q:        nan | won: False 
#   53 | steps:  2199 | steps_t:     0 | t: 1.878973 | r:  -423.000000 | e:   1.000000 | Q:        nan | won: False 
#   54 | steps:  2266 | steps_t:     0 | t: 1.942798 | r:  -449.000000 | e:   1.000000 | Q:        nan | won: False 
#   55 | steps:  2311 | steps_t:     0 | t: 1.977704 | r:  -471.000000 | e:   1.000000 | Q:        nan | won: False 
#   56 | steps:  2334 | steps_t:     0 | t: 1.996653 | r:  -427.000000 | e:   1.000000 | Q:        nan | won: False 
#   57 | steps:  2358 | steps_t:     0 | t: 2.016601 | r:  -501.000000 | e:   1.000000 | Q:        nan | won: False 
#   58 | steps:  2401 | steps_t:     0 | t: 2.055528 | r:   135.000000 | e:   1.000000 | Q:        nan | won: True 
#   59 | steps:  2417 | steps_t:     0 | t: 2.073480 | r:  -504.000000 | e:   1.000000 | Q:        nan | won: False 
#   60 | steps:  2463 | steps_t:     0 | t: 2.112382 | r:  -450.000000 | e:   1.000000 | Q:        nan | won: False 
#   61 | steps:  2511 | steps_t:     0 | t: 2.148249 | r:  -463.000000 | e:   1.000000 | Q:        nan | won: False 
#   62 | steps:  2571 | steps_t:     0 | t: 2.189139 | r:  -537.000000 | e:   1.000000 | Q:        nan | won: False 
#   63 | steps:  2603 | steps_t:     0 | t: 2.215110 | r:  -458.000000 | e:   1.000000 | Q:        nan | won: False 
#   64 | steps:  2650 | steps_t:     0 | t: 2.254963 | r:  -473.000000 | e:   1.000000 | Q:        nan | won: False 
#   65 | steps:  2748 | steps_t:     0 | t: 2.420556 | r:  -575.000000 | e:   1.000000 | Q:        nan | won: False 
#   66 | steps:  2778 | steps_t:     0 | t: 2.449444 | r:  -518.000000 | e:   1.000000 | Q:        nan | won: False 
#   67 | steps:  2861 | steps_t:     0 | t: 2.524241 | r:  -538.000000 | e:   1.000000 | Q:        nan | won: False 
#   68 | steps:  2933 | steps_t:     0 | t: 2.586114 | r:  -465.000000 | e:   1.000000 | Q:        nan | won: False 
#   69 | steps:  2945 | steps_t:     0 | t: 2.599041 | r:  -489.000000 | e:   1.000000 | Q:        nan | won: False 
#   70 | steps:  3001 | steps_t:     0 | t: 2.678829 | r:  -511.000000 | e:   1.000000 | Q:        nan | won: False 
#   71 | steps:  3078 | steps_t:     0 | t: 2.752631 | r:  -492.000000 | e:   1.000000 | Q:        nan | won: False 
#   72 | steps:  3103 | steps_t:     0 | t: 2.777571 | r:  -462.000000 | e:   1.000000 | Q:        nan | won: False 
#   73 | steps:  3174 | steps_t:     0 | t: 2.840396 | r:  -508.000000 | e:   1.000000 | Q:        nan | won: False 
#   74 | steps:  3192 | steps_t:     0 | t: 2.858350 | r:  -466.000000 | e:   1.000000 | Q:        nan | won: False 
#   75 | steps:  3208 | steps_t:     0 | t: 2.879294 | r:  -504.000000 | e:   1.000000 | Q:        nan | won: False 
#   76 | steps:  3225 | steps_t:     0 | t: 2.898241 | r:  -505.000000 | e:   1.000000 | Q:        nan | won: False 
#   77 | steps:  3294 | steps_t:     0 | t: 2.973042 | r:  -473.000000 | e:   1.000000 | Q:        nan | won: False 
#   78 | steps:  3301 | steps_t:     0 | t: 2.985009 | r:  -506.000000 | e:   1.000000 | Q:        nan | won: False 
#   79 | steps:  3317 | steps_t:     0 | t: 3.008944 | r:  -504.000000 | e:   1.000000 | Q:        nan | won: False 
#   80 | steps:  3349 | steps_t:     0 | t: 3.050832 | r:  -458.000000 | e:   1.000000 | Q:        nan | won: False 
#   81 | steps:  3404 | steps_t:     0 | t: 3.090762 | r:  -492.000000 | e:   1.000000 | Q:        nan | won: False 
#   82 | steps:  3413 | steps_t:     0 | t: 3.102695 | r:  -497.000000 | e:   1.000000 | Q:        nan | won: False 
#   83 | steps:  3434 | steps_t:     0 | t: 3.120691 | r:  -509.000000 | e:   1.000000 | Q:        nan | won: False 
#   84 | steps:  3446 | steps_t:     0 | t: 3.132613 | r:  -500.000000 | e:   1.000000 | Q:        nan | won: False 
#   85 | steps:  3480 | steps_t:     0 | t: 3.158585 | r:  -478.000000 | e:   1.000000 | Q:        nan | won: False 
#   86 | steps:  3536 | steps_t:     0 | t: 3.201442 | r:  -482.000000 | e:   1.000000 | Q:        nan | won: False 
#   87 | steps:  3588 | steps_t:     0 | t: 3.250299 | r:  -529.000000 | e:   1.000000 | Q:        nan | won: False 
#   88 | steps:  3621 | steps_t:     0 | t: 3.282212 | r:  -426.000000 | e:   1.000000 | Q:        nan | won: False 
#   89 | steps:  3694 | steps_t:     0 | t: 3.334111 | r:  -477.000000 | e:   1.000000 | Q:        nan | won: False 
#   90 | steps:  3707 | steps_t:     0 | t: 3.348039 | r:  -501.000000 | e:   1.000000 | Q:        nan | won: False 
#   91 | steps:  3795 | steps_t:     0 | t: 3.445777 | r:  -565.000000 | e:   1.000000 | Q:        nan | won: False 
#   92 | steps:  3855 | steps_t:     0 | t: 3.502623 | r:  -486.000000 | e:   1.000000 | Q:        nan | won: False 
#   93 | steps:  3893 | steps_t:     0 | t: 3.542517 | r:  -464.000000 | e:   1.000000 | Q:        nan | won: False 
#   94 | steps:  3900 | steps_t:     0 | t: 3.553490 | r:  -506.000000 | e:   1.000000 | Q:        nan | won: False 
#   95 | steps:  3930 | steps_t:     0 | t: 3.577423 | r:  -456.000000 | e:   1.000000 | Q:        nan | won: False 
#   96 | steps:  3978 | steps_t:     0 | t: 3.626294 | r:   181.000000 | e:   1.000000 | Q:        nan | won: True 
#   97 | steps:  4007 | steps_t:     0 | t: 3.650230 | r:  -517.000000 | e:   1.000000 | Q:        nan | won: False 
#   98 | steps:  4074 | steps_t:     0 | t: 3.703087 | r:  -493.000000 | e:   1.000000 | Q:        nan | won: False 
#   99 | steps:  4118 | steps_t:     0 | t: 3.758938 | r:  -459.000000 | e:   1.000000 | Q:        nan | won: False 
#  100 | steps:  4134 | steps_t:     0 | t: 3.780880 | r:  -515.000000 | e:   1.000000 | Q:        nan | won: False 
#  101 | steps:  4150 | steps_t:     0 | t: 3.796836 | r:  -504.000000 | e:   1.000000 | Q:        nan | won: False 
#  102 | steps:  4198 | steps_t:     0 | t: 3.830745 | r:  -463.000000 | e:   1.000000 | Q:        nan | won: False 
#  103 | steps:  4239 | steps_t:     0 | t: 3.864659 | r:  -467.000000 | e:   1.000000 | Q:        nan | won: False 
#  104 | steps:  4311 | steps_t:     0 | t: 3.917513 | r:  -476.000000 | e:   1.000000 | Q:        nan | won: False 
#  105 | steps:  4323 | steps_t:     0 | t: 3.931515 | r:  -511.000000 | e:   1.000000 | Q:        nan | won: False 
#  106 | steps:  4339 | steps_t:     0 | t: 3.948430 | r:  -453.000000 | e:   1.000000 | Q:        nan | won: False 
#  107 | steps:  4347 | steps_t:     0 | t: 3.959438 | r:  -496.000000 | e:   1.000000 | Q:        nan | won: False 
#  108 | steps:  4423 | steps_t:     0 | t: 4.011301 | r:  -458.000000 | e:   1.000000 | Q:        nan | won: False 
#  109 | steps:  4460 | steps_t:     0 | t: 4.054187 | r:  -452.000000 | e:   1.000000 | Q:        nan | won: False 
#  110 | steps:  4498 | steps_t:     0 | t: 4.092046 | r:  -464.000000 | e:   1.000000 | Q:        nan | won: False 
#  111 | steps:  4512 | steps_t:     0 | t: 4.109000 | r:  -502.000000 | e:   1.000000 | Q:        nan | won: False 
#  112 | steps:  4543 | steps_t:     0 | t: 4.148896 | r:  -413.000000 | e:   1.000000 | Q:        nan | won: False 
#  113 | steps:  4554 | steps_t:     0 | t: 4.162859 | r:  -499.000000 | e:   1.000000 | Q:        nan | won: False 
#  114 | steps:  4581 | steps_t:     0 | t: 4.184799 | r:  -420.000000 | e:   1.000000 | Q:        nan | won: False 
#  115 | steps:  4601 | steps_t:     0 | t: 4.202750 | r:  -519.000000 | e:   1.000000 | Q:        nan | won: False 
#  116 | steps:  4626 | steps_t:     0 | t: 4.223694 | r:  -418.000000 | e:   1.000000 | Q:        nan | won: False 
#  117 | steps:  4643 | steps_t:     0 | t: 4.240691 | r:  -494.000000 | e:   1.000000 | Q:        nan | won: False 
#  118 | steps:  4692 | steps_t:     0 | t: 4.276555 | r:  -515.000000 | e:   1.000000 | Q:        nan | won: False 
#  119 | steps:  4750 | steps_t:     0 | t: 4.323426 | r:  -495.000000 | e:   1.000000 | Q:        nan | won: False 
#  120 | steps:  4781 | steps_t:     0 | t: 4.351388 | r:  -468.000000 | e:   1.000000 | Q:        nan | won: False 
#  121 | steps:  4834 | steps_t:     0 | t: 4.398263 | r:  -530.000000 | e:   1.000000 | Q:        nan | won: False 
#  122 | steps:  4888 | steps_t:     0 | t: 4.440115 | r:  -531.000000 | e:   1.000000 | Q:        nan | won: False 
#  123 | steps:  4928 | steps_t:     0 | t: 4.470034 | r:  -517.000000 | e:   1.000000 | Q:        nan | won: False 
#  124 | steps:  4945 | steps_t:     0 | t: 4.487027 | r:  -465.000000 | e:   1.000000 | Q:        nan | won: False 
#  125 | steps:  4994 | steps_t:     0 | t: 4.522896 | r:  -453.000000 | e:   1.000000 | Q:        nan | won: False 
#  126 | steps:  5037 | steps_t:    36 | t: 5.017571 | r:  -469.000000 | e:   0.996400 | Q:        nan | won: False 
#  127 | steps:  5065 | steps_t:    63 | t: 5.282861 | r:  -454.000000 | e:   0.993700 | Q:   0.115077 | won: False 
#  128 | steps:  5072 | steps_t:    69 | t: 5.330742 | r:  -506.000000 | e:   0.993100 | Q:        nan | won: False 
#  129 | steps:  5120 | steps_t:   116 | t: 5.760582 | r:  -514.000000 | e:   0.988400 | Q:   0.115273 | won: False 
#  130 | steps:  5134 | steps_t:   129 | t: 5.855331 | r:  -513.000000 | e:   0.987100 | Q:        nan | won: False 
#  131 | steps:  5202 | steps_t:   196 | t: 6.393887 | r:  -450.000000 | e:   0.980400 | Q:  -3.799262 | won: False 
#  132 | steps:  5241 | steps_t:   234 | t: 6.673140 | r:  -516.000000 | e:   0.976600 | Q: -18.193018 | won: False 
#  133 | steps:  5321 | steps_t:   313 | t: 7.261567 | r:  -524.000000 | e:   0.968700 | Q:        nan | won: False 
#  134 | steps:  5417 | steps_t:   408 | t: 7.978647 | r:   133.000000 | e:   0.959200 | Q: -39.944160 | won: True 
#  135 | steps:  5515 | steps_t:   505 | t: 8.783495 | r:  -564.000000 | e:   0.949500 | Q: -69.623070 | won: False 
#  136 | steps:  5531 | steps_t:   520 | t: 8.897190 | r:  -453.000000 | e:   0.948000 | Q: -99.537796 | won: False 
#  137 | steps:  5583 | steps_t:   571 | t: 9.342997 | r:  -467.000000 | e:   0.942900 | Q: -95.272148 | won: False 
#  138 | steps:  5679 | steps_t:   666 | t: 10.152832 | r:  -573.000000 | e:   0.933400 | Q: -97.393677 | won: False 
#  139 | steps:  5708 | steps_t:   694 | t: 10.428093 | r:  -517.000000 | e:   0.930600 | Q:        nan | won: False 
#  140 | steps:  5775 | steps_t:   760 | t: 11.018514 | r:  -544.000000 | e:   0.924000 | Q: -91.082253 | won: False 
#  141 | steps:  5846 | steps_t:   830 | t: 11.645836 | r:  -453.000000 | e:   0.917000 | Q: -88.952934 | won: False 
#  142 | steps:  5864 | steps_t:   847 | t: 11.781473 | r:  -506.000000 | e:   0.915300 | Q: -109.116928 | won: False 
#  143 | steps:  5884 | steps_t:   866 | t: 11.936062 | r:  -508.000000 | e:   0.913400 | Q: -109.364700 | won: False 
#  144 | steps:  5920 | steps_t:   901 | t: 12.238252 | r:  -513.000000 | e:   0.909900 | Q: -95.019600 | won: False 
#  145 | steps:  5972 | steps_t:   952 | t: 12.636186 | r:  -467.000000 | e:   0.904800 | Q: -94.681488 | won: False 
#  146 | steps:  6003 | steps_t:   982 | t: 12.861584 | r:  -395.000000 | e:   0.901800 | Q:        nan | won: False 
#  147 | steps:  6108 | steps_t:  1086 | t: 13.719288 | r:  -476.000000 | e:   0.891400 | Q: -106.357880 | won: False 
#  148 | steps:  6156 | steps_t:  1133 | t: 14.102263 | r:  -452.000000 | e:   0.886700 | Q: -122.919678 | won: False 
#  149 | steps:  6178 | steps_t:  1154 | t: 14.327667 | r:  -510.000000 | e:   0.884600 | Q: -126.891754 | won: False 
#  150 | steps:  6212 | steps_t:  1187 | t: 14.756513 | r:  -449.000000 | e:   0.881300 | Q: -110.473267 | won: False 
#  151 | steps:  6288 | steps_t:  1262 | t: 15.790747 | r:  -480.000000 | e:   0.873800 | Q: -112.767624 | won: False 
#  152 | steps:  6330 | steps_t:  1303 | t: 16.309359 | r:  -446.000000 | e:   0.869700 | Q: -116.061913 | won: False 
#  153 | steps:  6380 | steps_t:  1352 | t: 18.341920 | r:  -527.000000 | e:   0.864800 | Q: -108.399208 | won: False 
#  154 | steps:  6395 | steps_t:  1366 | t: 18.568314 | r:  -503.000000 | e:   0.863400 | Q: -132.801331 | won: False 
#  155 | steps:  6471 | steps_t:  1441 | t: 19.411059 | r:  -491.000000 | e:   0.855900 | Q: -104.948509 | won: False 
#  156 | steps:  6491 | steps_t:  1460 | t: 19.596563 | r:  -508.000000 | e:   0.854000 | Q: -127.001961 | won: False 
#  157 | steps:  6512 | steps_t:  1480 | t: 19.817971 | r:  -520.000000 | e:   0.852000 | Q: -117.241264 | won: False 
#  158 | steps:  6607 | steps_t:  1574 | t: 20.693628 | r:  -510.000000 | e:   0.842600 | Q: -95.060806 | won: False 
#  159 | steps:  6709 | steps_t:  1675 | t: 21.731850 | r:  -579.000000 | e:   0.832500 | Q: -96.855553 | won: False 
#  160 | steps:  6762 | steps_t:  1727 | t: 22.183641 | r:  -457.000000 | e:   0.827300 | Q: -101.527237 | won: False 
#  161 | steps:  6826 | steps_t:  1790 | t: 22.828918 | r:  -541.000000 | e:   0.821000 | Q: -81.656349 | won: False 
#  162 | steps:  6863 | steps_t:  1826 | t: 23.162023 | r:  -430.000000 | e:   0.817400 | Q: -99.143799 | won: False 
#  163 | steps:  6883 | steps_t:  1845 | t: 23.383443 | r:  -497.000000 | e:   0.815500 | Q: -102.911125 | won: False 
#  164 | steps:  6941 | steps_t:  1902 | t: 24.108491 | r:  -535.000000 | e:   0.809800 | Q: -102.886101 | won: False 
#  165 | steps:  6958 | steps_t:  1918 | t: 24.265072 | r:  -454.000000 | e:   0.808200 | Q: -86.464668 | won: False 
#  166 | steps:  6973 | steps_t:  1932 | t: 24.401707 | r:  -503.000000 | e:   0.806800 | Q: -109.327820 | won: False 
#  167 | steps:  7001 | steps_t:  1959 | t: 24.704895 | r:  -494.000000 | e:   0.804100 | Q: -107.533707 | won: False 
#  168 | steps:  7014 | steps_t:  1971 | t: 24.799644 | r:  -501.000000 | e:   0.802900 | Q: -106.694870 | won: False 
#  169 | steps:  7037 | steps_t:  1993 | t: 24.973187 | r:  -460.000000 | e:   0.800700 | Q: -83.419785 | won: False 
#  170 | steps:  7126 | steps_t:  2081 | t: 25.749104 | r:  -493.000000 | e:   0.791900 | Q: -80.476387 | won: False 
#  171 | steps:  7216 | steps_t:  2170 | t: 26.535996 | r:  -556.000000 | e:   0.783000 | Q: -80.629181 | won: False 
#  172 | steps:  7274 | steps_t:  2227 | t: 27.035661 | r:  -451.000000 | e:   0.777300 | Q: -75.889526 | won: False 
#  173 | steps:  7392 | steps_t:  2344 | t: 28.049944 | r:    60.000000 | e:   0.765600 | Q: -81.556786 | won: True 
#  174 | steps:  7401 | steps_t:  2352 | t: 28.124749 | r:  -508.000000 | e:   0.764800 | Q: -109.259689 | won: False 
#  175 | steps:  7412 | steps_t:  2362 | t: 28.203535 | r:  -510.000000 | e:   0.763800 | Q: -111.219711 | won: False 
#  176 | steps:  7488 | steps_t:  2437 | t: 28.836851 | r:  -502.000000 | e:   0.756300 | Q: -77.494392 | won: False 
#  177 | steps:  7564 | steps_t:  2512 | t: 29.588829 | r:  -553.000000 | e:   0.748800 | Q: -84.569450 | won: False 
#  178 | steps:  7635 | steps_t:  2582 | t: 30.255045 | r:  -486.000000 | e:   0.741800 | Q: -85.057884 | won: False 
#  179 | steps:  7661 | steps_t:  2607 | t: 30.480442 | r:  -463.000000 | e:   0.739300 | Q: -87.765312 | won: False 
#  180 | steps:  7688 | steps_t:  2633 | t: 30.719802 | r:  -515.000000 | e:   0.736700 | Q: -120.133118 | won: False 
#  181 | steps:  7711 | steps_t:  2655 | t: 30.921263 | r:  -427.000000 | e:   0.734500 | Q: -92.545380 | won: False 
#  182 | steps:  7731 | steps_t:  2674 | t: 31.085824 | r:  -497.000000 | e:   0.732600 | Q: -116.386803 | won: False 
#  183 | steps:  7820 | steps_t:  2762 | t: 31.852770 | r:    89.000000 | e:   0.723800 | Q: -82.177002 | won: True 
#  184 | steps:  7884 | steps_t:  2825 | t: 32.411277 | r:  -552.000000 | e:   0.717500 | Q: -91.932152 | won: False 
#  185 | steps:  7896 | steps_t:  2836 | t: 32.506027 | r:  -511.000000 | e:   0.716400 | Q: -119.317291 | won: False 
#  186 | steps:  7906 | steps_t:  2845 | t: 32.580824 | r:  -509.000000 | e:   0.715500 | Q: -124.751900 | won: False 
#  187 | steps:  7922 | steps_t:  2860 | t: 32.707484 | r:  -515.000000 | e:   0.714000 | Q: -117.835732 | won: False 
#  188 | steps:  7992 | steps_t:  2929 | t: 33.237067 | r:  -496.000000 | e:   0.707100 | Q: -89.501770 | won: False 
#  189 | steps:  8017 | steps_t:  2953 | t: 33.474431 | r:  -502.000000 | e:   0.704700 | Q: -118.399620 | won: False 
#  190 | steps:  8079 | steps_t:  3014 | t: 33.955146 | r:  -539.000000 | e:   0.698600 | Q: -84.661621 | won: False 
#  191 | steps:  8110 | steps_t:  3044 | t: 34.214452 | r:  -519.000000 | e:   0.695600 | Q: -106.928108 | won: False 
#  192 | steps:  8122 | steps_t:  3055 | t: 34.309198 | r:  -500.000000 | e:   0.694500 | Q: -104.972572 | won: False 
#  193 | steps:  8162 | steps_t:  3094 | t: 34.722093 | r:  -517.000000 | e:   0.690600 | Q: -106.261551 | won: False 
#  194 | steps:  8175 | steps_t:  3106 | t: 34.824819 | r:  -501.000000 | e:   0.689400 | Q: -107.739914 | won: False 
#  195 | steps:  8192 | steps_t:  3122 | t: 34.958461 | r:  -505.000000 | e:   0.687800 | Q: -105.827621 | won: False 
#  196 | steps:  8291 | steps_t:  3220 | t: 35.810185 | r:  -554.000000 | e:   0.678000 | Q: -79.140381 | won: False 
#  197 | steps:  8347 | steps_t:  3275 | t: 36.263968 | r:  -493.000000 | e:   0.672500 | Q: -78.693893 | won: False 
#  198 | steps:  8418 | steps_t:  3345 | t: 36.903257 | r:  -508.000000 | e:   0.665500 | Q: -96.164062 | won: False 
#  199 | steps:  8503 | steps_t:  3429 | t: 37.598403 | r:  -562.000000 | e:   0.657100 | Q: -96.254921 | won: False 
#  200 | steps:  8575 | steps_t:  3500 | t: 38.236689 | r:  -538.000000 | e:   0.650000 | Q: -88.914894 | won: False 
#  201 | steps:  8608 | steps_t:  3532 | t: 38.529905 | r:  -521.000000 | e:   0.646800 | Q: -122.345497 | won: False 
#  202 | steps:  8668 | steps_t:  3591 | t: 39.165206 | r:  -548.000000 | e:   0.640900 | Q: -86.850273 | won: False 
#  203 | steps:  8743 | steps_t:  3665 | t: 39.795519 | r:  -541.000000 | e:   0.633500 | Q: -94.121254 | won: False 
#  204 | steps:  8780 | steps_t:  3701 | t: 40.106686 | r:  -525.000000 | e:   0.629900 | Q: -117.296730 | won: False 
#  205 | steps:  8858 | steps_t:  3778 | t: 40.737997 | r:  -555.000000 | e:   0.622200 | Q: -118.442650 | won: False 
#  206 | steps:  8972 | steps_t:  3891 | t: 41.735328 | r:  -551.000000 | e:   0.610900 | Q: -81.353798 | won: False 
#  207 | steps:  9081 | steps_t:  3999 | t: 42.786521 | r:  -535.000000 | e:   0.600100 | Q: -68.106041 | won: False 
#  208 | steps:  9170 | steps_t:  4087 | t: 43.558457 | r:  -577.000000 | e:   0.591300 | Q: -102.141953 | won: False 
#  209 | steps:  9194 | steps_t:  4110 | t: 43.785843 | r:  -512.000000 | e:   0.589000 | Q: -101.764038 | won: False 
#  210 | steps:  9298 | steps_t:  4213 | t: 44.850992 | r:  -581.000000 | e:   0.578700 | Q: -70.069214 | won: False 
#  211 | steps:  9440 | steps_t:  4354 | t: 46.213347 | r:  -619.000000 | e:   0.564600 | Q: -69.817291 | won: False 
#  212 | steps:  9452 | steps_t:  4365 | t: 46.331032 | r:  -500.000000 | e:   0.563500 | Q: -110.879036 | won: False 
#  213 | steps:  9572 | steps_t:  4484 | t: 47.419122 | r:  -597.000000 | e:   0.551600 | Q: -77.366203 | won: False 
#  214 | steps:  9589 | steps_t:  4500 | t: 47.558751 | r:  -516.000000 | e:   0.550000 | Q: -132.731522 | won: False 
#  215 | steps:  9775 | steps_t:  4685 | t: 49.144505 | r:  -663.000000 | e:   0.531500 | Q: -117.841873 | won: False 
#  216 | steps:  9919 | steps_t:  4828 | t: 50.422087 | r:  -570.000000 | e:   0.517200 | Q: -71.213600 | won: False 
#  217 | steps:  9991 | steps_t:  4899 | t: 51.027468 | r:  -560.000000 | e:   0.510100 | Q: -113.476295 | won: False 
#  218 | steps: 10021 | steps_t:  4928 | t: 51.321680 | r:  -529.000000 | e:   0.507200 | Q: -115.180115 | won: False 
#  219 | steps: 10034 | steps_t:  4940 | t: 51.463311 | r:  -490.000000 | e:   0.506000 | Q: -126.587784 | won: False 
#  220 | steps: 10086 | steps_t:  4991 | t: 51.906123 | r:  -540.000000 | e:   0.500900 | Q: -119.306168 | won: False 
#  221 | steps: 10136 | steps_t:  5040 | t: 52.335965 | r:  -465.000000 | e:   0.496000 | Q: -93.663757 | won: False 
#  222 | steps: 10224 | steps_t:  5127 | t: 53.106904 | r:  -514.000000 | e:   0.487300 | Q: -80.348709 | won: False 
#  223 | steps: 10298 | steps_t:  5200 | t: 53.800048 | r:  -551.000000 | e:   0.480000 | Q: -65.482430 | won: False 
#  224 | steps: 10323 | steps_t:  5224 | t: 53.993530 | r:  -502.000000 | e:   0.477600 | Q: -96.965782 | won: False 
#  225 | steps: 10372 | steps_t:  5272 | t: 54.465271 | r:  -537.000000 | e:   0.472800 | Q: -98.300537 | won: False 
#  226 | steps: 10386 | steps_t:  5285 | t: 54.572980 | r:  -513.000000 | e:   0.471500 | Q: -101.175247 | won: False 
#  227 | steps: 10419 | steps_t:  5317 | t: 54.864201 | r:  -521.000000 | e:   0.468300 | Q: -101.175247 | won: False 
#  228 | steps: 10443 | steps_t:  5340 | t: 55.043720 | r:  -523.000000 | e:   0.466000 | Q: -100.543068 | won: False 
#  229 | steps: 10474 | steps_t:  5370 | t: 55.332950 | r:  -530.000000 | e:   0.463000 | Q: -97.501556 | won: False 
#  230 | steps: 10595 | steps_t:  5490 | t: 57.043373 | r:  -609.000000 | e:   0.451000 | Q: -68.748894 | won: False 
#  231 | steps: 10621 | steps_t:  5515 | t: 57.384458 | r:  -514.000000 | e:   0.448500 | Q: -112.266846 | won: False 
#  232 | steps: 10636 | steps_t:  5529 | t: 57.619834 | r:  -514.000000 | e:   0.447100 | Q: -119.078362 | won: False 
#  233 | steps: 10697 | steps_t:  5589 | t: 59.299339 | r:  -549.000000 | e:   0.441100 | Q: -115.529282 | won: False 
#  234 | steps: 10737 | steps_t:  5628 | t: 59.736166 | r:  -528.000000 | e:   0.437200 | Q: -102.430534 | won: False 
#  235 | steps: 10822 | steps_t:  5712 | t: 60.465217 | r:  -562.000000 | e:   0.428800 | Q: -96.608871 | won: False 
#  236 | steps: 10852 | steps_t:  5741 | t: 60.712555 | r:  -518.000000 | e:   0.425900 | Q: -105.527725 | won: False 
#  237 | steps: 10927 | steps_t:  5815 | t: 61.326916 | r:  -490.000000 | e:   0.418500 | Q: -83.540176 | won: False 
#  238 | steps: 10937 | steps_t:  5824 | t: 61.405699 | r:  -509.000000 | e:   0.417600 | Q: -95.668297 | won: False 
#  239 | steps: 10994 | steps_t:  5880 | t: 61.897384 | r:  -545.000000 | e:   0.412000 | Q: -91.356483 | won: False 
#  240 | steps: 11009 | steps_t:  5894 | t: 62.019058 | r:  -514.000000 | e:   0.410600 | Q: -96.291878 | won: False 
#  241 | steps: 11023 | steps_t:  5907 | t: 62.129761 | r:  -513.000000 | e:   0.409300 | Q: -93.298637 | won: False 
#  242 | steps: 11177 | steps_t:  6060 | t: 63.432277 | r:  -580.000000 | e:   0.394000 | Q: -89.067986 | won: False 
#  243 | steps: 11249 | steps_t:  6131 | t: 64.032670 | r:  -498.000000 | e:   0.386900 | Q: -85.417976 | won: False 
#  244 | steps: 11287 | steps_t:  6168 | t: 64.339849 | r:  -515.000000 | e:   0.383200 | Q: -88.960808 | won: False 
#  245 | steps: 11344 | steps_t:  6224 | t: 64.826549 | r:  -494.000000 | e:   0.377600 | Q: -60.194866 | won: False 
#  246 | steps: 11368 | steps_t:  6247 | t: 65.057927 | r:  -512.000000 | e:   0.375300 | Q: -92.723213 | won: False 
#  247 | steps: 11479 | steps_t:  6357 | t: 66.083183 | r:  -599.000000 | e:   0.364300 | Q: -87.479462 | won: False 
#  248 | steps: 11513 | steps_t:  6390 | t: 66.380388 | r:  -533.000000 | e:   0.361000 | Q: -78.590363 | won: False 
#  249 | steps: 11544 | steps_t:  6420 | t: 66.667620 | r:  -468.000000 | e:   0.358000 | Q: -51.353481 | won: False 
#  250 | steps: 11594 | steps_t:  6469 | t: 67.102456 | r:  -487.000000 | e:   0.353100 | Q: -82.189697 | won: False 
#  251 | steps: 11609 | steps_t:  6483 | t: 67.247070 | r:  -503.000000 | e:   0.351700 | Q: -78.590363 | won: False 
#  252 | steps: 11681 | steps_t:  6554 | t: 67.883369 | r:  -549.000000 | e:   0.344600 | Q: -89.667534 | won: False 
#  253 | steps: 11701 | steps_t:  6573 | t: 68.052913 | r:  -519.000000 | e:   0.342700 | Q: -84.337685 | won: False 
#  254 | steps: 11747 | steps_t:  6618 | t: 68.471793 | r:  -534.000000 | e:   0.338200 | Q: -83.708450 | won: False 
#  255 | steps: 11774 | steps_t:  6644 | t: 68.704172 | r:  -526.000000 | e:   0.335600 | Q: -76.068878 | won: False 
#  256 | steps: 11801 | steps_t:  6670 | t: 68.973451 | r:  -526.000000 | e:   0.333000 | Q: -76.746994 | won: False 
#  257 | steps: 11845 | steps_t:  6713 | t: 69.346453 | r:  -532.000000 | e:   0.328700 | Q: -82.758881 | won: False 
#  258 | steps: 11982 | steps_t:  6849 | t: 70.511340 | r:  -614.000000 | e:   0.315100 | Q: -59.326752 | won: False 
#  259 | steps: 12002 | steps_t:  6868 | t: 70.673900 | r:  -508.000000 | e:   0.313200 | Q: -101.720108 | won: False 
#  260 | steps: 12018 | steps_t:  6883 | t: 70.806545 | r:  -504.000000 | e:   0.311700 | Q: -98.375320 | won: False 
#  261 | steps: 12061 | steps_t:  6925 | t: 71.211463 | r:  -520.000000 | e:   0.307500 | Q: -96.268974 | won: False 
#  262 | steps: 12137 | steps_t:  7000 | t: 72.157930 | r:  -564.000000 | e:   0.300000 | Q: -96.268974 | won: False 
#  263 | steps: 12163 | steps_t:  7025 | t: 72.438181 | r:  -514.000000 | e:   0.297500 | Q: -96.848717 | won: False 
#  264 | steps: 12225 | steps_t:  7086 | t: 73.196152 | r:  -561.000000 | e:   0.291400 | Q: -78.000977 | won: False 
#  265 | steps: 12265 | steps_t:  7125 | t: 74.118685 | r:  -528.000000 | e:   0.287500 | Q: -77.394073 | won: False 
#  266 | steps: 12392 | steps_t:  7251 | t: 76.139291 | r:  -615.000000 | e:   0.274900 | Q: -75.572136 | won: False 
#  267 | steps: 12406 | steps_t:  7264 | t: 76.414543 | r:  -513.000000 | e:   0.273600 | Q: -100.843445 | won: False 
#  268 | steps: 12454 | steps_t:  7311 | t: 77.134615 | r:  -525.000000 | e:   0.268900 | Q: -93.890930 | won: False 
#  269 | steps: 12489 | steps_t:  7345 | t: 77.713068 | r:  -523.000000 | e:   0.265500 | Q: -102.869949 | won: False 
#  270 | steps: 12502 | steps_t:  7357 | t: 77.822774 | r:  -512.000000 | e:   0.264300 | Q: -93.890930 | won: False 
#  271 | steps: 12563 | steps_t:  7417 | t: 79.038536 | r:  -560.000000 | e:   0.258300 | Q: -85.386200 | won: False 
#  272 | steps: 12637 | steps_t:  7490 | t: 80.095714 | r:  -573.000000 | e:   0.251000 | Q: -85.386200 | won: False 
#  273 | steps: 12672 | steps_t:  7524 | t: 80.631259 | r:  -483.000000 | e:   0.247600 | Q: -65.507439 | won: False 
#  274 | steps: 12808 | steps_t:  7659 | t: 81.929787 | r:  -635.000000 | e:   0.234100 | Q: -79.699501 | won: False 
#  275 | steps: 12828 | steps_t:  7678 | t: 82.140222 | r:  -519.000000 | e:   0.232200 | Q: -80.877304 | won: False 
#  276 | steps: 12857 | steps_t:  7706 | t: 82.437427 | r:  -528.000000 | e:   0.229400 | Q: -86.925697 | won: False 
#  277 | steps: 12869 | steps_t:  7717 | t: 82.547133 | r:  -511.000000 | e:   0.228300 | Q: -83.696152 | won: False 
#  278 | steps: 12946 | steps_t:  7793 | t: 83.538481 | r:  -565.000000 | e:   0.220700 | Q: -63.589428 | won: False 
#  279 | steps: 12981 | steps_t:  7827 | t: 83.921456 | r:  -523.000000 | e:   0.217300 | Q: -63.948807 | won: False 
#  280 | steps: 13052 | steps_t:  7897 | t: 86.845638 | r:  -570.000000 | e:   0.210300 | Q: -66.951263 | won: False 
#  281 | steps: 13061 | steps_t:  7905 | t: 86.949354 | r:  -508.000000 | e:   0.209500 | Q: -83.653419 | won: False 
#  282 | steps: 13253 | steps_t:  8096 | t: 88.778460 | r:  -640.000000 | e:   0.190400 | Q: -73.279503 | won: False 
#  283 | steps: 13286 | steps_t:  8128 | t: 89.062699 | r:  -532.000000 | e:   0.187200 | Q: -88.154045 | won: False 
#  284 | steps: 13301 | steps_t:  8142 | t: 89.182380 | r:  -514.000000 | e:   0.185800 | Q: -88.154045 | won: False 
#  285 | steps: 13373 | steps_t:  8213 | t: 90.379177 | r:  -571.000000 | e:   0.178700 | Q: -86.253716 | won: False 
#  286 | steps: 13387 | steps_t:  8226 | t: 90.533764 | r:  -513.000000 | e:   0.177400 | Q: -89.348961 | won: False 
#  287 | steps: 13494 | steps_t:  8332 | t: 91.560032 | r:  -606.000000 | e:   0.166800 | Q: -76.229897 | won: False 
#  288 | steps: 13578 | steps_t:  8415 | t: 92.404760 | r:  -510.000000 | e:   0.158500 | Q: -49.754250 | won: False 
#  289 | steps: 13634 | steps_t:  8470 | t: 92.896442 | r:  -544.000000 | e:   0.153000 | Q: -68.567970 | won: False 
#  290 | steps: 13664 | steps_t:  8499 | t: 93.175695 | r:  -529.000000 | e:   0.150100 | Q: -68.567970 | won: False 
#  291 | steps: 13686 | steps_t:  8520 | t: 93.407076 | r:  -510.000000 | e:   0.148000 | Q: -70.978828 | won: False 
#  292 | steps: 13703 | steps_t:  8536 | t: 93.546703 | r:  -516.000000 | e:   0.146400 | Q: -71.699661 | won: False 
#  293 | steps: 13751 | steps_t:  8583 | t: 93.968574 | r:  -536.000000 | e:   0.141700 | Q: -85.015129 | won: False 
#  294 | steps: 13793 | steps_t:  8624 | t: 94.364514 | r:  -468.000000 | e:   0.137600 | Q: -77.312187 | won: False 
#  295 | steps: 13805 | steps_t:  8635 | t: 94.495165 | r:  -500.000000 | e:   0.136500 | Q: -85.015129 | won: False 
#  296 | steps: 13823 | steps_t:  8652 | t: 94.638781 | r:  -517.000000 | e:   0.134800 | Q: -58.055195 | won: False 
#  297 | steps: 13871 | steps_t:  8699 | t: 95.176343 | r:  -547.000000 | e:   0.130100 | Q: -57.355515 | won: False 
#  298 | steps: 13885 | steps_t:  8712 | t: 95.314973 | r:  -513.000000 | e:   0.128800 | Q: -70.285652 | won: False 
#  299 | steps: 13941 | steps_t:  8767 | t: 96.844878 | r:  -555.000000 | e:   0.123300 | Q: -58.055195 | won: False 
#  300 | steps: 13967 | steps_t:  8792 | t: 97.201923 | r:  -525.000000 | e:   0.120800 | Q: -77.253204 | won: False 
#  301 | steps: 14025 | steps_t:  8849 | t: 98.765745 | r:  -557.000000 | e:   0.115100 | Q: -73.713776 | won: False 
#  302 | steps: 14058 | steps_t:  8881 | t: 99.252439 | r:  -532.000000 | e:   0.111900 | Q: -77.176712 | won: False 
#  303 | steps: 14116 | steps_t:  8938 | t: 99.893720 | r:  -557.000000 | e:   0.106200 | Q: -76.931099 | won: False 
#  304 | steps: 14159 | steps_t:  8980 | t: 100.459207 | r:  -542.000000 | e:   0.102000 | Q: -80.199570 | won: False 
#  305 | steps: 14207 | steps_t:  9027 | t: 101.885395 | r:  -536.000000 | e:   0.100000 | Q: -76.931099 | won: False 
#  306 | steps: 14228 | steps_t:  9047 | t: 102.070895 | r:  -509.000000 | e:   0.100000 | Q: -83.872406 | won: False 
#  307 | steps: 14377 | steps_t:  9195 | t: 104.660965 | r:  -626.000000 | e:   0.100000 | Q: -94.716446 | won: False 
#  308 | steps: 14401 | steps_t:  9218 | t: 104.967158 | r:  -512.000000 | e:   0.100000 | Q: -100.849609 | won: False 
#  309 | steps: 14421 | steps_t:  9237 | t: 105.146669 | r:  -519.000000 | e:   0.100000 | Q: -98.891373 | won: False 
#  310 | steps: 14438 | steps_t:  9253 | t: 105.336159 | r:  -516.000000 | e:   0.100000 | Q: -89.572952 | won: False 
#  311 | steps: 14452 | steps_t:  9266 | t: 105.460826 | r:  -513.000000 | e:   0.100000 | Q: -98.891373 | won: False 
#  312 | steps: 14484 | steps_t:  9297 | t: 105.754042 | r:  -531.000000 | e:   0.100000 | Q: -86.338295 | won: False 
#  313 | steps: 14514 | steps_t:  9326 | t: 106.255698 | r:  -518.000000 | e:   0.100000 | Q: -89.572952 | won: False 
#  314 | steps: 14554 | steps_t:  9365 | t: 106.620722 | r:  -528.000000 | e:   0.100000 | Q: -80.227257 | won: False 
#  315 | steps: 14564 | steps_t:  9374 | t: 106.702502 | r:  -509.000000 | e:   0.100000 | Q: -90.776222 | won: False 
#  316 | steps: 14603 | steps_t:  9412 | t: 107.114401 | r:  -527.000000 | e:   0.100000 | Q: -78.944611 | won: False 
#  317 | steps: 14621 | steps_t:  9429 | t: 107.272986 | r:  -517.000000 | e:   0.100000 | Q: -69.164131 | won: False 
#  318 | steps: 14655 | steps_t:  9462 | t: 107.580155 | r:  -533.000000 | e:   0.100000 | Q: -69.164131 | won: False 
#  319 | steps: 14697 | steps_t:  9503 | t: 107.935221 | r:  -541.000000 | e:   0.100000 | Q: -69.164131 | won: False 
#  320 | steps: 14713 | steps_t:  9518 | t: 108.155620 | r:  -504.000000 | e:   0.100000 | Q: -85.448738 | won: False 
#  321 | steps: 14748 | steps_t:  9552 | t: 108.513656 | r:  -523.000000 | e:   0.100000 | Q: -77.731110 | won: False 
#  322 | steps: 14760 | steps_t:  9563 | t: 108.620372 | r:  -500.000000 | e:   0.100000 | Q: -89.146629 | won: False 
#  323 | steps: 14800 | steps_t:  9602 | t: 108.978414 | r:  -528.000000 | e:   0.100000 | Q: -89.737701 | won: False 
#  324 | steps: 14822 | steps_t:  9623 | t: 109.184861 | r:  -510.000000 | e:   0.100000 | Q: -89.737701 | won: False 
#  325 | steps: 14844 | steps_t:  9644 | t: 109.439181 | r:  -510.000000 | e:   0.100000 | Q: -89.737701 | won: False 
#  326 | steps: 14866 | steps_t:  9665 | t: 109.627678 | r:  -510.000000 | e:   0.100000 | Q: -89.146629 | won: False 
#  327 | steps: 14900 | steps_t:  9698 | t: 109.925878 | r:  -522.000000 | e:   0.100000 | Q: -89.737701 | won: False 
#  328 | steps: 14972 | steps_t:  9769 | t: 110.636980 | r:  -549.000000 | e:   0.100000 | Q: -89.737701 | won: False 
#  329 | steps: 14998 | steps_t:  9794 | t: 110.869354 | r:  -514.000000 | e:   0.100000 | Q: -89.737701 | won: False 
#  330 | steps: 15010 | steps_t:  9805 | t: 111.000013 | r:  -500.000000 | e:   0.100000 | Q: -89.146629 | won: False 
#  331 | steps: 15022 | steps_t:  9816 | t: 111.108714 | r:  -511.000000 | e:   0.100000 | Q: -80.896423 | won: False 
#  332 | steps: 15081 | steps_t:  9874 | t: 111.727060 | r:  -547.000000 | e:   0.100000 | Q: -72.465797 | won: False 
#  333 | steps: 15115 | steps_t:  9907 | t: 112.040222 | r:  -522.000000 | e:   0.100000 | Q: -69.480316 | won: False 
#  334 | steps: 15133 | steps_t:  9924 | t: 112.198800 | r:  -506.000000 | e:   0.100000 | Q: -81.739113 | won: False 
#  335 | steps: 15236 | steps_t: 10026 | t: 113.169203 | r:  -580.000000 | e:   0.100000 | Q: -84.237259 | won: False 
#  336 | steps: 15319 | steps_t: 10108 | t: 113.949116 | r:  -582.000000 | e:   0.100000 | Q: -72.588669 | won: False 
#  337 | steps: 15331 | steps_t: 10119 | t: 114.048847 | r:  -511.000000 | e:   0.100000 | Q: -82.244186 | won: False 
#  338 | steps: 15360 | steps_t: 10147 | t: 114.302170 | r:  -528.000000 | e:   0.100000 | Q: -70.143974 | won: False 
#  339 | steps: 15388 | steps_t: 10174 | t: 114.575438 | r:  -527.000000 | e:   0.100000 | Q: -80.360153 | won: False 
#  340 | steps: 15418 | steps_t: 10203 | t: 114.878627 | r:  -529.000000 | e:   0.100000 | Q: -73.102882 | won: False 
#  341 | steps: 15480 | steps_t: 10264 | t: 115.483010 | r:  -561.000000 | e:   0.100000 | Q: -67.521553 | won: False 
#  342 | steps: 15492 | steps_t: 10275 | t: 115.584737 | r:  -511.000000 | e:   0.100000 | Q: -81.012695 | won: False 
#  343 | steps: 15540 | steps_t: 10322 | t: 116.113324 | r:  -536.000000 | e:   0.100000 | Q: -72.464180 | won: False 
#  344 | steps: 15593 | steps_t: 10374 | t: 116.649887 | r:  -541.000000 | e:   0.100000 | Q: -75.853584 | won: False 
#  345 | steps: 15625 | steps_t: 10405 | t: 117.002944 | r:  -520.000000 | e:   0.100000 | Q: -77.839516 | won: False 
#  346 | steps: 15637 | steps_t: 10416 | t: 117.119631 | r:  -511.000000 | e:   0.100000 | Q: -93.988182 | won: False 
#  347 | steps: 15694 | steps_t: 10472 | t: 117.757923 | r:  -556.000000 | e:   0.100000 | Q: -62.135582 | won: False 
#  348 | steps: 15758 | steps_t: 10535 | t: 118.453066 | r:  -563.000000 | e:   0.100000 | Q: -73.581154 | won: False 
#  349 | steps: 15827 | steps_t: 10603 | t: 119.165159 | r:  -557.000000 | e:   0.100000 | Q: -79.838257 | won: False 
#  350 | steps: 15848 | steps_t: 10623 | t: 119.362630 | r:  -509.000000 | e:   0.100000 | Q: -89.510490 | won: False 
#  351 | steps: 15966 | steps_t: 10740 | t: 120.782829 | r:  -606.000000 | e:   0.100000 | Q: -88.505722 | won: False 
#  352 | steps: 15980 | steps_t: 10753 | t: 121.056102 | r:  -502.000000 | e:   0.100000 | Q: -91.962204 | won: False 
#  353 | steps: 16030 | steps_t: 10802 | t: 121.953697 | r:  -538.000000 | e:   0.100000 | Q: -77.493484 | won: False 
#  354 | steps: 16071 | steps_t: 10842 | t: 122.670779 | r:  -529.000000 | e:   0.100000 | Q: -69.343262 | won: False 
#  355 | steps: 16093 | steps_t: 10863 | t: 122.938063 | r:  -510.000000 | e:   0.100000 | Q: -69.021019 | won: False 
#  356 | steps: 16123 | steps_t: 10892 | t: 123.350959 | r:  -529.000000 | e:   0.100000 | Q: -82.238045 | won: False 
#  357 | steps: 16202 | steps_t: 10970 | t: 124.758193 | r:  -567.000000 | e:   0.100000 | Q: -70.282211 | won: False 
#  358 | steps: 16331 | steps_t: 11098 | t: 126.635171 | r:  -617.000000 | e:   0.100000 | Q: -62.117355 | won: False 
#  359 | steps: 16362 | steps_t: 11128 | t: 127.020141 | r:  -519.000000 | e:   0.100000 | Q: -52.373672 | won: False 
#  360 | steps: 16412 | steps_t: 11177 | t: 127.696334 | r:  -549.000000 | e:   0.100000 | Q: -54.708012 | won: False 
#  361 | steps: 16432 | steps_t: 11196 | t: 127.897793 | r:  -519.000000 | e:   0.100000 | Q: -90.195374 | won: False 
#  362 | steps: 16500 | steps_t: 11263 | t: 128.720592 | r:  -567.000000 | e:   0.100000 | Q: -76.265083 | won: False 
#  363 | steps: 16598 | steps_t: 11360 | t: 130.010141 | r:  -597.000000 | e:   0.100000 | Q: -76.265083 | won: False 
#  364 | steps: 16615 | steps_t: 11376 | t: 130.195645 | r:  -505.000000 | e:   0.100000 | Q: -94.628525 | won: False 
#  365 | steps: 16634 | steps_t: 11394 | t: 130.468927 | r:  -507.000000 | e:   0.100000 | Q: -98.354118 | won: False 
#  366 | steps: 16687 | steps_t: 11446 | t: 131.487201 | r:  -541.000000 | e:   0.100000 | Q: -112.060722 | won: False 
#  367 | steps: 16711 | steps_t: 11469 | t: 131.904074 | r:  -512.000000 | e:   0.100000 | Q: -98.354118 | won: False 
#  368 | steps: 16731 | steps_t: 11488 | t: 132.244165 | r:  -508.000000 | e:   0.100000 | Q: -85.591461 | won: False 
#  369 | steps: 16830 | steps_t: 11586 | t: 133.757116 | r:  -554.000000 | e:   0.100000 | Q: -102.425949 | won: False 
#  370 | steps: 16843 | steps_t: 11598 | t: 133.920679 | r:  -490.000000 | e:   0.100000 | Q: -91.082314 | won: False 
#  371 | steps: 16888 | steps_t: 11642 | t: 134.489157 | r:  -522.000000 | e:   0.100000 | Q: -104.464249 | won: False 
#  372 | steps: 16896 | steps_t: 11649 | t: 134.592879 | r:  -485.000000 | e:   0.100000 | Q: -92.754715 | won: False 
#  373 | steps: 16924 | steps_t: 11676 | t: 134.928982 | r:  -527.000000 | e:   0.100000 | Q: -95.724243 | won: False 
#  374 | steps: 16934 | steps_t: 11685 | t: 135.051653 | r:  -509.000000 | e:   0.100000 | Q: -109.703178 | won: False 
#  375 | steps: 16947 | steps_t: 11697 | t: 135.192275 | r:  -512.000000 | e:   0.100000 | Q: -109.703178 | won: False 
#  376 | steps: 16957 | steps_t: 11706 | t: 135.304974 | r:  -509.000000 | e:   0.100000 | Q: -109.505737 | won: False 
#  377 | steps: 17035 | steps_t: 11783 | t: 136.307292 | r:  -566.000000 | e:   0.100000 | Q: -95.399773 | won: False 
#  378 | steps: 17059 | steps_t: 11806 | t: 136.702237 | r:  -512.000000 | e:   0.100000 | Q: -84.321716 | won: False 
#  379 | steps: 17153 | steps_t: 11899 | t: 138.078553 | r:  -571.000000 | e:   0.100000 | Q: -82.038704 | won: False 
#  380 | steps: 17225 | steps_t: 11970 | t: 139.161657 | r:  -560.000000 | e:   0.100000 | Q: -81.995537 | won: False 
#  381 | steps: 17293 | steps_t: 12037 | t: 140.133057 | r:  -556.000000 | e:   0.100000 | Q: -94.193291 | won: False 
#  382 | steps: 17325 | steps_t: 12068 | t: 140.590831 | r:  -531.000000 | e:   0.100000 | Q: -83.685860 | won: False 
#  383 | steps: 17344 | steps_t: 12086 | t: 140.842159 | r:  -518.000000 | e:   0.100000 | Q: -86.239616 | won: False 
#  384 | steps: 17390 | steps_t: 12131 | t: 141.503390 | r:  -534.000000 | e:   0.100000 | Q: -92.595871 | won: False 
#  385 | steps: 17412 | steps_t: 12152 | t: 141.770675 | r:  -510.000000 | e:   0.100000 | Q: -69.314697 | won: False 
#  386 | steps: 17470 | steps_t: 12209 | t: 142.577520 | r:  -546.000000 | e:   0.100000 | Q: -53.188690 | won: False 
#  387 | steps: 17490 | steps_t: 12228 | t: 142.826851 | r:  -508.000000 | e:   0.100000 | Q: -53.188690 | won: False 
#  388 | steps: 17512 | steps_t: 12249 | t: 143.115080 | r:  -510.000000 | e:   0.100000 | Q: -53.188690 | won: False 
#  389 | steps: 17553 | steps_t: 12289 | t: 143.815205 | r:  -529.000000 | e:   0.100000 | Q: -70.007683 | won: False 
#  390 | steps: 17601 | steps_t: 12336 | t: 144.577165 | r:  -536.000000 | e:   0.100000 | Q: -70.007683 | won: False 
#  391 | steps: 17615 | steps_t: 12349 | t: 144.758680 | r:  -502.000000 | e:   0.100000 | Q: -56.046600 | won: False 
#  392 | steps: 17622 | steps_t: 12355 | t: 144.850435 | r:  -495.000000 | e:   0.100000 | Q: -65.929405 | won: False 
#  393 | steps: 17662 | steps_t: 12394 | t: 145.374033 | r:  -528.000000 | e:   0.100000 | Q: -65.929405 | won: False 
#  394 | steps: 17754 | steps_t: 12485 | t: 146.675553 | r:  -580.000000 | e:   0.100000 | Q: -65.929405 | won: False 
#  395 | steps: 17774 | steps_t: 12504 | t: 147.005672 | r:  -508.000000 | e:   0.100000 | Q: -80.985069 | won: False 
#  396 | steps: 17918 | steps_t: 12647 | t: 149.573797 | r:  -621.000000 | e:   0.100000 | Q: -75.249985 | won: False 
#  397 | steps: 17992 | steps_t: 12720 | t: 151.214407 | r:  -562.000000 | e:   0.100000 | Q: -76.832947 | won: False 
#  398 | steps: 18212 | steps_t: 12939 | t: 154.995291 | r:  -646.000000 | e:   0.100000 | Q: -79.664093 | won: False 
#  399 | steps: 18271 | steps_t: 12997 | t: 155.986505 | r:  -547.000000 | e:   0.100000 | Q: -77.140785 | won: False 
#  400 | steps: 18406 | steps_t: 13131 | t: 157.205240 | r:  -623.000000 | e:   0.100000 | Q: -86.053535 | won: False 
#  401 | steps: 18442 | steps_t: 13166 | t: 157.538355 | r:  -524.000000 | e:   0.100000 | Q: -63.501881 | won: False 
#  402 | steps: 18483 | steps_t: 13206 | t: 157.921325 | r:  -529.000000 | e:   0.100000 | Q: -60.541656 | won: False 
#  403 | steps: 18519 | steps_t: 13241 | t: 158.327239 | r:  -524.000000 | e:   0.100000 | Q: -61.621105 | won: False 
#  404 | steps: 18560 | steps_t: 13281 | t: 158.748113 | r:  -529.000000 | e:   0.100000 | Q: -56.953625 | won: False 
#  405 | steps: 18585 | steps_t: 13305 | t: 159.015398 | r:  -513.000000 | e:   0.100000 | Q: -64.953621 | won: False 
#  406 | steps: 18645 | steps_t: 13364 | t: 159.616789 | r:  -548.000000 | e:   0.100000 | Q: -56.340767 | won: False 
#  407 | steps: 18707 | steps_t: 13425 | t: 160.154350 | r:  -550.000000 | e:   0.100000 | Q: -66.475685 | won: False 
#  408 | steps: 18719 | steps_t: 13436 | t: 160.253086 | r:  -500.000000 | e:   0.100000 | Q: -91.812439 | won: False 
#  409 | steps: 18737 | steps_t: 13453 | t: 160.432606 | r:  -506.000000 | e:   0.100000 | Q: -91.812439 | won: False 
#  410 | steps: 18791 | steps_t: 13506 | t: 160.920301 | r:  -542.000000 | e:   0.100000 | Q: -78.526360 | won: False 
#  411 | steps: 18807 | steps_t: 13521 | t: 161.073891 | r:  -504.000000 | e:   0.100000 | Q: -78.526360 | won: False 
#  412 | steps: 18899 | steps_t: 13612 | t: 161.887717 | r:  -580.000000 | e:   0.100000 | Q: -91.697105 | won: False 
#  413 | steps: 18971 | steps_t: 13683 | t: 162.538970 | r:  -560.000000 | e:   0.100000 | Q: -70.250710 | won: False 
#  414 | steps: 18981 | steps_t: 13692 | t: 162.644691 | r:  -509.000000 | e:   0.100000 | Q: -81.602943 | won: False 
#  415 | steps: 19123 | steps_t: 13833 | t: 163.868412 | r:  -619.000000 | e:   0.100000 | Q: -81.602943 | won: False 
#  416 | steps: 19237 | steps_t: 13946 | t: 164.884697 | r:  -602.000000 | e:   0.100000 | Q: -78.773270 | won: False 
#  417 | steps: 19271 | steps_t: 13979 | t: 165.187882 | r:  -511.000000 | e:   0.100000 | Q: -83.363831 | won: False 
#  418 | steps: 19279 | steps_t: 13986 | t: 165.255701 | r:  -496.000000 | e:   0.100000 | Q: -83.363831 | won: False 
#  419 | steps: 19301 | steps_t: 14007 | t: 165.449184 | r:  -510.000000 | e:   0.100000 | Q: -68.532776 | won: False 
#  420 | steps: 19317 | steps_t: 14022 | t: 165.603770 | r:  -493.000000 | e:   0.100000 | Q: -68.580589 | won: False 
#  421 | steps: 19357 | steps_t: 14061 | t: 166.137342 | r:  -528.000000 | e:   0.100000 | Q: -60.775188 | won: False 
#  422 | steps: 19391 | steps_t: 14094 | t: 166.457486 | r:  -522.000000 | e:   0.100000 | Q: -57.535370 | won: False 
#  423 | steps: 19475 | steps_t: 14177 | t: 167.222444 | r:  -561.000000 | e:   0.100000 | Q: -56.120216 | won: False 
#  424 | steps: 19557 | steps_t: 14258 | t: 167.928550 | r:  -559.000000 | e:   0.100000 | Q: -50.100239 | won: False 
#  425 | steps: 19639 | steps_t: 14339 | t: 168.654607 | r:  -508.000000 | e:   0.100000 | Q: -33.038162 | won: False 
#  426 | steps: 19769 | steps_t: 14468 | t: 169.822483 | r:  -618.000000 | e:   0.100000 | Q: -63.188572 | won: False 
#  427 | steps: 19919 | steps_t: 14617 | t: 171.162895 | r:  -543.000000 | e:   0.100000 | Q: -34.028255 | won: False 
#  428 | steps: 19936 | steps_t: 14633 | t: 171.303519 | r:  -505.000000 | e:   0.100000 | Q: -80.022087 | won: False 
#  429 | steps: 19977 | steps_t: 14673 | t: 171.684506 | r:  -529.000000 | e:   0.100000 | Q: -80.259842 | won: False 
#  430 | steps: 20083 | steps_t: 14778 | t: 172.621991 | r:  -594.000000 | e:   0.100000 | Q: -62.762825 | won: False 
#  431 | steps: 20094 | steps_t: 14788 | t: 172.723720 | r:  -499.000000 | e:   0.100000 | Q: -62.367874 | won: False 
#  432 | steps: 20140 | steps_t: 14833 | t: 173.120658 | r:  -534.000000 | e:   0.100000 | Q: -62.367874 | won: False 
#  433 | steps: 20182 | steps_t: 14874 | t: 173.491668 | r:  -519.000000 | e:   0.100000 | Q: -59.016472 | won: False 
#  434 | steps: 20218 | steps_t: 14909 | t: 173.821788 | r:  -524.000000 | e:   0.100000 | Q: -64.680122 | won: False 
#  435 | steps: 20246 | steps_t: 14936 | t: 174.059148 | r:  -516.000000 | e:   0.100000 | Q: -74.320259 | won: False 
#  436 | steps: 20280 | steps_t: 14969 | t: 174.355354 | r:  -522.000000 | e:   0.100000 | Q: -73.169518 | won: False 
#  437 | steps: 20314 | steps_t: 15002 | t: 174.647572 | r:  -522.000000 | e:   0.100000 | Q: -65.801079 | won: False 
#  438 | steps: 20344 | steps_t: 15031 | t: 174.923833 | r:  -518.000000 | e:   0.100000 | Q: -53.978363 | won: False 
#  439 | steps: 20400 | steps_t: 15086 | t: 175.410530 | r:  -544.000000 | e:   0.100000 | Q: -52.145950 | won: False 
#  440 | steps: 20554 | steps_t: 15239 | t: 176.754934 | r:  -642.000000 | e:   0.100000 | Q: -52.145950 | won: False 
#  441 | steps: 20576 | steps_t: 15260 | t: 176.931462 | r:  -510.000000 | e:   0.100000 | Q: -47.124287 | won: False 
#  442 | steps: 20590 | steps_t: 15273 | t: 177.068096 | r:  -502.000000 | e:   0.100000 | Q: -57.543289 | won: False 
#  443 | steps: 20618 | steps_t: 15300 | t: 177.320421 | r:  -516.000000 | e:   0.100000 | Q: -46.556164 | won: False 
#  444 | steps: 20703 | steps_t: 15384 | t: 178.064431 | r:  -562.000000 | e:   0.100000 | Q: -53.282150 | won: False 
#  445 | steps: 20749 | steps_t: 15429 | t: 178.485305 | r:  -534.000000 | e:   0.100000 | Q: -62.058693 | won: False 
#  446 | steps: 20775 | steps_t: 15454 | t: 178.723666 | r:  -514.000000 | e:   0.100000 | Q: -66.405823 | won: False 
#  447 | steps: 20791 | steps_t: 15469 | t: 178.854317 | r:  -504.000000 | e:   0.100000 | Q: -75.582047 | won: False 
#  448 | steps: 20862 | steps_t: 15539 | t: 179.493610 | r:  -559.000000 | e:   0.100000 | Q: -75.582047 | won: False 
#  449 | steps: 20906 | steps_t: 15582 | t: 179.887552 | r:  -532.000000 | e:   0.100000 | Q: -69.720352 | won: False 
#  450 | steps: 21048 | steps_t: 15723 | t: 181.286810 | r:  -568.000000 | e:   0.100000 | Q: -64.034279 | won: False 
#  451 | steps: 21089 | steps_t: 15763 | t: 181.734610 | r:  -507.000000 | e:   0.100000 | Q: -75.961777 | won: False 
#  452 | steps: 21103 | steps_t: 15776 | t: 181.901165 | r:  -502.000000 | e:   0.100000 | Q: -78.961372 | won: False 
#  453 | steps: 21146 | steps_t: 15818 | t: 182.319046 | r:  -487.000000 | e:   0.100000 | Q: -59.235943 | won: False 
#  454 | steps: 21237 | steps_t: 15908 | t: 183.253546 | r:  -517.000000 | e:   0.100000 | Q: -23.868366 | won: False 
#  455 | steps: 21301 | steps_t: 15971 | t: 183.843966 | r:  -552.000000 | e:   0.100000 | Q: -49.722832 | won: False 
#  456 | steps: 21331 | steps_t: 16000 | t: 184.115241 | r:  -518.000000 | e:   0.100000 | Q: -59.142208 | won: False 
#  457 | steps: 21356 | steps_t: 16024 | t: 184.329667 | r:  -513.000000 | e:   0.100000 | Q: -59.094433 | won: False 
#  458 | steps: 21368 | steps_t: 16035 | t: 184.430397 | r:  -500.000000 | e:   0.100000 | Q: -72.236977 | won: False 
#  459 | steps: 21531 | steps_t: 16197 | t: 185.858576 | r:  -651.000000 | e:   0.100000 | Q: -63.242580 | won: False 
#  460 | steps: 21577 | steps_t: 16242 | t: 186.296404 | r:  -534.000000 | e:   0.100000 | Q: -78.166855 | won: False 
#  461 | steps: 21657 | steps_t: 16321 | t: 186.963620 | r:  -568.000000 | e:   0.100000 | Q: -69.871071 | won: False 
#  462 | steps: 21667 | steps_t: 16330 | t: 187.051387 | r:  -498.000000 | e:   0.100000 | Q: -86.121300 | won: False 
#  463 | steps: 21711 | steps_t: 16373 | t: 187.475250 | r:  -532.000000 | e:   0.100000 | Q: -90.401108 | won: False 
#  464 | steps: 21756 | steps_t: 16417 | t: 187.856231 | r:  -482.000000 | e:   0.100000 | Q: -18.486084 | won: False 
#  465 | steps: 21834 | steps_t: 16494 | t: 188.558352 | r:  -566.000000 | e:   0.100000 | Q: -53.707722 | won: False 
#  466 | steps: 21852 | steps_t: 16511 | t: 188.706955 | r:  -506.000000 | e:   0.100000 | Q: -71.930824 | won: False 
#  467 | steps: 21947 | steps_t: 16605 | t: 189.575630 | r:  -583.000000 | e:   0.100000 | Q: -71.185593 | won: False 
#  468 | steps: 21970 | steps_t: 16627 | t: 189.764127 | r:  -511.000000 | e:   0.100000 | Q: -61.712765 | won: False 
#  469 | steps: 22000 | steps_t: 16656 | t: 190.010472 | r:  -518.000000 | e:   0.100000 | Q: -61.712765 | won: False 
#  470 | steps: 22028 | steps_t: 16683 | t: 190.244840 | r:  -505.000000 | e:   0.100000 | Q: -56.168762 | won: False 
#  471 | steps: 22044 | steps_t: 16698 | t: 190.384466 | r:  -504.000000 | e:   0.100000 | Q: -60.051296 | won: False 
#  472 | steps: 22165 | steps_t: 16818 | t: 191.488519 | r:  -598.000000 | e:   0.100000 | Q: -69.097801 | won: False 
#  473 | steps: 22189 | steps_t: 16841 | t: 191.745824 | r:  -512.000000 | e:   0.100000 | Q: -45.592949 | won: False 
#  474 | steps: 22206 | steps_t: 16857 | t: 191.884454 | r:  -505.000000 | e:   0.100000 | Q: -55.039528 | won: False 
#  475 | steps: 22365 | steps_t: 17015 | t: 193.282712 | r:  -585.000000 | e:   0.100000 | Q: -17.575567 | won: False 
#  476 | steps: 22577 | steps_t: 17226 | t: 195.159689 | r:  -638.000000 | e:   0.100000 | Q: -17.575567 | won: False 
#  477 | steps: 22783 | steps_t: 17431 | t: 196.990790 | r:  -632.000000 | e:   0.100000 | Q: -32.691010 | won: False 
#  478 | steps: 22921 | steps_t: 17568 | t: 198.281337 | r:  -593.000000 | e:   0.100000 | Q: -31.244135 | won: False 
#  479 | steps: 22940 | steps_t: 17586 | t: 198.444901 | r:  -507.000000 | e:   0.100000 | Q: -50.421577 | won: False 
#  480 | steps: 22957 | steps_t: 17602 | t: 198.590511 | r:  -483.000000 | e:   0.100000 | Q: -57.162071 | won: False 
#  481 | steps: 23025 | steps_t: 17669 | t: 199.153005 | r:  -545.000000 | e:   0.100000 | Q: -58.895950 | won: False 
#  482 | steps: 23078 | steps_t: 17721 | t: 199.669623 | r:  -541.000000 | e:   0.100000 | Q: -64.118446 | won: False 
#  483 | steps: 23130 | steps_t: 17772 | t: 200.105457 | r:  -540.000000 | e:   0.100000 | Q: -73.483505 | won: False 
#  484 | steps: 23315 | steps_t: 17956 | t: 201.811896 | r:  -673.000000 | e:   0.100000 | Q: -61.707691 | won: False 
#  485 | steps: 23368 | steps_t: 18008 | t: 202.258695 | r:  -468.000000 | e:   0.100000 | Q: -44.105251 | won: False 
#  486 | steps: 23476 | steps_t: 18115 | t: 203.220124 | r:  -501.000000 | e:   0.100000 | Q: -52.516495 | won: False 
#  487 | steps: 23590 | steps_t: 18228 | t: 204.246378 | r:    64.000000 | e:   0.100000 | Q: -60.835896 | won: True 
#  488 | steps: 23684 | steps_t: 18321 | t: 205.082141 | r:  -520.000000 | e:   0.100000 | Q: -17.854855 | won: False 
#  489 | steps: 23749 | steps_t: 18385 | t: 205.629676 | r:  -553.000000 | e:   0.100000 | Q: -61.138470 | won: False 
#  490 | steps: 23789 | steps_t: 18424 | t: 205.978742 | r:  -528.000000 | e:   0.100000 | Q: -60.536602 | won: False 
#  491 | steps: 23914 | steps_t: 18548 | t: 207.093760 | r:  -613.000000 | e:   0.100000 | Q: -51.796303 | won: False 
#  492 | steps: 23992 | steps_t: 18625 | t: 207.787902 | r:  -504.000000 | e:   0.100000 | Q: -62.894928 | won: False 
#  493 | steps: 24225 | steps_t: 18857 | t: 209.908228 | r:    -4.000000 | e:   0.100000 | Q: -22.415899 | won: True 
#  494 | steps: 24249 | steps_t: 18880 | t: 210.114681 | r:  -439.000000 | e:   0.100000 | Q: -16.877512 | won: False 
#  495 | steps: 24352 | steps_t: 18982 | t: 211.051171 | r:  -525.000000 | e:   0.100000 | Q: -53.209152 | won: False 
#  496 | steps: 24425 | steps_t: 19054 | t: 211.724370 | r:  -488.000000 | e:   0.100000 | Q: -34.235268 | won: False 
#  497 | steps: 24453 | steps_t: 19081 | t: 211.961736 | r:  -421.000000 | e:   0.100000 | Q: -34.601303 | won: False 
#  498 | steps: 24523 | steps_t: 19150 | t: 212.584071 | r:  -496.000000 | e:   0.100000 | Q: -11.274149 | won: False 
#  499 | steps: 24579 | steps_t: 19205 | t: 213.089717 | r:  -500.000000 | e:   0.100000 | Q: -52.874157 | won: False 
#  500 | steps: 24601 | steps_t: 19226 | t: 213.304143 | r:  -426.000000 | e:   0.100000 | Q: -31.951164 | won: False 
#  501 | steps: 24683 | steps_t: 19307 | t: 214.332395 | r:  -497.000000 | e:   0.100000 | Q: -32.786488 | won: False 
#  502 | steps: 24873 | steps_t: 19496 | t: 216.563425 | r:  -616.000000 | e:   0.100000 | Q: -14.508283 | won: False 
#  503 | steps: 24894 | steps_t: 19516 | t: 216.782835 | r:  -509.000000 | e:   0.100000 | Q: -64.566704 | won: False 
#  504 | steps: 25144 | steps_t: 19765 | t: 219.454687 | r:  -676.000000 | e:   0.100000 | Q: -17.411430 | won: False 
#  505 | steps: 25227 | steps_t: 19847 | t: 220.212658 | r:  -509.000000 | e:   0.100000 | Q: -18.916945 | won: False 
#  506 | steps: 25346 | steps_t: 19965 | t: 221.283792 | r:  -563.000000 | e:   0.100000 | Q: -49.442547 | won: False 
#  507 | steps: 25358 | steps_t: 19976 | t: 221.381530 | r:  -467.000000 | e:   0.100000 | Q: -44.468872 | won: False 
#  508 | steps: 25470 | steps_t: 20087 | t: 222.390831 | r:  -567.000000 | e:   0.100000 | Q: -28.341999 | won: False 
#  509 | steps: 25516 | steps_t: 20132 | t: 222.778793 | r:  -439.000000 | e:   0.100000 | Q: -19.683748 | won: False 
#  510 | steps: 25569 | steps_t: 20184 | t: 223.251528 | r:  -541.000000 | e:   0.100000 | Q: -14.128545 | won: False 
#  511 | steps: 25598 | steps_t: 20212 | t: 223.514823 | r:  -517.000000 | e:   0.100000 | Q: -41.549477 | won: False 
#  512 | steps: 25696 | steps_t: 20309 | t: 224.374523 | r:  -586.000000 | e:   0.100000 | Q: -42.801586 | won: False 
#  513 | steps: 25834 | steps_t: 20446 | t: 225.632159 | r:  -575.000000 | e:   0.100000 | Q: -10.404265 | won: False 
#  514 | steps: 25867 | steps_t: 20478 | t: 225.922390 | r:  -521.000000 | e:   0.100000 | Q: -46.453293 | won: False 
#  515 | steps: 25876 | steps_t: 20486 | t: 225.998178 | r:  -508.000000 | e:   0.100000 | Q: -46.681355 | won: False 
#  516 | steps: 25906 | steps_t: 20515 | t: 226.425038 | r:  -518.000000 | e:   0.100000 | Q: -46.681355 | won: False 
#  517 | steps: 25959 | steps_t: 20567 | t: 226.884806 | r:  -486.000000 | e:   0.100000 | Q: -46.556572 | won: False 
#  518 | steps: 25996 | steps_t: 20603 | t: 227.193980 | r:  -525.000000 | e:   0.100000 | Q: -41.268524 | won: False 
#  519 | steps: 26063 | steps_t: 20669 | t: 227.811327 | r:  -555.000000 | e:   0.100000 | Q: -41.268524 | won: False 
#  520 | steps: 26083 | steps_t: 20688 | t: 227.975887 | r:  -486.000000 | e:   0.100000 | Q: -47.635212 | won: False 
#  521 | steps: 26167 | steps_t: 20771 | t: 228.722889 | r:  -488.000000 | e:   0.100000 | Q: -14.305710 | won: False 
#  522 | steps: 26289 | steps_t: 20892 | t: 230.380453 | r:  -504.000000 | e:   0.100000 | Q:  -7.400657 | won: False 
#  523 | steps: 26309 | steps_t: 20911 | t: 230.645744 | r:  -508.000000 | e:   0.100000 | Q: -47.560337 | won: False 
#  524 | steps: 26322 | steps_t: 20923 | t: 230.810304 | r:  -490.000000 | e:   0.100000 | Q: -44.676846 | won: False 
#  525 | steps: 26479 | steps_t: 21079 | t: 232.431965 | r:    21.000000 | e:   0.100000 | Q:  -5.153832 | won: True 
#  526 | steps: 26497 | steps_t: 21096 | t: 232.849846 | r:  -484.000000 | e:   0.100000 | Q: -30.293289 | won: False 
#  527 | steps: 26727 | steps_t: 21325 | t: 235.690387 | r:  -634.000000 | e:   0.100000 | Q:  -5.577458 | won: False 
#  528 | steps: 26862 | steps_t: 21459 | t: 239.091288 | r:  -561.000000 | e:   0.100000 | Q:  -6.358986 | won: False 
#  529 | steps: 26889 | steps_t: 21485 | t: 239.400461 | r:  -515.000000 | e:   0.100000 | Q: -44.809303 | won: False 
#  530 | steps: 27047 | steps_t: 21642 | t: 241.093929 | r:  -584.000000 | e:   0.100000 | Q:  -7.959884 | won: False 
#  531 | steps: 27087 | steps_t: 21681 | t: 241.517795 | r:  -506.000000 | e:   0.100000 | Q: -44.051395 | won: False 
#  532 | steps: 27112 | steps_t: 21705 | t: 241.749177 | r:  -513.000000 | e:   0.100000 | Q: -45.802322 | won: False 
#  533 | steps: 27121 | steps_t: 21713 | t: 241.831955 | r:  -475.000000 | e:   0.100000 | Q: -41.049778 | won: False 
#  534 | steps: 27136 | steps_t: 21727 | t: 241.972580 | r:  -492.000000 | e:   0.100000 | Q: -36.951717 | won: False 
#  535 | steps: 27165 | steps_t: 21755 | t: 242.354559 | r:  -506.000000 | e:   0.100000 | Q: -43.785168 | won: False 
#  536 | steps: 27199 | steps_t: 21788 | t: 243.702954 | r:  -416.000000 | e:   0.100000 | Q: -43.785168 | won: False 
#  537 | steps: 27275 | steps_t: 21863 | t: 244.619501 | r:  -502.000000 | e:   0.100000 | Q: -19.529890 | won: False 
#  538 | steps: 27394 | steps_t: 21981 | t: 246.010782 | r:  -541.000000 | e:   0.100000 | Q: -12.374488 | won: False 
#  539 | steps: 27420 | steps_t: 22006 | t: 246.299003 | r:  -452.000000 | e:   0.100000 | Q: -21.536640 | won: False 
#  540 | steps: 27556 | steps_t: 22141 | t: 247.614483 | r:  -558.000000 | e:   0.100000 | Q:  -9.034469 | won: False 
#  541 | steps: 27621 | steps_t: 22205 | t: 248.265741 | r:  -491.000000 | e:   0.100000 | Q:  -2.862001 | won: False 
#  542 | steps: 27658 | steps_t: 22241 | t: 248.604833 | r:  -525.000000 | e:   0.100000 | Q: -44.854168 | won: False 
#  543 | steps: 27718 | steps_t: 22300 | t: 249.183287 | r:  -486.000000 | e:   0.100000 | Q:  -6.102244 | won: False 
#  544 | steps: 27834 | steps_t: 22415 | t: 250.303288 | r:    62.000000 | e:   0.100000 | Q: -17.247726 | won: True 
#  545 | steps: 27903 | steps_t: 22483 | t: 250.901690 | r:  -546.000000 | e:   0.100000 | Q: -41.367413 | won: False 
#  546 | steps: 27933 | steps_t: 22512 | t: 251.178946 | r:  -518.000000 | e:   0.100000 | Q: -39.583103 | won: False 
#  547 | steps: 28017 | steps_t: 22595 | t: 252.296957 | r:  -539.000000 | e:   0.100000 | Q: -41.140133 | won: False 
#  548 | steps: 28087 | steps_t: 22664 | t: 253.163637 | r:  -558.000000 | e:   0.100000 | Q: -33.521118 | won: False 
#  549 | steps: 28316 | steps_t: 22892 | t: 255.779637 | r:  -684.000000 | e:   0.100000 | Q:  -2.881193 | won: False 
#  550 | steps: 28399 | steps_t: 22974 | t: 256.530627 | r:  -465.000000 | e:   0.100000 | Q:  -3.523812 | won: False 
#  551 | steps: 28440 | steps_t: 23014 | t: 256.899640 | r:  -496.000000 | e:   0.100000 | Q: -39.519356 | won: False 
#  552 | steps: 28510 | steps_t: 23083 | t: 257.530951 | r:   108.000000 | e:   0.100000 | Q: -47.361000 | won: True 
#  553 | steps: 28762 | steps_t: 23334 | t: 259.998349 | r:  -645.000000 | e:   0.100000 | Q:  -4.064950 | won: False 
#  554 | steps: 28967 | steps_t: 23538 | t: 263.697452 | r:  -631.000000 | e:   0.100000 | Q:  -0.556424 | won: False 
#  555 | steps: 29099 | steps_t: 23669 | t: 265.175498 | r:  -558.000000 | e:   0.100000 | Q:  -3.702722 | won: False 
#  556 | steps: 29137 | steps_t: 23706 | t: 265.559469 | r:  -464.000000 | e:   0.100000 | Q:  -6.856808 | won: False 
#  557 | steps: 29165 | steps_t: 23733 | t: 265.873630 | r:  -505.000000 | e:   0.100000 | Q: -34.502346 | won: False 
#  558 | steps: 29203 | steps_t: 23770 | t: 266.358332 | r:  -482.000000 | e:   0.100000 | Q: -38.231308 | won: False 
#  559 | steps: 29277 | steps_t: 23843 | t: 267.007595 | r:  -511.000000 | e:   0.100000 | Q:  -2.182510 | won: False 
#  560 | steps: 29382 | steps_t: 23947 | t: 267.953065 | r:  -542.000000 | e:   0.100000 | Q:  -3.709713 | won: False 
#  561 | steps: 29486 | steps_t: 24050 | t: 268.885570 | r:  -541.000000 | e:   0.100000 | Q:  -3.333834 | won: False 
#  562 | steps: 29573 | steps_t: 24136 | t: 269.648533 | r:  -513.000000 | e:   0.100000 | Q:  -7.014508 | won: False 
#  563 | steps: 29686 | steps_t: 24248 | t: 270.656833 | r:  -539.000000 | e:   0.100000 | Q:  -3.363973 | won: False 
#  564 | steps: 29769 | steps_t: 24330 | t: 271.397849 | r:  -509.000000 | e:   0.100000 | Q:  -1.460469 | won: False 
#  565 | steps: 29814 | steps_t: 24374 | t: 271.807752 | r:  -471.000000 | e:   0.100000 | Q:  -1.961807 | won: False 
#  566 | steps: 29883 | steps_t: 24442 | t: 272.414129 | r:  -524.000000 | e:   0.100000 | Q: -32.520412 | won: False 
#  567 | steps: 29921 | steps_t: 24479 | t: 272.745245 | r:  -526.000000 | e:   0.100000 | Q: -29.995277 | won: False 
#  568 | steps: 29940 | steps_t: 24497 | t: 272.937729 | r:  -507.000000 | e:   0.100000 | Q: -30.859047 | won: False 
#  569 | steps: 29999 | steps_t: 24555 | t: 273.609937 | r:  -547.000000 | e:   0.100000 | Q: -32.143353 | won: False 
#  570 | steps: 30044 | steps_t: 24599 | t: 274.179408 | r:  -533.000000 | e:   0.100000 | Q: -30.487864 | won: False 
#  571 | steps: 30218 | steps_t: 24772 | t: 276.639824 | r:     4.000000 | e:   0.100000 | Q:  -9.712623 | won: True 
#  572 | steps: 30241 | steps_t: 24794 | t: 276.899132 | r:  -511.000000 | e:   0.100000 | Q: -35.118706 | won: False 
#  573 | steps: 30365 | steps_t: 24917 | t: 278.526780 | r:  -561.000000 | e:   0.100000 | Q:  -1.156895 | won: False 
#  574 | steps: 30433 | steps_t: 24984 | t: 279.296714 | r:  -556.000000 | e:   0.100000 | Q: -26.769243 | won: False 
#  575 | steps: 30529 | steps_t: 25079 | t: 281.238414 | r:  -522.000000 | e:   0.100000 | Q: -23.116909 | won: False 
#  576 | steps: 30660 | steps_t: 25209 | t: 283.812527 | r:  -608.000000 | e:   0.100000 | Q:  -0.892955 | won: False 
#  577 | steps: 30874 | steps_t: 25422 | t: 286.311840 | r:  -596.000000 | e:   0.100000 | Q:   2.534208 | won: False 
#  578 | steps: 30917 | steps_t: 25464 | t: 286.748674 | r:  -458.000000 | e:   0.100000 | Q:  -6.903717 | won: False 
#  579 | steps: 30982 | steps_t: 25528 | t: 287.334104 | r:  -447.000000 | e:   0.100000 | Q:  -1.184157 | won: False 
#  580 | steps: 31132 | steps_t: 25677 | t: 288.783227 | r:  -576.000000 | e:   0.100000 | Q:  -0.724628 | won: False 
#  581 | steps: 31260 | steps_t: 25804 | t: 290.133614 | r:  -543.000000 | e:   0.100000 | Q:  -8.769532 | won: False 
#  582 | steps: 31346 | steps_t: 25889 | t: 290.967384 | r:  -519.000000 | e:   0.100000 | Q:  -3.041013 | won: False 
#  583 | steps: 31451 | steps_t: 25993 | t: 292.104342 | r:  -531.000000 | e:   0.100000 | Q: -31.334658 | won: False 
#  584 | steps: 31514 | steps_t: 26055 | t: 292.766570 | r:  -540.000000 | e:   0.100000 | Q: -28.898705 | won: False 
#  585 | steps: 31608 | steps_t: 26148 | t: 293.688103 | r:  -538.000000 | e:   0.100000 | Q: -34.874760 | won: False 
#  586 | steps: 31689 | steps_t: 26228 | t: 294.511899 | r:  -485.000000 | e:   0.100000 | Q:  -4.133982 | won: False 
#  587 | steps: 31835 | steps_t: 26373 | t: 295.925119 | r:  -572.000000 | e:   0.100000 | Q:  -1.895925 | won: False 
#  588 | steps: 31898 | steps_t: 26435 | t: 296.631230 | r:  -489.000000 | e:   0.100000 | Q:  -2.304371 | won: False 
#  589 | steps: 31945 | steps_t: 26481 | t: 297.068062 | r:  -418.000000 | e:   0.100000 | Q:  -5.025788 | won: False 
#  590 | steps: 32025 | steps_t: 26560 | t: 297.911803 | r:  -557.000000 | e:   0.100000 | Q: -35.508038 | won: False 
