#    1 | steps:    42 | steps_t:     0 | t: 0.048871 | r:  -468.000000 | e:   1.000000 | Q:        nan | won: False 
#    2 | steps:    64 | steps_t:     0 | t: 0.071805 | r:  -510.000000 | e:   1.000000 | Q:        nan | won: False 
#    3 | steps:    76 | steps_t:     0 | t: 0.083775 | r:  -489.000000 | e:   1.000000 | Q:        nan | won: False 
#    4 | steps:   101 | steps_t:     0 | t: 0.104752 | r:  -524.000000 | e:   1.000000 | Q:        nan | won: False 
#    5 | steps:   129 | steps_t:     0 | t: 0.128689 | r:  -421.000000 | e:   1.000000 | Q:        nan | won: False 
#    6 | steps:   185 | steps_t:     0 | t: 0.175565 | r:  -482.000000 | e:   1.000000 | Q:        nan | won: False 
#    7 | steps:   196 | steps_t:     0 | t: 0.186500 | r:  -510.000000 | e:   1.000000 | Q:        nan | won: False 
#    8 | steps:   250 | steps_t:     0 | t: 0.224436 | r:  -531.000000 | e:   1.000000 | Q:        nan | won: False 
#    9 | steps:   315 | steps_t:     0 | t: 0.273304 | r:  -509.000000 | e:   1.000000 | Q:        nan | won: False 
#   10 | steps:   345 | steps_t:     0 | t: 0.303223 | r:  -518.000000 | e:   1.000000 | Q:        nan | won: False 
#   11 | steps:   423 | steps_t:     0 | t: 0.370008 | r:  -522.000000 | e:   1.000000 | Q:        nan | won: False 
#   12 | steps:   510 | steps_t:     0 | t: 0.456775 | r:  -491.000000 | e:   1.000000 | Q:        nan | won: False 
#   13 | steps:   544 | steps_t:     0 | t: 0.486696 | r:  -449.000000 | e:   1.000000 | Q:        nan | won: False 
#   14 | steps:   623 | steps_t:     0 | t: 0.545540 | r:  -505.000000 | e:   1.000000 | Q:        nan | won: False 
#   15 | steps:   686 | steps_t:     0 | t: 0.596403 | r:  -478.000000 | e:   1.000000 | Q:        nan | won: False 
#   16 | steps:   704 | steps_t:     0 | t: 0.614391 | r:  -495.000000 | e:   1.000000 | Q:        nan | won: False 
#   17 | steps:   714 | steps_t:     0 | t: 0.627355 | r:  -509.000000 | e:   1.000000 | Q:        nan | won: False 
#   18 | steps:   724 | steps_t:     0 | t: 0.639326 | r:  -487.000000 | e:   1.000000 | Q:        nan | won: False 
#   19 | steps:   749 | steps_t:     0 | t: 0.661227 | r:  -524.000000 | e:   1.000000 | Q:        nan | won: False 
#   20 | steps:   818 | steps_t:     0 | t: 0.729089 | r:  -451.000000 | e:   1.000000 | Q:        nan | won: False 
#   21 | steps:   855 | steps_t:     0 | t: 0.772966 | r:  -463.000000 | e:   1.000000 | Q:        nan | won: False 
#   22 | steps:   932 | steps_t:     0 | t: 0.876688 | r:  -510.000000 | e:   1.000000 | Q:        nan | won: False 
#   23 | steps:   989 | steps_t:     0 | t: 0.922529 | r:  -501.000000 | e:   1.000000 | Q:        nan | won: False 
#   24 | steps:  1057 | steps_t:     0 | t: 0.975390 | r:  -428.000000 | e:   1.000000 | Q:        nan | won: False 
#   25 | steps:  1065 | steps_t:     0 | t: 0.985362 | r:  -507.000000 | e:   1.000000 | Q:        nan | won: False 
#   26 | steps:  1114 | steps_t:     0 | t: 1.021266 | r:  -475.000000 | e:   1.000000 | Q:        nan | won: False 
#   27 | steps:  1156 | steps_t:     0 | t: 1.052182 | r:  -457.000000 | e:   1.000000 | Q:        nan | won: False 
#   28 | steps:  1172 | steps_t:     0 | t: 1.107073 | r:  -464.000000 | e:   1.000000 | Q:        nan | won: False 
#   29 | steps:  1284 | steps_t:     0 | t: 1.178887 | r:  -527.000000 | e:   1.000000 | Q:        nan | won: False 
#   30 | steps:  1379 | steps_t:     0 | t: 1.250653 | r:  -488.000000 | e:   1.000000 | Q:        nan | won: False 
#   31 | steps:  1403 | steps_t:     0 | t: 1.270597 | r:  -439.000000 | e:   1.000000 | Q:        nan | won: False 
#   32 | steps:  1412 | steps_t:     0 | t: 1.281570 | r:  -508.000000 | e:   1.000000 | Q:        nan | won: False 
#   33 | steps:  1480 | steps_t:     0 | t: 1.329442 | r:  -545.000000 | e:   1.000000 | Q:        nan | won: False 
#   34 | steps:  1543 | steps_t:     0 | t: 1.373322 | r:  -540.000000 | e:   1.000000 | Q:        nan | won: False 
#   35 | steps:  1598 | steps_t:     0 | t: 1.417206 | r:  -448.000000 | e:   1.000000 | Q:        nan | won: False 
#   36 | steps:  1666 | steps_t:     0 | t: 1.485027 | r:  -450.000000 | e:   1.000000 | Q:        nan | won: False 
#   37 | steps:  1733 | steps_t:     0 | t: 1.554842 | r:  -522.000000 | e:   1.000000 | Q:        nan | won: False 
#   38 | steps:  1855 | steps_t:     0 | t: 1.648586 | r:  -555.000000 | e:   1.000000 | Q:        nan | won: False 
#   39 | steps:  1939 | steps_t:     0 | t: 1.713450 | r:  -517.000000 | e:   1.000000 | Q:        nan | won: False 
#   40 | steps:  1947 | steps_t:     0 | t: 1.725386 | r:  -507.000000 | e:   1.000000 | Q:        nan | won: False 
#   41 | steps:  2001 | steps_t:     0 | t: 1.765276 | r:  -487.000000 | e:   1.000000 | Q:        nan | won: False 
#   42 | steps:  2036 | steps_t:     0 | t: 1.808160 | r:  -512.000000 | e:   1.000000 | Q:        nan | won: False 
#   43 | steps:  2055 | steps_t:     0 | t: 1.832096 | r:  -372.000000 | e:   1.000000 | Q:        nan | won: False 
#   44 | steps:  2074 | steps_t:     0 | t: 1.859028 | r:  -383.000000 | e:   1.000000 | Q:        nan | won: False 
#   45 | steps:  2136 | steps_t:     0 | t: 1.914875 | r:  -528.000000 | e:   1.000000 | Q:        nan | won: False 
#   46 | steps:  2150 | steps_t:     0 | t: 1.929833 | r:  -513.000000 | e:   1.000000 | Q:        nan | won: False 
#   47 | steps:  2212 | steps_t:     0 | t: 1.985723 | r:  -466.000000 | e:   1.000000 | Q:        nan | won: False 
#   48 | steps:  2222 | steps_t:     0 | t: 1.998687 | r:  -509.000000 | e:   1.000000 | Q:        nan | won: False 
#   49 | steps:  2303 | steps_t:     0 | t: 2.057529 | r:  -558.000000 | e:   1.000000 | Q:        nan | won: False 
#   50 | steps:  2340 | steps_t:     0 | t: 2.091441 | r:  -474.000000 | e:   1.000000 | Q:        nan | won: False 
#   51 | steps:  2359 | steps_t:     0 | t: 2.117333 | r:  -518.000000 | e:   1.000000 | Q:        nan | won: False 
#   52 | steps:  2411 | steps_t:     0 | t: 2.171188 | r:  -485.000000 | e:   1.000000 | Q:        nan | won: False 
#   53 | steps:  2424 | steps_t:     0 | t: 2.189140 | r:  -490.000000 | e:   1.000000 | Q:        nan | won: False 
#   54 | steps:  2451 | steps_t:     0 | t: 2.212080 | r:  -504.000000 | e:   1.000000 | Q:        nan | won: False 
#   55 | steps:  2461 | steps_t:     0 | t: 2.224048 | r:  -476.000000 | e:   1.000000 | Q:        nan | won: False 
#   56 | steps:  2498 | steps_t:     0 | t: 2.257993 | r:  -492.000000 | e:   1.000000 | Q:        nan | won: False 
#   57 | steps:  2506 | steps_t:     0 | t: 2.268927 | r:  -507.000000 | e:   1.000000 | Q:        nan | won: False 
#   58 | steps:  2564 | steps_t:     0 | t: 2.316798 | r:  -513.000000 | e:   1.000000 | Q:        nan | won: False 
#   59 | steps:  2642 | steps_t:     0 | t: 2.383657 | r:  -555.000000 | e:   1.000000 | Q:        nan | won: False 
#   60 | steps:  2714 | steps_t:     0 | t: 2.508323 | r:   157.000000 | e:   1.000000 | Q:        nan | won: True 
#   61 | steps:  2776 | steps_t:     0 | t: 2.589071 | r:  -506.000000 | e:   1.000000 | Q:        nan | won: False 
#   62 | steps:  2802 | steps_t:     0 | t: 2.621991 | r:  -430.000000 | e:   1.000000 | Q:        nan | won: False 
#   63 | steps:  2826 | steps_t:     0 | t: 2.653913 | r:  -461.000000 | e:   1.000000 | Q:        nan | won: False 
#   64 | steps:  2835 | steps_t:     0 | t: 2.668862 | r:  -497.000000 | e:   1.000000 | Q:        nan | won: False 
#   65 | steps:  2843 | steps_t:     0 | t: 2.678831 | r:  -496.000000 | e:   1.000000 | Q:        nan | won: False 
#   66 | steps:  2854 | steps_t:     0 | t: 2.690799 | r:  -499.000000 | e:   1.000000 | Q:        nan | won: False 
#   67 | steps:  2916 | steps_t:     0 | t: 2.740666 | r:   167.000000 | e:   1.000000 | Q:        nan | won: True 
#   68 | steps:  2922 | steps_t:     0 | t: 2.751635 | r:  -505.000000 | e:   1.000000 | Q:        nan | won: False 
#   69 | steps:  2999 | steps_t:     0 | t: 2.819453 | r:  -532.000000 | e:   1.000000 | Q:        nan | won: False 
#   70 | steps:  3070 | steps_t:     0 | t: 2.879295 | r:  -486.000000 | e:   1.000000 | Q:        nan | won: False 
#   71 | steps:  3153 | steps_t:     0 | t: 2.964067 | r:  -549.000000 | e:   1.000000 | Q:        nan | won: False 
#   72 | steps:  3165 | steps_t:     0 | t: 2.978030 | r:  -500.000000 | e:   1.000000 | Q:        nan | won: False 
#   73 | steps:  3220 | steps_t:     0 | t: 3.022910 | r:  -510.000000 | e:   1.000000 | Q:        nan | won: False 
#   74 | steps:  3279 | steps_t:     0 | t: 3.077766 | r:  -485.000000 | e:   1.000000 | Q:        nan | won: False 
#   75 | steps:  3319 | steps_t:     0 | t: 3.117664 | r:  -455.000000 | e:   1.000000 | Q:        nan | won: False 
#   76 | steps:  3330 | steps_t:     0 | t: 3.130658 | r:  -499.000000 | e:   1.000000 | Q:        nan | won: False 
#   77 | steps:  3387 | steps_t:     0 | t: 3.174505 | r:  -472.000000 | e:   1.000000 | Q:        nan | won: False 
#   78 | steps:  3454 | steps_t:     0 | t: 3.235378 | r:  -438.000000 | e:   1.000000 | Q:        nan | won: False 
#   79 | steps:  3472 | steps_t:     0 | t: 3.254293 | r:  -506.000000 | e:   1.000000 | Q:        nan | won: False 
#   80 | steps:  3535 | steps_t:     0 | t: 3.306188 | r:  -456.000000 | e:   1.000000 | Q:        nan | won: False 
#   81 | steps:  3554 | steps_t:     0 | t: 3.327096 | r:  -485.000000 | e:   1.000000 | Q:        nan | won: False 
#   82 | steps:  3586 | steps_t:     0 | t: 3.357015 | r:  -469.000000 | e:   1.000000 | Q:        nan | won: False 
#   83 | steps:  3599 | steps_t:     0 | t: 3.371015 | r:  -490.000000 | e:   1.000000 | Q:        nan | won: False 
#   84 | steps:  3644 | steps_t:     0 | t: 3.407881 | r:  -460.000000 | e:   1.000000 | Q:        nan | won: False 
#   85 | steps:  3685 | steps_t:     0 | t: 3.441792 | r:  -445.000000 | e:   1.000000 | Q:        nan | won: False 
#   86 | steps:  3703 | steps_t:     0 | t: 3.460743 | r:  -506.000000 | e:   1.000000 | Q:        nan | won: False 
#   87 | steps:  3764 | steps_t:     0 | t: 3.510605 | r:  -476.000000 | e:   1.000000 | Q:        nan | won: False 
#   88 | steps:  3777 | steps_t:     0 | t: 3.528557 | r:  -512.000000 | e:   1.000000 | Q:        nan | won: False 
#   89 | steps:  3797 | steps_t:     0 | t: 3.548542 | r:  -508.000000 | e:   1.000000 | Q:        nan | won: False 
#   90 | steps:  3834 | steps_t:     0 | t: 3.584464 | r:  -514.000000 | e:   1.000000 | Q:        nan | won: False 
#   91 | steps:  3905 | steps_t:     0 | t: 3.645281 | r:  -537.000000 | e:   1.000000 | Q:        nan | won: False 
#   92 | steps:  3960 | steps_t:     0 | t: 3.699101 | r:  -481.000000 | e:   1.000000 | Q:        nan | won: False 
#   93 | steps:  3999 | steps_t:     0 | t: 3.756948 | r:  -465.000000 | e:   1.000000 | Q:        nan | won: False 
#   94 | steps:  4059 | steps_t:     0 | t: 3.820776 | r:  -475.000000 | e:   1.000000 | Q:        nan | won: False 
#   95 | steps:  4131 | steps_t:     0 | t: 3.872665 | r:  -498.000000 | e:   1.000000 | Q:        nan | won: False 
#   96 | steps:  4141 | steps_t:     0 | t: 3.885602 | r:  -498.000000 | e:   1.000000 | Q:        nan | won: False 
#   97 | steps:  4162 | steps_t:     0 | t: 3.906547 | r:  -498.000000 | e:   1.000000 | Q:        nan | won: False 
#   98 | steps:  4208 | steps_t:     0 | t: 3.940455 | r:  -461.000000 | e:   1.000000 | Q:        nan | won: False 
#   99 | steps:  4258 | steps_t:     0 | t: 3.997305 | r:  -454.000000 | e:   1.000000 | Q:        nan | won: False 
#  100 | steps:  4310 | steps_t:     0 | t: 4.050161 | r:  -478.000000 | e:   1.000000 | Q:        nan | won: False 
#  101 | steps:  4341 | steps_t:     0 | t: 4.078088 | r:  -406.000000 | e:   1.000000 | Q:        nan | won: False 
#  102 | steps:  4380 | steps_t:     0 | t: 4.109004 | r:  -443.000000 | e:   1.000000 | Q:        nan | won: False 
#  103 | steps:  4483 | steps_t:     0 | t: 4.202754 | r:    75.000000 | e:   1.000000 | Q:        nan | won: True 
#  104 | steps:  4497 | steps_t:     0 | t: 4.222700 | r:  -513.000000 | e:   1.000000 | Q:        nan | won: False 
#  105 | steps:  4507 | steps_t:     0 | t: 4.237659 | r:  -509.000000 | e:   1.000000 | Q:        nan | won: False 
#  106 | steps:  4582 | steps_t:     0 | t: 4.309474 | r:  -541.000000 | e:   1.000000 | Q:        nan | won: False 
#  107 | steps:  4629 | steps_t:     0 | t: 4.371302 | r:  -462.000000 | e:   1.000000 | Q:        nan | won: False 
#  108 | steps:  4688 | steps_t:     0 | t: 4.431142 | r:  -474.000000 | e:   1.000000 | Q:        nan | won: False 
#  109 | steps:  4711 | steps_t:     0 | t: 4.454081 | r:  -511.000000 | e:   1.000000 | Q:        nan | won: False 
#  110 | steps:  4727 | steps_t:     0 | t: 4.475026 | r:  -504.000000 | e:   1.000000 | Q:        nan | won: False 
#  111 | steps:  4761 | steps_t:     0 | t: 4.502004 | r:  -511.000000 | e:   1.000000 | Q:        nan | won: False 
#  112 | steps:  4792 | steps_t:     0 | t: 4.525887 | r:  -446.000000 | e:   1.000000 | Q:        nan | won: False 
#  113 | steps:  4852 | steps_t:     0 | t: 4.566781 | r:  -504.000000 | e:   1.000000 | Q:        nan | won: False 
#  114 | steps:  4890 | steps_t:     0 | t: 4.599729 | r:  -453.000000 | e:   1.000000 | Q:        nan | won: False 
#  115 | steps:  4938 | steps_t:     0 | t: 4.638588 | r:  -474.000000 | e:   1.000000 | Q:        nan | won: False 
#  116 | steps:  4958 | steps_t:     0 | t: 4.657535 | r:  -508.000000 | e:   1.000000 | Q:        nan | won: False 
#  117 | steps:  4982 | steps_t:     0 | t: 4.678484 | r:  -439.000000 | e:   1.000000 | Q:        nan | won: False 
#  118 | steps:  5051 | steps_t:    50 | t: 5.381599 | r:  -491.000000 | e:   0.995000 | Q:        nan | won: False 
#  119 | steps:  5068 | steps_t:    66 | t: 5.509258 | r:  -516.000000 | e:   0.993400 | Q:        nan | won: False 
