#    1 | steps:    14 | steps_t:     0 | t: 0.202458 | r:  -502.000000 | e:   1.000000 | Q:        nan | won: False 
#    2 | steps:    39 | steps_t:     0 | t: 0.255315 | r:  -429.000000 | e:   1.000000 | Q:        nan | won: False 
#    3 | steps:    60 | steps_t:     0 | t: 0.289224 | r:  -407.000000 | e:   1.000000 | Q:        nan | won: False 
#    4 | steps:    96 | steps_t:     0 | t: 0.351056 | r:  -451.000000 | e:   1.000000 | Q:        nan | won: False 
#    5 | steps:   161 | steps_t:     0 | t: 0.396934 | r:  -469.000000 | e:   1.000000 | Q:        nan | won: False 
#    6 | steps:   202 | steps_t:     0 | t: 0.430899 | r:  -478.000000 | e:   1.000000 | Q:        nan | won: False 
#    7 | steps:   303 | steps_t:     0 | t: 0.504682 | r:  -523.000000 | e:   1.000000 | Q:        nan | won: False 
#    8 | steps:   338 | steps_t:     0 | t: 0.533571 | r:  -439.000000 | e:   1.000000 | Q:        nan | won: False 
#    9 | steps:   391 | steps_t:     0 | t: 0.575498 | r:  -479.000000 | e:   1.000000 | Q:        nan | won: False 
#   10 | steps:   427 | steps_t:     0 | t: 0.601387 | r:  -473.000000 | e:   1.000000 | Q:        nan | won: False 
#   11 | steps:   508 | steps_t:     0 | t: 0.656281 | r:  -507.000000 | e:   1.000000 | Q:        nan | won: False 
#   12 | steps:   565 | steps_t:     0 | t: 0.701121 | r:  -461.000000 | e:   1.000000 | Q:        nan | won: False 
#   13 | steps:   576 | steps_t:     0 | t: 0.714088 | r:  -510.000000 | e:   1.000000 | Q:        nan | won: False 
#   14 | steps:   592 | steps_t:     0 | t: 0.729058 | r:  -515.000000 | e:   1.000000 | Q:        nan | won: False 
#   15 | steps:   603 | steps_t:     0 | t: 0.743011 | r:  -499.000000 | e:   1.000000 | Q:        nan | won: False 
#   16 | steps:   610 | steps_t:     0 | t: 0.760000 | r:  -506.000000 | e:   1.000000 | Q:        nan | won: False 
#   17 | steps:   667 | steps_t:     0 | t: 0.820801 | r:  -461.000000 | e:   1.000000 | Q:        nan | won: False 
#   18 | steps:   748 | steps_t:     0 | t: 0.874657 | r:  -474.000000 | e:   1.000000 | Q:        nan | won: False 
#   19 | steps:   776 | steps_t:     0 | t: 0.897596 | r:  -392.000000 | e:   1.000000 | Q:        nan | won: False 
#   20 | steps:   843 | steps_t:     0 | t: 0.945468 | r:  -544.000000 | e:   1.000000 | Q:        nan | won: False 
#   21 | steps:   921 | steps_t:     0 | t: 0.999323 | r:  -504.000000 | e:   1.000000 | Q:        nan | won: False 
#   22 | steps:   985 | steps_t:     0 | t: 1.043254 | r:  -508.000000 | e:   1.000000 | Q:        nan | won: False 
#   23 | steps:  1037 | steps_t:     0 | t: 1.091078 | r:  -405.000000 | e:   1.000000 | Q:        nan | won: False 
#   24 | steps:  1082 | steps_t:     0 | t: 1.125021 | r:  -489.000000 | e:   1.000000 | Q:        nan | won: False 
#   25 | steps:  1148 | steps_t:     0 | t: 1.173890 | r:  -499.000000 | e:   1.000000 | Q:        nan | won: False 
#   26 | steps:  1201 | steps_t:     0 | t: 1.217739 | r:  -457.000000 | e:   1.000000 | Q:        nan | won: False 
#   27 | steps:  1221 | steps_t:     0 | t: 1.234693 | r:  -446.000000 | e:   1.000000 | Q:        nan | won: False 
#   28 | steps:  1317 | steps_t:     0 | t: 1.305504 | r:  -511.000000 | e:   1.000000 | Q:        nan | won: False 
#   29 | steps:  1395 | steps_t:     0 | t: 1.371331 | r:  -500.000000 | e:   1.000000 | Q:        nan | won: False 
#   30 | steps:  1411 | steps_t:     0 | t: 1.395263 | r:  -402.000000 | e:   1.000000 | Q:        nan | won: False 
#   31 | steps:  1486 | steps_t:     0 | t: 1.456100 | r:  -530.000000 | e:   1.000000 | Q:        nan | won: False 
#   32 | steps:  1509 | steps_t:     0 | t: 1.476047 | r:  -511.000000 | e:   1.000000 | Q:        nan | won: False 
#   33 | steps:  1565 | steps_t:     0 | t: 1.515940 | r:  -482.000000 | e:   1.000000 | Q:        nan | won: False 
#   34 | steps:  1614 | steps_t:     0 | t: 1.568830 | r:  -431.000000 | e:   1.000000 | Q:        nan | won: False 
#   35 | steps:  1642 | steps_t:     0 | t: 1.593733 | r:  -454.000000 | e:   1.000000 | Q:        nan | won: False 
#   36 | steps:  1679 | steps_t:     0 | t: 1.622690 | r:  -452.000000 | e:   1.000000 | Q:        nan | won: False 
#   37 | steps:  1689 | steps_t:     0 | t: 1.634623 | r:  -498.000000 | e:   1.000000 | Q:        nan | won: False 
#   38 | steps:  1725 | steps_t:     0 | t: 1.662585 | r:  -462.000000 | e:   1.000000 | Q:        nan | won: False 
#   39 | steps:  1744 | steps_t:     0 | t: 1.678546 | r:  -518.000000 | e:   1.000000 | Q:        nan | won: False 
#   40 | steps:  1761 | steps_t:     0 | t: 1.693466 | r:  -505.000000 | e:   1.000000 | Q:        nan | won: False 
#   41 | steps:  1782 | steps_t:     0 | t: 1.711418 | r:  -498.000000 | e:   1.000000 | Q:        nan | won: False 
#   42 | steps:  1797 | steps_t:     0 | t: 1.727373 | r:  -481.000000 | e:   1.000000 | Q:        nan | won: False 
#   43 | steps:  1858 | steps_t:     0 | t: 1.773251 | r:  -498.000000 | e:   1.000000 | Q:        nan | won: False 
#   44 | steps:  1943 | steps_t:     0 | t: 1.845062 | r:  -562.000000 | e:   1.000000 | Q:        nan | won: False 
#   45 | steps:  2012 | steps_t:     0 | t: 1.904943 | r:  -535.000000 | e:   1.000000 | Q:        nan | won: False 
#   46 | steps:  2092 | steps_t:     0 | t: 1.960791 | r:  -473.000000 | e:   1.000000 | Q:        nan | won: False 
#   47 | steps:  2107 | steps_t:     0 | t: 1.975711 | r:  -503.000000 | e:   1.000000 | Q:        nan | won: False 
#   48 | steps:  2123 | steps_t:     0 | t: 1.991703 | r:  -482.000000 | e:   1.000000 | Q:        nan | won: False 
#   49 | steps:  2212 | steps_t:     0 | t: 2.050550 | r:  -460.000000 | e:   1.000000 | Q:        nan | won: False 
#   50 | steps:  2276 | steps_t:     0 | t: 2.097421 | r:  -552.000000 | e:   1.000000 | Q:        nan | won: False 
#   51 | steps:  2286 | steps_t:     0 | t: 2.108354 | r:  -498.000000 | e:   1.000000 | Q:        nan | won: False 
#   52 | steps:  2345 | steps_t:     0 | t: 2.218097 | r:  -430.000000 | e:   1.000000 | Q:        nan | won: False 
#   53 | steps:  2381 | steps_t:     0 | t: 2.248982 | r:  -502.000000 | e:   1.000000 | Q:        nan | won: False 
#   54 | steps:  2396 | steps_t:     0 | t: 2.262945 | r:  -503.000000 | e:   1.000000 | Q:        nan | won: False 
#   55 | steps:  2470 | steps_t:     0 | t: 2.313845 | r:  -562.000000 | e:   1.000000 | Q:        nan | won: False 
#   56 | steps:  2503 | steps_t:     0 | t: 2.344759 | r:  -470.000000 | e:   1.000000 | Q:        nan | won: False 
#   57 | steps:  2539 | steps_t:     0 | t: 2.372648 | r:  -462.000000 | e:   1.000000 | Q:        nan | won: False 
#   58 | steps:  2585 | steps_t:     0 | t: 2.407556 | r:  -461.000000 | e:   1.000000 | Q:        nan | won: False 
#   59 | steps:  2658 | steps_t:     0 | t: 2.523247 | r:  -444.000000 | e:   1.000000 | Q:        nan | won: False 
#   60 | steps:  2671 | steps_t:     0 | t: 2.560155 | r:  -461.000000 | e:   1.000000 | Q:        nan | won: False 
#   61 | steps:  2727 | steps_t:     0 | t: 2.653895 | r:  -489.000000 | e:   1.000000 | Q:        nan | won: False 
#   62 | steps:  2737 | steps_t:     0 | t: 2.670851 | r:  -509.000000 | e:   1.000000 | Q:        nan | won: False 
#   63 | steps:  2749 | steps_t:     0 | t: 2.688802 | r:  -511.000000 | e:   1.000000 | Q:        nan | won: False 
#   64 | steps:  2825 | steps_t:     0 | t: 2.772580 | r:  -480.000000 | e:   1.000000 | Q:        nan | won: False 
#   65 | steps:  2850 | steps_t:     0 | t: 2.794519 | r:  -473.000000 | e:   1.000000 | Q:        nan | won: False 
#   66 | steps:  2921 | steps_t:     0 | t: 2.849408 | r:  -486.000000 | e:   1.000000 | Q:        nan | won: False 
#   67 | steps:  2930 | steps_t:     0 | t: 2.859382 | r:  -508.000000 | e:   1.000000 | Q:        nan | won: False 
#   68 | steps:  2965 | steps_t:     0 | t: 2.886309 | r:  -439.000000 | e:   1.000000 | Q:        nan | won: False 
#   69 | steps:  3066 | steps_t:     0 | t: 2.979063 | r:  -483.000000 | e:   1.000000 | Q:        nan | won: False 
#   70 | steps:  3123 | steps_t:     0 | t: 3.020915 | r:  -490.000000 | e:   1.000000 | Q:        nan | won: False 
#   71 | steps:  3149 | steps_t:     0 | t: 3.045849 | r:  -463.000000 | e:   1.000000 | Q:        nan | won: False 
#   72 | steps:  3213 | steps_t:     0 | t: 3.106719 | r:  -435.000000 | e:   1.000000 | Q:        nan | won: False 
#   73 | steps:  3231 | steps_t:     0 | t: 3.125632 | r:  -455.000000 | e:   1.000000 | Q:        nan | won: False 
#   74 | steps:  3286 | steps_t:     0 | t: 3.176533 | r:  -437.000000 | e:   1.000000 | Q:        nan | won: False 
#   75 | steps:  3392 | steps_t:     0 | t: 3.270246 | r:  -550.000000 | e:   1.000000 | Q:        nan | won: False 
#   76 | steps:  3402 | steps_t:     0 | t: 3.288203 | r:  -509.000000 | e:   1.000000 | Q:        nan | won: False 
#   77 | steps:  3552 | steps_t:     0 | t: 3.414858 | r:  -627.000000 | e:   1.000000 | Q:        nan | won: False 
#   78 | steps:  3562 | steps_t:     0 | t: 3.428828 | r:  -509.000000 | e:   1.000000 | Q:        nan | won: False 
#   79 | steps:  3678 | steps_t:     0 | t: 3.514594 | r:   113.000000 | e:   1.000000 | Q:        nan | won: True 
#   80 | steps:  3728 | steps_t:     0 | t: 3.553487 | r:  -538.000000 | e:   1.000000 | Q:        nan | won: False 
#   81 | steps:  3768 | steps_t:     0 | t: 3.589391 | r:  -484.000000 | e:   1.000000 | Q:        nan | won: False 
#   82 | steps:  3798 | steps_t:     0 | t: 3.621309 | r:  -478.000000 | e:   1.000000 | Q:        nan | won: False 
#   83 | steps:  3851 | steps_t:     0 | t: 3.671178 | r:  -457.000000 | e:   1.000000 | Q:        nan | won: False 
#   84 | steps:  3875 | steps_t:     0 | t: 3.703088 | r:  -468.000000 | e:   1.000000 | Q:        nan | won: False 
#   85 | steps:  3929 | steps_t:     0 | t: 3.740986 | r:  -531.000000 | e:   1.000000 | Q:        nan | won: False 
#   86 | steps:  3977 | steps_t:     0 | t: 3.781877 | r:  -441.000000 | e:   1.000000 | Q:        nan | won: False 
#   87 | steps:  4009 | steps_t:     0 | t: 3.807808 | r:  -520.000000 | e:   1.000000 | Q:        nan | won: False 
#   88 | steps:  4030 | steps_t:     0 | t: 3.825761 | r:  -498.000000 | e:   1.000000 | Q:        nan | won: False 
#   89 | steps:  4054 | steps_t:     0 | t: 3.845707 | r:  -490.000000 | e:   1.000000 | Q:        nan | won: False 
#   90 | steps:  4113 | steps_t:     0 | t: 3.885598 | r:  -536.000000 | e:   1.000000 | Q:        nan | won: False 
#   91 | steps:  4305 | steps_t:     0 | t: 4.025228 | r:  -585.000000 | e:   1.000000 | Q:        nan | won: False 
#   92 | steps:  4317 | steps_t:     0 | t: 4.044177 | r:  -511.000000 | e:   1.000000 | Q:        nan | won: False 
#   93 | steps:  4348 | steps_t:     0 | t: 4.073097 | r:  -457.000000 | e:   1.000000 | Q:        nan | won: False 
#   94 | steps:  4359 | steps_t:     0 | t: 4.086097 | r:  -488.000000 | e:   1.000000 | Q:        nan | won: False 
#   95 | steps:  4385 | steps_t:     0 | t: 4.107043 | r:  -474.000000 | e:   1.000000 | Q:        nan | won: False 
#   96 | steps:  4441 | steps_t:     0 | t: 4.145934 | r:  -500.000000 | e:   1.000000 | Q:        nan | won: False 
#   97 | steps:  4488 | steps_t:     0 | t: 4.200757 | r:  -513.000000 | e:   1.000000 | Q:        nan | won: False 
#   98 | steps:  4511 | steps_t:     0 | t: 4.233668 | r:  -522.000000 | e:   1.000000 | Q:        nan | won: False 
#   99 | steps:  4517 | steps_t:     0 | t: 4.251621 | r:  -505.000000 | e:   1.000000 | Q:        nan | won: False 
#  100 | steps:  4547 | steps_t:     0 | t: 4.292513 | r:  -518.000000 | e:   1.000000 | Q:        nan | won: False 
#  101 | steps:  4557 | steps_t:     0 | t: 4.316460 | r:  -509.000000 | e:   1.000000 | Q:        nan | won: False 
#  102 | steps:  4571 | steps_t:     0 | t: 4.335432 | r:  -513.000000 | e:   1.000000 | Q:        nan | won: False 
#  103 | steps:  4609 | steps_t:     0 | t: 4.364319 | r:  -420.000000 | e:   1.000000 | Q:        nan | won: False 
#  104 | steps:  4722 | steps_t:     0 | t: 4.467045 | r:  -484.000000 | e:   1.000000 | Q:        nan | won: False 
#  105 | steps:  4768 | steps_t:     0 | t: 4.525887 | r:  -450.000000 | e:   1.000000 | Q:        nan | won: False 
#  106 | steps:  4791 | steps_t:     0 | t: 4.560792 | r:  -438.000000 | e:   1.000000 | Q:        nan | won: False 
#  107 | steps:  4817 | steps_t:     0 | t: 4.587720 | r:  -503.000000 | e:   1.000000 | Q:        nan | won: False 
#  108 | steps:  4828 | steps_t:     0 | t: 4.599689 | r:  -448.000000 | e:   1.000000 | Q:        nan | won: False 
#  109 | steps:  4852 | steps_t:     0 | t: 4.621629 | r:  -450.000000 | e:   1.000000 | Q:        nan | won: False 
#  110 | steps:  4864 | steps_t:     0 | t: 4.634632 | r:  -500.000000 | e:   1.000000 | Q:        nan | won: False 
#  111 | steps:  4873 | steps_t:     0 | t: 4.645604 | r:  -497.000000 | e:   1.000000 | Q:        nan | won: False 
#  112 | steps:  4896 | steps_t:     0 | t: 4.664556 | r:  -511.000000 | e:   1.000000 | Q:        nan | won: False 
#  113 | steps:  4907 | steps_t:     0 | t: 4.678514 | r:  -488.000000 | e:   1.000000 | Q:        nan | won: False 
#  114 | steps:  4967 | steps_t:     0 | t: 4.742307 | r:  -475.000000 | e:   1.000000 | Q:        nan | won: False 
#  115 | steps:  5004 | steps_t:     3 | t: 5.377610 | r:  -441.000000 | e:   0.999700 | Q:        nan | won: False 
#  116 | steps:  5052 | steps_t:    50 | t: 5.801474 | r:  -452.000000 | e:   0.995000 | Q:        nan | won: False 
#  117 | steps:  5072 | steps_t:    69 | t: 5.998945 | r:  -497.000000 | e:   0.993100 | Q:        nan | won: False 
#  118 | steps:  5150 | steps_t:   146 | t: 6.626269 | r:  -504.000000 | e:   0.985400 | Q:        nan | won: False 
#  119 | steps:  5179 | steps_t:   174 | t: 6.906518 | r:  -466.000000 | e:   0.982600 | Q:        nan | won: False 
#  120 | steps:  5196 | steps_t:   190 | t: 7.173801 | r:  -516.000000 | e:   0.981000 | Q: -13.949037 | won: False 
#  121 | steps:  5207 | steps_t:   200 | t: 7.283511 | r:  -499.000000 | e:   0.980000 | Q:        nan | won: False 
#  122 | steps:  5218 | steps_t:   210 | t: 7.361301 | r:  -510.000000 | e:   0.979000 | Q:        nan | won: False 
#  123 | steps:  5236 | steps_t:   227 | t: 7.546803 | r:  -506.000000 | e:   0.977300 | Q:        nan | won: False 
#  124 | steps:  5364 | steps_t:   354 | t: 8.949056 | r:  -594.000000 | e:   0.964600 | Q: -39.155975 | won: False 
#  125 | steps:  5381 | steps_t:   370 | t: 9.069740 | r:  -494.000000 | e:   0.963000 | Q: -70.310760 | won: False 
#  126 | steps:  5470 | steps_t:   458 | t: 9.944388 | r:  -555.000000 | e:   0.954200 | Q: -70.089500 | won: False 
#  127 | steps:  5517 | steps_t:   504 | t: 10.305423 | r:  -462.000000 | e:   0.949600 | Q: -73.898827 | won: False 
#  128 | steps:  5593 | steps_t:   579 | t: 10.929752 | r:  -502.000000 | e:   0.942100 | Q: -70.568092 | won: False 
#  129 | steps:  5617 | steps_t:   602 | t: 11.150163 | r:  -512.000000 | e:   0.939800 | Q: -92.619682 | won: False 
#  130 | steps:  5645 | steps_t:   629 | t: 11.390520 | r:  -465.000000 | e:   0.937100 | Q: -86.570908 | won: False 
#  131 | steps:  5760 | steps_t:   743 | t: 12.292108 | r:  -592.000000 | e:   0.925700 | Q: -88.941933 | won: False 
#  132 | steps:  5776 | steps_t:   758 | t: 12.399819 | r:  -493.000000 | e:   0.924200 | Q:        nan | won: False 
#  133 | steps:  5813 | steps_t:   794 | t: 12.709990 | r:  -463.000000 | e:   0.920600 | Q: -72.506668 | won: False 
#  134 | steps:  5843 | steps_t:   823 | t: 12.929402 | r:  -456.000000 | e:   0.917700 | Q: -76.344902 | won: False 
#  135 | steps:  5896 | steps_t:   875 | t: 13.303401 | r:  -468.000000 | e:   0.912500 | Q: -88.226105 | won: False 
#  136 | steps:  5906 | steps_t:   884 | t: 13.377203 | r:  -498.000000 | e:   0.911600 | Q: -97.464417 | won: False 
#  137 | steps:  5948 | steps_t:   925 | t: 13.672415 | r:  -468.000000 | e:   0.907500 | Q: -87.128128 | won: False 
#  138 | steps:  5955 | steps_t:   931 | t: 13.726270 | r:  -506.000000 | e:   0.906900 | Q:        nan | won: False 
#  139 | steps:  6032 | steps_t:  1007 | t: 14.336636 | r:  -503.000000 | e:   0.899300 | Q: -89.815346 | won: False 
#  140 | steps:  6043 | steps_t:  1017 | t: 14.411437 | r:  -499.000000 | e:   0.898300 | Q:        nan | won: False 
#  141 | steps:  6062 | steps_t:  1035 | t: 14.546076 | r:  -518.000000 | e:   0.896500 | Q: -108.505829 | won: False 
#  142 | steps:  6118 | steps_t:  1090 | t: 15.018811 | r:  -482.000000 | e:   0.891000 | Q: -91.043922 | won: False 
#  143 | steps:  6197 | steps_t:  1168 | t: 15.603250 | r:  -505.000000 | e:   0.883200 | Q: -80.202316 | won: False 
#  144 | steps:  6209 | steps_t:  1179 | t: 15.687024 | r:  -500.000000 | e:   0.882100 | Q: -96.580078 | won: False 
#  145 | steps:  6243 | steps_t:  1212 | t: 15.935370 | r:  -467.000000 | e:   0.878800 | Q: -91.504425 | won: False 
#  146 | steps:  6315 | steps_t:  1283 | t: 16.528771 | r:  -538.000000 | e:   0.871700 | Q: -74.011246 | won: False 
#  147 | steps:  6335 | steps_t:  1302 | t: 16.670393 | r:  -446.000000 | e:   0.869800 | Q: -95.024048 | won: False 
#  148 | steps:  6424 | steps_t:  1390 | t: 17.389468 | r:  -555.000000 | e:   0.861000 | Q: -79.117142 | won: False 
#  149 | steps:  6435 | steps_t:  1400 | t: 17.473244 | r:  -510.000000 | e:   0.860000 | Q: -105.278709 | won: False 
#  150 | steps:  6509 | steps_t:  1473 | t: 18.028758 | r:  -551.000000 | e:   0.852700 | Q: -76.243683 | won: False 
#  151 | steps:  6536 | steps_t:  1499 | t: 18.285074 | r:  -526.000000 | e:   0.850100 | Q: -89.903442 | won: False 
#  152 | steps:  6581 | steps_t:  1543 | t: 18.632145 | r:  -533.000000 | e:   0.845700 | Q: -84.828316 | won: False 
#  153 | steps:  6604 | steps_t:  1565 | t: 18.804686 | r:  -427.000000 | e:   0.843500 | Q: -83.369980 | won: False 
#  154 | steps:  6622 | steps_t:  1582 | t: 18.982208 | r:  -506.000000 | e:   0.841800 | Q: -80.260178 | won: False 
#  155 | steps:  6663 | steps_t:  1622 | t: 19.343241 | r:  -467.000000 | e:   0.837800 | Q: -67.408936 | won: False 
#  156 | steps:  6762 | steps_t:  1720 | t: 20.102210 | r:  -503.000000 | e:   0.828000 | Q: -71.350075 | won: False 
#  157 | steps:  6779 | steps_t:  1736 | t: 20.237852 | r:  -432.000000 | e:   0.826400 | Q: -94.144318 | won: False 
#  158 | steps:  6878 | steps_t:  1834 | t: 21.036715 | r:  -565.000000 | e:   0.816600 | Q: -69.512001 | won: False 
#  159 | steps:  6912 | steps_t:  1867 | t: 21.305990 | r:  -460.000000 | e:   0.813300 | Q: -85.306030 | won: False 
#  160 | steps:  6922 | steps_t:  1876 | t: 21.378795 | r:  -509.000000 | e:   0.812400 | Q:        nan | won: False 
#  161 | steps:  6963 | steps_t:  1916 | t: 21.744815 | r:  -467.000000 | e:   0.808400 | Q: -76.916122 | won: False 
#  162 | steps:  6973 | steps_t:  1925 | t: 21.816623 | r:  -509.000000 | e:   0.807500 | Q: -103.467178 | won: False 
#  163 | steps:  7028 | steps_t:  1979 | t: 22.224533 | r:  -499.000000 | e:   0.802100 | Q: -104.712547 | won: False 
#  164 | steps:  7123 | steps_t:  2073 | t: 23.094207 | r:  -510.000000 | e:   0.792700 | Q: -116.354286 | won: False 
#  165 | steps:  7131 | steps_t:  2080 | t: 23.157041 | r:  -507.000000 | e:   0.792000 | Q:        nan | won: False 
#  166 | steps:  7146 | steps_t:  2094 | t: 23.265755 | r:  -514.000000 | e:   0.790600 | Q: -122.940712 | won: False 
#  167 | steps:  7214 | steps_t:  2161 | t: 23.838215 | r:  -483.000000 | e:   0.783900 | Q: -93.050568 | won: False 
#  168 | steps:  7245 | steps_t:  2191 | t: 24.086553 | r:  -457.000000 | e:   0.780900 | Q: -82.445801 | won: False 
#  169 | steps:  7342 | steps_t:  2287 | t: 24.861476 | r:  -519.000000 | e:   0.771300 | Q: -81.362877 | won: False 
#  170 | steps:  7357 | steps_t:  2301 | t: 24.988138 | r:  -503.000000 | e:   0.769900 | Q: -114.910332 | won: False 
#  171 | steps:  7365 | steps_t:  2308 | t: 25.056956 | r:  -496.000000 | e:   0.769200 | Q: -122.056679 | won: False 
#  172 | steps:  7386 | steps_t:  2328 | t: 25.225503 | r:  -509.000000 | e:   0.767200 | Q: -121.196533 | won: False 
#  173 | steps:  7454 | steps_t:  2395 | t: 25.766057 | r:  -534.000000 | e:   0.760500 | Q: -83.987991 | won: False 
#  174 | steps:  7508 | steps_t:  2448 | t: 26.365453 | r:  -480.000000 | e:   0.755200 | Q: -88.042114 | won: False 
#  175 | steps:  7546 | steps_t:  2485 | t: 26.702550 | r:  -431.000000 | e:   0.751500 | Q: -92.100861 | won: False 
#  176 | steps:  7561 | steps_t:  2499 | t: 26.848161 | r:  -503.000000 | e:   0.750100 | Q: -131.617889 | won: False 
#  177 | steps:  7608 | steps_t:  2545 | t: 27.251084 | r:  -524.000000 | e:   0.745500 | Q: -123.940056 | won: False 
#  178 | steps:  7668 | steps_t:  2604 | t: 27.733792 | r:  -486.000000 | e:   0.739600 | Q: -92.549332 | won: False 
#  179 | steps:  7685 | steps_t:  2620 | t: 27.879402 | r:  -516.000000 | e:   0.738000 | Q: -110.393631 | won: False 
#  180 | steps:  7738 | steps_t:  2672 | t: 28.306260 | r:  -479.000000 | e:   0.732800 | Q: -72.013260 | won: False 
#  181 | steps:  7760 | steps_t:  2693 | t: 28.518691 | r:  -521.000000 | e:   0.730700 | Q: -104.471161 | won: False 
#  182 | steps:  7779 | steps_t:  2711 | t: 28.676277 | r:  -485.000000 | e:   0.728900 | Q: -106.079865 | won: False 
#  183 | steps:  7828 | steps_t:  2759 | t: 29.084178 | r:  -537.000000 | e:   0.724100 | Q: -114.493294 | won: False 
#  184 | steps:  7897 | steps_t:  2827 | t: 29.716487 | r:  -546.000000 | e:   0.717300 | Q: -80.326309 | won: False 
#  185 | steps:  7917 | steps_t:  2846 | t: 29.894012 | r:  -519.000000 | e:   0.715400 | Q: -109.915916 | won: False 
#  186 | steps:  7927 | steps_t:  2855 | t: 29.971804 | r:  -487.000000 | e:   0.714500 | Q: -108.089897 | won: False 
#  187 | steps:  8011 | steps_t:  2938 | t: 30.818538 | r:  -561.000000 | e:   0.706200 | Q: -88.411263 | won: False 
#  188 | steps:  8088 | steps_t:  3014 | t: 31.428904 | r:  -503.000000 | e:   0.698600 | Q: -77.161438 | won: False 
#  189 | steps:  8134 | steps_t:  3059 | t: 31.904634 | r:  -490.000000 | e:   0.694100 | Q: -73.769989 | won: False 
#  190 | steps:  8147 | steps_t:  3071 | t: 31.996390 | r:  -501.000000 | e:   0.692900 | Q: -103.702179 | won: False 
#  191 | steps:  8157 | steps_t:  3080 | t: 32.067199 | r:  -498.000000 | e:   0.692000 | Q: -105.171036 | won: False 
#  192 | steps:  8222 | steps_t:  3144 | t: 32.683556 | r:  -498.000000 | e:   0.685600 | Q: -73.919815 | won: False 
#  193 | steps:  8231 | steps_t:  3152 | t: 32.829160 | r:  -508.000000 | e:   0.684800 | Q: -107.069656 | won: False 
#  194 | steps:  8264 | steps_t:  3184 | t: 33.261004 | r:  -459.000000 | e:   0.681600 | Q: -73.801888 | won: False 
#  195 | steps:  8297 | steps_t:  3216 | t: 33.711797 | r:  -521.000000 | e:   0.678400 | Q: -110.300934 | won: False 
