#    1 | steps:    22 | steps_t:     0 | t: 0.045879 | r:  -499.000000 | e:   1.000000 | Q:        nan | won: False 
#    2 | steps:    79 | steps_t:     0 | t: 0.088763 | r:  -501.000000 | e:   1.000000 | Q:        nan | won: False 
#    3 | steps:    89 | steps_t:     0 | t: 0.150599 | r:  -498.000000 | e:   1.000000 | Q:        nan | won: False 
#    4 | steps:   115 | steps_t:     0 | t: 0.173540 | r:  -452.000000 | e:   1.000000 | Q:        nan | won: False 
#    5 | steps:   209 | steps_t:     0 | t: 0.238361 | r:  -571.000000 | e:   1.000000 | Q:        nan | won: False 
#    6 | steps:   232 | steps_t:     0 | t: 0.262297 | r:  -467.000000 | e:   1.000000 | Q:        nan | won: False 
#    7 | steps:   252 | steps_t:     0 | t: 0.285241 | r:  -519.000000 | e:   1.000000 | Q:        nan | won: False 
#    8 | steps:   324 | steps_t:     0 | t: 0.345076 | r:  -538.000000 | e:   1.000000 | Q:        nan | won: False 
#    9 | steps:   348 | steps_t:     0 | t: 0.366022 | r:  -501.000000 | e:   1.000000 | Q:        nan | won: False 
#   10 | steps:   385 | steps_t:     0 | t: 0.401925 | r:  -485.000000 | e:   1.000000 | Q:        nan | won: False 
#   11 | steps:   461 | steps_t:     0 | t: 0.474732 | r:  -553.000000 | e:   1.000000 | Q:        nan | won: False 
#   12 | steps:   513 | steps_t:     0 | t: 0.545544 | r:  -467.000000 | e:   1.000000 | Q:        nan | won: False 
#   13 | steps:   526 | steps_t:     0 | t: 0.562496 | r:  -512.000000 | e:   1.000000 | Q:        nan | won: False 
#   14 | steps:   535 | steps_t:     0 | t: 0.579458 | r:  -486.000000 | e:   1.000000 | Q:        nan | won: False 
#   15 | steps:   573 | steps_t:     0 | t: 0.613359 | r:  -442.000000 | e:   1.000000 | Q:        nan | won: False 
#   16 | steps:   600 | steps_t:     0 | t: 0.638292 | r:  -526.000000 | e:   1.000000 | Q:        nan | won: False 
#   17 | steps:   669 | steps_t:     0 | t: 0.697134 | r:  -462.000000 | e:   1.000000 | Q:        nan | won: False 
#   18 | steps:   768 | steps_t:     0 | t: 0.772931 | r:  -481.000000 | e:   1.000000 | Q:        nan | won: False 
#   19 | steps:   791 | steps_t:     0 | t: 0.793877 | r:  -449.000000 | e:   1.000000 | Q:        nan | won: False 
#   20 | steps:   830 | steps_t:     0 | t: 0.828790 | r:  -476.000000 | e:   1.000000 | Q:        nan | won: False 
#   21 | steps:   885 | steps_t:     0 | t: 0.871668 | r:  -470.000000 | e:   1.000000 | Q:        nan | won: False 
#   22 | steps:   894 | steps_t:     0 | t: 0.886629 | r:  -508.000000 | e:   1.000000 | Q:        nan | won: False 
#   23 | steps:   961 | steps_t:     0 | t: 0.967411 | r:  -493.000000 | e:   1.000000 | Q:        nan | won: False 
#   24 | steps:  1066 | steps_t:     0 | t: 1.083102 | r:    73.000000 | e:   1.000000 | Q:        nan | won: True 
#   25 | steps:  1081 | steps_t:     0 | t: 1.106042 | r:  -503.000000 | e:   1.000000 | Q:        nan | won: False 
#   26 | steps:  1176 | steps_t:     0 | t: 1.185827 | r:  -488.000000 | e:   1.000000 | Q:        nan | won: False 
#   27 | steps:  1213 | steps_t:     0 | t: 1.217742 | r:  -390.000000 | e:   1.000000 | Q:        nan | won: False 
#   28 | steps:  1286 | steps_t:     0 | t: 1.271599 | r:  -488.000000 | e:   1.000000 | Q:        nan | won: False 
#   29 | steps:  1299 | steps_t:     0 | t: 1.289549 | r:  -501.000000 | e:   1.000000 | Q:        nan | won: False 
#   30 | steps:  1321 | steps_t:     0 | t: 1.312491 | r:  -521.000000 | e:   1.000000 | Q:        nan | won: False 
#   31 | steps:  1337 | steps_t:     0 | t: 1.326452 | r:  -431.000000 | e:   1.000000 | Q:        nan | won: False 
#   32 | steps:  1397 | steps_t:     0 | t: 1.372329 | r:  -497.000000 | e:   1.000000 | Q:        nan | won: False 
#   33 | steps:  1453 | steps_t:     0 | t: 1.419205 | r:  -427.000000 | e:   1.000000 | Q:        nan | won: False 
#   34 | steps:  1485 | steps_t:     0 | t: 1.445132 | r:  -458.000000 | e:   1.000000 | Q:        nan | won: False 
#   35 | steps:  1532 | steps_t:     0 | t: 1.490013 | r:  -462.000000 | e:   1.000000 | Q:        nan | won: False 
#   36 | steps:  1621 | steps_t:     0 | t: 1.558832 | r:  -471.000000 | e:   1.000000 | Q:        nan | won: False 
#   37 | steps:  1676 | steps_t:     0 | t: 1.604707 | r:  -448.000000 | e:   1.000000 | Q:        nan | won: False 
#   38 | steps:  1688 | steps_t:     0 | t: 1.622659 | r:  -500.000000 | e:   1.000000 | Q:        nan | won: False 
#   39 | steps:  1788 | steps_t:     0 | t: 1.710426 | r:  -577.000000 | e:   1.000000 | Q:        nan | won: False 
#   40 | steps:  1795 | steps_t:     0 | t: 1.721395 | r:  -506.000000 | e:   1.000000 | Q:        nan | won: False 
#   41 | steps:  1852 | steps_t:     0 | t: 1.760291 | r:  -494.000000 | e:   1.000000 | Q:        nan | won: False 
#   42 | steps:  1880 | steps_t:     0 | t: 1.782274 | r:  -454.000000 | e:   1.000000 | Q:        nan | won: False 
#   43 | steps:  1931 | steps_t:     0 | t: 1.819175 | r:  -528.000000 | e:   1.000000 | Q:        nan | won: False 
#   44 | steps:  1962 | steps_t:     0 | t: 1.846099 | r:  -457.000000 | e:   1.000000 | Q:        nan | won: False 
#   45 | steps:  1991 | steps_t:     0 | t: 1.872027 | r:  -506.000000 | e:   1.000000 | Q:        nan | won: False 
#   46 | steps:  2011 | steps_t:     0 | t: 1.891937 | r:  -508.000000 | e:   1.000000 | Q:        nan | won: False 
#   47 | steps:  2021 | steps_t:     0 | t: 1.904902 | r:  -509.000000 | e:   1.000000 | Q:        nan | won: False 
#   48 | steps:  2077 | steps_t:     0 | t: 1.945795 | r:  -522.000000 | e:   1.000000 | Q:        nan | won: False 
#   49 | steps:  2124 | steps_t:     0 | t: 1.983693 | r:  -513.000000 | e:   1.000000 | Q:        nan | won: False 
#   50 | steps:  2142 | steps_t:     0 | t: 2.001644 | r:  -422.000000 | e:   1.000000 | Q:        nan | won: False 
#   51 | steps:  2201 | steps_t:     0 | t: 2.047523 | r:  -485.000000 | e:   1.000000 | Q:        nan | won: False 
#   52 | steps:  2268 | steps_t:     0 | t: 2.107401 | r:  -555.000000 | e:   1.000000 | Q:        nan | won: False 
#   53 | steps:  2360 | steps_t:     0 | t: 2.202118 | r:  -463.000000 | e:   1.000000 | Q:        nan | won: False 
#   54 | steps:  2373 | steps_t:     0 | t: 2.219062 | r:  -501.000000 | e:   1.000000 | Q:        nan | won: False 
#   55 | steps:  2406 | steps_t:     0 | t: 2.262946 | r:  -426.000000 | e:   1.000000 | Q:        nan | won: False 
#   56 | steps:  2455 | steps_t:     0 | t: 2.304834 | r:  -537.000000 | e:   1.000000 | Q:        nan | won: False 
#   57 | steps:  2542 | steps_t:     0 | t: 2.379633 | r:  -502.000000 | e:   1.000000 | Q:        nan | won: False 
#   58 | steps:  2617 | steps_t:     0 | t: 2.445458 | r:  -468.000000 | e:   1.000000 | Q:        nan | won: False 
#   59 | steps:  2631 | steps_t:     0 | t: 2.463411 | r:  -440.000000 | e:   1.000000 | Q:        nan | won: False 
#   60 | steps:  2647 | steps_t:     0 | t: 2.481361 | r:  -504.000000 | e:   1.000000 | Q:        nan | won: False 
#   61 | steps:  2734 | steps_t:     0 | t: 2.543230 | r:  -469.000000 | e:   1.000000 | Q:        nan | won: False 
#   62 | steps:  2785 | steps_t:     0 | t: 2.657892 | r:  -477.000000 | e:   1.000000 | Q:        nan | won: False 
#   63 | steps:  2811 | steps_t:     0 | t: 2.705760 | r:  -463.000000 | e:   1.000000 | Q:        nan | won: False 
#   64 | steps:  2890 | steps_t:     0 | t: 2.778565 | r:  -505.000000 | e:   1.000000 | Q:        nan | won: False 
#   65 | steps:  2930 | steps_t:     0 | t: 2.810482 | r:  -382.000000 | e:   1.000000 | Q:        nan | won: False 
#   66 | steps:  2968 | steps_t:     0 | t: 2.840401 | r:  -442.000000 | e:   1.000000 | Q:        nan | won: False 
#   67 | steps:  2977 | steps_t:     0 | t: 2.851372 | r:  -508.000000 | e:   1.000000 | Q:        nan | won: False 
#   68 | steps:  2984 | steps_t:     0 | t: 2.860346 | r:  -506.000000 | e:   1.000000 | Q:        nan | won: False 
#   69 | steps:  3016 | steps_t:     0 | t: 2.890268 | r:  -458.000000 | e:   1.000000 | Q:        nan | won: False 
#   70 | steps:  3120 | steps_t:     0 | t: 2.975040 | r:  -497.000000 | e:   1.000000 | Q:        nan | won: False 
#   71 | steps:  3170 | steps_t:     0 | t: 3.012938 | r:  -516.000000 | e:   1.000000 | Q:        nan | won: False 
#   72 | steps:  3260 | steps_t:     0 | t: 3.075772 | r:  -472.000000 | e:   1.000000 | Q:        nan | won: False 
#   73 | steps:  3353 | steps_t:     0 | t: 3.145583 | r:  -570.000000 | e:   1.000000 | Q:        nan | won: False 
#   74 | steps:  3391 | steps_t:     0 | t: 3.176540 | r:  -402.000000 | e:   1.000000 | Q:        nan | won: False 
#   75 | steps:  3438 | steps_t:     0 | t: 3.211409 | r:  -473.000000 | e:   1.000000 | Q:        nan | won: False 
#   76 | steps:  3526 | steps_t:     0 | t: 3.274243 | r:  -514.000000 | e:   1.000000 | Q:        nan | won: False 
#   77 | steps:  3564 | steps_t:     0 | t: 3.314134 | r:  -515.000000 | e:   1.000000 | Q:        nan | won: False 
#   78 | steps:  3620 | steps_t:     0 | t: 3.386943 | r:  -438.000000 | e:   1.000000 | Q:        nan | won: False 
#   79 | steps:  3637 | steps_t:     0 | t: 3.405888 | r:  -505.000000 | e:   1.000000 | Q:        nan | won: False 
#   80 | steps:  3647 | steps_t:     0 | t: 3.418853 | r:  -498.000000 | e:   1.000000 | Q:        nan | won: False 
#   81 | steps:  3683 | steps_t:     0 | t: 3.446779 | r:  -451.000000 | e:   1.000000 | Q:        nan | won: False 
#   82 | steps:  3700 | steps_t:     0 | t: 3.488678 | r:  -505.000000 | e:   1.000000 | Q:        nan | won: False 
#   83 | steps:  3720 | steps_t:     0 | t: 3.513599 | r:  -508.000000 | e:   1.000000 | Q:        nan | won: False 
#   84 | steps:  3794 | steps_t:     0 | t: 3.581417 | r:  -485.000000 | e:   1.000000 | Q:        nan | won: False 
#   85 | steps:  3821 | steps_t:     0 | t: 3.611337 | r:  -464.000000 | e:   1.000000 | Q:        nan | won: False 
#   86 | steps:  3868 | steps_t:     0 | t: 3.659214 | r:  -473.000000 | e:   1.000000 | Q:        nan | won: False 
#   87 | steps:  3911 | steps_t:     0 | t: 3.719051 | r:  -458.000000 | e:   1.000000 | Q:        nan | won: False 
#   88 | steps:  3940 | steps_t:     0 | t: 3.760936 | r:  -466.000000 | e:   1.000000 | Q:        nan | won: False 
#   89 | steps:  3971 | steps_t:     0 | t: 3.790857 | r:  -424.000000 | e:   1.000000 | Q:        nan | won: False 
#   90 | steps:  3996 | steps_t:     0 | t: 3.828756 | r:  -513.000000 | e:   1.000000 | Q:        nan | won: False 
#   91 | steps:  4013 | steps_t:     0 | t: 3.849699 | r:  -505.000000 | e:   1.000000 | Q:        nan | won: False 
#   92 | steps:  4088 | steps_t:     0 | t: 3.911533 | r:  -457.000000 | e:   1.000000 | Q:        nan | won: False 
#   93 | steps:  4111 | steps_t:     0 | t: 3.934474 | r:  -511.000000 | e:   1.000000 | Q:        nan | won: False 
#   94 | steps:  4147 | steps_t:     0 | t: 3.966388 | r:  -473.000000 | e:   1.000000 | Q:        nan | won: False 
#   95 | steps:  4173 | steps_t:     0 | t: 3.992319 | r:  -525.000000 | e:   1.000000 | Q:        nan | won: False 
#   96 | steps:  4239 | steps_t:     0 | t: 4.045177 | r:  -543.000000 | e:   1.000000 | Q:        nan | won: False 
#   97 | steps:  4332 | steps_t:     0 | t: 4.114990 | r:  -497.000000 | e:   1.000000 | Q:        nan | won: False 
#   98 | steps:  4391 | steps_t:     0 | t: 4.160867 | r:  -503.000000 | e:   1.000000 | Q:        nan | won: False 
#   99 | steps:  4403 | steps_t:     0 | t: 4.177830 | r:  -438.000000 | e:   1.000000 | Q:        nan | won: False 
#  100 | steps:  4438 | steps_t:     0 | t: 4.224704 | r:  -468.000000 | e:   1.000000 | Q:        nan | won: False 
#  101 | steps:  4514 | steps_t:     0 | t: 4.305483 | r:  -542.000000 | e:   1.000000 | Q:        nan | won: False 
#  102 | steps:  4546 | steps_t:     0 | t: 4.334402 | r:  -498.000000 | e:   1.000000 | Q:        nan | won: False 
#  103 | steps:  4556 | steps_t:     0 | t: 4.349363 | r:  -509.000000 | e:   1.000000 | Q:        nan | won: False 
#  104 | steps:  4606 | steps_t:     0 | t: 4.408205 | r:  -483.000000 | e:   1.000000 | Q:        nan | won: False 
#  105 | steps:  4632 | steps_t:     0 | t: 4.441123 | r:  -525.000000 | e:   1.000000 | Q:        nan | won: False 
#  106 | steps:  4729 | steps_t:     0 | t: 4.596701 | r:  -519.000000 | e:   1.000000 | Q:        nan | won: False 
#  107 | steps:  4809 | steps_t:     0 | t: 4.708403 | r:  -502.000000 | e:   1.000000 | Q:        nan | won: False 
#  108 | steps:  4908 | steps_t:     0 | t: 4.889916 | r:  -543.000000 | e:   1.000000 | Q:        nan | won: False 
#  109 | steps:  4961 | steps_t:     0 | t: 4.992642 | r:  -468.000000 | e:   1.000000 | Q:        nan | won: False 
#  110 | steps:  4979 | steps_t:     0 | t: 5.017581 | r:  -517.000000 | e:   1.000000 | Q:        nan | won: False 
#  111 | steps:  4995 | steps_t:     0 | t: 5.048494 | r:  -482.000000 | e:   1.000000 | Q:        nan | won: False 
#  112 | steps:  5025 | steps_t:    24 | t: 6.119626 | r:  -485.000000 | e:   0.997600 | Q:        nan | won: False 
#  113 | steps:  5068 | steps_t:    66 | t: 6.458718 | r:  -520.000000 | e:   0.993400 | Q:        nan | won: False 
#  114 | steps:  5145 | steps_t:   142 | t: 7.106000 | r:  -554.000000 | e:   0.985800 | Q:        nan | won: False 
#  115 | steps:  5215 | steps_t:   211 | t: 7.703388 | r:  -485.000000 | e:   0.978900 | Q: -13.317966 | won: False 
#  116 | steps:  5231 | steps_t:   226 | t: 7.843014 | r:  -504.000000 | e:   0.977400 | Q:        nan | won: False 
#  117 | steps:  5356 | steps_t:   350 | t: 8.887221 | r:  -540.000000 | e:   0.965000 | Q: -27.347996 | won: False 
#  118 | steps:  5376 | steps_t:   369 | t: 9.066740 | r:  -497.000000 | e:   0.963100 | Q: -54.911572 | won: False 
#  119 | steps:  5416 | steps_t:   408 | t: 9.383893 | r:  -466.000000 | e:   0.959200 | Q: -59.092854 | won: False 
#  120 | steps:  5477 | steps_t:   468 | t: 9.829699 | r:  -487.000000 | e:   0.953200 | Q: -61.855614 | won: False 
#  121 | steps:  5520 | steps_t:   510 | t: 10.163805 | r:  -414.000000 | e:   0.949000 | Q: -76.499535 | won: False 
#  122 | steps:  5590 | steps_t:   579 | t: 10.692402 | r:  -547.000000 | e:   0.942100 | Q: -79.206963 | won: False 
#  123 | steps:  5599 | steps_t:   587 | t: 10.755224 | r:  -486.000000 | e:   0.941300 | Q: -98.344994 | won: False 
#  124 | steps:  5607 | steps_t:   594 | t: 10.809081 | r:  -496.000000 | e:   0.940600 | Q: -98.614220 | won: False 
#  125 | steps:  5637 | steps_t:   623 | t: 11.021514 | r:  -416.000000 | e:   0.937700 | Q: -87.479919 | won: False 
#  126 | steps:  5697 | steps_t:   682 | t: 11.536135 | r:  -486.000000 | e:   0.931800 | Q: -99.569160 | won: False 
#  127 | steps:  5743 | steps_t:   727 | t: 11.878224 | r:  -472.000000 | e:   0.927300 | Q: -91.370125 | won: False 
#  128 | steps:  5766 | steps_t:   749 | t: 12.052753 | r:  -511.000000 | e:   0.925100 | Q:        nan | won: False 
#  129 | steps:  5807 | steps_t:   789 | t: 12.567379 | r:  -467.000000 | e:   0.921100 | Q: -100.723343 | won: False 
#  130 | steps:  5896 | steps_t:   877 | t: 13.616567 | r:  -555.000000 | e:   0.912300 | Q: -78.438293 | won: False 
#  131 | steps:  6029 | steps_t:  1009 | t: 14.959972 | r:  -599.000000 | e:   0.899100 | Q: -78.361671 | won: False 
#  132 | steps:  6044 | steps_t:  1023 | t: 15.069681 | r:  -503.000000 | e:   0.897700 | Q:        nan | won: False 
#  133 | steps:  6054 | steps_t:  1032 | t: 15.146477 | r:  -509.000000 | e:   0.896800 | Q: -87.724792 | won: False 
#  134 | steps:  6106 | steps_t:  1083 | t: 15.545406 | r:  -489.000000 | e:   0.891700 | Q: -72.385773 | won: False 
#  135 | steps:  6194 | steps_t:  1170 | t: 16.360226 | r:  -514.000000 | e:   0.883000 | Q: -73.430710 | won: False 
#  136 | steps:  6214 | steps_t:  1189 | t: 16.555703 | r:  -464.000000 | e:   0.881100 | Q: -89.972649 | won: False 
#  137 | steps:  6270 | steps_t:  1244 | t: 17.069331 | r:  -522.000000 | e:   0.875600 | Q: -65.372490 | won: False 
#  138 | steps:  6357 | steps_t:  1330 | t: 17.726571 | r:  -542.000000 | e:   0.867000 | Q: -77.072365 | won: False 
#  139 | steps:  6374 | steps_t:  1346 | t: 17.859217 | r:  -505.000000 | e:   0.865400 | Q: -99.943527 | won: False 
#  140 | steps:  6504 | steps_t:  1475 | t: 19.001160 | r:  -556.000000 | e:   0.852500 | Q: -101.919662 | won: False 
#  141 | steps:  6561 | steps_t:  1531 | t: 19.742177 | r:  -545.000000 | e:   0.846900 | Q: -124.684402 | won: False 
#  142 | steps:  6580 | steps_t:  1549 | t: 19.928679 | r:  -518.000000 | e:   0.845100 | Q: -127.715942 | won: False 
#  143 | steps:  6603 | steps_t:  1571 | t: 20.113185 | r:  -478.000000 | e:   0.842900 | Q: -120.815987 | won: False 
#  144 | steps:  6630 | steps_t:  1597 | t: 20.420363 | r:  -471.000000 | e:   0.840300 | Q: -120.948792 | won: False 
#  145 | steps:  6729 | steps_t:  1695 | t: 21.250143 | r:  -576.000000 | e:   0.830500 | Q: -86.833847 | won: False 
#  146 | steps:  6758 | steps_t:  1723 | t: 21.526403 | r:  -466.000000 | e:   0.827700 | Q: -68.799057 | won: False 
#  147 | steps:  6772 | steps_t:  1736 | t: 21.668025 | r:  -480.000000 | e:   0.826400 | Q: -90.181854 | won: False 
#  148 | steps:  6851 | steps_t:  1814 | t: 22.271410 | r:  -505.000000 | e:   0.818600 | Q: -69.934280 | won: False 
#  149 | steps:  6921 | steps_t:  1883 | t: 22.899729 | r:  -536.000000 | e:   0.811700 | Q: -70.420372 | won: False 
#  150 | steps:  7008 | steps_t:  1969 | t: 23.579910 | r:  -513.000000 | e:   0.803100 | Q: -71.081192 | won: False 
#  151 | steps:  7174 | steps_t:  2134 | t: 25.410012 | r:  -581.000000 | e:   0.786600 | Q: -70.656372 | won: False 
#  152 | steps:  7220 | steps_t:  2179 | t: 25.760077 | r:  -483.000000 | e:   0.782100 | Q: -79.314201 | won: False 
#  153 | steps:  7284 | steps_t:  2242 | t: 26.414325 | r:  -501.000000 | e:   0.775800 | Q: -80.646301 | won: False 
#  154 | steps:  7304 | steps_t:  2261 | t: 26.613793 | r:  -424.000000 | e:   0.773900 | Q: -77.477074 | won: False 
#  155 | steps:  7352 | steps_t:  2308 | t: 27.262063 | r:  -536.000000 | e:   0.769200 | Q: -98.519951 | won: False 
#  156 | steps:  7425 | steps_t:  2380 | t: 27.919301 | r:  -499.000000 | e:   0.762000 | Q: -70.363457 | won: False 
#  157 | steps:  7452 | steps_t:  2406 | t: 28.139711 | r:  -504.000000 | e:   0.759400 | Q: -100.044403 | won: False 
#  158 | steps:  7495 | steps_t:  2448 | t: 28.536650 | r:  -520.000000 | e:   0.755200 | Q: -95.535866 | won: False 
#  159 | steps:  7560 | steps_t:  2512 | t: 29.039302 | r:  -520.000000 | e:   0.748800 | Q: -63.664368 | won: False 
#  160 | steps:  7567 | steps_t:  2518 | t: 29.104130 | r:  -495.000000 | e:   0.748200 | Q: -83.120293 | won: False 
#  161 | steps:  7712 | steps_t:  2662 | t: 30.344809 | r:  -567.000000 | e:   0.733800 | Q: -66.184814 | won: False 
#  162 | steps:  7798 | steps_t:  2747 | t: 31.149655 | r:  -574.000000 | e:   0.725300 | Q: -78.706337 | won: False 
#  163 | steps:  7896 | steps_t:  2844 | t: 32.040273 | r:  -575.000000 | e:   0.715600 | Q: -67.254356 | won: False 
#  164 | steps:  7913 | steps_t:  2860 | t: 32.188875 | r:  -505.000000 | e:   0.714000 | Q: -98.742004 | won: False 
#  165 | steps:  7947 | steps_t:  2893 | t: 32.537941 | r:  -522.000000 | e:   0.710700 | Q: -105.469650 | won: False 
#  166 | steps:  7982 | steps_t:  2927 | t: 32.942858 | r:  -512.000000 | e:   0.707300 | Q: -112.270889 | won: False 
#  167 | steps:  8019 | steps_t:  2963 | t: 33.320849 | r:  -463.000000 | e:   0.703700 | Q: -112.549225 | won: False 
#  168 | steps:  8035 | steps_t:  2978 | t: 33.441523 | r:  -504.000000 | e:   0.702200 | Q: -116.721092 | won: False 
#  169 | steps:  8144 | steps_t:  3086 | t: 34.438859 | r:  -586.000000 | e:   0.691400 | Q: -80.430443 | won: False 
#  170 | steps:  8159 | steps_t:  3100 | t: 34.601429 | r:  -492.000000 | e:   0.690000 | Q: -104.443977 | won: False 
#  171 | steps:  8193 | steps_t:  3133 | t: 34.887655 | r:  -522.000000 | e:   0.686700 | Q: -94.542191 | won: False 
#  172 | steps:  8314 | steps_t:  3253 | t: 36.091433 | r:  -514.000000 | e:   0.674700 | Q: -59.540291 | won: False 
#  173 | steps:  8409 | steps_t:  3347 | t: 37.065829 | r:  -561.000000 | e:   0.665300 | Q: -87.527100 | won: False 
#  174 | steps:  8420 | steps_t:  3357 | t: 37.154589 | r:  -510.000000 | e:   0.664300 | Q: -93.769188 | won: False 
#  175 | steps:  8450 | steps_t:  3386 | t: 37.464759 | r:  -529.000000 | e:   0.661400 | Q: -96.830315 | won: False 
#  176 | steps:  8485 | steps_t:  3420 | t: 37.785900 | r:  -523.000000 | e:   0.658000 | Q: -97.826996 | won: False 
#  177 | steps:  8498 | steps_t:  3432 | t: 37.883638 | r:  -512.000000 | e:   0.656800 | Q: -93.718056 | won: False 
#  178 | steps:  8544 | steps_t:  3477 | t: 38.317478 | r:  -472.000000 | e:   0.652300 | Q: -77.187851 | won: False 
#  179 | steps:  8587 | steps_t:  3519 | t: 38.788218 | r:  -531.000000 | e:   0.648100 | Q: -99.004013 | won: False 
#  180 | steps:  8733 | steps_t:  3664 | t: 40.100707 | r:  -561.000000 | e:   0.633600 | Q: -76.930420 | won: False 
#  181 | steps:  8751 | steps_t:  3681 | t: 40.246317 | r:  -506.000000 | e:   0.631900 | Q: -100.590820 | won: False 
#  182 | steps:  8768 | steps_t:  3697 | t: 40.397913 | r:  -505.000000 | e:   0.630300 | Q: -103.150536 | won: False 
#  183 | steps:  8867 | steps_t:  3795 | t: 41.244645 | r:  -536.000000 | e:   0.620500 | Q: -56.016342 | won: False 
#  184 | steps:  8881 | steps_t:  3808 | t: 41.368317 | r:  -513.000000 | e:   0.619200 | Q: -96.522987 | won: False 
#  185 | steps:  8904 | steps_t:  3830 | t: 41.558805 | r:  -489.000000 | e:   0.617000 | Q: -96.631844 | won: False 
#  186 | steps:  8914 | steps_t:  3839 | t: 41.649562 | r:  -396.000000 | e:   0.616100 | Q: -80.382988 | won: False 
#  187 | steps:  8924 | steps_t:  3848 | t: 41.725360 | r:  -498.000000 | e:   0.615200 | Q: -102.447029 | won: False 
#  188 | steps:  8994 | steps_t:  3917 | t: 42.368639 | r:  -474.000000 | e:   0.608300 | Q: -73.224258 | won: False 
#  189 | steps:  9067 | steps_t:  3989 | t: 43.072754 | r:  -499.000000 | e:   0.601100 | Q: -60.181595 | won: False 
#  190 | steps:  9117 | steps_t:  4038 | t: 43.639248 | r:  -476.000000 | e:   0.596200 | Q: -62.992409 | won: False 
#  191 | steps:  9176 | steps_t:  4096 | t: 44.527866 | r:  -485.000000 | e:   0.590400 | Q: -75.530487 | won: False 
#  192 | steps:  9227 | steps_t:  4146 | t: 45.088363 | r:  -539.000000 | e:   0.585400 | Q: -58.328625 | won: False 
#  193 | steps:  9309 | steps_t:  4227 | t: 45.905176 | r:  -515.000000 | e:   0.577300 | Q: -95.363953 | won: False 
#  194 | steps:  9436 | steps_t:  4353 | t: 47.127906 | r:  -549.000000 | e:   0.564700 | Q: -59.037678 | won: False 
#  195 | steps:  9479 | steps_t:  4395 | t: 47.523846 | r:  -531.000000 | e:   0.560500 | Q: -98.098007 | won: False 
#  196 | steps:  9494 | steps_t:  4409 | t: 47.636544 | r:  -503.000000 | e:   0.559100 | Q: -95.927444 | won: False 
#  197 | steps:  9508 | steps_t:  4422 | t: 47.742262 | r:  -502.000000 | e:   0.557800 | Q: -88.928833 | won: False 
#  198 | steps:  9524 | steps_t:  4437 | t: 47.914799 | r:  -504.000000 | e:   0.556300 | Q: -80.771965 | won: False 
#  199 | steps:  9538 | steps_t:  4450 | t: 48.043455 | r:  -513.000000 | e:   0.555000 | Q: -95.852943 | won: False 
#  200 | steps:  9575 | steps_t:  4486 | t: 48.349636 | r:  -525.000000 | e:   0.551400 | Q: -83.641907 | won: False 
#  201 | steps:  9593 | steps_t:  4503 | t: 48.501230 | r:  -517.000000 | e:   0.549700 | Q: -113.503380 | won: False 
#  202 | steps:  9600 | steps_t:  4509 | t: 48.562068 | r:  -495.000000 | e:   0.549100 | Q:        nan | won: False 
#  203 | steps:  9606 | steps_t:  4514 | t: 48.621908 | r:  -505.000000 | e:   0.548600 | Q:        nan | won: False 
#  204 | steps:  9714 | steps_t:  4621 | t: 49.518509 | r:  -534.000000 | e:   0.537900 | Q: -70.995476 | won: False 
#  205 | steps:  9743 | steps_t:  4649 | t: 49.837654 | r:  -517.000000 | e:   0.535100 | Q: -94.330917 | won: False 
#  206 | steps:  9791 | steps_t:  4696 | t: 50.234593 | r:  -536.000000 | e:   0.530400 | Q: -95.820419 | won: False 
#  207 | steps:  9836 | steps_t:  4740 | t: 50.597621 | r:  -533.000000 | e:   0.526000 | Q: -95.465118 | won: False 
#  208 | steps:  9926 | steps_t:  4829 | t: 51.325673 | r:  -527.000000 | e:   0.517100 | Q: -60.027737 | won: False 
#  209 | steps:  9966 | steps_t:  4868 | t: 51.681726 | r:  -528.000000 | e:   0.513200 | Q: -99.109825 | won: False 
#  210 | steps: 10043 | steps_t:  4944 | t: 52.346942 | r:  -525.000000 | e:   0.505600 | Q: -60.940506 | won: False 
#  211 | steps: 10060 | steps_t:  4960 | t: 52.491553 | r:  -516.000000 | e:   0.504000 | Q: -99.828262 | won: False 
#  212 | steps: 10145 | steps_t:  5044 | t: 53.170737 | r:  -562.000000 | e:   0.495600 | Q: -99.512054 | won: False 
#  213 | steps: 10185 | steps_t:  5083 | t: 53.499856 | r:  -517.000000 | e:   0.491700 | Q: -105.196999 | won: False 
#  214 | steps: 10202 | steps_t:  5099 | t: 53.633502 | r:  -516.000000 | e:   0.490100 | Q: -102.344666 | won: False 
#  215 | steps: 10270 | steps_t:  5166 | t: 54.167071 | r:  -556.000000 | e:   0.483400 | Q: -98.643913 | won: False 
#  216 | steps: 10304 | steps_t:  5199 | t: 54.451318 | r:  -533.000000 | e:   0.480100 | Q: -94.593742 | won: False 
#  217 | steps: 10360 | steps_t:  5254 | t: 54.944992 | r:  -544.000000 | e:   0.474600 | Q: -89.804047 | won: False 
#  218 | steps: 10396 | steps_t:  5289 | t: 55.242194 | r:  -535.000000 | e:   0.471100 | Q: -91.016937 | won: False 
#  219 | steps: 10514 | steps_t:  5406 | t: 56.276427 | r:  -606.000000 | e:   0.459400 | Q: -52.806091 | won: False 
#  220 | steps: 10562 | steps_t:  5453 | t: 56.918709 | r:  -536.000000 | e:   0.454700 | Q: -76.116951 | won: False 
#  221 | steps: 10588 | steps_t:  5478 | t: 57.197961 | r:  -474.000000 | e:   0.452200 | Q: -72.635483 | won: False 
#  222 | steps: 10615 | steps_t:  5504 | t: 57.467241 | r:  -526.000000 | e:   0.449600 | Q: -75.783066 | won: False 
#  223 | steps: 10630 | steps_t:  5518 | t: 57.640777 | r:  -514.000000 | e:   0.448200 | Q: -76.822166 | won: False 
#  224 | steps: 10706 | steps_t:  5593 | t: 58.403738 | r:  -553.000000 | e:   0.440700 | Q: -66.725517 | won: False 
#  225 | steps: 10738 | steps_t:  5624 | t: 58.758788 | r:  -520.000000 | e:   0.437600 | Q: -88.283585 | won: False 
#  226 | steps: 10786 | steps_t:  5671 | t: 59.273410 | r:  -514.000000 | e:   0.432900 | Q: -61.677444 | won: False 
#  227 | steps: 10800 | steps_t:  5684 | t: 59.388102 | r:  -513.000000 | e:   0.431600 | Q: -115.275528 | won: False 
#  228 | steps: 10836 | steps_t:  5719 | t: 59.701275 | r:  -440.000000 | e:   0.428100 | Q: -87.548790 | won: False 
#  229 | steps: 10857 | steps_t:  5739 | t: 59.906714 | r:  -509.000000 | e:   0.426100 | Q: -101.234528 | won: False 
#  230 | steps: 10909 | steps_t:  5790 | t: 60.442281 | r:  -456.000000 | e:   0.421000 | Q: -94.296227 | won: False 
#  231 | steps: 10981 | steps_t:  5861 | t: 61.065612 | r:  -527.000000 | e:   0.413900 | Q: -57.387043 | won: False 
#  232 | steps: 10990 | steps_t:  5869 | t: 61.135427 | r:  -508.000000 | e:   0.413100 | Q: -104.923325 | won: False 
#  233 | steps: 11003 | steps_t:  5881 | t: 61.255106 | r:  -450.000000 | e:   0.411900 | Q: -105.964043 | won: False 
#  234 | steps: 11021 | steps_t:  5898 | t: 61.407698 | r:  -506.000000 | e:   0.410200 | Q: -109.174019 | won: False 
#  235 | steps: 11056 | steps_t:  5932 | t: 61.699917 | r:  -512.000000 | e:   0.406800 | Q: -103.157814 | won: False 
#  236 | steps: 11073 | steps_t:  5948 | t: 61.931296 | r:  -483.000000 | e:   0.405200 | Q: -106.715973 | won: False 
#  237 | steps: 11095 | steps_t:  5969 | t: 62.202570 | r:  -477.000000 | e:   0.403100 | Q: -103.890640 | won: False 
#  238 | steps: 11108 | steps_t:  5981 | t: 62.348186 | r:  -512.000000 | e:   0.401900 | Q: -100.924339 | won: False 
#  239 | steps: 11140 | steps_t:  6012 | t: 62.609482 | r:  -520.000000 | e:   0.398800 | Q: -103.690849 | won: False 
#  240 | steps: 11164 | steps_t:  6035 | t: 62.797977 | r:  -512.000000 | e:   0.396500 | Q: -106.698090 | won: False 
#  241 | steps: 11185 | steps_t:  6055 | t: 62.964533 | r:  -520.000000 | e:   0.394500 | Q: -106.651833 | won: False 
#  242 | steps: 11235 | steps_t:  6104 | t: 63.407348 | r:  -538.000000 | e:   0.389600 | Q: -97.445351 | won: False 
#  243 | steps: 11255 | steps_t:  6123 | t: 63.562931 | r:  -508.000000 | e:   0.387700 | Q: -95.847076 | won: False 
#  244 | steps: 11325 | steps_t:  6192 | t: 64.097502 | r:  -496.000000 | e:   0.380800 | Q: -107.988571 | won: False 
#  245 | steps: 11351 | steps_t:  6217 | t: 64.323897 | r:  -492.000000 | e:   0.378300 | Q: -113.568542 | won: False 
#  246 | steps: 11394 | steps_t:  6259 | t: 64.682934 | r:   135.000000 | e:   0.374100 | Q: -112.381454 | won: True 
#  247 | steps: 11461 | steps_t:  6325 | t: 65.207531 | r:  -555.000000 | e:   0.367500 | Q: -55.790092 | won: False 
#  248 | steps: 11659 | steps_t:  6522 | t: 66.843158 | r:  -675.000000 | e:   0.347800 | Q: -75.394073 | won: False 
#  249 | steps: 11742 | steps_t:  6604 | t: 67.492419 | r:  -571.000000 | e:   0.339600 | Q: -95.138916 | won: False 
#  250 | steps: 11780 | steps_t:  6641 | t: 67.833516 | r:  -537.000000 | e:   0.335900 | Q: -94.760544 | won: False 
#  251 | steps: 11838 | steps_t:  6698 | t: 68.279312 | r:  -557.000000 | e:   0.330200 | Q: -89.970436 | won: False 
#  252 | steps: 11854 | steps_t:  6713 | t: 68.409962 | r:  -515.000000 | e:   0.328700 | Q: -92.090446 | won: False 
#  253 | steps: 11863 | steps_t:  6721 | t: 68.485760 | r:  -486.000000 | e:   0.327900 | Q: -99.795860 | won: False 
#  254 | steps: 11923 | steps_t:  6780 | t: 69.039280 | r:  -515.000000 | e:   0.322000 | Q: -58.902905 | won: False 
#  255 | steps: 11947 | steps_t:  6803 | t: 69.235753 | r:  -512.000000 | e:   0.319700 | Q: -98.316765 | won: False 
#  256 | steps: 11981 | steps_t:  6836 | t: 69.513019 | r:  -511.000000 | e:   0.316400 | Q: -92.639130 | won: False 
#  257 | steps: 12026 | steps_t:  6880 | t: 69.975773 | r:  -544.000000 | e:   0.312000 | Q: -90.825409 | won: False 
#  258 | steps: 12054 | steps_t:  6907 | t: 70.209149 | r:  -516.000000 | e:   0.309300 | Q: -105.750282 | won: False 
#  259 | steps: 12067 | steps_t:  6919 | t: 70.317861 | r:  -512.000000 | e:   0.308100 | Q: -115.481392 | won: False 
#  260 | steps: 12189 | steps_t:  7040 | t: 71.381012 | r:  -577.000000 | e:   0.296000 | Q: -76.889435 | won: False 
#  261 | steps: 12214 | steps_t:  7064 | t: 71.598431 | r:  -524.000000 | e:   0.293600 | Q: -97.036217 | won: False 
#  262 | steps: 12244 | steps_t:  7093 | t: 71.848761 | r:  -529.000000 | e:   0.290700 | Q: -88.226936 | won: False 
#  263 | steps: 12256 | steps_t:  7104 | t: 71.946507 | r:  -500.000000 | e:   0.289600 | Q: -90.563606 | won: False 
#  264 | steps: 12318 | steps_t:  7165 | t: 72.676547 | r:  -561.000000 | e:   0.283500 | Q: -77.007896 | won: False 
#  265 | steps: 12384 | steps_t:  7230 | t: 73.273948 | r:  -554.000000 | e:   0.277000 | Q: -89.239990 | won: False 
#  266 | steps: 12418 | steps_t:  7263 | t: 73.572150 | r:  -533.000000 | e:   0.273700 | Q: -83.648277 | won: False 
#  267 | steps: 12464 | steps_t:  7308 | t: 73.946150 | r:  -421.000000 | e:   0.269200 | Q: -91.300522 | won: False 
#  268 | steps: 12483 | steps_t:  7326 | t: 74.091759 | r:  -485.000000 | e:   0.267400 | Q: -81.049728 | won: False 
#  269 | steps: 12508 | steps_t:  7350 | t: 74.323142 | r:  -491.000000 | e:   0.265000 | Q: -81.975151 | won: False 
#  270 | steps: 12534 | steps_t:  7375 | t: 74.553524 | r:  -503.000000 | e:   0.262500 | Q: -117.685760 | won: False 
#  271 | steps: 12602 | steps_t:  7442 | t: 75.102060 | r:  -567.000000 | e:   0.255800 | Q: -91.836594 | won: False 
#  272 | steps: 12614 | steps_t:  7453 | t: 75.187828 | r:  -511.000000 | e:   0.254700 | Q: -127.226730 | won: False 
#  273 | steps: 12627 | steps_t:  7465 | t: 75.290552 | r:  -512.000000 | e:   0.253500 | Q: -86.334900 | won: False 
#  274 | steps: 12641 | steps_t:  7478 | t: 75.435166 | r:  -502.000000 | e:   0.252200 | Q: -87.059326 | won: False 
#  275 | steps: 12673 | steps_t:  7509 | t: 75.715415 | r:  -531.000000 | e:   0.249100 | Q: -86.186836 | won: False 
#  276 | steps: 12803 | steps_t:  7638 | t: 76.781563 | r:  -534.000000 | e:   0.236200 | Q: -83.147133 | won: False 
#  277 | steps: 12855 | steps_t:  7689 | t: 77.201440 | r:  -518.000000 | e:   0.231100 | Q: -93.278709 | won: False 
#  278 | steps: 12868 | steps_t:  7701 | t: 77.307157 | r:  -479.000000 | e:   0.229900 | Q: -136.646164 | won: False 
#  279 | steps: 12906 | steps_t:  7738 | t: 77.627302 | r:  -515.000000 | e:   0.226200 | Q: -102.217522 | won: False 
#  280 | steps: 12956 | steps_t:  7787 | t: 78.057150 | r:  -549.000000 | e:   0.221300 | Q: -99.510040 | won: False 
#  281 | steps: 12988 | steps_t:  7818 | t: 78.317455 | r:  -520.000000 | e:   0.218200 | Q: -89.835152 | won: False 
#  282 | steps: 13020 | steps_t:  7849 | t: 78.568782 | r:  -520.000000 | e:   0.215100 | Q: -90.062057 | won: False 
#  283 | steps: 13099 | steps_t:  7927 | t: 79.244972 | r:  -483.000000 | e:   0.207300 | Q: -68.958305 | won: False 
#  284 | steps: 13112 | steps_t:  7939 | t: 79.352685 | r:  -490.000000 | e:   0.206100 | Q: -89.090874 | won: False 
#  285 | steps: 13132 | steps_t:  7958 | t: 79.511260 | r:  -497.000000 | e:   0.204200 | Q: -82.175041 | won: False 
#  286 | steps: 13166 | steps_t:  7991 | t: 79.794502 | r:  -522.000000 | e:   0.200900 | Q: -79.491028 | won: False 
#  287 | steps: 13191 | steps_t:  8015 | t: 80.052824 | r:  -524.000000 | e:   0.198500 | Q: -84.262924 | won: False 
#  288 | steps: 13254 | steps_t:  8077 | t: 80.554473 | r:  -467.000000 | e:   0.192300 | Q: -43.027939 | won: False 
#  289 | steps: 13279 | steps_t:  8101 | t: 80.751940 | r:  -524.000000 | e:   0.189900 | Q: -72.024254 | won: False 
#  290 | steps: 13305 | steps_t:  8126 | t: 81.004266 | r:  -525.000000 | e:   0.187400 | Q: -83.861588 | won: False 
#  291 | steps: 13316 | steps_t:  8136 | t: 81.107992 | r:  -510.000000 | e:   0.186400 | Q: -83.441376 | won: False 
#  292 | steps: 13327 | steps_t:  8146 | t: 81.189769 | r:  -510.000000 | e:   0.185400 | Q: -100.728287 | won: False 
#  293 | steps: 13401 | steps_t:  8219 | t: 81.787170 | r:  -529.000000 | e:   0.178100 | Q: -73.830803 | won: False 
#  294 | steps: 13436 | steps_t:  8253 | t: 82.152194 | r:  -512.000000 | e:   0.174700 | Q: -93.534248 | won: False 
#  295 | steps: 13476 | steps_t:  8292 | t: 82.505255 | r:  -539.000000 | e:   0.170800 | Q: -82.853149 | won: False 
#  296 | steps: 13519 | steps_t:  8334 | t: 82.884237 | r:  -542.000000 | e:   0.166600 | Q: -88.926712 | won: False 
#  297 | steps: 13547 | steps_t:  8361 | t: 83.140549 | r:  -527.000000 | e:   0.163900 | Q: -87.713493 | won: False 
#  298 | steps: 13580 | steps_t:  8393 | t: 83.467689 | r:  -510.000000 | e:   0.160700 | Q: -74.012810 | won: False 
#  299 | steps: 13610 | steps_t:  8422 | t: 83.737950 | r:  -529.000000 | e:   0.157800 | Q: -75.654335 | won: False 
#  300 | steps: 13657 | steps_t:  8468 | t: 84.108958 | r:  -535.000000 | e:   0.153200 | Q: -91.962822 | won: False 
#  301 | steps: 13673 | steps_t:  8483 | t: 84.254569 | r:  -515.000000 | e:   0.151700 | Q: -80.918793 | won: False 
#  302 | steps: 13691 | steps_t:  8500 | t: 84.440072 | r:  -517.000000 | e:   0.150000 | Q: -73.794106 | won: False 
#  303 | steps: 13719 | steps_t:  8527 | t: 84.682425 | r:  -516.000000 | e:   0.147300 | Q: -85.119110 | won: False 
#  304 | steps: 13739 | steps_t:  8546 | t: 84.871917 | r:  -519.000000 | e:   0.145400 | Q: -87.492348 | won: False 
#  305 | steps: 13754 | steps_t:  8560 | t: 85.087341 | r:  -441.000000 | e:   0.144000 | Q: -76.992119 | won: False 
#  306 | steps: 13779 | steps_t:  8584 | t: 85.605957 | r:  -502.000000 | e:   0.141600 | Q: -100.069443 | won: False 
#  307 | steps: 13824 | steps_t:  8628 | t: 86.160469 | r:  -522.000000 | e:   0.137200 | Q: -97.214424 | won: False 
#  308 | steps: 13837 | steps_t:  8640 | t: 86.267184 | r:  -479.000000 | e:   0.136000 | Q: -114.515839 | won: False 
#  309 | steps: 13842 | steps_t:  8644 | t: 86.313061 | r:  -504.000000 | e:   0.135600 | Q: -109.834564 | won: False 
