#    1 | steps:    22 | steps_t:     0 | t: 0.081062 | r:  -510.000000 | e:   1.000000 | Q:        nan | won: False 
#    2 | steps:    29 | steps_t:     0 | t: 0.102046 | r:  -506.000000 | e:   1.000000 | Q:        nan | won: False 
#    3 | steps:    60 | steps_t:     0 | t: 0.163635 | r:  -457.000000 | e:   1.000000 | Q:        nan | won: False 
#    4 | steps:    86 | steps_t:     0 | t: 0.250923 | r:  -452.000000 | e:   1.000000 | Q:        nan | won: False 
#    5 | steps:   196 | steps_t:     0 | t: 0.352776 | r:  -481.000000 | e:   1.000000 | Q:        nan | won: False 
#    6 | steps:   215 | steps_t:     0 | t: 0.388948 | r:  -467.000000 | e:   1.000000 | Q:        nan | won: False 
#    7 | steps:   262 | steps_t:     0 | t: 0.422937 | r:  -440.000000 | e:   1.000000 | Q:        nan | won: False 
#    8 | steps:   313 | steps_t:     0 | t: 0.470621 | r:  -455.000000 | e:   1.000000 | Q:        nan | won: False 
#    9 | steps:   334 | steps_t:     0 | t: 0.488254 | r:  -458.000000 | e:   1.000000 | Q:        nan | won: False 
#   10 | steps:   392 | steps_t:     0 | t: 0.521228 | r:  -535.000000 | e:   1.000000 | Q:        nan | won: False 
#   11 | steps:   513 | steps_t:     0 | t: 0.623423 | r:  -492.000000 | e:   1.000000 | Q:        nan | won: False 
#   12 | steps:   541 | steps_t:     0 | t: 0.675870 | r:  -483.000000 | e:   1.000000 | Q:        nan | won: False 
#   13 | steps:   560 | steps_t:     0 | t: 0.719089 | r:  -445.000000 | e:   1.000000 | Q:        nan | won: False 
#   14 | steps:   601 | steps_t:     0 | t: 0.802006 | r:  -467.000000 | e:   1.000000 | Q:        nan | won: False 
#   15 | steps:   657 | steps_t:     0 | t: 0.926188 | r:  -500.000000 | e:   1.000000 | Q:        nan | won: False 
#   16 | steps:   667 | steps_t:     0 | t: 0.954268 | r:  -487.000000 | e:   1.000000 | Q:        nan | won: False 
#   17 | steps:   699 | steps_t:     0 | t: 1.006290 | r:  -436.000000 | e:   1.000000 | Q:        nan | won: False 
#   18 | steps:   710 | steps_t:     0 | t: 1.045596 | r:  -499.000000 | e:   1.000000 | Q:        nan | won: False 
#   19 | steps:   723 | steps_t:     0 | t: 1.067489 | r:  -490.000000 | e:   1.000000 | Q:        nan | won: False 
#   20 | steps:   793 | steps_t:     0 | t: 1.188523 | r:  -474.000000 | e:   1.000000 | Q:        nan | won: False 
#   21 | steps:   821 | steps_t:     0 | t: 1.239140 | r:  -454.000000 | e:   1.000000 | Q:        nan | won: False 
#   22 | steps:   864 | steps_t:     0 | t: 1.314777 | r:  -447.000000 | e:   1.000000 | Q:        nan | won: False 
#   23 | steps:   914 | steps_t:     0 | t: 1.399289 | r:  -494.000000 | e:   1.000000 | Q:        nan | won: False 
#   24 | steps:   977 | steps_t:     0 | t: 1.472356 | r:  -467.000000 | e:   1.000000 | Q:        nan | won: False 
#   25 | steps:   983 | steps_t:     0 | t: 1.490368 | r:  -505.000000 | e:   1.000000 | Q:        nan | won: False 
#   26 | steps:  1019 | steps_t:     0 | t: 1.534106 | r:  -440.000000 | e:   1.000000 | Q:        nan | won: False 
#   27 | steps:  1059 | steps_t:     0 | t: 1.579267 | r:  -455.000000 | e:   1.000000 | Q:        nan | won: False 
#   28 | steps:  1187 | steps_t:     0 | t: 1.717891 | r:  -550.000000 | e:   1.000000 | Q:        nan | won: False 
#   29 | steps:  1273 | steps_t:     0 | t: 1.852375 | r:  -479.000000 | e:   1.000000 | Q:        nan | won: False 
#   30 | steps:  1304 | steps_t:     0 | t: 1.910966 | r:  -468.000000 | e:   1.000000 | Q:        nan | won: False 
#   31 | steps:  1320 | steps_t:     0 | t: 1.949384 | r:  -504.000000 | e:   1.000000 | Q:        nan | won: False 
#   32 | steps:  1355 | steps_t:     0 | t: 2.003212 | r:  -472.000000 | e:   1.000000 | Q:        nan | won: False 
#   33 | steps:  1382 | steps_t:     0 | t: 2.065038 | r:  -464.000000 | e:   1.000000 | Q:        nan | won: False 
#   34 | steps:  1449 | steps_t:     0 | t: 2.097068 | r:  -493.000000 | e:   1.000000 | Q:        nan | won: False 
#   35 | steps:  1457 | steps_t:     0 | t: 2.114900 | r:  -507.000000 | e:   1.000000 | Q:        nan | won: False 
#   36 | steps:  1480 | steps_t:     0 | t: 2.126108 | r:  -500.000000 | e:   1.000000 | Q:        nan | won: False 
#   37 | steps:  1526 | steps_t:     0 | t: 2.163452 | r:  -450.000000 | e:   1.000000 | Q:        nan | won: False 
#   38 | steps:  1569 | steps_t:     0 | t: 2.211759 | r:  -447.000000 | e:   1.000000 | Q:        nan | won: False 
#   39 | steps:  1622 | steps_t:     0 | t: 2.255362 | r:  -519.000000 | e:   1.000000 | Q:        nan | won: False 
#   40 | steps:  1646 | steps_t:     0 | t: 2.299592 | r:  -439.000000 | e:   1.000000 | Q:        nan | won: False 
#   41 | steps:  1705 | steps_t:     0 | t: 2.383837 | r:  -485.000000 | e:   1.000000 | Q:        nan | won: False 
#   42 | steps:  1728 | steps_t:     0 | t: 2.434729 | r:  -438.000000 | e:   1.000000 | Q:        nan | won: False 
#   43 | steps:  1745 | steps_t:     0 | t: 2.474476 | r:  -443.000000 | e:   1.000000 | Q:        nan | won: False 
#   44 | steps:  1855 | steps_t:     0 | t: 2.630035 | r:  -536.000000 | e:   1.000000 | Q:        nan | won: False 
#   45 | steps:  1870 | steps_t:     0 | t: 2.639787 | r:  -503.000000 | e:   1.000000 | Q:        nan | won: False 
#   46 | steps:  1899 | steps_t:     0 | t: 2.669442 | r:  -444.000000 | e:   1.000000 | Q:        nan | won: False 
#   47 | steps:  1994 | steps_t:     0 | t: 2.749860 | r:  -550.000000 | e:   1.000000 | Q:        nan | won: False 
#   48 | steps:  2070 | steps_t:     0 | t: 2.814204 | r:   153.000000 | e:   1.000000 | Q:        nan | won: True 
#   49 | steps:  2110 | steps_t:     0 | t: 2.920038 | r:  -466.000000 | e:   1.000000 | Q:        nan | won: False 
#   50 | steps:  2157 | steps_t:     0 | t: 2.971733 | r:  -429.000000 | e:   1.000000 | Q:        nan | won: False 
#   51 | steps:  2195 | steps_t:     0 | t: 3.013776 | r:  -453.000000 | e:   1.000000 | Q:        nan | won: False 
#   52 | steps:  2218 | steps_t:     0 | t: 3.034474 | r:  -438.000000 | e:   1.000000 | Q:        nan | won: False 
#   53 | steps:  2248 | steps_t:     0 | t: 3.049935 | r:  -434.000000 | e:   1.000000 | Q:        nan | won: False 
#   54 | steps:  2262 | steps_t:     0 | t: 3.072251 | r:  -502.000000 | e:   1.000000 | Q:        nan | won: False 
#   55 | steps:  2295 | steps_t:     0 | t: 3.124038 | r:  -477.000000 | e:   1.000000 | Q:        nan | won: False 
#   56 | steps:  2352 | steps_t:     0 | t: 3.167837 | r:  -483.000000 | e:   1.000000 | Q:        nan | won: False 
#   57 | steps:  2372 | steps_t:     0 | t: 3.188435 | r:  -508.000000 | e:   1.000000 | Q:        nan | won: False 
#   58 | steps:  2436 | steps_t:     0 | t: 3.246216 | r:  -541.000000 | e:   1.000000 | Q:        nan | won: False 
#   59 | steps:  2454 | steps_t:     0 | t: 3.268117 | r:  -455.000000 | e:   1.000000 | Q:        nan | won: False 
#   60 | steps:  2484 | steps_t:     0 | t: 3.304308 | r:  -518.000000 | e:   1.000000 | Q:        nan | won: False 
#   61 | steps:  2569 | steps_t:     0 | t: 3.393441 | r:  -540.000000 | e:   1.000000 | Q:        nan | won: False 
#   62 | steps:  2576 | steps_t:     0 | t: 3.406224 | r:  -484.000000 | e:   1.000000 | Q:        nan | won: False 
#   63 | steps:  2587 | steps_t:     0 | t: 3.429997 | r:  -499.000000 | e:   1.000000 | Q:        nan | won: False 
#   64 | steps:  2660 | steps_t:     0 | t: 3.568909 | r:  -550.000000 | e:   1.000000 | Q:        nan | won: False 
#   65 | steps:  2740 | steps_t:     0 | t: 3.637604 | r:  -524.000000 | e:   1.000000 | Q:        nan | won: False 
#   66 | steps:  2813 | steps_t:     0 | t: 3.722360 | r:  -477.000000 | e:   1.000000 | Q:        nan | won: False 
#   67 | steps:  2862 | steps_t:     0 | t: 3.773758 | r:  -515.000000 | e:   1.000000 | Q:        nan | won: False 
#   68 | steps:  2878 | steps_t:     0 | t: 3.792694 | r:  -515.000000 | e:   1.000000 | Q:        nan | won: False 
#   69 | steps:  2911 | steps_t:     0 | t: 3.834858 | r:  -510.000000 | e:   1.000000 | Q:        nan | won: False 
#   70 | steps:  2946 | steps_t:     0 | t: 3.883266 | r:  -523.000000 | e:   1.000000 | Q:        nan | won: False 
#   71 | steps:  3077 | steps_t:     0 | t: 3.987492 | r:  -502.000000 | e:   1.000000 | Q:        nan | won: False 
#   72 | steps:  3087 | steps_t:     0 | t: 3.998611 | r:  -509.000000 | e:   1.000000 | Q:        nan | won: False 
#   73 | steps:  3138 | steps_t:     0 | t: 4.071652 | r:  -506.000000 | e:   1.000000 | Q:        nan | won: False 
#   74 | steps:  3182 | steps_t:     0 | t: 4.129567 | r:  -470.000000 | e:   1.000000 | Q:        nan | won: False 
#   75 | steps:  3218 | steps_t:     0 | t: 4.161274 | r:  -524.000000 | e:   1.000000 | Q:        nan | won: False 
#   76 | steps:  3246 | steps_t:     0 | t: 4.220177 | r:  -476.000000 | e:   1.000000 | Q:        nan | won: False 
#   77 | steps:  3273 | steps_t:     0 | t: 4.290710 | r:  -453.000000 | e:   1.000000 | Q:        nan | won: False 
#   78 | steps:  3314 | steps_t:     0 | t: 4.350254 | r:  -518.000000 | e:   1.000000 | Q:        nan | won: False 
#   79 | steps:  3369 | steps_t:     0 | t: 4.418622 | r:  -532.000000 | e:   1.000000 | Q:        nan | won: False 
#   80 | steps:  3393 | steps_t:     0 | t: 4.468425 | r:  -512.000000 | e:   1.000000 | Q:        nan | won: False 
#   81 | steps:  3408 | steps_t:     0 | t: 4.489308 | r:  -492.000000 | e:   1.000000 | Q:        nan | won: False 
#   82 | steps:  3461 | steps_t:     0 | t: 4.549945 | r:  -457.000000 | e:   1.000000 | Q:        nan | won: False 
#   83 | steps:  3508 | steps_t:     0 | t: 4.619169 | r:  -473.000000 | e:   1.000000 | Q:        nan | won: False 
#   84 | steps:  3517 | steps_t:     0 | t: 4.644518 | r:  -508.000000 | e:   1.000000 | Q:        nan | won: False 
#   85 | steps:  3653 | steps_t:     0 | t: 4.774000 | r:  -507.000000 | e:   1.000000 | Q:        nan | won: False 
#   86 | steps:  3701 | steps_t:     0 | t: 4.859544 | r:  -481.000000 | e:   1.000000 | Q:        nan | won: False 
#   87 | steps:  3808 | steps_t:     0 | t: 4.979733 | r:  -511.000000 | e:   1.000000 | Q:        nan | won: False 
#   88 | steps:  3825 | steps_t:     0 | t: 4.998010 | r:  -505.000000 | e:   1.000000 | Q:        nan | won: False 
#   89 | steps:  3853 | steps_t:     0 | t: 5.037536 | r:  -476.000000 | e:   1.000000 | Q:        nan | won: False 
#   90 | steps:  3890 | steps_t:     0 | t: 5.081876 | r:  -463.000000 | e:   1.000000 | Q:        nan | won: False 
#   91 | steps:  3920 | steps_t:     0 | t: 5.109069 | r:  -445.000000 | e:   1.000000 | Q:        nan | won: False 
#   92 | steps:  3971 | steps_t:     0 | t: 5.167124 | r:  -466.000000 | e:   1.000000 | Q:        nan | won: False 
#   93 | steps:  3991 | steps_t:     0 | t: 5.182963 | r:  -446.000000 | e:   1.000000 | Q:        nan | won: False 
#   94 | steps:  4073 | steps_t:     0 | t: 5.262933 | r:  -475.000000 | e:   1.000000 | Q:        nan | won: False 
#   95 | steps:  4094 | steps_t:     0 | t: 5.299714 | r:  -520.000000 | e:   1.000000 | Q:        nan | won: False 
#   96 | steps:  4119 | steps_t:     0 | t: 5.334944 | r:  -429.000000 | e:   1.000000 | Q:        nan | won: False 
#   97 | steps:  4197 | steps_t:     0 | t: 5.861921 | r:  -500.000000 | e:   1.000000 | Q:        nan | won: False 
#   98 | steps:  4214 | steps_t:     0 | t: 5.883786 | r:  -472.000000 | e:   1.000000 | Q:        nan | won: False 
#   99 | steps:  4280 | steps_t:     0 | t: 5.949555 | r:  -488.000000 | e:   1.000000 | Q:        nan | won: False 
#  100 | steps:  4349 | steps_t:     0 | t: 6.034301 | r:  -557.000000 | e:   1.000000 | Q:        nan | won: False 
#  101 | steps:  4379 | steps_t:     0 | t: 6.087056 | r:  -529.000000 | e:   1.000000 | Q:        nan | won: False 
#  102 | steps:  4388 | steps_t:     0 | t: 6.097052 | r:  -508.000000 | e:   1.000000 | Q:        nan | won: False 
#  103 | steps:  4426 | steps_t:     0 | t: 6.127492 | r:  -464.000000 | e:   1.000000 | Q:        nan | won: False 
#  104 | steps:  4467 | steps_t:     0 | t: 6.174251 | r:  -467.000000 | e:   1.000000 | Q:        nan | won: False 
#  105 | steps:  4558 | steps_t:     0 | t: 6.249307 | r:  -546.000000 | e:   1.000000 | Q:        nan | won: False 
#  106 | steps:  4619 | steps_t:     0 | t: 6.310857 | r:  -465.000000 | e:   1.000000 | Q:        nan | won: False 
#  107 | steps:  4668 | steps_t:     0 | t: 6.347793 | r:  -464.000000 | e:   1.000000 | Q:        nan | won: False 
#  108 | steps:  4708 | steps_t:     0 | t: 6.381659 | r:  -455.000000 | e:   1.000000 | Q:        nan | won: False 
#  109 | steps:  4737 | steps_t:     0 | t: 6.420307 | r:  -444.000000 | e:   1.000000 | Q:        nan | won: False 
#  110 | steps:  4754 | steps_t:     0 | t: 6.436247 | r:  -443.000000 | e:   1.000000 | Q:        nan | won: False 
#  111 | steps:  4834 | steps_t:     0 | t: 6.516194 | r:  -495.000000 | e:   1.000000 | Q:        nan | won: False 
#  112 | steps:  4889 | steps_t:     0 | t: 6.559482 | r:  -481.000000 | e:   1.000000 | Q:        nan | won: False 
#  113 | steps:  4940 | steps_t:     0 | t: 6.604985 | r:  -455.000000 | e:   1.000000 | Q:        nan | won: False 
#  114 | steps:  4970 | steps_t:     0 | t: 6.628342 | r:  -456.000000 | e:   1.000000 | Q:        nan | won: False 
#  115 | steps:  4978 | steps_t:     0 | t: 6.634566 | r:  -507.000000 | e:   1.000000 | Q:        nan | won: False 
#  116 | steps:  5032 | steps_t:    31 | t: 7.377816 | r:  -509.000000 | e:   0.996900 | Q:        nan | won: False 
#  117 | steps:  5090 | steps_t:    88 | t: 8.046319 | r:  -535.000000 | e:   0.991200 | Q:        nan | won: False 
#  118 | steps:  5140 | steps_t:   137 | t: 8.636593 | r:  -505.000000 | e:   0.986300 | Q:        nan | won: False 
#  119 | steps:  5240 | steps_t:   236 | t: 9.640344 | r:  -471.000000 | e:   0.976400 | Q:  -2.348435 | won: False 
#  120 | steps:  5247 | steps_t:   242 | t: 9.788007 | r:  -506.000000 | e:   0.975800 | Q:        nan | won: False 
#  121 | steps:  5277 | steps_t:   271 | t: 10.188480 | r:  -434.000000 | e:   0.972900 | Q:  -7.475246 | won: False 
#  122 | steps:  5287 | steps_t:   280 | t: 10.304419 | r:  -509.000000 | e:   0.972000 | Q:        nan | won: False 
#  123 | steps:  5296 | steps_t:   288 | t: 10.404818 | r:  -497.000000 | e:   0.971200 | Q:        nan | won: False 
#  124 | steps:  5359 | steps_t:   350 | t: 11.090904 | r:   115.000000 | e:   0.965000 | Q: -13.326356 | won: True 
#  125 | steps:  5385 | steps_t:   375 | t: 11.323397 | r:  -481.000000 | e:   0.962500 | Q:        nan | won: False 
#  126 | steps:  5453 | steps_t:   442 | t: 12.005462 | r:  -545.000000 | e:   0.955800 | Q: -20.031687 | won: False 
#  127 | steps:  5462 | steps_t:   450 | t: 12.095006 | r:  -497.000000 | e:   0.955000 | Q:        nan | won: False 
#  128 | steps:  5487 | steps_t:   474 | t: 12.488442 | r:  -513.000000 | e:   0.952600 | Q:        nan | won: False 
#  129 | steps:  5525 | steps_t:   511 | t: 12.819839 | r:  -475.000000 | e:   0.948900 | Q: -22.456209 | won: False 
#  130 | steps:  5612 | steps_t:   597 | t: 13.709474 | r:  -531.000000 | e:   0.940300 | Q: -21.245701 | won: False 
#  131 | steps:  5622 | steps_t:   606 | t: 13.784849 | r:  -509.000000 | e:   0.939400 | Q: -31.301237 | won: False 
#  132 | steps:  5644 | steps_t:   627 | t: 13.940069 | r:  -510.000000 | e:   0.937300 | Q:        nan | won: False 
#  133 | steps:  5709 | steps_t:   691 | t: 14.421388 | r:  -447.000000 | e:   0.930900 | Q:        nan | won: False 
#  134 | steps:  5745 | steps_t:   726 | t: 14.801024 | r:  -462.000000 | e:   0.927400 | Q: -30.273556 | won: False 
#  135 | steps:  5767 | steps_t:   747 | t: 15.151538 | r:  -510.000000 | e:   0.925300 | Q: -36.371220 | won: False 
#  136 | steps:  5779 | steps_t:   758 | t: 15.355913 | r:  -511.000000 | e:   0.924200 | Q:        nan | won: False 
#  137 | steps:  5864 | steps_t:   842 | t: 16.148694 | r:  -551.000000 | e:   0.915800 | Q: -32.553062 | won: False 
#  138 | steps:  5908 | steps_t:   885 | t: 16.532142 | r:  -470.000000 | e:   0.911500 | Q: -39.444725 | won: False 
#  139 | steps:  5995 | steps_t:   971 | t: 17.307085 | r:  -469.000000 | e:   0.902900 | Q: -34.947220 | won: False 
#  140 | steps:  6048 | steps_t:  1023 | t: 17.790468 | r:  -541.000000 | e:   0.897700 | Q: -48.824093 | won: False 
#  141 | steps:  6087 | steps_t:  1061 | t: 18.198929 | r:  -443.000000 | e:   0.893900 | Q: -38.909271 | won: False 
#  142 | steps:  6095 | steps_t:  1068 | t: 18.314564 | r:  -507.000000 | e:   0.893200 | Q:        nan | won: False 
#  143 | steps:  6153 | steps_t:  1125 | t: 19.205718 | r:  -513.000000 | e:   0.887500 | Q: -38.913300 | won: False 
#  144 | steps:  6184 | steps_t:  1155 | t: 19.677166 | r:  -508.000000 | e:   0.884500 | Q: -51.077484 | won: False 
#  145 | steps:  6201 | steps_t:  1171 | t: 19.946941 | r:  -494.000000 | e:   0.882900 | Q: -51.539642 | won: False 
#  146 | steps:  6267 | steps_t:  1236 | t: 20.983186 | r:  -481.000000 | e:   0.876400 | Q: -54.060535 | won: False 
#  147 | steps:  6295 | steps_t:  1263 | t: 21.422315 | r:  -516.000000 | e:   0.873700 | Q: -55.509968 | won: False 
#  148 | steps:  6387 | steps_t:  1354 | t: 22.802502 | r:  -536.000000 | e:   0.864600 | Q: -44.410275 | won: False 
#  149 | steps:  6405 | steps_t:  1371 | t: 23.072526 | r:  -506.000000 | e:   0.862900 | Q: -60.532890 | won: False 
#  150 | steps:  6433 | steps_t:  1398 | t: 23.522848 | r:  -454.000000 | e:   0.860200 | Q: -49.161755 | won: False 
#  151 | steps:  6443 | steps_t:  1407 | t: 23.689206 | r:  -498.000000 | e:   0.859300 | Q: -64.916588 | won: False 
#  152 | steps:  6521 | steps_t:  1484 | t: 24.897253 | r:  -555.000000 | e:   0.851600 | Q: -48.335495 | won: False 
#  153 | steps:  6540 | steps_t:  1502 | t: 25.064743 | r:  -518.000000 | e:   0.849800 | Q: -65.652718 | won: False 
#  154 | steps:  6581 | steps_t:  1542 | t: 25.572254 | r:  -489.000000 | e:   0.845800 | Q: -66.696617 | won: False 
#  155 | steps:  6686 | steps_t:  1646 | t: 26.678173 | r:  -527.000000 | e:   0.835400 | Q: -54.673195 | won: False 
#  156 | steps:  6710 | steps_t:  1669 | t: 27.052725 | r:  -512.000000 | e:   0.833100 | Q: -71.570831 | won: False 
#  157 | steps:  6809 | steps_t:  1767 | t: 28.464265 | r:  -514.000000 | e:   0.823300 | Q: -58.767220 | won: False 
#  158 | steps:  6832 | steps_t:  1789 | t: 28.828846 | r:  -511.000000 | e:   0.821100 | Q: -85.332191 | won: False 
#  159 | steps:  6857 | steps_t:  1813 | t: 29.207472 | r:  -502.000000 | e:   0.818700 | Q: -84.062256 | won: False 
#  160 | steps:  6872 | steps_t:  1827 | t: 29.443433 | r:  -514.000000 | e:   0.817300 | Q: -84.264084 | won: False 
#  161 | steps:  6885 | steps_t:  1839 | t: 29.541986 | r:  -512.000000 | e:   0.816100 | Q:        nan | won: False 
#  162 | steps:  6947 | steps_t:  1900 | t: 30.410863 | r:  -488.000000 | e:   0.810000 | Q: -84.179909 | won: False 
#  163 | steps:  7019 | steps_t:  1971 | t: 31.467470 | r:  -549.000000 | e:   0.802900 | Q: -65.058838 | won: False 
#  164 | steps:  7039 | steps_t:  1990 | t: 31.773069 | r:  -446.000000 | e:   0.801000 | Q: -97.031288 | won: False 
#  165 | steps:  7051 | steps_t:  2001 | t: 31.970531 | r:  -511.000000 | e:   0.799900 | Q: -93.512077 | won: False 
#  166 | steps:  7117 | steps_t:  2066 | t: 32.961266 | r:  -492.000000 | e:   0.793400 | Q: -66.117302 | won: False 
#  167 | steps:  7140 | steps_t:  2088 | t: 33.314803 | r:  -511.000000 | e:   0.791200 | Q: -96.794983 | won: False 
#  168 | steps:  7248 | steps_t:  2195 | t: 34.958079 | r:  -523.000000 | e:   0.780500 | Q: -69.241043 | won: False 
#  169 | steps:  7261 | steps_t:  2207 | t: 35.149468 | r:  -490.000000 | e:   0.779300 | Q: -103.818939 | won: False 
#  170 | steps:  7348 | steps_t:  2293 | t: 36.643182 | r:  -575.000000 | e:   0.770700 | Q: -68.095947 | won: False 
#  171 | steps:  7368 | steps_t:  2312 | t: 36.923575 | r:  -519.000000 | e:   0.768800 | Q: -98.959160 | won: False 
#  172 | steps:  7385 | steps_t:  2328 | t: 37.206994 | r:  -465.000000 | e:   0.767200 | Q: -98.067215 | won: False 
#  173 | steps:  7431 | steps_t:  2373 | t: 37.677424 | r:  -472.000000 | e:   0.762700 | Q: -98.902679 | won: False 
#  174 | steps:  7482 | steps_t:  2423 | t: 38.061907 | r:  -528.000000 | e:   0.757700 | Q: -97.541451 | won: False 
#  175 | steps:  7562 | steps_t:  2502 | t: 39.381459 | r:  -535.000000 | e:   0.749800 | Q: -69.132462 | won: False 
#  176 | steps:  7623 | steps_t:  2562 | t: 40.328456 | r:  -487.000000 | e:   0.743800 | Q: -65.252136 | won: False 
#  177 | steps:  7643 | steps_t:  2581 | t: 40.545190 | r:  -508.000000 | e:   0.741900 | Q: -88.852188 | won: False 
#  178 | steps:  7652 | steps_t:  2589 | t: 40.695674 | r:  -486.000000 | e:   0.741100 | Q: -90.877884 | won: False 
#  179 | steps:  7691 | steps_t:  2627 | t: 41.318127 | r:  -476.000000 | e:   0.737300 | Q: -60.123112 | won: False 
#  180 | steps:  7831 | steps_t:  2766 | t: 43.381467 | r:  -566.000000 | e:   0.723400 | Q: -57.797413 | won: False 
#  181 | steps:  7838 | steps_t:  2772 | t: 43.445188 | r:  -495.000000 | e:   0.722800 | Q:        nan | won: False 
#  182 | steps:  7903 | steps_t:  2836 | t: 44.292696 | r:  -553.000000 | e:   0.716400 | Q: -68.736816 | won: False 
#  183 | steps:  7927 | steps_t:  2859 | t: 44.714799 | r:  -501.000000 | e:   0.714100 | Q: -92.815666 | won: False 
#  184 | steps:  8016 | steps_t:  2947 | t: 46.047495 | r:  -555.000000 | e:   0.705300 | Q: -66.777351 | won: False 
#  185 | steps:  8078 | steps_t:  3008 | t: 46.992589 | r:  -539.000000 | e:   0.699200 | Q: -71.948502 | won: False 
#  186 | steps:  8122 | steps_t:  3051 | t: 47.660639 | r:  -470.000000 | e:   0.694900 | Q: -98.754387 | won: False 
#  187 | steps:  8233 | steps_t:  3161 | t: 49.433777 | r:  -588.000000 | e:   0.683900 | Q: -71.452888 | won: False 
#  188 | steps:  8372 | steps_t:  3299 | t: 51.083504 | r:  -572.000000 | e:   0.670100 | Q: -68.009460 | won: False 
#  189 | steps:  8413 | steps_t:  3339 | t: 51.662313 | r:  -529.000000 | e:   0.666100 | Q: -96.785500 | won: False 
#  190 | steps:  8432 | steps_t:  3357 | t: 51.861690 | r:  -518.000000 | e:   0.664300 | Q: -98.126778 | won: False 
#  191 | steps:  8442 | steps_t:  3366 | t: 51.958016 | r:  -509.000000 | e:   0.663400 | Q: -100.465179 | won: False 
#  192 | steps:  8451 | steps_t:  3374 | t: 52.045612 | r:  -508.000000 | e:   0.662600 | Q: -94.933876 | won: False 
#  193 | steps:  8556 | steps_t:  3478 | t: 53.053227 | r:  -571.000000 | e:   0.652200 | Q: -67.835358 | won: False 
#  194 | steps:  8623 | steps_t:  3544 | t: 53.962116 | r:  -493.000000 | e:   0.645600 | Q: -64.963104 | won: False 
#  195 | steps:  8695 | steps_t:  3615 | t: 55.075077 | r:  -498.000000 | e:   0.638500 | Q: -57.845127 | won: False 
#  196 | steps:  8774 | steps_t:  3693 | t: 56.373430 | r:  -556.000000 | e:   0.630700 | Q: -59.830437 | won: False 
#  197 | steps:  8870 | steps_t:  3788 | t: 57.869833 | r:  -511.000000 | e:   0.621200 | Q: -61.193710 | won: False 
#  198 | steps:  8941 | steps_t:  3858 | t: 58.827255 | r:  -548.000000 | e:   0.614200 | Q: -62.856468 | won: False 
#  199 | steps:  8995 | steps_t:  3911 | t: 59.704333 | r:  -542.000000 | e:   0.608900 | Q: -93.539780 | won: False 
#  200 | steps:  9015 | steps_t:  3930 | t: 59.892677 | r:  -497.000000 | e:   0.607000 | Q: -95.697281 | won: False 
#  201 | steps:  9086 | steps_t:  4000 | t: 60.549258 | r:  -559.000000 | e:   0.600000 | Q: -59.749199 | won: False 
#  202 | steps:  9102 | steps_t:  4015 | t: 60.681533 | r:  -515.000000 | e:   0.598500 | Q: -96.403580 | won: False 
#  203 | steps:  9123 | steps_t:  4035 | t: 60.865321 | r:  -520.000000 | e:   0.596500 | Q: -93.764183 | won: False 
#  204 | steps:  9135 | steps_t:  4046 | t: 60.979933 | r:  -511.000000 | e:   0.595400 | Q: -95.431297 | won: False 
#  205 | steps:  9168 | steps_t:  4078 | t: 61.388081 | r:  -521.000000 | e:   0.592200 | Q: -93.408363 | won: False 
#  206 | steps:  9238 | steps_t:  4147 | t: 62.579374 | r:  -485.000000 | e:   0.585300 | Q: -68.081955 | won: False 
#  207 | steps:  9252 | steps_t:  4160 | t: 62.825996 | r:  -513.000000 | e:   0.584000 | Q: -106.697731 | won: False 
#  208 | steps:  9310 | steps_t:  4217 | t: 63.595266 | r:  -546.000000 | e:   0.578300 | Q: -106.992203 | won: False 
#  209 | steps:  9359 | steps_t:  4265 | t: 64.233417 | r:  -537.000000 | e:   0.573500 | Q: -103.025108 | won: False 
#  210 | steps:  9593 | steps_t:  4498 | t: 67.632978 | r:  -671.000000 | e:   0.550200 | Q: -66.457108 | won: False 
#  211 | steps:  9660 | steps_t:  4564 | t: 68.369972 | r:  -504.000000 | e:   0.543600 | Q: -61.793816 | won: False 
#  212 | steps:  9784 | steps_t:  4687 | t: 70.138119 | r:  -601.000000 | e:   0.531300 | Q: -96.409058 | won: False 
#  213 | steps:  9846 | steps_t:  4748 | t: 71.084707 | r:  -550.000000 | e:   0.525200 | Q: -92.164429 | won: False 
#  214 | steps:  9894 | steps_t:  4795 | t: 71.843142 | r:  -547.000000 | e:   0.520500 | Q: -94.012833 | won: False 
#  215 | steps:  9908 | steps_t:  4808 | t: 72.079629 | r:  -502.000000 | e:   0.519200 | Q: -93.270020 | won: False 
#  216 | steps:  9979 | steps_t:  4878 | t: 73.209541 | r:  -537.000000 | e:   0.512200 | Q: -61.451111 | won: False 
#  217 | steps: 10065 | steps_t:  4963 | t: 74.569951 | r:  -523.000000 | e:   0.503700 | Q: -92.045609 | won: False 
#  218 | steps: 10151 | steps_t:  5048 | t: 75.705999 | r:  -490.000000 | e:   0.495200 | Q: -60.816818 | won: False 
#  219 | steps: 10168 | steps_t:  5064 | t: 75.997451 | r:  -505.000000 | e:   0.493600 | Q: -90.026115 | won: False 
#  220 | steps: 10200 | steps_t:  5095 | t: 76.288058 | r:  -498.000000 | e:   0.490500 | Q: -94.592613 | won: False 
#  221 | steps: 10232 | steps_t:  5126 | t: 76.813078 | r:  -520.000000 | e:   0.487400 | Q: -97.561119 | won: False 
#  222 | steps: 10275 | steps_t:  5168 | t: 77.476947 | r:  -469.000000 | e:   0.483200 | Q: -95.275047 | won: False 
#  223 | steps: 10355 | steps_t:  5247 | t: 78.714363 | r:  -557.000000 | e:   0.475300 | Q: -56.860973 | won: False 
#  224 | steps: 10423 | steps_t:  5314 | t: 79.815581 | r:  -556.000000 | e:   0.468600 | Q: -87.013580 | won: False 
#  225 | steps: 10478 | steps_t:  5368 | t: 80.662932 | r:  -532.000000 | e:   0.463200 | Q: -97.916687 | won: False 
#  226 | steps: 10541 | steps_t:  5430 | t: 81.522447 | r:  -467.000000 | e:   0.457000 | Q: -93.702263 | won: False 
#  227 | steps: 10556 | steps_t:  5444 | t: 81.734050 | r:  -503.000000 | e:   0.455600 | Q: -94.645981 | won: False 
#  228 | steps: 10626 | steps_t:  5513 | t: 82.827757 | r:  -536.000000 | e:   0.448700 | Q: -60.885750 | won: False 
#  229 | steps: 10648 | steps_t:  5534 | t: 83.185164 | r:  -510.000000 | e:   0.446600 | Q: -103.806580 | won: False 
#  230 | steps: 10699 | steps_t:  5584 | t: 83.968293 | r:  -466.000000 | e:   0.441600 | Q: -96.429390 | won: False 
#  231 | steps: 10730 | steps_t:  5614 | t: 84.254408 | r:  -530.000000 | e:   0.438600 | Q: -93.825630 | won: False 
#  232 | steps: 10789 | steps_t:  5672 | t: 84.770600 | r:  -547.000000 | e:   0.432800 | Q: -93.471687 | won: False 
#  233 | steps: 10815 | steps_t:  5697 | t: 85.196171 | r:  -514.000000 | e:   0.430300 | Q: -93.471687 | won: False 
#  234 | steps: 10844 | steps_t:  5725 | t: 85.561123 | r:  -455.000000 | e:   0.427500 | Q: -63.337193 | won: False 
#  235 | steps: 10854 | steps_t:  5734 | t: 85.713861 | r:  -487.000000 | e:   0.426600 | Q: -100.176918 | won: False 
#  236 | steps: 10878 | steps_t:  5757 | t: 86.102758 | r:  -501.000000 | e:   0.424300 | Q: -100.530586 | won: False 
#  237 | steps: 10915 | steps_t:  5793 | t: 86.701357 | r:  -463.000000 | e:   0.420700 | Q: -97.118111 | won: False 
#  238 | steps: 11021 | steps_t:  5898 | t: 88.435223 | r:  -583.000000 | e:   0.410200 | Q: -93.256996 | won: False 
#  239 | steps: 11035 | steps_t:  5911 | t: 88.658961 | r:  -502.000000 | e:   0.408900 | Q: -111.023865 | won: False 
#  240 | steps: 11067 | steps_t:  5942 | t: 89.155679 | r:  -509.000000 | e:   0.405800 | Q: -92.205414 | won: False 
#  241 | steps: 11142 | steps_t:  6016 | t: 90.345055 | r:  -501.000000 | e:   0.398400 | Q: -96.547890 | won: False 
#  242 | steps: 11164 | steps_t:  6037 | t: 90.689997 | r:  -521.000000 | e:   0.396300 | Q: -95.552803 | won: False 
#  243 | steps: 11208 | steps_t:  6080 | t: 91.401986 | r:  -521.000000 | e:   0.392000 | Q: -86.149696 | won: False 
#  244 | steps: 11232 | steps_t:  6103 | t: 91.774369 | r:  -523.000000 | e:   0.389700 | Q: -84.341232 | won: False 
#  245 | steps: 11314 | steps_t:  6184 | t: 93.072782 | r:  -570.000000 | e:   0.381600 | Q: -85.077965 | won: False 
#  246 | steps: 11408 | steps_t:  6277 | t: 94.411626 | r:  -582.000000 | e:   0.372300 | Q: -94.195183 | won: False 
#  247 | steps: 11420 | steps_t:  6288 | t: 94.626697 | r:  -511.000000 | e:   0.371200 | Q: -92.444962 | won: False 
#  248 | steps: 11434 | steps_t:  6301 | t: 94.849596 | r:  -502.000000 | e:   0.369900 | Q: -82.525131 | won: False 
#  249 | steps: 11474 | steps_t:  6340 | t: 95.473605 | r:  -528.000000 | e:   0.366000 | Q: -83.035522 | won: False 
#  250 | steps: 11482 | steps_t:  6347 | t: 95.601606 | r:  -507.000000 | e:   0.365300 | Q: -110.495720 | won: False 
#  251 | steps: 11504 | steps_t:  6368 | t: 95.969382 | r:  -521.000000 | e:   0.363200 | Q: -83.035522 | won: False 
#  252 | steps: 11596 | steps_t:  6459 | t: 97.455085 | r:  -580.000000 | e:   0.354100 | Q: -79.934792 | won: False 
#  253 | steps: 11635 | steps_t:  6497 | t: 98.082463 | r:  -538.000000 | e:   0.350300 | Q: -81.994568 | won: False 
#  254 | steps: 11645 | steps_t:  6506 | t: 98.247756 | r:  -509.000000 | e:   0.349400 | Q: -110.902023 | won: False 
#  255 | steps: 11798 | steps_t:  6658 | t: 100.713203 | r:  -641.000000 | e:   0.334200 | Q: -81.926521 | won: False 
#  256 | steps: 11832 | steps_t:  6691 | t: 101.240833 | r:  -522.000000 | e:   0.330900 | Q: -77.897316 | won: False 
#  257 | steps: 11920 | steps_t:  6778 | t: 102.650404 | r:  -576.000000 | e:   0.322200 | Q: -77.695839 | won: False 
#  258 | steps: 11955 | steps_t:  6812 | t: 103.195657 | r:  -534.000000 | e:   0.318800 | Q: -79.567184 | won: False 
#  259 | steps: 12014 | steps_t:  6870 | t: 104.161868 | r:  -558.000000 | e:   0.313000 | Q: -79.567184 | won: False 
#  260 | steps: 12034 | steps_t:  6889 | t: 104.472099 | r:  -519.000000 | e:   0.311100 | Q: -83.133514 | won: False 
#  261 | steps: 12067 | steps_t:  6921 | t: 105.001383 | r:  -470.000000 | e:   0.307900 | Q: -44.499710 | won: False 
#  262 | steps: 12078 | steps_t:  6931 | t: 105.190982 | r:  -499.000000 | e:   0.306900 | Q: -92.704605 | won: False 
#  263 | steps: 12090 | steps_t:  6942 | t: 105.388626 | r:  -511.000000 | e:   0.305800 | Q: -92.704605 | won: False 
#  264 | steps: 12110 | steps_t:  6961 | t: 105.707792 | r:  -519.000000 | e:   0.303900 | Q: -120.372696 | won: False 
#  265 | steps: 12271 | steps_t:  7121 | t: 108.274363 | r:  -649.000000 | e:   0.287900 | Q: -81.586479 | won: False 
#  266 | steps: 12325 | steps_t:  7174 | t: 109.064286 | r:  -531.000000 | e:   0.282600 | Q: -80.865471 | won: False 
#  267 | steps: 12360 | steps_t:  7208 | t: 109.619362 | r:  -523.000000 | e:   0.279200 | Q: -94.855072 | won: False 
#  268 | steps: 12372 | steps_t:  7219 | t: 109.823912 | r:  -511.000000 | e:   0.278100 | Q: -91.530945 | won: False 
#  269 | steps: 12408 | steps_t:  7254 | t: 110.387729 | r:  -524.000000 | e:   0.274600 | Q: -81.413368 | won: False 
#  270 | steps: 12539 | steps_t:  7384 | t: 112.523705 | r:  -608.000000 | e:   0.261600 | Q: -76.218529 | won: False 
#  271 | steps: 12550 | steps_t:  7394 | t: 112.687825 | r:  -510.000000 | e:   0.260600 | Q: -90.470802 | won: False 
#  272 | steps: 12561 | steps_t:  7404 | t: 112.871964 | r:  -499.000000 | e:   0.259600 | Q: -90.546524 | won: False 
#  273 | steps: 12591 | steps_t:  7433 | t: 113.354139 | r:  -496.000000 | e:   0.256700 | Q: -85.609711 | won: False 
#  274 | steps: 12607 | steps_t:  7448 | t: 113.606199 | r:  -504.000000 | e:   0.255200 | Q: -81.951965 | won: False 
#  275 | steps: 12643 | steps_t:  7483 | t: 114.190918 | r:  -535.000000 | e:   0.251700 | Q: -80.212990 | won: False 
#  276 | steps: 12705 | steps_t:  7544 | t: 115.209525 | r:  -561.000000 | e:   0.245600 | Q: -50.654915 | won: False 
#  277 | steps: 12751 | steps_t:  7589 | t: 115.943656 | r:  -534.000000 | e:   0.241100 | Q: -91.048775 | won: False 
#  278 | steps: 12763 | steps_t:  7600 | t: 116.137583 | r:  -511.000000 | e:   0.240000 | Q: -91.048775 | won: False 
#  279 | steps: 12819 | steps_t:  7655 | t: 117.062335 | r:  -544.000000 | e:   0.234500 | Q: -95.430115 | won: False 
#  280 | steps: 12841 | steps_t:  7676 | t: 117.412367 | r:  -510.000000 | e:   0.232400 | Q: -92.333191 | won: False 
#  281 | steps: 12865 | steps_t:  7699 | t: 117.823785 | r:  -523.000000 | e:   0.230100 | Q: -80.063393 | won: False 
#  282 | steps: 12918 | steps_t:  7751 | t: 118.693024 | r:  -541.000000 | e:   0.224900 | Q: -80.063393 | won: False 
#  283 | steps: 13016 | steps_t:  7848 | t: 119.903781 | r:  -586.000000 | e:   0.215200 | Q: -79.514648 | won: False 
#  284 | steps: 13036 | steps_t:  7867 | t: 120.097143 | r:  -519.000000 | e:   0.213300 | Q: -78.637909 | won: False 
#  285 | steps: 13092 | steps_t:  7922 | t: 120.855076 | r:  -544.000000 | e:   0.207800 | Q: -78.637909 | won: False 
#  286 | steps: 13124 | steps_t:  7953 | t: 121.376383 | r:  -531.000000 | e:   0.204700 | Q: -75.837227 | won: False 
#  287 | steps: 13176 | steps_t:  8004 | t: 122.149375 | r:  -489.000000 | e:   0.199600 | Q: -36.023415 | won: False 
#  288 | steps: 13234 | steps_t:  8061 | t: 123.100433 | r:  -546.000000 | e:   0.193900 | Q: -87.188889 | won: False 
#  289 | steps: 13254 | steps_t:  8080 | t: 123.437253 | r:  -497.000000 | e:   0.192000 | Q: -87.454857 | won: False 
#  290 | steps: 13271 | steps_t:  8096 | t: 123.731941 | r:  -505.000000 | e:   0.190400 | Q: -88.512802 | won: False 
#  291 | steps: 13287 | steps_t:  8111 | t: 123.950398 | r:  -504.000000 | e:   0.188900 | Q: -88.512802 | won: False 
#  292 | steps: 13348 | steps_t:  8171 | t: 124.948400 | r:  -549.000000 | e:   0.182900 | Q: -88.512802 | won: False 
#  293 | steps: 13358 | steps_t:  8180 | t: 125.121805 | r:  -509.000000 | e:   0.182000 | Q: -90.345863 | won: False 
#  294 | steps: 13447 | steps_t:  8268 | t: 126.572169 | r:  -577.000000 | e:   0.173200 | Q: -59.749146 | won: False 
#  295 | steps: 13587 | steps_t:  8407 | t: 128.899095 | r:  -639.000000 | e:   0.159300 | Q: -71.366043 | won: False 
#  296 | steps: 13616 | steps_t:  8435 | t: 129.347375 | r:  -528.000000 | e:   0.156500 | Q: -82.921280 | won: False 
#  297 | steps: 13688 | steps_t:  8506 | t: 130.527950 | r:  -571.000000 | e:   0.149400 | Q: -70.714767 | won: False 
#  298 | steps: 13700 | steps_t:  8517 | t: 130.700973 | r:  -511.000000 | e:   0.148300 | Q: -82.819641 | won: False 
#  299 | steps: 13748 | steps_t:  8564 | t: 131.467028 | r:  -525.000000 | e:   0.143600 | Q: -70.714767 | won: False 
#  300 | steps: 13792 | steps_t:  8607 | t: 132.204823 | r:  -532.000000 | e:   0.139300 | Q: -82.819641 | won: False 
#  301 | steps: 13855 | steps_t:  8669 | t: 133.196760 | r:  -551.000000 | e:   0.133100 | Q: -70.714767 | won: False 
#  302 | steps: 13863 | steps_t:  8676 | t: 133.326089 | r:  -496.000000 | e:   0.132400 | Q: -81.909363 | won: False 
#  303 | steps: 13931 | steps_t:  8743 | t: 134.398698 | r:  -545.000000 | e:   0.125700 | Q: -58.176044 | won: False 
#  304 | steps: 13973 | steps_t:  8784 | t: 135.093601 | r:  -541.000000 | e:   0.121600 | Q: -78.264412 | won: False 
#  305 | steps: 13995 | steps_t:  8805 | t: 135.476321 | r:  -510.000000 | e:   0.119500 | Q: -66.626076 | won: False 
#  306 | steps: 14007 | steps_t:  8816 | t: 135.682285 | r:  -511.000000 | e:   0.118400 | Q: -66.626076 | won: False 
#  307 | steps: 14040 | steps_t:  8848 | t: 136.224216 | r:  -532.000000 | e:   0.115200 | Q: -64.970337 | won: False 
#  308 | steps: 14104 | steps_t:  8911 | t: 137.282994 | r:  -563.000000 | e:   0.108900 | Q: -64.970337 | won: False 
#  309 | steps: 14134 | steps_t:  8940 | t: 137.791564 | r:  -529.000000 | e:   0.106000 | Q: -69.371925 | won: False 
#  310 | steps: 14166 | steps_t:  8971 | t: 138.343295 | r:  -531.000000 | e:   0.102900 | Q: -69.371925 | won: False 
#  311 | steps: 14192 | steps_t:  8996 | t: 138.772189 | r:  -525.000000 | e:   0.100400 | Q: -69.371925 | won: False 
#  312 | steps: 14204 | steps_t:  9007 | t: 138.975865 | r:  -511.000000 | e:   0.100000 | Q: -82.636681 | won: False 
#  313 | steps: 14216 | steps_t:  9018 | t: 139.167641 | r:  -511.000000 | e:   0.100000 | Q: -84.727501 | won: False 
#  314 | steps: 14290 | steps_t:  9091 | t: 140.397153 | r:  -562.000000 | e:   0.100000 | Q: -84.727501 | won: False 
#  315 | steps: 14351 | steps_t:  9151 | t: 141.255981 | r:  -549.000000 | e:   0.100000 | Q: -72.126205 | won: False 
#  316 | steps: 14443 | steps_t:  9242 | t: 142.744300 | r:  -580.000000 | e:   0.100000 | Q: -72.126205 | won: False 
#  317 | steps: 14469 | steps_t:  9267 | t: 143.176898 | r:  -514.000000 | e:   0.100000 | Q: -73.217445 | won: False 
#  318 | steps: 14487 | steps_t:  9284 | t: 143.476482 | r:  -506.000000 | e:   0.100000 | Q: -86.559921 | won: False 
#  319 | steps: 14530 | steps_t:  9326 | t: 144.185998 | r:  -531.000000 | e:   0.100000 | Q: -90.439598 | won: False 
#  320 | steps: 14582 | steps_t:  9377 | t: 145.047469 | r:  -551.000000 | e:   0.100000 | Q: -73.640984 | won: False 
#  321 | steps: 14597 | steps_t:  9391 | t: 145.307881 | r:  -514.000000 | e:   0.100000 | Q: -85.801125 | won: False 
#  322 | steps: 14607 | steps_t:  9400 | t: 145.488756 | r:  -498.000000 | e:   0.100000 | Q: -86.596756 | won: False 
#  323 | steps: 14627 | steps_t:  9419 | t: 145.852820 | r:  -508.000000 | e:   0.100000 | Q: -88.872055 | won: False 
#  324 | steps: 14658 | steps_t:  9449 | t: 146.373737 | r:  -519.000000 | e:   0.100000 | Q: -88.872055 | won: False 
#  325 | steps: 14698 | steps_t:  9488 | t: 147.068985 | r:  -506.000000 | e:   0.100000 | Q: -88.872055 | won: False 
#  326 | steps: 14742 | steps_t:  9531 | t: 147.819382 | r:  -532.000000 | e:   0.100000 | Q: -76.529961 | won: False 
#  327 | steps: 14773 | steps_t:  9561 | t: 148.224029 | r:  -530.000000 | e:   0.100000 | Q: -91.070000 | won: False 
#  328 | steps: 14809 | steps_t:  9596 | t: 148.771497 | r:  -524.000000 | e:   0.100000 | Q: -78.051071 | won: False 
#  329 | steps: 14887 | steps_t:  9673 | t: 150.043700 | r:  -566.000000 | e:   0.100000 | Q: -83.909203 | won: False 
#  330 | steps: 14929 | steps_t:  9714 | t: 150.753624 | r:  -530.000000 | e:   0.100000 | Q: -93.777611 | won: False 
#  331 | steps: 14976 | steps_t:  9760 | t: 151.555498 | r:  -473.000000 | e:   0.100000 | Q: -37.377644 | won: False 
#  332 | steps: 14994 | steps_t:  9777 | t: 151.778836 | r:  -517.000000 | e:   0.100000 | Q: -82.816193 | won: False 
#  333 | steps: 15026 | steps_t:  9808 | t: 152.334417 | r:  -509.000000 | e:   0.100000 | Q: -95.756454 | won: False 
#  334 | steps: 15060 | steps_t:  9841 | t: 152.983628 | r:  -522.000000 | e:   0.100000 | Q: -95.071442 | won: False 
#  335 | steps: 15355 | steps_t: 10135 | t: 157.901042 | r:  -732.000000 | e:   0.100000 | Q: -45.877808 | won: False 
#  336 | steps: 15384 | steps_t: 10163 | t: 158.379457 | r:  -517.000000 | e:   0.100000 | Q: -77.888069 | won: False 
#  337 | steps: 15420 | steps_t: 10198 | t: 159.021609 | r:  -524.000000 | e:   0.100000 | Q: -82.545944 | won: False 
#  338 | steps: 15497 | steps_t: 10274 | t: 160.324133 | r:  -565.000000 | e:   0.100000 | Q: -79.082146 | won: False 
#  339 | steps: 15544 | steps_t: 10320 | t: 161.096054 | r:  -546.000000 | e:   0.100000 | Q: -76.863815 | won: False 
#  340 | steps: 15586 | steps_t: 10361 | t: 161.792681 | r:  -541.000000 | e:   0.100000 | Q: -76.863815 | won: False 
#  341 | steps: 15636 | steps_t: 10410 | t: 162.633945 | r:  -527.000000 | e:   0.100000 | Q: -74.860260 | won: False 
#  342 | steps: 15682 | steps_t: 10455 | t: 163.401945 | r:  -534.000000 | e:   0.100000 | Q: -75.865623 | won: False 
#  343 | steps: 15793 | steps_t: 10565 | t: 165.277458 | r:  -588.000000 | e:   0.100000 | Q: -81.116478 | won: False 
#  344 | steps: 15813 | steps_t: 10584 | t: 165.627730 | r:  -497.000000 | e:   0.100000 | Q: -80.013474 | won: False 
#  345 | steps: 15867 | steps_t: 10637 | t: 166.531964 | r:  -542.000000 | e:   0.100000 | Q: -80.855484 | won: False 
#  346 | steps: 15895 | steps_t: 10664 | t: 167.000631 | r:  -516.000000 | e:   0.100000 | Q: -85.998070 | won: False 
#  347 | steps: 15946 | steps_t: 10714 | t: 167.854753 | r:  -539.000000 | e:   0.100000 | Q: -85.998070 | won: False 
#  348 | steps: 16023 | steps_t: 10790 | t: 169.167730 | r:  -565.000000 | e:   0.100000 | Q: -81.442009 | won: False 
#  349 | steps: 16035 | steps_t: 10801 | t: 169.372167 | r:  -511.000000 | e:   0.100000 | Q: -84.513062 | won: False 
#  350 | steps: 16177 | steps_t: 10942 | t: 171.722860 | r:  -630.000000 | e:   0.100000 | Q: -84.513062 | won: False 
#  351 | steps: 16245 | steps_t: 11009 | t: 172.859249 | r:  -556.000000 | e:   0.100000 | Q: -85.402138 | won: False 
#  352 | steps: 16381 | steps_t: 11144 | t: 175.212968 | r:  -635.000000 | e:   0.100000 | Q: -84.551430 | won: False 
#  353 | steps: 16438 | steps_t: 11200 | t: 176.202227 | r:  -545.000000 | e:   0.100000 | Q: -83.031921 | won: False 
#  354 | steps: 16467 | steps_t: 11228 | t: 176.688590 | r:  -528.000000 | e:   0.100000 | Q: -83.031921 | won: False 
#  355 | steps: 16533 | steps_t: 11293 | t: 177.801859 | r:  -554.000000 | e:   0.100000 | Q: -83.031921 | won: False 
#  356 | steps: 16561 | steps_t: 11320 | t: 178.279040 | r:  -516.000000 | e:   0.100000 | Q: -84.621292 | won: False 
#  357 | steps: 16599 | steps_t: 11357 | t: 178.954805 | r:  -526.000000 | e:   0.100000 | Q: -83.739632 | won: False 
#  358 | steps: 16633 | steps_t: 11390 | t: 179.548335 | r:  -522.000000 | e:   0.100000 | Q: -87.207489 | won: False 
#  359 | steps: 16668 | steps_t: 11424 | t: 180.125872 | r:  -523.000000 | e:   0.100000 | Q: -86.250336 | won: False 
#  360 | steps: 16707 | steps_t: 11462 | t: 180.785485 | r:  -527.000000 | e:   0.100000 | Q: -96.692932 | won: False 
#  361 | steps: 16797 | steps_t: 11551 | t: 182.268404 | r:  -578.000000 | e:   0.100000 | Q: -83.888092 | won: False 
#  362 | steps: 16835 | steps_t: 11588 | t: 182.863177 | r:  -526.000000 | e:   0.100000 | Q: -96.332008 | won: False 
#  363 | steps: 16865 | steps_t: 11617 | t: 183.365848 | r:  -529.000000 | e:   0.100000 | Q: -81.123329 | won: False 
#  364 | steps: 16926 | steps_t: 11677 | t: 184.365178 | r:  -454.000000 | e:   0.100000 | Q: -59.336952 | won: False 
#  365 | steps: 16973 | steps_t: 11723 | t: 185.203219 | r:  -535.000000 | e:   0.100000 | Q: -79.637596 | won: False 
#  366 | steps: 17079 | steps_t: 11828 | t: 186.662314 | r:  -594.000000 | e:   0.100000 | Q: -94.424721 | won: False 
#  367 | steps: 17093 | steps_t: 11841 | t: 186.796827 | r:  -513.000000 | e:   0.100000 | Q: -95.983589 | won: False 
#  368 | steps: 17205 | steps_t: 11952 | t: 188.652803 | r:  -589.000000 | e:   0.100000 | Q: -87.105255 | won: False 
#  369 | steps: 17380 | steps_t: 12126 | t: 191.169797 | r:  -579.000000 | e:   0.100000 | Q: -46.230484 | won: False 
#  370 | steps: 17465 | steps_t: 12210 | t: 192.615654 | r:  -562.000000 | e:   0.100000 | Q: -87.935287 | won: False 
#  371 | steps: 17531 | steps_t: 12275 | t: 193.730100 | r:  -448.000000 | e:   0.100000 | Q: -94.086578 | won: False 
#  372 | steps: 17546 | steps_t: 12289 | t: 193.969188 | r:  -503.000000 | e:   0.100000 | Q: -82.764000 | won: False 
#  373 | steps: 17565 | steps_t: 12307 | t: 194.298783 | r:  -518.000000 | e:   0.100000 | Q: -93.741821 | won: False 
#  374 | steps: 17619 | steps_t: 12360 | t: 195.199200 | r:  -542.000000 | e:   0.100000 | Q: -82.764000 | won: False 
#  375 | steps: 17634 | steps_t: 12374 | t: 195.445217 | r:  -503.000000 | e:   0.100000 | Q: -91.655602 | won: False 
#  376 | steps: 17671 | steps_t: 12410 | t: 196.073669 | r:  -525.000000 | e:   0.100000 | Q: -91.655602 | won: False 
#  377 | steps: 17827 | steps_t: 12565 | t: 198.543459 | r:  -549.000000 | e:   0.100000 | Q: -67.595284 | won: False 
#  378 | steps: 17893 | steps_t: 12630 | t: 199.468080 | r:  -554.000000 | e:   0.100000 | Q: -82.614815 | won: False 
#  379 | steps: 17918 | steps_t: 12654 | t: 199.802147 | r:  -411.000000 | e:   0.100000 | Q: -66.328087 | won: False 
#  380 | steps: 18067 | steps_t: 12802 | t: 201.358062 | r:  -553.000000 | e:   0.100000 | Q: -79.600838 | won: False 
#  381 | steps: 18141 | steps_t: 12875 | t: 202.138205 | r:  -551.000000 | e:   0.100000 | Q: -81.879066 | won: False 
#  382 | steps: 18265 | steps_t: 12998 | t: 203.671326 | r:  -561.000000 | e:   0.100000 | Q: -41.023575 | won: False 
#  383 | steps: 18320 | steps_t: 13052 | t: 204.241359 | r:  -470.000000 | e:   0.100000 | Q: -33.600914 | won: False 
#  384 | steps: 18342 | steps_t: 13073 | t: 204.503073 | r:  -499.000000 | e:   0.100000 | Q: -71.582062 | won: False 
#  385 | steps: 18371 | steps_t: 13101 | t: 204.977434 | r:  -517.000000 | e:   0.100000 | Q: -85.568497 | won: False 
#  386 | steps: 18459 | steps_t: 13188 | t: 206.458729 | r:  -565.000000 | e:   0.100000 | Q: -85.056122 | won: False 
#  387 | steps: 18555 | steps_t: 13283 | t: 208.025261 | r:  -584.000000 | e:   0.100000 | Q: -85.768616 | won: False 
#  388 | steps: 18740 | steps_t: 13467 | t: 211.087484 | r:  -567.000000 | e:   0.100000 | Q: -76.361877 | won: False 
#  389 | steps: 18803 | steps_t: 13529 | t: 212.133508 | r:  -467.000000 | e:   0.100000 | Q: -56.766392 | won: False 
#  390 | steps: 18873 | steps_t: 13598 | t: 213.264825 | r:  -547.000000 | e:   0.100000 | Q: -68.243820 | won: False 
#  391 | steps: 18891 | steps_t: 13615 | t: 213.551298 | r:  -506.000000 | e:   0.100000 | Q: -71.664711 | won: False 
#  392 | steps: 18919 | steps_t: 13642 | t: 214.022923 | r:  -432.000000 | e:   0.100000 | Q: -68.243820 | won: False 
#  393 | steps: 18970 | steps_t: 13692 | t: 214.852723 | r:  -444.000000 | e:   0.100000 | Q: -55.147877 | won: False 
#  394 | steps: 19008 | steps_t: 13729 | t: 215.219105 | r:  -431.000000 | e:   0.100000 | Q: -55.147877 | won: False 
#  395 | steps: 19085 | steps_t: 13805 | t: 216.202684 | r:  -459.000000 | e:   0.100000 | Q: -58.607967 | won: False 
#  396 | steps: 19156 | steps_t: 13875 | t: 217.333271 | r:  -497.000000 | e:   0.100000 | Q: -69.689636 | won: False 
#  397 | steps: 19415 | steps_t: 14133 | t: 221.664587 | r:  -641.000000 | e:   0.100000 | Q: -49.146042 | won: False 
#  398 | steps: 19498 | steps_t: 14215 | t: 223.031400 | r:  -571.000000 | e:   0.100000 | Q: -78.864326 | won: False 
#  399 | steps: 19547 | steps_t: 14263 | t: 223.881728 | r:  -464.000000 | e:   0.100000 | Q: -35.897282 | won: False 
#  400 | steps: 19560 | steps_t: 14275 | t: 224.082587 | r:  -501.000000 | e:   0.100000 | Q: -81.346619 | won: False 
#  401 | steps: 19632 | steps_t: 14346 | t: 225.283371 | r:  -560.000000 | e:   0.100000 | Q: -71.049187 | won: False 
#  402 | steps: 19705 | steps_t: 14418 | t: 226.490662 | r:  -455.000000 | e:   0.100000 | Q: -41.556435 | won: False 
#  403 | steps: 19745 | steps_t: 14457 | t: 227.140117 | r:  -495.000000 | e:   0.100000 | Q: -77.960037 | won: False 
#  404 | steps: 19929 | steps_t: 14640 | t: 230.288953 | r:  -606.000000 | e:   0.100000 | Q: -67.568665 | won: False 
#  405 | steps: 19991 | steps_t: 14701 | t: 231.204502 | r:  -466.000000 | e:   0.100000 | Q: -40.003147 | won: False 
#  406 | steps: 20024 | steps_t: 14733 | t: 231.738369 | r:  -521.000000 | e:   0.100000 | Q: -68.584381 | won: False 
#  407 | steps: 20117 | steps_t: 14825 | t: 232.945351 | r:  -515.000000 | e:   0.100000 | Q: -43.951576 | won: False 
#  408 | steps: 20167 | steps_t: 14874 | t: 233.439558 | r:  -527.000000 | e:   0.100000 | Q: -76.029228 | won: False 
#  409 | steps: 20175 | steps_t: 14881 | t: 233.528041 | r:  -496.000000 | e:   0.100000 | Q: -78.738251 | won: False 
#  410 | steps: 20190 | steps_t: 14895 | t: 233.691277 | r:  -503.000000 | e:   0.100000 | Q: -62.669407 | won: False 
#  411 | steps: 20252 | steps_t: 14956 | t: 234.649291 | r:  -444.000000 | e:   0.100000 | Q: -61.235161 | won: False 
#  412 | steps: 20267 | steps_t: 14970 | t: 234.912379 | r:  -503.000000 | e:   0.100000 | Q: -80.247551 | won: False 
#  413 | steps: 20306 | steps_t: 15008 | t: 235.586188 | r:  -432.000000 | e:   0.100000 | Q: -37.461308 | won: False 
#  414 | steps: 20340 | steps_t: 15041 | t: 236.136934 | r:  -500.000000 | e:   0.100000 | Q: -66.234894 | won: False 
#  415 | steps: 20426 | steps_t: 15126 | t: 237.570148 | r:  -512.000000 | e:   0.100000 | Q: -34.682133 | won: False 
#  416 | steps: 20483 | steps_t: 15182 | t: 238.357332 | r:  -545.000000 | e:   0.100000 | Q: -66.687653 | won: False 
#  417 | steps: 20540 | steps_t: 15238 | t: 239.176061 | r:  -439.000000 | e:   0.100000 | Q: -61.622852 | won: False 
#  418 | steps: 20610 | steps_t: 15307 | t: 240.375638 | r:  -452.000000 | e:   0.100000 | Q: -40.959129 | won: False 
#  419 | steps: 20774 | steps_t: 15470 | t: 243.170846 | r:  -568.000000 | e:   0.100000 | Q: -77.461174 | won: False 
#  420 | steps: 20830 | steps_t: 15525 | t: 244.083135 | r:  -533.000000 | e:   0.100000 | Q: -67.543800 | won: False 
#  421 | steps: 20858 | steps_t: 15552 | t: 244.520910 | r:  -516.000000 | e:   0.100000 | Q: -76.766663 | won: False 
#  422 | steps: 20905 | steps_t: 15598 | t: 245.189766 | r:  -524.000000 | e:   0.100000 | Q: -36.376705 | won: False 
#  423 | steps: 20944 | steps_t: 15636 | t: 245.846859 | r:  -494.000000 | e:   0.100000 | Q: -76.524780 | won: False 
#  424 | steps: 20972 | steps_t: 15663 | t: 246.314277 | r:  -505.000000 | e:   0.100000 | Q: -80.163475 | won: False 
#  425 | steps: 21078 | steps_t: 15768 | t: 248.079237 | r:  -477.000000 | e:   0.100000 | Q: -53.413177 | won: False 
#  426 | steps: 21123 | steps_t: 15812 | t: 248.817100 | r:  -522.000000 | e:   0.100000 | Q: -77.687141 | won: False 
#  427 | steps: 21162 | steps_t: 15850 | t: 249.451868 | r:  -403.000000 | e:   0.100000 | Q: -38.714424 | won: False 
#  428 | steps: 21175 | steps_t: 15862 | t: 249.683445 | r:  -501.000000 | e:   0.100000 | Q: -78.081055 | won: False 
#  429 | steps: 21383 | steps_t: 16069 | t: 253.012295 | r:  -590.000000 | e:   0.100000 | Q: -50.958336 | won: False 
#  430 | steps: 21627 | steps_t: 16312 | t: 256.963291 | r:  -626.000000 | e:   0.100000 | Q: -27.742208 | won: False 
#  431 | steps: 21676 | steps_t: 16360 | t: 257.761827 | r:  -475.000000 | e:   0.100000 | Q: -70.788513 | won: False 
#  432 | steps: 21755 | steps_t: 16438 | t: 259.040147 | r:  -534.000000 | e:   0.100000 | Q: -75.767700 | won: False 
#  433 | steps: 21764 | steps_t: 16446 | t: 259.191674 | r:  -497.000000 | e:   0.100000 | Q: -72.049934 | won: False 
#  434 | steps: 21799 | steps_t: 16480 | t: 259.714822 | r:  -501.000000 | e:   0.100000 | Q: -72.301659 | won: False 
#  435 | steps: 21820 | steps_t: 16500 | t: 260.058022 | r:  -425.000000 | e:   0.100000 | Q: -36.898010 | won: False 
#  436 | steps: 21857 | steps_t: 16536 | t: 260.674223 | r:  -452.000000 | e:   0.100000 | Q: -37.524570 | won: False 
#  437 | steps: 21950 | steps_t: 16628 | t: 262.263827 | r:  -515.000000 | e:   0.100000 | Q: -73.477493 | won: False 
#  438 | steps: 22039 | steps_t: 16716 | t: 263.660582 | r:  -449.000000 | e:   0.100000 | Q: -39.734802 | won: False 
#  439 | steps: 22127 | steps_t: 16803 | t: 265.097441 | r:  -514.000000 | e:   0.100000 | Q: -33.265663 | won: False 
#  440 | steps: 22252 | steps_t: 16927 | t: 267.197707 | r:  -547.000000 | e:   0.100000 | Q: -22.706806 | won: False 
#  441 | steps: 22492 | steps_t: 17166 | t: 270.405201 | r:   -11.000000 | e:   0.100000 | Q: -47.996593 | won: True 
#  442 | steps: 22554 | steps_t: 17227 | t: 271.404536 | r:  -477.000000 | e:   0.100000 | Q: -50.036568 | won: False 
#  443 | steps: 22695 | steps_t: 17367 | t: 273.762121 | r:  -545.000000 | e:   0.100000 | Q: -12.142703 | won: False 
#  444 | steps: 22838 | steps_t: 17509 | t: 276.119757 | r:  -514.000000 | e:   0.100000 | Q: -18.235041 | won: False 
#  445 | steps: 22870 | steps_t: 17540 | t: 276.647137 | r:  -396.000000 | e:   0.100000 | Q: -26.969612 | won: False 
#  446 | steps: 22918 | steps_t: 17587 | t: 277.437874 | r:  -514.000000 | e:   0.100000 | Q: -17.298626 | won: False 
#  447 | steps: 23083 | steps_t: 17751 | t: 280.150282 | r:  -591.000000 | e:   0.100000 | Q: -20.258944 | won: False 
#  448 | steps: 23109 | steps_t: 17776 | t: 280.538681 | r:  -419.000000 | e:   0.100000 | Q: -20.072210 | won: False 
#  449 | steps: 23176 | steps_t: 17842 | t: 281.692641 | r:  -555.000000 | e:   0.100000 | Q: -69.445763 | won: False 
#  450 | steps: 23195 | steps_t: 17860 | t: 282.001331 | r:  -507.000000 | e:   0.100000 | Q: -65.820549 | won: False 
#  451 | steps: 23225 | steps_t: 17889 | t: 282.485549 | r:  -507.000000 | e:   0.100000 | Q: -65.820549 | won: False 
#  452 | steps: 23254 | steps_t: 17917 | t: 282.934384 | r:  -382.000000 | e:   0.100000 | Q: -36.845863 | won: False 
#  453 | steps: 23308 | steps_t: 17970 | t: 283.826653 | r:  -407.000000 | e:   0.100000 | Q: -15.637950 | won: False 
#  454 | steps: 23419 | steps_t: 18080 | t: 285.641144 | r:  -526.000000 | e:   0.100000 | Q: -38.075874 | won: False 
#  455 | steps: 23517 | steps_t: 18177 | t: 287.359868 | r:  -542.000000 | e:   0.100000 | Q:  -8.620247 | won: False 
#  456 | steps: 23556 | steps_t: 18215 | t: 287.767879 | r:  -454.000000 | e:   0.100000 | Q: -36.322727 | won: False 
#  457 | steps: 23593 | steps_t: 18251 | t: 288.165183 | r:  -463.000000 | e:   0.100000 | Q: -14.867432 | won: False 
#  458 | steps: 23634 | steps_t: 18291 | t: 288.902908 | r:  -507.000000 | e:   0.100000 | Q: -62.598164 | won: False 
#  459 | steps: 23685 | steps_t: 18341 | t: 289.845872 | r:  -506.000000 | e:   0.100000 | Q: -15.775162 | won: False 
#  460 | steps: 23727 | steps_t: 18382 | t: 290.356766 | r:   136.000000 | e:   0.100000 | Q: -63.996403 | won: True 
#  461 | steps: 23888 | steps_t: 18542 | t: 292.180275 | r:    17.000000 | e:   0.100000 | Q: -14.472839 | won: True 
#  462 | steps: 23953 | steps_t: 18606 | t: 292.936805 | r:  -542.000000 | e:   0.100000 | Q: -14.137650 | won: False 
#  463 | steps: 23996 | steps_t: 18648 | t: 293.407025 | r:  -436.000000 | e:   0.100000 | Q: -11.527946 | won: False 
#  464 | steps: 24044 | steps_t: 18695 | t: 293.919580 | r:  -481.000000 | e:   0.100000 | Q: -16.404278 | won: False 
#  465 | steps: 24189 | steps_t: 18839 | t: 295.585337 | r:  -567.000000 | e:   0.100000 | Q: -11.968352 | won: False 
#  466 | steps: 24239 | steps_t: 18888 | t: 296.158688 | r:  -527.000000 | e:   0.100000 | Q: -64.129692 | won: False 
#  467 | steps: 24545 | steps_t: 19193 | t: 299.569135 | r:  -699.000000 | e:   0.100000 | Q: -11.346497 | won: False 
#  468 | steps: 24595 | steps_t: 19242 | t: 300.173007 | r:  -421.000000 | e:   0.100000 | Q: -27.349695 | won: False 
#  469 | steps: 24705 | steps_t: 19351 | t: 301.413015 | r:  -565.000000 | e:   0.100000 | Q: -16.728193 | won: False 
#  470 | steps: 24854 | steps_t: 19499 | t: 303.097185 | r:  -520.000000 | e:   0.100000 | Q:  -6.178186 | won: False 
#  471 | steps: 24897 | steps_t: 19541 | t: 303.608672 | r:  -520.000000 | e:   0.100000 | Q: -55.627106 | won: False 
#  472 | steps: 24950 | steps_t: 19593 | t: 304.196951 | r:  -541.000000 | e:   0.100000 | Q: -55.627106 | won: False 
#  473 | steps: 25025 | steps_t: 19667 | t: 305.069161 | r:  -519.000000 | e:   0.100000 | Q:  -6.568607 | won: False 
#  474 | steps: 25072 | steps_t: 19713 | t: 306.569423 | r:  -473.000000 | e:   0.100000 | Q: -59.476742 | won: False 
#  475 | steps: 25232 | steps_t: 19872 | t: 308.617854 | r:  -586.000000 | e:   0.100000 | Q:  -6.465823 | won: False 
#  476 | steps: 25303 | steps_t: 19942 | t: 309.424461 | r:  -559.000000 | e:   0.100000 | Q: -56.377941 | won: False 
#  477 | steps: 25323 | steps_t: 19961 | t: 309.661210 | r:  -446.000000 | e:   0.100000 | Q: -19.025139 | won: False 
#  478 | steps: 25454 | steps_t: 20091 | t: 311.159016 | r:  -557.000000 | e:   0.100000 | Q: -55.843723 | won: False 
#  479 | steps: 25564 | steps_t: 20200 | t: 312.442533 | r:  -536.000000 | e:   0.100000 | Q: -57.987564 | won: False 
#  480 | steps: 25610 | steps_t: 20245 | t: 312.982681 | r:  -490.000000 | e:   0.100000 | Q: -60.284126 | won: False 
#  481 | steps: 25630 | steps_t: 20264 | t: 313.193028 | r:  -486.000000 | e:   0.100000 | Q: -57.542534 | won: False 
#  482 | steps: 25654 | steps_t: 20287 | t: 313.464054 | r:  -450.000000 | e:   0.100000 | Q: -26.048740 | won: False 
#  483 | steps: 25778 | steps_t: 20410 | t: 314.843188 | r:  -506.000000 | e:   0.100000 | Q:  -6.747354 | won: False 
#  484 | steps: 25894 | steps_t: 20525 | t: 316.161026 | r:   113.000000 | e:   0.100000 | Q:  -8.500596 | won: True 
#  485 | steps: 26011 | steps_t: 20641 | t: 317.441568 | r:  -594.000000 | e:   0.100000 | Q: -56.179806 | won: False 
#  486 | steps: 26080 | steps_t: 20709 | t: 318.183175 | r:  -495.000000 | e:   0.100000 | Q:  -8.332453 | won: False 
#  487 | steps: 26169 | steps_t: 20797 | t: 319.185378 | r:  -511.000000 | e:   0.100000 | Q:  -3.255798 | won: False 
#  488 | steps: 26268 | steps_t: 20895 | t: 320.274217 | r:  -532.000000 | e:   0.100000 | Q: -11.003223 | won: False 
#  489 | steps: 26299 | steps_t: 20925 | t: 320.605210 | r:  -413.000000 | e:   0.100000 | Q: -22.903862 | won: False 
#  490 | steps: 26382 | steps_t: 21007 | t: 321.485492 | r:  -516.000000 | e:   0.100000 | Q: -10.733400 | won: False 
#  491 | steps: 26427 | steps_t: 21051 | t: 321.988472 | r:  -533.000000 | e:   0.100000 | Q: -56.279968 | won: False 
#  492 | steps: 26606 | steps_t: 21229 | t: 323.869147 | r:  -550.000000 | e:   0.100000 | Q: -10.040583 | won: False 
#  493 | steps: 26706 | steps_t: 21328 | t: 324.925734 | r:  -526.000000 | e:   0.100000 | Q:  -6.447520 | won: False 
#  494 | steps: 26732 | steps_t: 21353 | t: 325.193257 | r:  -514.000000 | e:   0.100000 | Q: -52.235786 | won: False 
#  495 | steps: 26801 | steps_t: 21421 | t: 325.962526 | r:  -535.000000 | e:   0.100000 | Q:  -6.209380 | won: False 
#  496 | steps: 26829 | steps_t: 21448 | t: 326.237395 | r:  -421.000000 | e:   0.100000 | Q:  -9.264544 | won: False 
#  497 | steps: 26849 | steps_t: 21467 | t: 326.455418 | r:  -486.000000 | e:   0.100000 | Q: -52.654396 | won: False 
#  498 | steps: 26858 | steps_t: 21475 | t: 326.555212 | r:  -497.000000 | e:   0.100000 | Q: -53.699829 | won: False 
#  499 | steps: 26942 | steps_t: 21558 | t: 327.449873 | r:  -510.000000 | e:   0.100000 | Q:  -3.241245 | won: False 
#  500 | steps: 26993 | steps_t: 21608 | t: 327.985025 | r:  -528.000000 | e:   0.100000 | Q: -50.286949 | won: False 
#  501 | steps: 27067 | steps_t: 21681 | t: 328.756967 | r:  -551.000000 | e:   0.100000 | Q:  -5.626241 | won: False 
#  502 | steps: 27152 | steps_t: 21765 | t: 329.634384 | r:  -500.000000 | e:   0.100000 | Q: -10.904075 | won: False 
#  503 | steps: 27175 | steps_t: 21787 | t: 330.103734 | r:  -500.000000 | e:   0.100000 | Q: -49.781563 | won: False 
#  504 | steps: 27423 | steps_t: 22034 | t: 332.834843 | r:  -630.000000 | e:   0.100000 | Q:  -5.540090 | won: False 
#  505 | steps: 27586 | steps_t: 22196 | t: 334.562536 | r:  -545.000000 | e:   0.100000 | Q:  -3.242969 | won: False 
#  506 | steps: 27659 | steps_t: 22268 | t: 335.312506 | r:  -550.000000 | e:   0.100000 | Q: -19.468279 | won: False 
#  507 | steps: 27843 | steps_t: 22451 | t: 337.359550 | r:  -639.000000 | e:   0.100000 | Q: -45.149734 | won: False 
#  508 | steps: 27882 | steps_t: 22489 | t: 337.780496 | r:  -516.000000 | e:   0.100000 | Q: -49.160847 | won: False 
#  509 | steps: 28020 | steps_t: 22626 | t: 339.252472 | r:  -615.000000 | e:   0.100000 | Q: -47.084412 | won: False 
#  510 | steps: 28064 | steps_t: 22669 | t: 339.745025 | r:  -470.000000 | e:   0.100000 | Q:  -5.502751 | won: False 
#  511 | steps: 28083 | steps_t: 22687 | t: 339.970035 | r:  -507.000000 | e:   0.100000 | Q: -44.957626 | won: False 
#  512 | steps: 28180 | steps_t: 22783 | t: 341.030656 | r:  -574.000000 | e:   0.100000 | Q: -42.038029 | won: False 
#  513 | steps: 28227 | steps_t: 22829 | t: 341.513679 | r:  -473.000000 | e:   0.100000 | Q:  -3.179696 | won: False 
#  514 | steps: 28279 | steps_t: 22880 | t: 342.043775 | r:  -478.000000 | e:   0.100000 | Q:  -4.824280 | won: False 
#  515 | steps: 28326 | steps_t: 22926 | t: 342.545942 | r:  -400.000000 | e:   0.100000 | Q:  -1.755503 | won: False 
#  516 | steps: 28472 | steps_t: 23071 | t: 344.091609 | r:  -550.000000 | e:   0.100000 | Q:  -9.111959 | won: False 
#  517 | steps: 28585 | steps_t: 23183 | t: 345.279633 | r:  -535.000000 | e:   0.100000 | Q:  -4.399307 | won: False 
#  518 | steps: 28650 | steps_t: 23247 | t: 346.010480 | r:  -509.000000 | e:   0.100000 | Q: -62.603764 | won: False 
#  519 | steps: 28695 | steps_t: 23291 | t: 346.490536 | r:  -533.000000 | e:   0.100000 | Q: -43.526794 | won: False 
#  520 | steps: 28726 | steps_t: 23321 | t: 346.847954 | r:  -519.000000 | e:   0.100000 | Q: -46.587418 | won: False 
#  521 | steps: 28962 | steps_t: 23556 | t: 349.345435 | r:  -640.000000 | e:   0.100000 | Q:  -9.511835 | won: False 
#  522 | steps: 29054 | steps_t: 23647 | t: 350.313550 | r:  -507.000000 | e:   0.100000 | Q:  -3.389082 | won: False 
#  523 | steps: 29197 | steps_t: 23789 | t: 352.055404 | r:  -569.000000 | e:   0.100000 | Q:  -8.829689 | won: False 
#  524 | steps: 29324 | steps_t: 23915 | t: 353.611162 | r:  -571.000000 | e:   0.100000 | Q: -42.118912 | won: False 
#  525 | steps: 29407 | steps_t: 23997 | t: 354.627922 | r:  -538.000000 | e:   0.100000 | Q:  -3.920456 | won: False 
#  526 | steps: 29489 | steps_t: 24078 | t: 355.628428 | r:  -508.000000 | e:   0.100000 | Q:  -8.179086 | won: False 
#  527 | steps: 29530 | steps_t: 24118 | t: 356.185678 | r:  -529.000000 | e:   0.100000 | Q: -43.437790 | won: False 
#  528 | steps: 29768 | steps_t: 24355 | t: 358.936095 | r:  -664.000000 | e:   0.100000 | Q:  -3.657367 | won: False 
#  529 | steps: 29843 | steps_t: 24429 | t: 359.699595 | r:  -552.000000 | e:   0.100000 | Q: -41.838055 | won: False 
#  530 | steps: 29951 | steps_t: 24536 | t: 360.888415 | r:  -534.000000 | e:   0.100000 | Q:  -3.722372 | won: False 
#  531 | steps: 29977 | steps_t: 24561 | t: 361.165568 | r:  -503.000000 | e:   0.100000 | Q: -42.359051 | won: False 
#  532 | steps: 30101 | steps_t: 24684 | t: 362.482533 | r:  -506.000000 | e:   0.100000 | Q:  -6.200376 | won: False 
#  533 | steps: 30116 | steps_t: 24698 | t: 362.632128 | r:  -481.000000 | e:   0.100000 | Q: -41.273094 | won: False 
#  534 | steps: 30293 | steps_t: 24874 | t: 364.571223 | r:  -559.000000 | e:   0.100000 | Q:  -4.293601 | won: False 
#  535 | steps: 30468 | steps_t: 25048 | t: 366.537926 | r:  -557.000000 | e:   0.100000 | Q:  -2.890594 | won: False 
#  536 | steps: 30494 | steps_t: 25073 | t: 366.812267 | r:  -452.000000 | e:   0.100000 | Q:  -5.356959 | won: False 
#  537 | steps: 30550 | steps_t: 25128 | t: 367.516048 | r:  -533.000000 | e:   0.100000 | Q: -41.215736 | won: False 
#  538 | steps: 30621 | steps_t: 25198 | t: 368.302141 | r:  -559.000000 | e:   0.100000 | Q: -39.538597 | won: False 
#  539 | steps: 30698 | steps_t: 25274 | t: 369.098902 | r:  -499.000000 | e:   0.100000 | Q: -39.967682 | won: False 
#  540 | steps: 30763 | steps_t: 25338 | t: 369.787938 | r:  -491.000000 | e:   0.100000 | Q:  -0.608246 | won: False 
#  541 | steps: 30792 | steps_t: 25366 | t: 370.093691 | r:  -422.000000 | e:   0.100000 | Q:  -4.681023 | won: False 
#  542 | steps: 30895 | steps_t: 25468 | t: 371.217549 | r:  -529.000000 | e:   0.100000 | Q:  -1.392450 | won: False 
#  543 | steps: 30973 | steps_t: 25545 | t: 372.196015 | r:  -504.000000 | e:   0.100000 | Q:  -1.524079 | won: False 
#  544 | steps: 31026 | steps_t: 25597 | t: 372.804460 | r:  -519.000000 | e:   0.100000 | Q: -39.527779 | won: False 
#  545 | steps: 31051 | steps_t: 25621 | t: 373.066291 | r:  -513.000000 | e:   0.100000 | Q: -36.424480 | won: False 
#  546 | steps: 31118 | steps_t: 25687 | t: 373.779887 | r:  -489.000000 | e:   0.100000 | Q: -36.424480 | won: False 
#  547 | steps: 31197 | steps_t: 25765 | t: 374.628626 | r:  -505.000000 | e:   0.100000 | Q:  -1.423516 | won: False 
#  548 | steps: 31324 | steps_t: 25891 | t: 375.944858 | r:  -604.000000 | e:   0.100000 | Q: -11.180647 | won: False 
#  549 | steps: 31381 | steps_t: 25947 | t: 376.587090 | r:  -483.000000 | e:   0.100000 | Q: -37.641476 | won: False 
#  550 | steps: 31475 | steps_t: 26040 | t: 377.591439 | r:    84.000000 | e:   0.100000 | Q:  -1.458899 | won: True 
#  551 | steps: 31528 | steps_t: 26092 | t: 378.152607 | r:  -519.000000 | e:   0.100000 | Q: -38.263031 | won: False 
#  552 | steps: 31545 | steps_t: 26108 | t: 378.334945 | r:  -505.000000 | e:   0.100000 | Q: -39.122074 | won: False 
#  553 | steps: 31606 | steps_t: 26168 | t: 378.995921 | r:  -476.000000 | e:   0.100000 | Q:   0.252918 | won: False 
#  554 | steps: 31761 | steps_t: 26322 | t: 380.623242 | r:  -581.000000 | e:   0.100000 | Q:  -8.594639 | won: False 
#  555 | steps: 31841 | steps_t: 26401 | t: 381.478291 | r:  -495.000000 | e:   0.100000 | Q:  -3.148722 | won: False 
#  556 | steps: 31900 | steps_t: 26459 | t: 382.122051 | r:  -547.000000 | e:   0.100000 | Q: -35.268028 | won: False 
#  557 | steps: 31925 | steps_t: 26483 | t: 382.386632 | r:  -513.000000 | e:   0.100000 | Q: -37.706356 | won: False 
#  558 | steps: 31978 | steps_t: 26535 | t: 382.953163 | r:  -541.000000 | e:   0.100000 | Q: -35.268028 | won: False 
#  559 | steps: 32056 | steps_t: 26612 | t: 383.790273 | r:  -533.000000 | e:   0.100000 | Q:  -0.696099 | won: False 
#  560 | steps: 32089 | steps_t: 26644 | t: 384.145227 | r:  -397.000000 | e:   0.100000 | Q:  -3.890570 | won: False 
#  561 | steps: 32156 | steps_t: 26710 | t: 384.869589 | r:  -493.000000 | e:   0.100000 | Q:  -0.316658 | won: False 
#  562 | steps: 32208 | steps_t: 26761 | t: 385.459566 | r:  -500.000000 | e:   0.100000 | Q: -35.927429 | won: False 
#  563 | steps: 32284 | steps_t: 26836 | t: 386.269586 | r:  -458.000000 | e:   0.100000 | Q: -33.218849 | won: False 
#  564 | steps: 32493 | steps_t: 27044 | t: 388.539886 | r:  -635.000000 | e:   0.100000 | Q:  -7.971600 | won: False 
#  565 | steps: 32606 | steps_t: 27156 | t: 389.755437 | r:  -535.000000 | e:   0.100000 | Q:   1.012605 | won: False 
#  566 | steps: 32703 | steps_t: 27252 | t: 390.810742 | r:  -541.000000 | e:   0.100000 | Q:  -0.388622 | won: False 
#  567 | steps: 32765 | steps_t: 27313 | t: 391.504319 | r:  -550.000000 | e:   0.100000 | Q: -31.553602 | won: False 
#  568 | steps: 32802 | steps_t: 27349 | t: 391.884778 | r:  -525.000000 | e:   0.100000 | Q: -31.553602 | won: False 
#  569 | steps: 32985 | steps_t: 27531 | t: 393.901438 | r:  -605.000000 | e:   0.100000 | Q: -34.391850 | won: False 
#  570 | steps: 33063 | steps_t: 27608 | t: 394.933656 | r:  -511.000000 | e:   0.100000 | Q:  -0.088240 | won: False 
#  571 | steps: 33161 | steps_t: 27705 | t: 395.973021 | r:  -531.000000 | e:   0.100000 | Q:   3.091754 | won: False 
#  572 | steps: 33206 | steps_t: 27749 | t: 396.479835 | r:  -533.000000 | e:   0.100000 | Q: -32.736790 | won: False 
#  573 | steps: 33283 | steps_t: 27825 | t: 397.388917 | r:  -503.000000 | e:   0.100000 | Q:   2.157814 | won: False 
#  574 | steps: 33315 | steps_t: 27856 | t: 397.787814 | r:  -520.000000 | e:   0.100000 | Q: -32.930157 | won: False 
#  575 | steps: 33398 | steps_t: 27938 | t: 398.755807 | r:  -498.000000 | e:   0.100000 | Q:   3.215888 | won: False 
#  576 | steps: 33490 | steps_t: 28029 | t: 399.845648 | r:    86.000000 | e:   0.100000 | Q:   0.812005 | won: True 
#  577 | steps: 33515 | steps_t: 28053 | t: 400.116399 | r:  -513.000000 | e:   0.100000 | Q: -35.206711 | won: False 
#  578 | steps: 33723 | steps_t: 28260 | t: 402.380981 | r:  -612.000000 | e:   0.100000 | Q:  -1.442179 | won: False 
#  579 | steps: 33801 | steps_t: 28337 | t: 403.219403 | r:  -533.000000 | e:   0.100000 | Q:   1.872310 | won: False 
#  580 | steps: 34159 | steps_t: 28694 | t: 407.091124 | r:  -762.000000 | e:   0.100000 | Q:   0.157337 | won: False 
#  581 | steps: 34193 | steps_t: 28727 | t: 407.498875 | r:  -460.000000 | e:   0.100000 | Q:  -1.098920 | won: False 
#  582 | steps: 34264 | steps_t: 28797 | t: 408.258426 | r:   107.000000 | e:   0.100000 | Q:   0.801039 | won: True 
#  583 | steps: 34327 | steps_t: 28859 | t: 408.922411 | r:  -474.000000 | e:   0.100000 | Q:   1.619956 | won: False 
#  584 | steps: 34368 | steps_t: 28899 | t: 409.371622 | r:  -529.000000 | e:   0.100000 | Q: -28.885269 | won: False 
#  585 | steps: 34440 | steps_t: 28970 | t: 410.142120 | r:  -476.000000 | e:   0.100000 | Q:  -2.199079 | won: False 
#  586 | steps: 34559 | steps_t: 29088 | t: 411.410106 | r:  -541.000000 | e:   0.100000 | Q:  -0.891892 | won: False 
#  587 | steps: 34628 | steps_t: 29156 | t: 412.140899 | r:  -557.000000 | e:   0.100000 | Q: -31.462063 | won: False 
#  588 | steps: 34743 | steps_t: 29270 | t: 413.400273 | r:  -537.000000 | e:   0.100000 | Q:   4.629340 | won: False 
#  589 | steps: 34789 | steps_t: 29315 | t: 413.885358 | r:  -534.000000 | e:   0.100000 | Q: -31.631371 | won: False 
#  590 | steps: 34829 | steps_t: 29354 | t: 414.302261 | r:  -466.000000 | e:   0.100000 | Q:   2.464526 | won: False 
#  591 | steps: 35010 | steps_t: 29534 | t: 416.333894 | r:  -563.000000 | e:   0.100000 | Q:  -7.829508 | won: False 
#  592 | steps: 35096 | steps_t: 29619 | t: 417.285364 | r:  -512.000000 | e:   0.100000 | Q:  -5.525863 | won: False 
#  593 | steps: 35321 | steps_t: 29843 | t: 419.749501 | r:  -651.000000 | e:   0.100000 | Q: -26.865612 | won: False 
#  594 | steps: 35380 | steps_t: 29901 | t: 420.384722 | r:  -503.000000 | e:   0.100000 | Q:   5.416348 | won: False 
#  595 | steps: 35550 | steps_t: 30070 | t: 422.198118 | r:     8.000000 | e:   0.100000 | Q:   3.680930 | won: True 
#  596 | steps: 35639 | steps_t: 30158 | t: 423.148407 | r:  -577.000000 | e:   0.100000 | Q: -27.628994 | won: False 
#  597 | steps: 35773 | steps_t: 30291 | t: 424.899425 | r:  -560.000000 | e:   0.100000 | Q:   4.051863 | won: False 
#  598 | steps: 36051 | steps_t: 30568 | t: 429.677239 | r:  -660.000000 | e:   0.100000 | Q:  -1.995452 | won: False 
#  599 | steps: 36371 | steps_t: 30887 | t: 435.074384 | r:  -746.000000 | e:   0.100000 | Q:   6.224000 | won: False 
#  600 | steps: 36603 | steps_t: 31118 | t: 439.079068 | r:  -647.000000 | e:   0.100000 | Q: -22.602491 | won: False 
#  601 | steps: 36753 | steps_t: 31267 | t: 441.605134 | r:  -594.000000 | e:   0.100000 | Q:   8.268199 | won: False 
#  602 | steps: 36993 | steps_t: 31506 | t: 445.662876 | r:  -655.000000 | e:   0.100000 | Q:   8.267465 | won: False 
#  603 | steps: 37089 | steps_t: 31601 | t: 447.299476 | r:  -522.000000 | e:   0.100000 | Q:  11.411556 | won: False 
#  604 | steps: 37235 | steps_t: 31746 | t: 449.833434 | r:  -590.000000 | e:   0.100000 | Q:  10.101971 | won: False 
#  605 | steps: 37397 | steps_t: 31907 | t: 452.665912 | r:  -584.000000 | e:   0.100000 | Q:  10.102728 | won: False 
#  606 | steps: 37560 | steps_t: 32069 | t: 455.440024 | r:  -589.000000 | e:   0.100000 | Q:   6.415119 | won: False 
#  607 | steps: 37570 | steps_t: 32078 | t: 455.599899 | r:  -509.000000 | e:   0.100000 | Q: -15.423718 | won: False 
#  608 | steps: 37887 | steps_t: 32394 | t: 460.348394 | r:  -699.000000 | e:   0.100000 | Q:  13.844542 | won: False 
#  609 | steps: 37930 | steps_t: 32436 | t: 460.760323 | r:  -520.000000 | e:   0.100000 | Q: -10.923156 | won: False 
#  610 | steps: 38073 | steps_t: 32578 | t: 463.141091 | r:  -565.000000 | e:   0.100000 | Q:  12.172200 | won: False 
#  611 | steps: 38111 | steps_t: 32615 | t: 463.778896 | r:  -453.000000 | e:   0.100000 | Q:   4.049560 | won: False 
#  612 | steps: 38254 | steps_t: 32757 | t: 466.097336 | r:  -587.000000 | e:   0.100000 | Q:  12.563051 | won: False 
#  613 | steps: 38279 | steps_t: 32781 | t: 466.543256 | r:  -513.000000 | e:   0.100000 | Q:  -9.044065 | won: False 
#  614 | steps: 38497 | steps_t: 32998 | t: 470.296311 | r:  -644.000000 | e:   0.100000 | Q:  11.403212 | won: False 
#  615 | steps: 38523 | steps_t: 33023 | t: 470.740599 | r:  -452.000000 | e:   0.100000 | Q:  13.088627 | won: False 
#  616 | steps: 38702 | steps_t: 33201 | t: 473.754154 | r:  -572.000000 | e:   0.100000 | Q:  15.929134 | won: False 
#  617 | steps: 38957 | steps_t: 33455 | t: 477.932920 | r:  -648.000000 | e:   0.100000 | Q:  15.397218 | won: False 
#  618 | steps: 39118 | steps_t: 33615 | t: 480.673423 | r:  -638.000000 | e:   0.100000 | Q:  14.784381 | won: False 
#  619 | steps: 39169 | steps_t: 33665 | t: 481.514973 | r:  -477.000000 | e:   0.100000 | Q:  12.542066 | won: False 
#  620 | steps: 39213 | steps_t: 33708 | t: 482.287524 | r:  -532.000000 | e:   0.100000 | Q:  -8.401614 | won: False 
#  621 | steps: 39373 | steps_t: 33867 | t: 485.121621 | r:  -637.000000 | e:   0.100000 | Q: -11.593067 | won: False 
#  622 | steps: 39469 | steps_t: 33962 | t: 486.766448 | r:  -518.000000 | e:   0.100000 | Q:  13.319736 | won: False 
#  623 | steps: 39634 | steps_t: 34126 | t: 489.626776 | r:  -580.000000 | e:   0.100000 | Q:  14.439157 | won: False 
#  624 | steps: 39672 | steps_t: 34163 | t: 490.265604 | r:  -537.000000 | e:   0.100000 | Q: -10.720012 | won: False 
#  625 | steps: 39860 | steps_t: 34350 | t: 493.390712 | r:   -10.000000 | e:   0.100000 | Q:  14.821642 | won: True 
#  626 | steps: 40005 | steps_t: 34494 | t: 495.790108 | r:  -571.000000 | e:   0.100000 | Q:  14.945315 | won: False 
#  627 | steps: 40132 | steps_t: 34620 | t: 497.889548 | r:  -553.000000 | e:   0.100000 | Q:  14.619102 | won: False 
#  628 | steps: 40366 | steps_t: 34853 | t: 501.829828 | r:  -660.000000 | e:   0.100000 | Q:  13.198811 | won: False 
#  629 | steps: 40406 | steps_t: 34892 | t: 502.502610 | r:  -528.000000 | e:   0.100000 | Q: -12.072268 | won: False 
#  630 | steps: 40563 | steps_t: 35048 | t: 505.240950 | r:  -572.000000 | e:   0.100000 | Q:  15.874757 | won: False 
#  631 | steps: 40630 | steps_t: 35114 | t: 506.420818 | r:  -460.000000 | e:   0.100000 | Q:  16.047899 | won: False 
#  632 | steps: 40663 | steps_t: 35146 | t: 507.034307 | r:  -459.000000 | e:   0.100000 | Q:  17.410538 | won: False 
#  633 | steps: 40860 | steps_t: 35342 | t: 509.148513 | r:  -590.000000 | e:   0.100000 | Q:  17.490175 | won: False 
#  634 | steps: 40928 | steps_t: 35409 | t: 509.955508 | r:  -483.000000 | e:   0.100000 | Q:  17.238316 | won: False 
#  635 | steps: 40984 | steps_t: 35464 | t: 510.598190 | r:  -533.000000 | e:   0.100000 | Q:  -7.758707 | won: False 
#  636 | steps: 41099 | steps_t: 35578 | t: 511.965960 | r:  -541.000000 | e:   0.100000 | Q:  -6.456479 | won: False 
#  637 | steps: 41194 | steps_t: 35672 | t: 513.552051 | r:  -550.000000 | e:   0.100000 | Q:  17.325188 | won: False 
#  638 | steps: 41302 | steps_t: 35779 | t: 515.430357 | r:  -534.000000 | e:   0.100000 | Q:  15.121931 | won: False 
#  639 | steps: 41423 | steps_t: 35899 | t: 517.511179 | r:  -598.000000 | e:   0.100000 | Q:  -8.583857 | won: False 
#  640 | steps: 41458 | steps_t: 35933 | t: 518.119144 | r:  -523.000000 | e:   0.100000 | Q:  -9.255741 | won: False 
#  641 | steps: 41580 | steps_t: 36054 | t: 520.196616 | r:  -548.000000 | e:   0.100000 | Q:  20.758366 | won: False 
#  642 | steps: 41646 | steps_t: 36119 | t: 521.213252 | r:  -492.000000 | e:   0.100000 | Q:  18.200726 | won: False 
#  643 | steps: 41927 | steps_t: 36399 | t: 525.029852 | r:  -685.000000 | e:   0.100000 | Q:  19.077450 | won: False 
#  644 | steps: 41944 | steps_t: 36415 | t: 525.201685 | r:  -505.000000 | e:   0.100000 | Q:  -7.106524 | won: False 
#  645 | steps: 41961 | steps_t: 36431 | t: 525.467240 | r:  -483.000000 | e:   0.100000 | Q:  -7.538951 | won: False 
#  646 | steps: 42087 | steps_t: 36556 | t: 526.927369 | r:  -552.000000 | e:   0.100000 | Q:  19.373545 | won: False 
#  647 | steps: 42215 | steps_t: 36683 | t: 529.177558 | r:  -543.000000 | e:   0.100000 | Q:  20.080980 | won: False 
#  648 | steps: 42290 | steps_t: 36757 | t: 530.585851 | r:  -563.000000 | e:   0.100000 | Q:  12.320024 | won: False 
#  649 | steps: 42325 | steps_t: 36791 | t: 531.239933 | r:  -461.000000 | e:   0.100000 | Q:  17.416075 | won: False 
#  650 | steps: 42512 | steps_t: 36977 | t: 534.092138 | r:  -613.000000 | e:   0.100000 | Q:  20.938765 | won: False 
#  651 | steps: 42612 | steps_t: 37076 | t: 535.829612 | r:  -526.000000 | e:   0.100000 | Q:  16.524115 | won: False 
#  652 | steps: 42706 | steps_t: 37169 | t: 537.429058 | r:  -520.000000 | e:   0.100000 | Q:  19.580973 | won: False 
#  653 | steps: 43319 | steps_t: 37781 | t: 546.204192 | r: -1006.000000 | e:   0.100000 | Q:  18.914246 | won: False 
#  654 | steps: 43346 | steps_t: 37807 | t: 546.629877 | r:  -493.000000 | e:   0.100000 | Q:  -5.718238 | won: False 
#  655 | steps: 43483 | steps_t: 37943 | t: 548.148123 | r:  -625.000000 | e:   0.100000 | Q:  -5.718238 | won: False 
#  656 | steps: 43665 | steps_t: 38124 | t: 550.576172 | r:  -608.000000 | e:   0.100000 | Q:  21.638021 | won: False 
#  657 | steps: 43782 | steps_t: 38240 | t: 552.573097 | r:  -543.000000 | e:   0.100000 | Q:  23.260679 | won: False 
#  658 | steps: 43858 | steps_t: 38315 | t: 553.849906 | r:  -564.000000 | e:   0.100000 | Q:  -8.558871 | won: False 
#  659 | steps: 44013 | steps_t: 38469 | t: 555.776706 | r:  -632.000000 | e:   0.100000 | Q:  -8.159358 | won: False 
#  660 | steps: 44056 | steps_t: 38511 | t: 556.293157 | r:  -509.000000 | e:   0.100000 | Q:  -5.058212 | won: False 
#  661 | steps: 44087 | steps_t: 38541 | t: 556.640102 | r:  -508.000000 | e:   0.100000 | Q:  -5.058212 | won: False 
#  662 | steps: 44109 | steps_t: 38562 | t: 556.889062 | r:  -510.000000 | e:   0.100000 | Q:  -9.147126 | won: False 
#  663 | steps: 44207 | steps_t: 38659 | t: 557.966453 | r:  -524.000000 | e:   0.100000 | Q:  23.588699 | won: False 
#  664 | steps: 44276 | steps_t: 38727 | t: 558.741213 | r:  -506.000000 | e:   0.100000 | Q:  25.578579 | won: False 
#  665 | steps: 44311 | steps_t: 38761 | t: 559.261525 | r:  -523.000000 | e:   0.100000 | Q:   2.783363 | won: False 
#  666 | steps: 44432 | steps_t: 38881 | t: 561.320398 | r:  -547.000000 | e:   0.100000 | Q:  27.592005 | won: False 
#  667 | steps: 44740 | steps_t: 39188 | t: 566.607805 | r:  -701.000000 | e:   0.100000 | Q:  23.643696 | won: False 
#  668 | steps: 44840 | steps_t: 39287 | t: 568.334660 | r:  -526.000000 | e:   0.100000 | Q:  28.406210 | won: False 
#  669 | steps: 45074 | steps_t: 39520 | t: 572.266308 | r:  -660.000000 | e:   0.100000 | Q:  25.442633 | won: False 
#  670 | steps: 45106 | steps_t: 39551 | t: 572.871146 | r:  -520.000000 | e:   0.100000 | Q:   1.785545 | won: False 
#  671 | steps: 45190 | steps_t: 39634 | t: 574.299725 | r:  -510.000000 | e:   0.100000 | Q:  25.749880 | won: False 
#  672 | steps: 45282 | steps_t: 39725 | t: 575.855582 | r:  -518.000000 | e:   0.100000 | Q:  25.363930 | won: False 
#  673 | steps: 45452 | steps_t: 39894 | t: 578.738503 | r:  -603.000000 | e:   0.100000 | Q:  24.321720 | won: False 
#  674 | steps: 45593 | steps_t: 40034 | t: 581.047121 | r:  -534.000000 | e:   0.100000 | Q:  12.710849 | won: False 
#  675 | steps: 45675 | steps_t: 40115 | t: 582.220699 | r:  -508.000000 | e:   0.100000 | Q:  25.578217 | won: False 
#  676 | steps: 45772 | steps_t: 40211 | t: 583.894230 | r:  -523.000000 | e:   0.100000 | Q:  25.279018 | won: False 
#  677 | steps: 45857 | steps_t: 40295 | t: 585.323292 | r:  -551.000000 | e:   0.100000 | Q:  20.378082 | won: False 
#  678 | steps: 45880 | steps_t: 40317 | t: 585.732267 | r:  -511.000000 | e:   0.100000 | Q:  -0.048164 | won: False 
#  679 | steps: 46053 | steps_t: 40489 | t: 588.608503 | r:  -577.000000 | e:   0.100000 | Q:  25.595285 | won: False 
#  680 | steps: 46080 | steps_t: 40515 | t: 589.073972 | r:  -453.000000 | e:   0.100000 | Q:  -0.246444 | won: False 
#  681 | steps: 46120 | steps_t: 40554 | t: 589.763672 | r:  -517.000000 | e:   0.100000 | Q:   4.562789 | won: False 
#  682 | steps: 46137 | steps_t: 40570 | t: 590.043016 | r:  -505.000000 | e:   0.100000 | Q:  -4.317805 | won: False 
#  683 | steps: 46229 | steps_t: 40661 | t: 591.665172 | r:  -507.000000 | e:   0.100000 | Q:  22.086432 | won: False 
#  684 | steps: 46363 | steps_t: 40794 | t: 593.974457 | r:  -560.000000 | e:   0.100000 | Q:  26.305681 | won: False 
#  685 | steps: 46450 | steps_t: 40880 | t: 595.351644 | r:  -531.000000 | e:   0.100000 | Q:  25.056467 | won: False 
#  686 | steps: 46510 | steps_t: 40939 | t: 596.383299 | r:  -537.000000 | e:   0.100000 | Q:  24.015032 | won: False 
#  687 | steps: 46595 | steps_t: 41023 | t: 597.629400 | r:  -500.000000 | e:   0.100000 | Q:   6.530375 | won: False 
#  688 | steps: 46697 | steps_t: 41124 | t: 599.316862 | r:  -528.000000 | e:   0.100000 | Q:  23.590666 | won: False 
#  689 | steps: 46737 | steps_t: 41163 | t: 600.013700 | r:  -528.000000 | e:   0.100000 | Q:   2.756593 | won: False 
#  690 | steps: 46752 | steps_t: 41177 | t: 600.277332 | r:  -503.000000 | e:   0.100000 | Q:  -1.232612 | won: False 
#  691 | steps: 46867 | steps_t: 41291 | t: 601.932257 | r:  -541.000000 | e:   0.100000 | Q:  23.895693 | won: False 
#  692 | steps: 46912 | steps_t: 41335 | t: 602.713003 | r:  -471.000000 | e:   0.100000 | Q:  25.837622 | won: False 
#  693 | steps: 46985 | steps_t: 41407 | t: 603.898531 | r:  -550.000000 | e:   0.100000 | Q:   3.353878 | won: False 
#  694 | steps: 47016 | steps_t: 41437 | t: 604.420179 | r:  -497.000000 | e:   0.100000 | Q:   2.273363 | won: False 
#  695 | steps: 47108 | steps_t: 41528 | t: 605.944685 | r:  -518.000000 | e:   0.100000 | Q:  25.280264 | won: False 
#  696 | steps: 47361 | steps_t: 41780 | t: 609.664631 | r:  -668.000000 | e:   0.100000 | Q:  25.747406 | won: False 
#  697 | steps: 47523 | steps_t: 41941 | t: 612.479096 | r:  -588.000000 | e:   0.100000 | Q:  23.246424 | won: False 
#  698 | steps: 47714 | steps_t: 42131 | t: 615.765108 | r:  -617.000000 | e:   0.100000 | Q: -10.287307 | won: False 
#  699 | steps: 47745 | steps_t: 42161 | t: 616.278576 | r:  -457.000000 | e:   0.100000 | Q:  23.054461 | won: False 
#  700 | steps: 47845 | steps_t: 42260 | t: 617.980779 | r:  -526.000000 | e:   0.100000 | Q:  23.980793 | won: False 
#  701 | steps: 47959 | steps_t: 42373 | t: 619.955079 | r:  -540.000000 | e:   0.100000 | Q:  -0.045188 | won: False 
#  702 | steps: 47977 | steps_t: 42390 | t: 620.255384 | r:  -506.000000 | e:   0.100000 | Q:  -8.059680 | won: False 
#  703 | steps: 48084 | steps_t: 42496 | t: 622.119785 | r:  -533.000000 | e:   0.100000 | Q:  29.608664 | won: False 
#  704 | steps: 48302 | steps_t: 42713 | t: 625.856020 | r:  -644.000000 | e:   0.100000 | Q:  27.400280 | won: False 
#  705 | steps: 48408 | steps_t: 42818 | t: 627.662874 | r:  -532.000000 | e:   0.100000 | Q:  27.146994 | won: False 
#  706 | steps: 48463 | steps_t: 42872 | t: 628.515733 | r:  -481.000000 | e:   0.100000 | Q:  25.390690 | won: False 
#  707 | steps: 48594 | steps_t: 43002 | t: 630.757292 | r:  -608.000000 | e:   0.100000 | Q:  26.141634 | won: False 
#  708 | steps: 48641 | steps_t: 43048 | t: 631.556052 | r:  -473.000000 | e:   0.100000 | Q:  26.605009 | won: False 
#  709 | steps: 48699 | steps_t: 43105 | t: 632.582770 | r:  -484.000000 | e:   0.100000 | Q:  26.340042 | won: False 
#  710 | steps: 48728 | steps_t: 43133 | t: 633.081313 | r:  -517.000000 | e:   0.100000 | Q:  -8.035484 | won: False 
#  711 | steps: 48815 | steps_t: 43219 | t: 634.566368 | r:  -513.000000 | e:   0.100000 | Q:  27.341049 | won: False 
#  712 | steps: 49000 | steps_t: 43403 | t: 637.699336 | r:  -611.000000 | e:   0.100000 | Q:  27.822498 | won: False 
#  713 | steps: 49132 | steps_t: 43534 | t: 639.973974 | r:  -558.000000 | e:   0.100000 | Q:  22.639881 | won: False 
#  714 | steps: 49228 | steps_t: 43629 | t: 641.446582 | r:  -522.000000 | e:   0.100000 | Q:  27.877354 | won: False 
#  715 | steps: 49319 | steps_t: 43719 | t: 642.939726 | r:  -517.000000 | e:   0.100000 | Q:  27.438881 | won: False 
#  716 | steps: 49379 | steps_t: 43778 | t: 643.884026 | r:  -548.000000 | e:   0.100000 | Q:  25.860693 | won: False 
#  717 | steps: 49467 | steps_t: 43865 | t: 645.430140 | r:  -514.000000 | e:   0.100000 | Q:  26.221237 | won: False 
#  718 | steps: 49530 | steps_t: 43927 | t: 646.496006 | r:  -489.000000 | e:   0.100000 | Q:  29.234020 | won: False 
#  719 | steps: 49575 | steps_t: 43971 | t: 647.257645 | r:  -471.000000 | e:   0.100000 | Q:  -8.198777 | won: False 
#  720 | steps: 49844 | steps_t: 44239 | t: 651.863707 | r:  -691.000000 | e:   0.100000 | Q:  26.917229 | won: False 
#  721 | steps: 50003 | steps_t: 44397 | t: 654.505049 | r:  -596.000000 | e:   0.100000 | Q:  29.689388 | won: False 
#  722 | steps: 50159 | steps_t: 44552 | t: 656.693636 | r:  -571.000000 | e:   0.100000 | Q:  28.761574 | won: False 
#  723 | steps: 50252 | steps_t: 44644 | t: 658.157803 | r:  -519.000000 | e:   0.100000 | Q:  -2.230991 | won: False 
#  724 | steps: 50479 | steps_t: 44870 | t: 662.005327 | r:  -653.000000 | e:   0.100000 | Q:  23.494879 | won: False 
#  725 | steps: 50570 | steps_t: 44960 | t: 663.550278 | r:  -568.000000 | e:   0.100000 | Q:  24.187826 | won: False 
#  726 | steps: 50598 | steps_t: 44987 | t: 664.066750 | r:  -516.000000 | e:   0.100000 | Q:  -9.397318 | won: False 
#  727 | steps: 50765 | steps_t: 45153 | t: 666.915896 | r:  -582.000000 | e:   0.100000 | Q:  -5.983957 | won: False 
#  728 | steps: 50822 | steps_t: 45209 | t: 667.890022 | r:  -545.000000 | e:   0.100000 | Q:  -6.162121 | won: False 
#  729 | steps: 51203 | steps_t: 45589 | t: 674.423601 | r:  -785.000000 | e:   0.100000 | Q:  27.655704 | won: False 
#  730 | steps: 51305 | steps_t: 45690 | t: 675.968147 | r:  -528.000000 | e:   0.100000 | Q:  29.896204 | won: False 
#  731 | steps: 51632 | steps_t: 46016 | t: 681.527054 | r:  -731.000000 | e:   0.100000 | Q:  27.683687 | won: False 
#  732 | steps: 51648 | steps_t: 46031 | t: 681.759410 | r:  -504.000000 | e:   0.100000 | Q:  -4.908004 | won: False 
#  733 | steps: 51773 | steps_t: 46155 | t: 683.827170 | r:  -602.000000 | e:   0.100000 | Q:  -2.975314 | won: False 
#  734 | steps: 51869 | steps_t: 46250 | t: 685.465651 | r:  -522.000000 | e:   0.100000 | Q:  28.501202 | won: False 
#  735 | steps: 52030 | steps_t: 46410 | t: 688.357823 | r:  -587.000000 | e:   0.100000 | Q:  27.171501 | won: False 
#  736 | steps: 52176 | steps_t: 46555 | t: 690.872815 | r:  -572.000000 | e:   0.100000 | Q:  29.557991 | won: False 
#  737 | steps: 52231 | steps_t: 46609 | t: 691.836031 | r:  -481.000000 | e:   0.100000 | Q:  28.587559 | won: False 
#  738 | steps: 52548 | steps_t: 46925 | t: 697.287239 | r:  -743.000000 | e:   0.100000 | Q:   6.068341 | won: False 
#  739 | steps: 52613 | steps_t: 46989 | t: 698.394685 | r:  -491.000000 | e:   0.100000 | Q:  28.858330 | won: False 
#  740 | steps: 52974 | steps_t: 47349 | t: 704.623589 | r:  -765.000000 | e:   0.100000 | Q:  28.691212 | won: False 
#  741 | steps: 53090 | steps_t: 47464 | t: 706.615531 | r:  -604.000000 | e:   0.100000 | Q:  28.105497 | won: False 
#  742 | steps: 53102 | steps_t: 47475 | t: 706.837656 | r:  -500.000000 | e:   0.100000 | Q:  -0.133470 | won: False 
#  743 | steps: 53173 | steps_t: 47545 | t: 707.929680 | r:  -559.000000 | e:   0.100000 | Q:   2.046771 | won: False 
#  744 | steps: 53314 | steps_t: 47685 | t: 710.359438 | r:  -567.000000 | e:   0.100000 | Q:   2.667712 | won: False 
#  745 | steps: 53457 | steps_t: 47827 | t: 712.836738 | r:  -569.000000 | e:   0.100000 | Q:  27.457922 | won: False 
#  746 | steps: 53538 | steps_t: 47907 | t: 714.228848 | r:  -507.000000 | e:   0.100000 | Q:  29.255907 | won: False 
#  747 | steps: 53719 | steps_t: 48087 | t: 717.221877 | r:  -596.000000 | e:   0.100000 | Q:  29.442225 | won: False 
#  748 | steps: 53766 | steps_t: 48133 | t: 718.036335 | r:  -484.000000 | e:   0.100000 | Q:  33.384888 | won: False 
#  749 | steps: 53792 | steps_t: 48158 | t: 718.474932 | r:  -514.000000 | e:   0.100000 | Q:  -3.377954 | won: False 
#  750 | steps: 54070 | steps_t: 48435 | t: 723.262767 | r:  -704.000000 | e:   0.100000 | Q:  30.029049 | won: False 
#  751 | steps: 54167 | steps_t: 48531 | t: 724.980907 | r:  -512.000000 | e:   0.100000 | Q:  29.649595 | won: False 
#  752 | steps: 54221 | steps_t: 48584 | t: 725.610879 | r:  -480.000000 | e:   0.100000 | Q:  31.428139 | won: False 
#  753 | steps: 54273 | steps_t: 48635 | t: 726.284203 | r:  -478.000000 | e:   0.100000 | Q:  34.338036 | won: False 
#  754 | steps: 54404 | steps_t: 48765 | t: 727.937350 | r:  -557.000000 | e:   0.100000 | Q:  30.970413 | won: False 
#  755 | steps: 55033 | steps_t: 49393 | t: 735.834656 | r: -1033.000000 | e:   0.100000 | Q:  31.791708 | won: False 
#  756 | steps: 55118 | steps_t: 49477 | t: 736.553241 | r:  -511.000000 | e:   0.100000 | Q:  32.451481 | won: False 
#  757 | steps: 55285 | steps_t: 49643 | t: 31168.627864 | r:  -571.000000 | e:   0.100000 | Q:  32.700760 | won: False 
#  758 | steps: 55369 | steps_t: 49726 | t: 31169.342578 | r:  -510.000000 | e:   0.100000 | Q:  36.670361 | won: False 
#  759 | steps: 55407 | steps_t: 49763 | t: 31170.342343 | r:  -475.000000 | e:   0.100000 | Q:  35.454006 | won: False 
#  760 | steps: 55445 | steps_t: 49800 | t: 31171.045303 | r:  -515.000000 | e:   0.100000 | Q:  14.791114 | won: False 
#  761 | steps: 55590 | steps_t: 49944 | t: 31173.318086 | r:  -622.000000 | e:   0.100000 | Q:  33.131268 | won: False 
#  762 | steps: 55673 | steps_t: 50026 | t: 31174.731782 | r:  -509.000000 | e:   0.100000 | Q:  32.826767 | won: False 
#  763 | steps: 55814 | steps_t: 50166 | t: 31176.572184 | r:  -618.000000 | e:   0.100000 | Q:  35.628834 | won: False 
#  764 | steps: 56076 | steps_t: 50427 | t: 31179.585713 | r:  -688.000000 | e:   0.100000 | Q:  34.476067 | won: False 
#  765 | steps: 56147 | steps_t: 50497 | t: 31180.320252 | r:  -537.000000 | e:   0.100000 | Q:  33.093307 | won: False 
#  766 | steps: 56230 | steps_t: 50579 | t: 31181.116938 | r:  -509.000000 | e:   0.100000 | Q:  35.680714 | won: False 
#  767 | steps: 56308 | steps_t: 50656 | t: 31181.867060 | r:  -504.000000 | e:   0.100000 | Q:  36.644054 | won: False 
#  768 | steps: 56354 | steps_t: 50701 | t: 31182.320472 | r:  -472.000000 | e:   0.100000 | Q:  35.019474 | won: False 
#  769 | steps: 56469 | steps_t: 50815 | t: 31183.851716 | r:  -541.000000 | e:   0.100000 | Q:  36.353050 | won: False 
#  770 | steps: 56538 | steps_t: 50883 | t: 31184.492518 | r:  -495.000000 | e:   0.100000 | Q:  30.533434 | won: False 
#  771 | steps: 56640 | steps_t: 50984 | t: 31185.430110 | r:  -528.000000 | e:   0.100000 | Q:  31.188616 | won: False 
#  772 | steps: 56678 | steps_t: 51021 | t: 31185.820643 | r:  -526.000000 | e:   0.100000 | Q:  19.431608 | won: False 
#  773 | steps: 56780 | steps_t: 51122 | t: 31186.773768 | r:  -528.000000 | e:   0.100000 | Q:  34.418152 | won: False 
#  774 | steps: 56955 | steps_t: 51296 | t: 31188.399344 | r:  -601.000000 | e:   0.100000 | Q:  38.609203 | won: False 
#  775 | steps: 57254 | steps_t: 51594 | t: 31191.494921 | r:  -692.000000 | e:   0.100000 | Q:  36.583294 | won: False 
#  776 | steps: 57399 | steps_t: 51738 | t: 31192.791520 | r:  -571.000000 | e:   0.100000 | Q:  38.424999 | won: False 
#  777 | steps: 57623 | steps_t: 51961 | t: 31194.713963 | r:  -650.000000 | e:   0.100000 | Q:  37.152527 | won: False 
#  778 | steps: 57709 | steps_t: 52046 | t: 31195.432868 | r:  -512.000000 | e:   0.100000 | Q:  37.766323 | won: False 
#  779 | steps: 57848 | steps_t: 52184 | t: 31196.620369 | r:  -616.000000 | e:   0.100000 | Q:  29.062500 | won: False 
#  780 | steps: 57973 | steps_t: 52308 | t: 31197.683110 | r:  -551.000000 | e:   0.100000 | Q:  36.125916 | won: False 
#  781 | steps: 58243 | steps_t: 52577 | t: 31199.980381 | r:  -674.000000 | e:   0.100000 | Q:  46.724632 | won: False 
#  782 | steps: 58384 | steps_t: 52717 | t: 31201.168780 | r:  -618.000000 | e:   0.100000 | Q:  38.189941 | won: False 
#  783 | steps: 58453 | steps_t: 52785 | t: 31201.746719 | r:  -495.000000 | e:   0.100000 | Q:  39.433655 | won: False 
#  784 | steps: 58709 | steps_t: 53040 | t: 31204.090687 | r:  -671.000000 | e:   0.100000 | Q:  38.337730 | won: False 
#  785 | steps: 58744 | steps_t: 53074 | t: 31204.419119 | r:  -472.000000 | e:   0.100000 | Q:  34.787300 | won: False 
#  786 | steps: 59064 | steps_t: 53393 | t: 31207.106674 | r:  -746.000000 | e:   0.100000 | Q:  37.144932 | won: False 
#  787 | steps: 59155 | steps_t: 53483 | t: 31207.872430 | r:  -517.000000 | e:   0.100000 | Q:  37.710926 | won: False 
#  788 | steps: 59387 | steps_t: 53714 | t: 31209.825983 | r:  -709.000000 | e:   0.100000 | Q:  36.124866 | won: False 
#  789 | steps: 59482 | steps_t: 53808 | t: 31210.685567 | r:  -521.000000 | e:   0.100000 | Q:  37.453556 | won: False 
#  790 | steps: 59643 | steps_t: 53968 | t: 31212.091767 | r:  -587.000000 | e:   0.100000 | Q:  37.137051 | won: False 
#  791 | steps: 59672 | steps_t: 53996 | t: 31212.357805 | r:  -455.000000 | e:   0.100000 | Q:  36.678440 | won: False 
#  792 | steps: 59742 | steps_t: 54065 | t: 31212.935797 | r:  -496.000000 | e:   0.100000 | Q:  38.463165 | won: False 
#  793 | steps: 60026 | steps_t: 54348 | t: 31215.451922 | r:  -699.000000 | e:   0.100000 | Q:  41.877518 | won: False 
#  794 | steps: 60097 | steps_t: 54418 | t: 31216.076777 | r:  -497.000000 | e:   0.100000 | Q:  37.420017 | won: False 
#  795 | steps: 60238 | steps_t: 54558 | t: 31217.280388 | r:  -578.000000 | e:   0.100000 | Q:  37.948517 | won: False 
#  796 | steps: 60516 | steps_t: 54835 | t: 31219.608804 | r:  -704.000000 | e:   0.100000 | Q:  12.138270 | won: False 
#  797 | steps: 60632 | steps_t: 54950 | t: 31220.593192 | r:  -542.000000 | e:   0.100000 | Q:  38.210800 | won: False 
#  798 | steps: 60706 | steps_t: 55023 | t: 31221.233981 | r:  -478.000000 | e:   0.100000 | Q:  38.300983 | won: False 
#  799 | steps: 60767 | steps_t: 55083 | t: 31221.749522 | r:  -487.000000 | e:   0.100000 | Q:  33.131310 | won: False 
#  800 | steps: 60853 | steps_t: 55168 | t: 31222.484127 | r:  -512.000000 | e:   0.100000 | Q:  36.714935 | won: False 
#  801 | steps: 60954 | steps_t: 55268 | t: 31223.327978 | r:  -578.000000 | e:   0.100000 | Q:  36.187962 | won: False 
#  802 | steps: 61317 | steps_t: 55630 | t: 31227.317605 | r:  -789.000000 | e:   0.100000 | Q:  37.808796 | won: False 
#  803 | steps: 61370 | steps_t: 55682 | t: 31227.801892 | r:  -530.000000 | e:   0.100000 | Q:  43.623066 | won: False 
#  804 | steps: 61691 | steps_t: 56002 | t: 31230.817828 | r:  -747.000000 | e:   0.100000 | Q:  42.907860 | won: False 
#  805 | steps: 61728 | steps_t: 56038 | t: 31231.177119 | r:  -463.000000 | e:   0.100000 | Q:  36.388447 | won: False 
#  806 | steps: 62086 | steps_t: 56395 | t: 31235.433105 | r:  -784.000000 | e:   0.100000 | Q:  40.292633 | won: False 
#  807 | steps: 62172 | steps_t: 56480 | t: 31236.308203 | r:  -563.000000 | e:   0.100000 | Q:  38.532906 | won: False 
#  808 | steps: 62391 | steps_t: 56698 | t: 31238.198711 | r:  -645.000000 | e:   0.100000 | Q:  43.506744 | won: False 
#  809 | steps: 62440 | steps_t: 56746 | t: 31238.636531 | r:  -526.000000 | e:   0.100000 | Q:  28.373266 | won: False 
#  810 | steps: 62735 | steps_t: 57040 | t: 31241.293103 | r:  -721.000000 | e:   0.100000 | Q:  30.759052 | won: False 
#  811 | steps: 62821 | steps_t: 57125 | t: 31242.027310 | r:  -512.000000 | e:   0.100000 | Q:  47.449909 | won: False 
#  812 | steps: 62864 | steps_t: 57167 | t: 31242.402576 | r:  -469.000000 | e:   0.100000 | Q:  43.974705 | won: False 
#  813 | steps: 62931 | steps_t: 57233 | t: 31242.980532 | r:  -493.000000 | e:   0.100000 | Q:  42.535877 | won: False 
#  814 | steps: 63122 | steps_t: 57423 | t: 31244.621943 | r:  -595.000000 | e:   0.100000 | Q:  41.183418 | won: False 
#  815 | steps: 63201 | steps_t: 57501 | t: 31245.293951 | r:  -556.000000 | e:   0.100000 | Q:  42.428959 | won: False 
#  816 | steps: 63291 | steps_t: 57590 | t: 31246.059401 | r:  -516.000000 | e:   0.100000 | Q:  43.398129 | won: False 
#  817 | steps: 63345 | steps_t: 57643 | t: 31246.528376 | r:  -480.000000 | e:   0.100000 | Q:  40.178715 | won: False 
#  818 | steps: 63643 | steps_t: 57940 | t: 31249.075349 | r:  -702.000000 | e:   0.100000 | Q:  41.812862 | won: False 
#  819 | steps: 63711 | steps_t: 58007 | t: 31249.637718 | r:  -494.000000 | e:   0.100000 | Q:  39.061790 | won: False 
#  820 | steps: 63807 | steps_t: 58102 | t: 31250.451374 | r:  -562.000000 | e:   0.100000 | Q:  40.358749 | won: False 
#  821 | steps: 63973 | steps_t: 58267 | t: 31251.967200 | r:  -581.000000 | e:   0.100000 | Q:  39.170013 | won: False 
#  822 | steps: 64035 | steps_t: 58328 | t: 31252.514137 | r:  -488.000000 | e:   0.100000 | Q:  41.240871 | won: False 
#  823 | steps: 64139 | steps_t: 58431 | t: 31253.389359 | r:  -530.000000 | e:   0.100000 | Q:  40.791473 | won: False 
#  824 | steps: 64387 | steps_t: 58678 | t: 31255.514879 | r:  -674.000000 | e:   0.100000 | Q:  39.744995 | won: False 
#  825 | steps: 64444 | steps_t: 58734 | t: 31255.983540 | r:  -545.000000 | e:   0.100000 | Q:  42.946140 | won: False 
#  826 | steps: 64624 | steps_t: 58913 | t: 31257.546276 | r:  -657.000000 | e:   0.100000 | Q:  45.316360 | won: False 
#  827 | steps: 64685 | steps_t: 58973 | t: 31258.046162 | r:  -487.000000 | e:   0.100000 | Q:  39.619617 | won: False 
#  828 | steps: 64862 | steps_t: 59149 | t: 31259.546615 | r:  -603.000000 | e:   0.100000 | Q:  47.107487 | won: False 
#  829 | steps: 65103 | steps_t: 59389 | t: 31263.128147 | r:  -667.000000 | e:   0.100000 | Q:  42.602699 | won: False 
#  830 | steps: 65188 | steps_t: 59473 | t: 31264.613044 | r:  -489.000000 | e:   0.100000 | Q:  41.981533 | won: False 
#  831 | steps: 65285 | steps_t: 59569 | t: 31266.262443 | r:  -523.000000 | e:   0.100000 | Q:  43.121639 | won: False 
#  832 | steps: 65449 | steps_t: 59732 | t: 31269.103508 | r:  -557.000000 | e:   0.100000 | Q:  40.608212 | won: False 
#  833 | steps: 65509 | steps_t: 59791 | t: 31270.155828 | r:  -475.000000 | e:   0.100000 | Q:  39.918205 | won: False 
#  834 | steps: 65642 | steps_t: 59923 | t: 31272.455703 | r:  -559.000000 | e:   0.100000 | Q:  44.540035 | won: False 
#  835 | steps: 65781 | steps_t: 60061 | t: 31274.952457 | r:  -565.000000 | e:   0.100000 | Q:  46.478271 | won: False 
#  836 | steps: 65866 | steps_t: 60145 | t: 31276.309545 | r:  -562.000000 | e:   0.100000 | Q:  41.675438 | won: False 
#  837 | steps: 66094 | steps_t: 60372 | t: 31280.302042 | r:  -672.000000 | e:   0.100000 | Q:  44.940575 | won: False 
#  838 | steps: 66218 | steps_t: 60495 | t: 31282.390776 | r:  -550.000000 | e:   0.100000 | Q:  43.011772 | won: False 
#  839 | steps: 66355 | steps_t: 60631 | t: 31284.179965 | r:  -574.000000 | e:   0.100000 | Q:  45.145187 | won: False 
#  840 | steps: 66962 | steps_t: 61237 | t: 31293.944976 | r: -1084.000000 | e:   0.100000 | Q:  46.317329 | won: False 
#  841 | steps: 67044 | steps_t: 61318 | t: 31295.236463 | r:  -497.000000 | e:   0.100000 | Q:  45.440948 | won: False 
#  842 | steps: 67145 | steps_t: 61418 | t: 31297.143530 | r:  -527.000000 | e:   0.100000 | Q:  44.178104 | won: False 
