#    1 | steps:    30 | steps_t:     0 | t: 0.038936 | r:  -474.000000 | e:   1.000000 | Q:        nan | won: False 
#    2 | steps:    91 | steps_t:     0 | t: 0.080782 | r:  -432.000000 | e:   1.000000 | Q:        nan | won: False 
#    3 | steps:   103 | steps_t:     0 | t: 0.092750 | r:  -478.000000 | e:   1.000000 | Q:        nan | won: False 
#    4 | steps:   136 | steps_t:     0 | t: 0.119715 | r:  -459.000000 | e:   1.000000 | Q:        nan | won: False 
#    5 | steps:   208 | steps_t:     0 | t: 0.169582 | r:  -549.000000 | e:   1.000000 | Q:        nan | won: False 
#    6 | steps:   219 | steps_t:     0 | t: 0.209440 | r:  -477.000000 | e:   1.000000 | Q:        nan | won: False 
#    7 | steps:   236 | steps_t:     0 | t: 0.228392 | r:  -505.000000 | e:   1.000000 | Q:        nan | won: False 
#    8 | steps:   248 | steps_t:     0 | t: 0.241354 | r:  -511.000000 | e:   1.000000 | Q:        nan | won: False 
#    9 | steps:   305 | steps_t:     0 | t: 0.310169 | r:  -534.000000 | e:   1.000000 | Q:        nan | won: False 
#   10 | steps:   367 | steps_t:     0 | t: 0.372004 | r:  -466.000000 | e:   1.000000 | Q:        nan | won: False 
#   11 | steps:   405 | steps_t:     0 | t: 0.408905 | r:  -464.000000 | e:   1.000000 | Q:        nan | won: False 
#   12 | steps:   453 | steps_t:     0 | t: 0.442813 | r:  -474.000000 | e:   1.000000 | Q:        nan | won: False 
#   13 | steps:   516 | steps_t:     0 | t: 0.505645 | r:  -529.000000 | e:   1.000000 | Q:        nan | won: False 
#   14 | steps:   545 | steps_t:     0 | t: 0.544549 | r:  -444.000000 | e:   1.000000 | Q:        nan | won: False 
#   15 | steps:   615 | steps_t:     0 | t: 0.615352 | r:  -503.000000 | e:   1.000000 | Q:        nan | won: False 
#   16 | steps:   660 | steps_t:     0 | t: 0.649262 | r:  -471.000000 | e:   1.000000 | Q:        nan | won: False 
#   17 | steps:   689 | steps_t:     0 | t: 0.671205 | r:  -433.000000 | e:   1.000000 | Q:        nan | won: False 
#   18 | steps:   743 | steps_t:     0 | t: 0.709138 | r:  -498.000000 | e:   1.000000 | Q:        nan | won: False 
#   19 | steps:   765 | steps_t:     0 | t: 0.730048 | r:  -459.000000 | e:   1.000000 | Q:        nan | won: False 
#   20 | steps:   779 | steps_t:     0 | t: 0.745006 | r:  -502.000000 | e:   1.000000 | Q:        nan | won: False 
#   21 | steps:   851 | steps_t:     0 | t: 0.797866 | r:  -538.000000 | e:   1.000000 | Q:        nan | won: False 
#   22 | steps:   920 | steps_t:     0 | t: 0.851736 | r:  -546.000000 | e:   1.000000 | Q:        nan | won: False 
#   23 | steps:   960 | steps_t:     0 | t: 0.888631 | r:  -466.000000 | e:   1.000000 | Q:        nan | won: False 
#   24 | steps:  1019 | steps_t:     0 | t: 0.948462 | r:  -463.000000 | e:   1.000000 | Q:        nan | won: False 
#   25 | steps:  1033 | steps_t:     0 | t: 0.964456 | r:  -440.000000 | e:   1.000000 | Q:        nan | won: False 
#   26 | steps:  1067 | steps_t:     0 | t: 0.995376 | r:  -438.000000 | e:   1.000000 | Q:        nan | won: False 
#   27 | steps:  1175 | steps_t:     0 | t: 1.080112 | r:  -479.000000 | e:   1.000000 | Q:        nan | won: False 
#   28 | steps:  1184 | steps_t:     0 | t: 1.096067 | r:  -508.000000 | e:   1.000000 | Q:        nan | won: False 
#   29 | steps:  1192 | steps_t:     0 | t: 1.119006 | r:  -507.000000 | e:   1.000000 | Q:        nan | won: False 
#   30 | steps:  1236 | steps_t:     0 | t: 1.178847 | r:  -437.000000 | e:   1.000000 | Q:        nan | won: False 
#   31 | steps:  1247 | steps_t:     0 | t: 1.198798 | r:  -499.000000 | e:   1.000000 | Q:        nan | won: False 
#   32 | steps:  1321 | steps_t:     0 | t: 1.283567 | r:  -551.000000 | e:   1.000000 | Q:        nan | won: False 
#   33 | steps:  1375 | steps_t:     0 | t: 1.325458 | r:  -476.000000 | e:   1.000000 | Q:        nan | won: False 
#   34 | steps:  1426 | steps_t:     0 | t: 1.363353 | r:  -466.000000 | e:   1.000000 | Q:        nan | won: False 
#   35 | steps:  1448 | steps_t:     0 | t: 1.381304 | r:  -510.000000 | e:   1.000000 | Q:        nan | won: False 
#   36 | steps:  1524 | steps_t:     0 | t: 1.436161 | r:  -480.000000 | e:   1.000000 | Q:        nan | won: False 
#   37 | steps:  1598 | steps_t:     0 | t: 1.488019 | r:   155.000000 | e:   1.000000 | Q:        nan | won: True 
#   38 | steps:  1606 | steps_t:     0 | t: 1.500021 | r:  -485.000000 | e:   1.000000 | Q:        nan | won: False 
#   39 | steps:  1663 | steps_t:     0 | t: 1.552848 | r:  -534.000000 | e:   1.000000 | Q:        nan | won: False 
#   40 | steps:  1720 | steps_t:     0 | t: 1.615678 | r:  -494.000000 | e:   1.000000 | Q:        nan | won: False 
#   41 | steps:  1809 | steps_t:     0 | t: 1.745333 | r:  -493.000000 | e:   1.000000 | Q:        nan | won: False 
#   42 | steps:  1868 | steps_t:     0 | t: 1.796198 | r:  -474.000000 | e:   1.000000 | Q:        nan | won: False 
#   43 | steps:  1960 | steps_t:     0 | t: 1.856035 | r:  -518.000000 | e:   1.000000 | Q:        nan | won: False 
#   44 | steps:  2073 | steps_t:     0 | t: 1.928838 | r:  -517.000000 | e:   1.000000 | Q:        nan | won: False 
#   45 | steps:  2123 | steps_t:     0 | t: 1.964783 | r:  -505.000000 | e:   1.000000 | Q:        nan | won: False 
#   46 | steps:  2150 | steps_t:     0 | t: 1.987717 | r:  -453.000000 | e:   1.000000 | Q:        nan | won: False 
#   47 | steps:  2216 | steps_t:     0 | t: 2.040578 | r:  -492.000000 | e:   1.000000 | Q:        nan | won: False 
#   48 | steps:  2290 | steps_t:     0 | t: 2.089450 | r:  -500.000000 | e:   1.000000 | Q:        nan | won: False 
#   49 | steps:  2384 | steps_t:     0 | t: 2.155231 | r:  -516.000000 | e:   1.000000 | Q:        nan | won: False 
#   50 | steps:  2394 | steps_t:     0 | t: 2.166202 | r:  -458.000000 | e:   1.000000 | Q:        nan | won: False 
#   51 | steps:  2453 | steps_t:     0 | t: 2.212117 | r:  -547.000000 | e:   1.000000 | Q:        nan | won: False 
#   52 | steps:  2538 | steps_t:     0 | t: 2.272919 | r:  -489.000000 | e:   1.000000 | Q:        nan | won: False 
#   53 | steps:  2627 | steps_t:     0 | t: 2.404567 | r:  -522.000000 | e:   1.000000 | Q:        nan | won: False 
#   54 | steps:  2702 | steps_t:     0 | t: 2.457460 | r:  -497.000000 | e:   1.000000 | Q:        nan | won: False 
#   55 | steps:  2756 | steps_t:     0 | t: 2.497354 | r:  -425.000000 | e:   1.000000 | Q:        nan | won: False 
#   56 | steps:  2816 | steps_t:     0 | t: 2.539207 | r:  -497.000000 | e:   1.000000 | Q:        nan | won: False 
#   57 | steps:  2871 | steps_t:     0 | t: 2.578102 | r:  -532.000000 | e:   1.000000 | Q:        nan | won: False 
#   58 | steps:  2979 | steps_t:     0 | t: 2.651905 | r:  -479.000000 | e:   1.000000 | Q:        nan | won: False 
#   59 | steps:  3021 | steps_t:     0 | t: 2.683819 | r:  -468.000000 | e:   1.000000 | Q:        nan | won: False 
#   60 | steps:  3060 | steps_t:     0 | t: 2.725710 | r:  -465.000000 | e:   1.000000 | Q:        nan | won: False 
#   61 | steps:  3098 | steps_t:     0 | t: 2.790537 | r:  -504.000000 | e:   1.000000 | Q:        nan | won: False 
#   62 | steps:  3106 | steps_t:     0 | t: 2.807488 | r:  -485.000000 | e:   1.000000 | Q:        nan | won: False 
#   63 | steps:  3171 | steps_t:     0 | t: 2.857354 | r:  -542.000000 | e:   1.000000 | Q:        nan | won: False 
#   64 | steps:  3249 | steps_t:     0 | t: 2.911251 | r:  -460.000000 | e:   1.000000 | Q:        nan | won: False 
#   65 | steps:  3275 | steps_t:     0 | t: 2.937141 | r:  -514.000000 | e:   1.000000 | Q:        nan | won: False 
#   66 | steps:  3324 | steps_t:     0 | t: 2.974081 | r:  -486.000000 | e:   1.000000 | Q:        nan | won: False 
#   67 | steps:  3369 | steps_t:     0 | t: 3.007951 | r:  -482.000000 | e:   1.000000 | Q:        nan | won: False 
#   68 | steps:  3411 | steps_t:     0 | t: 3.037910 | r:  -497.000000 | e:   1.000000 | Q:        nan | won: False 
#   69 | steps:  3464 | steps_t:     0 | t: 3.075771 | r:  -479.000000 | e:   1.000000 | Q:        nan | won: False 
#   70 | steps:  3526 | steps_t:     0 | t: 3.119690 | r:  -488.000000 | e:   1.000000 | Q:        nan | won: False 
#   71 | steps:  3539 | steps_t:     0 | t: 3.133653 | r:  -512.000000 | e:   1.000000 | Q:        nan | won: False 
#   72 | steps:  3558 | steps_t:     0 | t: 3.152566 | r:  -518.000000 | e:   1.000000 | Q:        nan | won: False 
#   73 | steps:  3621 | steps_t:     0 | t: 3.197484 | r:  -434.000000 | e:   1.000000 | Q:        nan | won: False 
#   74 | steps:  3699 | steps_t:     0 | t: 3.250340 | r:  -471.000000 | e:   1.000000 | Q:        nan | won: False 
#   75 | steps:  3749 | steps_t:     0 | t: 3.291193 | r:  -432.000000 | e:   1.000000 | Q:        nan | won: False 
#   76 | steps:  3811 | steps_t:     0 | t: 3.342058 | r:  -488.000000 | e:   1.000000 | Q:        nan | won: False 
#   77 | steps:  3824 | steps_t:     0 | t: 3.359012 | r:  -501.000000 | e:   1.000000 | Q:        nan | won: False 
#   78 | steps:  3887 | steps_t:     0 | t: 3.413864 | r:  -496.000000 | e:   1.000000 | Q:        nan | won: False 
#   79 | steps:  3939 | steps_t:     0 | t: 3.474750 | r:  -467.000000 | e:   1.000000 | Q:        nan | won: False 
#   80 | steps:  3958 | steps_t:     0 | t: 3.497650 | r:  -434.000000 | e:   1.000000 | Q:        nan | won: False 
#   81 | steps:  4059 | steps_t:     0 | t: 3.589403 | r:  -556.000000 | e:   1.000000 | Q:        nan | won: False 
#   82 | steps:  4128 | steps_t:     0 | t: 3.656216 | r:  -546.000000 | e:   1.000000 | Q:        nan | won: False 
#   83 | steps:  4178 | steps_t:     0 | t: 3.702095 | r:  -538.000000 | e:   1.000000 | Q:        nan | won: False 
#   84 | steps:  4246 | steps_t:     0 | t: 3.751997 | r:  -545.000000 | e:   1.000000 | Q:        nan | won: False 
#   85 | steps:  4260 | steps_t:     0 | t: 3.766954 | r:  -513.000000 | e:   1.000000 | Q:        nan | won: False 
#   86 | steps:  4309 | steps_t:     0 | t: 3.806816 | r:  -453.000000 | e:   1.000000 | Q:        nan | won: False 
#   87 | steps:  4353 | steps_t:     0 | t: 3.877625 | r:  -448.000000 | e:   1.000000 | Q:        nan | won: False 
#   88 | steps:  4363 | steps_t:     0 | t: 3.898568 | r:  -509.000000 | e:   1.000000 | Q:        nan | won: False 
#   89 | steps:  4448 | steps_t:     0 | t: 3.966387 | r:  -518.000000 | e:   1.000000 | Q:        nan | won: False 
#   90 | steps:  4515 | steps_t:     0 | t: 4.013300 | r:  -489.000000 | e:   1.000000 | Q:        nan | won: False 
#   91 | steps:  4530 | steps_t:     0 | t: 4.029220 | r:  -514.000000 | e:   1.000000 | Q:        nan | won: False 
#   92 | steps:  4564 | steps_t:     0 | t: 4.056188 | r:  -533.000000 | e:   1.000000 | Q:        nan | won: False 
#   93 | steps:  4605 | steps_t:     0 | t: 4.089061 | r:  -467.000000 | e:   1.000000 | Q:        nan | won: False 
#   94 | steps:  4653 | steps_t:     0 | t: 4.124963 | r:  -463.000000 | e:   1.000000 | Q:        nan | won: False 
#   95 | steps:  4667 | steps_t:     0 | t: 4.139922 | r:  -513.000000 | e:   1.000000 | Q:        nan | won: False 
#   96 | steps:  4721 | steps_t:     0 | t: 4.177820 | r:  -447.000000 | e:   1.000000 | Q:        nan | won: False 
#   97 | steps:  4784 | steps_t:     0 | t: 4.220716 | r:  -434.000000 | e:   1.000000 | Q:        nan | won: False 
#   98 | steps:  4859 | steps_t:     0 | t: 4.275596 | r:  -457.000000 | e:   1.000000 | Q:        nan | won: False 
#   99 | steps:  4936 | steps_t:     0 | t: 4.342380 | r:   101.000000 | e:   1.000000 | Q:        nan | won: True 
#  100 | steps:  4986 | steps_t:     0 | t: 4.383273 | r:  -454.000000 | e:   1.000000 | Q:        nan | won: False 
#  101 | steps:  5105 | steps_t:     0 | t: 5.518234 | r:  -552.000000 | e:   1.000000 | Q:        nan | won: False 
#  102 | steps:  5122 | steps_t:     0 | t: 5.669830 | r:  -505.000000 | e:   1.000000 | Q:        nan | won: False 
#  103 | steps:  5136 | steps_t:     0 | t: 5.797488 | r:  -502.000000 | e:   1.000000 | Q:        nan | won: False 
#  104 | steps:  5197 | steps_t:     0 | t: 6.339038 | r:  -487.000000 | e:   1.000000 | Q:        nan | won: False 
#  105 | steps:  5205 | steps_t:     0 | t: 6.414835 | r:  -496.000000 | e:   1.000000 | Q:        nan | won: False 
#  106 | steps:  5251 | steps_t:     0 | t: 6.771880 | r:  -450.000000 | e:   1.000000 | Q:        nan | won: False 
#  107 | steps:  5268 | steps_t:     0 | t: 6.902530 | r:  -472.000000 | e:   1.000000 | Q:        nan | won: False 
#  108 | steps:  5352 | steps_t:     0 | t: 7.644545 | r:  -455.000000 | e:   1.000000 | Q:        nan | won: False 
#  109 | steps:  5375 | steps_t:     0 | t: 7.818082 | r:  -522.000000 | e:   1.000000 | Q:        nan | won: False 
#  110 | steps:  5414 | steps_t:     0 | t: 8.121269 | r:  -494.000000 | e:   1.000000 | Q:        nan | won: False 
#  111 | steps:  5451 | steps_t:     0 | t: 8.499258 | r:  -463.000000 | e:   1.000000 | Q:        nan | won: False 
#  112 | steps:  5489 | steps_t:     0 | t: 8.792474 | r:  -442.000000 | e:   1.000000 | Q:        nan | won: False 
#  113 | steps:  5540 | steps_t:     0 | t: 9.199385 | r:  -444.000000 | e:   1.000000 | Q:        nan | won: False 
#  114 | steps:  5622 | steps_t:     0 | t: 9.952371 | r:  -497.000000 | e:   1.000000 | Q:        nan | won: False 
#  115 | steps:  5680 | steps_t:     0 | t: 10.451038 | r:  -462.000000 | e:   1.000000 | Q:        nan | won: False 
#  116 | steps:  5706 | steps_t:     0 | t: 10.724305 | r:  -463.000000 | e:   1.000000 | Q:        nan | won: False 
#  117 | steps:  5729 | steps_t:     0 | t: 10.984608 | r:  -438.000000 | e:   1.000000 | Q:        nan | won: False 
#  118 | steps:  5757 | steps_t:     0 | t: 11.202030 | r:  -505.000000 | e:   1.000000 | Q:        nan | won: False 
#  119 | steps:  5823 | steps_t:     0 | t: 11.797438 | r:  -543.000000 | e:   1.000000 | Q:        nan | won: False 
#  120 | steps:  5832 | steps_t:     0 | t: 11.864255 | r:  -497.000000 | e:   1.000000 | Q:        nan | won: False 
#  121 | steps:  5891 | steps_t:     0 | t: 12.327019 | r:  -474.000000 | e:   1.000000 | Q:        nan | won: False 
#  122 | steps:  5962 | steps_t:     0 | t: 12.969299 | r:  -435.000000 | e:   1.000000 | Q:        nan | won: False 
#  123 | steps:  5976 | steps_t:     0 | t: 13.078008 | r:  -429.000000 | e:   1.000000 | Q:        nan | won: False 
#  124 | steps:  6044 | steps_t:     0 | t: 13.605597 | r:  -472.000000 | e:   1.000000 | Q:        nan | won: False 
#  125 | steps:  6054 | steps_t:     0 | t: 13.682390 | r:  -476.000000 | e:   1.000000 | Q:        nan | won: False 
#  126 | steps:  6067 | steps_t:     0 | t: 13.799079 | r:  -490.000000 | e:   1.000000 | Q:        nan | won: False 
#  127 | steps:  6087 | steps_t:     0 | t: 13.968626 | r:  -424.000000 | e:   1.000000 | Q:        nan | won: False 
#  128 | steps:  6176 | steps_t:     0 | t: 14.670749 | r:  -460.000000 | e:   1.000000 | Q:        nan | won: False 
#  129 | steps:  6184 | steps_t:     0 | t: 14.730586 | r:  -496.000000 | e:   1.000000 | Q:        nan | won: False 
#  130 | steps:  6225 | steps_t:     0 | t: 15.095610 | r:  -434.000000 | e:   1.000000 | Q:        nan | won: False 
#  131 | steps:  6254 | steps_t:     0 | t: 15.335966 | r:  -517.000000 | e:   1.000000 | Q:        nan | won: False 
#  132 | steps:  6273 | steps_t:     0 | t: 15.480579 | r:  -507.000000 | e:   1.000000 | Q:        nan | won: False 
#  133 | steps:  6301 | steps_t:     0 | t: 15.701990 | r:  -465.000000 | e:   1.000000 | Q:        nan | won: False 
#  134 | steps:  6343 | steps_t:     0 | t: 16.054048 | r:  -479.000000 | e:   1.000000 | Q:        nan | won: False 
#  135 | steps:  6373 | steps_t:     0 | t: 16.331311 | r:  -456.000000 | e:   1.000000 | Q:        nan | won: False 
#  136 | steps:  6490 | steps_t:     0 | t: 17.288741 | r:  -543.000000 | e:   1.000000 | Q:        nan | won: False 
#  137 | steps:  6554 | steps_t:     0 | t: 17.792394 | r:  -468.000000 | e:   1.000000 | Q:        nan | won: False 
#  138 | steps:  6577 | steps_t:     0 | t: 17.964932 | r:  -511.000000 | e:   1.000000 | Q:        nan | won: False 
#  139 | steps:  6589 | steps_t:     0 | t: 18.059685 | r:  -489.000000 | e:   1.000000 | Q:        nan | won: False 
#  140 | steps:  6625 | steps_t:     0 | t: 18.507486 | r:  -535.000000 | e:   1.000000 | Q:        nan | won: False 
#  141 | steps:  6690 | steps_t:     0 | t: 19.046040 | r:  -542.000000 | e:   1.000000 | Q:        nan | won: False 
#  142 | steps:  6728 | steps_t:     0 | t: 19.361197 | r:  -442.000000 | e:   1.000000 | Q:        nan | won: False 
#  143 | steps:  6796 | steps_t:     0 | t: 19.955605 | r:  -483.000000 | e:   1.000000 | Q:        nan | won: False 
#  144 | steps:  6846 | steps_t:     0 | t: 20.456267 | r:  -527.000000 | e:   1.000000 | Q:        nan | won: False 
#  145 | steps:  6905 | steps_t:     0 | t: 20.940969 | r:  -492.000000 | e:   1.000000 | Q:        nan | won: False 
#  146 | steps:  6953 | steps_t:     0 | t: 21.299025 | r:  -441.000000 | e:   1.000000 | Q:        nan | won: False 
#  147 | steps:  7012 | steps_t:     0 | t: 21.843555 | r:  -503.000000 | e:   1.000000 | Q:        nan | won: False 
#  148 | steps:  7072 | steps_t:     0 | t: 22.299336 | r:  -475.000000 | e:   1.000000 | Q:        nan | won: False 
#  149 | steps:  7113 | steps_t:     0 | t: 22.654386 | r:  -445.000000 | e:   1.000000 | Q:        nan | won: False 
#  150 | steps:  7179 | steps_t:     0 | t: 23.206907 | r:  -510.000000 | e:   1.000000 | Q:        nan | won: False 
#  151 | steps:  7209 | steps_t:     0 | t: 23.444271 | r:  -474.000000 | e:   1.000000 | Q:        nan | won: False 
#  152 | steps:  7225 | steps_t:     0 | t: 23.585893 | r:  -442.000000 | e:   1.000000 | Q:        nan | won: False 
#  153 | steps:  7257 | steps_t:     0 | t: 23.859161 | r:  -458.000000 | e:   1.000000 | Q:        nan | won: False 
#  154 | steps:  7323 | steps_t:     0 | t: 24.466537 | r:   163.000000 | e:   1.000000 | Q:        nan | won: True 
#  155 | steps:  7343 | steps_t:     0 | t: 24.660019 | r:  -508.000000 | e:   1.000000 | Q:        nan | won: False 
#  156 | steps:  7421 | steps_t:     0 | t: 25.356159 | r:  -511.000000 | e:   1.000000 | Q:        nan | won: False 
#  157 | steps:  7435 | steps_t:     0 | t: 25.469852 | r:  -513.000000 | e:   1.000000 | Q:        nan | won: False 
#  158 | steps:  7514 | steps_t:     0 | t: 26.107147 | r:  -494.000000 | e:   1.000000 | Q:        nan | won: False 
#  159 | steps:  7547 | steps_t:     0 | t: 26.399372 | r:  -437.000000 | e:   1.000000 | Q:        nan | won: False 
#  160 | steps:  7569 | steps_t:     0 | t: 26.563926 | r:  -510.000000 | e:   1.000000 | Q:        nan | won: False 
#  161 | steps:  7639 | steps_t:     0 | t: 27.310926 | r:  -485.000000 | e:   1.000000 | Q:        nan | won: False 
#  162 | steps:  7695 | steps_t:     0 | t: 28.292300 | r:  -533.000000 | e:   1.000000 | Q:        nan | won: False 
#  163 | steps:  7822 | steps_t:     0 | t: 29.777328 | r:  -542.000000 | e:   1.000000 | Q:        nan | won: False 
#  164 | steps:  7848 | steps_t:     0 | t: 30.124398 | r:  -474.000000 | e:   1.000000 | Q:        nan | won: False 
#  165 | steps:  7877 | steps_t:     0 | t: 30.589155 | r:  -528.000000 | e:   1.000000 | Q:        nan | won: False 
#  166 | steps:  7887 | steps_t:     0 | t: 30.703848 | r:  -509.000000 | e:   1.000000 | Q:        nan | won: False 
#  167 | steps:  7901 | steps_t:     0 | t: 30.888354 | r:  -502.000000 | e:   1.000000 | Q:        nan | won: False 
#  168 | steps:  7980 | steps_t:     0 | t: 31.870727 | r:  -472.000000 | e:   1.000000 | Q:        nan | won: False 
#  169 | steps:  8018 | steps_t:     0 | t: 32.426239 | r:  -464.000000 | e:   1.000000 | Q:        nan | won: False 
#  170 | steps:  8041 | steps_t:     0 | t: 32.723446 | r:  -449.000000 | e:   1.000000 | Q:        nan | won: False 
#  171 | steps:  8059 | steps_t:     0 | t: 32.873044 | r:  -506.000000 | e:   1.000000 | Q:        nan | won: False 
#  172 | steps:  8126 | steps_t:     0 | t: 33.539262 | r:  -493.000000 | e:   1.000000 | Q:        nan | won: False 
#  173 | steps:  8133 | steps_t:     0 | t: 33.591123 | r:  -506.000000 | e:   1.000000 | Q:        nan | won: False 
#  174 | steps:  8145 | steps_t:     0 | t: 33.678895 | r:  -500.000000 | e:   1.000000 | Q:        nan | won: False 
#  175 | steps:  8181 | steps_t:     0 | t: 33.999032 | r:  -440.000000 | e:   1.000000 | Q:        nan | won: False 
#  176 | steps:  8191 | steps_t:     0 | t: 34.092787 | r:  -509.000000 | e:   1.000000 | Q:        nan | won: False 
#  177 | steps:  8227 | steps_t:     0 | t: 34.505676 | r:  -451.000000 | e:   1.000000 | Q:        nan | won: False 
#  178 | steps:  8274 | steps_t:     0 | t: 34.954474 | r:  -524.000000 | e:   1.000000 | Q:        nan | won: False 
#  179 | steps:  8317 | steps_t:     0 | t: 35.343438 | r:  -458.000000 | e:   1.000000 | Q:        nan | won: False 
#  180 | steps:  8373 | steps_t:     0 | t: 35.809188 | r:  -493.000000 | e:   1.000000 | Q:        nan | won: False 
#  181 | steps:  8400 | steps_t:     0 | t: 36.011651 | r:  -442.000000 | e:   1.000000 | Q:        nan | won: False 
#  182 | steps:  8414 | steps_t:     0 | t: 36.118361 | r:  -480.000000 | e:   1.000000 | Q:        nan | won: False 
#  183 | steps:  8430 | steps_t:     0 | t: 36.240035 | r:  -515.000000 | e:   1.000000 | Q:        nan | won: False 
#  184 | steps:  8442 | steps_t:     0 | t: 36.370687 | r:  -500.000000 | e:   1.000000 | Q:        nan | won: False 
#  185 | steps:  8454 | steps_t:     0 | t: 36.468424 | r:  -500.000000 | e:   1.000000 | Q:        nan | won: False 
#  186 | steps:  8494 | steps_t:     0 | t: 36.807518 | r:  -415.000000 | e:   1.000000 | Q:        nan | won: False 
#  187 | steps:  8505 | steps_t:     0 | t: 36.894286 | r:  -488.000000 | e:   1.000000 | Q:        nan | won: False 
#  188 | steps:  8585 | steps_t:     0 | t: 37.577457 | r:  -506.000000 | e:   1.000000 | Q:        nan | won: False 
#  189 | steps:  8631 | steps_t:     0 | t: 38.296534 | r:  -472.000000 | e:   1.000000 | Q:        nan | won: False 
#  190 | steps:  8658 | steps_t:     0 | t: 38.621663 | r:  -515.000000 | e:   1.000000 | Q:        nan | won: False 
#  191 | steps:  8707 | steps_t:     0 | t: 39.138282 | r:  -515.000000 | e:   1.000000 | Q:        nan | won: False 
#  192 | steps:  8728 | steps_t:     0 | t: 39.312814 | r:  -498.000000 | e:   1.000000 | Q:        nan | won: False 
#  193 | steps:  8817 | steps_t:     0 | t: 40.169522 | r:  -511.000000 | e:   1.000000 | Q:        nan | won: False 
#  194 | steps:  8892 | steps_t:     0 | t: 40.808814 | r:  -479.000000 | e:   1.000000 | Q:        nan | won: False 
#  195 | steps:  8906 | steps_t:     0 | t: 40.955419 | r:  -502.000000 | e:   1.000000 | Q:        nan | won: False 
#  196 | steps:  8935 | steps_t:     0 | t: 41.210737 | r:  -466.000000 | e:   1.000000 | Q:        nan | won: False 
#  197 | steps:  8940 | steps_t:     0 | t: 41.250629 | r:  -504.000000 | e:   1.000000 | Q:        nan | won: False 
#  198 | steps:  8957 | steps_t:     0 | t: 41.392250 | r:  -505.000000 | e:   1.000000 | Q:        nan | won: False 
#  199 | steps:  9016 | steps_t:     0 | t: 41.894905 | r:  -485.000000 | e:   1.000000 | Q:        nan | won: False 
#  200 | steps:  9059 | steps_t:     0 | t: 42.305806 | r:  -436.000000 | e:   1.000000 | Q:        nan | won: False 
#  201 | steps:  9084 | steps_t:     0 | t: 42.535193 | r:  -502.000000 | e:   1.000000 | Q:        nan | won: False 
#  202 | steps:  9148 | steps_t:     0 | t: 43.080733 | r:  -490.000000 | e:   1.000000 | Q:        nan | won: False 
#  203 | steps:  9232 | steps_t:     0 | t: 43.846682 | r:  -561.000000 | e:   1.000000 | Q:        nan | won: False 
#  204 | steps:  9269 | steps_t:     0 | t: 44.157852 | r:  -503.000000 | e:   1.000000 | Q:        nan | won: False 
#  205 | steps:  9337 | steps_t:     0 | t: 44.726330 | r:  -450.000000 | e:   1.000000 | Q:        nan | won: False 
#  206 | steps:  9351 | steps_t:     0 | t: 44.827060 | r:  -480.000000 | e:   1.000000 | Q:        nan | won: False 
#  207 | steps:  9429 | steps_t:     0 | t: 45.481323 | r:  -504.000000 | e:   1.000000 | Q:        nan | won: False 
#  208 | steps:  9453 | steps_t:     0 | t: 45.675790 | r:  -450.000000 | e:   1.000000 | Q:        nan | won: False 
#  209 | steps:  9502 | steps_t:     0 | t: 46.033831 | r:  -475.000000 | e:   1.000000 | Q:        nan | won: False 
#  210 | steps:  9517 | steps_t:     0 | t: 46.144536 | r:  -503.000000 | e:   1.000000 | Q:        nan | won: False 
#  211 | steps:  9571 | steps_t:     0 | t: 46.624251 | r:  -458.000000 | e:   1.000000 | Q:        nan | won: False 
#  212 | steps:  9607 | steps_t:     0 | t: 46.901510 | r:  -513.000000 | e:   1.000000 | Q:        nan | won: False 
#  213 | steps:  9652 | steps_t:     0 | t: 47.244592 | r:  -533.000000 | e:   1.000000 | Q:        nan | won: False 
#  214 | steps:  9728 | steps_t:     0 | t: 47.933748 | r:   153.000000 | e:   1.000000 | Q:        nan | won: True 
#  215 | steps:  9740 | steps_t:     0 | t: 48.026500 | r:  -511.000000 | e:   1.000000 | Q:        nan | won: False 
#  216 | steps:  9777 | steps_t:     0 | t: 48.300766 | r:  -441.000000 | e:   1.000000 | Q:        nan | won: False 
#  217 | steps:  9827 | steps_t:     0 | t: 48.971971 | r:  -454.000000 | e:   1.000000 | Q:        nan | won: False 
#  218 | steps:  9883 | steps_t:     0 | t: 49.719969 | r:  -460.000000 | e:   1.000000 | Q:        nan | won: False 
#  219 | steps:  9896 | steps_t:     0 | t: 49.871563 | r:  -490.000000 | e:   1.000000 | Q:        nan | won: False 
#  220 | steps:  9933 | steps_t:     0 | t: 50.261520 | r:  -514.000000 | e:   1.000000 | Q:        nan | won: False 
#  221 | steps:  9942 | steps_t:     0 | t: 50.355268 | r:  -508.000000 | e:   1.000000 | Q:        nan | won: False 
#  222 | steps:  9958 | steps_t:     0 | t: 50.511851 | r:  -515.000000 | e:   1.000000 | Q:        nan | won: False 
#  223 | steps:  9976 | steps_t:     0 | t: 50.646490 | r:  -444.000000 | e:   1.000000 | Q:        nan | won: False 
#  224 | steps:  9983 | steps_t:     0 | t: 50.698351 | r:  -506.000000 | e:   1.000000 | Q:        nan | won: False 
#  225 | steps: 10067 | steps_t:     0 | t: 51.521149 | r:  -510.000000 | e:   1.000000 | Q:        nan | won: False 
#  226 | steps: 10094 | steps_t:     0 | t: 51.744551 | r:  -431.000000 | e:   1.000000 | Q:        nan | won: False 
#  227 | steps: 10111 | steps_t:     0 | t: 51.879192 | r:  -505.000000 | e:   1.000000 | Q:        nan | won: False 
#  228 | steps: 10165 | steps_t:     0 | t: 52.483575 | r:  -458.000000 | e:   1.000000 | Q:        nan | won: False 
#  229 | steps: 10220 | steps_t:     0 | t: 52.916417 | r:  -488.000000 | e:   1.000000 | Q:        nan | won: False 
#  230 | steps: 10239 | steps_t:     0 | t: 53.065025 | r:  -507.000000 | e:   1.000000 | Q:        nan | won: False 
#  231 | steps: 10257 | steps_t:     0 | t: 53.264485 | r:  -455.000000 | e:   1.000000 | Q:        nan | won: False 
#  232 | steps: 10266 | steps_t:     0 | t: 53.332303 | r:  -508.000000 | e:   1.000000 | Q:        nan | won: False 
#  233 | steps: 10295 | steps_t:     0 | t: 53.580647 | r:  -444.000000 | e:   1.000000 | Q:        nan | won: False 
#  234 | steps: 10374 | steps_t:     0 | t: 54.321657 | r:  -472.000000 | e:   1.000000 | Q:        nan | won: False 
#  235 | steps: 10437 | steps_t:     0 | t: 54.935017 | r:  -496.000000 | e:   1.000000 | Q:        nan | won: False 
#  236 | steps: 10488 | steps_t:     0 | t: 55.450647 | r:  -488.000000 | e:   1.000000 | Q:        nan | won: False 
#  237 | steps: 10531 | steps_t:     0 | t: 55.861536 | r:  -531.000000 | e:   1.000000 | Q:        nan | won: False 
#  238 | steps: 10577 | steps_t:     0 | t: 56.293381 | r:  -472.000000 | e:   1.000000 | Q:        nan | won: False 
#  239 | steps: 10645 | steps_t:     0 | t: 56.962590 | r:  -472.000000 | e:   1.000000 | Q:        nan | won: False 
#  240 | steps: 10669 | steps_t:     0 | t: 57.147096 | r:  -512.000000 | e:   1.000000 | Q:        nan | won: False 
#  241 | steps: 10709 | steps_t:     0 | t: 57.477227 | r:  -444.000000 | e:   1.000000 | Q:        nan | won: False 
#  242 | steps: 10717 | steps_t:     0 | t: 57.654739 | r:  -507.000000 | e:   1.000000 | Q:        nan | won: False 
#  243 | steps: 10803 | steps_t:     0 | t: 58.457591 | r:  -479.000000 | e:   1.000000 | Q:        nan | won: False 
#  244 | steps: 10856 | steps_t:     0 | t: 59.152730 | r:  -446.000000 | e:   1.000000 | Q:        nan | won: False 
#  245 | steps: 10895 | steps_t:     0 | t: 59.758111 | r:  -454.000000 | e:   1.000000 | Q:        nan | won: False 
#  246 | steps: 10963 | steps_t:     0 | t: 61.034695 | r:  -545.000000 | e:   1.000000 | Q:        nan | won: False 
#  247 | steps: 11022 | steps_t:     0 | t: 61.641072 | r:  -452.000000 | e:   1.000000 | Q:        nan | won: False 
#  248 | steps: 11067 | steps_t:     0 | t: 62.042000 | r:  -438.000000 | e:   1.000000 | Q:        nan | won: False 
#  249 | steps: 11115 | steps_t:     0 | t: 62.490800 | r:  -474.000000 | e:   1.000000 | Q:        nan | won: False 
#  250 | steps: 11190 | steps_t:     0 | t: 63.186937 | r:  -563.000000 | e:   1.000000 | Q:        nan | won: False 
#  251 | steps: 11256 | steps_t:     0 | t: 63.783344 | r:  -448.000000 | e:   1.000000 | Q:        nan | won: False 
#  252 | steps: 11277 | steps_t:     0 | t: 63.939927 | r:  -520.000000 | e:   1.000000 | Q:        nan | won: False 
#  253 | steps: 11357 | steps_t:     0 | t: 64.654011 | r:  -502.000000 | e:   1.000000 | Q:        nan | won: False 
#  254 | steps: 11368 | steps_t:     0 | t: 64.742775 | r:  -510.000000 | e:   1.000000 | Q:        nan | won: False 
#  255 | steps: 11407 | steps_t:     0 | t: 65.067904 | r:  -454.000000 | e:   1.000000 | Q:        nan | won: False 
#  256 | steps: 11445 | steps_t:     0 | t: 65.391042 | r:  -515.000000 | e:   1.000000 | Q:        nan | won: False 
#  257 | steps: 11481 | steps_t:     0 | t: 65.707193 | r:  -451.000000 | e:   1.000000 | Q:        nan | won: False 
#  258 | steps: 11513 | steps_t:     0 | t: 65.947550 | r:  -436.000000 | e:   1.000000 | Q:        nan | won: False 
#  259 | steps: 11547 | steps_t:     0 | t: 66.204862 | r:  -460.000000 | e:   1.000000 | Q:        nan | won: False 
#  260 | steps: 11563 | steps_t:     0 | t: 66.328531 | r:  -515.000000 | e:   1.000000 | Q:        nan | won: False 
#  261 | steps: 11659 | steps_t:     0 | t: 67.483443 | r:   133.000000 | e:   1.000000 | Q:        nan | won: True 
#  262 | steps: 11699 | steps_t:     0 | t: 67.911295 | r:  -433.000000 | e:   1.000000 | Q:        nan | won: False 
#  263 | steps: 11727 | steps_t:     0 | t: 68.187562 | r:  -454.000000 | e:   1.000000 | Q:        nan | won: False 
#  264 | steps: 11740 | steps_t:     0 | t: 68.286295 | r:  -501.000000 | e:   1.000000 | Q:        nan | won: False 
#  265 | steps: 11809 | steps_t:     0 | t: 69.031301 | r:  -546.000000 | e:   1.000000 | Q:        nan | won: False 
#  266 | steps: 11898 | steps_t:     0 | t: 69.875050 | r:  -555.000000 | e:   1.000000 | Q:        nan | won: False 
#  267 | steps: 11945 | steps_t:     0 | t: 70.422580 | r:  -473.000000 | e:   1.000000 | Q:        nan | won: False 
#  268 | steps: 11972 | steps_t:     0 | t: 70.840461 | r:  -515.000000 | e:   1.000000 | Q:        nan | won: False 
#  269 | steps: 11982 | steps_t:     0 | t: 70.986071 | r:  -498.000000 | e:   1.000000 | Q:        nan | won: False 
#  270 | steps: 11993 | steps_t:     0 | t: 71.179552 | r:  -499.000000 | e:   1.000000 | Q:        nan | won: False 
#  271 | steps: 12015 | steps_t:     0 | t: 71.442848 | r:  -459.000000 | e:   1.000000 | Q:        nan | won: False 
#  272 | steps: 12092 | steps_t:     0 | t: 72.106073 | r:  -481.000000 | e:   1.000000 | Q:        nan | won: False 
#  273 | steps: 12181 | steps_t:     0 | t: 72.961783 | r:  -544.000000 | e:   1.000000 | Q:        nan | won: False 
#  274 | steps: 12214 | steps_t:     0 | t: 73.297885 | r:  -459.000000 | e:   1.000000 | Q:        nan | won: False 
#  275 | steps: 12272 | steps_t:     0 | t: 73.832454 | r:  -502.000000 | e:   1.000000 | Q:        nan | won: False 
#  276 | steps: 12297 | steps_t:     0 | t: 74.031922 | r:  -502.000000 | e:   1.000000 | Q:        nan | won: False 
#  277 | steps: 12323 | steps_t:     0 | t: 74.261307 | r:  -514.000000 | e:   1.000000 | Q:        nan | won: False 
#  278 | steps: 12357 | steps_t:     0 | t: 74.580459 | r:   144.000000 | e:   1.000000 | Q:        nan | won: True 
#  279 | steps: 12371 | steps_t:     0 | t: 74.688163 | r:  -502.000000 | e:   1.000000 | Q:        nan | won: False 
#  280 | steps: 12414 | steps_t:     0 | t: 75.036232 | r:  -469.000000 | e:   1.000000 | Q:        nan | won: False 
#  281 | steps: 12448 | steps_t:     0 | t: 75.352387 | r:  -449.000000 | e:   1.000000 | Q:        nan | won: False 
#  282 | steps: 12508 | steps_t:     0 | t: 75.899922 | r:  -526.000000 | e:   1.000000 | Q:        nan | won: False 
#  283 | steps: 12547 | steps_t:     0 | t: 76.214085 | r:  -443.000000 | e:   1.000000 | Q:        nan | won: False 
#  284 | steps: 12576 | steps_t:     0 | t: 76.453440 | r:  -444.000000 | e:   1.000000 | Q:        nan | won: False 
#  285 | steps: 12599 | steps_t:     0 | t: 76.636953 | r:  -511.000000 | e:   1.000000 | Q:        nan | won: False 
#  286 | steps: 12646 | steps_t:     0 | t: 77.051840 | r:  -473.000000 | e:   1.000000 | Q:        nan | won: False 
#  287 | steps: 12688 | steps_t:     0 | t: 77.412874 | r:  -424.000000 | e:   1.000000 | Q:        nan | won: False 
#  288 | steps: 12710 | steps_t:     0 | t: 77.586409 | r:  -510.000000 | e:   1.000000 | Q:        nan | won: False 
#  289 | steps: 12758 | steps_t:     0 | t: 78.022243 | r:  -525.000000 | e:   1.000000 | Q:        nan | won: False 
#  290 | steps: 12788 | steps_t:     0 | t: 78.261606 | r:  -434.000000 | e:   1.000000 | Q:        nan | won: False 
#  291 | steps: 12846 | steps_t:     0 | t: 78.785202 | r:  -473.000000 | e:   1.000000 | Q:        nan | won: False 
#  292 | steps: 12858 | steps_t:     0 | t: 78.883939 | r:  -511.000000 | e:   1.000000 | Q:        nan | won: False 
#  293 | steps: 12864 | steps_t:     0 | t: 78.952754 | r:  -505.000000 | e:   1.000000 | Q:        nan | won: False 
#  294 | steps: 12899 | steps_t:     0 | t: 79.291847 | r:  -439.000000 | e:   1.000000 | Q:        nan | won: False 
#  295 | steps: 12986 | steps_t:     0 | t: 80.054806 | r:  -502.000000 | e:   1.000000 | Q:        nan | won: False 
#  296 | steps: 12995 | steps_t:     0 | t: 80.168500 | r:  -497.000000 | e:   1.000000 | Q:        nan | won: False 
#  297 | steps: 13078 | steps_t:     0 | t: 80.926473 | r:  -509.000000 | e:   1.000000 | Q:        nan | won: False 
#  298 | steps: 13095 | steps_t:     0 | t: 81.060118 | r:  -516.000000 | e:   1.000000 | Q:        nan | won: False 
#  299 | steps: 13104 | steps_t:     0 | t: 81.128932 | r:  -497.000000 | e:   1.000000 | Q:        nan | won: False 
#  300 | steps: 13137 | steps_t:     0 | t: 81.444088 | r:  -448.000000 | e:   1.000000 | Q:        nan | won: False 
#  301 | steps: 13202 | steps_t:     0 | t: 82.009574 | r:  -480.000000 | e:   1.000000 | Q:        nan | won: False 
#  302 | steps: 13219 | steps_t:     0 | t: 82.144214 | r:  -516.000000 | e:   1.000000 | Q:        nan | won: False 
#  303 | steps: 13281 | steps_t:     0 | t: 83.132570 | r:  -488.000000 | e:   1.000000 | Q:        nan | won: False 
#  304 | steps: 13329 | steps_t:     0 | t: 83.816740 | r:  -492.000000 | e:   1.000000 | Q:        nan | won: False 
#  305 | steps: 13414 | steps_t:     0 | t: 86.343978 | r:  -529.000000 | e:   1.000000 | Q:        nan | won: False 
#  306 | steps: 13463 | steps_t:     0 | t: 87.150819 | r:  -515.000000 | e:   1.000000 | Q:        nan | won: False 
#  307 | steps: 13493 | steps_t:     0 | t: 87.634524 | r:  -445.000000 | e:   1.000000 | Q:        nan | won: False 
#  308 | steps: 13551 | steps_t:     0 | t: 88.310715 | r:  -546.000000 | e:   1.000000 | Q:        nan | won: False 
#  309 | steps: 13590 | steps_t:     0 | t: 88.690698 | r:  -454.000000 | e:   1.000000 | Q:        nan | won: False 
#  310 | steps: 13612 | steps_t:     0 | t: 88.888171 | r:  -510.000000 | e:   1.000000 | Q:        nan | won: False 
#  311 | steps: 13658 | steps_t:     0 | t: 89.308047 | r:   132.000000 | e:   1.000000 | Q:        nan | won: True 
#  312 | steps: 13704 | steps_t:     0 | t: 89.824665 | r:  -428.000000 | e:   1.000000 | Q:        nan | won: False 
#  313 | steps: 13727 | steps_t:     0 | t: 89.996205 | r:  -460.000000 | e:   1.000000 | Q:        nan | won: False 
#  314 | steps: 13770 | steps_t:     0 | t: 90.389154 | r:  -429.000000 | e:   1.000000 | Q:        nan | won: False 
#  315 | steps: 13801 | steps_t:     0 | t: 90.667410 | r:  -446.000000 | e:   1.000000 | Q:        nan | won: False 
#  316 | steps: 13888 | steps_t:     0 | t: 91.391474 | r:  -469.000000 | e:   1.000000 | Q:        nan | won: False 
#  317 | steps: 13949 | steps_t:     0 | t: 91.928037 | r:  -505.000000 | e:   1.000000 | Q:        nan | won: False 
#  318 | steps: 14001 | steps_t:     0 | t: 92.566329 | r:  -434.000000 | e:   1.000000 | Q:        nan | won: False 
#  319 | steps: 14111 | steps_t:     0 | t: 94.243842 | r:  -587.000000 | e:   1.000000 | Q:        nan | won: False 
#  320 | steps: 14145 | steps_t:     0 | t: 94.565979 | r:  -438.000000 | e:   1.000000 | Q:        nan | won: False 
#  321 | steps: 14180 | steps_t:     0 | t: 94.935988 | r:  -468.000000 | e:   1.000000 | Q:        nan | won: False 
#  322 | steps: 14206 | steps_t:     0 | t: 95.200282 | r:  -441.000000 | e:   1.000000 | Q:        nan | won: False 
#  323 | steps: 14250 | steps_t:     0 | t: 95.783721 | r:  -521.000000 | e:   1.000000 | Q:        nan | won: False 
#  324 | steps: 14268 | steps_t:     0 | t: 96.061977 | r:  -495.000000 | e:   1.000000 | Q:        nan | won: False 
#  325 | steps: 14304 | steps_t:     0 | t: 96.609513 | r:  -451.000000 | e:   1.000000 | Q:        nan | won: False 
#  326 | steps: 14326 | steps_t:     0 | t: 96.916694 | r:  -459.000000 | e:   1.000000 | Q:        nan | won: False 
#  327 | steps: 14354 | steps_t:     0 | t: 97.655713 | r:  -516.000000 | e:   1.000000 | Q:        nan | won: False 
#  328 | steps: 14431 | steps_t:     0 | t: 98.884426 | r:  -481.000000 | e:   1.000000 | Q:        nan | won: False 
#  329 | steps: 14507 | steps_t:     0 | t: 99.627436 | r:  -502.000000 | e:   1.000000 | Q:        nan | won: False 
#  330 | steps: 14518 | steps_t:     0 | t: 99.724178 | r:  -510.000000 | e:   1.000000 | Q:        nan | won: False 
#  331 | steps: 14561 | steps_t:     0 | t: 100.147046 | r:  -436.000000 | e:   1.000000 | Q:        nan | won: False 
#  332 | steps: 14572 | steps_t:     0 | t: 100.228828 | r:  -499.000000 | e:   1.000000 | Q:        nan | won: False 
#  333 | steps: 14588 | steps_t:     0 | t: 100.407350 | r:  -515.000000 | e:   1.000000 | Q:        nan | won: False 
#  334 | steps: 14599 | steps_t:     0 | t: 100.549976 | r:  -510.000000 | e:   1.000000 | Q:        nan | won: False 
#  335 | steps: 14645 | steps_t:     0 | t: 100.960870 | r:  -450.000000 | e:   1.000000 | Q:        nan | won: False 
#  336 | steps: 14686 | steps_t:     0 | t: 101.287994 | r:  -445.000000 | e:   1.000000 | Q:        nan | won: False 
#  337 | steps: 14707 | steps_t:     0 | t: 101.453550 | r:  -436.000000 | e:   1.000000 | Q:        nan | won: False 
#  338 | steps: 14737 | steps_t:     0 | t: 101.771699 | r:  -394.000000 | e:   1.000000 | Q:        nan | won: False 
#  339 | steps: 14747 | steps_t:     0 | t: 101.856472 | r:  -498.000000 | e:   1.000000 | Q:        nan | won: False 
#  340 | steps: 14763 | steps_t:     0 | t: 101.986129 | r:  -391.000000 | e:   1.000000 | Q:        nan | won: False 
#  341 | steps: 14771 | steps_t:     0 | t: 102.045966 | r:  -507.000000 | e:   1.000000 | Q:        nan | won: False 
#  342 | steps: 14864 | steps_t:     0 | t: 102.860785 | r:  -519.000000 | e:   1.000000 | Q:        nan | won: False 
#  343 | steps: 14934 | steps_t:     0 | t: 103.437243 | r:  -492.000000 | e:   1.000000 | Q:        nan | won: False 
#  344 | steps: 14995 | steps_t:     0 | t: 103.984777 | r:  -465.000000 | e:   1.000000 | Q:        nan | won: False 
#  345 | steps: 15056 | steps_t:     0 | t: 104.457513 | r:  -476.000000 | e:   1.000000 | Q:        nan | won: False 
#  346 | steps: 15084 | steps_t:     0 | t: 104.663962 | r:  -472.000000 | e:   1.000000 | Q:        nan | won: False 
#  347 | steps: 15135 | steps_t:     0 | t: 105.166618 | r:  -477.000000 | e:   1.000000 | Q:        nan | won: False 
#  348 | steps: 15156 | steps_t:     0 | t: 105.330179 | r:  -509.000000 | e:   1.000000 | Q:        nan | won: False 
#  349 | steps: 15180 | steps_t:     0 | t: 105.523661 | r:  -461.000000 | e:   1.000000 | Q:        nan | won: False 
#  350 | steps: 15276 | steps_t:     0 | t: 106.343467 | r:  -511.000000 | e:   1.000000 | Q:        nan | won: False 
#  351 | steps: 15418 | steps_t:     0 | t: 107.778630 | r:  -524.000000 | e:   1.000000 | Q:        nan | won: False 
#  352 | steps: 15432 | steps_t:     0 | t: 107.966126 | r:  -502.000000 | e:   1.000000 | Q:        nan | won: False 
#  353 | steps: 15513 | steps_t:     0 | t: 108.905613 | r:  -536.000000 | e:   1.000000 | Q:        nan | won: False 
#  354 | steps: 15581 | steps_t:     0 | t: 110.256997 | r:  -472.000000 | e:   1.000000 | Q:        nan | won: False 
#  355 | steps: 15589 | steps_t:     0 | t: 110.474415 | r:  -496.000000 | e:   1.000000 | Q:        nan | won: False 
