#    1 | steps:    63 | steps_t:     0 | t: 0.082777 | r:  -434.000000 | e:   1.000000 | Q:        nan | won: False 
#    2 | steps:   118 | steps_t:     0 | t: 0.132644 | r:  -510.000000 | e:   1.000000 | Q:        nan | won: False 
#    3 | steps:   252 | steps_t:     0 | t: 0.229386 | r:  -538.000000 | e:   1.000000 | Q:        nan | won: False 
#    4 | steps:   264 | steps_t:     0 | t: 0.241353 | r:  -511.000000 | e:   1.000000 | Q:        nan | won: False 
#    5 | steps:   280 | steps_t:     0 | t: 0.255315 | r:  -504.000000 | e:   1.000000 | Q:        nan | won: False 
#    6 | steps:   311 | steps_t:     0 | t: 0.279251 | r:  -457.000000 | e:   1.000000 | Q:        nan | won: False 
#    7 | steps:   345 | steps_t:     0 | t: 0.310168 | r:  -471.000000 | e:   1.000000 | Q:        nan | won: False 
#    8 | steps:   381 | steps_t:     0 | t: 0.341085 | r:  -491.000000 | e:   1.000000 | Q:        nan | won: False 
#    9 | steps:   449 | steps_t:     0 | t: 0.386001 | r:  -494.000000 | e:   1.000000 | Q:        nan | won: False 
#   10 | steps:   470 | steps_t:     0 | t: 0.403919 | r:  -458.000000 | e:   1.000000 | Q:        nan | won: False 
#   11 | steps:   493 | steps_t:     0 | t: 0.450795 | r:  -460.000000 | e:   1.000000 | Q:        nan | won: False 
#   12 | steps:   511 | steps_t:     0 | t: 0.484703 | r:  -466.000000 | e:   1.000000 | Q:        nan | won: False 
#   13 | steps:   570 | steps_t:     0 | t: 0.560499 | r:  -452.000000 | e:   1.000000 | Q:        nan | won: False 
#   14 | steps:   616 | steps_t:     0 | t: 0.617349 | r:  -461.000000 | e:   1.000000 | Q:        nan | won: False 
#   15 | steps:   686 | steps_t:     0 | t: 0.692146 | r:  -474.000000 | e:   1.000000 | Q:        nan | won: False 
#   16 | steps:   701 | steps_t:     0 | t: 0.707106 | r:  -503.000000 | e:   1.000000 | Q:        nan | won: False 
#   17 | steps:   743 | steps_t:     0 | t: 0.737026 | r:  -413.000000 | e:   1.000000 | Q:        nan | won: False 
#   18 | steps:   773 | steps_t:     0 | t: 0.760999 | r:  -445.000000 | e:   1.000000 | Q:        nan | won: False 
#   19 | steps:   807 | steps_t:     0 | t: 0.788927 | r:  -409.000000 | e:   1.000000 | Q:        nan | won: False 
#   20 | steps:   847 | steps_t:     0 | t: 0.822801 | r:  -466.000000 | e:   1.000000 | Q:        nan | won: False 
#   21 | steps:   870 | steps_t:     0 | t: 0.845739 | r:  -471.000000 | e:   1.000000 | Q:        nan | won: False 
#   22 | steps:   890 | steps_t:     0 | t: 0.872663 | r:  -457.000000 | e:   1.000000 | Q:        nan | won: False 
#   23 | steps:   912 | steps_t:     0 | t: 0.900591 | r:  -510.000000 | e:   1.000000 | Q:        nan | won: False 
#   24 | steps:   996 | steps_t:     0 | t: 0.957436 | r:  -550.000000 | e:   1.000000 | Q:        nan | won: False 
#   25 | steps:  1069 | steps_t:     0 | t: 1.009334 | r:   156.000000 | e:   1.000000 | Q:        nan | won: True 
#   26 | steps:  1106 | steps_t:     0 | t: 1.039217 | r:  -452.000000 | e:   1.000000 | Q:        nan | won: False 
#   27 | steps:  1168 | steps_t:     0 | t: 1.085132 | r:  -539.000000 | e:   1.000000 | Q:        nan | won: False 
#   28 | steps:  1194 | steps_t:     0 | t: 1.106078 | r:  -452.000000 | e:   1.000000 | Q:        nan | won: False 
#   29 | steps:  1215 | steps_t:     0 | t: 1.123992 | r:  -476.000000 | e:   1.000000 | Q:        nan | won: False 
#   30 | steps:  1279 | steps_t:     0 | t: 1.172897 | r:  -446.000000 | e:   1.000000 | Q:        nan | won: False 
#   31 | steps:  1334 | steps_t:     0 | t: 1.212753 | r:  -499.000000 | e:   1.000000 | Q:        nan | won: False 
#   32 | steps:  1345 | steps_t:     0 | t: 1.226718 | r:  -510.000000 | e:   1.000000 | Q:        nan | won: False 
#   33 | steps:  1428 | steps_t:     0 | t: 1.287555 | r:  -498.000000 | e:   1.000000 | Q:        nan | won: False 
#   34 | steps:  1510 | steps_t:     0 | t: 1.345441 | r:  -515.000000 | e:   1.000000 | Q:        nan | won: False 
#   35 | steps:  1543 | steps_t:     0 | t: 1.370331 | r:  -470.000000 | e:   1.000000 | Q:        nan | won: False 
#   36 | steps:  1553 | steps_t:     0 | t: 1.454142 | r:  -509.000000 | e:   1.000000 | Q:        nan | won: False 
#   37 | steps:  1581 | steps_t:     0 | t: 1.477087 | r:  -454.000000 | e:   1.000000 | Q:        nan | won: False 
#   38 | steps:  1614 | steps_t:     0 | t: 1.506005 | r:  -437.000000 | e:   1.000000 | Q:        nan | won: False 
#   39 | steps:  1642 | steps_t:     0 | t: 1.529905 | r:  -443.000000 | e:   1.000000 | Q:        nan | won: False 
#   40 | steps:  1652 | steps_t:     0 | t: 1.540875 | r:  -487.000000 | e:   1.000000 | Q:        nan | won: False 
#   41 | steps:  1738 | steps_t:     0 | t: 1.620693 | r:  -530.000000 | e:   1.000000 | Q:        nan | won: False 
#   42 | steps:  1750 | steps_t:     0 | t: 1.633627 | r:  -511.000000 | e:   1.000000 | Q:        nan | won: False 
#   43 | steps:  1801 | steps_t:     0 | t: 1.675552 | r:  -466.000000 | e:   1.000000 | Q:        nan | won: False 
#   44 | steps:  1821 | steps_t:     0 | t: 1.696498 | r:  -486.000000 | e:   1.000000 | Q:        nan | won: False 
#   45 | steps:  1833 | steps_t:     0 | t: 1.711457 | r:  -511.000000 | e:   1.000000 | Q:        nan | won: False 
#   46 | steps:  1916 | steps_t:     0 | t: 1.775285 | r:  -487.000000 | e:   1.000000 | Q:        nan | won: False 
#   47 | steps:  1929 | steps_t:     0 | t: 1.789245 | r:  -512.000000 | e:   1.000000 | Q:        nan | won: False 
#   48 | steps:  1939 | steps_t:     0 | t: 1.800181 | r:  -509.000000 | e:   1.000000 | Q:        nan | won: False 
#   49 | steps:  2018 | steps_t:     0 | t: 1.853042 | r:  -556.000000 | e:   1.000000 | Q:        nan | won: False 
#   50 | steps:  2064 | steps_t:     0 | t: 1.887985 | r:  -483.000000 | e:   1.000000 | Q:        nan | won: False 
#   51 | steps:  2132 | steps_t:     0 | t: 1.950893 | r:  -534.000000 | e:   1.000000 | Q:        nan | won: False 
#   52 | steps:  2153 | steps_t:     0 | t: 1.975715 | r:  -447.000000 | e:   1.000000 | Q:        nan | won: False 
#   53 | steps:  2237 | steps_t:     0 | t: 2.041581 | r:  -561.000000 | e:   1.000000 | Q:        nan | won: False 
#   54 | steps:  2295 | steps_t:     0 | t: 2.081468 | r:  -473.000000 | e:   1.000000 | Q:        nan | won: False 
#   55 | steps:  2404 | steps_t:     0 | t: 2.181166 | r:  -575.000000 | e:   1.000000 | Q:        nan | won: False 
#   56 | steps:  2451 | steps_t:     0 | t: 2.224050 | r:  -451.000000 | e:   1.000000 | Q:        nan | won: False 
#   57 | steps:  2491 | steps_t:     0 | t: 2.254964 | r:  -444.000000 | e:   1.000000 | Q:        nan | won: False 
#   58 | steps:  2504 | steps_t:     0 | t: 2.268930 | r:  -512.000000 | e:   1.000000 | Q:        nan | won: False 
#   59 | steps:  2544 | steps_t:     0 | t: 2.298888 | r:  -466.000000 | e:   1.000000 | Q:        nan | won: False 
#   60 | steps:  2584 | steps_t:     0 | t: 2.326773 | r:  -433.000000 | e:   1.000000 | Q:        nan | won: False 
#   61 | steps:  2649 | steps_t:     0 | t: 2.384620 | r:  -458.000000 | e:   1.000000 | Q:        nan | won: False 
#   62 | steps:  2732 | steps_t:     0 | t: 2.594058 | r:  -454.000000 | e:   1.000000 | Q:        nan | won: False 
#   63 | steps:  2770 | steps_t:     0 | t: 2.628965 | r:  -453.000000 | e:   1.000000 | Q:        nan | won: False 
#   64 | steps:  2780 | steps_t:     0 | t: 2.643927 | r:  -509.000000 | e:   1.000000 | Q:        nan | won: False 
#   65 | steps:  2833 | steps_t:     0 | t: 2.689803 | r:  -486.000000 | e:   1.000000 | Q:        nan | won: False 
#   66 | steps:  2913 | steps_t:     0 | t: 2.742660 | r:  -557.000000 | e:   1.000000 | Q:        nan | won: False 
#   67 | steps:  2922 | steps_t:     0 | t: 2.753630 | r:  -508.000000 | e:   1.000000 | Q:        nan | won: False 
#   68 | steps:  2973 | steps_t:     0 | t: 2.789576 | r:  -495.000000 | e:   1.000000 | Q:        nan | won: False 
#   69 | steps:  3003 | steps_t:     0 | t: 2.815464 | r:  -474.000000 | e:   1.000000 | Q:        nan | won: False 
#   70 | steps:  3065 | steps_t:     0 | t: 2.863375 | r:  -488.000000 | e:   1.000000 | Q:        nan | won: False 
#   71 | steps:  3076 | steps_t:     0 | t: 2.877339 | r:  -488.000000 | e:   1.000000 | Q:        nan | won: False 
#   72 | steps:  3095 | steps_t:     0 | t: 2.895290 | r:  -463.000000 | e:   1.000000 | Q:        nan | won: False 
#   73 | steps:  3117 | steps_t:     0 | t: 2.915198 | r:  -499.000000 | e:   1.000000 | Q:        nan | won: False 
#   74 | steps:  3130 | steps_t:     0 | t: 2.930192 | r:  -501.000000 | e:   1.000000 | Q:        nan | won: False 
#   75 | steps:  3164 | steps_t:     0 | t: 2.956134 | r:  -500.000000 | e:   1.000000 | Q:        nan | won: False 
#   76 | steps:  3172 | steps_t:     0 | t: 2.967060 | r:  -496.000000 | e:   1.000000 | Q:        nan | won: False 
#   77 | steps:  3250 | steps_t:     0 | t: 3.055825 | r:  -449.000000 | e:   1.000000 | Q:        nan | won: False 
#   78 | steps:  3262 | steps_t:     0 | t: 3.074803 | r:  -500.000000 | e:   1.000000 | Q:        nan | won: False 
#   79 | steps:  3302 | steps_t:     0 | t: 3.127629 | r:  -466.000000 | e:   1.000000 | Q:        nan | won: False 
#   80 | steps:  3333 | steps_t:     0 | t: 3.152565 | r:  -479.000000 | e:   1.000000 | Q:        nan | won: False 
#   81 | steps:  3348 | steps_t:     0 | t: 3.167524 | r:  -492.000000 | e:   1.000000 | Q:        nan | won: False 
#   82 | steps:  3371 | steps_t:     0 | t: 3.188509 | r:  -427.000000 | e:   1.000000 | Q:        nan | won: False 
#   83 | steps:  3384 | steps_t:     0 | t: 3.201466 | r:  -490.000000 | e:   1.000000 | Q:        nan | won: False 
#   84 | steps:  3440 | steps_t:     0 | t: 3.245361 | r:  -544.000000 | e:   1.000000 | Q:        nan | won: False 
#   85 | steps:  3504 | steps_t:     0 | t: 3.297178 | r:  -435.000000 | e:   1.000000 | Q:        nan | won: False 
#   86 | steps:  3517 | steps_t:     0 | t: 3.312136 | r:  -512.000000 | e:   1.000000 | Q:        nan | won: False 
#   87 | steps:  3582 | steps_t:     0 | t: 3.363999 | r:  -447.000000 | e:   1.000000 | Q:        nan | won: False 
#   88 | steps:  3674 | steps_t:     0 | t: 3.430818 | r:  -518.000000 | e:   1.000000 | Q:        nan | won: False 
#   89 | steps:  3735 | steps_t:     0 | t: 3.472752 | r:  -487.000000 | e:   1.000000 | Q:        nan | won: False 
#   90 | steps:  3757 | steps_t:     0 | t: 3.491655 | r:  -510.000000 | e:   1.000000 | Q:        nan | won: False 
#   91 | steps:  3770 | steps_t:     0 | t: 3.508652 | r:  -501.000000 | e:   1.000000 | Q:        nan | won: False 
#   92 | steps:  3780 | steps_t:     0 | t: 3.520580 | r:  -509.000000 | e:   1.000000 | Q:        nan | won: False 
#   93 | steps:  3851 | steps_t:     0 | t: 3.581456 | r:  -548.000000 | e:   1.000000 | Q:        nan | won: False 
#   94 | steps:  3864 | steps_t:     0 | t: 3.596375 | r:  -501.000000 | e:   1.000000 | Q:        nan | won: False 
#   95 | steps:  3938 | steps_t:     0 | t: 3.684144 | r:  -500.000000 | e:   1.000000 | Q:        nan | won: False 
#   96 | steps:  3957 | steps_t:     0 | t: 3.707080 | r:  -445.000000 | e:   1.000000 | Q:        nan | won: False 
#   97 | steps:  3986 | steps_t:     0 | t: 3.747970 | r:  -528.000000 | e:   1.000000 | Q:        nan | won: False 
#   98 | steps:  4040 | steps_t:     0 | t: 3.806813 | r:  -469.000000 | e:   1.000000 | Q:        nan | won: False 
#   99 | steps:  4058 | steps_t:     0 | t: 3.826760 | r:  -466.000000 | e:   1.000000 | Q:        nan | won: False 
#  100 | steps:  4120 | steps_t:     0 | t: 3.887597 | r:  -488.000000 | e:   1.000000 | Q:        nan | won: False 
#  101 | steps:  4194 | steps_t:     0 | t: 3.956415 | r:   104.000000 | e:   1.000000 | Q:        nan | won: True 
#  102 | steps:  4221 | steps_t:     0 | t: 3.978354 | r:  -515.000000 | e:   1.000000 | Q:        nan | won: False 
#  103 | steps:  4230 | steps_t:     0 | t: 3.991319 | r:  -508.000000 | e:   1.000000 | Q:        nan | won: False 
#  104 | steps:  4264 | steps_t:     0 | t: 4.017249 | r:  -460.000000 | e:   1.000000 | Q:        nan | won: False 
#  105 | steps:  4316 | steps_t:     0 | t: 4.055147 | r:  -456.000000 | e:   1.000000 | Q:        nan | won: False 
#  106 | steps:  4329 | steps_t:     0 | t: 4.068113 | r:  -512.000000 | e:   1.000000 | Q:        nan | won: False 
#  107 | steps:  4372 | steps_t:     0 | t: 4.101062 | r:  -469.000000 | e:   1.000000 | Q:        nan | won: False 
#  108 | steps:  4435 | steps_t:     0 | t: 4.155879 | r:  -529.000000 | e:   1.000000 | Q:        nan | won: False 
#  109 | steps:  4465 | steps_t:     0 | t: 4.195771 | r:  -456.000000 | e:   1.000000 | Q:        nan | won: False 
#  110 | steps:  4475 | steps_t:     0 | t: 4.214722 | r:  -509.000000 | e:   1.000000 | Q:        nan | won: False 
#  111 | steps:  4497 | steps_t:     0 | t: 4.240652 | r:  -437.000000 | e:   1.000000 | Q:        nan | won: False 
#  112 | steps:  4508 | steps_t:     0 | t: 4.266584 | r:  -477.000000 | e:   1.000000 | Q:        nan | won: False 
#  113 | steps:  4609 | steps_t:     0 | t: 4.340384 | r:  -527.000000 | e:   1.000000 | Q:        nan | won: False 
#  114 | steps:  4617 | steps_t:     0 | t: 4.351357 | r:  -507.000000 | e:   1.000000 | Q:        nan | won: False 
#  115 | steps:  4622 | steps_t:     0 | t: 4.359334 | r:  -504.000000 | e:   1.000000 | Q:        nan | won: False 
#  116 | steps:  4635 | steps_t:     0 | t: 4.375328 | r:  -468.000000 | e:   1.000000 | Q:        nan | won: False 
#  117 | steps:  4689 | steps_t:     0 | t: 4.416225 | r:  -509.000000 | e:   1.000000 | Q:        nan | won: False 
#  118 | steps:  4740 | steps_t:     0 | t: 4.465051 | r:  -466.000000 | e:   1.000000 | Q:        nan | won: False 
#  119 | steps:  4769 | steps_t:     0 | t: 4.491021 | r:  -484.000000 | e:   1.000000 | Q:        nan | won: False 
#  120 | steps:  4913 | steps_t:     0 | t: 4.585729 | r:  -577.000000 | e:   1.000000 | Q:        nan | won: False 
#  121 | steps:  4938 | steps_t:     0 | t: 4.611662 | r:  -513.000000 | e:   1.000000 | Q:        nan | won: False 
#  122 | steps:  5031 | steps_t:    30 | t: 5.097360 | r:    85.000000 | e:   0.997000 | Q:   0.129781 | won: True 
#  123 | steps:  5175 | steps_t:   173 | t: 6.253268 | r:  -599.000000 | e:   0.982700 | Q:  -3.679905 | won: False 
#  124 | steps:  5185 | steps_t:   182 | t: 6.324078 | r:  -509.000000 | e:   0.981800 | Q:        nan | won: False 
#  125 | steps:  5202 | steps_t:   198 | t: 6.477668 | r:  -465.000000 | e:   0.980200 | Q:        nan | won: False 
#  126 | steps:  5254 | steps_t:   249 | t: 6.861639 | r:  -529.000000 | e:   0.975100 | Q:        nan | won: False 
#  127 | steps:  5283 | steps_t:   277 | t: 7.083047 | r:  -455.000000 | e:   0.972300 | Q:        nan | won: False 
#  128 | steps:  5338 | steps_t:   331 | t: 7.498936 | r:   123.000000 | e:   0.966900 | Q: -29.587111 | won: True 
#  129 | steps:  5424 | steps_t:   416 | t: 8.137228 | r:  -479.000000 | e:   0.958400 | Q: -48.808601 | won: False 
#  130 | steps:  5454 | steps_t:   445 | t: 8.352651 | r:  -496.000000 | e:   0.955500 | Q:        nan | won: False 
#  131 | steps:  5479 | steps_t:   469 | t: 8.533167 | r:  -480.000000 | e:   0.953100 | Q:        nan | won: False 
#  132 | steps:  5486 | steps_t:   475 | t: 8.586026 | r:  -506.000000 | e:   0.952500 | Q: -63.509865 | won: False 
#  133 | steps:  5556 | steps_t:   544 | t: 9.126580 | r:  -485.000000 | e:   0.945600 | Q: -63.152149 | won: False 
#  134 | steps:  5626 | steps_t:   613 | t: 9.657160 | r:  -463.000000 | e:   0.938700 | Q: -70.689178 | won: False 
#  135 | steps:  5684 | steps_t:   670 | t: 10.096983 | r:  -513.000000 | e:   0.933000 | Q: -69.003296 | won: False 
#  136 | steps:  5716 | steps_t:   701 | t: 10.355291 | r:  -469.000000 | e:   0.929900 | Q: -76.583473 | won: False 
#  137 | steps:  5726 | steps_t:   710 | t: 10.431089 | r:  -509.000000 | e:   0.929000 | Q: -75.191330 | won: False 
#  138 | steps:  5739 | steps_t:   722 | t: 10.523842 | r:  -490.000000 | e:   0.927800 | Q: -74.253044 | won: False 
#  139 | steps:  5803 | steps_t:   785 | t: 11.009542 | r:  -552.000000 | e:   0.921500 | Q: -75.570053 | won: False 
#  140 | steps:  5815 | steps_t:   796 | t: 11.091323 | r:  -511.000000 | e:   0.920400 | Q:        nan | won: False 
#  141 | steps:  5941 | steps_t:   921 | t: 12.130543 | r:  -530.000000 | e:   0.907900 | Q: -74.568230 | won: False 
#  142 | steps:  5958 | steps_t:   937 | t: 12.253214 | r:  -432.000000 | e:   0.906300 | Q:        nan | won: False 
#  143 | steps:  6034 | steps_t:  1012 | t: 12.826679 | r:  -480.000000 | e:   0.898800 | Q: -73.375877 | won: False 
#  144 | steps:  6064 | steps_t:  1041 | t: 13.048089 | r:  -529.000000 | e:   0.895900 | Q: -89.781677 | won: False 
#  145 | steps:  6078 | steps_t:  1054 | t: 13.172753 | r:  -513.000000 | e:   0.894600 | Q: -99.796288 | won: False 
#  146 | steps:  6088 | steps_t:  1063 | t: 13.249548 | r:  -509.000000 | e:   0.893700 | Q: -101.131126 | won: False 
#  147 | steps:  6100 | steps_t:  1074 | t: 13.340306 | r:  -489.000000 | e:   0.892600 | Q:        nan | won: False 
#  148 | steps:  6112 | steps_t:  1085 | t: 13.428070 | r:  -511.000000 | e:   0.891500 | Q: -103.505318 | won: False 
#  149 | steps:  6162 | steps_t:  1134 | t: 13.828000 | r:  -465.000000 | e:   0.886600 | Q: -91.920433 | won: False 
#  150 | steps:  6215 | steps_t:  1186 | t: 14.294757 | r:  -530.000000 | e:   0.881400 | Q: -88.447197 | won: False 
#  151 | steps:  6255 | steps_t:  1225 | t: 14.681717 | r:  -466.000000 | e:   0.877500 | Q: -84.077660 | won: False 
#  152 | steps:  6304 | steps_t:  1273 | t: 15.068681 | r:  -453.000000 | e:   0.872700 | Q: -81.907692 | won: False 
#  153 | steps:  6400 | steps_t:  1368 | t: 15.826652 | r:  -540.000000 | e:   0.863200 | Q: -88.401009 | won: False 
#  154 | steps:  6437 | steps_t:  1404 | t: 16.087959 | r:  -463.000000 | e:   0.859600 | Q: -103.176956 | won: False 
#  155 | steps:  6476 | steps_t:  1442 | t: 16.384161 | r:  -476.000000 | e:   0.855800 | Q: -91.740578 | won: False 
#  156 | steps:  6529 | steps_t:  1494 | t: 16.815009 | r:  -479.000000 | e:   0.850600 | Q: -90.873138 | won: False 
#  157 | steps:  6592 | steps_t:  1556 | t: 17.309685 | r:  -540.000000 | e:   0.844400 | Q: -107.310333 | won: False 
#  158 | steps:  6630 | steps_t:  1593 | t: 17.616863 | r:  -526.000000 | e:   0.840700 | Q: -114.456085 | won: False 
#  159 | steps:  6650 | steps_t:  1612 | t: 17.766466 | r:  -508.000000 | e:   0.838800 | Q: -125.144119 | won: False 
#  160 | steps:  6660 | steps_t:  1621 | t: 17.842260 | r:  -509.000000 | e:   0.837900 | Q: -127.103485 | won: False 
#  161 | steps:  6704 | steps_t:  1664 | t: 18.461603 | r:  -481.000000 | e:   0.833600 | Q: -92.389343 | won: False 
#  162 | steps:  6768 | steps_t:  1727 | t: 18.988194 | r:  -501.000000 | e:   0.827300 | Q: -114.123817 | won: False 
#  163 | steps:  6777 | steps_t:  1735 | t: 19.067981 | r:  -475.000000 | e:   0.826500 | Q:        nan | won: False 
#  164 | steps:  6803 | steps_t:  1760 | t: 19.254482 | r:  -452.000000 | e:   0.824000 | Q: -115.006966 | won: False 
#  165 | steps:  6839 | steps_t:  1795 | t: 19.530742 | r:  -524.000000 | e:   0.820500 | Q: -114.548813 | won: False 
#  166 | steps:  6918 | steps_t:  1873 | t: 20.151082 | r:  -494.000000 | e:   0.812700 | Q: -98.367737 | won: False 
#  167 | steps:  7000 | steps_t:  1954 | t: 20.747487 | r:  -475.000000 | e:   0.804600 | Q: -95.733116 | won: False 
#  168 | steps:  7021 | steps_t:  1974 | t: 20.919028 | r:  -447.000000 | e:   0.802600 | Q: -129.156937 | won: False 
#  169 | steps:  7031 | steps_t:  1983 | t: 21.015768 | r:  -509.000000 | e:   0.801700 | Q: -128.407639 | won: False 
#  170 | steps:  7070 | steps_t:  2021 | t: 21.340900 | r:  -527.000000 | e:   0.797900 | Q: -117.794846 | won: False 
#  171 | steps:  7102 | steps_t:  2052 | t: 21.574274 | r:  -509.000000 | e:   0.794800 | Q: -112.555687 | won: False 
#  172 | steps:  7119 | steps_t:  2068 | t: 21.700945 | r:  -505.000000 | e:   0.793200 | Q: -110.123398 | won: False 
#  173 | steps:  7188 | steps_t:  2136 | t: 22.233513 | r:  -484.000000 | e:   0.786400 | Q: -87.141632 | won: False 
#  174 | steps:  7253 | steps_t:  2200 | t: 22.740155 | r:  -553.000000 | e:   0.780000 | Q: -89.254669 | won: False 
#  175 | steps:  7266 | steps_t:  2212 | t: 22.834902 | r:  -501.000000 | e:   0.778800 | Q: -119.120377 | won: False 
#  176 | steps:  7343 | steps_t:  2288 | t: 23.451252 | r:  -543.000000 | e:   0.771200 | Q: -87.166534 | won: False 
#  177 | steps:  7400 | steps_t:  2344 | t: 23.877115 | r:  -545.000000 | e:   0.765600 | Q: -83.525421 | won: False 
#  178 | steps:  7459 | steps_t:  2402 | t: 24.357829 | r:  -536.000000 | e:   0.759800 | Q: -93.328613 | won: False 
#  179 | steps:  7493 | steps_t:  2435 | t: 24.630098 | r:  -449.000000 | e:   0.756500 | Q: -88.907349 | won: False 
#  180 | steps:  7526 | steps_t:  2467 | t: 24.881428 | r:  -532.000000 | e:   0.753300 | Q: -120.881439 | won: False 
#  181 | steps:  7594 | steps_t:  2534 | t: 25.404027 | r:  -505.000000 | e:   0.746600 | Q: -84.108292 | won: False 
#  182 | steps:  7648 | steps_t:  2587 | t: 25.833877 | r:  -531.000000 | e:   0.741300 | Q: -103.828293 | won: False 
#  183 | steps:  7812 | steps_t:  2750 | t: 27.089518 | r:  -641.000000 | e:   0.725000 | Q: -105.162590 | won: False 
#  184 | steps:  7849 | steps_t:  2786 | t: 27.378745 | r:  -503.000000 | e:   0.721400 | Q: -136.510330 | won: False 
#  185 | steps:  7869 | steps_t:  2805 | t: 27.526349 | r:  -519.000000 | e:   0.719500 | Q: -134.955811 | won: False 
#  186 | steps:  7912 | steps_t:  2847 | t: 27.890380 | r:  -469.000000 | e:   0.715300 | Q: -91.457283 | won: False 
#  187 | steps:  7922 | steps_t:  2856 | t: 27.961186 | r:  -509.000000 | e:   0.714400 | Q: -134.303894 | won: False 
#  188 | steps:  8036 | steps_t:  2969 | t: 28.851803 | r:  -540.000000 | e:   0.703100 | Q: -88.819061 | won: False 
#  189 | steps:  8133 | steps_t:  3065 | t: 29.591823 | r:  -574.000000 | e:   0.693500 | Q: -78.405769 | won: False 
#  190 | steps:  8165 | steps_t:  3096 | t: 29.844148 | r:  -520.000000 | e:   0.690400 | Q: -106.053520 | won: False 
#  191 | steps:  8275 | steps_t:  3205 | t: 30.733772 | r:  -554.000000 | e:   0.679500 | Q: -78.688789 | won: False 
#  192 | steps:  8336 | steps_t:  3265 | t: 31.329179 | r:  -516.000000 | e:   0.673500 | Q: -80.295776 | won: False 
#  193 | steps:  8356 | steps_t:  3284 | t: 31.489750 | r:  -519.000000 | e:   0.671600 | Q: -110.645592 | won: False 
#  194 | steps:  8370 | steps_t:  3297 | t: 31.596463 | r:  -513.000000 | e:   0.670300 | Q: -112.120461 | won: False 
#  195 | steps:  8508 | steps_t:  3434 | t: 33.106424 | r:  -564.000000 | e:   0.656600 | Q: -76.899216 | won: False 
#  196 | steps:  8572 | steps_t:  3497 | t: 33.846475 | r:  -541.000000 | e:   0.650300 | Q: -95.997673 | won: False 
#  197 | steps:  8631 | steps_t:  3555 | t: 34.579484 | r:  -536.000000 | e:   0.644500 | Q: -125.417694 | won: False 
#  198 | steps:  8678 | steps_t:  3601 | t: 35.016314 | r:  -535.000000 | e:   0.639900 | Q: -124.110840 | won: False 
#  199 | steps:  8770 | steps_t:  3692 | t: 35.959789 | r:  -580.000000 | e:   0.630800 | Q: -79.894638 | won: False 
#  200 | steps:  8779 | steps_t:  3700 | t: 36.033593 | r:  -497.000000 | e:   0.630000 | Q: -128.938736 | won: False 
#  201 | steps:  8800 | steps_t:  3720 | t: 36.257992 | r:  -509.000000 | e:   0.628000 | Q: -124.154724 | won: False 
#  202 | steps:  8919 | steps_t:  3838 | t: 37.372011 | r:  -545.000000 | e:   0.616200 | Q: -88.391167 | won: False 
#  203 | steps:  8939 | steps_t:  3857 | t: 37.532581 | r:  -508.000000 | e:   0.614300 | Q: -124.331886 | won: False 
#  204 | steps:  8956 | steps_t:  3873 | t: 37.686171 | r:  -494.000000 | e:   0.612700 | Q: -123.062874 | won: False 
#  205 | steps:  9012 | steps_t:  3928 | t: 38.214756 | r:  -533.000000 | e:   0.607200 | Q: -125.030190 | won: False 
#  206 | steps:  9051 | steps_t:  3966 | t: 38.545877 | r:  -465.000000 | e:   0.603400 | Q: -106.365784 | won: False 
#  207 | steps:  9223 | steps_t:  4137 | t: 40.078769 | r:  -587.000000 | e:   0.586300 | Q: -80.991692 | won: False 
#  208 | steps:  9297 | steps_t:  4210 | t: 40.656224 | r:  -500.000000 | e:   0.579000 | Q: -77.736076 | won: False 
#  209 | steps:  9402 | steps_t:  4314 | t: 41.600697 | r:  -531.000000 | e:   0.568600 | Q: -113.640938 | won: False 
#  210 | steps:  9508 | steps_t:  4419 | t: 42.535203 | r:  -572.000000 | e:   0.558100 | Q: -95.344933 | won: False 
#  211 | steps:  9553 | steps_t:  4463 | t: 42.906225 | r:  -533.000000 | e:   0.553700 | Q: -111.207741 | won: False 
#  212 | steps:  9580 | steps_t:  4489 | t: 43.465707 | r:  -515.000000 | e:   0.551100 | Q: -114.329155 | won: False 
#  213 | steps:  9593 | steps_t:  4501 | t: 43.595360 | r:  -512.000000 | e:   0.549900 | Q: -112.787582 | won: False 
#  214 | steps:  9628 | steps_t:  4535 | t: 44.012245 | r:  -523.000000 | e:   0.546500 | Q: -114.090775 | won: False 
#  215 | steps:  9700 | steps_t:  4606 | t: 44.705390 | r:  -538.000000 | e:   0.539400 | Q: -82.788254 | won: False 
#  216 | steps:  9817 | steps_t:  4722 | t: 45.675794 | r:  -605.000000 | e:   0.527800 | Q: -102.208679 | won: False 
#  217 | steps:  9830 | steps_t:  4734 | t: 45.774529 | r:  -501.000000 | e:   0.526600 | Q: -100.724274 | won: False 
#  218 | steps:  9871 | steps_t:  4774 | t: 46.265216 | r:  -529.000000 | e:   0.522600 | Q: -93.469292 | won: False 
#  219 | steps:  9955 | steps_t:  4857 | t: 47.170030 | r:  -510.000000 | e:   0.514300 | Q: -89.518639 | won: False 
#  220 | steps: 10001 | steps_t:  4902 | t: 47.611845 | r:  -483.000000 | e:   0.509800 | Q: -70.978012 | won: False 
#  221 | steps: 10031 | steps_t:  4931 | t: 48.034712 | r:  -518.000000 | e:   0.506900 | Q: -104.827705 | won: False 
#  222 | steps: 10091 | steps_t:  4990 | t: 48.885437 | r:  -548.000000 | e:   0.501000 | Q: -113.573494 | won: False 
#  223 | steps: 10111 | steps_t:  5009 | t: 49.556642 | r:  -519.000000 | e:   0.499100 | Q: -113.324158 | won: False 
#  224 | steps: 10134 | steps_t:  5031 | t: 49.960559 | r:  -522.000000 | e:   0.496900 | Q: -113.176964 | won: False 
#  225 | steps: 10302 | steps_t:  5198 | t: 51.509415 | r:  -594.000000 | e:   0.480200 | Q: -79.038147 | won: False 
#  226 | steps: 10393 | steps_t:  5288 | t: 52.360148 | r:  -517.000000 | e:   0.471200 | Q: -109.317429 | won: False 
#  227 | steps: 10409 | steps_t:  5303 | t: 52.535678 | r:  -504.000000 | e:   0.469700 | Q: -104.770531 | won: False 
#  228 | steps: 10471 | steps_t:  5364 | t: 53.034335 | r:  -477.000000 | e:   0.463600 | Q: -69.306252 | won: False 
#  229 | steps: 10483 | steps_t:  5375 | t: 53.148031 | r:  -511.000000 | e:   0.462500 | Q: -104.474030 | won: False 
#  230 | steps: 10515 | steps_t:  5406 | t: 53.405342 | r:  -520.000000 | e:   0.459400 | Q: -103.921249 | won: False 
#  231 | steps: 10527 | steps_t:  5417 | t: 53.524025 | r:  -500.000000 | e:   0.458300 | Q: -103.598793 | won: False 
#  232 | steps: 10609 | steps_t:  5498 | t: 54.165309 | r:  -508.000000 | e:   0.450200 | Q: -103.198959 | won: False 
#  233 | steps: 10701 | steps_t:  5589 | t: 54.932257 | r:  -518.000000 | e:   0.441100 | Q: -83.260330 | won: False 
#  234 | steps: 10770 | steps_t:  5657 | t: 55.573547 | r:  -557.000000 | e:   0.434300 | Q: -86.241203 | won: False 
#  235 | steps: 10783 | steps_t:  5669 | t: 55.700203 | r:  -512.000000 | e:   0.433100 | Q: -116.573448 | won: False 
#  236 | steps: 10797 | steps_t:  5682 | t: 55.862768 | r:  -513.000000 | e:   0.431800 | Q: -116.496758 | won: False 
#  237 | steps: 10826 | steps_t:  5710 | t: 56.122074 | r:  -477.000000 | e:   0.429000 | Q: -94.382576 | won: False 
#  238 | steps: 10846 | steps_t:  5729 | t: 56.390357 | r:  -508.000000 | e:   0.427100 | Q: -104.079163 | won: False 
#  239 | steps: 10926 | steps_t:  5808 | t: 57.046600 | r:  -568.000000 | e:   0.419200 | Q: -65.800102 | won: False 
#  240 | steps: 11004 | steps_t:  5885 | t: 57.721794 | r:  -555.000000 | e:   0.411500 | Q: -95.949364 | won: False 
#  241 | steps: 11036 | steps_t:  5916 | t: 57.993076 | r:  -498.000000 | e:   0.408400 | Q: -103.327560 | won: False 
#  242 | steps: 11080 | steps_t:  5959 | t: 58.360086 | r:  -532.000000 | e:   0.404100 | Q: -101.045517 | won: False 
#  243 | steps: 11098 | steps_t:  5976 | t: 58.496722 | r:  -506.000000 | e:   0.402400 | Q: -107.671379 | won: False 
#  244 | steps: 11123 | steps_t:  6000 | t: 58.723116 | r:  -513.000000 | e:   0.400000 | Q: -107.198174 | won: False 
#  245 | steps: 11134 | steps_t:  6010 | t: 58.807888 | r:  -499.000000 | e:   0.399000 | Q: -102.332573 | won: False 
#  246 | steps: 11262 | steps_t:  6137 | t: 59.902961 | r:  -543.000000 | e:   0.386300 | Q: -101.371323 | won: False 
#  247 | steps: 11277 | steps_t:  6151 | t: 60.019645 | r:  -514.000000 | e:   0.384900 | Q: -97.136284 | won: False 
#  248 | steps: 11359 | steps_t:  6232 | t: 60.755677 | r:  -559.000000 | e:   0.376800 | Q: -99.143013 | won: False 
#  249 | steps: 11372 | steps_t:  6244 | t: 60.863388 | r:  -512.000000 | e:   0.375600 | Q: -96.869156 | won: False 
#  250 | steps: 11406 | steps_t:  6277 | t: 61.159596 | r:  -533.000000 | e:   0.372300 | Q: -91.581100 | won: False 
#  251 | steps: 11435 | steps_t:  6305 | t: 61.458795 | r:  -528.000000 | e:   0.369500 | Q: -102.480492 | won: False 
#  252 | steps: 11630 | steps_t:  6499 | t: 63.206120 | r:  -672.000000 | e:   0.350100 | Q: -99.977386 | won: False 
#  253 | steps: 11696 | steps_t:  6564 | t: 63.779585 | r:  -554.000000 | e:   0.343600 | Q: -96.487991 | won: False 
#  254 | steps: 11733 | steps_t:  6600 | t: 64.104716 | r:  -474.000000 | e:   0.340000 | Q: -101.384155 | won: False 
#  255 | steps: 11747 | steps_t:  6613 | t: 64.216419 | r:  -513.000000 | e:   0.338700 | Q: -98.030731 | won: False 
#  256 | steps: 11774 | steps_t:  6639 | t: 64.448801 | r:  -526.000000 | e:   0.336100 | Q: -101.245743 | won: False 
#  257 | steps: 11920 | steps_t:  6784 | t: 65.652578 | r:  -612.000000 | e:   0.321600 | Q: -67.277809 | won: False 
#  258 | steps: 11939 | steps_t:  6802 | t: 65.816137 | r:  -507.000000 | e:   0.319800 | Q: -108.844574 | won: False 
#  259 | steps: 11990 | steps_t:  6852 | t: 66.250973 | r:  -539.000000 | e:   0.314800 | Q: -98.876869 | won: False 
#  260 | steps: 12039 | steps_t:  6900 | t: 66.647912 | r:  -526.000000 | e:   0.310000 | Q: -119.055367 | won: False 
#  261 | steps: 12119 | steps_t:  6979 | t: 67.343057 | r:  -568.000000 | e:   0.302100 | Q: -101.818512 | won: False 
#  262 | steps: 12175 | steps_t:  7034 | t: 67.777888 | r:  -544.000000 | e:   0.296600 | Q: -100.098907 | won: False 
#  263 | steps: 12263 | steps_t:  7121 | t: 68.510930 | r:  -576.000000 | e:   0.287900 | Q: -85.067780 | won: False 
#  264 | steps: 12301 | steps_t:  7158 | t: 68.817107 | r:  -537.000000 | e:   0.284200 | Q: -75.170967 | won: False 
#  265 | steps: 12345 | steps_t:  7201 | t: 69.211057 | r:  -543.000000 | e:   0.279900 | Q: -78.509880 | won: False 
#  266 | steps: 12374 | steps_t:  7229 | t: 69.464375 | r:  -528.000000 | e:   0.277100 | Q: -78.187279 | won: False 
#  267 | steps: 12440 | steps_t:  7294 | t: 69.995954 | r:  -554.000000 | e:   0.270600 | Q: -76.933105 | won: False 
#  268 | steps: 12465 | steps_t:  7318 | t: 70.193424 | r:  -524.000000 | e:   0.268200 | Q: -78.529709 | won: False 
#  269 | steps: 12534 | steps_t:  7386 | t: 70.805786 | r:  -517.000000 | e:   0.261400 | Q: -63.232010 | won: False 
#  270 | steps: 12556 | steps_t:  7407 | t: 70.985306 | r:  -521.000000 | e:   0.259300 | Q: -89.527527 | won: False 
#  271 | steps: 12580 | steps_t:  7430 | t: 71.177793 | r:  -523.000000 | e:   0.257000 | Q: -93.793846 | won: False 
#  272 | steps: 12600 | steps_t:  7449 | t: 71.342354 | r:  -519.000000 | e:   0.255100 | Q: -101.270882 | won: False 
#  273 | steps: 12660 | steps_t:  7508 | t: 71.874926 | r:  -548.000000 | e:   0.249200 | Q: -97.546814 | won: False 
#  274 | steps: 12703 | steps_t:  7550 | t: 72.215016 | r:  -531.000000 | e:   0.245000 | Q: -117.033470 | won: False 
#  275 | steps: 12775 | steps_t:  7621 | t: 72.855303 | r:  -549.000000 | e:   0.237900 | Q: -115.669174 | won: False 
#  276 | steps: 12866 | steps_t:  7711 | t: 73.597317 | r:  -579.000000 | e:   0.228900 | Q: -110.887390 | won: False 
#  277 | steps: 12924 | steps_t:  7768 | t: 74.095983 | r:  -546.000000 | e:   0.223200 | Q: -94.285637 | won: False 
#  278 | steps: 12999 | steps_t:  7842 | t: 74.722306 | r:  -563.000000 | e:   0.215800 | Q: -93.136559 | won: False 
#  279 | steps: 13100 | steps_t:  7942 | t: 75.617912 | r:  -589.000000 | e:   0.205800 | Q: -89.634514 | won: False 
#  280 | steps: 13112 | steps_t:  7953 | t: 75.746566 | r:  -500.000000 | e:   0.204700 | Q: -84.064911 | won: False 
#  281 | steps: 13131 | steps_t:  7971 | t: 75.940048 | r:  -507.000000 | e:   0.202900 | Q: -73.802864 | won: False 
#  282 | steps: 13214 | steps_t:  8053 | t: 76.613248 | r:  -549.000000 | e:   0.194700 | Q: -84.296364 | won: False 
#  283 | steps: 13364 | steps_t:  8202 | t: 77.883849 | r:  -587.000000 | e:   0.179800 | Q: -74.190140 | won: False 
#  284 | steps: 13446 | steps_t:  8283 | t: 78.597938 | r:  -570.000000 | e:   0.171700 | Q: -95.177971 | won: False 
#  285 | steps: 13478 | steps_t:  8314 | t: 78.866219 | r:  -531.000000 | e:   0.168600 | Q: -89.332237 | won: False 
#  286 | steps: 13494 | steps_t:  8329 | t: 79.012827 | r:  -515.000000 | e:   0.167100 | Q: -83.032661 | won: False 
#  287 | steps: 13620 | steps_t:  8454 | t: 80.093936 | r:  -614.000000 | e:   0.154600 | Q: -90.455940 | won: False 
#  288 | steps: 13691 | steps_t:  8524 | t: 80.740206 | r:  -570.000000 | e:   0.147600 | Q: -79.244507 | won: False 
#  289 | steps: 13793 | steps_t:  8625 | t: 81.675704 | r:  -590.000000 | e:   0.137500 | Q: -81.419693 | won: False 
#  290 | steps: 13869 | steps_t:  8700 | t: 82.324966 | r:  -564.000000 | e:   0.130000 | Q: -89.578819 | won: False 
#  291 | steps: 13925 | steps_t:  8755 | t: 82.996169 | r:  -555.000000 | e:   0.124500 | Q: -77.926697 | won: False 
#  292 | steps: 13957 | steps_t:  8786 | t: 83.299360 | r:  -520.000000 | e:   0.121400 | Q: -86.584793 | won: False 
#  293 | steps: 14062 | steps_t:  8890 | t: 84.291703 | r:  -582.000000 | e:   0.111000 | Q: -86.186623 | won: False 
#  294 | steps: 14095 | steps_t:  8922 | t: 84.581927 | r:  -521.000000 | e:   0.107800 | Q: -75.746353 | won: False 
#  295 | steps: 14112 | steps_t:  8938 | t: 84.835249 | r:  -505.000000 | e:   0.106200 | Q: -73.473129 | won: False 
#  296 | steps: 14142 | steps_t:  8967 | t: 85.093558 | r:  -507.000000 | e:   0.103300 | Q: -84.575401 | won: False 
#  297 | steps: 14189 | steps_t:  9013 | t: 85.521414 | r:  -535.000000 | e:   0.100000 | Q: -69.516998 | won: False 
#  298 | steps: 14271 | steps_t:  9094 | t: 86.292351 | r:  -570.000000 | e:   0.100000 | Q: -65.188133 | won: False 
#  299 | steps: 14282 | steps_t:  9104 | t: 86.380116 | r:  -510.000000 | e:   0.100000 | Q: -91.787895 | won: False 
#  300 | steps: 14299 | steps_t:  9120 | t: 86.528720 | r:  -516.000000 | e:   0.100000 | Q: -89.882622 | won: False 
#  301 | steps: 14382 | steps_t:  9202 | t: 87.262753 | r:  -582.000000 | e:   0.100000 | Q: -65.040298 | won: False 
#  302 | steps: 14396 | steps_t:  9215 | t: 87.380439 | r:  -502.000000 | e:   0.100000 | Q: -82.696976 | won: False 
#  303 | steps: 14416 | steps_t:  9234 | t: 87.546993 | r:  -497.000000 | e:   0.100000 | Q: -79.040337 | won: False 
#  304 | steps: 14451 | steps_t:  9268 | t: 87.845196 | r:  -512.000000 | e:   0.100000 | Q: -78.074242 | won: False 
#  305 | steps: 14470 | steps_t:  9286 | t: 87.998786 | r:  -507.000000 | e:   0.100000 | Q: -75.055473 | won: False 
#  306 | steps: 14486 | steps_t:  9301 | t: 88.172321 | r:  -504.000000 | e:   0.100000 | Q: -77.139275 | won: False 
#  307 | steps: 14574 | steps_t:  9388 | t: 88.905360 | r:  -587.000000 | e:   0.100000 | Q: -75.365036 | won: False 
#  308 | steps: 14596 | steps_t:  9409 | t: 89.107826 | r:  -521.000000 | e:   0.100000 | Q: -72.836220 | won: False 
#  309 | steps: 14696 | steps_t:  9508 | t: 89.971508 | r:  -588.000000 | e:   0.100000 | Q: -73.449944 | won: False 
#  310 | steps: 14728 | steps_t:  9539 | t: 90.258737 | r:  -509.000000 | e:   0.100000 | Q: -75.302528 | won: False 
#  311 | steps: 14740 | steps_t:  9550 | t: 90.368446 | r:  -500.000000 | e:   0.100000 | Q: -63.077473 | won: False 
#  312 | steps: 14764 | steps_t:  9573 | t: 90.578882 | r:  -512.000000 | e:   0.100000 | Q: -64.543007 | won: False 
#  313 | steps: 14877 | steps_t:  9685 | t: 91.552278 | r:  -539.000000 | e:   0.100000 | Q: -55.565250 | won: False 
#  314 | steps: 14889 | steps_t:  9696 | t: 91.650016 | r:  -500.000000 | e:   0.100000 | Q: -108.024719 | won: False 
#  315 | steps: 15057 | steps_t:  9863 | t: 93.066227 | r:  -656.000000 | e:   0.100000 | Q: -78.288086 | won: False 
#  316 | steps: 15107 | steps_t:  9912 | t: 93.479125 | r:  -538.000000 | e:   0.100000 | Q: -78.182198 | won: False 
#  317 | steps: 15167 | steps_t:  9971 | t: 94.008705 | r:  -548.000000 | e:   0.100000 | Q: -78.417160 | won: False 
#  318 | steps: 15179 | steps_t:  9982 | t: 94.107440 | r:  -511.000000 | e:   0.100000 | Q: -93.506744 | won: False 
#  319 | steps: 15329 | steps_t: 10131 | t: 95.380035 | r:  -649.000000 | e:   0.100000 | Q: -74.351379 | won: False 
#  320 | steps: 15374 | steps_t: 10175 | t: 95.773982 | r:  -544.000000 | e:   0.100000 | Q: -81.420784 | won: False 
#  321 | steps: 15400 | steps_t: 10200 | t: 96.058221 | r:  -514.000000 | e:   0.100000 | Q: -77.460846 | won: False 
#  322 | steps: 15409 | steps_t: 10208 | t: 96.142996 | r:  -497.000000 | e:   0.100000 | Q: -80.613464 | won: False 
#  323 | steps: 15471 | steps_t: 10269 | t: 96.723449 | r:  -561.000000 | e:   0.100000 | Q: -74.645264 | won: False 
#  324 | steps: 15499 | steps_t: 10296 | t: 96.971776 | r:  -516.000000 | e:   0.100000 | Q: -71.009323 | won: False 
#  325 | steps: 15513 | steps_t: 10309 | t: 97.098438 | r:  -491.000000 | e:   0.100000 | Q: -81.282593 | won: False 
#  326 | steps: 15524 | steps_t: 10319 | t: 97.198177 | r:  -510.000000 | e:   0.100000 | Q: -88.311295 | won: False 
#  327 | steps: 15550 | steps_t: 10344 | t: 97.420576 | r:  -514.000000 | e:   0.100000 | Q: -78.421677 | won: False 
#  328 | steps: 15589 | steps_t: 10382 | t: 97.817515 | r:  -527.000000 | e:   0.100000 | Q: -76.418762 | won: False 
#  329 | steps: 15617 | steps_t: 10409 | t: 98.140657 | r:  -527.000000 | e:   0.100000 | Q: -86.387413 | won: False 
#  330 | steps: 15630 | steps_t: 10421 | t: 98.344105 | r:  -512.000000 | e:   0.100000 | Q: -103.304260 | won: False 
#  331 | steps: 15696 | steps_t: 10486 | t: 99.177875 | r:  -554.000000 | e:   0.100000 | Q: -87.763748 | won: False 
#  332 | steps: 15742 | steps_t: 10531 | t: 99.694492 | r:  -545.000000 | e:   0.100000 | Q: -80.764908 | won: False 
#  333 | steps: 15782 | steps_t: 10570 | t: 100.125339 | r:  -528.000000 | e:   0.100000 | Q: -79.062706 | won: False 
#  334 | steps: 15826 | steps_t: 10613 | t: 100.616026 | r:  -532.000000 | e:   0.100000 | Q: -74.748573 | won: False 
#  335 | steps: 15890 | steps_t: 10676 | t: 101.356046 | r:  -479.000000 | e:   0.100000 | Q: -74.544998 | won: False 
#  336 | steps: 15938 | steps_t: 10723 | t: 101.884632 | r:  -536.000000 | e:   0.100000 | Q: -84.261742 | won: False 
#  337 | steps: 15982 | steps_t: 10766 | t: 102.371331 | r:  -532.000000 | e:   0.100000 | Q: -92.769089 | won: False 
#  338 | steps: 16038 | steps_t: 10821 | t: 102.973718 | r:  -555.000000 | e:   0.100000 | Q: -82.013329 | won: False 
#  339 | steps: 16074 | steps_t: 10856 | t: 103.271921 | r:  -524.000000 | e:   0.100000 | Q: -70.535843 | won: False 
#  340 | steps: 16092 | steps_t: 10873 | t: 103.443461 | r:  -506.000000 | e:   0.100000 | Q: -75.047493 | won: False 
#  341 | steps: 16126 | steps_t: 10906 | t: 103.727701 | r:  -522.000000 | e:   0.100000 | Q: -70.451561 | won: False 
#  342 | steps: 16169 | steps_t: 10948 | t: 104.112670 | r:  -531.000000 | e:   0.100000 | Q: -78.919632 | won: False 
#  343 | steps: 16262 | steps_t: 11040 | t: 104.919511 | r:  -581.000000 | e:   0.100000 | Q: -69.737373 | won: False 
#  344 | steps: 16274 | steps_t: 11051 | t: 105.030216 | r:  -511.000000 | e:   0.100000 | Q: -100.709137 | won: False 
#  345 | steps: 16289 | steps_t: 11065 | t: 105.153885 | r:  -514.000000 | e:   0.100000 | Q: -67.057190 | won: False 
#  346 | steps: 16309 | steps_t: 11084 | t: 105.321436 | r:  -519.000000 | e:   0.100000 | Q: -69.798096 | won: False 
#  347 | steps: 16416 | steps_t: 11190 | t: 106.234992 | r:  -595.000000 | e:   0.100000 | Q: -41.420578 | won: False 
#  348 | steps: 16430 | steps_t: 11203 | t: 106.363647 | r:  -513.000000 | e:   0.100000 | Q: -72.592674 | won: False 
#  349 | steps: 16486 | steps_t: 11258 | t: 106.842367 | r:  -555.000000 | e:   0.100000 | Q: -69.722687 | won: False 
#  350 | steps: 16569 | steps_t: 11340 | t: 107.543491 | r:  -571.000000 | e:   0.100000 | Q: -48.352398 | won: False 
#  351 | steps: 16619 | steps_t: 11389 | t: 107.982321 | r:  -549.000000 | e:   0.100000 | Q: -80.613304 | won: False 
#  352 | steps: 16647 | steps_t: 11416 | t: 108.210706 | r:  -516.000000 | e:   0.100000 | Q: -76.545479 | won: False 
#  353 | steps: 16737 | steps_t: 11505 | t: 109.020539 | r:  -578.000000 | e:   0.100000 | Q: -75.042694 | won: False 
#  354 | steps: 16779 | steps_t: 11546 | t: 109.394538 | r:  -530.000000 | e:   0.100000 | Q: -80.581558 | won: False 
#  355 | steps: 16791 | steps_t: 11557 | t: 109.499257 | r:  -511.000000 | e:   0.100000 | Q: -95.694084 | won: False 
#  356 | steps: 16826 | steps_t: 11591 | t: 109.791477 | r:  -523.000000 | e:   0.100000 | Q: -90.737610 | won: False 
#  357 | steps: 17020 | steps_t: 11784 | t: 111.464002 | r:  -671.000000 | e:   0.100000 | Q: -75.039047 | won: False 
#  358 | steps: 17032 | steps_t: 11795 | t: 111.558748 | r:  -500.000000 | e:   0.100000 | Q: -100.572487 | won: False 
#  359 | steps: 17079 | steps_t: 11841 | t: 111.982614 | r:  -535.000000 | e:   0.100000 | Q: -106.750603 | won: False 
#  360 | steps: 17105 | steps_t: 11866 | t: 112.204022 | r:  -525.000000 | e:   0.100000 | Q: -107.247757 | won: False 
#  361 | steps: 17194 | steps_t: 11954 | t: 112.961993 | r:  -566.000000 | e:   0.100000 | Q: -78.953857 | won: False 
#  362 | steps: 17236 | steps_t: 11995 | t: 113.331007 | r:  -541.000000 | e:   0.100000 | Q: -71.986336 | won: False 
#  363 | steps: 17252 | steps_t: 12010 | t: 113.458668 | r:  -515.000000 | e:   0.100000 | Q: -71.855446 | won: False 
#  364 | steps: 17267 | steps_t: 12024 | t: 113.582335 | r:  -503.000000 | e:   0.100000 | Q: -69.272438 | won: False 
#  365 | steps: 17327 | steps_t: 12083 | t: 114.104934 | r:  -548.000000 | e:   0.100000 | Q: -68.781059 | won: False 
#  366 | steps: 17357 | steps_t: 12112 | t: 114.370228 | r:  -518.000000 | e:   0.100000 | Q: -78.737534 | won: False 
#  367 | steps: 17399 | steps_t: 12153 | t: 114.721286 | r:  -530.000000 | e:   0.100000 | Q: -75.856934 | won: False 
#  368 | steps: 17491 | steps_t: 12244 | t: 115.532118 | r:  -580.000000 | e:   0.100000 | Q: -68.984161 | won: False 
#  369 | steps: 17508 | steps_t: 12260 | t: 115.666757 | r:  -505.000000 | e:   0.100000 | Q: -62.529305 | won: False 
#  370 | steps: 17554 | steps_t: 12305 | t: 116.053721 | r:  -534.000000 | e:   0.100000 | Q: -61.827244 | won: False 
#  371 | steps: 17574 | steps_t: 12324 | t: 116.227257 | r:  -508.000000 | e:   0.100000 | Q: -64.197891 | won: False 
#  372 | steps: 17652 | steps_t: 12401 | t: 116.890481 | r:  -566.000000 | e:   0.100000 | Q: -64.957153 | won: False 
#  373 | steps: 17690 | steps_t: 12438 | t: 117.223591 | r:  -537.000000 | e:   0.100000 | Q: -71.450584 | won: False 
#  374 | steps: 17750 | steps_t: 12497 | t: 117.735222 | r:  -559.000000 | e:   0.100000 | Q: -64.599144 | won: False 
#  375 | steps: 17792 | steps_t: 12538 | t: 118.087280 | r:  -541.000000 | e:   0.100000 | Q: -68.867424 | won: False 
#  376 | steps: 17894 | steps_t: 12639 | t: 118.991860 | r:  -517.000000 | e:   0.100000 | Q: -68.907158 | won: False 
#  377 | steps: 17946 | steps_t: 12690 | t: 119.449640 | r:  -540.000000 | e:   0.100000 | Q: -87.317848 | won: False 
#  378 | steps: 17967 | steps_t: 12710 | t: 119.634141 | r:  -520.000000 | e:   0.100000 | Q: -99.197525 | won: False 
#  379 | steps: 17990 | steps_t: 12732 | t: 119.824634 | r:  -522.000000 | e:   0.100000 | Q: -83.204224 | won: False 
#  380 | steps: 18010 | steps_t: 12751 | t: 119.987197 | r:  -508.000000 | e:   0.100000 | Q: -70.565407 | won: False 
#  381 | steps: 18093 | steps_t: 12833 | t: 120.705276 | r:  -582.000000 | e:   0.100000 | Q: -61.206421 | won: False 
#  382 | steps: 18135 | steps_t: 12874 | t: 121.059329 | r:  -541.000000 | e:   0.100000 | Q: -62.995598 | won: False 
#  383 | steps: 18161 | steps_t: 12899 | t: 121.271764 | r:  -525.000000 | e:   0.100000 | Q: -74.678749 | won: False 
#  384 | steps: 18182 | steps_t: 12919 | t: 121.443301 | r:  -520.000000 | e:   0.100000 | Q: -73.267090 | won: False 
#  385 | steps: 18297 | steps_t: 13033 | t: 122.835577 | r:  -603.000000 | e:   0.100000 | Q: -62.741821 | won: False 
#  386 | steps: 18320 | steps_t: 13055 | t: 123.132780 | r:  -511.000000 | e:   0.100000 | Q: -74.805435 | won: False 
#  387 | steps: 18340 | steps_t: 13074 | t: 123.327260 | r:  -508.000000 | e:   0.100000 | Q: -67.791527 | won: False 
#  388 | steps: 18367 | steps_t: 13100 | t: 123.635436 | r:  -515.000000 | e:   0.100000 | Q: -65.271126 | won: False 
#  389 | steps: 18379 | steps_t: 13111 | t: 123.739162 | r:  -500.000000 | e:   0.100000 | Q: -85.609505 | won: False 
#  390 | steps: 18395 | steps_t: 13126 | t: 123.907707 | r:  -504.000000 | e:   0.100000 | Q: -89.034386 | won: False 
#  391 | steps: 18453 | steps_t: 13183 | t: 125.057640 | r:  -546.000000 | e:   0.100000 | Q: -79.462250 | won: False 
#  392 | steps: 18481 | steps_t: 13210 | t: 125.592200 | r:  -516.000000 | e:   0.100000 | Q: -79.461761 | won: False 
#  393 | steps: 18497 | steps_t: 13225 | t: 125.754772 | r:  -515.000000 | e:   0.100000 | Q: -80.700729 | won: False 
#  394 | steps: 18545 | steps_t: 13272 | t: 126.325242 | r:  -536.000000 | e:   0.100000 | Q: -95.978775 | won: False 
#  395 | steps: 18613 | steps_t: 13339 | t: 127.000433 | r:  -556.000000 | e:   0.100000 | Q: -93.600456 | won: False 
#  396 | steps: 18625 | steps_t: 13350 | t: 127.108143 | r:  -511.000000 | e:   0.100000 | Q: -104.662201 | won: False 
#  397 | steps: 18639 | steps_t: 13363 | t: 127.225829 | r:  -513.000000 | e:   0.100000 | Q: -84.276779 | won: False 
#  398 | steps: 18697 | steps_t: 13420 | t: 127.775358 | r:  -557.000000 | e:   0.100000 | Q: -77.876503 | won: False 
#  399 | steps: 18841 | steps_t: 13563 | t: 129.079868 | r:  -621.000000 | e:   0.100000 | Q: -75.815041 | won: False 
#  400 | steps: 18922 | steps_t: 13643 | t: 129.840833 | r:  -507.000000 | e:   0.100000 | Q: -81.991486 | won: False 
#  401 | steps: 18987 | steps_t: 13707 | t: 130.421280 | r:  -553.000000 | e:   0.100000 | Q: -66.055725 | won: False 
#  402 | steps: 19029 | steps_t: 13748 | t: 130.815226 | r:  -530.000000 | e:   0.100000 | Q: -72.519485 | won: False 
#  403 | steps: 19055 | steps_t: 13773 | t: 131.119411 | r:  -514.000000 | e:   0.100000 | Q: -82.085899 | won: False 
#  404 | steps: 19133 | steps_t: 13850 | t: 131.782637 | r:  -504.000000 | e:   0.100000 | Q: -82.948372 | won: False 
#  405 | steps: 19148 | steps_t: 13864 | t: 131.924259 | r:  -503.000000 | e:   0.100000 | Q: -91.866325 | won: False 
#  406 | steps: 19253 | steps_t: 13968 | t: 132.867733 | r:  -593.000000 | e:   0.100000 | Q: -66.036263 | won: False 
#  407 | steps: 19275 | steps_t: 13989 | t: 133.077175 | r:  -510.000000 | e:   0.100000 | Q: -83.242447 | won: False 
#  408 | steps: 19320 | steps_t: 14033 | t: 133.510015 | r:  -533.000000 | e:   0.100000 | Q: -62.099464 | won: False 
#  409 | steps: 19339 | steps_t: 14051 | t: 133.678564 | r:  -507.000000 | e:   0.100000 | Q: -75.728531 | won: False 
#  410 | steps: 19465 | steps_t: 14176 | t: 134.843447 | r:  -614.000000 | e:   0.100000 | Q: -55.042332 | won: False 
#  411 | steps: 19532 | steps_t: 14242 | t: 135.556540 | r:  -504.000000 | e:   0.100000 | Q: -62.307949 | won: False 
#  412 | steps: 19574 | steps_t: 14283 | t: 135.950485 | r:  -530.000000 | e:   0.100000 | Q: -69.404671 | won: False 
#  413 | steps: 19671 | steps_t: 14379 | t: 136.859055 | r:  -523.000000 | e:   0.100000 | Q: -36.090103 | won: False 
#  414 | steps: 19690 | steps_t: 14397 | t: 137.011648 | r:  -507.000000 | e:   0.100000 | Q: -82.000000 | won: False 
#  415 | steps: 19721 | steps_t: 14427 | t: 137.262973 | r:  -508.000000 | e:   0.100000 | Q: -71.537613 | won: False 
#  416 | steps: 19738 | steps_t: 14443 | t: 137.421550 | r:  -505.000000 | e:   0.100000 | Q: -73.385643 | won: False 
#  417 | steps: 19747 | steps_t: 14451 | t: 137.497347 | r:  -497.000000 | e:   0.100000 | Q: -73.955681 | won: False 
#  418 | steps: 19760 | steps_t: 14463 | t: 137.604062 | r:  -501.000000 | e:   0.100000 | Q: -71.964180 | won: False 
#  419 | steps: 19805 | steps_t: 14507 | t: 138.009975 | r:  -533.000000 | e:   0.100000 | Q: -73.226334 | won: False 
#  420 | steps: 19852 | steps_t: 14553 | t: 138.403921 | r:  -473.000000 | e:   0.100000 | Q: -78.979439 | won: False 
#  421 | steps: 19898 | steps_t: 14598 | t: 138.813825 | r:  -534.000000 | e:   0.100000 | Q: -73.734261 | won: False 
#  422 | steps: 19914 | steps_t: 14613 | t: 138.951456 | r:  -515.000000 | e:   0.100000 | Q: -89.072227 | won: False 
#  423 | steps: 19964 | steps_t: 14662 | t: 139.365348 | r:  -538.000000 | e:   0.100000 | Q: -72.867065 | won: False 
#  424 | steps: 19982 | steps_t: 14679 | t: 139.527914 | r:  -506.000000 | e:   0.100000 | Q: -76.284912 | won: False 
#  425 | steps: 20024 | steps_t: 14720 | t: 139.890945 | r:  -530.000000 | e:   0.100000 | Q: -65.130707 | won: False 
#  426 | steps: 20049 | steps_t: 14744 | t: 140.103374 | r:  -524.000000 | e:   0.100000 | Q: -82.911568 | won: False 
#  427 | steps: 20140 | steps_t: 14834 | t: 140.865336 | r:  -579.000000 | e:   0.100000 | Q: -67.075966 | won: False 
#  428 | steps: 20169 | steps_t: 14862 | t: 141.129627 | r:  -506.000000 | e:   0.100000 | Q: -78.673950 | won: False 
#  429 | steps: 20212 | steps_t: 14904 | t: 141.480691 | r:  -509.000000 | e:   0.100000 | Q: -61.248631 | won: False 
#  430 | steps: 20236 | steps_t: 14927 | t: 141.694118 | r:  -523.000000 | e:   0.100000 | Q: -66.245331 | won: False 
#  431 | steps: 20249 | steps_t: 14939 | t: 141.804821 | r:  -501.000000 | e:   0.100000 | Q: -71.292870 | won: False 
#  432 | steps: 20281 | steps_t: 14970 | t: 142.077094 | r:  -498.000000 | e:   0.100000 | Q: -69.016357 | won: False 
#  433 | steps: 20354 | steps_t: 15042 | t: 142.683472 | r:   105.000000 | e:   0.100000 | Q: -68.961411 | won: True 
#  434 | steps: 20370 | steps_t: 15057 | t: 142.832073 | r:  -515.000000 | e:   0.100000 | Q: -83.322105 | won: False 
#  435 | steps: 20404 | steps_t: 15090 | t: 143.116313 | r:  -522.000000 | e:   0.100000 | Q: -85.632896 | won: False 
#  436 | steps: 20429 | steps_t: 15114 | t: 143.345702 | r:  -524.000000 | e:   0.100000 | Q: -72.234924 | won: False 
#  437 | steps: 20469 | steps_t: 15153 | t: 143.696759 | r:  -528.000000 | e:   0.100000 | Q: -66.297844 | won: False 
#  438 | steps: 20483 | steps_t: 15166 | t: 143.819431 | r:  -502.000000 | e:   0.100000 | Q: -82.096428 | won: False 
#  439 | steps: 20507 | steps_t: 15189 | t: 144.065772 | r:  -512.000000 | e:   0.100000 | Q: -72.785393 | won: False 
#  440 | steps: 20663 | steps_t: 15344 | t: 145.751262 | r:  -633.000000 | e:   0.100000 | Q: -80.779861 | won: False 
#  441 | steps: 20702 | steps_t: 15382 | t: 146.234969 | r:  -538.000000 | e:   0.100000 | Q: -83.239380 | won: False 
#  442 | steps: 20730 | steps_t: 15409 | t: 146.493277 | r:  -527.000000 | e:   0.100000 | Q: -74.402870 | won: False 
#  443 | steps: 20792 | steps_t: 15470 | t: 147.046796 | r:  -561.000000 | e:   0.100000 | Q: -62.816582 | won: False 
#  444 | steps: 20818 | steps_t: 15495 | t: 147.275185 | r:  -525.000000 | e:   0.100000 | Q: -76.260246 | won: False 
#  445 | steps: 20895 | steps_t: 15571 | t: 147.949381 | r:  -576.000000 | e:   0.100000 | Q: -61.120464 | won: False 
#  446 | steps: 20927 | steps_t: 15602 | t: 148.222651 | r:  -531.000000 | e:   0.100000 | Q: -78.363037 | won: False 
#  447 | steps: 20970 | steps_t: 15644 | t: 148.599646 | r:  -531.000000 | e:   0.100000 | Q: -67.364632 | won: False 
#  448 | steps: 21057 | steps_t: 15730 | t: 149.516189 | r:  -513.000000 | e:   0.100000 | Q: -64.631577 | won: False 
#  449 | steps: 21179 | steps_t: 15851 | t: 150.569371 | r:  -610.000000 | e:   0.100000 | Q: -68.179657 | won: False 
#  450 | steps: 21259 | steps_t: 15930 | t: 151.254539 | r:  -568.000000 | e:   0.100000 | Q: -68.450111 | won: False 
#  451 | steps: 21307 | steps_t: 15977 | t: 151.665439 | r:  -536.000000 | e:   0.100000 | Q: -74.498734 | won: False 
#  452 | steps: 21334 | steps_t: 16003 | t: 151.892830 | r:  -515.000000 | e:   0.100000 | Q: -76.402992 | won: False 
#  453 | steps: 21347 | steps_t: 16015 | t: 151.997553 | r:  -501.000000 | e:   0.100000 | Q: -92.303802 | won: False 
#  454 | steps: 21397 | steps_t: 16064 | t: 152.433384 | r:  -538.000000 | e:   0.100000 | Q: -80.422234 | won: False 
#  455 | steps: 21441 | steps_t: 16107 | t: 152.814364 | r:  -532.000000 | e:   0.100000 | Q: -73.881287 | won: False 
#  456 | steps: 21453 | steps_t: 16118 | t: 152.913100 | r:  -511.000000 | e:   0.100000 | Q: -88.133324 | won: False 
#  457 | steps: 21469 | steps_t: 16133 | t: 153.049734 | r:  -515.000000 | e:   0.100000 | Q: -76.844093 | won: False 
#  458 | steps: 21520 | steps_t: 16183 | t: 153.499531 | r:  -539.000000 | e:   0.100000 | Q: -73.610672 | won: False 
#  459 | steps: 21536 | steps_t: 16198 | t: 153.629184 | r:  -504.000000 | e:   0.100000 | Q: -64.202629 | won: False 
#  460 | steps: 21565 | steps_t: 16226 | t: 153.889488 | r:  -517.000000 | e:   0.100000 | Q: -64.930443 | won: False 
#  461 | steps: 21675 | steps_t: 16335 | t: 154.847923 | r:  -536.000000 | e:   0.100000 | Q: -74.068916 | won: False 
#  462 | steps: 21711 | steps_t: 16370 | t: 155.153108 | r:  -524.000000 | e:   0.100000 | Q: -100.245598 | won: False 
#  463 | steps: 21747 | steps_t: 16405 | t: 155.450311 | r:  -524.000000 | e:   0.100000 | Q: -78.544067 | won: False 
#  464 | steps: 21787 | steps_t: 16444 | t: 155.805362 | r:  -466.000000 | e:   0.100000 | Q: -80.206223 | won: False 
#  465 | steps: 21801 | steps_t: 16457 | t: 155.945990 | r:  -513.000000 | e:   0.100000 | Q: -84.263939 | won: False 
#  466 | steps: 21819 | steps_t: 16474 | t: 156.094588 | r:  -517.000000 | e:   0.100000 | Q: -86.327133 | won: False 
#  467 | steps: 21849 | steps_t: 16503 | t: 156.426699 | r:  -529.000000 | e:   0.100000 | Q: -79.135117 | won: False 
#  468 | steps: 21938 | steps_t: 16591 | t: 157.231545 | r:  -577.000000 | e:   0.100000 | Q: -56.319592 | won: False 
#  469 | steps: 21988 | steps_t: 16640 | t: 157.674362 | r:  -538.000000 | e:   0.100000 | Q: -67.731133 | won: False 
#  470 | steps: 22015 | steps_t: 16666 | t: 157.927684 | r:  -526.000000 | e:   0.100000 | Q: -111.057526 | won: False 
#  471 | steps: 22071 | steps_t: 16721 | t: 158.407403 | r:  -482.000000 | e:   0.100000 | Q: -50.749428 | won: False 
#  472 | steps: 22180 | steps_t: 16829 | t: 159.365836 | r:  -597.000000 | e:   0.100000 | Q: -59.346020 | won: False 
#  473 | steps: 22274 | steps_t: 16922 | t: 160.151733 | r:  -582.000000 | e:   0.100000 | Q: -68.381088 | won: False 
#  474 | steps: 22284 | steps_t: 16931 | t: 160.255455 | r:  -498.000000 | e:   0.100000 | Q: -78.824097 | won: False 
#  475 | steps: 22357 | steps_t: 17003 | t: 160.858840 | r:  -561.000000 | e:   0.100000 | Q: -63.390873 | won: False 
#  476 | steps: 22412 | steps_t: 17057 | t: 161.368478 | r:  -543.000000 | e:   0.100000 | Q: -62.273949 | won: False 
#  477 | steps: 22439 | steps_t: 17083 | t: 161.598860 | r:  -515.000000 | e:   0.100000 | Q: -67.458191 | won: False 
#  478 | steps: 22561 | steps_t: 17204 | t: 162.644067 | r:  -559.000000 | e:   0.100000 | Q: -37.888153 | won: False 
#  479 | steps: 22594 | steps_t: 17236 | t: 162.910354 | r:  -521.000000 | e:   0.100000 | Q: -74.767448 | won: False 
#  480 | steps: 22668 | steps_t: 17309 | t: 163.606489 | r:  -562.000000 | e:   0.100000 | Q: -69.457649 | won: False 
#  481 | steps: 22687 | steps_t: 17327 | t: 163.779027 | r:  -507.000000 | e:   0.100000 | Q: -85.366821 | won: False 
#  482 | steps: 22700 | steps_t: 17339 | t: 163.958547 | r:  -501.000000 | e:   0.100000 | Q: -89.018036 | won: False 
#  483 | steps: 22774 | steps_t: 17412 | t: 164.876093 | r:  -562.000000 | e:   0.100000 | Q: -68.721024 | won: False 
#  484 | steps: 22852 | steps_t: 17489 | t: 165.755740 | r:  -566.000000 | e:   0.100000 | Q: -70.891083 | won: False 
#  485 | steps: 22884 | steps_t: 17520 | t: 166.048954 | r:  -520.000000 | e:   0.100000 | Q: -71.976570 | won: False 
#  486 | steps: 22907 | steps_t: 17542 | t: 166.279338 | r:  -511.000000 | e:   0.100000 | Q: -74.501213 | won: False 
#  487 | steps: 22963 | steps_t: 17597 | t: 166.894694 | r:  -544.000000 | e:   0.100000 | Q: -79.045052 | won: False 
#  488 | steps: 22985 | steps_t: 17618 | t: 167.114105 | r:  -510.000000 | e:   0.100000 | Q: -100.712456 | won: False 
#  489 | steps: 23073 | steps_t: 17705 | t: 167.984774 | r:  -576.000000 | e:   0.100000 | Q: -76.597054 | won: False 
#  490 | steps: 23225 | steps_t: 17856 | t: 169.436890 | r:  -585.000000 | e:   0.100000 | Q: -83.606827 | won: False 
#  491 | steps: 23276 | steps_t: 17906 | t: 169.849784 | r:  -539.000000 | e:   0.100000 | Q: -73.597298 | won: False 
#  492 | steps: 23343 | steps_t: 17972 | t: 170.463154 | r:  -555.000000 | e:   0.100000 | Q: -68.928421 | won: False 
#  493 | steps: 23369 | steps_t: 17997 | t: 170.668594 | r:  -514.000000 | e:   0.100000 | Q: -74.332153 | won: False 
#  494 | steps: 23431 | steps_t: 18058 | t: 171.228097 | r:  -550.000000 | e:   0.100000 | Q: -72.622322 | won: False 
#  495 | steps: 23446 | steps_t: 18072 | t: 171.361739 | r:  -503.000000 | e:   0.100000 | Q: -97.759308 | won: False 
#  496 | steps: 23514 | steps_t: 18139 | t: 171.922255 | r:  -556.000000 | e:   0.100000 | Q: -30.472488 | won: False 
#  497 | steps: 23566 | steps_t: 18190 | t: 172.425899 | r:  -445.000000 | e:   0.100000 | Q: -36.969780 | won: False 
#  498 | steps: 23616 | steps_t: 18239 | t: 172.832803 | r:  -454.000000 | e:   0.100000 | Q: -63.793457 | won: False 
#  499 | steps: 23658 | steps_t: 18280 | t: 173.185859 | r:  -519.000000 | e:   0.100000 | Q: -75.483932 | won: False 
#  500 | steps: 23787 | steps_t: 18408 | t: 174.303867 | r:  -562.000000 | e:   0.100000 | Q: -88.522888 | won: False 
#  501 | steps: 23862 | steps_t: 18482 | t: 174.968090 | r:  -497.000000 | e:   0.100000 | Q: -56.514938 | won: False 
#  502 | steps: 23881 | steps_t: 18500 | t: 175.121679 | r:  -507.000000 | e:   0.100000 | Q: -75.549568 | won: False 
#  503 | steps: 23962 | steps_t: 18580 | t: 175.838760 | r:  -558.000000 | e:   0.100000 | Q: -77.491028 | won: False 
#  504 | steps: 24087 | steps_t: 18704 | t: 176.898927 | r:    53.000000 | e:   0.100000 | Q: -42.448593 | won: True 
#  505 | steps: 24116 | steps_t: 18732 | t: 177.137290 | r:  -473.000000 | e:   0.100000 | Q: -61.266624 | won: False 
#  506 | steps: 24182 | steps_t: 18797 | t: 177.680832 | r:  -470.000000 | e:   0.100000 | Q: -49.576767 | won: False 
#  507 | steps: 24225 | steps_t: 18839 | t: 178.083753 | r:  -465.000000 | e:   0.100000 | Q: -68.448189 | won: False 
#  508 | steps: 24429 | steps_t: 19042 | t: 179.820108 | r:  -641.000000 | e:   0.100000 | Q: -38.206261 | won: False 
#  509 | steps: 24441 | steps_t: 19053 | t: 179.938790 | r:  -511.000000 | e:   0.100000 | Q: -90.581612 | won: False 
#  510 | steps: 24486 | steps_t: 19097 | t: 180.334732 | r:  -533.000000 | e:   0.100000 | Q: -83.410339 | won: False 
#  511 | steps: 24524 | steps_t: 19134 | t: 180.637920 | r:  -526.000000 | e:   0.100000 | Q: -92.711983 | won: False 
#  512 | steps: 24592 | steps_t: 19201 | t: 181.236322 | r:  -556.000000 | e:   0.100000 | Q: -66.091087 | won: False 
#  513 | steps: 24611 | steps_t: 19219 | t: 181.402874 | r:  -507.000000 | e:   0.100000 | Q: -73.484650 | won: False 
#  514 | steps: 24635 | steps_t: 19242 | t: 181.598351 | r:  -512.000000 | e:   0.100000 | Q: -72.835678 | won: False 
#  515 | steps: 24653 | steps_t: 19259 | t: 181.743961 | r:  -506.000000 | e:   0.100000 | Q: -78.977890 | won: False 
#  516 | steps: 24686 | steps_t: 19291 | t: 182.015234 | r:  -499.000000 | e:   0.100000 | Q: -90.572243 | won: False 
#  517 | steps: 24758 | steps_t: 19362 | t: 182.763234 | r:  -509.000000 | e:   0.100000 | Q: -31.793781 | won: False 
#  518 | steps: 24820 | steps_t: 19423 | t: 183.295808 | r:  -550.000000 | e:   0.100000 | Q: -57.330338 | won: False 
#  519 | steps: 24956 | steps_t: 19558 | t: 184.487620 | r:  -562.000000 | e:   0.100000 | Q: -57.422668 | won: False 
#  520 | steps: 25079 | steps_t: 19680 | t: 185.543793 | r:  -560.000000 | e:   0.100000 | Q: -33.829475 | won: False 
#  521 | steps: 25123 | steps_t: 19723 | t: 185.926770 | r:  -481.000000 | e:   0.100000 | Q: -32.258533 | won: False 
#  522 | steps: 25409 | steps_t: 20008 | t: 188.346296 | r:  -719.000000 | e:   0.100000 | Q: -27.603878 | won: False 
#  523 | steps: 25454 | steps_t: 20052 | t: 188.733261 | r:  -500.000000 | e:   0.100000 | Q: -62.553284 | won: False 
#  524 | steps: 25555 | steps_t: 20152 | t: 189.610919 | r:  -589.000000 | e:   0.100000 | Q: -63.191891 | won: False 
#  525 | steps: 25572 | steps_t: 20168 | t: 189.763504 | r:  -505.000000 | e:   0.100000 | Q: -73.747536 | won: False 
#  526 | steps: 25644 | steps_t: 20239 | t: 190.379854 | r:  -560.000000 | e:   0.100000 | Q: -55.105228 | won: False 
#  527 | steps: 25697 | steps_t: 20291 | t: 190.835642 | r:  -519.000000 | e:   0.100000 | Q: -57.356449 | won: False 
#  528 | steps: 25778 | steps_t: 20371 | t: 191.522797 | r:  -474.000000 | e:   0.100000 | Q: -39.762360 | won: False 
#  529 | steps: 25871 | steps_t: 20463 | t: 192.319666 | r:  -497.000000 | e:   0.100000 | Q: -53.082062 | won: False 
#  530 | steps: 25950 | steps_t: 20541 | t: 192.998847 | r:  -516.000000 | e:   0.100000 | Q: -36.292423 | won: False 
#  531 | steps: 26104 | steps_t: 20694 | t: 194.302361 | r:  -587.000000 | e:   0.100000 | Q: -65.681358 | won: False 
#  532 | steps: 26171 | steps_t: 20760 | t: 194.884802 | r:  -522.000000 | e:   0.100000 | Q: -65.046761 | won: False 
#  533 | steps: 26184 | steps_t: 20772 | t: 194.988528 | r:  -479.000000 | e:   0.100000 | Q: -69.149117 | won: False 
#  534 | steps: 26229 | steps_t: 20816 | t: 195.379477 | r:  -478.000000 | e:   0.100000 | Q: -74.116501 | won: False 
#  535 | steps: 26277 | steps_t: 20863 | t: 195.800352 | r:  -481.000000 | e:   0.100000 | Q: -69.430374 | won: False 
#  536 | steps: 26321 | steps_t: 20906 | t: 196.158393 | r:  -455.000000 | e:   0.100000 | Q: -65.173676 | won: False 
#  537 | steps: 26365 | steps_t: 20949 | t: 196.547354 | r:  -510.000000 | e:   0.100000 | Q: -70.965027 | won: False 
#  538 | steps: 26425 | steps_t: 21008 | t: 197.067960 | r:  -493.000000 | e:   0.100000 | Q: -63.072021 | won: False 
#  539 | steps: 26478 | steps_t: 21060 | t: 197.523741 | r:  -497.000000 | e:   0.100000 | Q: -64.748772 | won: False 
#  540 | steps: 26561 | steps_t: 21142 | t: 198.235836 | r:  -509.000000 | e:   0.100000 | Q: -50.973125 | won: False 
#  541 | steps: 26605 | steps_t: 21185 | t: 198.617814 | r:  -510.000000 | e:   0.100000 | Q: -50.574512 | won: False 
#  542 | steps: 26645 | steps_t: 21224 | t: 198.976855 | r:  -539.000000 | e:   0.100000 | Q: -56.928341 | won: False 
#  543 | steps: 26675 | steps_t: 21253 | t: 199.242142 | r:  -529.000000 | e:   0.100000 | Q: -57.061615 | won: False 
#  544 | steps: 26750 | steps_t: 21327 | t: 199.876446 | r:   103.000000 | e:   0.100000 | Q: -56.399582 | won: True 
#  545 | steps: 26805 | steps_t: 21381 | t: 200.351175 | r:  -448.000000 | e:   0.100000 | Q: -34.007896 | won: False 
#  546 | steps: 26865 | steps_t: 21440 | t: 200.861811 | r:  -453.000000 | e:   0.100000 | Q: -37.610493 | won: False 
#  547 | steps: 26892 | steps_t: 21466 | t: 201.078229 | r:  -515.000000 | e:   0.100000 | Q: -40.446957 | won: False 
#  548 | steps: 26951 | steps_t: 21524 | t: 201.595851 | r:  -507.000000 | e:   0.100000 | Q: -56.357304 | won: False 
#  549 | steps: 27009 | steps_t: 21581 | t: 202.089527 | r:  -535.000000 | e:   0.100000 | Q: -61.141983 | won: False 
#  550 | steps: 27053 | steps_t: 21624 | t: 202.477488 | r:  -521.000000 | e:   0.100000 | Q: -55.669971 | won: False 
#  551 | steps: 27103 | steps_t: 21673 | t: 202.906339 | r:  -476.000000 | e:   0.100000 | Q: -10.013339 | won: False 
#  552 | steps: 27120 | steps_t: 21689 | t: 203.041982 | r:  -454.000000 | e:   0.100000 | Q: -57.199017 | won: False 
#  553 | steps: 27264 | steps_t: 21832 | t: 204.280665 | r:  -566.000000 | e:   0.100000 | Q: -66.270149 | won: False 
#  554 | steps: 27360 | steps_t: 21927 | t: 205.121414 | r:  -584.000000 | e:   0.100000 | Q: -48.316685 | won: False 
#  555 | steps: 27416 | steps_t: 21982 | t: 205.586168 | r:  -489.000000 | e:   0.100000 | Q: -60.207939 | won: False 
#  556 | steps: 27503 | steps_t: 22068 | t: 206.351121 | r:  -509.000000 | e:   0.100000 | Q: -65.409622 | won: False 
#  557 | steps: 27604 | steps_t: 22168 | t: 207.216806 | r:    77.000000 | e:   0.100000 | Q: -22.854200 | won: True 
#  558 | steps: 27612 | steps_t: 22175 | t: 207.282629 | r:  -507.000000 | e:   0.100000 | Q: -72.624992 | won: False 
#  559 | steps: 27674 | steps_t: 22236 | t: 207.788279 | r:  -550.000000 | e:   0.100000 | Q: -52.472401 | won: False 
#  560 | steps: 27699 | steps_t: 22260 | t: 208.030627 | r:  -502.000000 | e:   0.100000 | Q: -57.120342 | won: False 
#  561 | steps: 27767 | steps_t: 22327 | t: 208.626035 | r:  -501.000000 | e:   0.100000 | Q: -52.779526 | won: False 
#  562 | steps: 27806 | steps_t: 22365 | t: 208.975101 | r:  -476.000000 | e:   0.100000 | Q: -55.430222 | won: False 
#  563 | steps: 27871 | steps_t: 22429 | t: 209.559549 | r:  -542.000000 | e:   0.100000 | Q: -57.539577 | won: False 
#  564 | steps: 28131 | steps_t: 22688 | t: 211.814504 | r:  -642.000000 | e:   0.100000 | Q: -47.431038 | won: False 
#  565 | steps: 28276 | steps_t: 22832 | t: 213.071146 | r:    84.000000 | e:   0.100000 | Q: -42.841461 | won: True 
#  566 | steps: 28402 | steps_t: 22957 | t: 214.188153 | r:  -508.000000 | e:   0.100000 | Q: -53.480240 | won: False 
#  567 | steps: 28440 | steps_t: 22994 | t: 214.535225 | r:  -493.000000 | e:   0.100000 | Q: -59.429585 | won: False 
#  568 | steps: 28524 | steps_t: 23077 | t: 215.341069 | r:  -455.000000 | e:   0.100000 | Q: -34.144032 | won: False 
#  569 | steps: 28592 | steps_t: 23144 | t: 216.146911 | r:  -523.000000 | e:   0.100000 | Q: -48.682629 | won: False 
#  570 | steps: 28611 | steps_t: 23162 | t: 216.333414 | r:  -507.000000 | e:   0.100000 | Q: -58.886086 | won: False 
#  571 | steps: 28620 | steps_t: 23170 | t: 216.431154 | r:  -508.000000 | e:   0.100000 | Q: -67.051781 | won: False 
#  572 | steps: 28680 | steps_t: 23229 | t: 217.065455 | r:   118.000000 | e:   0.100000 | Q: -21.413702 | won: True 
#  573 | steps: 28729 | steps_t: 23277 | t: 217.503284 | r:  -504.000000 | e:   0.100000 | Q: -53.656143 | won: False 
#  574 | steps: 28762 | steps_t: 23309 | t: 217.804478 | r:  -448.000000 | e:   0.100000 | Q: -24.861145 | won: False 
#  575 | steps: 28788 | steps_t: 23334 | t: 218.089715 | r:  -470.000000 | e:   0.100000 | Q: -52.330784 | won: False 
#  576 | steps: 28805 | steps_t: 23350 | t: 218.241309 | r:  -505.000000 | e:   0.100000 | Q: -49.160019 | won: False 
#  577 | steps: 28839 | steps_t: 23383 | t: 218.543500 | r:  -489.000000 | e:   0.100000 | Q: -48.915970 | won: False 
#  578 | steps: 28861 | steps_t: 23404 | t: 218.742966 | r:  -510.000000 | e:   0.100000 | Q: -48.744896 | won: False 
#  579 | steps: 28883 | steps_t: 23425 | t: 218.940438 | r:  -510.000000 | e:   0.100000 | Q: -45.343079 | won: False 
#  580 | steps: 28904 | steps_t: 23445 | t: 219.204732 | r:  -476.000000 | e:   0.100000 | Q: -50.897213 | won: False 
#  581 | steps: 28963 | steps_t: 23503 | t: 219.716362 | r:  -492.000000 | e:   0.100000 | Q: -38.515266 | won: False 
#  582 | steps: 29132 | steps_t: 23671 | t: 222.561749 | r:  -540.000000 | e:   0.100000 | Q: -13.531767 | won: False 
#  583 | steps: 29217 | steps_t: 23755 | t: 223.591993 | r:    93.000000 | e:   0.100000 | Q: -52.889355 | won: True 
#  584 | steps: 29342 | steps_t: 23879 | t: 225.953681 | r:    53.000000 | e:   0.100000 | Q: -15.582236 | won: True 
#  585 | steps: 29436 | steps_t: 23972 | t: 227.485576 | r:  -538.000000 | e:   0.100000 | Q: -49.305691 | won: False 
#  586 | steps: 29500 | steps_t: 24035 | t: 228.092951 | r:  -552.000000 | e:   0.100000 | Q: -49.489513 | won: False 
#  587 | steps: 29558 | steps_t: 24092 | t: 229.182036 | r:  -469.000000 | e:   0.100000 | Q: -63.048321 | won: False 
#  588 | steps: 29842 | steps_t: 24375 | t: 233.954267 | r:  -655.000000 | e:   0.100000 | Q: -16.717865 | won: False 
#  589 | steps: 29882 | steps_t: 24414 | t: 234.404063 | r:  -473.000000 | e:   0.100000 | Q: -45.328102 | won: False 
#  590 | steps: 29927 | steps_t: 24458 | t: 234.793023 | r:  -427.000000 | e:   0.100000 | Q:  -8.460310 | won: False 
#  591 | steps: 30020 | steps_t: 24550 | t: 236.247132 | r:  -526.000000 | e:   0.100000 | Q: -47.807106 | won: False 
#  592 | steps: 30161 | steps_t: 24690 | t: 238.218857 | r:  -596.000000 | e:   0.100000 | Q: -42.557228 | won: False 
#  593 | steps: 30216 | steps_t: 24744 | t: 238.742455 | r:   123.000000 | e:   0.100000 | Q: -40.679749 | won: True 
#  594 | steps: 30232 | steps_t: 24759 | t: 238.878094 | r:  -515.000000 | e:   0.100000 | Q: -45.556637 | won: False 
#  595 | steps: 30253 | steps_t: 24779 | t: 239.078556 | r:  -509.000000 | e:   0.100000 | Q: -45.303757 | won: False 
#  596 | steps: 30420 | steps_t: 24945 | t: 240.526684 | r:    11.000000 | e:   0.100000 | Q: -40.037621 | won: True 
#  597 | steps: 30469 | steps_t: 24993 | t: 240.979470 | r:  -442.000000 | e:   0.100000 | Q: -18.490419 | won: False 
#  598 | steps: 30554 | steps_t: 25077 | t: 241.717495 | r:  -540.000000 | e:   0.100000 | Q: -43.246918 | won: False 
#  599 | steps: 30576 | steps_t: 25098 | t: 241.909981 | r:  -510.000000 | e:   0.100000 | Q: -43.329304 | won: False 
#  600 | steps: 30605 | steps_t: 25126 | t: 242.208183 | r:  -484.000000 | e:   0.100000 | Q: -40.503601 | won: False 
#  601 | steps: 30632 | steps_t: 25152 | t: 242.455521 | r:  -515.000000 | e:   0.100000 | Q: -34.279221 | won: False 
#  602 | steps: 30710 | steps_t: 25229 | t: 243.322205 | r:   100.000000 | e:   0.100000 | Q: -37.760460 | won: True 
#  603 | steps: 30819 | steps_t: 25337 | t: 244.323523 | r:    69.000000 | e:   0.100000 | Q: -17.638910 | won: True 
#  604 | steps: 30848 | steps_t: 25365 | t: 244.572855 | r:  -495.000000 | e:   0.100000 | Q: -45.570518 | won: False 
#  605 | steps: 30915 | steps_t: 25431 | t: 245.184223 | r:   111.000000 | e:   0.100000 | Q:  -9.258146 | won: True 
#  606 | steps: 30960 | steps_t: 25475 | t: 245.593127 | r:  -478.000000 | e:   0.100000 | Q: -49.097569 | won: False 
#  607 | steps: 31021 | steps_t: 25535 | t: 246.401963 | r:  -476.000000 | e:   0.100000 | Q: -15.469233 | won: False 
#  608 | steps: 31031 | steps_t: 25544 | t: 246.542586 | r:  -509.000000 | e:   0.100000 | Q: -39.872219 | won: False 
#  609 | steps: 31084 | steps_t: 25596 | t: 247.207806 | r:  -497.000000 | e:   0.100000 | Q: -56.037922 | won: False 
#  610 | steps: 31153 | steps_t: 25664 | t: 248.015645 | r:   109.000000 | e:   0.100000 | Q: -33.548901 | won: True 
#  611 | steps: 31234 | steps_t: 25744 | t: 249.108721 | r:  -514.000000 | e:   0.100000 | Q: -34.689034 | won: False 
#  612 | steps: 31269 | steps_t: 25778 | t: 249.507652 | r:  -457.000000 | e:   0.100000 | Q: -37.101761 | won: False 
#  613 | steps: 31324 | steps_t: 25832 | t: 250.360371 | r:  -543.000000 | e:   0.100000 | Q: -30.271688 | won: False 
#  614 | steps: 31363 | steps_t: 25870 | t: 251.914214 | r:   139.000000 | e:   0.100000 | Q: -40.069969 | won: True 
#  615 | steps: 31412 | steps_t: 25918 | t: 252.418867 | r:  -526.000000 | e:   0.100000 | Q: -40.413380 | won: False 
#  616 | steps: 31455 | steps_t: 25960 | t: 252.806825 | r:  -509.000000 | e:   0.100000 | Q: -34.404690 | won: False 
#  617 | steps: 31517 | steps_t: 26021 | t: 253.360345 | r:  -550.000000 | e:   0.100000 | Q: -31.031815 | won: False 
#  618 | steps: 31561 | steps_t: 26064 | t: 253.758281 | r:  -477.000000 | e:   0.100000 | Q: -36.325691 | won: False 
#  619 | steps: 31753 | steps_t: 26255 | t: 257.894213 | r:  -680.000000 | e:   0.100000 | Q: -27.686615 | won: False 
#  620 | steps: 31855 | steps_t: 26356 | t: 258.845668 | r:  -495.000000 | e:   0.100000 | Q:  -8.060072 | won: False 
#  621 | steps: 31981 | steps_t: 26481 | t: 260.528167 | r:  -552.000000 | e:   0.100000 | Q:  -4.877198 | won: False 
#  622 | steps: 32052 | steps_t: 26551 | t: 261.757877 | r:  -559.000000 | e:   0.100000 | Q: -24.403387 | won: False 
#  623 | steps: 32104 | steps_t: 26602 | t: 262.586659 | r:  -496.000000 | e:   0.100000 | Q: -32.113262 | won: False 
#  624 | steps: 32340 | steps_t: 26837 | t: 264.907453 | r:  -691.000000 | e:   0.100000 | Q:  -4.676472 | won: False 
#  625 | steps: 32530 | steps_t: 27026 | t: 267.891466 | r:  -612.000000 | e:   0.100000 | Q: -39.565010 | won: False 
#  626 | steps: 32609 | steps_t: 27104 | t: 268.696312 | r:  -556.000000 | e:   0.100000 | Q:  -3.258041 | won: False 
#  627 | steps: 32633 | steps_t: 27127 | t: 268.900765 | r:  -501.000000 | e:   0.100000 | Q: -24.469921 | won: False 
#  628 | steps: 32677 | steps_t: 27170 | t: 269.304683 | r:  -532.000000 | e:   0.100000 | Q: -23.104092 | won: False 
#  629 | steps: 32798 | steps_t: 27290 | t: 270.665044 | r:    57.000000 | e:   0.100000 | Q: -25.748642 | won: True 
#  630 | steps: 32887 | steps_t: 27378 | t: 271.429999 | r:  -544.000000 | e:   0.100000 | Q: -28.729696 | won: False 
#  631 | steps: 32910 | steps_t: 27400 | t: 271.624483 | r:  -500.000000 | e:   0.100000 | Q: -30.650425 | won: False 
#  632 | steps: 33030 | steps_t: 27519 | t: 273.078588 | r:  -491.000000 | e:   0.100000 | Q:  -2.774271 | won: False 
#  633 | steps: 33087 | steps_t: 27575 | t: 273.702916 | r:  -545.000000 | e:   0.100000 | Q: -22.289673 | won: False 
#  634 | steps: 33140 | steps_t: 27627 | t: 274.683294 | r:  -530.000000 | e:   0.100000 | Q: -24.846443 | won: False 
#  635 | steps: 33153 | steps_t: 27639 | t: 274.942604 | r:  -501.000000 | e:   0.100000 | Q: -28.673647 | won: False 
#  636 | steps: 33216 | steps_t: 27701 | t: 275.641730 | r:  -485.000000 | e:   0.100000 | Q: -23.723042 | won: False 
#  637 | steps: 33385 | steps_t: 27869 | t: 277.212526 | r:  -602.000000 | e:   0.100000 | Q:  -2.923488 | won: False 
#  638 | steps: 33400 | steps_t: 27883 | t: 277.406007 | r:  -503.000000 | e:   0.100000 | Q: -40.043690 | won: False 
#  639 | steps: 33462 | steps_t: 27944 | t: 277.980471 | r:   116.000000 | e:   0.100000 | Q: -33.997196 | won: True 
#  640 | steps: 33475 | steps_t: 27956 | t: 278.089181 | r:  -501.000000 | e:   0.100000 | Q: -33.829216 | won: False 
