#    1 | steps:    15 | steps_t:     0 | t: 0.031912 | r:  -503.000000 | e:   1.000000 | Q:        nan | won: False 
#    2 | steps:    74 | steps_t:     0 | t: 0.071805 | r:  -485.000000 | e:   1.000000 | Q:        nan | won: False 
#    3 | steps:    92 | steps_t:     0 | t: 0.155618 | r:  -455.000000 | e:   1.000000 | Q:        nan | won: False 
#    4 | steps:   103 | steps_t:     0 | t: 0.166588 | r:  -510.000000 | e:   1.000000 | Q:        nan | won: False 
#    5 | steps:   166 | steps_t:     0 | t: 0.277296 | r:  -529.000000 | e:   1.000000 | Q:        nan | won: False 
#    6 | steps:   192 | steps_t:     0 | t: 0.298200 | r:  -441.000000 | e:   1.000000 | Q:        nan | won: False 
#    7 | steps:   240 | steps_t:     0 | t: 0.334139 | r:  -452.000000 | e:   1.000000 | Q:        nan | won: False 
#    8 | steps:   252 | steps_t:     0 | t: 0.349065 | r:  -500.000000 | e:   1.000000 | Q:        nan | won: False 
#    9 | steps:   275 | steps_t:     0 | t: 0.378983 | r:  -500.000000 | e:   1.000000 | Q:        nan | won: False 
#   10 | steps:   327 | steps_t:     0 | t: 0.420911 | r:  -467.000000 | e:   1.000000 | Q:        nan | won: False 
#   11 | steps:   426 | steps_t:     0 | t: 0.486696 | r:  -503.000000 | e:   1.000000 | Q:        nan | won: False 
#   12 | steps:   450 | steps_t:     0 | t: 0.506679 | r:  -512.000000 | e:   1.000000 | Q:        nan | won: False 
#   13 | steps:   463 | steps_t:     0 | t: 0.526628 | r:  -512.000000 | e:   1.000000 | Q:        nan | won: False 
#   14 | steps:   472 | steps_t:     0 | t: 0.538558 | r:  -508.000000 | e:   1.000000 | Q:        nan | won: False 
#   15 | steps:   557 | steps_t:     0 | t: 0.596400 | r:  -511.000000 | e:   1.000000 | Q:        nan | won: False 
#   16 | steps:   630 | steps_t:     0 | t: 0.645319 | r:  -550.000000 | e:   1.000000 | Q:        nan | won: False 
#   17 | steps:   660 | steps_t:     0 | t: 0.667213 | r:  -445.000000 | e:   1.000000 | Q:        nan | won: False 
#   18 | steps:   675 | steps_t:     0 | t: 0.682174 | r:  -441.000000 | e:   1.000000 | Q:        nan | won: False 
#   19 | steps:   709 | steps_t:     0 | t: 0.710133 | r:  -533.000000 | e:   1.000000 | Q:        nan | won: False 
#   20 | steps:   726 | steps_t:     0 | t: 0.727084 | r:  -494.000000 | e:   1.000000 | Q:        nan | won: False 
#   21 | steps:   763 | steps_t:     0 | t: 0.758005 | r:  -441.000000 | e:   1.000000 | Q:        nan | won: False 
#   22 | steps:   850 | steps_t:     0 | t: 0.825793 | r:  -520.000000 | e:   1.000000 | Q:        nan | won: False 
#   23 | steps:   889 | steps_t:     0 | t: 0.887622 | r:  -472.000000 | e:   1.000000 | Q:        nan | won: False 
#   24 | steps:   903 | steps_t:     0 | t: 0.913554 | r:  -513.000000 | e:   1.000000 | Q:        nan | won: False 
#   25 | steps:   928 | steps_t:     0 | t: 0.936491 | r:  -480.000000 | e:   1.000000 | Q:        nan | won: False 
#   26 | steps:   951 | steps_t:     0 | t: 0.957435 | r:  -427.000000 | e:   1.000000 | Q:        nan | won: False 
#   27 | steps:   982 | steps_t:     0 | t: 0.984364 | r:  -468.000000 | e:   1.000000 | Q:        nan | won: False 
#   28 | steps:  1024 | steps_t:     0 | t: 1.019270 | r:  -446.000000 | e:   1.000000 | Q:        nan | won: False 
#   29 | steps:  1077 | steps_t:     0 | t: 1.066144 | r:  -479.000000 | e:   1.000000 | Q:        nan | won: False 
#   30 | steps:  1136 | steps_t:     0 | t: 1.124989 | r:  -503.000000 | e:   1.000000 | Q:        nan | won: False 
#   31 | steps:  1145 | steps_t:     0 | t: 1.137954 | r:  -497.000000 | e:   1.000000 | Q:        nan | won: False 
#   32 | steps:  1177 | steps_t:     0 | t: 1.172859 | r:  -458.000000 | e:   1.000000 | Q:        nan | won: False 
#   33 | steps:  1227 | steps_t:     0 | t: 1.224730 | r:   168.000000 | e:   1.000000 | Q:        nan | won: True 
#   34 | steps:  1234 | steps_t:     0 | t: 1.241675 | r:  -484.000000 | e:   1.000000 | Q:        nan | won: False 
#   35 | steps:  1242 | steps_t:     0 | t: 1.258631 | r:  -507.000000 | e:   1.000000 | Q:        nan | won: False 
#   36 | steps:  1293 | steps_t:     0 | t: 1.315477 | r:  -466.000000 | e:   1.000000 | Q:        nan | won: False 
#   37 | steps:  1312 | steps_t:     0 | t: 1.338417 | r:  -518.000000 | e:   1.000000 | Q:        nan | won: False 
#   38 | steps:  1420 | steps_t:     0 | t: 1.447131 | r:  -530.000000 | e:   1.000000 | Q:        nan | won: False 
#   39 | steps:  1442 | steps_t:     0 | t: 1.476048 | r:  -488.000000 | e:   1.000000 | Q:        nan | won: False 
#   40 | steps:  1477 | steps_t:     0 | t: 1.518934 | r:  -428.000000 | e:   1.000000 | Q:        nan | won: False 
#   41 | steps:  1545 | steps_t:     0 | t: 1.585761 | r:  -494.000000 | e:   1.000000 | Q:        nan | won: False 
#   42 | steps:  1606 | steps_t:     0 | t: 1.635622 | r:  -549.000000 | e:   1.000000 | Q:        nan | won: False 
#   43 | steps:  1625 | steps_t:     0 | t: 1.653610 | r:  -507.000000 | e:   1.000000 | Q:        nan | won: False 
#   44 | steps:  1658 | steps_t:     0 | t: 1.679503 | r:  -448.000000 | e:   1.000000 | Q:        nan | won: False 
#   45 | steps:  1680 | steps_t:     0 | t: 1.700446 | r:  -448.000000 | e:   1.000000 | Q:        nan | won: False 
#   46 | steps:  1706 | steps_t:     0 | t: 1.724417 | r:  -503.000000 | e:   1.000000 | Q:        nan | won: False 
#   47 | steps:  1778 | steps_t:     0 | t: 1.778276 | r:  -487.000000 | e:   1.000000 | Q:        nan | won: False 
#   48 | steps:  1787 | steps_t:     0 | t: 1.793204 | r:  -486.000000 | e:   1.000000 | Q:        nan | won: False 
#   49 | steps:  1868 | steps_t:     0 | t: 1.856069 | r:  -503.000000 | e:   1.000000 | Q:        nan | won: False 
#   50 | steps:  1906 | steps_t:     0 | t: 1.887982 | r:  -493.000000 | e:   1.000000 | Q:        nan | won: False 
#   51 | steps:  1916 | steps_t:     0 | t: 1.898952 | r:  -509.000000 | e:   1.000000 | Q:        nan | won: False 
#   52 | steps:  1955 | steps_t:     0 | t: 1.956778 | r:  -381.000000 | e:   1.000000 | Q:        nan | won: False 
#   53 | steps:  2003 | steps_t:     0 | t: 2.030565 | r:  -525.000000 | e:   1.000000 | Q:        nan | won: False 
#   54 | steps:  2017 | steps_t:     0 | t: 2.045525 | r:  -491.000000 | e:   1.000000 | Q:        nan | won: False 
#   55 | steps:  2041 | steps_t:     0 | t: 2.065471 | r:  -428.000000 | e:   1.000000 | Q:        nan | won: False 
#   56 | steps:  2062 | steps_t:     0 | t: 2.084460 | r:  -458.000000 | e:   1.000000 | Q:        nan | won: False 
#   57 | steps:  2094 | steps_t:     0 | t: 2.110388 | r:  -480.000000 | e:   1.000000 | Q:        nan | won: False 
#   58 | steps:  2177 | steps_t:     0 | t: 2.168234 | r:  -560.000000 | e:   1.000000 | Q:        nan | won: False 
#   59 | steps:  2274 | steps_t:     0 | t: 2.233058 | r:  -512.000000 | e:   1.000000 | Q:        nan | won: False 
#   60 | steps:  2280 | steps_t:     0 | t: 2.243992 | r:  -505.000000 | e:   1.000000 | Q:        nan | won: False 
#   61 | steps:  2356 | steps_t:     0 | t: 2.301841 | r:  -520.000000 | e:   1.000000 | Q:        nan | won: False 
#   62 | steps:  2401 | steps_t:     0 | t: 2.336782 | r:  -449.000000 | e:   1.000000 | Q:        nan | won: False 
#   63 | steps:  2417 | steps_t:     0 | t: 2.351707 | r:  -493.000000 | e:   1.000000 | Q:        nan | won: False 
#   64 | steps:  2435 | steps_t:     0 | t: 2.368658 | r:  -484.000000 | e:   1.000000 | Q:        nan | won: False 
#   65 | steps:  2500 | steps_t:     0 | t: 2.415535 | r:  -458.000000 | e:   1.000000 | Q:        nan | won: False 
#   66 | steps:  2600 | steps_t:     0 | t: 2.490367 | r:  -515.000000 | e:   1.000000 | Q:        nan | won: False 
#   67 | steps:  2702 | steps_t:     0 | t: 2.561146 | r:  -517.000000 | e:   1.000000 | Q:        nan | won: False 
#   68 | steps:  2711 | steps_t:     0 | t: 2.572151 | r:  -435.000000 | e:   1.000000 | Q:        nan | won: False 
#   69 | steps:  2726 | steps_t:     0 | t: 2.587074 | r:  -503.000000 | e:   1.000000 | Q:        nan | won: False 
#   70 | steps:  2760 | steps_t:     0 | t: 2.677831 | r:  -438.000000 | e:   1.000000 | Q:        nan | won: False 
#   71 | steps:  2795 | steps_t:     0 | t: 2.708788 | r:  -523.000000 | e:   1.000000 | Q:        nan | won: False 
#   72 | steps:  2811 | steps_t:     0 | t: 2.728697 | r:  -515.000000 | e:   1.000000 | Q:        nan | won: False 
#   73 | steps:  2831 | steps_t:     0 | t: 2.746647 | r:  -508.000000 | e:   1.000000 | Q:        nan | won: False 
#   74 | steps:  2921 | steps_t:     0 | t: 2.811473 | r:  -527.000000 | e:   1.000000 | Q:        nan | won: False 
#   75 | steps:  2945 | steps_t:     0 | t: 2.831462 | r:  -461.000000 | e:   1.000000 | Q:        nan | won: False 
#   76 | steps:  2961 | steps_t:     0 | t: 2.847378 | r:  -493.000000 | e:   1.000000 | Q:        nan | won: False 
#   77 | steps:  2976 | steps_t:     0 | t: 2.863338 | r:  -514.000000 | e:   1.000000 | Q:        nan | won: False 
#   78 | steps:  2996 | steps_t:     0 | t: 2.883320 | r:  -508.000000 | e:   1.000000 | Q:        nan | won: False 
#   79 | steps:  3061 | steps_t:     0 | t: 2.958095 | r:  -542.000000 | e:   1.000000 | Q:        nan | won: False 
#   80 | steps:  3070 | steps_t:     0 | t: 2.974043 | r:  -486.000000 | e:   1.000000 | Q:        nan | won: False 
#   81 | steps:  3135 | steps_t:     0 | t: 3.040863 | r:  -502.000000 | e:   1.000000 | Q:        nan | won: False 
#   82 | steps:  3174 | steps_t:     0 | t: 3.108680 | r:  -465.000000 | e:   1.000000 | Q:        nan | won: False 
#   83 | steps:  3210 | steps_t:     0 | t: 3.152561 | r:  -462.000000 | e:   1.000000 | Q:        nan | won: False 
#   84 | steps:  3227 | steps_t:     0 | t: 3.171517 | r:  -505.000000 | e:   1.000000 | Q:        nan | won: False 
#   85 | steps:  3284 | steps_t:     0 | t: 3.217388 | r:  -461.000000 | e:   1.000000 | Q:        nan | won: False 
#   86 | steps:  3344 | steps_t:     0 | t: 3.271246 | r:  -486.000000 | e:   1.000000 | Q:        nan | won: False 
#   87 | steps:  3358 | steps_t:     0 | t: 3.287238 | r:  -513.000000 | e:   1.000000 | Q:        nan | won: False 
#   88 | steps:  3413 | steps_t:     0 | t: 3.329128 | r:  -459.000000 | e:   1.000000 | Q:        nan | won: False 
#   89 | steps:  3427 | steps_t:     0 | t: 3.344083 | r:  -480.000000 | e:   1.000000 | Q:        nan | won: False 
#   90 | steps:  3442 | steps_t:     0 | t: 3.377965 | r:  -430.000000 | e:   1.000000 | Q:        nan | won: False 
#   91 | steps:  3522 | steps_t:     0 | t: 3.465723 | r:  -462.000000 | e:   1.000000 | Q:        nan | won: False 
#   92 | steps:  3573 | steps_t:     0 | t: 3.507614 | r:  -528.000000 | e:   1.000000 | Q:        nan | won: False 
#   93 | steps:  3600 | steps_t:     0 | t: 3.538532 | r:  -482.000000 | e:   1.000000 | Q:        nan | won: False 
#   94 | steps:  3617 | steps_t:     0 | t: 3.556484 | r:  -505.000000 | e:   1.000000 | Q:        nan | won: False 
#   95 | steps:  3696 | steps_t:     0 | t: 3.632315 | r:  -505.000000 | e:   1.000000 | Q:        nan | won: False 
#   96 | steps:  3728 | steps_t:     0 | t: 3.658220 | r:  -447.000000 | e:   1.000000 | Q:        nan | won: False 
#   97 | steps:  3743 | steps_t:     0 | t: 3.673210 | r:  -503.000000 | e:   1.000000 | Q:        nan | won: False 
#   98 | steps:  3787 | steps_t:     0 | t: 3.709108 | r:  -459.000000 | e:   1.000000 | Q:        nan | won: False 
#   99 | steps:  3798 | steps_t:     0 | t: 3.723074 | r:  -499.000000 | e:   1.000000 | Q:        nan | won: False 
#  100 | steps:  3912 | steps_t:     0 | t: 3.796840 | r:  -529.000000 | e:   1.000000 | Q:        nan | won: False 
#  101 | steps:  3984 | steps_t:     0 | t: 3.851691 | r:  -487.000000 | e:   1.000000 | Q:        nan | won: False 
#  102 | steps:  4043 | steps_t:     0 | t: 3.902589 | r:  -452.000000 | e:   1.000000 | Q:        nan | won: False 
#  103 | steps:  4089 | steps_t:     0 | t: 3.942482 | r:  -472.000000 | e:   1.000000 | Q:        nan | won: False 
#  104 | steps:  4142 | steps_t:     0 | t: 3.983376 | r:  -490.000000 | e:   1.000000 | Q:        nan | won: False 
#  105 | steps:  4175 | steps_t:     0 | t: 4.010303 | r:  -459.000000 | e:   1.000000 | Q:        nan | won: False 
#  106 | steps:  4234 | steps_t:     0 | t: 4.053195 | r:  -525.000000 | e:   1.000000 | Q:        nan | won: False 
#  107 | steps:  4244 | steps_t:     0 | t: 4.067115 | r:  -509.000000 | e:   1.000000 | Q:        nan | won: False 
#  108 | steps:  4272 | steps_t:     0 | t: 4.090089 | r:  -505.000000 | e:   1.000000 | Q:        nan | won: False 
#  109 | steps:  4310 | steps_t:     0 | t: 4.128952 | r:  -431.000000 | e:   1.000000 | Q:        nan | won: False 
#  110 | steps:  4372 | steps_t:     0 | t: 4.196767 | r:  -495.000000 | e:   1.000000 | Q:        nan | won: False 
#  111 | steps:  4426 | steps_t:     0 | t: 4.248629 | r:  -447.000000 | e:   1.000000 | Q:        nan | won: False 
#  112 | steps:  4450 | steps_t:     0 | t: 4.270583 | r:  -417.000000 | e:   1.000000 | Q:        nan | won: False 
#  113 | steps:  4496 | steps_t:     0 | t: 4.306476 | r:  -461.000000 | e:   1.000000 | Q:        nan | won: False 
#  114 | steps:  4559 | steps_t:     0 | t: 4.353350 | r:  -540.000000 | e:   1.000000 | Q:        nan | won: False 
#  115 | steps:  4565 | steps_t:     0 | t: 4.363364 | r:  -494.000000 | e:   1.000000 | Q:        nan | won: False 
#  116 | steps:  4633 | steps_t:     0 | t: 4.411235 | r:  -483.000000 | e:   1.000000 | Q:        nan | won: False 
#  117 | steps:  4644 | steps_t:     0 | t: 4.424159 | r:  -488.000000 | e:   1.000000 | Q:        nan | won: False 
#  118 | steps:  4661 | steps_t:     0 | t: 4.440154 | r:  -505.000000 | e:   1.000000 | Q:        nan | won: False 
#  119 | steps:  4766 | steps_t:     0 | t: 4.517946 | r:  -509.000000 | e:   1.000000 | Q:        nan | won: False 
#  120 | steps:  4779 | steps_t:     0 | t: 4.533869 | r:  -512.000000 | e:   1.000000 | Q:        nan | won: False 
#  121 | steps:  4808 | steps_t:     0 | t: 4.560830 | r:  -484.000000 | e:   1.000000 | Q:        nan | won: False 
#  122 | steps:  4832 | steps_t:     0 | t: 4.584766 | r:  -399.000000 | e:   1.000000 | Q:        nan | won: False 
#  123 | steps:  4881 | steps_t:     0 | t: 4.627615 | r:  -442.000000 | e:   1.000000 | Q:        nan | won: False 
#  124 | steps:  4932 | steps_t:     0 | t: 4.671498 | r:  -455.000000 | e:   1.000000 | Q:        nan | won: False 
#  125 | steps:  4966 | steps_t:     0 | t: 4.704410 | r:  -438.000000 | e:   1.000000 | Q:        nan | won: False 
#  126 | steps:  5008 | steps_t:     7 | t: 5.028546 | r:  -468.000000 | e:   0.999300 | Q:        nan | won: False 
#  127 | steps:  5063 | steps_t:    61 | t: 5.540176 | r:  -437.000000 | e:   0.993900 | Q:        nan | won: False 
#  128 | steps:  5087 | steps_t:    84 | t: 5.738654 | r:  -428.000000 | e:   0.991600 | Q:        nan | won: False 
#  129 | steps:  5141 | steps_t:   137 | t: 6.139575 | r:  -425.000000 | e:   0.986300 | Q:  -1.270788 | won: False 
#  130 | steps:  5194 | steps_t:   189 | t: 6.607319 | r:  -479.000000 | e:   0.981100 | Q:  -9.043619 | won: False 
#  131 | steps:  5255 | steps_t:   249 | t: 7.123938 | r:  -392.000000 | e:   0.975100 | Q: -18.971470 | won: False 
#  132 | steps:  5318 | steps_t:   311 | t: 7.646537 | r:  -489.000000 | e:   0.968900 | Q: -32.569435 | won: False 
#  133 | steps:  5374 | steps_t:   366 | t: 8.063422 | r:  -482.000000 | e:   0.963400 | Q: -61.404781 | won: False 
#  134 | steps:  5402 | steps_t:   393 | t: 8.301785 | r:  -516.000000 | e:   0.960700 | Q:        nan | won: False 
#  135 | steps:  5466 | steps_t:   456 | t: 8.864280 | r:  -501.000000 | e:   0.954400 | Q: -96.309349 | won: False 
#  136 | steps:  5516 | steps_t:   505 | t: 9.268198 | r:  -538.000000 | e:   0.949500 | Q: -111.653893 | won: False 
#  137 | steps:  5578 | steps_t:   566 | t: 9.794791 | r:  -495.000000 | e:   0.943400 | Q: -114.600098 | won: False 
#  138 | steps:  5618 | steps_t:   605 | t: 10.121915 | r:  -466.000000 | e:   0.939500 | Q: -103.487816 | won: False 
#  139 | steps:  5695 | steps_t:   681 | t: 10.723308 | r:  -514.000000 | e:   0.931900 | Q: -109.027657 | won: False 
#  140 | steps:  5757 | steps_t:   742 | t: 11.244932 | r:  -528.000000 | e:   0.925800 | Q: -89.651672 | won: False 
#  141 | steps:  5817 | steps_t:   801 | t: 11.690717 | r:  -486.000000 | e:   0.919900 | Q: -96.069565 | won: False 
#  142 | steps:  5879 | steps_t:   862 | t: 12.230273 | r:  -488.000000 | e:   0.913800 | Q: -118.977554 | won: False 
#  143 | steps:  5964 | steps_t:   946 | t: 13.022154 | r:  -518.000000 | e:   0.905400 | Q: -93.644485 | won: False 
#  144 | steps:  5999 | steps_t:   980 | t: 13.314374 | r:  -534.000000 | e:   0.902000 | Q: -115.421318 | won: False 
#  145 | steps:  6042 | steps_t:  1022 | t: 13.639503 | r:  -447.000000 | e:   0.897800 | Q: -113.438942 | won: False 
#  146 | steps:  6052 | steps_t:  1031 | t: 13.715303 | r:  -487.000000 | e:   0.896900 | Q: -121.365761 | won: False 
#  147 | steps:  6100 | steps_t:  1078 | t: 14.135177 | r:  -419.000000 | e:   0.892200 | Q: -98.290802 | won: False 
#  148 | steps:  6123 | steps_t:  1100 | t: 14.350601 | r:  -449.000000 | e:   0.890000 | Q: -122.428635 | won: False 
#  149 | steps:  6146 | steps_t:  1122 | t: 14.528125 | r:  -511.000000 | e:   0.887800 | Q: -113.910080 | won: False 
#  150 | steps:  6154 | steps_t:  1129 | t: 14.592952 | r:  -507.000000 | e:   0.887100 | Q: -118.945847 | won: False 
#  151 | steps:  6200 | steps_t:  1174 | t: 14.940025 | r:  -472.000000 | e:   0.882600 | Q:        nan | won: False 
#  152 | steps:  6216 | steps_t:  1189 | t: 15.064690 | r:  -515.000000 | e:   0.881100 | Q: -126.839592 | won: False 
#  153 | steps:  6226 | steps_t:  1198 | t: 15.165420 | r:  -509.000000 | e:   0.880200 | Q: -137.149979 | won: False 
#  154 | steps:  6242 | steps_t:  1213 | t: 15.297075 | r:  -515.000000 | e:   0.878700 | Q: -139.363663 | won: False 
#  155 | steps:  6304 | steps_t:  1274 | t: 15.804710 | r:  -455.000000 | e:   0.872600 | Q: -126.738785 | won: False 
#  156 | steps:  6325 | steps_t:  1294 | t: 15.960293 | r:  -509.000000 | e:   0.870600 | Q:        nan | won: False 
#  157 | steps:  6346 | steps_t:  1314 | t: 16.132833 | r:  -520.000000 | e:   0.868600 | Q: -133.663864 | won: False 
#  158 | steps:  6358 | steps_t:  1325 | t: 16.261488 | r:  -511.000000 | e:   0.867500 | Q: -131.994415 | won: False 
#  159 | steps:  6423 | steps_t:  1389 | t: 16.818996 | r:  -531.000000 | e:   0.861100 | Q: -101.203011 | won: False 
#  160 | steps:  6459 | steps_t:  1424 | t: 17.198990 | r:  -524.000000 | e:   0.857600 | Q: -120.070648 | won: False 
#  161 | steps:  6500 | steps_t:  1464 | t: 17.537076 | r:  -467.000000 | e:   0.853600 | Q: -121.317154 | won: False 
#  162 | steps:  6518 | steps_t:  1481 | t: 17.699640 | r:  -517.000000 | e:   0.851900 | Q: -140.889252 | won: False 
#  163 | steps:  6538 | steps_t:  1500 | t: 17.853230 | r:  -508.000000 | e:   0.850000 | Q: -145.376434 | won: False 
#  164 | steps:  6549 | steps_t:  1510 | t: 17.933016 | r:  -510.000000 | e:   0.849000 | Q:        nan | won: False 
#  165 | steps:  6566 | steps_t:  1526 | t: 18.070647 | r:  -432.000000 | e:   0.847400 | Q: -135.853333 | won: False 
#  166 | steps:  6615 | steps_t:  1574 | t: 18.489528 | r:  -537.000000 | e:   0.842600 | Q: -122.593597 | won: False 
#  167 | steps:  6643 | steps_t:  1601 | t: 18.718914 | r:  -505.000000 | e:   0.839900 | Q: -121.255219 | won: False 
#  168 | steps:  6715 | steps_t:  1672 | t: 19.303349 | r:  -549.000000 | e:   0.832800 | Q: -98.528465 | won: False 
#  169 | steps:  6857 | steps_t:  1813 | t: 20.478206 | r:  -513.000000 | e:   0.818700 | Q: -97.754295 | won: False 
#  170 | steps:  6899 | steps_t:  1854 | t: 20.838242 | r:  -457.000000 | e:   0.814600 | Q: -97.308235 | won: False 
#  171 | steps:  6947 | steps_t:  1901 | t: 21.278066 | r:  -496.000000 | e:   0.809900 | Q: -104.093338 | won: False 
#  172 | steps:  6995 | steps_t:  1948 | t: 21.649073 | r:  -452.000000 | e:   0.805200 | Q: -97.070328 | won: False 
#  173 | steps:  7042 | steps_t:  1994 | t: 22.050000 | r:  -473.000000 | e:   0.800600 | Q: -101.562843 | won: False 
#  174 | steps:  7051 | steps_t:  2002 | t: 22.132779 | r:  -435.000000 | e:   0.799800 | Q:        nan | won: False 
#  175 | steps:  7096 | steps_t:  2046 | t: 22.486836 | r:  -533.000000 | e:   0.795400 | Q: -127.437889 | won: False 
#  176 | steps:  7107 | steps_t:  2056 | t: 22.567616 | r:  -488.000000 | e:   0.794400 | Q: -133.340576 | won: False 
#  177 | steps:  7128 | steps_t:  2076 | t: 22.724195 | r:  -509.000000 | e:   0.792400 | Q: -135.493439 | won: False 
#  178 | steps:  7210 | steps_t:  2157 | t: 23.407369 | r:  -486.000000 | e:   0.784300 | Q: -102.273277 | won: False 
#  179 | steps:  7221 | steps_t:  2167 | t: 23.489149 | r:  -499.000000 | e:   0.783300 | Q: -142.981461 | won: False 
#  180 | steps:  7265 | steps_t:  2210 | t: 23.812285 | r:  -448.000000 | e:   0.779000 | Q: -96.932381 | won: False 
#  181 | steps:  7324 | steps_t:  2268 | t: 24.291005 | r:  -547.000000 | e:   0.773200 | Q: -123.875687 | won: False 
#  182 | steps:  7345 | steps_t:  2288 | t: 24.478503 | r:  -509.000000 | e:   0.771200 | Q: -127.479378 | won: False 
#  183 | steps:  7390 | steps_t:  2332 | t: 24.865466 | r:  -533.000000 | e:   0.766800 | Q: -121.691307 | won: False 
#  184 | steps:  7426 | steps_t:  2367 | t: 25.166661 | r:  -502.000000 | e:   0.763300 | Q: -116.452049 | won: False 
#  185 | steps:  7442 | steps_t:  2382 | t: 25.292324 | r:  -515.000000 | e:   0.761800 | Q: -114.838936 | won: False 
#  186 | steps:  7490 | steps_t:  2429 | t: 25.680288 | r:  -525.000000 | e:   0.757100 | Q: -81.904083 | won: False 
#  187 | steps:  7507 | steps_t:  2445 | t: 25.808943 | r:  -483.000000 | e:   0.755500 | Q: -128.707687 | won: False 
#  188 | steps:  7528 | steps_t:  2465 | t: 25.970511 | r:  -509.000000 | e:   0.753500 | Q: -119.300972 | won: False 
#  189 | steps:  7593 | steps_t:  2529 | t: 26.504083 | r:  -491.000000 | e:   0.747100 | Q: -117.892822 | won: False 
#  190 | steps:  7669 | steps_t:  2604 | t: 27.255082 | r:  -553.000000 | e:   0.739600 | Q: -88.329262 | won: False 
#  191 | steps:  7747 | steps_t:  2681 | t: 27.945230 | r:  -471.000000 | e:   0.731900 | Q: -95.093132 | won: False 
#  192 | steps:  7808 | steps_t:  2741 | t: 28.479796 | r:  -538.000000 | e:   0.725900 | Q: -95.429276 | won: False 
#  193 | steps:  7835 | steps_t:  2767 | t: 28.711190 | r:  -460.000000 | e:   0.723300 | Q: -146.725235 | won: False 
#  194 | steps:  7890 | steps_t:  2821 | t: 29.184910 | r:  -492.000000 | e:   0.717900 | Q: -107.867798 | won: False 
#  195 | steps:  7925 | steps_t:  2855 | t: 29.491090 | r:  -512.000000 | e:   0.714500 | Q: -132.248581 | won: False 
#  196 | steps:  7936 | steps_t:  2865 | t: 29.579853 | r:  -499.000000 | e:   0.713500 | Q: -140.548294 | won: False 
#  197 | steps:  8085 | steps_t:  3013 | t: 30.815546 | r:  -542.000000 | e:   0.698700 | Q: -100.300781 | won: False 
#  198 | steps:  8126 | steps_t:  3053 | t: 31.159627 | r:  -529.000000 | e:   0.694700 | Q: -138.709030 | won: False 
#  199 | steps:  8197 | steps_t:  3123 | t: 31.728109 | r:  -537.000000 | e:   0.687700 | Q: -95.824768 | won: False 
#  200 | steps:  8239 | steps_t:  3164 | t: 32.078169 | r:  -530.000000 | e:   0.683600 | Q: -138.319138 | won: False 
#  201 | steps:  8292 | steps_t:  3216 | t: 32.541928 | r:  -468.000000 | e:   0.678400 | Q: -109.738373 | won: False 
#  202 | steps:  8311 | steps_t:  3234 | t: 32.718455 | r:  -507.000000 | e:   0.676600 | Q: -134.986267 | won: False 
#  203 | steps:  8325 | steps_t:  3247 | t: 32.831157 | r:  -462.000000 | e:   0.675300 | Q: -139.532654 | won: False 
#  204 | steps:  8401 | steps_t:  3322 | t: 33.715788 | r:  -491.000000 | e:   0.667800 | Q: -87.426598 | won: False 
#  205 | steps:  8454 | steps_t:  3374 | t: 34.304221 | r:  -541.000000 | e:   0.662600 | Q: -133.529114 | won: False 
#  206 | steps:  8549 | steps_t:  3468 | t: 35.080136 | r:  -572.000000 | e:   0.653200 | Q: -102.342575 | won: False 
#  207 | steps:  8626 | steps_t:  3544 | t: 35.945821 | r:  -554.000000 | e:   0.645600 | Q: -91.890175 | won: False 
#  208 | steps:  8646 | steps_t:  3563 | t: 36.104397 | r:  -475.000000 | e:   0.643700 | Q: -117.630424 | won: False 
#  209 | steps:  8671 | steps_t:  3587 | t: 36.298875 | r:  -513.000000 | e:   0.641300 | Q: -117.584717 | won: False 
#  210 | steps:  8688 | steps_t:  3603 | t: 36.433519 | r:  -494.000000 | e:   0.639700 | Q: -119.117210 | won: False 
#  211 | steps:  8747 | steps_t:  3661 | t: 36.919215 | r:  -474.000000 | e:   0.633900 | Q: -80.106468 | won: False 
#  212 | steps:  8773 | steps_t:  3686 | t: 37.151594 | r:  -514.000000 | e:   0.631400 | Q: -124.015839 | won: False 
#  213 | steps:  8873 | steps_t:  3785 | t: 37.959433 | r:  -544.000000 | e:   0.621500 | Q: -86.303017 | won: False 
#  214 | steps:  8891 | steps_t:  3802 | t: 38.118008 | r:  -517.000000 | e:   0.619800 | Q: -116.584404 | won: False 
#  215 | steps:  8906 | steps_t:  3816 | t: 38.258631 | r:  -514.000000 | e:   0.618400 | Q: -119.492775 | won: False 
#  216 | steps:  8925 | steps_t:  3834 | t: 38.408232 | r:  -518.000000 | e:   0.616600 | Q: -124.673401 | won: False 
#  217 | steps:  9033 | steps_t:  3941 | t: 39.276908 | r:  -534.000000 | e:   0.605900 | Q: -90.310944 | won: False 
#  218 | steps:  9064 | steps_t:  3971 | t: 39.532224 | r:  -519.000000 | e:   0.602900 | Q: -135.883713 | won: False 
#  219 | steps:  9127 | steps_t:  4033 | t: 40.076767 | r:  -551.000000 | e:   0.596700 | Q: -119.010208 | won: False 
#  220 | steps:  9234 | steps_t:  4139 | t: 40.990323 | r:  -533.000000 | e:   0.586100 | Q: -83.004417 | won: False 
#  221 | steps:  9240 | steps_t:  4144 | t: 41.036201 | r:  -505.000000 | e:   0.585600 | Q:        nan | won: False 
#  222 | steps:  9268 | steps_t:  4171 | t: 41.330413 | r:  -516.000000 | e:   0.582900 | Q: -118.925423 | won: False 
#  223 | steps:  9280 | steps_t:  4182 | t: 41.451097 | r:  -500.000000 | e:   0.581800 | Q: -122.031219 | won: False 
#  224 | steps:  9308 | steps_t:  4209 | t: 41.670503 | r:  -454.000000 | e:   0.579100 | Q: -84.493523 | won: False 
#  225 | steps:  9341 | steps_t:  4241 | t: 41.925820 | r:  -470.000000 | e:   0.575900 | Q: -83.953728 | won: False 
#  226 | steps:  9363 | steps_t:  4262 | t: 42.098358 | r:  -404.000000 | e:   0.573800 | Q: -81.767593 | won: False 
#  227 | steps:  9375 | steps_t:  4273 | t: 42.197094 | r:  -500.000000 | e:   0.572700 | Q: -114.580574 | won: False 
#  228 | steps:  9398 | steps_t:  4295 | t: 42.429472 | r:  -500.000000 | e:   0.570500 | Q: -119.729439 | won: False 
#  229 | steps:  9466 | steps_t:  4362 | t: 43.256262 | r:  -483.000000 | e:   0.563800 | Q: -89.775162 | won: False 
#  230 | steps:  9526 | steps_t:  4421 | t: 43.817763 | r:  -475.000000 | e:   0.557900 | Q: -78.832298 | won: False 
#  231 | steps:  9543 | steps_t:  4437 | t: 43.958383 | r:  -516.000000 | e:   0.556300 | Q: -113.876709 | won: False 
#  232 | steps:  9655 | steps_t:  4548 | t: 44.901857 | r:  -549.000000 | e:   0.545200 | Q: -76.396141 | won: False 
#  233 | steps:  9685 | steps_t:  4577 | t: 45.181111 | r:  -529.000000 | e:   0.542300 | Q: -131.608734 | won: False 
#  234 | steps:  9722 | steps_t:  4613 | t: 45.510230 | r:  -514.000000 | e:   0.538700 | Q: -130.317703 | won: False 
#  235 | steps:  9771 | steps_t:  4661 | t: 46.053776 | r:  -475.000000 | e:   0.533900 | Q: -102.289383 | won: False 
#  236 | steps:  9848 | steps_t:  4737 | t: 46.977306 | r:  -503.000000 | e:   0.526300 | Q: -99.058525 | won: False 
#  237 | steps:  9872 | steps_t:  4760 | t: 47.207692 | r:  -523.000000 | e:   0.524000 | Q: -134.506577 | won: False 
#  238 | steps:  9934 | steps_t:  4821 | t: 47.789132 | r:  -488.000000 | e:   0.517900 | Q: -98.792267 | won: False 
#  239 | steps:  9949 | steps_t:  4835 | t: 48.042454 | r:  -492.000000 | e:   0.516500 | Q: -111.262428 | won: False 
#  240 | steps: 10015 | steps_t:  4900 | t: 48.614923 | r:  -554.000000 | e:   0.510000 | Q: -114.563614 | won: False 
#  241 | steps: 10025 | steps_t:  4909 | t: 48.772501 | r:  -509.000000 | e:   0.509100 | Q: -109.212158 | won: False 
#  242 | steps: 10061 | steps_t:  4944 | t: 49.132540 | r:  -513.000000 | e:   0.505600 | Q: -108.502762 | won: False 
#  243 | steps: 10111 | steps_t:  4993 | t: 49.629210 | r:  -538.000000 | e:   0.500700 | Q: -113.434738 | won: False 
#  244 | steps: 10133 | steps_t:  5014 | t: 49.840650 | r:  -510.000000 | e:   0.498600 | Q: -117.008659 | won: False 
#  245 | steps: 10247 | steps_t:  5127 | t: 50.978599 | r:  -580.000000 | e:   0.487300 | Q: -101.550583 | won: False 
#  246 | steps: 10271 | steps_t:  5150 | t: 51.182055 | r:  -472.000000 | e:   0.485000 | Q: -134.831009 | won: False 
#  247 | steps: 10325 | steps_t:  5203 | t: 51.712634 | r:  -491.000000 | e:   0.479700 | Q: -69.924515 | won: False 
#  248 | steps: 10343 | steps_t:  5220 | t: 51.866224 | r:  -517.000000 | e:   0.478000 | Q: -118.534401 | won: False 
#  249 | steps: 10394 | steps_t:  5270 | t: 52.288095 | r:  -539.000000 | e:   0.473000 | Q: -120.244019 | won: False 
#  250 | steps: 10468 | steps_t:  5343 | t: 53.100922 | r:  -478.000000 | e:   0.465700 | Q: -99.105774 | won: False 
#  251 | steps: 10494 | steps_t:  5368 | t: 53.304376 | r:  -525.000000 | e:   0.463200 | Q: -117.451111 | won: False 
#  252 | steps: 10558 | steps_t:  5431 | t: 53.879839 | r:  -552.000000 | e:   0.456900 | Q: -80.372490 | won: False 
#  253 | steps: 10604 | steps_t:  5476 | t: 54.262811 | r:  -534.000000 | e:   0.452400 | Q: -119.458466 | won: False 
#  254 | steps: 10712 | steps_t:  5583 | t: 55.193322 | r:  -512.000000 | e:   0.441700 | Q: -115.497864 | won: False 
#  255 | steps: 10743 | steps_t:  5613 | t: 55.428692 | r:  -519.000000 | e:   0.438700 | Q: -120.884575 | won: False 
#  256 | steps: 10773 | steps_t:  5642 | t: 55.687999 | r:  -529.000000 | e:   0.435800 | Q: -122.870895 | won: False 
#  257 | steps: 10819 | steps_t:  5687 | t: 56.285400 | r:  -472.000000 | e:   0.431300 | Q: -57.443436 | won: False 
#  258 | steps: 10965 | steps_t:  5832 | t: 57.707599 | r:  -568.000000 | e:   0.416800 | Q: -95.549530 | won: False 
#  259 | steps: 10981 | steps_t:  5847 | t: 57.855200 | r:  -515.000000 | e:   0.415300 | Q: -123.092079 | won: False 
#  260 | steps: 11010 | steps_t:  5875 | t: 58.160388 | r:  -528.000000 | e:   0.412500 | Q: -120.799095 | won: False 
#  261 | steps: 11101 | steps_t:  5965 | t: 58.889433 | r:  -528.000000 | e:   0.403500 | Q: -67.628181 | won: False 
#  262 | steps: 11122 | steps_t:  5985 | t: 59.128794 | r:  -509.000000 | e:   0.401500 | Q: -106.475456 | won: False 
#  263 | steps: 11142 | steps_t:  6004 | t: 59.329256 | r:  -519.000000 | e:   0.399600 | Q: -112.115501 | won: False 
#  264 | steps: 11221 | steps_t:  6082 | t: 59.996470 | r:  -567.000000 | e:   0.391800 | Q: -115.109901 | won: False 
#  265 | steps: 11240 | steps_t:  6100 | t: 60.219878 | r:  -518.000000 | e:   0.390000 | Q: -116.743401 | won: False 
#  266 | steps: 11247 | steps_t:  6106 | t: 60.302652 | r:  -506.000000 | e:   0.389400 | Q: -116.718315 | won: False 
#  267 | steps: 11279 | steps_t:  6137 | t: 60.569936 | r:  -498.000000 | e:   0.386300 | Q: -109.984550 | won: False 
#  268 | steps: 11289 | steps_t:  6146 | t: 60.656705 | r:  -498.000000 | e:   0.385400 | Q: -114.100426 | won: False 
#  269 | steps: 11313 | steps_t:  6169 | t: 60.858167 | r:  -501.000000 | e:   0.383100 | Q: -106.660080 | won: False 
#  270 | steps: 11327 | steps_t:  6182 | t: 60.982831 | r:  -491.000000 | e:   0.381800 | Q: -111.055435 | won: False 
#  271 | steps: 11361 | steps_t:  6215 | t: 61.293999 | r:  -449.000000 | e:   0.378500 | Q: -104.342285 | won: False 
#  272 | steps: 11378 | steps_t:  6231 | t: 61.470527 | r:  -443.000000 | e:   0.376900 | Q: -74.278587 | won: False 
#  273 | steps: 11383 | steps_t:  6235 | t: 61.510420 | r:  -504.000000 | e:   0.376500 | Q: -98.141121 | won: False 
#  274 | steps: 11398 | steps_t:  6249 | t: 61.643064 | r:  -492.000000 | e:   0.375100 | Q: -90.381096 | won: False 
#  275 | steps: 11427 | steps_t:  6277 | t: 61.884419 | r:  -382.000000 | e:   0.372300 | Q: -92.854546 | won: False 
#  276 | steps: 11447 | steps_t:  6296 | t: 62.044989 | r:  -475.000000 | e:   0.370400 | Q: -99.558182 | won: False 
#  277 | steps: 11456 | steps_t:  6304 | t: 62.121784 | r:  -508.000000 | e:   0.369600 | Q: -102.467567 | won: False 
#  278 | steps: 11478 | steps_t:  6325 | t: 62.359150 | r:  -521.000000 | e:   0.367500 | Q: -105.085938 | won: False 
#  279 | steps: 11594 | steps_t:  6440 | t: 63.468187 | r:  -604.000000 | e:   0.356000 | Q: -53.433609 | won: False 
#  280 | steps: 11642 | steps_t:  6487 | t: 63.917978 | r:  -536.000000 | e:   0.351300 | Q: -104.045868 | won: False 
#  281 | steps: 11657 | steps_t:  6501 | t: 64.037663 | r:  -503.000000 | e:   0.349900 | Q: -118.957077 | won: False 
#  282 | steps: 11731 | steps_t:  6574 | t: 64.672958 | r:  -562.000000 | e:   0.342600 | Q: -56.270012 | won: False 
#  283 | steps: 11754 | steps_t:  6596 | t: 64.902346 | r:  -522.000000 | e:   0.340400 | Q: -100.709358 | won: False 
#  284 | steps: 11830 | steps_t:  6671 | t: 65.531661 | r:  -553.000000 | e:   0.332900 | Q: -75.150673 | won: False 
#  285 | steps: 11918 | steps_t:  6758 | t: 66.308586 | r:  -576.000000 | e:   0.324200 | Q: -75.318832 | won: False 
#  286 | steps: 11930 | steps_t:  6769 | t: 66.403328 | r:  -511.000000 | e:   0.323100 | Q: -110.484978 | won: False 
#  287 | steps: 11995 | steps_t:  6833 | t: 66.980784 | r:  -531.000000 | e:   0.316700 | Q: -109.524521 | won: False 
#  288 | steps: 12065 | steps_t:  6902 | t: 67.599129 | r:  -547.000000 | e:   0.309800 | Q: -95.070755 | won: False 
#  289 | steps: 12122 | steps_t:  6958 | t: 68.348127 | r:  -545.000000 | e:   0.304200 | Q: -91.429024 | won: False 
#  290 | steps: 12149 | steps_t:  6984 | t: 68.639345 | r:  -515.000000 | e:   0.301600 | Q: -92.552788 | won: False 
#  291 | steps: 12166 | steps_t:  7000 | t: 68.995394 | r:  -505.000000 | e:   0.300000 | Q: -110.719078 | won: False 
#  292 | steps: 12198 | steps_t:  7031 | t: 69.439206 | r:  -531.000000 | e:   0.296900 | Q: -87.976562 | won: False 
#  293 | steps: 12223 | steps_t:  7055 | t: 69.804230 | r:  -524.000000 | e:   0.294500 | Q: -91.360695 | won: False 
#  294 | steps: 12240 | steps_t:  7071 | t: 70.073508 | r:  -516.000000 | e:   0.292900 | Q: -105.358902 | won: False 
#  295 | steps: 12323 | steps_t:  7153 | t: 71.137662 | r:  -571.000000 | e:   0.284700 | Q: -105.808250 | won: False 
#  296 | steps: 12367 | steps_t:  7196 | t: 71.782935 | r:  -532.000000 | e:   0.280400 | Q: -89.330147 | won: False 
#  297 | steps: 12388 | steps_t:  7216 | t: 72.112060 | r:  -520.000000 | e:   0.278400 | Q: -87.933380 | won: False 
#  298 | steps: 12402 | steps_t:  7229 | t: 72.378341 | r:  -502.000000 | e:   0.277100 | Q: -95.503822 | won: False 
#  299 | steps: 12475 | steps_t:  7301 | t: 73.171222 | r:  -572.000000 | e:   0.269900 | Q: -53.174976 | won: False 
#  300 | steps: 12512 | steps_t:  7337 | t: 73.500339 | r:  -536.000000 | e:   0.266300 | Q: -96.257378 | won: False 
#  301 | steps: 12567 | steps_t:  7391 | t: 73.975069 | r:  -554.000000 | e:   0.260900 | Q: -70.828392 | won: False 
#  302 | steps: 12615 | steps_t:  7438 | t: 74.373005 | r:  -536.000000 | e:   0.256200 | Q: -80.481178 | won: False 
#  303 | steps: 12633 | steps_t:  7455 | t: 74.545543 | r:  -517.000000 | e:   0.254500 | Q: -62.809036 | won: False 
#  304 | steps: 12708 | steps_t:  7529 | t: 75.192812 | r:  -563.000000 | e:   0.247100 | Q: -63.431538 | won: False 
#  305 | steps: 12831 | steps_t:  7651 | t: 76.248985 | r:  -538.000000 | e:   0.234900 | Q: -55.648808 | won: False 
#  306 | steps: 12845 | steps_t:  7664 | t: 76.360686 | r:  -513.000000 | e:   0.233600 | Q: -95.351540 | won: False 
#  307 | steps: 12882 | steps_t:  7700 | t: 76.678835 | r:  -536.000000 | e:   0.230000 | Q: -91.694511 | won: False 
#  308 | steps: 12904 | steps_t:  7721 | t: 76.872318 | r:  -521.000000 | e:   0.227900 | Q: -65.056602 | won: False 
#  309 | steps: 12988 | steps_t:  7804 | t: 77.576439 | r:  -561.000000 | e:   0.219600 | Q: -63.182800 | won: False 
#  310 | steps: 12998 | steps_t:  7813 | t: 77.652231 | r:  -509.000000 | e:   0.218700 | Q: -103.911171 | won: False 
#  311 | steps: 13017 | steps_t:  7831 | t: 77.856684 | r:  -507.000000 | e:   0.216900 | Q: -93.802895 | won: False 
#  312 | steps: 13092 | steps_t:  7905 | t: 78.516918 | r:  -563.000000 | e:   0.209500 | Q: -100.976303 | won: False 
#  313 | steps: 13142 | steps_t:  7954 | t: 78.968710 | r:  -549.000000 | e:   0.204600 | Q: -84.846313 | won: False 
#  314 | steps: 13200 | steps_t:  8011 | t: 79.511257 | r:  -546.000000 | e:   0.198900 | Q: -82.949692 | won: False 
#  315 | steps: 13209 | steps_t:  8019 | t: 79.581071 | r:  -497.000000 | e:   0.198100 | Q: -116.974724 | won: False 
#  316 | steps: 13221 | steps_t:  8030 | t: 79.682798 | r:  -511.000000 | e:   0.197000 | Q: -95.843086 | won: False 
#  317 | steps: 13328 | steps_t:  8136 | t: 80.636247 | r:  -544.000000 | e:   0.186400 | Q: -87.964867 | won: False 
#  318 | steps: 13362 | steps_t:  8169 | t: 80.918492 | r:  -533.000000 | e:   0.183100 | Q: -90.001633 | won: False 
#  319 | steps: 13372 | steps_t:  8178 | t: 81.004263 | r:  -509.000000 | e:   0.182200 | Q: -90.450890 | won: False 
#  320 | steps: 13411 | steps_t:  8216 | t: 81.347345 | r:  -538.000000 | e:   0.178400 | Q: -78.875099 | won: False 
#  321 | steps: 13541 | steps_t:  8345 | t: 82.483305 | r:  -618.000000 | e:   0.165500 | Q: -94.482399 | won: False 
#  322 | steps: 13556 | steps_t:  8359 | t: 82.601988 | r:  -514.000000 | e:   0.164100 | Q: -78.338020 | won: False 
#  323 | steps: 13567 | steps_t:  8369 | t: 82.713689 | r:  -510.000000 | e:   0.163100 | Q: -78.363380 | won: False 
#  324 | steps: 13685 | steps_t:  8486 | t: 83.733958 | r:  -555.000000 | e:   0.151400 | Q: -58.989681 | won: False 
#  325 | steps: 13746 | steps_t:  8546 | t: 84.266533 | r:  -560.000000 | e:   0.145400 | Q: -86.001183 | won: False 
#  326 | steps: 13799 | steps_t:  8598 | t: 84.728298 | r:  -541.000000 | e:   0.140200 | Q: -88.195389 | won: False 
#  327 | steps: 13826 | steps_t:  8624 | t: 84.979631 | r:  -515.000000 | e:   0.137600 | Q: -85.493690 | won: False 
#  328 | steps: 13837 | steps_t:  8634 | t: 85.073375 | r:  -488.000000 | e:   0.136600 | Q: -94.345940 | won: False 
#  329 | steps: 13916 | steps_t:  8712 | t: 85.758541 | r:  -578.000000 | e:   0.128800 | Q: -80.642120 | won: False 
#  330 | steps: 14058 | steps_t:  8853 | t: 87.044102 | r:  -641.000000 | e:   0.114700 | Q: -75.615242 | won: False 
#  331 | steps: 14098 | steps_t:  8892 | t: 87.437051 | r:  -539.000000 | e:   0.110800 | Q: -88.253174 | won: False 
