#    1 | steps:    23 | steps_t:     0 | t: 0.040889 | r:  -478.000000 | e:   1.000000 | Q:        nan | won: False 
#    2 | steps:    56 | steps_t:     0 | t: 0.079790 | r:  -459.000000 | e:   1.000000 | Q:        nan | won: False 
#    3 | steps:   115 | steps_t:     0 | t: 0.127698 | r:  -441.000000 | e:   1.000000 | Q:        nan | won: False 
#    4 | steps:   127 | steps_t:     0 | t: 0.140660 | r:  -478.000000 | e:   1.000000 | Q:        nan | won: False 
#    5 | steps:   222 | steps_t:     0 | t: 0.202504 | r:  -561.000000 | e:   1.000000 | Q:        nan | won: False 
#    6 | steps:   243 | steps_t:     0 | t: 0.220407 | r:  -520.000000 | e:   1.000000 | Q:        nan | won: False 
#    7 | steps:   306 | steps_t:     0 | t: 0.265288 | r:  -529.000000 | e:   1.000000 | Q:        nan | won: False 
#    8 | steps:   315 | steps_t:     0 | t: 0.276294 | r:  -497.000000 | e:   1.000000 | Q:        nan | won: False 
#    9 | steps:   355 | steps_t:     0 | t: 0.307177 | r:  -455.000000 | e:   1.000000 | Q:        nan | won: False 
#   10 | steps:   418 | steps_t:     0 | t: 0.351059 | r:  -467.000000 | e:   1.000000 | Q:        nan | won: False 
#   11 | steps:   425 | steps_t:     0 | t: 0.361069 | r:  -495.000000 | e:   1.000000 | Q:        nan | won: False 
#   12 | steps:   438 | steps_t:     0 | t: 0.374032 | r:  -501.000000 | e:   1.000000 | Q:        nan | won: False 
#   13 | steps:   447 | steps_t:     0 | t: 0.385966 | r:  -475.000000 | e:   1.000000 | Q:        nan | won: False 
#   14 | steps:   554 | steps_t:     0 | t: 0.455777 | r:  -529.000000 | e:   1.000000 | Q:        nan | won: False 
#   15 | steps:   590 | steps_t:     0 | t: 0.485697 | r:  -524.000000 | e:   1.000000 | Q:        nan | won: False 
#   16 | steps:   613 | steps_t:     0 | t: 0.511684 | r:  -489.000000 | e:   1.000000 | Q:        nan | won: False 
#   17 | steps:   674 | steps_t:     0 | t: 0.562532 | r:  -454.000000 | e:   1.000000 | Q:        nan | won: False 
#   18 | steps:   700 | steps_t:     0 | t: 0.584435 | r:  -430.000000 | e:   1.000000 | Q:        nan | won: False 
#   19 | steps:   742 | steps_t:     0 | t: 0.617346 | r:  -446.000000 | e:   1.000000 | Q:        nan | won: False 
#   20 | steps:   789 | steps_t:     0 | t: 0.650256 | r:  -429.000000 | e:   1.000000 | Q:        nan | won: False 
#   21 | steps:   852 | steps_t:     0 | t: 0.695146 | r:  -489.000000 | e:   1.000000 | Q:        nan | won: False 
#   22 | steps:   860 | steps_t:     0 | t: 0.705110 | r:  -496.000000 | e:   1.000000 | Q:        nan | won: False 
#   23 | steps:   965 | steps_t:     0 | t: 0.781905 | r:  -531.000000 | e:   1.000000 | Q:        nan | won: False 
#   24 | steps:  1066 | steps_t:     0 | t: 0.850726 | r:   128.000000 | e:   1.000000 | Q:        nan | won: True 
#   25 | steps:  1102 | steps_t:     0 | t: 0.883669 | r:  -451.000000 | e:   1.000000 | Q:        nan | won: False 
#   26 | steps:  1139 | steps_t:     0 | t: 0.912594 | r:  -452.000000 | e:   1.000000 | Q:        nan | won: False 
#   27 | steps:  1172 | steps_t:     0 | t: 0.942477 | r:  -408.000000 | e:   1.000000 | Q:        nan | won: False 
#   28 | steps:  1189 | steps_t:     0 | t: 0.957472 | r:  -454.000000 | e:   1.000000 | Q:        nan | won: False 
#   29 | steps:  1279 | steps_t:     0 | t: 1.086093 | r:  -472.000000 | e:   1.000000 | Q:        nan | won: False 
#   30 | steps:  1290 | steps_t:     0 | t: 1.101053 | r:  -510.000000 | e:   1.000000 | Q:        nan | won: False 
#   31 | steps:  1377 | steps_t:     0 | t: 1.193803 | r:  -458.000000 | e:   1.000000 | Q:        nan | won: False 
#   32 | steps:  1388 | steps_t:     0 | t: 1.205770 | r:  -510.000000 | e:   1.000000 | Q:        nan | won: False 
#   33 | steps:  1436 | steps_t:     0 | t: 1.241674 | r:  -441.000000 | e:   1.000000 | Q:        nan | won: False 
#   34 | steps:  1504 | steps_t:     0 | t: 1.289546 | r:  -483.000000 | e:   1.000000 | Q:        nan | won: False 
#   35 | steps:  1592 | steps_t:     0 | t: 1.348389 | r:   141.000000 | e:   1.000000 | Q:        nan | won: True 
#   36 | steps:  1616 | steps_t:     0 | t: 1.368372 | r:  -439.000000 | e:   1.000000 | Q:        nan | won: False 
#   37 | steps:  1640 | steps_t:     0 | t: 1.389321 | r:  -472.000000 | e:   1.000000 | Q:        nan | won: False 
#   38 | steps:  1652 | steps_t:     0 | t: 1.404242 | r:  -500.000000 | e:   1.000000 | Q:        nan | won: False 
#   39 | steps:  1697 | steps_t:     0 | t: 1.439146 | r:  -449.000000 | e:   1.000000 | Q:        nan | won: False 
#   40 | steps:  1751 | steps_t:     0 | t: 1.481071 | r:  -480.000000 | e:   1.000000 | Q:        nan | won: False 
#   41 | steps:  1853 | steps_t:     0 | t: 1.552843 | r:  -557.000000 | e:   1.000000 | Q:        nan | won: False 
#   42 | steps:  1861 | steps_t:     0 | t: 1.565844 | r:  -507.000000 | e:   1.000000 | Q:        nan | won: False 
#   43 | steps:  1869 | steps_t:     0 | t: 1.576814 | r:  -496.000000 | e:   1.000000 | Q:        nan | won: False 
#   44 | steps:  1887 | steps_t:     0 | t: 1.592772 | r:  -506.000000 | e:   1.000000 | Q:        nan | won: False 
#   45 | steps:  1968 | steps_t:     0 | t: 1.652616 | r:  -507.000000 | e:   1.000000 | Q:        nan | won: False 
#   46 | steps:  1988 | steps_t:     0 | t: 1.671561 | r:  -508.000000 | e:   1.000000 | Q:        nan | won: False 
#   47 | steps:  2022 | steps_t:     0 | t: 1.699452 | r:  -522.000000 | e:   1.000000 | Q:        nan | won: False 
#   48 | steps:  2083 | steps_t:     0 | t: 1.749353 | r:  -505.000000 | e:   1.000000 | Q:        nan | won: False 
#   49 | steps:  2177 | steps_t:     0 | t: 1.813148 | r:  -465.000000 | e:   1.000000 | Q:        nan | won: False 
#   50 | steps:  2230 | steps_t:     0 | t: 1.850085 | r:  -479.000000 | e:   1.000000 | Q:        nan | won: False 
#   51 | steps:  2328 | steps_t:     0 | t: 1.920894 | r:  -524.000000 | e:   1.000000 | Q:        nan | won: False 
#   52 | steps:  2382 | steps_t:     0 | t: 1.964776 | r:  -458.000000 | e:   1.000000 | Q:        nan | won: False 
#   53 | steps:  2522 | steps_t:     0 | t: 2.057492 | r:  -584.000000 | e:   1.000000 | Q:        nan | won: False 
#   54 | steps:  2534 | steps_t:     0 | t: 2.071457 | r:  -489.000000 | e:   1.000000 | Q:        nan | won: False 
#   55 | steps:  2586 | steps_t:     0 | t: 2.117335 | r:  -467.000000 | e:   1.000000 | Q:        nan | won: False 
#   56 | steps:  2600 | steps_t:     0 | t: 2.137278 | r:  -502.000000 | e:   1.000000 | Q:        nan | won: False 
#   57 | steps:  2622 | steps_t:     0 | t: 2.168196 | r:  -510.000000 | e:   1.000000 | Q:        nan | won: False 
#   58 | steps:  2638 | steps_t:     0 | t: 2.189140 | r:  -482.000000 | e:   1.000000 | Q:        nan | won: False 
#   59 | steps:  2661 | steps_t:     0 | t: 2.213077 | r:  -387.000000 | e:   1.000000 | Q:        nan | won: False 
#   60 | steps:  2685 | steps_t:     0 | t: 2.307823 | r:  -461.000000 | e:   1.000000 | Q:        nan | won: False 
#   61 | steps:  2698 | steps_t:     0 | t: 2.321784 | r:  -479.000000 | e:   1.000000 | Q:        nan | won: False 
#   62 | steps:  2761 | steps_t:     0 | t: 2.367699 | r:  -445.000000 | e:   1.000000 | Q:        nan | won: False 
#   63 | steps:  2818 | steps_t:     0 | t: 2.410547 | r:  -483.000000 | e:   1.000000 | Q:        nan | won: False 
#   64 | steps:  2874 | steps_t:     0 | t: 2.452473 | r:  -482.000000 | e:   1.000000 | Q:        nan | won: False 
#   65 | steps:  2965 | steps_t:     0 | t: 2.520290 | r:  -513.000000 | e:   1.000000 | Q:        nan | won: False 
#   66 | steps:  2997 | steps_t:     0 | t: 2.546185 | r:  -458.000000 | e:   1.000000 | Q:        nan | won: False 
#   67 | steps:  3072 | steps_t:     0 | t: 2.604031 | r:  -479.000000 | e:   1.000000 | Q:        nan | won: False 
#   68 | steps:  3124 | steps_t:     0 | t: 2.644957 | r:  -485.000000 | e:   1.000000 | Q:        nan | won: False 
#   69 | steps:  3189 | steps_t:     0 | t: 2.691838 | r:  -509.000000 | e:   1.000000 | Q:        nan | won: False 
#   70 | steps:  3250 | steps_t:     0 | t: 2.736727 | r:  -494.000000 | e:   1.000000 | Q:        nan | won: False 
#   71 | steps:  3291 | steps_t:     0 | t: 2.767594 | r:  -518.000000 | e:   1.000000 | Q:        nan | won: False 
#   72 | steps:  3306 | steps_t:     0 | t: 2.782553 | r:  -514.000000 | e:   1.000000 | Q:        nan | won: False 
#   73 | steps:  3390 | steps_t:     0 | t: 2.841394 | r:  -528.000000 | e:   1.000000 | Q:        nan | won: False 
#   74 | steps:  3425 | steps_t:     0 | t: 2.869361 | r:  -472.000000 | e:   1.000000 | Q:        nan | won: False 
#   75 | steps:  3455 | steps_t:     0 | t: 2.894252 | r:  -518.000000 | e:   1.000000 | Q:        nan | won: False 
#   76 | steps:  3487 | steps_t:     0 | t: 2.920220 | r:  -469.000000 | e:   1.000000 | Q:        nan | won: False 
#   77 | steps:  3598 | steps_t:     0 | t: 2.995982 | r:  -555.000000 | e:   1.000000 | Q:        nan | won: False 
#   78 | steps:  3626 | steps_t:     0 | t: 3.019954 | r:  -516.000000 | e:   1.000000 | Q:        nan | won: False 
#   79 | steps:  3680 | steps_t:     0 | t: 3.063837 | r:  -458.000000 | e:   1.000000 | Q:        nan | won: False 
#   80 | steps:  3760 | steps_t:     0 | t: 3.122643 | r:  -462.000000 | e:   1.000000 | Q:        nan | won: False 
#   81 | steps:  3826 | steps_t:     0 | t: 3.170515 | r:  -532.000000 | e:   1.000000 | Q:        nan | won: False 
#   82 | steps:  3864 | steps_t:     0 | t: 3.199440 | r:  -475.000000 | e:   1.000000 | Q:        nan | won: False 
#   83 | steps:  3921 | steps_t:     0 | t: 3.254290 | r:  -523.000000 | e:   1.000000 | Q:        nan | won: False 
#   84 | steps:  3928 | steps_t:     0 | t: 3.274237 | r:  -506.000000 | e:   1.000000 | Q:        nan | won: False 
#   85 | steps:  3942 | steps_t:     0 | t: 3.297176 | r:  -502.000000 | e:   1.000000 | Q:        nan | won: False 
#   86 | steps:  3960 | steps_t:     0 | t: 3.326097 | r:  -433.000000 | e:   1.000000 | Q:        nan | won: False 
#   87 | steps:  4034 | steps_t:     0 | t: 3.430830 | r:  -529.000000 | e:   1.000000 | Q:        nan | won: False 
#   88 | steps:  4053 | steps_t:     0 | t: 3.451763 | r:  -485.000000 | e:   1.000000 | Q:        nan | won: False 
#   89 | steps:  4131 | steps_t:     0 | t: 3.520579 | r:  -504.000000 | e:   1.000000 | Q:        nan | won: False 
#   90 | steps:  4175 | steps_t:     0 | t: 3.564461 | r:  -532.000000 | e:   1.000000 | Q:        nan | won: False 
#   91 | steps:  4233 | steps_t:     0 | t: 3.623304 | r:  -484.000000 | e:   1.000000 | Q:        nan | won: False 
#   92 | steps:  4269 | steps_t:     0 | t: 3.660204 | r:  -484.000000 | e:   1.000000 | Q:        nan | won: False 
#   93 | steps:  4316 | steps_t:     0 | t: 3.714060 | r:  -502.000000 | e:   1.000000 | Q:        nan | won: False 
#   94 | steps:  4369 | steps_t:     0 | t: 3.753953 | r:  -446.000000 | e:   1.000000 | Q:        nan | won: False 
#   95 | steps:  4393 | steps_t:     0 | t: 3.774898 | r:  -439.000000 | e:   1.000000 | Q:        nan | won: False 
#   96 | steps:  4411 | steps_t:     0 | t: 3.791852 | r:  -455.000000 | e:   1.000000 | Q:        nan | won: False 
#   97 | steps:  4462 | steps_t:     0 | t: 3.841720 | r:  -506.000000 | e:   1.000000 | Q:        nan | won: False 
#   98 | steps:  4506 | steps_t:     0 | t: 3.872636 | r:  -481.000000 | e:   1.000000 | Q:        nan | won: False 
#   99 | steps:  4522 | steps_t:     0 | t: 3.890588 | r:  -460.000000 | e:   1.000000 | Q:        nan | won: False 
#  100 | steps:  4572 | steps_t:     0 | t: 3.953422 | r:  -549.000000 | e:   1.000000 | Q:        nan | won: False 
#  101 | steps:  4637 | steps_t:     0 | t: 4.035202 | r:  -480.000000 | e:   1.000000 | Q:        nan | won: False 
#  102 | steps:  4668 | steps_t:     0 | t: 4.074097 | r:  -468.000000 | e:   1.000000 | Q:        nan | won: False 
#  103 | steps:  4683 | steps_t:     0 | t: 4.094043 | r:  -514.000000 | e:   1.000000 | Q:        nan | won: False 
#  104 | steps:  4713 | steps_t:     0 | t: 4.118978 | r:  -423.000000 | e:   1.000000 | Q:        nan | won: False 
#  105 | steps:  4761 | steps_t:     0 | t: 4.152885 | r:  -514.000000 | e:   1.000000 | Q:        nan | won: False 
#  106 | steps:  4827 | steps_t:     0 | t: 4.201756 | r:   112.000000 | e:   1.000000 | Q:        nan | won: True 
#  107 | steps:  4854 | steps_t:     0 | t: 4.226724 | r:  -442.000000 | e:   1.000000 | Q:        nan | won: False 
#  108 | steps:  4889 | steps_t:     0 | t: 4.254615 | r:  -410.000000 | e:   1.000000 | Q:        nan | won: False 
#  109 | steps:  4960 | steps_t:     0 | t: 4.317445 | r:  -475.000000 | e:   1.000000 | Q:        nan | won: False 
#  110 | steps:  4995 | steps_t:     0 | t: 4.369307 | r:  -439.000000 | e:   1.000000 | Q:        nan | won: False 
#  111 | steps:  5015 | steps_t:     0 | t: 4.818108 | r:  -475.000000 | e:   1.000000 | Q:        nan | won: False 
#  112 | steps:  5069 | steps_t:     0 | t: 5.545162 | r:  -480.000000 | e:   1.000000 | Q:        nan | won: False 
#  113 | steps:  5083 | steps_t:     0 | t: 5.665842 | r:  -513.000000 | e:   1.000000 | Q:        nan | won: False 
#  114 | steps:  5114 | steps_t:     0 | t: 5.956061 | r:  -519.000000 | e:   1.000000 | Q:        nan | won: False 
#  115 | steps:  5172 | steps_t:     0 | t: 6.457719 | r:  -513.000000 | e:   1.000000 | Q:        nan | won: False 
#  116 | steps:  5181 | steps_t:     0 | t: 6.530524 | r:  -508.000000 | e:   1.000000 | Q:        nan | won: False 
#  117 | steps:  5246 | steps_t:     0 | t: 7.135904 | r:  -480.000000 | e:   1.000000 | Q:        nan | won: False 
#  118 | steps:  5260 | steps_t:     0 | t: 7.271542 | r:  -491.000000 | e:   1.000000 | Q:        nan | won: False 
#  119 | steps:  5335 | steps_t:     0 | t: 8.209034 | r:  -468.000000 | e:   1.000000 | Q:        nan | won: False 
#  120 | steps:  5387 | steps_t:     0 | t: 8.684760 | r:  -434.000000 | e:   1.000000 | Q:        nan | won: False 
#  121 | steps:  5560 | steps_t:     0 | t: 10.470982 | r:    56.000000 | e:   1.000000 | Q:        nan | won: True 
#  122 | steps:  5617 | steps_t:     0 | t: 11.129221 | r:  -483.000000 | e:   1.000000 | Q:        nan | won: False 
#  123 | steps:  5630 | steps_t:     0 | t: 11.264858 | r:  -428.000000 | e:   1.000000 | Q:        nan | won: False 
#  124 | steps:  5664 | steps_t:     0 | t: 11.593976 | r:  -471.000000 | e:   1.000000 | Q:        nan | won: False 
#  125 | steps:  5678 | steps_t:     0 | t: 11.723629 | r:  -502.000000 | e:   1.000000 | Q:        nan | won: False 
#  126 | steps:  5687 | steps_t:     0 | t: 11.830345 | r:  -497.000000 | e:   1.000000 | Q:        nan | won: False 
#  127 | steps:  5716 | steps_t:     0 | t: 12.131538 | r:  -466.000000 | e:   1.000000 | Q:        nan | won: False 
#  128 | steps:  5733 | steps_t:     0 | t: 12.385859 | r:  -454.000000 | e:   1.000000 | Q:        nan | won: False 
#  129 | steps:  5763 | steps_t:     0 | t: 12.679074 | r:  -456.000000 | e:   1.000000 | Q:        nan | won: False 
#  130 | steps:  5777 | steps_t:     0 | t: 12.811717 | r:  -513.000000 | e:   1.000000 | Q:        nan | won: False 
#  131 | steps:  5826 | steps_t:     0 | t: 13.441035 | r:  -526.000000 | e:   1.000000 | Q:        nan | won: False 
#  132 | steps:  5852 | steps_t:     0 | t: 13.668426 | r:  -503.000000 | e:   1.000000 | Q:        nan | won: False 
#  133 | steps:  5931 | steps_t:     0 | t: 14.389498 | r:  -512.000000 | e:   1.000000 | Q:        nan | won: False 
#  134 | steps:  5945 | steps_t:     0 | t: 14.564029 | r:  -491.000000 | e:   1.000000 | Q:        nan | won: False 
#  135 | steps:  6025 | steps_t:     0 | t: 15.271137 | r:  -462.000000 | e:   1.000000 | Q:        nan | won: False 
#  136 | steps:  6064 | steps_t:     0 | t: 15.746866 | r:  -403.000000 | e:   1.000000 | Q:        nan | won: False 
#  137 | steps:  6078 | steps_t:     0 | t: 15.873530 | r:  -491.000000 | e:   1.000000 | Q:        nan | won: False 
#  138 | steps:  6093 | steps_t:     0 | t: 16.075986 | r:  -441.000000 | e:   1.000000 | Q:        nan | won: False 
#  139 | steps:  6125 | steps_t:     0 | t: 16.384160 | r:  -509.000000 | e:   1.000000 | Q:        nan | won: False 
#  140 | steps:  6162 | steps_t:     0 | t: 16.766138 | r:  -463.000000 | e:   1.000000 | Q:        nan | won: False 
#  141 | steps:  6183 | steps_t:     0 | t: 16.950643 | r:  -487.000000 | e:   1.000000 | Q:        nan | won: False 
#  142 | steps:  6192 | steps_t:     0 | t: 17.030432 | r:  -508.000000 | e:   1.000000 | Q:        nan | won: False 
#  143 | steps:  6218 | steps_t:     0 | t: 17.246851 | r:  -390.000000 | e:   1.000000 | Q:        nan | won: False 
#  144 | steps:  6273 | steps_t:     0 | t: 17.715602 | r:  -532.000000 | e:   1.000000 | Q:        nan | won: False 
#  145 | steps:  6288 | steps_t:     0 | t: 17.848243 | r:  -503.000000 | e:   1.000000 | Q:        nan | won: False 
#  146 | steps:  6326 | steps_t:     0 | t: 18.247176 | r:  -475.000000 | e:   1.000000 | Q:        nan | won: False 
#  147 | steps:  6337 | steps_t:     0 | t: 18.335938 | r:  -510.000000 | e:   1.000000 | Q:        nan | won: False 
#  148 | steps:  6384 | steps_t:     0 | t: 18.736866 | r:  -524.000000 | e:   1.000000 | Q:        nan | won: False 
#  149 | steps:  6497 | steps_t:     0 | t: 19.800021 | r:  -590.000000 | e:   1.000000 | Q:        nan | won: False 
#  150 | steps:  6567 | steps_t:     0 | t: 20.535053 | r:  -474.000000 | e:   1.000000 | Q:        nan | won: False 
#  151 | steps:  6598 | steps_t:     0 | t: 20.801343 | r:  -508.000000 | e:   1.000000 | Q:        nan | won: False 
#  152 | steps:  6639 | steps_t:     0 | t: 21.196286 | r:  -540.000000 | e:   1.000000 | Q:        nan | won: False 
#  153 | steps:  6678 | steps_t:     0 | t: 21.569287 | r:  -465.000000 | e:   1.000000 | Q:        nan | won: False 
#  154 | steps:  6709 | steps_t:     0 | t: 21.847542 | r:  -406.000000 | e:   1.000000 | Q:        nan | won: False 
#  155 | steps:  6773 | steps_t:     0 | t: 22.615487 | r:  -490.000000 | e:   1.000000 | Q:        nan | won: False 
#  156 | steps:  6812 | steps_t:     0 | t: 23.176986 | r:  -432.000000 | e:   1.000000 | Q:        nan | won: False 
#  157 | steps:  6828 | steps_t:     0 | t: 23.443273 | r:  -493.000000 | e:   1.000000 | Q:        nan | won: False 
#  158 | steps:  6882 | steps_t:     0 | t: 24.345864 | r:  -458.000000 | e:   1.000000 | Q:        nan | won: False 
#  159 | steps:  6904 | steps_t:     0 | t: 24.743793 | r:  -510.000000 | e:   1.000000 | Q:        nan | won: False 
#  160 | steps:  6926 | steps_t:     0 | t: 25.126767 | r:  -466.000000 | e:   1.000000 | Q:        nan | won: False 
#  161 | steps:  6961 | steps_t:     0 | t: 25.493787 | r:  -428.000000 | e:   1.000000 | Q:        nan | won: False 
#  162 | steps:  7018 | steps_t:     0 | t: 26.175961 | r:  -501.000000 | e:   1.000000 | Q:        nan | won: False 
#  163 | steps:  7099 | steps_t:     0 | t: 27.583201 | r:  -485.000000 | e:   1.000000 | Q:        nan | won: False 
#  164 | steps:  7152 | steps_t:     0 | t: 28.187578 | r:  -475.000000 | e:   1.000000 | Q:        nan | won: False 
#  165 | steps:  7189 | steps_t:     0 | t: 28.634389 | r:  -525.000000 | e:   1.000000 | Q:        nan | won: False 
#  166 | steps:  7266 | steps_t:     0 | t: 29.352463 | r:  -499.000000 | e:   1.000000 | Q:        nan | won: False 
#  167 | steps:  7309 | steps_t:     0 | t: 29.848135 | r:  -425.000000 | e:   1.000000 | Q:        nan | won: False 
#  168 | steps:  7325 | steps_t:     0 | t: 30.255054 | r:  -493.000000 | e:   1.000000 | Q:        nan | won: False 
#  169 | steps:  7378 | steps_t:     0 | t: 30.890348 | r:  -497.000000 | e:   1.000000 | Q:        nan | won: False 
#  170 | steps:  7450 | steps_t:     0 | t: 31.854767 | r:   106.000000 | e:   1.000000 | Q:        nan | won: True 
#  171 | steps:  7465 | steps_t:     0 | t: 32.392334 | r:  -503.000000 | e:   1.000000 | Q:        nan | won: False 
#  172 | steps:  7549 | steps_t:     0 | t: 33.876358 | r:  -550.000000 | e:   1.000000 | Q:        nan | won: False 
#  173 | steps:  7615 | steps_t:     0 | t: 34.611392 | r:  -532.000000 | e:   1.000000 | Q:        nan | won: False 
#  174 | steps:  7635 | steps_t:     0 | t: 34.874686 | r:  -446.000000 | e:   1.000000 | Q:        nan | won: False 
#  175 | steps:  7653 | steps_t:     0 | t: 35.046229 | r:  -506.000000 | e:   1.000000 | Q:        nan | won: False 
#  176 | steps:  7710 | steps_t:     0 | t: 35.763310 | r:  -483.000000 | e:   1.000000 | Q:        nan | won: False 
#  177 | steps:  7729 | steps_t:     0 | t: 35.975742 | r:  -518.000000 | e:   1.000000 | Q:        nan | won: False 
#  178 | steps:  7750 | steps_t:     0 | t: 36.197149 | r:  -509.000000 | e:   1.000000 | Q:        nan | won: False 
#  179 | steps:  7788 | steps_t:     0 | t: 36.671879 | r:  -475.000000 | e:   1.000000 | Q:        nan | won: False 
#  180 | steps:  7805 | steps_t:     0 | t: 36.888299 | r:  -505.000000 | e:   1.000000 | Q:        nan | won: False 
#  181 | steps:  7818 | steps_t:     0 | t: 37.084773 | r:  -512.000000 | e:   1.000000 | Q:        nan | won: False 
#  182 | steps:  7880 | steps_t:     0 | t: 37.963422 | r:  -477.000000 | e:   1.000000 | Q:        nan | won: False 
#  183 | steps:  7896 | steps_t:     0 | t: 38.134963 | r:  -515.000000 | e:   1.000000 | Q:        nan | won: False 
#  184 | steps:  7935 | steps_t:     0 | t: 38.569801 | r:  -465.000000 | e:   1.000000 | Q:        nan | won: False 
#  185 | steps:  7956 | steps_t:     0 | t: 39.104369 | r:  -418.000000 | e:   1.000000 | Q:        nan | won: False 
#  186 | steps:  8018 | steps_t:     0 | t: 40.289205 | r:  -488.000000 | e:   1.000000 | Q:        nan | won: False 
