#    1 | steps:    13 | steps_t:     0 | t: 0.039895 | r:  -501.000000 | e:   1.000000 | Q:        nan | won: False 
#    2 | steps:    88 | steps_t:     0 | t: 0.102725 | r:  -508.000000 | e:   1.000000 | Q:        nan | won: False 
#    3 | steps:   128 | steps_t:     0 | t: 0.130648 | r:  -444.000000 | e:   1.000000 | Q:        nan | won: False 
#    4 | steps:   181 | steps_t:     0 | t: 0.167549 | r:  -457.000000 | e:   1.000000 | Q:        nan | won: False 
#    5 | steps:   196 | steps_t:     0 | t: 0.183507 | r:  -448.000000 | e:   1.000000 | Q:        nan | won: False 
#    6 | steps:   249 | steps_t:     0 | t: 0.231381 | r:  -457.000000 | e:   1.000000 | Q:        nan | won: False 
#    7 | steps:   322 | steps_t:     0 | t: 0.291218 | r:  -550.000000 | e:   1.000000 | Q:        nan | won: False 
#    8 | steps:   338 | steps_t:     0 | t: 0.305217 | r:  -471.000000 | e:   1.000000 | Q:        nan | won: False 
#    9 | steps:   374 | steps_t:     0 | t: 0.331153 | r:  -462.000000 | e:   1.000000 | Q:        nan | won: False 
#   10 | steps:   417 | steps_t:     0 | t: 0.362031 | r:  -447.000000 | e:   1.000000 | Q:        nan | won: False 
#   11 | steps:   465 | steps_t:     0 | t: 0.400928 | r:  -525.000000 | e:   1.000000 | Q:        nan | won: False 
#   12 | steps:   501 | steps_t:     0 | t: 0.435831 | r:  -440.000000 | e:   1.000000 | Q:        nan | won: False 
#   13 | steps:   517 | steps_t:     0 | t: 0.450791 | r:  -402.000000 | e:   1.000000 | Q:        nan | won: False 
#   14 | steps:   545 | steps_t:     0 | t: 0.472735 | r:  -443.000000 | e:   1.000000 | Q:        nan | won: False 
#   15 | steps:   648 | steps_t:     0 | t: 0.545572 | r:  -525.000000 | e:   1.000000 | Q:        nan | won: False 
#   16 | steps:   672 | steps_t:     0 | t: 0.640287 | r:  -512.000000 | e:   1.000000 | Q:        nan | won: False 
#   17 | steps:   681 | steps_t:     0 | t: 0.651255 | r:  -497.000000 | e:   1.000000 | Q:        nan | won: False 
#   18 | steps:   694 | steps_t:     0 | t: 0.663223 | r:  -501.000000 | e:   1.000000 | Q:        nan | won: False 
#   19 | steps:   724 | steps_t:     0 | t: 0.687199 | r:  -445.000000 | e:   1.000000 | Q:        nan | won: False 
#   20 | steps:   793 | steps_t:     0 | t: 0.733078 | r:  -546.000000 | e:   1.000000 | Q:        nan | won: False 
#   21 | steps:   814 | steps_t:     0 | t: 0.783937 | r:  -498.000000 | e:   1.000000 | Q:        nan | won: False 
#   22 | steps:   850 | steps_t:     0 | t: 0.813862 | r:  -524.000000 | e:   1.000000 | Q:        nan | won: False 
#   23 | steps:   899 | steps_t:     0 | t: 0.851721 | r:  -475.000000 | e:   1.000000 | Q:        nan | won: False 
#   24 | steps:   920 | steps_t:     0 | t: 0.869710 | r:  -414.000000 | e:   1.000000 | Q:        nan | won: False 
#   25 | steps:   951 | steps_t:     0 | t: 0.894604 | r:  -424.000000 | e:   1.000000 | Q:        nan | won: False 
#   26 | steps:  1028 | steps_t:     0 | t: 0.951493 | r:  -510.000000 | e:   1.000000 | Q:        nan | won: False 
#   27 | steps:  1061 | steps_t:     0 | t: 0.977419 | r:  -521.000000 | e:   1.000000 | Q:        nan | won: False 
#   28 | steps:  1116 | steps_t:     0 | t: 1.022300 | r:  -481.000000 | e:   1.000000 | Q:        nan | won: False 
#   29 | steps:  1154 | steps_t:     0 | t: 1.052198 | r:  -431.000000 | e:   1.000000 | Q:        nan | won: False 
#   30 | steps:  1214 | steps_t:     0 | t: 1.116012 | r:  -453.000000 | e:   1.000000 | Q:        nan | won: False 
#   31 | steps:  1298 | steps_t:     0 | t: 1.192806 | r:  -528.000000 | e:   1.000000 | Q:        nan | won: False 
#   32 | steps:  1355 | steps_t:     0 | t: 1.290545 | r:  -483.000000 | e:   1.000000 | Q:        nan | won: False 
#   33 | steps:  1444 | steps_t:     0 | t: 1.370331 | r:   140.000000 | e:   1.000000 | Q:        nan | won: True 
#   34 | steps:  1456 | steps_t:     0 | t: 1.382299 | r:  -478.000000 | e:   1.000000 | Q:        nan | won: False 
#   35 | steps:  1517 | steps_t:     0 | t: 1.424187 | r:  -487.000000 | e:   1.000000 | Q:        nan | won: False 
#   36 | steps:  1556 | steps_t:     0 | t: 1.456103 | r:  -516.000000 | e:   1.000000 | Q:        nan | won: False 
#   37 | steps:  1576 | steps_t:     0 | t: 1.473058 | r:  -486.000000 | e:   1.000000 | Q:        nan | won: False 
#   38 | steps:  1594 | steps_t:     0 | t: 1.490055 | r:  -455.000000 | e:   1.000000 | Q:        nan | won: False 
#   39 | steps:  1635 | steps_t:     0 | t: 1.524956 | r:  -438.000000 | e:   1.000000 | Q:        nan | won: False 
#   40 | steps:  1672 | steps_t:     0 | t: 1.554889 | r:  -474.000000 | e:   1.000000 | Q:        nan | won: False 
#   41 | steps:  1682 | steps_t:     0 | t: 1.566807 | r:  -447.000000 | e:   1.000000 | Q:        nan | won: False 
#   42 | steps:  1695 | steps_t:     0 | t: 1.580805 | r:  -512.000000 | e:   1.000000 | Q:        nan | won: False 
#   43 | steps:  1741 | steps_t:     0 | t: 1.627681 | r:  -523.000000 | e:   1.000000 | Q:        nan | won: False 
#   44 | steps:  1817 | steps_t:     0 | t: 1.678509 | r:  -487.000000 | e:   1.000000 | Q:        nan | won: False 
#   45 | steps:  1871 | steps_t:     0 | t: 1.716407 | r:  -491.000000 | e:   1.000000 | Q:        nan | won: False 
#   46 | steps:  1891 | steps_t:     0 | t: 1.737351 | r:  -497.000000 | e:   1.000000 | Q:        nan | won: False 
#   47 | steps:  1974 | steps_t:     0 | t: 1.813146 | r:  -549.000000 | e:   1.000000 | Q:        nan | won: False 
#   48 | steps:  2057 | steps_t:     0 | t: 1.873028 | r:  -465.000000 | e:   1.000000 | Q:        nan | won: False 
#   49 | steps:  2105 | steps_t:     0 | t: 1.907894 | r:  -514.000000 | e:   1.000000 | Q:        nan | won: False 
#   50 | steps:  2145 | steps_t:     0 | t: 1.936857 | r:  -466.000000 | e:   1.000000 | Q:        nan | won: False 
#   51 | steps:  2221 | steps_t:     0 | t: 1.995661 | r:  -553.000000 | e:   1.000000 | Q:        nan | won: False 
#   52 | steps:  2232 | steps_t:     0 | t: 2.011652 | r:  -426.000000 | e:   1.000000 | Q:        nan | won: False 
#   53 | steps:  2289 | steps_t:     0 | t: 2.054502 | r:  -523.000000 | e:   1.000000 | Q:        nan | won: False 
#   54 | steps:  2347 | steps_t:     0 | t: 2.094395 | r:  -484.000000 | e:   1.000000 | Q:        nan | won: False 
#   55 | steps:  2404 | steps_t:     0 | t: 2.139276 | r:  -450.000000 | e:   1.000000 | Q:        nan | won: False 
#   56 | steps:  2466 | steps_t:     0 | t: 2.181205 | r:  -495.000000 | e:   1.000000 | Q:        nan | won: False 
#   57 | steps:  2497 | steps_t:     0 | t: 2.225047 | r:  -435.000000 | e:   1.000000 | Q:        nan | won: False 
#   58 | steps:  2525 | steps_t:     0 | t: 2.265937 | r:  -454.000000 | e:   1.000000 | Q:        nan | won: False 
#   59 | steps:  2538 | steps_t:     0 | t: 2.291867 | r:  -428.000000 | e:   1.000000 | Q:        nan | won: False 
#   60 | steps:  2595 | steps_t:     0 | t: 2.338740 | r:  -439.000000 | e:   1.000000 | Q:        nan | won: False 
#   61 | steps:  2666 | steps_t:     0 | t: 2.477370 | r:  -537.000000 | e:   1.000000 | Q:        nan | won: False 
#   62 | steps:  2689 | steps_t:     0 | t: 2.500308 | r:  -511.000000 | e:   1.000000 | Q:        nan | won: False 
#   63 | steps:  2697 | steps_t:     0 | t: 2.511278 | r:  -507.000000 | e:   1.000000 | Q:        nan | won: False 
#   64 | steps:  2780 | steps_t:     0 | t: 2.568173 | r:  -487.000000 | e:   1.000000 | Q:        nan | won: False 
#   65 | steps:  2851 | steps_t:     0 | t: 2.615000 | r:  -537.000000 | e:   1.000000 | Q:        nan | won: False 
#   66 | steps:  2902 | steps_t:     0 | t: 2.654934 | r:  -473.000000 | e:   1.000000 | Q:        nan | won: False 
#   67 | steps:  2919 | steps_t:     0 | t: 2.670891 | r:  -516.000000 | e:   1.000000 | Q:        nan | won: False 
#   68 | steps:  2987 | steps_t:     0 | t: 2.724744 | r:  -450.000000 | e:   1.000000 | Q:        nan | won: False 
#   69 | steps:  3001 | steps_t:     0 | t: 2.740702 | r:  -513.000000 | e:   1.000000 | Q:        nan | won: False 
#   70 | steps:  3037 | steps_t:     0 | t: 2.768629 | r:  -524.000000 | e:   1.000000 | Q:        nan | won: False 
#   71 | steps:  3048 | steps_t:     0 | t: 2.783550 | r:  -488.000000 | e:   1.000000 | Q:        nan | won: False 
#   72 | steps:  3062 | steps_t:     0 | t: 2.797515 | r:  -491.000000 | e:   1.000000 | Q:        nan | won: False 
#   73 | steps:  3110 | steps_t:     0 | t: 2.832421 | r:  -441.000000 | e:   1.000000 | Q:        nan | won: False 
#   74 | steps:  3210 | steps_t:     0 | t: 2.896287 | r:  -555.000000 | e:   1.000000 | Q:        nan | won: False 
#   75 | steps:  3231 | steps_t:     0 | t: 2.914202 | r:  -458.000000 | e:   1.000000 | Q:        nan | won: False 
#   76 | steps:  3263 | steps_t:     0 | t: 2.943160 | r:  -469.000000 | e:   1.000000 | Q:        nan | won: False 
#   77 | steps:  3292 | steps_t:     0 | t: 2.968061 | r:  -466.000000 | e:   1.000000 | Q:        nan | won: False 
#   78 | steps:  3329 | steps_t:     0 | t: 3.001011 | r:  -514.000000 | e:   1.000000 | Q:        nan | won: False 
#   79 | steps:  3341 | steps_t:     0 | t: 3.017959 | r:  -500.000000 | e:   1.000000 | Q:        nan | won: False 
#   80 | steps:  3384 | steps_t:     0 | t: 3.056890 | r:  -425.000000 | e:   1.000000 | Q:        nan | won: False 
#   81 | steps:  3431 | steps_t:     0 | t: 3.090773 | r:  -502.000000 | e:   1.000000 | Q:        nan | won: False 
#   82 | steps:  3484 | steps_t:     0 | t: 3.128628 | r:  -497.000000 | e:   1.000000 | Q:        nan | won: False 
#   83 | steps:  3516 | steps_t:     0 | t: 3.155555 | r:  -436.000000 | e:   1.000000 | Q:        nan | won: False 
#   84 | steps:  3579 | steps_t:     0 | t: 3.203467 | r:  -456.000000 | e:   1.000000 | Q:        nan | won: False 
#   85 | steps:  3623 | steps_t:     0 | t: 3.240365 | r:  -481.000000 | e:   1.000000 | Q:        nan | won: False 
#   86 | steps:  3635 | steps_t:     0 | t: 3.253295 | r:  -387.000000 | e:   1.000000 | Q:        nan | won: False 
#   87 | steps:  3644 | steps_t:     0 | t: 3.265299 | r:  -508.000000 | e:   1.000000 | Q:        nan | won: False 
#   88 | steps:  3728 | steps_t:     0 | t: 3.323148 | r:    94.000000 | e:   1.000000 | Q:        nan | won: True 
#   89 | steps:  3740 | steps_t:     0 | t: 3.345054 | r:  -500.000000 | e:   1.000000 | Q:        nan | won: False 
#   90 | steps:  3762 | steps_t:     0 | t: 3.395911 | r:  -510.000000 | e:   1.000000 | Q:        nan | won: False 
#   91 | steps:  3775 | steps_t:     0 | t: 3.450766 | r:  -501.000000 | e:   1.000000 | Q:        nan | won: False 
#   92 | steps:  3864 | steps_t:     0 | t: 3.580420 | r:  -482.000000 | e:   1.000000 | Q:        nan | won: False 
#   93 | steps:  3882 | steps_t:     0 | t: 3.611336 | r:  -517.000000 | e:   1.000000 | Q:        nan | won: False 
#   94 | steps:  3898 | steps_t:     0 | t: 3.645245 | r:  -402.000000 | e:   1.000000 | Q:        nan | won: False 
#   95 | steps:  3934 | steps_t:     0 | t: 3.699101 | r:  -429.000000 | e:   1.000000 | Q:        nan | won: False 
#   96 | steps:  3955 | steps_t:     0 | t: 3.723037 | r:  -509.000000 | e:   1.000000 | Q:        nan | won: False 
#   97 | steps:  4037 | steps_t:     0 | t: 3.793849 | r:  -475.000000 | e:   1.000000 | Q:        nan | won: False 
#   98 | steps:  4057 | steps_t:     0 | t: 3.819779 | r:  -497.000000 | e:   1.000000 | Q:        nan | won: False 
#   99 | steps:  4112 | steps_t:     0 | t: 3.876628 | r:  -437.000000 | e:   1.000000 | Q:        nan | won: False 
#  100 | steps:  4165 | steps_t:     0 | t: 3.930482 | r:  -508.000000 | e:   1.000000 | Q:        nan | won: False 
#  101 | steps:  4177 | steps_t:     0 | t: 3.947437 | r:  -500.000000 | e:   1.000000 | Q:        nan | won: False 
#  102 | steps:  4285 | steps_t:     0 | t: 4.039194 | r:  -479.000000 | e:   1.000000 | Q:        nan | won: False 
#  103 | steps:  4355 | steps_t:     0 | t: 4.090056 | r:  -474.000000 | e:   1.000000 | Q:        nan | won: False 
#  104 | steps:  4395 | steps_t:     0 | t: 4.121970 | r:  -444.000000 | e:   1.000000 | Q:        nan | won: False 
#  105 | steps:  4433 | steps_t:     0 | t: 4.149896 | r:  -464.000000 | e:   1.000000 | Q:        nan | won: False 
#  106 | steps:  4483 | steps_t:     0 | t: 4.183838 | r:  -443.000000 | e:   1.000000 | Q:        nan | won: False 
#  107 | steps:  4497 | steps_t:     0 | t: 4.197766 | r:  -513.000000 | e:   1.000000 | Q:        nan | won: False 
#  108 | steps:  4514 | steps_t:     0 | t: 4.213761 | r:  -403.000000 | e:   1.000000 | Q:        nan | won: False 
#  109 | steps:  4558 | steps_t:     0 | t: 4.247646 | r:  -481.000000 | e:   1.000000 | Q:        nan | won: False 
#  110 | steps:  4628 | steps_t:     0 | t: 4.302488 | r:   108.000000 | e:   1.000000 | Q:        nan | won: True 
#  111 | steps:  4695 | steps_t:     0 | t: 4.353386 | r:  -489.000000 | e:   1.000000 | Q:        nan | won: False 
#  112 | steps:  4712 | steps_t:     0 | t: 4.371340 | r:  -443.000000 | e:   1.000000 | Q:        nan | won: False 
#  113 | steps:  4767 | steps_t:     0 | t: 4.413234 | r:  -481.000000 | e:   1.000000 | Q:        nan | won: False 
#  114 | steps:  4793 | steps_t:     0 | t: 4.434135 | r:  -452.000000 | e:   1.000000 | Q:        nan | won: False 
#  115 | steps:  4816 | steps_t:     0 | t: 4.456076 | r:  -449.000000 | e:   1.000000 | Q:        nan | won: False 
#  116 | steps:  4895 | steps_t:     0 | t: 4.545836 | r:  -545.000000 | e:   1.000000 | Q:        nan | won: False 
#  117 | steps:  4940 | steps_t:     0 | t: 4.593707 | r:  -471.000000 | e:   1.000000 | Q:        nan | won: False 
#  118 | steps:  4982 | steps_t:     0 | t: 4.635594 | r:  -468.000000 | e:   1.000000 | Q:        nan | won: False 
#  119 | steps:  5001 | steps_t:     0 | t: 4.654544 | r:  -496.000000 | e:   1.000000 | Q:        nan | won: False 
#  120 | steps:  5047 | steps_t:    45 | t: 5.219034 | r:  -483.000000 | e:   0.995500 | Q:        nan | won: False 
#  121 | steps:  5091 | steps_t:    88 | t: 5.618963 | r:  -481.000000 | e:   0.991200 | Q:        nan | won: False 
#  122 | steps:  5099 | steps_t:    95 | t: 5.747620 | r:  -496.000000 | e:   0.990500 | Q:        nan | won: False 
#  123 | steps:  5122 | steps_t:   117 | t: 5.968029 | r:  -460.000000 | e:   0.988300 | Q:   0.102387 | won: False 
#  124 | steps:  5161 | steps_t:   155 | t: 6.273214 | r:  -454.000000 | e:   0.984500 | Q:        nan | won: False 
#  125 | steps:  5239 | steps_t:   232 | t: 6.961373 | r:  -555.000000 | e:   0.976800 | Q:   0.101983 | won: False 
#  126 | steps:  5313 | steps_t:   305 | t: 7.539825 | r:  -496.000000 | e:   0.969500 | Q:   0.103228 | won: False 
#  127 | steps:  5328 | steps_t:   319 | t: 7.656512 | r:  -503.000000 | e:   0.968100 | Q:        nan | won: False 
#  128 | steps:  5369 | steps_t:   359 | t: 8.044475 | r:  -445.000000 | e:   0.964100 | Q:        nan | won: False 
#  129 | steps:  5431 | steps_t:   420 | t: 8.535161 | r:  -455.000000 | e:   0.958000 | Q:   0.102334 | won: False 
#  130 | steps:  5437 | steps_t:   425 | t: 8.586025 | r:  -494.000000 | e:   0.957500 | Q:   0.102237 | won: False 
#  131 | steps:  5488 | steps_t:   475 | t: 9.053774 | r:   127.000000 | e:   0.952500 | Q:   0.102614 | won: True 
#  132 | steps:  5551 | steps_t:   537 | t: 9.540472 | r:  -445.000000 | e:   0.946300 | Q:   0.102788 | won: False 
#  133 | steps:  5629 | steps_t:   614 | t: 10.205693 | r:  -482.000000 | e:   0.938600 | Q:   0.102454 | won: False 
#  134 | steps:  5638 | steps_t:   622 | t: 10.272513 | r:  -497.000000 | e:   0.937800 | Q:        nan | won: False 
#  135 | steps:  5730 | steps_t:   713 | t: 10.997572 | r:  -558.000000 | e:   0.928700 | Q:   0.102859 | won: False 
#  136 | steps:  5747 | steps_t:   729 | t: 11.134207 | r:  -443.000000 | e:   0.927100 | Q:   0.101972 | won: False 
#  137 | steps:  5820 | steps_t:   801 | t: 11.854281 | r:  -477.000000 | e:   0.919900 | Q:   0.102774 | won: False 
#  138 | steps:  5835 | steps_t:   815 | t: 11.969974 | r:  -503.000000 | e:   0.918500 | Q:   0.101748 | won: False 
#  139 | steps:  5877 | steps_t:   856 | t: 12.340979 | r:  -479.000000 | e:   0.914400 | Q:   0.102608 | won: False 
#  140 | steps:  5904 | steps_t:   882 | t: 12.572359 | r:  -515.000000 | e:   0.911800 | Q:   0.102585 | won: False 
#  141 | steps:  5926 | steps_t:   903 | t: 12.750881 | r:  -521.000000 | e:   0.909700 | Q:   0.101613 | won: False 
#  142 | steps:  5975 | steps_t:   951 | t: 13.135858 | r:  -431.000000 | e:   0.904900 | Q:   0.103119 | won: False 
#  143 | steps:  5992 | steps_t:   967 | t: 13.262525 | r:  -505.000000 | e:   0.903300 | Q:   0.102120 | won: False 
#  144 | steps:  6011 | steps_t:   985 | t: 13.465969 | r:  -456.000000 | e:   0.901500 | Q:   0.102483 | won: False 
#  145 | steps:  6030 | steps_t:  1003 | t: 13.635514 | r:  -518.000000 | e:   0.899700 | Q:   0.101706 | won: False 
#  146 | steps:  6085 | steps_t:  1057 | t: 14.070354 | r:  -543.000000 | e:   0.894300 | Q:   0.102414 | won: False 
#  147 | steps:  6104 | steps_t:  1075 | t: 14.217957 | r:  -485.000000 | e:   0.892500 | Q:   0.102348 | won: False 
#  148 | steps:  6133 | steps_t:  1103 | t: 14.480262 | r:  -473.000000 | e:   0.889700 | Q:   0.102072 | won: False 
#  149 | steps:  6203 | steps_t:  1172 | t: 15.089625 | r:  -452.000000 | e:   0.882800 | Q:   0.102594 | won: False 
#  150 | steps:  6263 | steps_t:  1231 | t: 15.573330 | r:  -537.000000 | e:   0.876900 | Q:   0.102911 | won: False 
#  151 | steps:  6296 | steps_t:  1263 | t: 15.889487 | r:  -459.000000 | e:   0.873700 | Q:   0.102684 | won: False 
#  152 | steps:  6369 | steps_t:  1335 | t: 16.489879 | r:  -517.000000 | e:   0.866500 | Q:   0.102992 | won: False 
#  153 | steps:  6414 | steps_t:  1379 | t: 16.910752 | r:  -482.000000 | e:   0.862100 | Q:   0.102518 | won: False 
#  154 | steps:  6447 | steps_t:  1411 | t: 17.183023 | r:  -437.000000 | e:   0.858900 | Q:   0.102401 | won: False 
#  155 | steps:  6479 | steps_t:  1442 | t: 17.435349 | r:  -447.000000 | e:   0.855800 | Q:   0.102603 | won: False 
#  156 | steps:  6493 | steps_t:  1455 | t: 17.544064 | r:  -502.000000 | e:   0.854500 | Q:   0.101588 | won: False 
#  157 | steps:  6504 | steps_t:  1465 | t: 17.637806 | r:  -510.000000 | e:   0.853500 | Q:   0.102120 | won: False 
#  158 | steps:  6517 | steps_t:  1477 | t: 17.751504 | r:  -490.000000 | e:   0.852300 | Q:   0.102700 | won: False 
#  159 | steps:  6535 | steps_t:  1494 | t: 17.922048 | r:  -506.000000 | e:   0.850600 | Q:   0.101486 | won: False 
#  160 | steps:  6603 | steps_t:  1561 | t: 18.479555 | r:  -494.000000 | e:   0.843900 | Q:   0.102955 | won: False 
#  161 | steps:  6650 | steps_t:  1607 | t: 18.870508 | r:  -491.000000 | e:   0.839300 | Q:   0.102623 | won: False 
#  162 | steps:  6690 | steps_t:  1646 | t: 19.235532 | r:  -455.000000 | e:   0.835400 | Q:   0.102467 | won: False 
#  163 | steps:  6728 | steps_t:  1683 | t: 19.537723 | r:  -475.000000 | e:   0.831700 | Q:   0.102537 | won: False 
#  164 | steps:  6781 | steps_t:  1735 | t: 19.985528 | r:  -479.000000 | e:   0.826500 | Q:   0.103095 | won: False 
#  165 | steps:  6794 | steps_t:  1747 | t: 20.092240 | r:  -461.000000 | e:   0.825300 | Q:   0.101673 | won: False 
#  166 | steps:  6828 | steps_t:  1780 | t: 20.419365 | r:  -460.000000 | e:   0.822000 | Q:   0.102955 | won: False 
#  167 | steps:  6904 | steps_t:  1855 | t: 21.051673 | r:  -520.000000 | e:   0.814500 | Q:   0.102775 | won: False 
#  168 | steps:  6941 | steps_t:  1891 | t: 21.421682 | r:  -463.000000 | e:   0.810900 | Q:   0.102838 | won: False 
#  169 | steps:  7000 | steps_t:  1949 | t: 21.900407 | r:  -536.000000 | e:   0.805100 | Q:   0.102831 | won: False 
#  170 | steps:  7066 | steps_t:  2014 | t: 22.489825 | r:  -481.000000 | e:   0.798600 | Q:   0.102445 | won: False 
#  171 | steps:  7116 | steps_t:  2063 | t: 22.898730 | r:  -465.000000 | e:   0.793700 | Q:   0.102801 | won: False 
#  172 | steps:  7131 | steps_t:  2077 | t: 23.296666 | r:  -503.000000 | e:   0.792300 | Q:   0.102356 | won: False 
#  173 | steps:  7142 | steps_t:  2087 | t: 23.400388 | r:  -499.000000 | e:   0.791300 | Q:   0.102449 | won: False 
#  174 | steps:  7196 | steps_t:  2140 | t: 23.892087 | r:  -531.000000 | e:   0.786000 | Q:   0.102785 | won: False 
#  175 | steps:  7246 | steps_t:  2189 | t: 24.334888 | r:  -476.000000 | e:   0.781100 | Q:   0.103095 | won: False 
#  176 | steps:  7310 | steps_t:  2252 | t: 24.966200 | r:  -501.000000 | e:   0.774800 | Q:   0.102804 | won: False 
#  177 | steps:  7326 | steps_t:  2267 | t: 25.099841 | r:  -493.000000 | e:   0.773300 | Q:   0.101886 | won: False 
#  178 | steps:  7390 | steps_t:  2330 | t: 25.703228 | r:  -490.000000 | e:   0.767000 | Q:   0.103008 | won: False 
#  179 | steps:  7427 | steps_t:  2366 | t: 26.061269 | r:  -441.000000 | e:   0.763400 | Q:   0.102686 | won: False 
#  180 | steps:  7440 | steps_t:  2378 | t: 26.172969 | r:  -461.000000 | e:   0.762200 | Q:   0.102170 | won: False 
#  181 | steps:  7589 | steps_t:  2526 | t: 27.524355 | r:  -531.000000 | e:   0.747400 | Q:   0.103004 | won: False 
#  182 | steps:  7620 | steps_t:  2556 | t: 27.825549 | r:  -519.000000 | e:   0.744400 | Q:   0.102537 | won: False 
#  183 | steps:  7666 | steps_t:  2601 | t: 28.288310 | r:  -483.000000 | e:   0.739900 | Q:   0.102804 | won: False 
#  184 | steps:  7683 | steps_t:  2617 | t: 28.498748 | r:  -472.000000 | e:   0.738300 | Q:   0.102573 | won: False 
#  185 | steps:  7733 | steps_t:  2666 | t: 29.015365 | r:  -465.000000 | e:   0.733400 | Q:   0.102767 | won: False 
#  186 | steps:  7748 | steps_t:  2680 | t: 29.290628 | r:  -503.000000 | e:   0.732000 | Q:   0.102377 | won: False 
#  187 | steps:  7753 | steps_t:  2684 | t: 29.330522 | r:  -504.000000 | e:   0.731600 | Q:        nan | won: False 
#  188 | steps:  7765 | steps_t:  2695 | t: 29.428267 | r:  -500.000000 | e:   0.730500 | Q:   0.102348 | won: False 
#  189 | steps:  7779 | steps_t:  2708 | t: 29.615763 | r:  -513.000000 | e:   0.729200 | Q:   0.102677 | won: False 
#  190 | steps:  7840 | steps_t:  2768 | t: 30.600127 | r:  -476.000000 | e:   0.723200 | Q:   0.102852 | won: False 
#  191 | steps:  7862 | steps_t:  2789 | t: 30.788621 | r:  -510.000000 | e:   0.721100 | Q:   0.102633 | won: False 
#  192 | steps:  7878 | steps_t:  2804 | t: 31.004044 | r:  -453.000000 | e:   0.719600 | Q:   0.102267 | won: False 
#  193 | steps:  7894 | steps_t:  2819 | t: 31.147660 | r:  -493.000000 | e:   0.718100 | Q:   0.102777 | won: False 
#  194 | steps:  7905 | steps_t:  2829 | t: 31.288285 | r:  -499.000000 | e:   0.717100 | Q:   0.101275 | won: False 
#  195 | steps:  7986 | steps_t:  2909 | t: 32.517001 | r:  -474.000000 | e:   0.709100 | Q:   0.102785 | won: False 
#  196 | steps:  8007 | steps_t:  2929 | t: 32.847115 | r:  -509.000000 | e:   0.707100 | Q:   0.102804 | won: False 
#  197 | steps:  8048 | steps_t:  2969 | t: 33.403624 | r:  -529.000000 | e:   0.703100 | Q:   0.102767 | won: False 
#  198 | steps:  8096 | steps_t:  3016 | t: 34.091782 | r:  -474.000000 | e:   0.698400 | Q:   0.102949 | won: False 
#  199 | steps:  8114 | steps_t:  3033 | t: 34.259334 | r:  -484.000000 | e:   0.696700 | Q:   0.102202 | won: False 
#  200 | steps:  8200 | steps_t:  3118 | t: 35.427211 | r:  -508.000000 | e:   0.688200 | Q:   0.103015 | won: False 
#  201 | steps:  8276 | steps_t:  3193 | t: 36.754659 | r:  -542.000000 | e:   0.680700 | Q:   0.102767 | won: False 
#  202 | steps:  8332 | steps_t:  3248 | t: 37.606379 | r:  -533.000000 | e:   0.675200 | Q:   0.103043 | won: False 
#  203 | steps:  8350 | steps_t:  3265 | t: 37.980381 | r:  -506.000000 | e:   0.673500 | Q:   0.102487 | won: False 
#  204 | steps:  8438 | steps_t:  3352 | t: 39.321789 | r:  -565.000000 | e:   0.664800 | Q:   0.102853 | won: False 
#  205 | steps:  8492 | steps_t:  3405 | t: 41.193780 | r:  -469.000000 | e:   0.659500 | Q:   0.102767 | won: False 
#  206 | steps:  8511 | steps_t:  3423 | t: 41.621638 | r:  -507.000000 | e:   0.657700 | Q:   0.102633 | won: False 
#  207 | steps:  8522 | steps_t:  3433 | t: 41.884933 | r:  -499.000000 | e:   0.656700 | Q:   0.102535 | won: False 
#  208 | steps:  8536 | steps_t:  3446 | t: 42.042510 | r:  -502.000000 | e:   0.655400 | Q:   0.102572 | won: False 
#  209 | steps:  8622 | steps_t:  3531 | t: 44.050138 | r:  -501.000000 | e:   0.646900 | Q:   0.102889 | won: False 
#  210 | steps:  8679 | steps_t:  3587 | t: 45.678780 | r:  -461.000000 | e:   0.641300 | Q:   0.103166 | won: False 
#  211 | steps:  8701 | steps_t:  3608 | t: 45.930107 | r:  -477.000000 | e:   0.639200 | Q:   0.102713 | won: False 
#  212 | steps:  8741 | steps_t:  3647 | t: 46.270197 | r:  -466.000000 | e:   0.635300 | Q:   0.102837 | won: False 
#  213 | steps:  8763 | steps_t:  3668 | t: 46.511553 | r:  -488.000000 | e:   0.633200 | Q:   0.102486 | won: False 
#  214 | steps:  8773 | steps_t:  3677 | t: 46.592340 | r:  -498.000000 | e:   0.632300 | Q:   0.102854 | won: False 
#  215 | steps:  8901 | steps_t:  3804 | t: 47.720319 | r:  -532.000000 | e:   0.619600 | Q:   0.103180 | won: False 
#  216 | steps:  8916 | steps_t:  3818 | t: 47.847976 | r:  -503.000000 | e:   0.618200 | Q:   0.102767 | won: False 
#  217 | steps:  8947 | steps_t:  3848 | t: 48.159144 | r:  -457.000000 | e:   0.615200 | Q:   0.102862 | won: False 
#  218 | steps:  9056 | steps_t:  3956 | t: 49.691046 | r:  -524.000000 | e:   0.604400 | Q:   0.102949 | won: False 
#  219 | steps:  9105 | steps_t:  4004 | t: 50.600611 | r:  -515.000000 | e:   0.599600 | Q:   0.102832 | won: False 
#  220 | steps:  9152 | steps_t:  4050 | t: 51.055395 | r:  -451.000000 | e:   0.595000 | Q:   0.102470 | won: False 
#  221 | steps:  9251 | steps_t:  4148 | t: 53.145804 | r:  -492.000000 | e:   0.585200 | Q:   0.102813 | won: False 
#  222 | steps:  9258 | steps_t:  4154 | t: 53.950650 | r:  -495.000000 | e:   0.584600 | Q:   0.102237 | won: False 
#  223 | steps:  9370 | steps_t:  4265 | t: 55.663071 | r:  -545.000000 | e:   0.573500 | Q:   0.102717 | won: False 
#  224 | steps:  9417 | steps_t:  4311 | t: 56.877815 | r:  -535.000000 | e:   0.568900 | Q:   0.102741 | won: False 
#  225 | steps:  9426 | steps_t:  4319 | t: 56.961592 | r:  -508.000000 | e:   0.568100 | Q:   0.102359 | won: False 
#  226 | steps:  9454 | steps_t:  4346 | t: 57.191975 | r:  -505.000000 | e:   0.565400 | Q:   0.102837 | won: False 
#  227 | steps:  9553 | steps_t:  4444 | t: 58.140439 | r:  -514.000000 | e:   0.555600 | Q:   0.102726 | won: False 
#  228 | steps:  9641 | steps_t:  4531 | t: 59.153731 | r:  -565.000000 | e:   0.546900 | Q:   0.103008 | won: False 
#  229 | steps:  9695 | steps_t:  4584 | t: 59.674334 | r:  -520.000000 | e:   0.541600 | Q:   0.102799 | won: False 
#  230 | steps:  9736 | steps_t:  4624 | t: 60.031383 | r:  -467.000000 | e:   0.537600 | Q:   0.102867 | won: False 
#  231 | steps:  9778 | steps_t:  4665 | t: 60.406377 | r:  -435.000000 | e:   0.533500 | Q:   0.102939 | won: False 
#  232 | steps:  9912 | steps_t:  4798 | t: 61.672986 | r:  -560.000000 | e:   0.520200 | Q:   0.102867 | won: False 
#  233 | steps:  9947 | steps_t:  4832 | t: 61.979167 | r:  -523.000000 | e:   0.516800 | Q:   0.102663 | won: False 
#  234 | steps:  9994 | steps_t:  4878 | t: 62.413006 | r:  -440.000000 | e:   0.512200 | Q:   0.103100 | won: False 
#  235 | steps: 10127 | steps_t:  5010 | t: 63.607810 | r:  -526.000000 | e:   0.499000 | Q:   0.103029 | won: False 
#  236 | steps: 10153 | steps_t:  5035 | t: 63.861131 | r:  -452.000000 | e:   0.496500 | Q:   0.102777 | won: False 
#  237 | steps: 10175 | steps_t:  5056 | t: 64.051622 | r:  -510.000000 | e:   0.494400 | Q:   0.102854 | won: False 
#  238 | steps: 10272 | steps_t:  5152 | t: 64.946232 | r:  -530.000000 | e:   0.484800 | Q:   0.103024 | won: False 
#  239 | steps: 10288 | steps_t:  5167 | t: 65.084858 | r:  -504.000000 | e:   0.483300 | Q:   0.102572 | won: False 
#  240 | steps: 10389 | steps_t:  5267 | t: 66.001406 | r:  -545.000000 | e:   0.473300 | Q:   0.102730 | won: False 
#  241 | steps: 10406 | steps_t:  5283 | t: 66.158983 | r:  -505.000000 | e:   0.471700 | Q:   0.102221 | won: False 
#  242 | steps: 10452 | steps_t:  5328 | t: 66.564897 | r:  -439.000000 | e:   0.467200 | Q:   0.103113 | won: False 
#  243 | steps: 10522 | steps_t:  5397 | t: 67.217152 | r:  -496.000000 | e:   0.460300 | Q:   0.102867 | won: False 
#  244 | steps: 10570 | steps_t:  5444 | t: 67.624064 | r:  -536.000000 | e:   0.455600 | Q:   0.102537 | won: False 
#  245 | steps: 10579 | steps_t:  5452 | t: 67.698864 | r:  -508.000000 | e:   0.454800 | Q:   0.102166 | won: False 
#  246 | steps: 10597 | steps_t:  5469 | t: 67.884367 | r:  -495.000000 | e:   0.453100 | Q:   0.102450 | won: False 
#  247 | steps: 10672 | steps_t:  5543 | t: 68.569534 | r:  -519.000000 | e:   0.445700 | Q:   0.102679 | won: False 
#  248 | steps: 10707 | steps_t:  5577 | t: 68.883693 | r:  -512.000000 | e:   0.442300 | Q:   0.102745 | won: False 
#  249 | steps: 10784 | steps_t:  5653 | t: 69.609750 | r:  -503.000000 | e:   0.434700 | Q:   0.102867 | won: False 
#  250 | steps: 10827 | steps_t:  5695 | t: 69.987739 | r:  -520.000000 | e:   0.430500 | Q:   0.102729 | won: False 
#  251 | steps: 10841 | steps_t:  5708 | t: 70.120385 | r:  -502.000000 | e:   0.429200 | Q:   0.102363 | won: False 
#  252 | steps: 10874 | steps_t:  5740 | t: 70.437536 | r:  -375.000000 | e:   0.426000 | Q:   0.102770 | won: False 
#  253 | steps: 10932 | steps_t:  5797 | t: 70.965123 | r:  -484.000000 | e:   0.420300 | Q:   0.102867 | won: False 
#  254 | steps: 10941 | steps_t:  5805 | t: 71.040922 | r:  -497.000000 | e:   0.419500 | Q:   0.102661 | won: False 
#  255 | steps: 10949 | steps_t:  5812 | t: 71.110735 | r:  -507.000000 | e:   0.418800 | Q:   0.101717 | won: False 
#  256 | steps: 10982 | steps_t:  5844 | t: 71.446839 | r:  -521.000000 | e:   0.415600 | Q:   0.102573 | won: False 
#  257 | steps: 11001 | steps_t:  5862 | t: 71.669240 | r:  -507.000000 | e:   0.413800 | Q:   0.102540 | won: False 
#  258 | steps: 11010 | steps_t:  5870 | t: 71.744040 | r:  -497.000000 | e:   0.413000 | Q:   0.102180 | won: False 
#  259 | steps: 11028 | steps_t:  5887 | t: 71.898627 | r:  -495.000000 | e:   0.411300 | Q:   0.102874 | won: False 
#  260 | steps: 11057 | steps_t:  5915 | t: 72.148958 | r:  -517.000000 | e:   0.408500 | Q:   0.102633 | won: False 
#  261 | steps: 11068 | steps_t:  5925 | t: 72.237723 | r:  -437.000000 | e:   0.407500 | Q:   0.102130 | won: False 
#  262 | steps: 11081 | steps_t:  5937 | t: 72.381336 | r:  -501.000000 | e:   0.406300 | Q:   0.102428 | won: False 
#  263 | steps: 11093 | steps_t:  5948 | t: 72.503010 | r:  -500.000000 | e:   0.405200 | Q:   0.102363 | won: False 
#  264 | steps: 11137 | steps_t:  5991 | t: 72.939841 | r:  -459.000000 | e:   0.400900 | Q:   0.102580 | won: False 
#  265 | steps: 11152 | steps_t:  6005 | t: 73.071489 | r:  -503.000000 | e:   0.399500 | Q:   0.102572 | won: False 
#  266 | steps: 11188 | steps_t:  6040 | t: 73.412576 | r:  -451.000000 | e:   0.396000 | Q:   0.102699 | won: False 
#  267 | steps: 11199 | steps_t:  6050 | t: 73.554196 | r:  -499.000000 | e:   0.395000 | Q:   0.102309 | won: False 
#  268 | steps: 11288 | steps_t:  6138 | t: 74.383977 | r:  -555.000000 | e:   0.386200 | Q:   0.102904 | won: False 
#  269 | steps: 11357 | steps_t:  6206 | t: 75.096071 | r:  -495.000000 | e:   0.379400 | Q:   0.103113 | won: False 
#  270 | steps: 11383 | steps_t:  6231 | t: 75.347400 | r:  -503.000000 | e:   0.376900 | Q:   0.102799 | won: False 
#  271 | steps: 11465 | steps_t:  6312 | t: 76.146261 | r:  -497.000000 | e:   0.368800 | Q:   0.102854 | won: False 
#  272 | steps: 11481 | steps_t:  6327 | t: 76.275916 | r:  -504.000000 | e:   0.367300 | Q:   0.102505 | won: False 
#  273 | steps: 11500 | steps_t:  6345 | t: 76.456437 | r:  -507.000000 | e:   0.365500 | Q:   0.102312 | won: False 
#  274 | steps: 11548 | steps_t:  6392 | t: 77.766927 | r:  -536.000000 | e:   0.360800 | Q:   0.102854 | won: False 
#  275 | steps: 11566 | steps_t:  6409 | t: 78.001310 | r:  -506.000000 | e:   0.359100 | Q:   0.102449 | won: False 
#  276 | steps: 11576 | steps_t:  6418 | t: 78.202759 | r:  -498.000000 | e:   0.358200 | Q:   0.102416 | won: False 
#  277 | steps: 11600 | steps_t:  6441 | t: 78.565790 | r:  -501.000000 | e:   0.355900 | Q:   0.102596 | won: False 
#  278 | steps: 11618 | steps_t:  6458 | t: 78.816118 | r:  -506.000000 | e:   0.354200 | Q:   0.102572 | won: False 
#  279 | steps: 11625 | steps_t:  6464 | t: 78.897900 | r:  -495.000000 | e:   0.353600 | Q:   0.102537 | won: False 
#  280 | steps: 11647 | steps_t:  6485 | t: 79.303816 | r:  -499.000000 | e:   0.351500 | Q:   0.102596 | won: False 
#  281 | steps: 11723 | steps_t:  6560 | t: 80.451743 | r:  -564.000000 | e:   0.344000 | Q:   0.102890 | won: False 
#  282 | steps: 11745 | steps_t:  6581 | t: 80.651208 | r:  -488.000000 | e:   0.341900 | Q:   0.102542 | won: False 
#  283 | steps: 11760 | steps_t:  6595 | t: 80.781859 | r:  -503.000000 | e:   0.340500 | Q:   0.102633 | won: False 
#  284 | steps: 11792 | steps_t:  6626 | t: 81.114968 | r:  -520.000000 | e:   0.337400 | Q:   0.102804 | won: False 
#  285 | steps: 11824 | steps_t:  6657 | t: 81.409180 | r:  -509.000000 | e:   0.334300 | Q:   0.102691 | won: False 
#  286 | steps: 11847 | steps_t:  6679 | t: 81.690434 | r:  -511.000000 | e:   0.332100 | Q:   0.102537 | won: False 
#  287 | steps: 11870 | steps_t:  6701 | t: 81.888896 | r:  -511.000000 | e:   0.329900 | Q:   0.102854 | won: False 
#  288 | steps: 11920 | steps_t:  6750 | t: 82.359643 | r:  -538.000000 | e:   0.325000 | Q:   0.102479 | won: False 
#  289 | steps: 11928 | steps_t:  6757 | t: 82.438429 | r:  -496.000000 | e:   0.324300 | Q:   0.102360 | won: False 
#  290 | steps: 11947 | steps_t:  6775 | t: 82.855312 | r:  -496.000000 | e:   0.322500 | Q:   0.102854 | won: False 
#  291 | steps: 11968 | steps_t:  6795 | t: 83.857629 | r:  -509.000000 | e:   0.320500 | Q:   0.102537 | won: False 
#  292 | steps: 12040 | steps_t:  6866 | t: 84.667462 | r:  -487.000000 | e:   0.313400 | Q:   0.102626 | won: False 
#  293 | steps: 12081 | steps_t:  6906 | t: 85.120255 | r:  -507.000000 | e:   0.309400 | Q:   0.102713 | won: False 
#  294 | steps: 12095 | steps_t:  6919 | t: 85.242924 | r:  -502.000000 | e:   0.308100 | Q:   0.102487 | won: False 
#  295 | steps: 12105 | steps_t:  6928 | t: 85.332683 | r:  -498.000000 | e:   0.307200 | Q:   0.102348 | won: False 
#  296 | steps: 12212 | steps_t:  7034 | t: 86.346969 | r:  -584.000000 | e:   0.296600 | Q:   0.103057 | won: False 
#  297 | steps: 12222 | steps_t:  7043 | t: 86.434734 | r:  -498.000000 | e:   0.295700 | Q:   0.102540 | won: False 
#  298 | steps: 12252 | steps_t:  7072 | t: 86.738919 | r:  -518.000000 | e:   0.292800 | Q:   0.102626 | won: False 
#  299 | steps: 12285 | steps_t:  7104 | t: 87.109928 | r:  -459.000000 | e:   0.289600 | Q:   0.102763 | won: False 
#  300 | steps: 12342 | steps_t:  7160 | t: 87.718300 | r:  -545.000000 | e:   0.284000 | Q:   0.102767 | won: False 
#  301 | steps: 12416 | steps_t:  7233 | t: 88.451338 | r:  -562.000000 | e:   0.276700 | Q:   0.102854 | won: False 
#  302 | steps: 12436 | steps_t:  7252 | t: 88.627867 | r:  -508.000000 | e:   0.274800 | Q:   0.102540 | won: False 
#  303 | steps: 12464 | steps_t:  7279 | t: 88.889167 | r:  -465.000000 | e:   0.272100 | Q:   0.102591 | won: False 
#  304 | steps: 12482 | steps_t:  7296 | t: 89.044750 | r:  -506.000000 | e:   0.270400 | Q:   0.102540 | won: False 
#  305 | steps: 12498 | steps_t:  7311 | t: 89.187369 | r:  -504.000000 | e:   0.268900 | Q:   0.102464 | won: False 
#  306 | steps: 12550 | steps_t:  7362 | t: 89.727929 | r:  -529.000000 | e:   0.263800 | Q:   0.103095 | won: False 
#  307 | steps: 12566 | steps_t:  7377 | t: 89.874533 | r:  -504.000000 | e:   0.262300 | Q:   0.102348 | won: False 
#  308 | steps: 12676 | steps_t:  7486 | t: 91.159095 | r:  -576.000000 | e:   0.251400 | Q:   0.102854 | won: False 
#  309 | steps: 12720 | steps_t:  7529 | t: 92.049715 | r:  -532.000000 | e:   0.247100 | Q:   0.102573 | won: False 
#  310 | steps: 12764 | steps_t:  7572 | t: 92.667061 | r:  -521.000000 | e:   0.242800 | Q:   0.102585 | won: False 
#  311 | steps: 12801 | steps_t:  7608 | t: 93.483874 | r:  -525.000000 | e:   0.239200 | Q:   0.102503 | won: False 
#  312 | steps: 12824 | steps_t:  7630 | t: 93.811996 | r:  -511.000000 | e:   0.237000 | Q:   0.102537 | won: False 
#  313 | steps: 12940 | steps_t:  7745 | t: 94.970895 | r:  -593.000000 | e:   0.225500 | Q:   0.102911 | won: False 
#  314 | steps: 12970 | steps_t:  7774 | t: 95.297021 | r:  -518.000000 | e:   0.222600 | Q:   0.102449 | won: False 
#  315 | steps: 12998 | steps_t:  7801 | t: 95.552339 | r:  -516.000000 | e:   0.219900 | Q:   0.102449 | won: False 
#  316 | steps: 13013 | steps_t:  7815 | t: 95.681996 | r:  -492.000000 | e:   0.218500 | Q:   0.102537 | won: False 
#  317 | steps: 13035 | steps_t:  7836 | t: 95.881459 | r:  -510.000000 | e:   0.216400 | Q:   0.102464 | won: False 
#  318 | steps: 13112 | steps_t:  7912 | t: 96.628460 | r:  -554.000000 | e:   0.208800 | Q:   0.103180 | won: False 
#  319 | steps: 13144 | steps_t:  7943 | t: 96.937633 | r:  -520.000000 | e:   0.205700 | Q:   0.102572 | won: False 
#  320 | steps: 13151 | steps_t:  7949 | t: 97.006450 | r:  -495.000000 | e:   0.205100 | Q:   0.102237 | won: False 
#  321 | steps: 13199 | steps_t:  7996 | t: 97.523067 | r:  -536.000000 | e:   0.200400 | Q:   0.102363 | won: False 
#  322 | steps: 13229 | steps_t:  8025 | t: 97.803318 | r:  -518.000000 | e:   0.197500 | Q:   0.102487 | won: False 
#  323 | steps: 13259 | steps_t:  8054 | t: 98.074591 | r:  -518.000000 | e:   0.194600 | Q:   0.102221 | won: False 
#  324 | steps: 13345 | steps_t:  8139 | t: 98.914343 | r:  -563.000000 | e:   0.186100 | Q:   0.103008 | won: False 
#  325 | steps: 13408 | steps_t:  8201 | t: 99.574577 | r:  -540.000000 | e:   0.179900 | Q:   0.102626 | won: False 
#  326 | steps: 13614 | steps_t:  8406 | t: 101.592179 | r:  -683.000000 | e:   0.159400 | Q:   0.103131 | won: False 
#  327 | steps: 13693 | steps_t:  8484 | t: 102.541639 | r:  -567.000000 | e:   0.151600 | Q:   0.102854 | won: False 
#  328 | steps: 13723 | steps_t:  8513 | t: 103.222816 | r:  -507.000000 | e:   0.148700 | Q:   0.102255 | won: False 
#  329 | steps: 13746 | steps_t:  8535 | t: 103.498079 | r:  -511.000000 | e:   0.146500 | Q:   0.102555 | won: False 
#  330 | steps: 13778 | steps_t:  8566 | t: 104.139369 | r:  -520.000000 | e:   0.143400 | Q:   0.102854 | won: False 
#  331 | steps: 13828 | steps_t:  8615 | t: 105.951515 | r:  -527.000000 | e:   0.138500 | Q:   0.102799 | won: False 
#  332 | steps: 13906 | steps_t:  8692 | t: 107.137345 | r:  -555.000000 | e:   0.130800 | Q:   0.102626 | won: False 
#  333 | steps: 13916 | steps_t:  8701 | t: 107.229096 | r:  -498.000000 | e:   0.129900 | Q:   0.102363 | won: False 
#  334 | steps: 13935 | steps_t:  8719 | t: 107.550238 | r:  -507.000000 | e:   0.128100 | Q:   0.102628 | won: False 
#  335 | steps: 14046 | steps_t:  8829 | t: 108.921568 | r:  -526.000000 | e:   0.117100 | Q:   0.102854 | won: False 
#  336 | steps: 14117 | steps_t:  8899 | t: 109.677550 | r:  -548.000000 | e:   0.110100 | Q:   0.103180 | won: False 
#  337 | steps: 14242 | steps_t:  9023 | t: 110.936178 | r:  -591.000000 | e:   0.100000 | Q:   0.102686 | won: False 
#  338 | steps: 14296 | steps_t:  9076 | t: 111.448806 | r:  -542.000000 | e:   0.100000 | Q:   0.102767 | won: False 
#  339 | steps: 14344 | steps_t:  9123 | t: 111.879653 | r:  -525.000000 | e:   0.100000 | Q:   0.102799 | won: False 
#  340 | steps: 14360 | steps_t:  9138 | t: 112.064160 | r:  -504.000000 | e:   0.100000 | Q:   0.102449 | won: False 
#  341 | steps: 14481 | steps_t:  9258 | t: 113.381635 | r:  -598.000000 | e:   0.100000 | Q:   0.102854 | won: False 
#  342 | steps: 14531 | steps_t:  9307 | t: 113.849383 | r:  -527.000000 | e:   0.100000 | Q:   0.102799 | won: False 
#  343 | steps: 14617 | steps_t:  9392 | t: 114.690134 | r:  -563.000000 | e:   0.100000 | Q:   0.102799 | won: False 
#  344 | steps: 14677 | steps_t:  9451 | t: 115.228694 | r:  -537.000000 | e:   0.100000 | Q:   0.102799 | won: False 
#  345 | steps: 14691 | steps_t:  9464 | t: 115.387269 | r:  -502.000000 | e:   0.100000 | Q:   0.102487 | won: False 
#  346 | steps: 14758 | steps_t:  9530 | t: 116.026559 | r:  -555.000000 | e:   0.100000 | Q:   0.102854 | won: False 
#  347 | steps: 14791 | steps_t:  9562 | t: 116.337725 | r:  -521.000000 | e:   0.100000 | Q:   0.102767 | won: False 
#  348 | steps: 14804 | steps_t:  9574 | t: 116.490318 | r:  -512.000000 | e:   0.100000 | Q:   0.102450 | won: False 
#  349 | steps: 14894 | steps_t:  9663 | t: 117.349020 | r:  -578.000000 | e:   0.100000 | Q:   0.102449 | won: False 
#  350 | steps: 14910 | steps_t:  9678 | t: 117.512582 | r:  -504.000000 | e:   0.100000 | Q:   0.102804 | won: False 
#  351 | steps: 14966 | steps_t:  9733 | t: 118.108986 | r:  -544.000000 | e:   0.100000 | Q:   0.102677 | won: False 
#  352 | steps: 15004 | steps_t:  9770 | t: 118.458052 | r:  -526.000000 | e:   0.100000 | Q:   0.102449 | won: False 
#  353 | steps: 15056 | steps_t:  9821 | t: 119.220013 | r:  -540.000000 | e:   0.100000 | Q:   0.102890 | won: False 
#  354 | steps: 15176 | steps_t:  9940 | t: 120.489617 | r:  -597.000000 | e:   0.100000 | Q:   0.102918 | won: False 
#  355 | steps: 15277 | steps_t: 10040 | t: 121.935747 | r:  -556.000000 | e:   0.100000 | Q:   0.102854 | won: False 
#  356 | steps: 15345 | steps_t: 10107 | t: 123.731941 | r:  -556.000000 | e:   0.100000 | Q:   0.102487 | won: False 
#  357 | steps: 15381 | steps_t: 10142 | t: 124.272497 | r:  -524.000000 | e:   0.100000 | Q:   0.102767 | won: False 
#  358 | steps: 15486 | steps_t: 10246 | t: 125.439375 | r:  -520.000000 | e:   0.100000 | Q:   0.103113 | won: False 
#  359 | steps: 15570 | steps_t: 10329 | t: 126.533446 | r:  -561.000000 | e:   0.100000 | Q:   0.102720 | won: False 
#  360 | steps: 15584 | steps_t: 10342 | t: 126.819682 | r:  -502.000000 | e:   0.100000 | Q:   0.102180 | won: False 
#  361 | steps: 15621 | steps_t: 10378 | t: 127.355247 | r:  -514.000000 | e:   0.100000 | Q:   0.102854 | won: False 
