#    1 | steps:    34 | steps_t:     0 | t: 0.044841 | r:  -460.000000 | e:   1.000000 | Q:        nan | won: False 
#    2 | steps:   127 | steps_t:     0 | t: 0.131645 | r:  -519.000000 | e:   1.000000 | Q:        nan | won: False 
#    3 | steps:   151 | steps_t:     0 | t: 0.157576 | r:  -512.000000 | e:   1.000000 | Q:        nan | won: False 
#    4 | steps:   173 | steps_t:     0 | t: 0.178518 | r:  -437.000000 | e:   1.000000 | Q:        nan | won: False 
#    5 | steps:   198 | steps_t:     0 | t: 0.200423 | r:  -440.000000 | e:   1.000000 | Q:        nan | won: False 
#    6 | steps:   220 | steps_t:     0 | t: 0.221398 | r:  -470.000000 | e:   1.000000 | Q:        nan | won: False 
#    7 | steps:   249 | steps_t:     0 | t: 0.246300 | r:  -506.000000 | e:   1.000000 | Q:        nan | won: False 
#    8 | steps:   274 | steps_t:     0 | t: 0.268274 | r:  -451.000000 | e:   1.000000 | Q:        nan | won: False 
#    9 | steps:   333 | steps_t:     0 | t: 0.313161 | r:  -452.000000 | e:   1.000000 | Q:        nan | won: False 
#   10 | steps:   376 | steps_t:     0 | t: 0.364983 | r:  -469.000000 | e:   1.000000 | Q:        nan | won: False 
#   11 | steps:   404 | steps_t:     0 | t: 0.394902 | r:  -454.000000 | e:   1.000000 | Q:        nan | won: False 
#   12 | steps:   424 | steps_t:     0 | t: 0.411895 | r:  -497.000000 | e:   1.000000 | Q:        nan | won: False 
#   13 | steps:   493 | steps_t:     0 | t: 0.464756 | r:  -502.000000 | e:   1.000000 | Q:        nan | won: False 
#   14 | steps:   507 | steps_t:     0 | t: 0.483703 | r:  -513.000000 | e:   1.000000 | Q:        nan | won: False 
#   15 | steps:   572 | steps_t:     0 | t: 0.535563 | r:  -436.000000 | e:   1.000000 | Q:        nan | won: False 
#   16 | steps:   599 | steps_t:     0 | t: 0.559495 | r:  -453.000000 | e:   1.000000 | Q:        nan | won: False 
#   17 | steps:   657 | steps_t:     0 | t: 0.600397 | r:  -440.000000 | e:   1.000000 | Q:        nan | won: False 
#   18 | steps:   768 | steps_t:     0 | t: 0.674195 | r:  -555.000000 | e:   1.000000 | Q:        nan | won: False 
#   19 | steps:   782 | steps_t:     0 | t: 0.688158 | r:  -462.000000 | e:   1.000000 | Q:        nan | won: False 
#   20 | steps:   901 | steps_t:     0 | t: 0.795831 | r:  -596.000000 | e:   1.000000 | Q:        nan | won: False 
#   21 | steps:   986 | steps_t:     0 | t: 0.881601 | r:  -478.000000 | e:   1.000000 | Q:        nan | won: False 
#   22 | steps:  1023 | steps_t:     0 | t: 0.911520 | r:  -514.000000 | e:   1.000000 | Q:        nan | won: False 
#   23 | steps:  1065 | steps_t:     0 | t: 0.943435 | r:  -479.000000 | e:   1.000000 | Q:        nan | won: False 
#   24 | steps:  1142 | steps_t:     0 | t: 0.998291 | r:  -532.000000 | e:   1.000000 | Q:        nan | won: False 
#   25 | steps:  1190 | steps_t:     0 | t: 1.045170 | r:  -474.000000 | e:   1.000000 | Q:        nan | won: False 
#   26 | steps:  1211 | steps_t:     0 | t: 1.070097 | r:  -458.000000 | e:   1.000000 | Q:        nan | won: False 
#   27 | steps:  1220 | steps_t:     0 | t: 1.093043 | r:  -508.000000 | e:   1.000000 | Q:        nan | won: False 
#   28 | steps:  1231 | steps_t:     0 | t: 1.108996 | r:  -510.000000 | e:   1.000000 | Q:        nan | won: False 
#   29 | steps:  1247 | steps_t:     0 | t: 1.125986 | r:  -504.000000 | e:   1.000000 | Q:        nan | won: False 
#   30 | steps:  1265 | steps_t:     0 | t: 1.142901 | r:  -517.000000 | e:   1.000000 | Q:        nan | won: False 
#   31 | steps:  1308 | steps_t:     0 | t: 1.177809 | r:  -469.000000 | e:   1.000000 | Q:        nan | won: False 
#   32 | steps:  1323 | steps_t:     0 | t: 1.195796 | r:  -503.000000 | e:   1.000000 | Q:        nan | won: False 
#   33 | steps:  1348 | steps_t:     0 | t: 1.219695 | r:  -429.000000 | e:   1.000000 | Q:        nan | won: False 
#   34 | steps:  1398 | steps_t:     0 | t: 1.264616 | r:  -454.000000 | e:   1.000000 | Q:        nan | won: False 
#   35 | steps:  1465 | steps_t:     0 | t: 1.315442 | r:  -504.000000 | e:   1.000000 | Q:        nan | won: False 
#   36 | steps:  1490 | steps_t:     0 | t: 1.337382 | r:  -469.000000 | e:   1.000000 | Q:        nan | won: False 
#   37 | steps:  1507 | steps_t:     0 | t: 1.355350 | r:  -421.000000 | e:   1.000000 | Q:        nan | won: False 
#   38 | steps:  1527 | steps_t:     0 | t: 1.375282 | r:  -497.000000 | e:   1.000000 | Q:        nan | won: False 
#   39 | steps:  1543 | steps_t:     0 | t: 1.390274 | r:  -515.000000 | e:   1.000000 | Q:        nan | won: False 
#   40 | steps:  1601 | steps_t:     0 | t: 1.435119 | r:  -484.000000 | e:   1.000000 | Q:        nan | won: False 
#   41 | steps:  1662 | steps_t:     0 | t: 1.484989 | r:  -527.000000 | e:   1.000000 | Q:        nan | won: False 
#   42 | steps:  1708 | steps_t:     0 | t: 1.528868 | r:  -501.000000 | e:   1.000000 | Q:        nan | won: False 
#   43 | steps:  1718 | steps_t:     0 | t: 1.540873 | r:  -498.000000 | e:   1.000000 | Q:        nan | won: False 
#   44 | steps:  1851 | steps_t:     0 | t: 1.628635 | r:  -588.000000 | e:   1.000000 | Q:        nan | won: False 
#   45 | steps:  1933 | steps_t:     0 | t: 1.689476 | r:  -504.000000 | e:   1.000000 | Q:        nan | won: False 
#   46 | steps:  2023 | steps_t:     0 | t: 1.751276 | r:  -483.000000 | e:   1.000000 | Q:        nan | won: False 
#   47 | steps:  2032 | steps_t:     0 | t: 1.762246 | r:  -508.000000 | e:   1.000000 | Q:        nan | won: False 
#   48 | steps:  2101 | steps_t:     0 | t: 1.813108 | r:  -451.000000 | e:   1.000000 | Q:        nan | won: False 
#   49 | steps:  2124 | steps_t:     0 | t: 1.838042 | r:  -449.000000 | e:   1.000000 | Q:        nan | won: False 
#   50 | steps:  2153 | steps_t:     0 | t: 1.879931 | r:  -433.000000 | e:   1.000000 | Q:        nan | won: False 
#   51 | steps:  2162 | steps_t:     0 | t: 1.900881 | r:  -508.000000 | e:   1.000000 | Q:        nan | won: False 
#   52 | steps:  2180 | steps_t:     0 | t: 1.926806 | r:  -506.000000 | e:   1.000000 | Q:        nan | won: False 
#   53 | steps:  2200 | steps_t:     0 | t: 1.952735 | r:  -508.000000 | e:   1.000000 | Q:        nan | won: False 
#   54 | steps:  2212 | steps_t:     0 | t: 1.978666 | r:  -460.000000 | e:   1.000000 | Q:        nan | won: False 
#   55 | steps:  2319 | steps_t:     0 | t: 2.055502 | r:  -584.000000 | e:   1.000000 | Q:        nan | won: False 
#   56 | steps:  2340 | steps_t:     0 | t: 2.073452 | r:  -425.000000 | e:   1.000000 | Q:        nan | won: False 
#   57 | steps:  2444 | steps_t:     0 | t: 2.147246 | r:  -486.000000 | e:   1.000000 | Q:        nan | won: False 
#   58 | steps:  2567 | steps_t:     0 | t: 2.233982 | r:  -483.000000 | e:   1.000000 | Q:        nan | won: False 
#   59 | steps:  2589 | steps_t:     0 | t: 2.255961 | r:  -470.000000 | e:   1.000000 | Q:        nan | won: False 
#   60 | steps:  2606 | steps_t:     0 | t: 2.272881 | r:  -454.000000 | e:   1.000000 | Q:        nan | won: False 
#   61 | steps:  2664 | steps_t:     0 | t: 2.317797 | r:  -451.000000 | e:   1.000000 | Q:        nan | won: False 
#   62 | steps:  2674 | steps_t:     0 | t: 2.330726 | r:  -498.000000 | e:   1.000000 | Q:        nan | won: False 
#   63 | steps:  2804 | steps_t:     0 | t: 2.515269 | r:  -534.000000 | e:   1.000000 | Q:        nan | won: False 
#   64 | steps:  2846 | steps_t:     0 | t: 2.551136 | r:  -486.000000 | e:   1.000000 | Q:        nan | won: False 
#   65 | steps:  2906 | steps_t:     0 | t: 2.593059 | r:  -475.000000 | e:   1.000000 | Q:        nan | won: False 
#   66 | steps:  3004 | steps_t:     0 | t: 2.659879 | r:  -520.000000 | e:   1.000000 | Q:        nan | won: False 
#   67 | steps:  3073 | steps_t:     0 | t: 2.709709 | r:  -535.000000 | e:   1.000000 | Q:        nan | won: False 
#   68 | steps:  3128 | steps_t:     0 | t: 2.754629 | r:  -459.000000 | e:   1.000000 | Q:        nan | won: False 
#   69 | steps:  3139 | steps_t:     0 | t: 2.768584 | r:  -510.000000 | e:   1.000000 | Q:        nan | won: False 
#   70 | steps:  3160 | steps_t:     0 | t: 2.789498 | r:  -476.000000 | e:   1.000000 | Q:        nan | won: False 
#   71 | steps:  3183 | steps_t:     0 | t: 2.810440 | r:  -471.000000 | e:   1.000000 | Q:        nan | won: False 
#   72 | steps:  3219 | steps_t:     0 | t: 2.841395 | r:  -473.000000 | e:   1.000000 | Q:        nan | won: False 
#   73 | steps:  3231 | steps_t:     0 | t: 2.855321 | r:  -511.000000 | e:   1.000000 | Q:        nan | won: False 
#   74 | steps:  3249 | steps_t:     0 | t: 2.873326 | r:  -455.000000 | e:   1.000000 | Q:        nan | won: False 
#   75 | steps:  3288 | steps_t:     0 | t: 2.903192 | r:  -443.000000 | e:   1.000000 | Q:        nan | won: False 
#   76 | steps:  3333 | steps_t:     0 | t: 2.953061 | r:  -416.000000 | e:   1.000000 | Q:        nan | won: False 
#   77 | steps:  3373 | steps_t:     0 | t: 3.003923 | r:  -455.000000 | e:   1.000000 | Q:        nan | won: False 
#   78 | steps:  3393 | steps_t:     0 | t: 3.030850 | r:  -519.000000 | e:   1.000000 | Q:        nan | won: False 
#   79 | steps:  3435 | steps_t:     0 | t: 3.083710 | r:  -468.000000 | e:   1.000000 | Q:        nan | won: False 
#   80 | steps:  3444 | steps_t:     0 | t: 3.093682 | r:  -497.000000 | e:   1.000000 | Q:        nan | won: False 
#   81 | steps:  3504 | steps_t:     0 | t: 3.138562 | r:  -464.000000 | e:   1.000000 | Q:        nan | won: False 
#   82 | steps:  3614 | steps_t:     0 | t: 3.219385 | r:  -576.000000 | e:   1.000000 | Q:        nan | won: False 
#   83 | steps:  3680 | steps_t:     0 | t: 3.267218 | r:  -543.000000 | e:   1.000000 | Q:        nan | won: False 
#   84 | steps:  3766 | steps_t:     0 | t: 3.325099 | r:  -508.000000 | e:   1.000000 | Q:        nan | won: False 
#   85 | steps:  3783 | steps_t:     0 | t: 3.342022 | r:  -505.000000 | e:   1.000000 | Q:        nan | won: False 
#   86 | steps:  3852 | steps_t:     0 | t: 3.429790 | r:   109.000000 | e:   1.000000 | Q:        nan | won: True 
#   87 | steps:  3911 | steps_t:     0 | t: 3.491620 | r:  -492.000000 | e:   1.000000 | Q:        nan | won: False 
#   88 | steps:  3923 | steps_t:     0 | t: 3.508573 | r:  -500.000000 | e:   1.000000 | Q:        nan | won: False 
#   89 | steps:  3952 | steps_t:     0 | t: 3.540487 | r:  -433.000000 | e:   1.000000 | Q:        nan | won: False 
#   90 | steps:  3968 | steps_t:     0 | t: 3.558439 | r:  -515.000000 | e:   1.000000 | Q:        nan | won: False 
#   91 | steps:  4015 | steps_t:     0 | t: 3.617285 | r:   131.000000 | e:   1.000000 | Q:        nan | won: True 
#   92 | steps:  4037 | steps_t:     0 | t: 3.646204 | r:  -521.000000 | e:   1.000000 | Q:        nan | won: False 
#   93 | steps:  4078 | steps_t:     0 | t: 3.687099 | r:  -467.000000 | e:   1.000000 | Q:        nan | won: False 
#   94 | steps:  4087 | steps_t:     0 | t: 3.702056 | r:  -497.000000 | e:   1.000000 | Q:        nan | won: False 
#   95 | steps:  4137 | steps_t:     0 | t: 3.747932 | r:  -527.000000 | e:   1.000000 | Q:        nan | won: False 
#   96 | steps:  4145 | steps_t:     0 | t: 3.760899 | r:  -496.000000 | e:   1.000000 | Q:        nan | won: False 
#   97 | steps:  4177 | steps_t:     0 | t: 3.784832 | r:  -458.000000 | e:   1.000000 | Q:        nan | won: False 
#   98 | steps:  4290 | steps_t:     0 | t: 3.869643 | r:  -495.000000 | e:   1.000000 | Q:        nan | won: False 
#   99 | steps:  4296 | steps_t:     0 | t: 3.881574 | r:  -483.000000 | e:   1.000000 | Q:        nan | won: False 
#  100 | steps:  4320 | steps_t:     0 | t: 3.904513 | r:  -523.000000 | e:   1.000000 | Q:        nan | won: False 
#  101 | steps:  4390 | steps_t:     0 | t: 3.957414 | r:  -463.000000 | e:   1.000000 | Q:        nan | won: False 
#  102 | steps:  4418 | steps_t:     0 | t: 3.980350 | r:  -516.000000 | e:   1.000000 | Q:        nan | won: False 
#  103 | steps:  4431 | steps_t:     0 | t: 3.994304 | r:  -490.000000 | e:   1.000000 | Q:        nan | won: False 
#  104 | steps:  4451 | steps_t:     0 | t: 4.013226 | r:  -457.000000 | e:   1.000000 | Q:        nan | won: False 
#  105 | steps:  4518 | steps_t:     0 | t: 4.072102 | r:  -482.000000 | e:   1.000000 | Q:        nan | won: False 
#  106 | steps:  4535 | steps_t:     0 | t: 4.092011 | r:  -505.000000 | e:   1.000000 | Q:        nan | won: False 
#  107 | steps:  4549 | steps_t:     0 | t: 4.112959 | r:  -513.000000 | e:   1.000000 | Q:        nan | won: False 
#  108 | steps:  4609 | steps_t:     0 | t: 4.184764 | r:  -493.000000 | e:   1.000000 | Q:        nan | won: False 
#  109 | steps:  4634 | steps_t:     0 | t: 4.209698 | r:  -513.000000 | e:   1.000000 | Q:        nan | won: False 
#  110 | steps:  4731 | steps_t:     0 | t: 4.277519 | r:  -574.000000 | e:   1.000000 | Q:        nan | won: False 
#  111 | steps:  4744 | steps_t:     0 | t: 4.293504 | r:  -512.000000 | e:   1.000000 | Q:        nan | won: False 
#  112 | steps:  4752 | steps_t:     0 | t: 4.308442 | r:  -474.000000 | e:   1.000000 | Q:        nan | won: False 
#  113 | steps:  4789 | steps_t:     0 | t: 4.351318 | r:  -474.000000 | e:   1.000000 | Q:        nan | won: False 
#  114 | steps:  4851 | steps_t:     0 | t: 4.399190 | r:  -506.000000 | e:   1.000000 | Q:        nan | won: False 
#  115 | steps:  4870 | steps_t:     0 | t: 4.416144 | r:  -507.000000 | e:   1.000000 | Q:        nan | won: False 
#  116 | steps:  4920 | steps_t:     0 | t: 4.452084 | r:  -465.000000 | e:   1.000000 | Q:        nan | won: False 
#  117 | steps:  4965 | steps_t:     0 | t: 4.485961 | r:  -398.000000 | e:   1.000000 | Q:        nan | won: False 
#  118 | steps:  5133 | steps_t:   132 | t: 5.909149 | r:  -539.000000 | e:   0.986800 | Q:        nan | won: False 
#  119 | steps:  5147 | steps_t:   145 | t: 6.027845 | r:  -513.000000 | e:   0.985500 | Q:  -7.903322 | won: False 
#  120 | steps:  5173 | steps_t:   170 | t: 6.292124 | r:  -503.000000 | e:   0.983000 | Q:        nan | won: False 
#  121 | steps:  5203 | steps_t:   199 | t: 6.570380 | r:  -445.000000 | e:   0.980100 | Q:        nan | won: False 
#  122 | steps:  5285 | steps_t:   280 | t: 7.243578 | r:  -475.000000 | e:   0.972000 | Q: -41.800545 | won: False 
#  123 | steps:  5297 | steps_t:   291 | t: 7.356281 | r:  -500.000000 | e:   0.970900 | Q: -54.749802 | won: False 
#  124 | steps:  5304 | steps_t:   297 | t: 7.408138 | r:  -495.000000 | e:   0.970300 | Q: -54.266319 | won: False 
#  125 | steps:  5383 | steps_t:   375 | t: 8.005540 | r:  -483.000000 | e:   0.962500 | Q: -49.959827 | won: False 
#  126 | steps:  5428 | steps_t:   419 | t: 8.339646 | r:  -449.000000 | e:   0.958100 | Q: -65.200371 | won: False 
#  127 | steps:  5484 | steps_t:   474 | t: 8.821357 | r:  -416.000000 | e:   0.952600 | Q: -56.577297 | won: False 
#  128 | steps:  5521 | steps_t:   510 | t: 9.108603 | r:  -463.000000 | e:   0.949000 | Q: -69.881783 | won: False 
#  129 | steps:  5537 | steps_t:   525 | t: 9.228268 | r:  -380.000000 | e:   0.947500 | Q: -79.290092 | won: False 
#  130 | steps:  5603 | steps_t:   590 | t: 9.801735 | r:  -510.000000 | e:   0.941000 | Q: -86.278023 | won: False 
#  131 | steps:  5674 | steps_t:   660 | t: 10.318351 | r:  -475.000000 | e:   0.934000 | Q: -99.596176 | won: False 
#  132 | steps:  5681 | steps_t:   666 | t: 10.371211 | r:  -484.000000 | e:   0.933400 | Q:        nan | won: False 
#  133 | steps:  5777 | steps_t:   761 | t: 11.264833 | r:  -511.000000 | e:   0.923900 | Q: -115.380539 | won: False 
#  134 | steps:  5816 | steps_t:   799 | t: 11.667742 | r:  -454.000000 | e:   0.920100 | Q: -92.800667 | won: False 
#  135 | steps:  5875 | steps_t:   857 | t: 12.272125 | r:  -536.000000 | e:   0.914300 | Q: -81.086464 | won: False 
#  136 | steps:  5894 | steps_t:   875 | t: 12.418733 | r:  -507.000000 | e:   0.912500 | Q: -97.124069 | won: False 
#  137 | steps:  5954 | steps_t:   934 | t: 12.895457 | r:  -486.000000 | e:   0.906600 | Q: -93.800476 | won: False 
#  138 | steps:  5972 | steps_t:   951 | t: 13.042064 | r:  -484.000000 | e:   0.904900 | Q: -110.282173 | won: False 
#  139 | steps:  6001 | steps_t:   979 | t: 13.271450 | r:  -455.000000 | e:   0.902100 | Q: -91.149956 | won: False 
#  140 | steps:  6027 | steps_t:  1004 | t: 13.461943 | r:  -514.000000 | e:   0.899600 | Q:        nan | won: False 
#  141 | steps:  6051 | steps_t:  1027 | t: 13.639466 | r:  -512.000000 | e:   0.897300 | Q: -110.846809 | won: False 
#  142 | steps:  6076 | steps_t:  1051 | t: 13.826964 | r:  -491.000000 | e:   0.894900 | Q: -112.492943 | won: False 
#  143 | steps:  6127 | steps_t:  1101 | t: 14.248836 | r:  -528.000000 | e:   0.889900 | Q: -92.354744 | won: False 
#  144 | steps:  6134 | steps_t:  1107 | t: 14.302692 | r:  -506.000000 | e:   0.889300 | Q:        nan | won: False 
#  145 | steps:  6147 | steps_t:  1119 | t: 14.397437 | r:  -501.000000 | e:   0.888100 | Q: -115.974464 | won: False 
#  146 | steps:  6215 | steps_t:  1186 | t: 14.892120 | r:  -461.000000 | e:   0.881400 | Q: -99.223518 | won: False 
#  147 | steps:  6285 | steps_t:  1255 | t: 15.464591 | r:  -496.000000 | e:   0.874500 | Q: -72.976631 | won: False 
#  148 | steps:  6297 | steps_t:  1266 | t: 15.552351 | r:  -500.000000 | e:   0.873400 | Q:        nan | won: False 
#  149 | steps:  6355 | steps_t:  1323 | t: 15.972225 | r:  -535.000000 | e:   0.867700 | Q: -80.504875 | won: False 
#  150 | steps:  6398 | steps_t:  1365 | t: 16.314310 | r:  -469.000000 | e:   0.863500 | Q: -87.424812 | won: False 
#  151 | steps:  6416 | steps_t:  1382 | t: 16.482859 | r:  -473.000000 | e:   0.861800 | Q: -106.862404 | won: False 
#  152 | steps:  6455 | steps_t:  1420 | t: 16.790037 | r:  -465.000000 | e:   0.858000 | Q: -87.367043 | won: False 
#  153 | steps:  6484 | steps_t:  1448 | t: 17.001471 | r:  -455.000000 | e:   0.855200 | Q: -86.490265 | won: False 
#  154 | steps:  6562 | steps_t:  1525 | t: 17.631785 | r:  -471.000000 | e:   0.847500 | Q: -89.363800 | won: False 
#  155 | steps:  6650 | steps_t:  1612 | t: 18.382786 | r:  -576.000000 | e:   0.838800 | Q: -71.946693 | won: False 
#  156 | steps:  6658 | steps_t:  1619 | t: 18.452588 | r:  -496.000000 | e:   0.838100 | Q:        nan | won: False 
#  157 | steps:  6671 | steps_t:  1631 | t: 18.567281 | r:  -490.000000 | e:   0.836900 | Q: -116.311226 | won: False 
#  158 | steps:  6739 | steps_t:  1698 | t: 19.222528 | r:  -494.000000 | e:   0.830200 | Q: -81.407616 | won: False 
#  159 | steps:  6751 | steps_t:  1709 | t: 19.329244 | r:  -500.000000 | e:   0.829100 | Q: -98.775009 | won: False 
#  160 | steps:  6828 | steps_t:  1785 | t: 20.069264 | r:  -554.000000 | e:   0.821500 | Q: -74.609688 | won: False 
#  161 | steps:  6874 | steps_t:  1830 | t: 20.766399 | r:  -494.000000 | e:   0.817000 | Q: -72.812553 | won: False 
#  162 | steps:  6888 | steps_t:  1843 | t: 20.971852 | r:  -502.000000 | e:   0.815700 | Q: -98.107086 | won: False 
#  163 | steps:  6948 | steps_t:  1902 | t: 21.591191 | r:  -497.000000 | e:   0.809800 | Q: -101.120369 | won: False 
#  164 | steps:  6980 | steps_t:  1933 | t: 21.960204 | r:  -520.000000 | e:   0.806700 | Q: -102.096039 | won: False 
#  165 | steps:  7008 | steps_t:  1960 | t: 22.297302 | r:  -516.000000 | e:   0.804000 | Q: -103.601944 | won: False 
#  166 | steps:  7054 | steps_t:  2005 | t: 22.722165 | r:  -472.000000 | e:   0.799500 | Q: -80.707893 | won: False 
#  167 | steps:  7107 | steps_t:  2057 | t: 23.314582 | r:  -490.000000 | e:   0.794300 | Q: -82.544296 | won: False 
#  168 | steps:  7137 | steps_t:  2086 | t: 23.655680 | r:  -518.000000 | e:   0.791400 | Q: -102.219368 | won: False 
#  169 | steps:  7205 | steps_t:  2153 | t: 24.277005 | r:  -494.000000 | e:   0.784700 | Q: -99.760368 | won: False 
#  170 | steps:  7216 | steps_t:  2163 | t: 24.398679 | r:  -499.000000 | e:   0.783700 | Q: -111.660149 | won: False 
#  171 | steps:  7226 | steps_t:  2172 | t: 24.484450 | r:  -509.000000 | e:   0.782800 | Q:        nan | won: False 
#  172 | steps:  7251 | steps_t:  2196 | t: 24.688903 | r:  -513.000000 | e:   0.780400 | Q: -103.259895 | won: False 
#  173 | steps:  7324 | steps_t:  2268 | t: 25.325206 | r:  -550.000000 | e:   0.773200 | Q: -97.495255 | won: False 
#  174 | steps:  7393 | steps_t:  2336 | t: 25.880713 | r:  -557.000000 | e:   0.766400 | Q: -79.432091 | won: False 
#  175 | steps:  7421 | steps_t:  2363 | t: 26.137028 | r:  -465.000000 | e:   0.763700 | Q: -105.591568 | won: False 
#  176 | steps:  7468 | steps_t:  2409 | t: 26.542942 | r:  -462.000000 | e:   0.759100 | Q: -78.394150 | won: False 
#  177 | steps:  7488 | steps_t:  2428 | t: 26.712487 | r:  -519.000000 | e:   0.757200 | Q: -105.429710 | won: False 
#  178 | steps:  7514 | steps_t:  2453 | t: 26.913949 | r:  -430.000000 | e:   0.754700 | Q: -80.714783 | won: False 
#  179 | steps:  7587 | steps_t:  2525 | t: 27.503378 | r:  -539.000000 | e:   0.747500 | Q: -98.951591 | won: False 
#  180 | steps:  7605 | steps_t:  2542 | t: 27.673918 | r:  -517.000000 | e:   0.745800 | Q: -108.944481 | won: False 
#  181 | steps:  7615 | steps_t:  2551 | t: 27.754701 | r:  -498.000000 | e:   0.744900 | Q:        nan | won: False 
#  182 | steps:  7657 | steps_t:  2592 | t: 28.065868 | r:  -468.000000 | e:   0.740800 | Q: -74.366425 | won: False 
#  183 | steps:  7709 | steps_t:  2643 | t: 28.488736 | r:  -445.000000 | e:   0.735700 | Q: -102.268715 | won: False 
#  184 | steps:  7743 | steps_t:  2676 | t: 28.767000 | r:  -460.000000 | e:   0.732400 | Q: -67.512970 | won: False 
#  185 | steps:  7805 | steps_t:  2737 | t: 29.248702 | r:  -444.000000 | e:   0.726300 | Q: -77.584053 | won: False 
#  186 | steps:  7837 | steps_t:  2768 | t: 29.486068 | r:  -425.000000 | e:   0.723200 | Q: -87.440063 | won: False 
#  187 | steps:  7847 | steps_t:  2777 | t: 29.559870 | r:  -498.000000 | e:   0.722300 | Q: -110.050423 | won: False 
#  188 | steps:  7926 | steps_t:  2855 | t: 30.222100 | r:  -556.000000 | e:   0.714500 | Q: -80.897896 | won: False 
#  189 | steps:  7959 | steps_t:  2887 | t: 30.507349 | r:  -510.000000 | e:   0.711300 | Q: -110.963074 | won: False 
#  190 | steps:  7967 | steps_t:  2894 | t: 30.565181 | r:  -507.000000 | e:   0.710600 | Q: -116.968056 | won: False 
#  191 | steps:  8030 | steps_t:  2956 | t: 31.071824 | r:  -529.000000 | e:   0.704400 | Q: -90.102745 | won: False 
#  192 | steps:  8121 | steps_t:  3046 | t: 31.792895 | r:  -579.000000 | e:   0.695400 | Q: -78.299103 | won: False 
#  193 | steps:  8138 | steps_t:  3062 | t: 31.927536 | r:  -516.000000 | e:   0.693800 | Q: -126.945366 | won: False 
#  194 | steps:  8153 | steps_t:  3076 | t: 32.062174 | r:  -503.000000 | e:   0.692400 | Q: -127.823135 | won: False 
#  195 | steps:  8166 | steps_t:  3088 | t: 32.172878 | r:  -512.000000 | e:   0.691200 | Q: -130.414490 | won: False 
#  196 | steps:  8234 | steps_t:  3155 | t: 32.706454 | r:  -461.000000 | e:   0.684500 | Q: -82.185471 | won: False 
#  197 | steps:  8284 | steps_t:  3204 | t: 33.078457 | r:  -516.000000 | e:   0.679600 | Q: -82.024834 | won: False 
#  198 | steps:  8324 | steps_t:  3243 | t: 33.407576 | r:  -528.000000 | e:   0.675700 | Q: -107.576347 | won: False 
#  199 | steps:  8337 | steps_t:  3255 | t: 33.507309 | r:  -512.000000 | e:   0.674500 | Q: -115.411407 | won: False 
#  200 | steps:  8370 | steps_t:  3287 | t: 33.774594 | r:  -521.000000 | e:   0.671300 | Q: -115.508438 | won: False 
#  201 | steps:  8432 | steps_t:  3348 | t: 34.272265 | r:  -550.000000 | e:   0.665200 | Q: -116.657646 | won: False 
#  202 | steps:  8546 | steps_t:  3461 | t: 35.222718 | r:  -536.000000 | e:   0.653900 | Q: -112.401901 | won: False 
#  203 | steps:  8575 | steps_t:  3489 | t: 35.478035 | r:  -517.000000 | e:   0.651100 | Q: -108.483765 | won: False 
#  204 | steps:  8586 | steps_t:  3499 | t: 35.559817 | r:  -510.000000 | e:   0.650100 | Q: -121.321388 | won: False 
#  205 | steps:  8606 | steps_t:  3518 | t: 35.716401 | r:  -508.000000 | e:   0.648200 | Q: -110.063080 | won: False 
#  206 | steps:  8776 | steps_t:  3687 | t: 37.104683 | r:  -636.000000 | e:   0.631300 | Q: -78.271965 | won: False 
#  207 | steps:  8789 | steps_t:  3699 | t: 37.215387 | r:  -501.000000 | e:   0.630100 | Q: -106.512779 | won: False 
#  208 | steps:  8833 | steps_t:  3742 | t: 37.566446 | r:  -437.000000 | e:   0.625800 | Q: -99.938934 | won: False 
#  209 | steps:  8913 | steps_t:  3821 | t: 38.211721 | r:  -557.000000 | e:   0.617900 | Q: -98.131462 | won: False 
#  210 | steps:  8985 | steps_t:  3892 | t: 38.782202 | r:  -549.000000 | e:   0.610800 | Q: -76.849854 | won: False 
#  211 | steps:  9006 | steps_t:  3912 | t: 38.942765 | r:  -509.000000 | e:   0.608800 | Q: -111.022575 | won: False 
#  212 | steps:  9026 | steps_t:  3931 | t: 39.122284 | r:  -508.000000 | e:   0.606900 | Q: -120.219933 | won: False 
#  213 | steps:  9039 | steps_t:  3943 | t: 39.218028 | r:  -512.000000 | e:   0.605700 | Q: -128.721588 | won: False 
#  214 | steps:  9067 | steps_t:  3970 | t: 39.436444 | r:  -443.000000 | e:   0.603000 | Q: -95.155769 | won: False 
#  215 | steps:  9142 | steps_t:  4044 | t: 40.023872 | r:  -490.000000 | e:   0.595600 | Q: -69.672562 | won: False 
#  216 | steps:  9185 | steps_t:  4086 | t: 40.362964 | r:  -469.000000 | e:   0.591400 | Q: -88.573097 | won: False 
#  217 | steps:  9293 | steps_t:  4193 | t: 41.268542 | r:  -596.000000 | e:   0.580700 | Q: -111.354080 | won: False 
#  218 | steps:  9310 | steps_t:  4209 | t: 41.404180 | r:  -516.000000 | e:   0.579100 | Q: -113.888344 | won: False 
#  219 | steps:  9371 | steps_t:  4269 | t: 41.905838 | r:  -538.000000 | e:   0.573100 | Q: -120.290024 | won: False 
#  220 | steps:  9382 | steps_t:  4279 | t: 41.992604 | r:  -510.000000 | e:   0.572100 | Q: -142.965363 | won: False 
#  221 | steps:  9427 | steps_t:  4323 | t: 42.485288 | r:  -471.000000 | e:   0.567700 | Q: -88.818550 | won: False 
#  222 | steps:  9480 | steps_t:  4375 | t: 42.894193 | r:  -541.000000 | e:   0.562500 | Q: -120.642479 | won: False 
#  223 | steps:  9496 | steps_t:  4390 | t: 43.071718 | r:  -504.000000 | e:   0.561000 | Q: -123.978569 | won: False 
#  224 | steps:  9531 | steps_t:  4424 | t: 43.682085 | r:  -461.000000 | e:   0.557600 | Q: -102.914520 | won: False 
#  225 | steps:  9578 | steps_t:  4470 | t: 44.166792 | r:  -535.000000 | e:   0.553000 | Q: -119.589088 | won: False 
#  226 | steps:  9595 | steps_t:  4486 | t: 44.338329 | r:  -505.000000 | e:   0.551400 | Q: -122.710503 | won: False 
#  227 | steps:  9689 | steps_t:  4579 | t: 45.121236 | r:  -582.000000 | e:   0.542100 | Q: -119.972778 | won: False 
#  228 | steps:  9726 | steps_t:  4615 | t: 45.413453 | r:  -514.000000 | e:   0.538500 | Q: -121.983109 | won: False 
#  229 | steps:  9761 | steps_t:  4649 | t: 45.726613 | r:  -461.000000 | e:   0.535100 | Q: -82.119209 | won: False 
#  230 | steps:  9890 | steps_t:  4777 | t: 46.900472 | r:  -555.000000 | e:   0.522300 | Q: -72.058861 | won: False 
#  231 | steps:  9945 | steps_t:  4831 | t: 47.408114 | r:  -492.000000 | e:   0.516900 | Q: -101.957695 | won: False 
#  232 | steps:  9963 | steps_t:  4848 | t: 47.594618 | r:  -517.000000 | e:   0.515200 | Q: -97.759705 | won: False 
#  233 | steps: 10007 | steps_t:  4891 | t: 48.072338 | r:  -470.000000 | e:   0.510900 | Q: -67.825722 | won: False 
#  234 | steps: 10050 | steps_t:  4933 | t: 48.467281 | r:  -531.000000 | e:   0.506700 | Q: -102.715691 | won: False 
#  235 | steps: 10062 | steps_t:  4944 | t: 48.564022 | r:  -500.000000 | e:   0.505600 | Q: -123.925690 | won: False 
#  236 | steps: 10087 | steps_t:  4968 | t: 48.924059 | r:  -502.000000 | e:   0.503200 | Q: -101.881866 | won: False 
#  237 | steps: 10129 | steps_t:  5009 | t: 49.268145 | r:  -468.000000 | e:   0.499100 | Q: -99.899101 | won: False 
#  238 | steps: 10164 | steps_t:  5043 | t: 49.559359 | r:  -512.000000 | e:   0.495700 | Q: -102.860214 | won: False 
#  239 | steps: 10253 | steps_t:  5131 | t: 50.337281 | r:  -577.000000 | e:   0.486900 | Q: -84.830948 | won: False 
#  240 | steps: 10311 | steps_t:  5188 | t: 50.923708 | r:  -484.000000 | e:   0.481200 | Q: -86.448349 | won: False 
#  241 | steps: 10345 | steps_t:  5221 | t: 51.311670 | r:  -522.000000 | e:   0.477900 | Q: -102.564056 | won: False 
#  242 | steps: 10386 | steps_t:  5261 | t: 51.657745 | r:  -518.000000 | e:   0.473900 | Q: -98.386055 | won: False 
#  243 | steps: 10469 | steps_t:  5343 | t: 52.361862 | r:  -571.000000 | e:   0.465700 | Q: -51.554394 | won: False 
#  244 | steps: 10570 | steps_t:  5443 | t: 53.183692 | r:  -516.000000 | e:   0.455700 | Q: -97.987701 | won: False 
#  245 | steps: 10587 | steps_t:  5459 | t: 53.390113 | r:  -505.000000 | e:   0.454100 | Q: -110.580605 | won: False 
#  246 | steps: 10606 | steps_t:  5477 | t: 53.549683 | r:  -518.000000 | e:   0.452300 | Q: -112.225311 | won: False 
#  247 | steps: 10636 | steps_t:  5506 | t: 53.783058 | r:  -529.000000 | e:   0.449400 | Q: -126.493431 | won: False 
#  248 | steps: 10649 | steps_t:  5518 | t: 53.883788 | r:  -501.000000 | e:   0.448200 | Q: -129.675842 | won: False 
#  249 | steps: 10672 | steps_t:  5540 | t: 54.059319 | r:  -522.000000 | e:   0.446000 | Q: -128.965744 | won: False 
#  250 | steps: 10712 | steps_t:  5579 | t: 54.517142 | r:  -528.000000 | e:   0.442100 | Q: -133.283615 | won: False 
#  251 | steps: 10778 | steps_t:  5644 | t: 55.041693 | r:  -543.000000 | e:   0.435600 | Q: -89.041489 | won: False 
#  252 | steps: 10800 | steps_t:  5665 | t: 55.214228 | r:  -510.000000 | e:   0.433500 | Q: -116.099548 | won: False 
#  253 | steps: 10884 | steps_t:  5748 | t: 55.965219 | r:  -572.000000 | e:   0.425200 | Q: -116.595375 | won: False 
#  254 | steps: 10898 | steps_t:  5761 | t: 56.084904 | r:  -491.000000 | e:   0.423900 | Q: -113.925812 | won: False 
#  255 | steps: 10909 | steps_t:  5771 | t: 56.175656 | r:  -510.000000 | e:   0.422900 | Q: -111.557457 | won: False 
#  256 | steps: 11003 | steps_t:  5864 | t: 57.012418 | r:  -498.000000 | e:   0.413600 | Q: -70.180527 | won: False 
#  257 | steps: 11073 | steps_t:  5933 | t: 57.582892 | r:  -547.000000 | e:   0.406700 | Q: -82.003525 | won: False 
#  258 | steps: 11083 | steps_t:  5942 | t: 57.682624 | r:  -509.000000 | e:   0.405800 | Q: -107.012299 | won: False 
#  259 | steps: 11121 | steps_t:  5979 | t: 58.015733 | r:  -526.000000 | e:   0.402100 | Q: -104.688698 | won: False 
#  260 | steps: 11149 | steps_t:  6006 | t: 58.433615 | r:  -527.000000 | e:   0.399400 | Q: -95.403290 | won: False 
#  261 | steps: 11177 | steps_t:  6033 | t: 59.040990 | r:  -527.000000 | e:   0.396700 | Q: -96.428978 | won: False 
#  262 | steps: 11224 | steps_t:  6079 | t: 59.538659 | r:  -546.000000 | e:   0.392100 | Q: -95.442955 | won: False 
#  263 | steps: 11309 | steps_t:  6163 | t: 60.377415 | r:  -500.000000 | e:   0.383700 | Q: -97.023613 | won: False 
#  264 | steps: 11327 | steps_t:  6180 | t: 60.535991 | r:  -495.000000 | e:   0.382000 | Q: -103.726524 | won: False 
#  265 | steps: 11357 | steps_t:  6209 | t: 60.808262 | r:  -518.000000 | e:   0.379100 | Q: -103.632057 | won: False 
#  266 | steps: 11415 | steps_t:  6266 | t: 61.690901 | r:  -535.000000 | e:   0.373400 | Q: -111.843925 | won: False 
#  267 | steps: 11571 | steps_t:  6421 | t: 63.899990 | r:  -622.000000 | e:   0.357900 | Q: -51.764576 | won: False 
#  268 | steps: 11599 | steps_t:  6448 | t: 64.123392 | r:  -516.000000 | e:   0.355200 | Q: -84.252754 | won: False 
#  269 | steps: 11632 | steps_t:  6480 | t: 64.416607 | r:  -532.000000 | e:   0.352000 | Q: -82.876572 | won: False 
#  270 | steps: 11726 | steps_t:  6573 | t: 65.250377 | r:  -582.000000 | e:   0.342700 | Q: -80.530525 | won: False 
#  271 | steps: 11736 | steps_t:  6582 | t: 65.370056 | r:  -498.000000 | e:   0.341800 | Q: -97.773521 | won: False 
#  272 | steps: 11785 | steps_t:  6630 | t: 66.030290 | r:  -537.000000 | e:   0.337000 | Q: -86.948814 | won: False 
#  273 | steps: 11823 | steps_t:  6667 | t: 66.365392 | r:  -526.000000 | e:   0.333300 | Q: -77.495445 | won: False 
#  274 | steps: 11881 | steps_t:  6724 | t: 66.897969 | r:  -546.000000 | e:   0.327600 | Q: -83.295349 | won: False 
#  275 | steps: 11926 | steps_t:  6768 | t: 67.333802 | r:  -544.000000 | e:   0.323200 | Q: -99.502022 | won: False 
#  276 | steps: 12015 | steps_t:  6856 | t: 68.161587 | r:  -577.000000 | e:   0.314400 | Q: -99.823189 | won: False 
#  277 | steps: 12033 | steps_t:  6873 | t: 68.319166 | r:  -495.000000 | e:   0.312700 | Q: -100.695068 | won: False 
#  278 | steps: 12046 | steps_t:  6885 | t: 68.431864 | r:  -490.000000 | e:   0.311500 | Q: -96.136856 | won: False 
#  279 | steps: 12086 | steps_t:  6924 | t: 68.931527 | r:  -539.000000 | e:   0.307600 | Q: -91.926605 | won: False 
#  280 | steps: 12106 | steps_t:  6943 | t: 69.255660 | r:  -519.000000 | e:   0.305700 | Q: -89.751595 | won: False 
#  281 | steps: 12146 | steps_t:  6982 | t: 69.712438 | r:  -539.000000 | e:   0.301800 | Q: -88.781174 | won: False 
#  282 | steps: 12179 | steps_t:  7014 | t: 70.009650 | r:  -499.000000 | e:   0.298600 | Q: -90.260529 | won: False 
#  283 | steps: 12262 | steps_t:  7096 | t: 70.795539 | r:  -509.000000 | e:   0.290400 | Q: -61.034603 | won: False 
#  284 | steps: 12333 | steps_t:  7166 | t: 71.569472 | r:  -559.000000 | e:   0.283400 | Q: -107.162216 | won: False 
#  285 | steps: 12344 | steps_t:  7176 | t: 71.674190 | r:  -488.000000 | e:   0.282400 | Q: -135.794891 | won: False 
#  286 | steps: 12350 | steps_t:  7181 | t: 71.736024 | r:  -483.000000 | e:   0.281900 | Q: -127.619247 | won: False 
#  287 | steps: 12424 | steps_t:  7254 | t: 72.536881 | r:  -529.000000 | e:   0.274600 | Q: -124.203453 | won: False 
#  288 | steps: 12438 | steps_t:  7267 | t: 72.664543 | r:  -513.000000 | e:   0.273300 | Q: -122.939789 | won: False 
#  289 | steps: 12477 | steps_t:  7305 | t: 73.007621 | r:  -538.000000 | e:   0.269500 | Q: -107.090492 | won: False 
#  290 | steps: 12493 | steps_t:  7320 | t: 73.281887 | r:  -504.000000 | e:   0.268000 | Q: -136.395798 | won: False 
#  291 | steps: 12558 | steps_t:  7384 | t: 73.991988 | r:  -491.000000 | e:   0.261600 | Q: -61.738945 | won: False 
#  292 | steps: 12707 | steps_t:  7532 | t: 75.714379 | r:  -626.000000 | e:   0.246800 | Q: -97.803726 | won: False 
#  293 | steps: 12790 | steps_t:  7614 | t: 76.611978 | r:  -571.000000 | e:   0.238600 | Q: -86.527992 | won: False 
#  294 | steps: 12800 | steps_t:  7623 | t: 76.695754 | r:  -509.000000 | e:   0.237700 | Q: -81.591057 | won: False 
#  295 | steps: 12811 | steps_t:  7633 | t: 76.796483 | r:  -510.000000 | e:   0.236700 | Q: -91.003792 | won: False 
#  296 | steps: 12827 | steps_t:  7648 | t: 76.962041 | r:  -515.000000 | e:   0.235200 | Q: -90.812531 | won: False 
#  297 | steps: 12867 | steps_t:  7687 | t: 77.395880 | r:  -539.000000 | e:   0.231300 | Q: -79.810074 | won: False 
#  298 | steps: 12877 | steps_t:  7696 | t: 77.481651 | r:  -509.000000 | e:   0.230400 | Q: -94.011024 | won: False 
#  299 | steps: 12897 | steps_t:  7715 | t: 77.697074 | r:  -508.000000 | e:   0.228500 | Q: -99.324837 | won: False 
#  300 | steps: 12919 | steps_t:  7736 | t: 77.898535 | r:  -510.000000 | e:   0.226400 | Q: -99.435532 | won: False 
#  301 | steps: 12935 | steps_t:  7751 | t: 78.043148 | r:  -504.000000 | e:   0.224900 | Q: -95.883072 | won: False 
#  302 | steps: 12948 | steps_t:  7763 | t: 78.188758 | r:  -512.000000 | e:   0.223700 | Q: -90.689079 | won: False 
#  303 | steps: 12956 | steps_t:  7770 | t: 78.258572 | r:  -496.000000 | e:   0.223000 | Q: -88.643890 | won: False 
#  304 | steps: 13000 | steps_t:  7813 | t: 78.701387 | r:  -532.000000 | e:   0.218700 | Q: -88.707375 | won: False 
#  305 | steps: 13026 | steps_t:  7838 | t: 78.931770 | r:  -525.000000 | e:   0.216200 | Q: -96.523369 | won: False 
#  306 | steps: 13082 | steps_t:  7893 | t: 79.482302 | r:  -533.000000 | e:   0.210700 | Q: -95.125008 | won: False 
#  307 | steps: 13219 | steps_t:  8029 | t: 80.953363 | r:  -625.000000 | e:   0.197100 | Q: -92.733459 | won: False 
#  308 | steps: 13267 | steps_t:  8076 | t: 81.363265 | r:  -525.000000 | e:   0.192400 | Q: -72.762245 | won: False 
#  309 | steps: 13305 | steps_t:  8113 | t: 81.718327 | r:  -537.000000 | e:   0.188700 | Q: -80.930290 | won: False 
#  310 | steps: 13323 | steps_t:  8130 | t: 81.864929 | r:  -517.000000 | e:   0.187000 | Q: -95.263847 | won: False 
#  311 | steps: 13337 | steps_t:  8143 | t: 82.001557 | r:  -513.000000 | e:   0.185700 | Q: -87.238358 | won: False 
#  312 | steps: 13423 | steps_t:  8228 | t: 82.812387 | r:  -574.000000 | e:   0.177200 | Q: -87.745445 | won: False 
#  313 | steps: 13432 | steps_t:  8236 | t: 82.931071 | r:  -508.000000 | e:   0.176400 | Q: -83.454597 | won: False 
#  314 | steps: 13494 | steps_t:  8297 | t: 83.555401 | r:  -561.000000 | e:   0.170300 | Q: -73.759048 | won: False 
#  315 | steps: 13654 | steps_t:  8456 | t: 85.185039 | r:  -648.000000 | e:   0.154400 | Q: -74.102142 | won: False 
#  316 | steps: 13666 | steps_t:  8467 | t: 85.304719 | r:  -500.000000 | e:   0.153300 | Q: -100.198593 | won: False 
#  317 | steps: 13748 | steps_t:  8548 | t: 86.403778 | r:  -508.000000 | e:   0.145200 | Q: -101.831665 | won: False 
#  318 | steps: 13770 | steps_t:  8569 | t: 86.642141 | r:  -510.000000 | e:   0.143100 | Q: -114.252037 | won: False 
#  319 | steps: 13888 | steps_t:  8686 | t: 88.002512 | r:  -606.000000 | e:   0.131400 | Q: -106.205315 | won: False 
#  320 | steps: 13916 | steps_t:  8713 | t: 88.348574 | r:  -527.000000 | e:   0.128700 | Q: -102.462021 | won: False 
#  321 | steps: 13992 | steps_t:  8788 | t: 89.104553 | r:  -553.000000 | e:   0.121200 | Q: -85.582687 | won: False 
#  322 | steps: 14130 | steps_t:  8925 | t: 90.727211 | r:  -626.000000 | e:   0.107500 | Q: -87.606171 | won: False 
#  323 | steps: 14178 | steps_t:  8972 | t: 91.194961 | r:  -536.000000 | e:   0.102800 | Q: -79.124771 | won: False 
#  324 | steps: 14218 | steps_t:  9011 | t: 91.544026 | r:  -528.000000 | e:   0.100000 | Q: -88.326363 | won: False 
#  325 | steps: 14250 | steps_t:  9042 | t: 91.882120 | r:  -520.000000 | e:   0.100000 | Q: -93.193771 | won: False 
#  326 | steps: 14396 | steps_t:  9187 | t: 93.374128 | r:  -623.000000 | e:   0.100000 | Q: -99.422134 | won: False 
#  327 | steps: 14449 | steps_t:  9239 | t: 93.843871 | r:  -552.000000 | e:   0.100000 | Q: -83.059708 | won: False 
#  328 | steps: 14469 | steps_t:  9258 | t: 94.076249 | r:  -519.000000 | e:   0.100000 | Q: -90.129250 | won: False 
#  329 | steps: 14508 | steps_t:  9296 | t: 94.416340 | r:  -538.000000 | e:   0.100000 | Q: -82.876244 | won: False 
#  330 | steps: 14579 | steps_t:  9366 | t: 95.061614 | r:  -570.000000 | e:   0.100000 | Q: -80.032784 | won: False 
#  331 | steps: 14623 | steps_t:  9409 | t: 95.590200 | r:  -532.000000 | e:   0.100000 | Q: -81.338181 | won: False 
#  332 | steps: 14646 | steps_t:  9431 | t: 95.866461 | r:  -511.000000 | e:   0.100000 | Q: -97.653008 | won: False 
#  333 | steps: 14770 | steps_t:  9554 | t: 98.442569 | r:  -550.000000 | e:   0.100000 | Q: -85.691658 | won: False 
#  334 | steps: 14778 | steps_t:  9561 | t: 98.537351 | r:  -507.000000 | e:   0.100000 | Q: -99.011230 | won: False 
#  335 | steps: 14792 | steps_t:  9574 | t: 98.679932 | r:  -513.000000 | e:   0.100000 | Q: -86.666519 | won: False 
#  336 | steps: 14808 | steps_t:  9589 | t: 98.822551 | r:  -515.000000 | e:   0.100000 | Q: -93.735374 | won: False 
