#    1 | steps:    12 | steps_t:     0 | t: 0.042876 | r:  -511.000000 | e:   1.000000 | Q:        nan | won: False 
#    2 | steps:    52 | steps_t:     0 | t: 0.080772 | r:  -415.000000 | e:   1.000000 | Q:        nan | won: False 
#    3 | steps:   102 | steps_t:     0 | t: 0.122698 | r:  -465.000000 | e:   1.000000 | Q:        nan | won: False 
#    4 | steps:   148 | steps_t:     0 | t: 0.157614 | r:  -512.000000 | e:   1.000000 | Q:        nan | won: False 
#    5 | steps:   157 | steps_t:     0 | t: 0.174558 | r:  -508.000000 | e:   1.000000 | Q:        nan | won: False 
#    6 | steps:   215 | steps_t:     0 | t: 0.213462 | r:  -411.000000 | e:   1.000000 | Q:        nan | won: False 
#    7 | steps:   229 | steps_t:     0 | t: 0.227382 | r:  -502.000000 | e:   1.000000 | Q:        nan | won: False 
#    8 | steps:   308 | steps_t:     0 | t: 0.316144 | r:  -505.000000 | e:   1.000000 | Q:        nan | won: False 
#    9 | steps:   438 | steps_t:     0 | t: 0.502644 | r:  -501.000000 | e:   1.000000 | Q:        nan | won: False 
#   10 | steps:   467 | steps_t:     0 | t: 0.535557 | r:  -455.000000 | e:   1.000000 | Q:        nan | won: False 
#   11 | steps:   492 | steps_t:     0 | t: 0.570466 | r:  -502.000000 | e:   1.000000 | Q:        nan | won: False 
#   12 | steps:   654 | steps_t:     0 | t: 0.688148 | r:    16.000000 | e:   1.000000 | Q:        nan | won: True 
#   13 | steps:   712 | steps_t:     0 | t: 0.729080 | r:  -524.000000 | e:   1.000000 | Q:        nan | won: False 
#   14 | steps:   754 | steps_t:     0 | t: 0.763950 | r:  -468.000000 | e:   1.000000 | Q:        nan | won: False 
#   15 | steps:   805 | steps_t:     0 | t: 0.810819 | r:  -466.000000 | e:   1.000000 | Q:        nan | won: False 
#   16 | steps:   842 | steps_t:     0 | t: 0.844773 | r:  -441.000000 | e:   1.000000 | Q:        nan | won: False 
#   17 | steps:   873 | steps_t:     0 | t: 0.870698 | r:  -479.000000 | e:   1.000000 | Q:        nan | won: False 
#   18 | steps:   896 | steps_t:     0 | t: 0.890643 | r:  -511.000000 | e:   1.000000 | Q:        nan | won: False 
#   19 | steps:   923 | steps_t:     0 | t: 0.914578 | r:  -380.000000 | e:   1.000000 | Q:        nan | won: False 
#   20 | steps:   941 | steps_t:     0 | t: 0.931498 | r:  -517.000000 | e:   1.000000 | Q:        nan | won: False 
#   21 | steps:   951 | steps_t:     0 | t: 0.949448 | r:  -498.000000 | e:   1.000000 | Q:        nan | won: False 
#   22 | steps:  1042 | steps_t:     0 | t: 1.029248 | r:  -513.000000 | e:   1.000000 | Q:        nan | won: False 
#   23 | steps:  1144 | steps_t:     0 | t: 1.118036 | r:  -535.000000 | e:   1.000000 | Q:        nan | won: False 
#   24 | steps:  1157 | steps_t:     0 | t: 1.132994 | r:  -512.000000 | e:   1.000000 | Q:        nan | won: False 
#   25 | steps:  1186 | steps_t:     0 | t: 1.157893 | r:  -393.000000 | e:   1.000000 | Q:        nan | won: False 
#   26 | steps:  1269 | steps_t:     0 | t: 1.218729 | r:  -527.000000 | e:   1.000000 | Q:        nan | won: False 
#   27 | steps:  1316 | steps_t:     0 | t: 1.262614 | r:  -473.000000 | e:   1.000000 | Q:        nan | won: False 
#   28 | steps:  1372 | steps_t:     0 | t: 1.312485 | r:  -471.000000 | e:   1.000000 | Q:        nan | won: False 
#   29 | steps:  1410 | steps_t:     0 | t: 1.346421 | r:  -464.000000 | e:   1.000000 | Q:        nan | won: False 
#   30 | steps:  1436 | steps_t:     0 | t: 1.367332 | r:  -525.000000 | e:   1.000000 | Q:        nan | won: False 
#   31 | steps:  1470 | steps_t:     0 | t: 1.395291 | r:  -438.000000 | e:   1.000000 | Q:        nan | won: False 
#   32 | steps:  1487 | steps_t:     0 | t: 1.410216 | r:  -505.000000 | e:   1.000000 | Q:        nan | won: False 
#   33 | steps:  1528 | steps_t:     0 | t: 1.489004 | r:  -529.000000 | e:   1.000000 | Q:        nan | won: False 
#   34 | steps:  1548 | steps_t:     0 | t: 1.515934 | r:  -435.000000 | e:   1.000000 | Q:        nan | won: False 
#   35 | steps:  1575 | steps_t:     0 | t: 1.545853 | r:  -515.000000 | e:   1.000000 | Q:        nan | won: False 
#   36 | steps:  1631 | steps_t:     0 | t: 1.595725 | r:  -449.000000 | e:   1.000000 | Q:        nan | won: False 
#   37 | steps:  1693 | steps_t:     0 | t: 1.641597 | r:  -455.000000 | e:   1.000000 | Q:        nan | won: False 
#   38 | steps:  1783 | steps_t:     0 | t: 1.748311 | r:  -545.000000 | e:   1.000000 | Q:        nan | won: False 
#   39 | steps:  1794 | steps_t:     0 | t: 1.781223 | r:  -510.000000 | e:   1.000000 | Q:        nan | won: False 
#   40 | steps:  1814 | steps_t:     0 | t: 1.857021 | r:  -435.000000 | e:   1.000000 | Q:        nan | won: False 
#   41 | steps:  1860 | steps_t:     0 | t: 1.958782 | r:  -450.000000 | e:   1.000000 | Q:        nan | won: False 
#   42 | steps:  1894 | steps_t:     0 | t: 1.990671 | r:  -511.000000 | e:   1.000000 | Q:        nan | won: False 
#   43 | steps:  1937 | steps_t:     0 | t: 2.033547 | r:  -469.000000 | e:   1.000000 | Q:        nan | won: False 
#   44 | steps:  1951 | steps_t:     0 | t: 2.048507 | r:  -502.000000 | e:   1.000000 | Q:        nan | won: False 
#   45 | steps:  1985 | steps_t:     0 | t: 2.073440 | r:  -438.000000 | e:   1.000000 | Q:        nan | won: False 
#   46 | steps:  2052 | steps_t:     0 | t: 2.119318 | r:  -449.000000 | e:   1.000000 | Q:        nan | won: False 
#   47 | steps:  2122 | steps_t:     0 | t: 2.180157 | r:  -496.000000 | e:   1.000000 | Q:        nan | won: False 
#   48 | steps:  2173 | steps_t:     0 | t: 2.235064 | r:  -455.000000 | e:   1.000000 | Q:        nan | won: False 
#   49 | steps:  2187 | steps_t:     0 | t: 2.269915 | r:  -491.000000 | e:   1.000000 | Q:        nan | won: False 
#   50 | steps:  2233 | steps_t:     0 | t: 2.328794 | r:  -439.000000 | e:   1.000000 | Q:        nan | won: False 
#   51 | steps:  2295 | steps_t:     0 | t: 2.376665 | r:  -488.000000 | e:   1.000000 | Q:        nan | won: False 
#   52 | steps:  2305 | steps_t:     0 | t: 2.387637 | r:  -509.000000 | e:   1.000000 | Q:        nan | won: False 
#   53 | steps:  2364 | steps_t:     0 | t: 2.427529 | r:  -474.000000 | e:   1.000000 | Q:        nan | won: False 
#   54 | steps:  2411 | steps_t:     0 | t: 2.472376 | r:  -440.000000 | e:   1.000000 | Q:        nan | won: False 
#   55 | steps:  2519 | steps_t:     0 | t: 2.566126 | r:  -479.000000 | e:   1.000000 | Q:        nan | won: False 
#   56 | steps:  2569 | steps_t:     0 | t: 2.622972 | r:  -432.000000 | e:   1.000000 | Q:        nan | won: False 
#   57 | steps:  2646 | steps_t:     0 | t: 2.822436 | r:  -532.000000 | e:   1.000000 | Q:        nan | won: False 
#   58 | steps:  2692 | steps_t:     0 | t: 2.876294 | r:  -472.000000 | e:   1.000000 | Q:        nan | won: False 
#   59 | steps:  2744 | steps_t:     0 | t: 2.986000 | r:  -434.000000 | e:   1.000000 | Q:        nan | won: False 
#   60 | steps:  2779 | steps_t:     0 | t: 3.039856 | r:  -450.000000 | e:   1.000000 | Q:        nan | won: False 
#   61 | steps:  2803 | steps_t:     0 | t: 3.068778 | r:  -428.000000 | e:   1.000000 | Q:        nan | won: False 
#   62 | steps:  2832 | steps_t:     0 | t: 3.096703 | r:  -517.000000 | e:   1.000000 | Q:        nan | won: False 
#   63 | steps:  2888 | steps_t:     0 | t: 3.137596 | r:  -533.000000 | e:   1.000000 | Q:        nan | won: False 
#   64 | steps:  2899 | steps_t:     0 | t: 3.151594 | r:  -499.000000 | e:   1.000000 | Q:        nan | won: False 
#   65 | steps:  2964 | steps_t:     0 | t: 3.205416 | r:  -480.000000 | e:   1.000000 | Q:        nan | won: False 
#   66 | steps:  2973 | steps_t:     0 | t: 3.222405 | r:  -508.000000 | e:   1.000000 | Q:        nan | won: False 
#   67 | steps:  3011 | steps_t:     0 | t: 3.258270 | r:  -442.000000 | e:   1.000000 | Q:        nan | won: False 
#   68 | steps:  3049 | steps_t:     0 | t: 3.291184 | r:  -515.000000 | e:   1.000000 | Q:        nan | won: False 
#   69 | steps:  3069 | steps_t:     0 | t: 3.312166 | r:  -435.000000 | e:   1.000000 | Q:        nan | won: False 
#   70 | steps:  3098 | steps_t:     0 | t: 3.346039 | r:  -495.000000 | e:   1.000000 | Q:        nan | won: False 
#   71 | steps:  3169 | steps_t:     0 | t: 3.399891 | r:  -537.000000 | e:   1.000000 | Q:        nan | won: False 
#   72 | steps:  3190 | steps_t:     0 | t: 3.437791 | r:  -385.000000 | e:   1.000000 | Q:        nan | won: False 
#   73 | steps:  3269 | steps_t:     0 | t: 3.540515 | r:  -523.000000 | e:   1.000000 | Q:        nan | won: False 
#   74 | steps:  3307 | steps_t:     0 | t: 3.633269 | r:  -358.000000 | e:   1.000000 | Q:        nan | won: False 
#   75 | steps:  3372 | steps_t:     0 | t: 3.769905 | r:  -542.000000 | e:   1.000000 | Q:        nan | won: False 
#   76 | steps:  3396 | steps_t:     0 | t: 3.803811 | r:  -439.000000 | e:   1.000000 | Q:        nan | won: False 
#   77 | steps:  3408 | steps_t:     0 | t: 3.820771 | r:  -500.000000 | e:   1.000000 | Q:        nan | won: False 
#   78 | steps:  3476 | steps_t:     0 | t: 3.902548 | r:  -450.000000 | e:   1.000000 | Q:        nan | won: False 
#   79 | steps:  3559 | steps_t:     0 | t: 4.012254 | r:  -498.000000 | e:   1.000000 | Q:        nan | won: False 
#   80 | steps:  3577 | steps_t:     0 | t: 4.034206 | r:  -422.000000 | e:   1.000000 | Q:        nan | won: False 
#   81 | steps:  3701 | steps_t:     0 | t: 4.144899 | r:  -557.000000 | e:   1.000000 | Q:        nan | won: False 
#   82 | steps:  3779 | steps_t:     0 | t: 4.199766 | r:  -500.000000 | e:   1.000000 | Q:        nan | won: False 
#   83 | steps:  3880 | steps_t:     0 | t: 4.281534 | r:    77.000000 | e:   1.000000 | Q:        nan | won: True 
#   84 | steps:  3905 | steps_t:     0 | t: 4.306470 | r:  -491.000000 | e:   1.000000 | Q:        nan | won: False 
#   85 | steps:  3919 | steps_t:     0 | t: 4.326414 | r:  -491.000000 | e:   1.000000 | Q:        nan | won: False 
#   86 | steps:  3944 | steps_t:     0 | t: 4.355336 | r:  -451.000000 | e:   1.000000 | Q:        nan | won: False 
#   87 | steps:  3989 | steps_t:     0 | t: 4.406200 | r:  -478.000000 | e:   1.000000 | Q:        nan | won: False 
#   88 | steps:  4003 | steps_t:     0 | t: 4.430135 | r:  -502.000000 | e:   1.000000 | Q:        nan | won: False 
#   89 | steps:  4043 | steps_t:     0 | t: 4.489977 | r:  -473.000000 | e:   1.000000 | Q:        nan | won: False 
#   90 | steps:  4065 | steps_t:     0 | t: 4.531867 | r:  -437.000000 | e:   1.000000 | Q:        nan | won: False 
#   91 | steps:  4098 | steps_t:     0 | t: 4.565773 | r:  -448.000000 | e:   1.000000 | Q:        nan | won: False 
#   92 | steps:  4181 | steps_t:     0 | t: 4.627609 | r:  -465.000000 | e:   1.000000 | Q:        nan | won: False 
#   93 | steps:  4196 | steps_t:     0 | t: 4.641571 | r:  -514.000000 | e:   1.000000 | Q:        nan | won: False 
#   94 | steps:  4306 | steps_t:     0 | t: 4.725345 | r:  -543.000000 | e:   1.000000 | Q:        nan | won: False 
#   95 | steps:  4360 | steps_t:     0 | t: 4.788178 | r:  -458.000000 | e:   1.000000 | Q:        nan | won: False 
#   96 | steps:  4374 | steps_t:     0 | t: 4.808124 | r:  -480.000000 | e:   1.000000 | Q:        nan | won: False 
#   97 | steps:  4442 | steps_t:     0 | t: 4.859985 | r:  -461.000000 | e:   1.000000 | Q:        nan | won: False 
#   98 | steps:  4454 | steps_t:     0 | t: 4.872951 | r:  -489.000000 | e:   1.000000 | Q:        nan | won: False 
#   99 | steps:  4465 | steps_t:     0 | t: 4.884920 | r:  -510.000000 | e:   1.000000 | Q:        nan | won: False 
#  100 | steps:  4508 | steps_t:     0 | t: 4.932829 | r:  -414.000000 | e:   1.000000 | Q:        nan | won: False 
#  101 | steps:  4566 | steps_t:     0 | t: 4.979705 | r:   171.000000 | e:   1.000000 | Q:        nan | won: True 
#  102 | steps:  4626 | steps_t:     0 | t: 5.034518 | r:  -453.000000 | e:   1.000000 | Q:        nan | won: False 
#  103 | steps:  4661 | steps_t:     0 | t: 5.070461 | r:  -417.000000 | e:   1.000000 | Q:        nan | won: False 
#  104 | steps:  4687 | steps_t:     0 | t: 5.100343 | r:  -463.000000 | e:   1.000000 | Q:        nan | won: False 
#  105 | steps:  4741 | steps_t:     0 | t: 5.151206 | r:  -458.000000 | e:   1.000000 | Q:        nan | won: False 
#  106 | steps:  4776 | steps_t:     0 | t: 5.183120 | r:  -461.000000 | e:   1.000000 | Q:        nan | won: False 
#  107 | steps:  4835 | steps_t:     0 | t: 5.227043 | r:  -474.000000 | e:   1.000000 | Q:        nan | won: False 
#  108 | steps:  4913 | steps_t:     0 | t: 5.282859 | r:  -460.000000 | e:   1.000000 | Q:        nan | won: False 
#  109 | steps:  5040 | steps_t:    39 | t: 5.971013 | r:  -560.000000 | e:   0.996100 | Q:        nan | won: False 
#  110 | steps:  5112 | steps_t:   110 | t: 6.692085 | r:  -454.000000 | e:   0.989000 | Q:        nan | won: False 
#  111 | steps:  5146 | steps_t:   143 | t: 7.222664 | r:  -427.000000 | e:   0.985700 | Q:   0.120609 | won: False 
#  112 | steps:  5197 | steps_t:   193 | t: 7.833031 | r:  -455.000000 | e:   0.980700 | Q:   0.120995 | won: False 
#  113 | steps:  5212 | steps_t:   207 | t: 7.938748 | r:  -503.000000 | e:   0.979300 | Q:        nan | won: False 
#  114 | steps:  5243 | steps_t:   237 | t: 8.543132 | r:  -468.000000 | e:   0.976300 | Q:   0.120877 | won: False 
#  115 | steps:  5291 | steps_t:   284 | t: 10.336333 | r:  -463.000000 | e:   0.971600 | Q:   0.120322 | won: False 
#  116 | steps:  5373 | steps_t:   365 | t: 11.297760 | r:  -559.000000 | e:   0.963500 | Q:   0.121030 | won: False 
#  117 | steps:  5399 | steps_t:   390 | t: 11.576016 | r:  -430.000000 | e:   0.961000 | Q:        nan | won: False 
#  118 | steps:  5420 | steps_t:   410 | t: 11.994896 | r:  -509.000000 | e:   0.959000 | Q:   0.121054 | won: False 
#  119 | steps:  5512 | steps_t:   501 | t: 13.642488 | r:  -463.000000 | e:   0.949900 | Q:   0.121050 | won: False 
#  120 | steps:  5530 | steps_t:   518 | t: 13.873868 | r:  -495.000000 | e:   0.948200 | Q:        nan | won: False 
#  121 | steps:  5582 | steps_t:   569 | t: 14.372534 | r:  -478.000000 | e:   0.943100 | Q:   0.120532 | won: False 
#  122 | steps:  5649 | steps_t:   635 | t: 14.899125 | r:  -449.000000 | e:   0.936500 | Q:   0.120807 | won: False 
#  123 | steps:  5743 | steps_t:   728 | t: 15.762813 | r:  -509.000000 | e:   0.927200 | Q:   0.121240 | won: False 
#  124 | steps:  5787 | steps_t:   771 | t: 16.117869 | r:  -481.000000 | e:   0.922900 | Q:   0.120848 | won: False 
#  125 | steps:  5839 | steps_t:   822 | t: 16.528764 | r:  -540.000000 | e:   0.917800 | Q:   0.120743 | won: False 
#  126 | steps:  5851 | steps_t:   833 | t: 16.610545 | r:  -511.000000 | e:   0.916700 | Q:        nan | won: False 
#  127 | steps:  5916 | steps_t:   897 | t: 17.160075 | r:  -458.000000 | e:   0.910300 | Q:   0.120857 | won: False 
#  128 | steps:  5928 | steps_t:   908 | t: 17.477226 | r:  -511.000000 | e:   0.909200 | Q:        nan | won: False 
#  129 | steps:  5965 | steps_t:   944 | t: 18.014788 | r:  -474.000000 | e:   0.905600 | Q:   0.120567 | won: False 
#  130 | steps:  5975 | steps_t:   953 | t: 18.098565 | r:  -498.000000 | e:   0.904700 | Q:   0.120551 | won: False 
#  131 | steps:  5995 | steps_t:   972 | t: 18.501496 | r:  -519.000000 | e:   0.902800 | Q:   0.121413 | won: False 
#  132 | steps:  6018 | steps_t:   994 | t: 18.864514 | r:  -522.000000 | e:   0.900600 | Q:   0.120945 | won: False 
#  133 | steps:  6079 | steps_t:  1054 | t: 19.977538 | r:  -454.000000 | e:   0.894600 | Q:   0.121071 | won: False 
#  134 | steps:  6086 | steps_t:  1060 | t: 20.038375 | r:  -484.000000 | e:   0.894000 | Q:        nan | won: False 
#  135 | steps:  6155 | steps_t:  1128 | t: 20.810308 | r:  -484.000000 | e:   0.887200 | Q:   0.121439 | won: False 
#  136 | steps:  6215 | steps_t:  1187 | t: 21.515422 | r:  -515.000000 | e:   0.881300 | Q:   0.120674 | won: False 
#  137 | steps:  6277 | steps_t:  1248 | t: 22.795996 | r:  -517.000000 | e:   0.875200 | Q:   0.120925 | won: False 
#  138 | steps:  6297 | steps_t:  1267 | t: 22.946592 | r:  -424.000000 | e:   0.873300 | Q:        nan | won: False 
#  139 | steps:  6318 | steps_t:  1287 | t: 23.145062 | r:  -509.000000 | e:   0.871300 | Q:   0.121219 | won: False 
#  140 | steps:  6335 | steps_t:  1303 | t: 23.303639 | r:  -505.000000 | e:   0.869700 | Q:   0.121215 | won: False 
#  141 | steps:  6344 | steps_t:  1311 | t: 23.431296 | r:  -508.000000 | e:   0.868900 | Q:   0.121240 | won: False 
#  142 | steps:  6392 | steps_t:  1358 | t: 23.970853 | r:  -463.000000 | e:   0.864200 | Q:   0.121075 | won: False 
#  143 | steps:  6442 | steps_t:  1407 | t: 24.479492 | r:  -454.000000 | e:   0.859300 | Q:   0.120519 | won: False 
#  144 | steps:  6514 | steps_t:  1478 | t: 25.272373 | r:  -538.000000 | e:   0.852200 | Q:   0.120597 | won: False 
#  145 | steps:  6521 | steps_t:  1484 | t: 25.341186 | r:  -495.000000 | e:   0.851600 | Q:   0.121172 | won: False 
#  146 | steps:  6539 | steps_t:  1501 | t: 26.002417 | r:  -444.000000 | e:   0.849900 | Q:   0.121314 | won: False 
#  147 | steps:  6572 | steps_t:  1533 | t: 26.340514 | r:  -521.000000 | e:   0.846700 | Q:   0.120890 | won: False 
#  148 | steps:  6599 | steps_t:  1559 | t: 26.672624 | r:  -464.000000 | e:   0.844100 | Q:   0.121633 | won: False 
#  149 | steps:  6650 | steps_t:  1609 | t: 27.150349 | r:  -444.000000 | e:   0.839100 | Q:   0.120764 | won: False 
#  150 | steps:  6672 | steps_t:  1630 | t: 27.387710 | r:  -397.000000 | e:   0.837000 | Q:   0.121248 | won: False 
#  151 | steps:  6702 | steps_t:  1659 | t: 27.650011 | r:  -518.000000 | e:   0.834100 | Q:   0.121236 | won: False 
#  152 | steps:  6721 | steps_t:  1677 | t: 27.788638 | r:  -445.000000 | e:   0.832300 | Q:   0.121569 | won: False 
#  153 | steps:  6783 | steps_t:  1738 | t: 28.565560 | r:  -499.000000 | e:   0.826200 | Q:   0.121394 | won: False 
#  154 | steps:  6821 | steps_t:  1775 | t: 28.937563 | r:  -453.000000 | e:   0.822500 | Q:   0.121267 | won: False 
#  155 | steps:  6881 | steps_t:  1834 | t: 29.490085 | r:  -537.000000 | e:   0.816600 | Q:   0.121071 | won: False 
#  156 | steps:  6911 | steps_t:  1863 | t: 29.715482 | r:  -518.000000 | e:   0.813700 | Q:   0.120935 | won: False 
#  157 | steps:  7021 | steps_t:  1972 | t: 30.578174 | r:  -492.000000 | e:   0.802800 | Q:   0.121172 | won: False 
#  158 | steps:  7054 | steps_t:  2004 | t: 30.830499 | r:  -459.000000 | e:   0.799600 | Q:   0.121123 | won: False 
#  159 | steps:  7084 | steps_t:  2033 | t: 31.047917 | r:  -467.000000 | e:   0.796700 | Q:   0.120891 | won: False 
#  160 | steps:  7134 | steps_t:  2082 | t: 31.456823 | r:  -487.000000 | e:   0.791800 | Q:   0.121460 | won: False 
#  161 | steps:  7175 | steps_t:  2122 | t: 31.795919 | r:  -518.000000 | e:   0.787800 | Q:   0.121413 | won: False 
#  162 | steps:  7195 | steps_t:  2141 | t: 31.958481 | r:  -519.000000 | e:   0.785900 | Q:   0.121219 | won: False 
#  163 | steps:  7250 | steps_t:  2195 | t: 32.380352 | r:  -481.000000 | e:   0.780500 | Q:   0.121679 | won: False 
#  164 | steps:  7269 | steps_t:  2213 | t: 32.558874 | r:  -507.000000 | e:   0.778700 | Q:   0.120551 | won: False 
#  165 | steps:  7285 | steps_t:  2228 | t: 32.756346 | r:  -515.000000 | e:   0.777200 | Q:   0.121172 | won: False 
#  166 | steps:  7302 | steps_t:  2244 | t: 32.884004 | r:  -516.000000 | e:   0.775600 | Q:   0.121133 | won: False 
#  167 | steps:  7318 | steps_t:  2259 | t: 33.001696 | r:  -515.000000 | e:   0.774100 | Q:   0.120806 | won: False 
#  168 | steps:  7392 | steps_t:  2332 | t: 33.610061 | r:  -540.000000 | e:   0.766800 | Q:   0.121357 | won: False 
#  169 | steps:  7489 | steps_t:  2428 | t: 34.373020 | r:  -479.000000 | e:   0.757200 | Q:   0.121203 | won: False 
#  170 | steps:  7502 | steps_t:  2440 | t: 34.468763 | r:  -501.000000 | e:   0.756000 | Q:   0.121071 | won: False 
#  171 | steps:  7526 | steps_t:  2463 | t: 34.676209 | r:  -439.000000 | e:   0.753700 | Q:   0.121343 | won: False 
#  172 | steps:  7538 | steps_t:  2474 | t: 34.776942 | r:  -511.000000 | e:   0.752600 | Q:   0.121172 | won: False 
#  173 | steps:  7565 | steps_t:  2500 | t: 35.006327 | r:  -526.000000 | e:   0.750000 | Q:   0.121343 | won: False 
#  174 | steps:  7596 | steps_t:  2530 | t: 35.239701 | r:  -468.000000 | e:   0.747000 | Q:   0.121708 | won: False 
#  175 | steps:  7677 | steps_t:  2610 | t: 35.931849 | r:  -503.000000 | e:   0.739000 | Q:   0.121172 | won: False 
#  176 | steps:  7734 | steps_t:  2666 | t: 36.402590 | r:  -483.000000 | e:   0.733400 | Q:   0.121612 | won: False 
#  177 | steps:  7747 | steps_t:  2678 | t: 36.503320 | r:  -490.000000 | e:   0.732200 | Q:   0.121172 | won: False 
#  178 | steps:  7845 | steps_t:  2775 | t: 37.305175 | r:  -564.000000 | e:   0.722500 | Q:   0.121396 | won: False 
#  179 | steps:  7932 | steps_t:  2861 | t: 38.115009 | r:  -513.000000 | e:   0.713900 | Q:   0.121199 | won: False 
#  180 | steps:  7979 | steps_t:  2907 | t: 38.478039 | r:  -535.000000 | e:   0.709300 | Q:   0.121343 | won: False 
#  181 | steps:  7996 | steps_t:  2923 | t: 38.606693 | r:  -516.000000 | e:   0.707700 | Q:   0.121413 | won: False 
#  182 | steps:  8008 | steps_t:  2934 | t: 38.750325 | r:  -511.000000 | e:   0.706600 | Q:   0.121240 | won: False 
#  183 | steps:  8050 | steps_t:  2975 | t: 39.086410 | r:  -530.000000 | e:   0.702500 | Q:   0.121240 | won: False 
#  184 | steps:  8097 | steps_t:  3021 | t: 39.490329 | r:  -473.000000 | e:   0.697900 | Q:   0.121396 | won: False 
#  185 | steps:  8127 | steps_t:  3050 | t: 39.715729 | r:  -467.000000 | e:   0.695000 | Q:   0.120967 | won: False 
#  186 | steps:  8204 | steps_t:  3126 | t: 40.389923 | r:  -514.000000 | e:   0.687400 | Q:   0.121240 | won: False 
#  187 | steps:  8248 | steps_t:  3169 | t: 41.779207 | r:  -481.000000 | e:   0.683100 | Q:   0.121240 | won: False 
#  188 | steps:  8294 | steps_t:  3214 | t: 42.279866 | r:  -534.000000 | e:   0.678600 | Q:   0.121413 | won: False 
#  189 | steps:  8446 | steps_t:  3365 | t: 43.585372 | r:  -629.000000 | e:   0.663500 | Q:   0.121633 | won: False 
#  190 | steps:  8476 | steps_t:  3394 | t: 43.921475 | r:  -529.000000 | e:   0.660600 | Q:   0.121460 | won: False 
#  191 | steps:  8495 | steps_t:  3412 | t: 44.075062 | r:  -518.000000 | e:   0.658800 | Q:   0.121564 | won: False 
#  192 | steps:  8545 | steps_t:  3461 | t: 44.459034 | r:  -516.000000 | e:   0.653900 | Q:   0.121343 | won: False 
#  193 | steps:  8561 | steps_t:  3476 | t: 44.582703 | r:  -515.000000 | e:   0.652400 | Q:   0.121172 | won: False 
#  194 | steps:  8621 | steps_t:  3535 | t: 45.129242 | r:  -548.000000 | e:   0.646500 | Q:   0.121343 | won: False 
#  195 | steps:  8671 | steps_t:  3584 | t: 45.537152 | r:  -487.000000 | e:   0.641600 | Q:   0.121612 | won: False 
#  196 | steps:  8682 | steps_t:  3594 | t: 45.626909 | r:  -510.000000 | e:   0.640600 | Q:   0.120872 | won: False 
#  197 | steps:  8735 | steps_t:  3646 | t: 46.150509 | r:  -501.000000 | e:   0.635400 | Q:   0.121633 | won: False 
#  198 | steps:  8750 | steps_t:  3660 | t: 46.266199 | r:  -514.000000 | e:   0.634000 | Q:   0.121413 | won: False 
#  199 | steps:  8796 | steps_t:  3705 | t: 46.638204 | r:  -534.000000 | e:   0.629500 | Q:   0.121413 | won: False 
#  200 | steps:  8851 | steps_t:  3759 | t: 47.123904 | r:  -543.000000 | e:   0.624100 | Q:   0.121413 | won: False 
#  201 | steps:  8945 | steps_t:  3852 | t: 47.911797 | r:  -542.000000 | e:   0.614800 | Q:   0.121439 | won: False 
#  202 | steps:  8965 | steps_t:  3871 | t: 48.072371 | r:  -508.000000 | e:   0.612900 | Q:   0.121218 | won: False 
#  203 | steps:  9085 | steps_t:  3990 | t: 49.100615 | r:  -597.000000 | e:   0.601000 | Q:   0.121287 | won: False 
#  204 | steps:  9234 | steps_t:  4138 | t: 50.336310 | r:  -542.000000 | e:   0.586200 | Q:   0.121552 | won: False 
#  205 | steps:  9255 | steps_t:  4158 | t: 50.521814 | r:  -509.000000 | e:   0.584200 | Q:   0.121392 | won: False 
#  206 | steps:  9302 | steps_t:  4204 | t: 51.028458 | r:  -535.000000 | e:   0.579600 | Q:   0.121413 | won: False 
#  207 | steps:  9323 | steps_t:  4224 | t: 51.198008 | r:  -520.000000 | e:   0.577600 | Q:   0.121413 | won: False 
#  208 | steps:  9391 | steps_t:  4291 | t: 51.809369 | r:  -534.000000 | e:   0.570900 | Q:   0.121306 | won: False 
#  209 | steps:  9413 | steps_t:  4312 | t: 51.980911 | r:  -477.000000 | e:   0.568800 | Q:   0.121172 | won: False 
#  210 | steps:  9443 | steps_t:  4341 | t: 52.220268 | r:  -529.000000 | e:   0.565900 | Q:   0.121283 | won: False 
#  211 | steps:  9537 | steps_t:  4434 | t: 53.448983 | r:  -549.000000 | e:   0.556600 | Q:   0.121460 | won: False 
#  212 | steps:  9551 | steps_t:  4447 | t: 53.611546 | r:  -502.000000 | e:   0.555300 | Q:   0.121219 | won: False 
#  213 | steps:  9610 | steps_t:  4505 | t: 54.257817 | r:  -536.000000 | e:   0.549500 | Q:   0.121200 | won: False 
#  214 | steps:  9622 | steps_t:  4516 | t: 54.355556 | r:  -511.000000 | e:   0.548400 | Q:   0.121240 | won: False 
#  215 | steps:  9629 | steps_t:  4522 | t: 54.419390 | r:  -506.000000 | e:   0.547800 | Q:   0.120663 | won: False 
#  216 | steps:  9647 | steps_t:  4539 | t: 54.595912 | r:  -517.000000 | e:   0.546100 | Q:   0.121240 | won: False 
#  217 | steps:  9661 | steps_t:  4552 | t: 54.730552 | r:  -513.000000 | e:   0.544800 | Q:   0.121219 | won: False 
#  218 | steps:  9699 | steps_t:  4589 | t: 55.071640 | r:  -486.000000 | e:   0.541100 | Q:   0.121413 | won: False 
#  219 | steps:  9717 | steps_t:  4606 | t: 55.266122 | r:  -517.000000 | e:   0.539400 | Q:   0.121392 | won: False 
#  220 | steps:  9728 | steps_t:  4616 | t: 55.362863 | r:  -510.000000 | e:   0.538400 | Q:   0.121413 | won: False 
#  221 | steps:  9748 | steps_t:  4635 | t: 55.684003 | r:  -508.000000 | e:   0.536500 | Q:   0.121071 | won: False 
#  222 | steps:  9796 | steps_t:  4682 | t: 56.147761 | r:  -485.000000 | e:   0.531800 | Q:   0.121460 | won: False 
#  223 | steps:  9881 | steps_t:  4766 | t: 56.877807 | r:  -533.000000 | e:   0.523400 | Q:   0.121708 | won: False 
#  224 | steps:  9997 | steps_t:  4881 | t: 58.160376 | r:  -593.000000 | e:   0.511900 | Q:   0.121413 | won: False 
#  225 | steps: 10013 | steps_t:  4896 | t: 58.360838 | r:  -515.000000 | e:   0.510400 | Q:   0.121413 | won: False 
#  226 | steps: 10032 | steps_t:  4914 | t: 58.620146 | r:  -518.000000 | e:   0.508600 | Q:   0.121172 | won: False 
#  227 | steps: 10074 | steps_t:  4955 | t: 59.005115 | r:  -541.000000 | e:   0.504500 | Q:   0.121413 | won: False 
#  228 | steps: 10108 | steps_t:  4988 | t: 59.563623 | r:  -533.000000 | e:   0.501200 | Q:   0.121240 | won: False 
#  229 | steps: 10196 | steps_t:  5075 | t: 60.648718 | r:  -481.000000 | e:   0.492500 | Q:   0.121343 | won: False 
#  230 | steps: 10222 | steps_t:  5100 | t: 61.413672 | r:  -525.000000 | e:   0.490000 | Q:   0.121413 | won: False 
#  231 | steps: 10294 | steps_t:  5171 | t: 62.322242 | r:  -487.000000 | e:   0.482900 | Q:   0.121641 | won: False 
#  232 | steps: 10331 | steps_t:  5207 | t: 62.658340 | r:  -536.000000 | e:   0.479300 | Q:   0.121413 | won: False 
#  233 | steps: 10350 | steps_t:  5225 | t: 62.825895 | r:  -518.000000 | e:   0.477500 | Q:   0.121343 | won: False 
#  234 | steps: 10438 | steps_t:  5312 | t: 63.580872 | r:  -587.000000 | e:   0.468800 | Q:   0.121564 | won: False 
#  235 | steps: 10463 | steps_t:  5336 | t: 63.806268 | r:  -513.000000 | e:   0.466400 | Q:   0.121633 | won: False 
#  236 | steps: 10485 | steps_t:  5357 | t: 63.977811 | r:  -510.000000 | e:   0.464300 | Q:   0.121067 | won: False 
#  237 | steps: 10513 | steps_t:  5384 | t: 64.249089 | r:  -527.000000 | e:   0.461600 | Q:   0.121172 | won: False 
#  238 | steps: 10543 | steps_t:  5413 | t: 64.484455 | r:  -518.000000 | e:   0.458700 | Q:   0.121240 | won: False 
#  239 | steps: 10556 | steps_t:  5425 | t: 64.587179 | r:  -501.000000 | e:   0.457500 | Q:   0.121413 | won: False 
#  240 | steps: 10578 | steps_t:  5446 | t: 64.758721 | r:  -521.000000 | e:   0.455400 | Q:   0.121343 | won: False 
#  241 | steps: 10656 | steps_t:  5523 | t: 65.469818 | r:  -493.000000 | e:   0.447700 | Q:   0.121564 | won: False 
#  242 | steps: 10690 | steps_t:  5556 | t: 65.741092 | r:  -471.000000 | e:   0.444400 | Q:   0.121460 | won: False 
#  243 | steps: 10756 | steps_t:  5621 | t: 66.319544 | r:  -492.000000 | e:   0.437900 | Q:   0.121371 | won: False 
#  244 | steps: 10784 | steps_t:  5648 | t: 66.596805 | r:  -516.000000 | e:   0.435200 | Q:   0.121343 | won: False 
#  245 | steps: 10803 | steps_t:  5666 | t: 66.758371 | r:  -518.000000 | e:   0.433400 | Q:   0.121219 | won: False 
#  246 | steps: 10817 | steps_t:  5679 | t: 66.876056 | r:  -502.000000 | e:   0.432100 | Q:   0.120902 | won: False 
#  247 | steps: 10829 | steps_t:  5690 | t: 66.975789 | r:  -511.000000 | e:   0.431000 | Q:   0.121392 | won: False 
#  248 | steps: 10900 | steps_t:  5760 | t: 67.688880 | r:  -497.000000 | e:   0.424000 | Q:   0.121569 | won: False 
#  249 | steps: 10949 | steps_t:  5808 | t: 68.167601 | r:  -548.000000 | e:   0.419200 | Q:   0.121413 | won: False 
#  250 | steps: 10962 | steps_t:  5820 | t: 68.278304 | r:  -512.000000 | e:   0.418000 | Q:   0.121157 | won: False 
#  251 | steps: 11012 | steps_t:  5869 | t: 68.686212 | r:  -538.000000 | e:   0.413100 | Q:   0.121413 | won: False 
#  252 | steps: 11024 | steps_t:  5880 | t: 68.794922 | r:  -511.000000 | e:   0.412000 | Q:   0.121110 | won: False 
#  253 | steps: 11052 | steps_t:  5907 | t: 69.018323 | r:  -527.000000 | e:   0.409300 | Q:   0.121612 | won: False 
#  254 | steps: 11103 | steps_t:  5957 | t: 69.456152 | r:  -506.000000 | e:   0.404300 | Q:   0.121413 | won: False 
#  255 | steps: 11121 | steps_t:  5974 | t: 69.592788 | r:  -517.000000 | e:   0.402600 | Q:   0.121353 | won: False 
#  256 | steps: 11169 | steps_t:  6021 | t: 70.010669 | r:  -547.000000 | e:   0.397900 | Q:   0.121413 | won: False 
#  257 | steps: 11195 | steps_t:  6046 | t: 70.220109 | r:  -503.000000 | e:   0.395400 | Q:   0.121633 | won: False 
#  258 | steps: 11210 | steps_t:  6060 | t: 70.355745 | r:  -514.000000 | e:   0.394000 | Q:   0.121172 | won: False 
#  259 | steps: 11266 | steps_t:  6115 | t: 70.795568 | r:  -493.000000 | e:   0.388500 | Q:   0.121633 | won: False 
#  260 | steps: 11288 | steps_t:  6136 | t: 71.014981 | r:  -510.000000 | e:   0.386400 | Q:   0.121046 | won: False 
#  261 | steps: 11318 | steps_t:  6165 | t: 71.265313 | r:  -518.000000 | e:   0.383500 | Q:   0.121413 | won: False 
#  262 | steps: 11427 | steps_t:  6273 | t: 72.372350 | r:  -546.000000 | e:   0.372700 | Q:   0.121564 | won: False 
#  263 | steps: 11529 | steps_t:  6374 | t: 73.551196 | r:  -590.000000 | e:   0.362600 | Q:   0.121413 | won: False 
#  264 | steps: 11642 | steps_t:  6486 | t: 74.831769 | r:  -590.000000 | e:   0.351400 | Q:   0.121439 | won: False 
#  265 | steps: 11671 | steps_t:  6514 | t: 75.081103 | r:  -528.000000 | e:   0.348600 | Q:   0.121413 | won: False 
#  266 | steps: 11703 | steps_t:  6545 | t: 75.865007 | r:  -531.000000 | e:   0.345500 | Q:   0.121413 | won: False 
#  267 | steps: 11766 | steps_t:  6607 | t: 76.870317 | r:  -562.000000 | e:   0.339300 | Q:   0.121413 | won: False 
#  268 | steps: 11788 | steps_t:  6628 | t: 77.086735 | r:  -521.000000 | e:   0.337200 | Q:   0.121240 | won: False 
#  269 | steps: 11801 | steps_t:  6640 | t: 77.287200 | r:  -512.000000 | e:   0.336000 | Q:   0.121240 | won: False 
#  270 | steps: 11828 | steps_t:  6666 | t: 78.363322 | r:  -526.000000 | e:   0.333400 | Q:   0.121564 | won: False 
#  271 | steps: 11885 | steps_t:  6722 | t: 79.571090 | r:  -556.000000 | e:   0.327800 | Q:   0.121413 | won: False 
#  272 | steps: 11972 | steps_t:  6808 | t: 80.412836 | r:  -575.000000 | e:   0.319200 | Q:   0.121633 | won: False 
#  273 | steps: 12031 | steps_t:  6866 | t: 80.929456 | r:  -485.000000 | e:   0.313400 | Q:   0.121395 | won: False 
#  274 | steps: 12176 | steps_t:  7010 | t: 82.211025 | r:  -633.000000 | e:   0.299000 | Q:   0.121569 | won: False 
#  275 | steps: 12223 | steps_t:  7056 | t: 82.615942 | r:  -546.000000 | e:   0.294400 | Q:   0.121240 | won: False 
#  276 | steps: 12361 | steps_t:  7193 | t: 83.826703 | r:  -637.000000 | e:   0.280700 | Q:   0.121569 | won: False 
#  277 | steps: 12398 | steps_t:  7229 | t: 84.117923 | r:  -536.000000 | e:   0.277100 | Q:   0.121413 | won: False 
#  278 | steps: 12408 | steps_t:  7238 | t: 84.197710 | r:  -509.000000 | e:   0.276200 | Q:   0.121172 | won: False 
#  279 | steps: 12447 | steps_t:  7276 | t: 84.520857 | r:  -538.000000 | e:   0.272400 | Q:   0.121633 | won: False 
#  280 | steps: 12479 | steps_t:  7307 | t: 85.012530 | r:  -531.000000 | e:   0.269300 | Q:   0.121094 | won: False 
#  281 | steps: 12530 | steps_t:  7357 | t: 86.372890 | r:  -550.000000 | e:   0.264300 | Q:   0.121240 | won: False 
#  282 | steps: 12544 | steps_t:  7370 | t: 86.496559 | r:  -502.000000 | e:   0.263000 | Q:   0.121343 | won: False 
#  283 | steps: 12563 | steps_t:  7388 | t: 86.657130 | r:  -518.000000 | e:   0.261200 | Q:   0.121343 | won: False 
#  284 | steps: 12584 | steps_t:  7408 | t: 86.870559 | r:  -520.000000 | e:   0.259200 | Q:   0.121005 | won: False 
#  285 | steps: 12639 | steps_t:  7462 | t: 87.378201 | r:  -554.000000 | e:   0.253800 | Q:   0.121413 | won: False 
#  286 | steps: 12654 | steps_t:  7476 | t: 87.496882 | r:  -514.000000 | e:   0.252400 | Q:   0.121392 | won: False 
#  287 | steps: 12746 | steps_t:  7567 | t: 88.313697 | r:  -547.000000 | e:   0.243300 | Q:   0.121379 | won: False 
#  288 | steps: 12779 | steps_t:  7599 | t: 88.584971 | r:  -532.000000 | e:   0.240100 | Q:   0.121413 | won: False 
#  289 | steps: 12834 | steps_t:  7653 | t: 89.053719 | r:  -554.000000 | e:   0.234700 | Q:   0.121413 | won: False 
#  290 | steps: 12871 | steps_t:  7689 | t: 89.425721 | r:  -536.000000 | e:   0.231100 | Q:   0.121633 | won: False 
#  291 | steps: 12910 | steps_t:  7727 | t: 89.754841 | r:  -538.000000 | e:   0.227300 | Q:   0.121633 | won: False 
#  292 | steps: 13010 | steps_t:  7826 | t: 90.667403 | r:  -548.000000 | e:   0.217400 | Q:   0.121460 | won: False 
#  293 | steps: 13024 | steps_t:  7839 | t: 90.783089 | r:  -513.000000 | e:   0.216100 | Q:   0.121413 | won: False 
#  294 | steps: 13100 | steps_t:  7914 | t: 91.462274 | r:  -524.000000 | e:   0.208600 | Q:   0.121413 | won: False 
#  295 | steps: 13178 | steps_t:  7991 | t: 92.207280 | r:  -566.000000 | e:   0.200900 | Q:   0.121708 | won: False 
#  296 | steps: 13254 | steps_t:  8066 | t: 92.961262 | r:  -575.000000 | e:   0.193400 | Q:   0.121413 | won: False 
#  297 | steps: 13268 | steps_t:  8079 | t: 93.081939 | r:  -513.000000 | e:   0.192100 | Q:   0.121413 | won: False 
