#    1 | steps:    30 | steps_t:     0 | t: 0.039896 | r:  -456.000000 | e:   1.000000 | Q:        nan | won: False 
#    2 | steps:    43 | steps_t:     0 | t: 0.052855 | r:  -512.000000 | e:   1.000000 | Q:        nan | won: False 
#    3 | steps:    56 | steps_t:     0 | t: 0.064857 | r:  -501.000000 | e:   1.000000 | Q:        nan | won: False 
#    4 | steps:   103 | steps_t:     0 | t: 0.096778 | r:  -462.000000 | e:   1.000000 | Q:        nan | won: False 
#    5 | steps:   132 | steps_t:     0 | t: 0.159577 | r:  -433.000000 | e:   1.000000 | Q:        nan | won: False 
#    6 | steps:   144 | steps_t:     0 | t: 0.171577 | r:  -500.000000 | e:   1.000000 | Q:        nan | won: False 
#    7 | steps:   154 | steps_t:     0 | t: 0.197470 | r:  -498.000000 | e:   1.000000 | Q:        nan | won: False 
#    8 | steps:   180 | steps_t:     0 | t: 0.220444 | r:  -463.000000 | e:   1.000000 | Q:        nan | won: False 
#    9 | steps:   214 | steps_t:     0 | t: 0.246374 | r:  -471.000000 | e:   1.000000 | Q:        nan | won: False 
#   10 | steps:   310 | steps_t:     0 | t: 0.315156 | r:  -478.000000 | e:   1.000000 | Q:        nan | won: False 
#   11 | steps:   380 | steps_t:     0 | t: 0.370007 | r:  -485.000000 | e:   1.000000 | Q:        nan | won: False 
#   12 | steps:   399 | steps_t:     0 | t: 0.411897 | r:  -412.000000 | e:   1.000000 | Q:        nan | won: False 
#   13 | steps:   429 | steps_t:     0 | t: 0.436866 | r:  -434.000000 | e:   1.000000 | Q:        nan | won: False 
#   14 | steps:   448 | steps_t:     0 | t: 0.453783 | r:  -507.000000 | e:   1.000000 | Q:        nan | won: False 
#   15 | steps:   467 | steps_t:     0 | t: 0.471734 | r:  -507.000000 | e:   1.000000 | Q:        nan | won: False 
#   16 | steps:   481 | steps_t:     0 | t: 0.486697 | r:  -502.000000 | e:   1.000000 | Q:        nan | won: False 
#   17 | steps:   529 | steps_t:     0 | t: 0.523634 | r:  -492.000000 | e:   1.000000 | Q:        nan | won: False 
#   18 | steps:   538 | steps_t:     0 | t: 0.534602 | r:  -508.000000 | e:   1.000000 | Q:        nan | won: False 
#   19 | steps:   568 | steps_t:     0 | t: 0.560497 | r:  -456.000000 | e:   1.000000 | Q:        nan | won: False 
#   20 | steps:   595 | steps_t:     0 | t: 0.582479 | r:  -464.000000 | e:   1.000000 | Q:        nan | won: False 
#   21 | steps:   636 | steps_t:     0 | t: 0.611361 | r:  -467.000000 | e:   1.000000 | Q:        nan | won: False 
#   22 | steps:   657 | steps_t:     0 | t: 0.631342 | r:  -425.000000 | e:   1.000000 | Q:        nan | won: False 
#   23 | steps:   719 | steps_t:     0 | t: 0.674232 | r:  -488.000000 | e:   1.000000 | Q:        nan | won: False 
#   24 | steps:   847 | steps_t:     0 | t: 0.806839 | r:  -510.000000 | e:   1.000000 | Q:        nan | won: False 
#   25 | steps:   929 | steps_t:     0 | t: 0.865681 | r:  -515.000000 | e:   1.000000 | Q:        nan | won: False 
#   26 | steps:  1003 | steps_t:     0 | t: 0.919538 | r:  -518.000000 | e:   1.000000 | Q:        nan | won: False 
#   27 | steps:  1030 | steps_t:     0 | t: 0.941519 | r:  -475.000000 | e:   1.000000 | Q:        nan | won: False 
#   28 | steps:  1050 | steps_t:     0 | t: 0.959429 | r:  -508.000000 | e:   1.000000 | Q:        nan | won: False 
#   29 | steps:  1078 | steps_t:     0 | t: 0.983365 | r:  -505.000000 | e:   1.000000 | Q:        nan | won: False 
#   30 | steps:  1195 | steps_t:     0 | t: 1.058208 | r:  -488.000000 | e:   1.000000 | Q:        nan | won: False 
#   31 | steps:  1205 | steps_t:     0 | t: 1.069141 | r:  -509.000000 | e:   1.000000 | Q:        nan | won: False 
#   32 | steps:  1246 | steps_t:     0 | t: 1.099095 | r:  -485.000000 | e:   1.000000 | Q:        nan | won: False 
#   33 | steps:  1261 | steps_t:     0 | t: 1.113059 | r:  -503.000000 | e:   1.000000 | Q:        nan | won: False 
#   34 | steps:  1318 | steps_t:     0 | t: 1.159930 | r:  -494.000000 | e:   1.000000 | Q:        nan | won: False 
#   35 | steps:  1416 | steps_t:     0 | t: 1.232745 | r:  -520.000000 | e:   1.000000 | Q:        nan | won: False 
#   36 | steps:  1433 | steps_t:     0 | t: 1.256636 | r:  -410.000000 | e:   1.000000 | Q:        nan | won: False 
#   37 | steps:  1447 | steps_t:     0 | t: 1.278576 | r:  -491.000000 | e:   1.000000 | Q:        nan | won: False 
#   38 | steps:  1503 | steps_t:     0 | t: 1.317471 | r:  -533.000000 | e:   1.000000 | Q:        nan | won: False 
#   39 | steps:  1511 | steps_t:     0 | t: 1.327445 | r:  -496.000000 | e:   1.000000 | Q:        nan | won: False 
#   40 | steps:  1528 | steps_t:     0 | t: 1.343441 | r:  -494.000000 | e:   1.000000 | Q:        nan | won: False 
#   41 | steps:  1567 | steps_t:     0 | t: 1.379306 | r:  -443.000000 | e:   1.000000 | Q:        nan | won: False 
#   42 | steps:  1633 | steps_t:     0 | t: 1.435160 | r:  -470.000000 | e:   1.000000 | Q:        nan | won: False 
#   43 | steps:  1659 | steps_t:     0 | t: 1.465080 | r:  -525.000000 | e:   1.000000 | Q:        nan | won: False 
#   44 | steps:  1689 | steps_t:     0 | t: 1.499984 | r:  -467.000000 | e:   1.000000 | Q:        nan | won: False 
#   45 | steps:  1710 | steps_t:     0 | t: 1.518976 | r:  -425.000000 | e:   1.000000 | Q:        nan | won: False 
#   46 | steps:  1786 | steps_t:     0 | t: 1.571833 | r:  -520.000000 | e:   1.000000 | Q:        nan | won: False 
#   47 | steps:  1803 | steps_t:     0 | t: 1.589782 | r:  -516.000000 | e:   1.000000 | Q:        nan | won: False 
#   48 | steps:  1862 | steps_t:     0 | t: 1.640647 | r:  -463.000000 | e:   1.000000 | Q:        nan | won: False 
#   49 | steps:  1938 | steps_t:     0 | t: 1.698452 | r:  -513.000000 | e:   1.000000 | Q:        nan | won: False 
#   50 | steps:  1963 | steps_t:     0 | t: 1.719436 | r:  -513.000000 | e:   1.000000 | Q:        nan | won: False 
#   51 | steps:  2073 | steps_t:     0 | t: 1.825115 | r:  -503.000000 | e:   1.000000 | Q:        nan | won: False 
#   52 | steps:  2154 | steps_t:     0 | t: 1.932829 | r:  -496.000000 | e:   1.000000 | Q:        nan | won: False 
#   53 | steps:  2189 | steps_t:     0 | t: 1.964740 | r:  -439.000000 | e:   1.000000 | Q:        nan | won: False 
#   54 | steps:  2264 | steps_t:     0 | t: 2.026575 | r:  -501.000000 | e:   1.000000 | Q:        nan | won: False 
#   55 | steps:  2299 | steps_t:     0 | t: 2.071454 | r:  -483.000000 | e:   1.000000 | Q:        nan | won: False 
#   56 | steps:  2334 | steps_t:     0 | t: 2.098382 | r:  -472.000000 | e:   1.000000 | Q:        nan | won: False 
#   57 | steps:  2366 | steps_t:     0 | t: 2.125349 | r:  -436.000000 | e:   1.000000 | Q:        nan | won: False 
#   58 | steps:  2392 | steps_t:     0 | t: 2.147297 | r:  -481.000000 | e:   1.000000 | Q:        nan | won: False 
#   59 | steps:  2435 | steps_t:     0 | t: 2.178205 | r:  -436.000000 | e:   1.000000 | Q:        nan | won: False 
#   60 | steps:  2442 | steps_t:     0 | t: 2.188142 | r:  -506.000000 | e:   1.000000 | Q:        nan | won: False 
#   61 | steps:  2464 | steps_t:     0 | t: 2.208127 | r:  -488.000000 | e:   1.000000 | Q:        nan | won: False 
#   62 | steps:  2532 | steps_t:     0 | t: 2.255005 | r:  -512.000000 | e:   1.000000 | Q:        nan | won: False 
#   63 | steps:  2570 | steps_t:     0 | t: 2.288872 | r:  -464.000000 | e:   1.000000 | Q:        nan | won: False 
#   64 | steps:  2577 | steps_t:     0 | t: 2.298881 | r:  -506.000000 | e:   1.000000 | Q:        nan | won: False 
#   65 | steps:  2625 | steps_t:     0 | t: 2.342766 | r:  -525.000000 | e:   1.000000 | Q:        nan | won: False 
#   66 | steps:  2698 | steps_t:     0 | t: 2.397582 | r:  -495.000000 | e:   1.000000 | Q:        nan | won: False 
#   67 | steps:  2777 | steps_t:     0 | t: 2.522253 | r:  -501.000000 | e:   1.000000 | Q:        nan | won: False 
#   68 | steps:  2859 | steps_t:     0 | t: 2.589109 | r:  -504.000000 | e:   1.000000 | Q:        nan | won: False 
#   69 | steps:  2889 | steps_t:     0 | t: 2.614002 | r:  -485.000000 | e:   1.000000 | Q:        nan | won: False 
#   70 | steps:  2916 | steps_t:     0 | t: 2.636983 | r:  -442.000000 | e:   1.000000 | Q:        nan | won: False 
#   71 | steps:  2932 | steps_t:     0 | t: 2.656925 | r:  -504.000000 | e:   1.000000 | Q:        nan | won: False 
#   72 | steps:  2984 | steps_t:     0 | t: 2.691840 | r:  -467.000000 | e:   1.000000 | Q:        nan | won: False 
#   73 | steps:  2997 | steps_t:     0 | t: 2.706757 | r:  -490.000000 | e:   1.000000 | Q:        nan | won: False 
#   74 | steps:  3008 | steps_t:     0 | t: 2.718762 | r:  -499.000000 | e:   1.000000 | Q:        nan | won: False 
#   75 | steps:  3073 | steps_t:     0 | t: 2.769587 | r:  -469.000000 | e:   1.000000 | Q:        nan | won: False 
#   76 | steps:  3095 | steps_t:     0 | t: 2.794520 | r:  -521.000000 | e:   1.000000 | Q:        nan | won: False 
#   77 | steps:  3152 | steps_t:     0 | t: 2.840399 | r:  -472.000000 | e:   1.000000 | Q:        nan | won: False 
#   78 | steps:  3186 | steps_t:     0 | t: 2.868362 | r:  -449.000000 | e:   1.000000 | Q:        nan | won: False 
#   79 | steps:  3263 | steps_t:     0 | t: 2.920183 | r:  -503.000000 | e:   1.000000 | Q:        nan | won: False 
#   80 | steps:  3331 | steps_t:     0 | t: 2.987006 | r:  -483.000000 | e:   1.000000 | Q:        nan | won: False 
#   81 | steps:  3392 | steps_t:     0 | t: 3.041859 | r:  -538.000000 | e:   1.000000 | Q:        nan | won: False 
#   82 | steps:  3406 | steps_t:     0 | t: 3.057815 | r:  -502.000000 | e:   1.000000 | Q:        nan | won: False 
#   83 | steps:  3490 | steps_t:     0 | t: 3.114707 | r:  -488.000000 | e:   1.000000 | Q:        nan | won: False 
#   84 | steps:  3518 | steps_t:     0 | t: 3.140594 | r:  -516.000000 | e:   1.000000 | Q:        nan | won: False 
#   85 | steps:  3533 | steps_t:     0 | t: 3.155593 | r:  -514.000000 | e:   1.000000 | Q:        nan | won: False 
#   86 | steps:  3552 | steps_t:     0 | t: 3.172550 | r:  -456.000000 | e:   1.000000 | Q:        nan | won: False 
#   87 | steps:  3608 | steps_t:     0 | t: 3.217391 | r:  -460.000000 | e:   1.000000 | Q:        nan | won: False 
#   88 | steps:  3647 | steps_t:     0 | t: 3.249342 | r:  -476.000000 | e:   1.000000 | Q:        nan | won: False 
#   89 | steps:  3705 | steps_t:     0 | t: 3.297177 | r:  -484.000000 | e:   1.000000 | Q:        nan | won: False 
#   90 | steps:  3781 | steps_t:     0 | t: 3.349037 | r:   153.000000 | e:   1.000000 | Q:        nan | won: True 
#   91 | steps:  3826 | steps_t:     0 | t: 3.381991 | r:  -449.000000 | e:   1.000000 | Q:        nan | won: False 
#   92 | steps:  3833 | steps_t:     0 | t: 3.391921 | r:  -506.000000 | e:   1.000000 | Q:        nan | won: False 
#   93 | steps:  3952 | steps_t:     0 | t: 3.472741 | r:  -490.000000 | e:   1.000000 | Q:        nan | won: False 
#   94 | steps:  3991 | steps_t:     0 | t: 3.505654 | r:  -465.000000 | e:   1.000000 | Q:        nan | won: False 
#   95 | steps:  4038 | steps_t:     0 | t: 3.541523 | r:  -462.000000 | e:   1.000000 | Q:        nan | won: False 
#   96 | steps:  4070 | steps_t:     0 | t: 3.566456 | r:  -458.000000 | e:   1.000000 | Q:        nan | won: False 
#   97 | steps:  4083 | steps_t:     0 | t: 3.581415 | r:  -501.000000 | e:   1.000000 | Q:        nan | won: False 
#   98 | steps:  4132 | steps_t:     0 | t: 3.625300 | r:  -482.000000 | e:   1.000000 | Q:        nan | won: False 
#   99 | steps:  4161 | steps_t:     0 | t: 3.653260 | r:  -444.000000 | e:   1.000000 | Q:        nan | won: False 
#  100 | steps:  4183 | steps_t:     0 | t: 3.672214 | r:  -448.000000 | e:   1.000000 | Q:        nan | won: False 
#  101 | steps:  4192 | steps_t:     0 | t: 3.685146 | r:  -486.000000 | e:   1.000000 | Q:        nan | won: False 
#  102 | steps:  4219 | steps_t:     0 | t: 3.709072 | r:  -453.000000 | e:   1.000000 | Q:        nan | won: False 
#  103 | steps:  4272 | steps_t:     0 | t: 3.756949 | r:  -530.000000 | e:   1.000000 | Q:        nan | won: False 
#  104 | steps:  4313 | steps_t:     0 | t: 3.799832 | r:  -474.000000 | e:   1.000000 | Q:        nan | won: False 
#  105 | steps:  4334 | steps_t:     0 | t: 3.824763 | r:  -520.000000 | e:   1.000000 | Q:        nan | won: False 
#  106 | steps:  4352 | steps_t:     0 | t: 3.843714 | r:  -455.000000 | e:   1.000000 | Q:        nan | won: False 
#  107 | steps:  4369 | steps_t:     0 | t: 3.860708 | r:  -516.000000 | e:   1.000000 | Q:        nan | won: False 
#  108 | steps:  4398 | steps_t:     0 | t: 3.884606 | r:  -517.000000 | e:   1.000000 | Q:        nan | won: False 
#  109 | steps:  4429 | steps_t:     0 | t: 3.913530 | r:   147.000000 | e:   1.000000 | Q:        nan | won: True 
#  110 | steps:  4500 | steps_t:     0 | t: 3.982344 | r:  -497.000000 | e:   1.000000 | Q:        nan | won: False 
#  111 | steps:  4553 | steps_t:     0 | t: 4.038193 | r:  -457.000000 | e:   1.000000 | Q:        nan | won: False 
#  112 | steps:  4690 | steps_t:     0 | t: 4.158869 | r:  -519.000000 | e:   1.000000 | Q:        nan | won: False 
#  113 | steps:  4733 | steps_t:     0 | t: 4.191781 | r:  -469.000000 | e:   1.000000 | Q:        nan | won: False 
#  114 | steps:  4781 | steps_t:     0 | t: 4.226688 | r:  -441.000000 | e:   1.000000 | Q:        nan | won: False 
#  115 | steps:  4790 | steps_t:     0 | t: 4.238656 | r:  -497.000000 | e:   1.000000 | Q:        nan | won: False 
#  116 | steps:  4865 | steps_t:     0 | t: 4.289521 | r:  -457.000000 | e:   1.000000 | Q:        nan | won: False 
#  117 | steps:  4898 | steps_t:     0 | t: 4.315450 | r:  -488.000000 | e:   1.000000 | Q:        nan | won: False 
#  118 | steps:  4908 | steps_t:     0 | t: 4.326421 | r:  -509.000000 | e:   1.000000 | Q:        nan | won: False 
#  119 | steps:  4925 | steps_t:     0 | t: 4.342379 | r:  -494.000000 | e:   1.000000 | Q:        nan | won: False 
#  120 | steps:  4953 | steps_t:     0 | t: 4.367315 | r:  -516.000000 | e:   1.000000 | Q:        nan | won: False 
#  121 | steps:  4976 | steps_t:     0 | t: 4.389253 | r:  -478.000000 | e:   1.000000 | Q:        nan | won: False 
#  122 | steps:  5092 | steps_t:    91 | t: 5.318767 | r:  -560.000000 | e:   0.990900 | Q:        nan | won: False 
#  123 | steps:  5130 | steps_t:   128 | t: 5.588047 | r:  -431.000000 | e:   0.987200 | Q:        nan | won: False 
#  124 | steps:  5161 | steps_t:   158 | t: 5.833389 | r:  -508.000000 | e:   0.984200 | Q:        nan | won: False 
#  125 | steps:  5188 | steps_t:   184 | t: 6.024878 | r:  -442.000000 | e:   0.981600 | Q:  -5.997999 | won: False 
#  126 | steps:  5244 | steps_t:   239 | t: 6.455724 | r:  -522.000000 | e:   0.976100 | Q:        nan | won: False 
#  127 | steps:  5253 | steps_t:   247 | t: 6.518556 | r:  -508.000000 | e:   0.975300 | Q:        nan | won: False 
#  128 | steps:  5293 | steps_t:   286 | t: 6.810776 | r:  -466.000000 | e:   0.971400 | Q: -20.500992 | won: False 
#  129 | steps:  5372 | steps_t:   364 | t: 7.459039 | r:  -494.000000 | e:   0.963600 | Q: -25.572535 | won: False 
#  130 | steps:  5407 | steps_t:   398 | t: 7.708375 | r:  -439.000000 | e:   0.960200 | Q: -33.966187 | won: False 
#  131 | steps:  5435 | steps_t:   425 | t: 7.904846 | r:  -454.000000 | e:   0.957500 | Q:        nan | won: False 
#  132 | steps:  5503 | steps_t:   492 | t: 8.423460 | r:  -534.000000 | e:   0.950800 | Q: -37.047260 | won: False 
#  133 | steps:  5526 | steps_t:   514 | t: 8.611955 | r:  -438.000000 | e:   0.948600 | Q: -45.689751 | won: False 
#  134 | steps:  5546 | steps_t:   533 | t: 8.760557 | r:  -446.000000 | e:   0.946700 | Q: -48.201801 | won: False 
#  135 | steps:  5650 | steps_t:   636 | t: 9.525510 | r:  -559.000000 | e:   0.936400 | Q: -38.887131 | won: False 
#  136 | steps:  5664 | steps_t:   649 | t: 9.642201 | r:  -513.000000 | e:   0.935100 | Q: -61.399517 | won: False 
#  137 | steps:  5706 | steps_t:   690 | t: 9.951375 | r:  -468.000000 | e:   0.931000 | Q: -64.793488 | won: False 
#  138 | steps:  5782 | steps_t:   765 | t: 10.535809 | r:  -491.000000 | e:   0.923500 | Q: -54.509068 | won: False 
#  139 | steps:  5814 | steps_t:   796 | t: 10.793120 | r:  -425.000000 | e:   0.920400 | Q: -77.661552 | won: False 
#  140 | steps:  5890 | steps_t:   871 | t: 11.524168 | r:  -469.000000 | e:   0.912900 | Q: -68.199799 | won: False 
#  141 | steps:  5966 | steps_t:   946 | t: 12.425750 | r:  -436.000000 | e:   0.905400 | Q: -59.094276 | won: False 
#  142 | steps:  6002 | steps_t:   981 | t: 12.789777 | r:  -440.000000 | e:   0.901900 | Q: -63.191887 | won: False 
#  143 | steps:  6065 | steps_t:  1043 | t: 13.764174 | r:  -456.000000 | e:   0.895700 | Q: -72.887413 | won: False 
#  144 | steps:  6076 | steps_t:  1053 | t: 13.899808 | r:  -510.000000 | e:   0.894700 | Q:        nan | won: False 
#  145 | steps:  6110 | steps_t:  1086 | t: 14.233917 | r:  -522.000000 | e:   0.891400 | Q: -87.357254 | won: False 
#  146 | steps:  6160 | steps_t:  1135 | t: 16.687868 | r:  -538.000000 | e:   0.886500 | Q: -85.424805 | won: False 
#  147 | steps:  6175 | steps_t:  1149 | t: 17.041921 | r:  -492.000000 | e:   0.885100 | Q: -83.765678 | won: False 
#  148 | steps:  6211 | steps_t:  1184 | t: 17.375030 | r:  -462.000000 | e:   0.881600 | Q: -85.542030 | won: False 
#  149 | steps:  6224 | steps_t:  1196 | t: 17.502734 | r:  -479.000000 | e:   0.880400 | Q: -93.606041 | won: False 
#  150 | steps:  6237 | steps_t:  1208 | t: 17.647307 | r:  -501.000000 | e:   0.879200 | Q: -94.117676 | won: False 
#  151 | steps:  6290 | steps_t:  1260 | t: 18.088121 | r:  -508.000000 | e:   0.874000 | Q: -100.056648 | won: False 
#  152 | steps:  6329 | steps_t:  1298 | t: 18.399288 | r:  -476.000000 | e:   0.870200 | Q: -92.105034 | won: False 
#  153 | steps:  6386 | steps_t:  1354 | t: 18.882007 | r:  -483.000000 | e:   0.864600 | Q: -110.431053 | won: False 
#  154 | steps:  6461 | steps_t:  1428 | t: 19.499346 | r:  -519.000000 | e:   0.857200 | Q: -95.502563 | won: False 
#  155 | steps:  6472 | steps_t:  1438 | t: 19.579134 | r:  -499.000000 | e:   0.856200 | Q:        nan | won: False 
#  156 | steps:  6549 | steps_t:  1514 | t: 20.314165 | r:  -521.000000 | e:   0.848600 | Q: -96.451469 | won: False 
#  157 | steps:  6571 | steps_t:  1535 | t: 20.479722 | r:  -521.000000 | e:   0.846500 | Q: -125.416351 | won: False 
#  158 | steps:  6649 | steps_t:  1612 | t: 21.120010 | r:  -504.000000 | e:   0.838800 | Q: -96.750793 | won: False 
#  159 | steps:  6686 | steps_t:  1648 | t: 21.453118 | r:  -441.000000 | e:   0.835200 | Q: -97.332840 | won: False 
#  160 | steps:  6712 | steps_t:  1673 | t: 21.923859 | r:  -463.000000 | e:   0.832700 | Q: -118.854660 | won: False 
#  161 | steps:  6720 | steps_t:  1680 | t: 22.212099 | r:  -496.000000 | e:   0.832000 | Q: -119.849716 | won: False 
#  162 | steps:  6741 | steps_t:  1700 | t: 22.516274 | r:  -520.000000 | e:   0.830000 | Q: -121.353058 | won: False 
#  163 | steps:  6772 | steps_t:  1730 | t: 22.815473 | r:  -475.000000 | e:   0.827000 | Q: -108.879395 | won: False 
#  164 | steps:  6833 | steps_t:  1790 | t: 23.976366 | r:  -527.000000 | e:   0.821000 | Q: -86.455551 | won: False 
#  165 | steps:  6934 | steps_t:  1890 | t: 25.326775 | r:  -545.000000 | e:   0.811000 | Q: -86.812119 | won: False 
#  166 | steps:  6981 | steps_t:  1936 | t: 25.893238 | r:  -473.000000 | e:   0.806400 | Q: -119.739067 | won: False 
#  167 | steps:  7030 | steps_t:  1984 | t: 27.092030 | r:  -493.000000 | e:   0.801600 | Q: -94.646217 | won: False 
#  168 | steps:  7123 | steps_t:  2076 | t: 28.156185 | r:   136.000000 | e:   0.792400 | Q: -88.180611 | won: True 
#  169 | steps:  7133 | steps_t:  2085 | t: 28.251928 | r:  -476.000000 | e:   0.791500 | Q: -115.997734 | won: False 
#  170 | steps:  7195 | steps_t:  2146 | t: 29.236294 | r:  -495.000000 | e:   0.785400 | Q: -83.420448 | won: False 
#  171 | steps:  7237 | steps_t:  2187 | t: 29.801780 | r:  -435.000000 | e:   0.781300 | Q: -82.934990 | won: False 
#  172 | steps:  7275 | steps_t:  2224 | t: 30.175780 | r:  -420.000000 | e:   0.777600 | Q: -91.979408 | won: False 
#  173 | steps:  7291 | steps_t:  2239 | t: 30.336354 | r:  -391.000000 | e:   0.776100 | Q: -100.881889 | won: False 
#  174 | steps:  7332 | steps_t:  2279 | t: 30.685416 | r:  -518.000000 | e:   0.772100 | Q: -123.521881 | won: False 
#  175 | steps:  7499 | steps_t:  2445 | t: 32.094648 | r:  -549.000000 | e:   0.755500 | Q: -90.888229 | won: False 
#  176 | steps:  7518 | steps_t:  2463 | t: 32.232279 | r:  -445.000000 | e:   0.753700 | Q: -110.627693 | won: False 
#  177 | steps:  7566 | steps_t:  2510 | t: 32.629219 | r:  -474.000000 | e:   0.749000 | Q: -86.472412 | won: False 
#  178 | steps:  7623 | steps_t:  2566 | t: 33.057070 | r:  -483.000000 | e:   0.743400 | Q: -74.114563 | won: False 
#  179 | steps:  7703 | steps_t:  2645 | t: 33.709325 | r:  -506.000000 | e:   0.735500 | Q: -84.591888 | won: False 
#  180 | steps:  7788 | steps_t:  2729 | t: 34.359585 | r:  -562.000000 | e:   0.727100 | Q: -80.312149 | won: False 
#  181 | steps:  7907 | steps_t:  2847 | t: 35.328011 | r:  -541.000000 | e:   0.715300 | Q: -83.316910 | won: False 
#  182 | steps:  7999 | steps_t:  2938 | t: 36.182707 | r:  -463.000000 | e:   0.706200 | Q: -79.974152 | won: False 
#  183 | steps:  8042 | steps_t:  2980 | t: 36.572665 | r:  -480.000000 | e:   0.702000 | Q: -82.343452 | won: False 
#  184 | steps:  8100 | steps_t:  3037 | t: 37.121196 | r:  -535.000000 | e:   0.696300 | Q: -84.102379 | won: False 
#  185 | steps:  8198 | steps_t:  3134 | t: 37.916070 | r:  -575.000000 | e:   0.686600 | Q: -87.140770 | won: False 
#  186 | steps:  8217 | steps_t:  3152 | t: 38.102574 | r:  -507.000000 | e:   0.684800 | Q: -117.081833 | won: False 
#  187 | steps:  8225 | steps_t:  3159 | t: 38.165402 | r:  -507.000000 | e:   0.684100 | Q: -118.248558 | won: False 
#  188 | steps:  8284 | steps_t:  3217 | t: 38.690996 | r:  -485.000000 | e:   0.678300 | Q: -78.038368 | won: False 
#  189 | steps:  8310 | steps_t:  3242 | t: 38.887471 | r:  -514.000000 | e:   0.675800 | Q: -112.676361 | won: False 
#  190 | steps:  8327 | steps_t:  3258 | t: 39.046047 | r:  -505.000000 | e:   0.674200 | Q: -117.215820 | won: False 
#  191 | steps:  8355 | steps_t:  3285 | t: 39.299369 | r:  -454.000000 | e:   0.671500 | Q: -84.414139 | won: False 
#  192 | steps:  8383 | steps_t:  3312 | t: 39.509806 | r:  -505.000000 | e:   0.668800 | Q: -110.238266 | won: False 
#  193 | steps:  8404 | steps_t:  3332 | t: 39.696308 | r:  -509.000000 | e:   0.666800 | Q: -117.943947 | won: False 
#  194 | steps:  8439 | steps_t:  3366 | t: 39.959601 | r:  -428.000000 | e:   0.663400 | Q: -98.721352 | won: False 
#  195 | steps:  8457 | steps_t:  3383 | t: 40.107210 | r:  -495.000000 | e:   0.661700 | Q: -117.882736 | won: False 
#  196 | steps:  8471 | steps_t:  3396 | t: 40.256807 | r:  -513.000000 | e:   0.660400 | Q: -124.473778 | won: False 
#  197 | steps:  8522 | steps_t:  3446 | t: 40.650752 | r:  -539.000000 | e:   0.655400 | Q: -117.266098 | won: False 
#  198 | steps:  8531 | steps_t:  3454 | t: 40.717573 | r:  -508.000000 | e:   0.654600 | Q: -124.283035 | won: False 
#  199 | steps:  8545 | steps_t:  3467 | t: 40.819301 | r:  -513.000000 | e:   0.653300 | Q: -131.637695 | won: False 
#  200 | steps:  8603 | steps_t:  3524 | t: 41.331932 | r:  -495.000000 | e:   0.647600 | Q: -92.043510 | won: False 
#  201 | steps:  8611 | steps_t:  3531 | t: 41.411721 | r:  -507.000000 | e:   0.646900 | Q: -120.466263 | won: False 
#  202 | steps:  8668 | steps_t:  3587 | t: 41.868495 | r:  -494.000000 | e:   0.641300 | Q: -83.980934 | won: False 
#  203 | steps:  8723 | steps_t:  3641 | t: 42.328265 | r:  -499.000000 | e:   0.635900 | Q: -83.685150 | won: False 
#  204 | steps:  8810 | steps_t:  3727 | t: 43.069282 | r:  -564.000000 | e:   0.627300 | Q: -96.453156 | won: False 
#  205 | steps:  8911 | steps_t:  3827 | t: 43.974861 | r:  -578.000000 | e:   0.617300 | Q: -73.291260 | won: False 
#  206 | steps:  8935 | steps_t:  3850 | t: 44.180310 | r:  -461.000000 | e:   0.615000 | Q: -84.290825 | won: False 
#  207 | steps:  8941 | steps_t:  3855 | t: 44.230175 | r:  -505.000000 | e:   0.614500 | Q: -115.364807 | won: False 
#  208 | steps:  8969 | steps_t:  3882 | t: 44.469545 | r:  -443.000000 | e:   0.611800 | Q: -82.863503 | won: False 
#  209 | steps:  9002 | steps_t:  3914 | t: 44.842540 | r:  -448.000000 | e:   0.608600 | Q: -117.556152 | won: False 
#  210 | steps:  9087 | steps_t:  3998 | t: 45.537681 | r:  -511.000000 | e:   0.600200 | Q: -106.364525 | won: False 
#  211 | steps:  9113 | steps_t:  4023 | t: 45.768062 | r:  -514.000000 | e:   0.597700 | Q: -121.640999 | won: False 
#  212 | steps:  9195 | steps_t:  4104 | t: 46.572908 | r:  -497.000000 | e:   0.589600 | Q: -83.250008 | won: False 
#  213 | steps:  9212 | steps_t:  4120 | t: 46.722507 | r:  -465.000000 | e:   0.588000 | Q: -130.620987 | won: False 
#  214 | steps:  9276 | steps_t:  4183 | t: 47.289989 | r:  -490.000000 | e:   0.581700 | Q: -93.828506 | won: False 
#  215 | steps:  9346 | steps_t:  4252 | t: 47.922297 | r:  -536.000000 | e:   0.574800 | Q: -94.618729 | won: False 
#  216 | steps:  9368 | steps_t:  4273 | t: 48.146697 | r:  -499.000000 | e:   0.572700 | Q: -109.479462 | won: False 
#  217 | steps:  9426 | steps_t:  4330 | t: 48.587518 | r:  -462.000000 | e:   0.567000 | Q: -80.753769 | won: False 
#  218 | steps:  9439 | steps_t:  4342 | t: 48.689246 | r:  -490.000000 | e:   0.565800 | Q: -125.014862 | won: False 
#  219 | steps:  9465 | steps_t:  4367 | t: 48.906663 | r:  -474.000000 | e:   0.563300 | Q: -105.677971 | won: False 
#  220 | steps:  9479 | steps_t:  4380 | t: 49.048285 | r:  -502.000000 | e:   0.562000 | Q: -110.792084 | won: False 
#  221 | steps:  9496 | steps_t:  4396 | t: 49.231802 | r:  -494.000000 | e:   0.560400 | Q: -113.122261 | won: False 
#  222 | steps:  9514 | steps_t:  4413 | t: 49.368429 | r:  -484.000000 | e:   0.558700 | Q: -117.331490 | won: False 
#  223 | steps:  9610 | steps_t:  4508 | t: 50.238105 | r:  -573.000000 | e:   0.549200 | Q: -121.245743 | won: False 
#  224 | steps:  9672 | steps_t:  4569 | t: 50.755717 | r:  -499.000000 | e:   0.543100 | Q: -80.048470 | won: False 
#  225 | steps:  9709 | steps_t:  4605 | t: 51.062894 | r:  -463.000000 | e:   0.539500 | Q: -72.576660 | won: False 
#  226 | steps:  9760 | steps_t:  4655 | t: 51.537623 | r:  -506.000000 | e:   0.534500 | Q: -108.655251 | won: False 
#  227 | steps:  9854 | steps_t:  4748 | t: 52.630699 | r:  -465.000000 | e:   0.525200 | Q: -79.159996 | won: False 
#  228 | steps:  9868 | steps_t:  4761 | t: 52.835152 | r:  -491.000000 | e:   0.523900 | Q: -97.782593 | won: False 
#  229 | steps:  9930 | steps_t:  4822 | t: 53.425574 | r:  -550.000000 | e:   0.517800 | Q: -98.510681 | won: False 
#  230 | steps:  9958 | steps_t:  4849 | t: 53.732751 | r:  -494.000000 | e:   0.515100 | Q: -109.214714 | won: False 
#  231 | steps:  9977 | steps_t:  4867 | t: 53.998043 | r:  -507.000000 | e:   0.513300 | Q: -110.829292 | won: False 
