#    1 | steps:    49 | steps_t:     0 | t: 0.059823 | r:  -493.000000 | e:   1.000000 | Q:        nan | won: False 
#    2 | steps:    82 | steps_t:     0 | t: 0.098722 | r:  -459.000000 | e:   1.000000 | Q:        nan | won: False 
#    3 | steps:   125 | steps_t:     0 | t: 0.134623 | r:  -480.000000 | e:   1.000000 | Q:        nan | won: False 
#    4 | steps:   220 | steps_t:     0 | t: 0.198451 | r:  -488.000000 | e:   1.000000 | Q:        nan | won: False 
#    5 | steps:   293 | steps_t:     0 | t: 0.260330 | r:  -488.000000 | e:   1.000000 | Q:        nan | won: False 
#    6 | steps:   359 | steps_t:     0 | t: 0.309193 | r:  -448.000000 | e:   1.000000 | Q:        nan | won: False 
#    7 | steps:   369 | steps_t:     0 | t: 0.320162 | r:  -487.000000 | e:   1.000000 | Q:        nan | won: False 
#    8 | steps:   385 | steps_t:     0 | t: 0.336125 | r:  -504.000000 | e:   1.000000 | Q:        nan | won: False 
#    9 | steps:   459 | steps_t:     0 | t: 0.386986 | r:  -489.000000 | e:   1.000000 | Q:        nan | won: False 
#   10 | steps:   471 | steps_t:     0 | t: 0.398952 | r:  -500.000000 | e:   1.000000 | Q:        nan | won: False 
#   11 | steps:   495 | steps_t:     0 | t: 0.418867 | r:  -388.000000 | e:   1.000000 | Q:        nan | won: False 
#   12 | steps:   564 | steps_t:     0 | t: 0.463743 | r:  -524.000000 | e:   1.000000 | Q:        nan | won: False 
#   13 | steps:   598 | steps_t:     0 | t: 0.492663 | r:  -460.000000 | e:   1.000000 | Q:        nan | won: False 
#   14 | steps:   611 | steps_t:     0 | t: 0.507624 | r:  -501.000000 | e:   1.000000 | Q:        nan | won: False 
#   15 | steps:   630 | steps_t:     0 | t: 0.527606 | r:  -434.000000 | e:   1.000000 | Q:        nan | won: False 
#   16 | steps:   687 | steps_t:     0 | t: 0.576478 | r:   121.000000 | e:   1.000000 | Q:        nan | won: True 
#   17 | steps:   754 | steps_t:     0 | t: 0.624311 | r:  -471.000000 | e:   1.000000 | Q:        nan | won: False 
#   18 | steps:   837 | steps_t:     0 | t: 0.690136 | r:  -527.000000 | e:   1.000000 | Q:        nan | won: False 
#   19 | steps:   884 | steps_t:     0 | t: 0.730033 | r:  -480.000000 | e:   1.000000 | Q:        nan | won: False 
#   20 | steps:   920 | steps_t:     0 | t: 0.758990 | r:  -451.000000 | e:   1.000000 | Q:        nan | won: False 
#   21 | steps:   982 | steps_t:     0 | t: 0.807861 | r:  -477.000000 | e:   1.000000 | Q:        nan | won: False 
#   22 | steps:  1032 | steps_t:     0 | t: 0.841770 | r:  -498.000000 | e:   1.000000 | Q:        nan | won: False 
#   23 | steps:  1094 | steps_t:     0 | t: 0.920520 | r:  -517.000000 | e:   1.000000 | Q:        nan | won: False 
#   24 | steps:  1104 | steps_t:     0 | t: 0.932489 | r:  -498.000000 | e:   1.000000 | Q:        nan | won: False 
#   25 | steps:  1140 | steps_t:     0 | t: 0.961442 | r:  -524.000000 | e:   1.000000 | Q:        nan | won: False 
#   26 | steps:  1195 | steps_t:     0 | t: 1.003299 | r:  -470.000000 | e:   1.000000 | Q:        nan | won: False 
#   27 | steps:  1224 | steps_t:     0 | t: 1.027233 | r:  -444.000000 | e:   1.000000 | Q:        nan | won: False 
#   28 | steps:  1240 | steps_t:     0 | t: 1.043230 | r:  -453.000000 | e:   1.000000 | Q:        nan | won: False 
#   29 | steps:  1250 | steps_t:     0 | t: 1.055160 | r:  -487.000000 | e:   1.000000 | Q:        nan | won: False 
#   30 | steps:  1295 | steps_t:     0 | t: 1.088073 | r:  -533.000000 | e:   1.000000 | Q:        nan | won: False 
#   31 | steps:  1359 | steps_t:     0 | t: 1.129958 | r:  -479.000000 | e:   1.000000 | Q:        nan | won: False 
#   32 | steps:  1377 | steps_t:     0 | t: 1.152901 | r:  -422.000000 | e:   1.000000 | Q:        nan | won: False 
#   33 | steps:  1403 | steps_t:     0 | t: 1.179828 | r:  -474.000000 | e:   1.000000 | Q:        nan | won: False 
#   34 | steps:  1449 | steps_t:     0 | t: 1.225702 | r:  -428.000000 | e:   1.000000 | Q:        nan | won: False 
#   35 | steps:  1478 | steps_t:     0 | t: 1.252631 | r:  -517.000000 | e:   1.000000 | Q:        nan | won: False 
#   36 | steps:  1503 | steps_t:     0 | t: 1.272578 | r:  -524.000000 | e:   1.000000 | Q:        nan | won: False 
#   37 | steps:  1529 | steps_t:     0 | t: 1.293522 | r:  -419.000000 | e:   1.000000 | Q:        nan | won: False 
#   38 | steps:  1577 | steps_t:     0 | t: 1.328469 | r:  -474.000000 | e:   1.000000 | Q:        nan | won: False 
#   39 | steps:  1593 | steps_t:     0 | t: 1.342429 | r:  -493.000000 | e:   1.000000 | Q:        nan | won: False 
#   40 | steps:  1670 | steps_t:     0 | t: 1.408252 | r:  -470.000000 | e:   1.000000 | Q:        nan | won: False 
#   41 | steps:  1683 | steps_t:     0 | t: 1.426203 | r:  -501.000000 | e:   1.000000 | Q:        nan | won: False 
#   42 | steps:  1777 | steps_t:     0 | t: 1.492989 | r:  -520.000000 | e:   1.000000 | Q:        nan | won: False 
#   43 | steps:  1802 | steps_t:     0 | t: 1.512933 | r:  -418.000000 | e:   1.000000 | Q:        nan | won: False 
#   44 | steps:  1831 | steps_t:     0 | t: 1.536871 | r:  -506.000000 | e:   1.000000 | Q:        nan | won: False 
#   45 | steps:  1845 | steps_t:     0 | t: 1.550834 | r:  -502.000000 | e:   1.000000 | Q:        nan | won: False 
#   46 | steps:  1873 | steps_t:     0 | t: 1.574805 | r:  -443.000000 | e:   1.000000 | Q:        nan | won: False 
#   47 | steps:  1919 | steps_t:     0 | t: 1.607722 | r:  -461.000000 | e:   1.000000 | Q:        nan | won: False 
#   48 | steps:  1924 | steps_t:     0 | t: 1.620683 | r:  -504.000000 | e:   1.000000 | Q:        nan | won: False 
#   49 | steps:  1999 | steps_t:     0 | t: 1.675502 | r:  -501.000000 | e:   1.000000 | Q:        nan | won: False 
#   50 | steps:  2028 | steps_t:     0 | t: 1.699435 | r:  -455.000000 | e:   1.000000 | Q:        nan | won: False 
#   51 | steps:  2120 | steps_t:     0 | t: 1.787202 | r:  -525.000000 | e:   1.000000 | Q:        nan | won: False 
#   52 | steps:  2177 | steps_t:     0 | t: 1.862002 | r:  -534.000000 | e:   1.000000 | Q:        nan | won: False 
#   53 | steps:  2236 | steps_t:     0 | t: 1.925829 | r:  -452.000000 | e:   1.000000 | Q:        nan | won: False 
#   54 | steps:  2278 | steps_t:     0 | t: 1.969715 | r:  -519.000000 | e:   1.000000 | Q:        nan | won: False 
#   55 | steps:  2285 | steps_t:     0 | t: 1.983678 | r:  -506.000000 | e:   1.000000 | Q:        nan | won: False 
#   56 | steps:  2330 | steps_t:     0 | t: 2.026560 | r:  -533.000000 | e:   1.000000 | Q:        nan | won: False 
#   57 | steps:  2347 | steps_t:     0 | t: 2.056481 | r:  -505.000000 | e:   1.000000 | Q:        nan | won: False 
#   58 | steps:  2409 | steps_t:     0 | t: 2.104390 | r:  -488.000000 | e:   1.000000 | Q:        nan | won: False 
#   59 | steps:  2448 | steps_t:     0 | t: 2.135271 | r:  -483.000000 | e:   1.000000 | Q:        nan | won: False 
#   60 | steps:  2499 | steps_t:     0 | t: 2.175197 | r:  -455.000000 | e:   1.000000 | Q:        nan | won: False 
#   61 | steps:  2524 | steps_t:     0 | t: 2.194150 | r:  -429.000000 | e:   1.000000 | Q:        nan | won: False 
#   62 | steps:  2562 | steps_t:     0 | t: 2.223037 | r:  -409.000000 | e:   1.000000 | Q:        nan | won: False 
#   63 | steps:  2573 | steps_t:     0 | t: 2.235999 | r:  -437.000000 | e:   1.000000 | Q:        nan | won: False 
#   64 | steps:  2601 | steps_t:     0 | t: 2.267914 | r:  -527.000000 | e:   1.000000 | Q:        nan | won: False 
#   65 | steps:  2650 | steps_t:     0 | t: 2.308804 | r:  -464.000000 | e:   1.000000 | Q:        nan | won: False 
#   66 | steps:  2702 | steps_t:     0 | t: 2.429521 | r:  -478.000000 | e:   1.000000 | Q:        nan | won: False 
#   67 | steps:  2765 | steps_t:     0 | t: 2.471412 | r:  -507.000000 | e:   1.000000 | Q:        nan | won: False 
#   68 | steps:  2774 | steps_t:     0 | t: 2.486333 | r:  -508.000000 | e:   1.000000 | Q:        nan | won: False 
#   69 | steps:  2807 | steps_t:     0 | t: 2.512262 | r:  -499.000000 | e:   1.000000 | Q:        nan | won: False 
#   70 | steps:  2814 | steps_t:     0 | t: 2.525262 | r:  -506.000000 | e:   1.000000 | Q:        nan | won: False 
#   71 | steps:  2830 | steps_t:     0 | t: 2.541214 | r:  -504.000000 | e:   1.000000 | Q:        nan | won: False 
#   72 | steps:  2853 | steps_t:     0 | t: 2.562159 | r:  -438.000000 | e:   1.000000 | Q:        nan | won: False 
#   73 | steps:  2873 | steps_t:     0 | t: 2.581125 | r:  -457.000000 | e:   1.000000 | Q:        nan | won: False 
#   74 | steps:  2892 | steps_t:     0 | t: 2.598107 | r:  -507.000000 | e:   1.000000 | Q:        nan | won: False 
#   75 | steps:  2994 | steps_t:     0 | t: 2.668887 | r:  -517.000000 | e:   1.000000 | Q:        nan | won: False 
#   76 | steps:  3046 | steps_t:     0 | t: 2.703791 | r:  -445.000000 | e:   1.000000 | Q:        nan | won: False 
#   77 | steps:  3090 | steps_t:     0 | t: 2.739686 | r:  -521.000000 | e:   1.000000 | Q:        nan | won: False 
#   78 | steps:  3151 | steps_t:     0 | t: 2.788557 | r:  -498.000000 | e:   1.000000 | Q:        nan | won: False 
#   79 | steps:  3161 | steps_t:     0 | t: 2.801486 | r:  -509.000000 | e:   1.000000 | Q:        nan | won: False 
#   80 | steps:  3191 | steps_t:     0 | t: 2.839386 | r:  -507.000000 | e:   1.000000 | Q:        nan | won: False 
#   81 | steps:  3236 | steps_t:     0 | t: 2.877284 | r:  -522.000000 | e:   1.000000 | Q:        nan | won: False 
#   82 | steps:  3288 | steps_t:     0 | t: 2.927150 | r:  -478.000000 | e:   1.000000 | Q:        nan | won: False 
#   83 | steps:  3327 | steps_t:     0 | t: 2.967047 | r:  -443.000000 | e:   1.000000 | Q:        nan | won: False 
#   84 | steps:  3340 | steps_t:     0 | t: 2.983003 | r:  -512.000000 | e:   1.000000 | Q:        nan | won: False 
#   85 | steps:  3404 | steps_t:     0 | t: 3.029875 | r:  -479.000000 | e:   1.000000 | Q:        nan | won: False 
#   86 | steps:  3426 | steps_t:     0 | t: 3.049822 | r:  -448.000000 | e:   1.000000 | Q:        nan | won: False 
#   87 | steps:  3449 | steps_t:     0 | t: 3.069814 | r:  -460.000000 | e:   1.000000 | Q:        nan | won: False 
#   88 | steps:  3473 | steps_t:     0 | t: 3.089717 | r:  -417.000000 | e:   1.000000 | Q:        nan | won: False 
#   89 | steps:  3522 | steps_t:     0 | t: 3.124668 | r:  -486.000000 | e:   1.000000 | Q:        nan | won: False 
#   90 | steps:  3531 | steps_t:     0 | t: 3.135594 | r:  -497.000000 | e:   1.000000 | Q:        nan | won: False 
#   91 | steps:  3602 | steps_t:     0 | t: 3.191494 | r:  -475.000000 | e:   1.000000 | Q:        nan | won: False 
#   92 | steps:  3648 | steps_t:     0 | t: 3.231338 | r:  -450.000000 | e:   1.000000 | Q:        nan | won: False 
#   93 | steps:  3661 | steps_t:     0 | t: 3.245298 | r:  -501.000000 | e:   1.000000 | Q:        nan | won: False 
#   94 | steps:  3686 | steps_t:     0 | t: 3.270305 | r:  -440.000000 | e:   1.000000 | Q:        nan | won: False 
#   95 | steps:  3705 | steps_t:     0 | t: 3.288221 | r:  -507.000000 | e:   1.000000 | Q:        nan | won: False 
#   96 | steps:  3785 | steps_t:     0 | t: 3.352014 | r:  -451.000000 | e:   1.000000 | Q:        nan | won: False 
#   97 | steps:  3800 | steps_t:     0 | t: 3.369966 | r:  -514.000000 | e:   1.000000 | Q:        nan | won: False 
#   98 | steps:  3860 | steps_t:     0 | t: 3.416842 | r:  -464.000000 | e:   1.000000 | Q:        nan | won: False 
#   99 | steps:  3915 | steps_t:     0 | t: 3.461723 | r:  -492.000000 | e:   1.000000 | Q:        nan | won: False 
#  100 | steps:  3925 | steps_t:     0 | t: 3.474685 | r:  -487.000000 | e:   1.000000 | Q:        nan | won: False 
#  101 | steps:  3964 | steps_t:     0 | t: 3.507597 | r:  -454.000000 | e:   1.000000 | Q:        nan | won: False 
#  102 | steps:  4000 | steps_t:     0 | t: 3.534524 | r:  -473.000000 | e:   1.000000 | Q:        nan | won: False 
#  103 | steps:  4110 | steps_t:     0 | t: 3.605379 | r:  -481.000000 | e:   1.000000 | Q:        nan | won: False 
#  104 | steps:  4137 | steps_t:     0 | t: 3.629272 | r:  -442.000000 | e:   1.000000 | Q:        nan | won: False 
#  105 | steps:  4185 | steps_t:     0 | t: 3.667214 | r:  -463.000000 | e:   1.000000 | Q:        nan | won: False 
#  106 | steps:  4203 | steps_t:     0 | t: 3.687211 | r:  -484.000000 | e:   1.000000 | Q:        nan | won: False 
#  107 | steps:  4304 | steps_t:     0 | t: 3.755970 | r:    77.000000 | e:   1.000000 | Q:        nan | won: True 
#  108 | steps:  4342 | steps_t:     0 | t: 3.784857 | r:  -464.000000 | e:   1.000000 | Q:        nan | won: False 
#  109 | steps:  4374 | steps_t:     0 | t: 3.812782 | r:  -520.000000 | e:   1.000000 | Q:        nan | won: False 
#  110 | steps:  4432 | steps_t:     0 | t: 3.862649 | r:  -473.000000 | e:   1.000000 | Q:        nan | won: False 
#  111 | steps:  4505 | steps_t:     0 | t: 3.953408 | r:  -437.000000 | e:   1.000000 | Q:        nan | won: False 
#  112 | steps:  4579 | steps_t:     0 | t: 4.032195 | r:  -456.000000 | e:   1.000000 | Q:        nan | won: False 
#  113 | steps:  4630 | steps_t:     0 | t: 4.077074 | r:  -528.000000 | e:   1.000000 | Q:        nan | won: False 
#  114 | steps:  4652 | steps_t:     0 | t: 4.099017 | r:  -488.000000 | e:   1.000000 | Q:        nan | won: False 
#  115 | steps:  4667 | steps_t:     0 | t: 4.114972 | r:  -503.000000 | e:   1.000000 | Q:        nan | won: False 
#  116 | steps:  4680 | steps_t:     0 | t: 4.128934 | r:  -512.000000 | e:   1.000000 | Q:        nan | won: False 
#  117 | steps:  4728 | steps_t:     0 | t: 4.162843 | r:  -474.000000 | e:   1.000000 | Q:        nan | won: False 
#  118 | steps:  4800 | steps_t:     0 | t: 4.209720 | r:  -487.000000 | e:   1.000000 | Q:        nan | won: False 
#  119 | steps:  4861 | steps_t:     0 | t: 4.251652 | r:  -443.000000 | e:   1.000000 | Q:        nan | won: False 
#  120 | steps:  4907 | steps_t:     0 | t: 4.285517 | r:  -472.000000 | e:   1.000000 | Q:        nan | won: False 
#  121 | steps:  4930 | steps_t:     0 | t: 4.308475 | r:  -489.000000 | e:   1.000000 | Q:        nan | won: False 
#  122 | steps:  4989 | steps_t:     0 | t: 4.357355 | r:  -474.000000 | e:   1.000000 | Q:        nan | won: False 
#  123 | steps:  5035 | steps_t:    34 | t: 4.833054 | r:  -472.000000 | e:   0.996600 | Q:        nan | won: False 
#  124 | steps:  5053 | steps_t:    51 | t: 4.962703 | r:  -506.000000 | e:   0.994900 | Q:        nan | won: False 
#  125 | steps:  5133 | steps_t:   130 | t: 5.666821 | r:  -451.000000 | e:   0.987000 | Q:        nan | won: False 
#  126 | steps:  5199 | steps_t:   195 | t: 6.243278 | r:  -543.000000 | e:   0.980500 | Q:   0.096932 | won: False 
#  127 | steps:  5273 | steps_t:   268 | t: 6.911491 | r:  -540.000000 | e:   0.973200 | Q:        nan | won: False 
#  128 | steps:  5292 | steps_t:   286 | t: 7.084031 | r:  -405.000000 | e:   0.971400 | Q:   0.096731 | won: False 
#  129 | steps:  5348 | steps_t:   341 | t: 7.600649 | r:  -471.000000 | e:   0.965900 | Q:   0.096831 | won: False 
#  130 | steps:  5401 | steps_t:   393 | t: 8.134219 | r:  -508.000000 | e:   0.960700 | Q:        nan | won: False 
#  131 | steps:  5462 | steps_t:   453 | t: 8.850303 | r:  -476.000000 | e:   0.954700 | Q:   0.096668 | won: False 
#  132 | steps:  5519 | steps_t:   509 | t: 9.400830 | r:  -534.000000 | e:   0.949100 | Q:   0.097252 | won: False 
#  133 | steps:  5535 | steps_t:   524 | t: 9.606280 | r:  -515.000000 | e:   0.947600 | Q:   0.096731 | won: False 
#  134 | steps:  5599 | steps_t:   587 | t: 10.263523 | r:  -519.000000 | e:   0.941300 | Q:   0.097154 | won: False 
#  135 | steps:  5662 | steps_t:   649 | t: 10.952682 | r:  -456.000000 | e:   0.935100 | Q:   0.097545 | won: False 
#  136 | steps:  5751 | steps_t:   737 | t: 11.922088 | r:  -533.000000 | e:   0.926300 | Q:   0.096999 | won: False 
#  137 | steps:  5801 | steps_t:   786 | t: 12.464632 | r:  -516.000000 | e:   0.921400 | Q:   0.097009 | won: False 
#  138 | steps:  5815 | steps_t:   799 | t: 12.563369 | r:  -502.000000 | e:   0.920100 | Q:        nan | won: False 
#  139 | steps:  5868 | steps_t:   851 | t: 13.018152 | r:  -479.000000 | e:   0.914900 | Q:   0.097105 | won: False 
#  140 | steps:  5887 | steps_t:   869 | t: 13.156780 | r:  -507.000000 | e:   0.913100 | Q:   0.096777 | won: False 
#  141 | steps:  5900 | steps_t:   881 | t: 13.284447 | r:  -512.000000 | e:   0.911900 | Q:        nan | won: False 
#  142 | steps:  5920 | steps_t:   900 | t: 13.437030 | r:  -453.000000 | e:   0.910000 | Q:   0.097409 | won: False 
#  143 | steps:  6009 | steps_t:   988 | t: 14.144138 | r:  -504.000000 | e:   0.901200 | Q:   0.097231 | won: False 
#  144 | steps:  6074 | steps_t:  1052 | t: 14.692671 | r:  -502.000000 | e:   0.894800 | Q:   0.097544 | won: False 
#  145 | steps:  6115 | steps_t:  1092 | t: 15.009822 | r:  -518.000000 | e:   0.890800 | Q:        nan | won: False 
#  146 | steps:  6166 | steps_t:  1142 | t: 15.698978 | r:  -528.000000 | e:   0.885800 | Q:   0.096846 | won: False 
#  147 | steps:  6188 | steps_t:  1163 | t: 15.871517 | r:  -470.000000 | e:   0.883700 | Q:        nan | won: False 
#  148 | steps:  6238 | steps_t:  1212 | t: 16.363204 | r:  -465.000000 | e:   0.878800 | Q:   0.096987 | won: False 
#  149 | steps:  6296 | steps_t:  1269 | t: 17.139127 | r:  -524.000000 | e:   0.873100 | Q:   0.097150 | won: False 
#  150 | steps:  6316 | steps_t:  1288 | t: 17.428354 | r:  -508.000000 | e:   0.871200 | Q:   0.097352 | won: False 
#  151 | steps:  6356 | steps_t:  1327 | t: 17.899091 | r:  -466.000000 | e:   0.867300 | Q:   0.097550 | won: False 
#  152 | steps:  6365 | steps_t:  1335 | t: 17.987858 | r:  -497.000000 | e:   0.866500 | Q:   0.097100 | won: False 
#  153 | steps:  6422 | steps_t:  1391 | t: 19.433985 | r:  -439.000000 | e:   0.860900 | Q:   0.097219 | won: False 
#  154 | steps:  6437 | steps_t:  1405 | t: 19.594555 | r:  -514.000000 | e:   0.859500 | Q:   0.096942 | won: False 
#  155 | steps:  6493 | steps_t:  1460 | t: 20.128127 | r:  -482.000000 | e:   0.854000 | Q:   0.097208 | won: False 
#  156 | steps:  6516 | steps_t:  1482 | t: 20.313635 | r:  -449.000000 | e:   0.851800 | Q:   0.097085 | won: False 
#  157 | steps:  6578 | steps_t:  1543 | t: 20.780383 | r:  -506.000000 | e:   0.845700 | Q:   0.096957 | won: False 
#  158 | steps:  6639 | steps_t:  1603 | t: 21.319939 | r:  -538.000000 | e:   0.839700 | Q:   0.097207 | won: False 
#  159 | steps:  6682 | steps_t:  1645 | t: 21.674988 | r:  -469.000000 | e:   0.835500 | Q:   0.097162 | won: False 
#  160 | steps:  6762 | steps_t:  1724 | t: 22.517736 | r:  -557.000000 | e:   0.827600 | Q:   0.096978 | won: False 
#  161 | steps:  6793 | steps_t:  1754 | t: 22.766069 | r:  -468.000000 | e:   0.824600 | Q:   0.096683 | won: False 
#  162 | steps:  6811 | steps_t:  1771 | t: 22.935616 | r:  -444.000000 | e:   0.822900 | Q:   0.096507 | won: False 
#  163 | steps:  6850 | steps_t:  1809 | t: 23.306624 | r:  -454.000000 | e:   0.819100 | Q:   0.097297 | won: False 
#  164 | steps:  6911 | steps_t:  1869 | t: 23.831222 | r:  -476.000000 | e:   0.813100 | Q:   0.097176 | won: False 
#  165 | steps:  6934 | steps_t:  1891 | t: 24.005759 | r:  -511.000000 | e:   0.810900 | Q:   0.097112 | won: False 
#  166 | steps:  7044 | steps_t:  2000 | t: 24.973164 | r:  -492.000000 | e:   0.800000 | Q:   0.097850 | won: False 
#  167 | steps:  7141 | steps_t:  2096 | t: 25.942570 | r:    81.000000 | e:   0.790400 | Q:   0.097577 | won: True 
#  168 | steps:  7164 | steps_t:  2118 | t: 26.186917 | r:  -500.000000 | e:   0.788200 | Q:   0.097034 | won: False 
#  169 | steps:  7193 | steps_t:  2146 | t: 26.537978 | r:  -444.000000 | e:   0.785400 | Q:   0.097399 | won: False 
#  170 | steps:  7207 | steps_t:  2159 | t: 26.668628 | r:  -502.000000 | e:   0.784100 | Q:   0.097088 | won: False 
#  171 | steps:  7252 | steps_t:  2203 | t: 27.132388 | r:  -500.000000 | e:   0.779700 | Q:   0.097278 | won: False 
#  172 | steps:  7276 | steps_t:  2226 | t: 27.309915 | r:  -501.000000 | e:   0.777400 | Q:   0.096602 | won: False 
#  173 | steps:  7304 | steps_t:  2253 | t: 27.546279 | r:  -516.000000 | e:   0.774700 | Q:   0.097539 | won: False 
#  174 | steps:  7341 | steps_t:  2289 | t: 27.888364 | r:  -463.000000 | e:   0.771100 | Q:   0.097128 | won: False 
#  175 | steps:  7407 | steps_t:  2354 | t: 28.419942 | r:  -532.000000 | e:   0.764600 | Q:   0.097298 | won: False 
#  176 | steps:  7509 | steps_t:  2455 | t: 29.513018 | r:  -528.000000 | e:   0.754500 | Q:   0.097284 | won: False 
#  177 | steps:  7579 | steps_t:  2524 | t: 30.294928 | r:  -514.000000 | e:   0.747600 | Q:   0.097514 | won: False 
#  178 | steps:  7617 | steps_t:  2561 | t: 30.625043 | r:  -464.000000 | e:   0.743900 | Q:   0.097197 | won: False 
#  179 | steps:  7686 | steps_t:  2629 | t: 31.567526 | r:  -524.000000 | e:   0.737100 | Q:   0.097548 | won: False 
#  180 | steps:  7719 | steps_t:  2661 | t: 31.973454 | r:  -459.000000 | e:   0.733900 | Q:   0.097559 | won: False 
#  181 | steps:  7830 | steps_t:  2771 | t: 33.392638 | r:  -493.000000 | e:   0.722900 | Q:   0.097829 | won: False 
#  182 | steps:  7987 | steps_t:  2927 | t: 35.062191 | r:    72.000000 | e:   0.707300 | Q:   0.097740 | won: True 
#  183 | steps:  8014 | steps_t:  2953 | t: 35.276598 | r:  -442.000000 | e:   0.704700 | Q:   0.096949 | won: False 
#  184 | steps:  8095 | steps_t:  3033 | t: 36.022601 | r:  -547.000000 | e:   0.696700 | Q:   0.097354 | won: False 
#  185 | steps:  8168 | steps_t:  3105 | t: 36.684830 | r:  -499.000000 | e:   0.689500 | Q:   0.097247 | won: False 
#  186 | steps:  8176 | steps_t:  3112 | t: 36.828445 | r:  -496.000000 | e:   0.688800 | Q:   0.096904 | won: False 
#  187 | steps:  8244 | steps_t:  3179 | t: 37.470740 | r:  -523.000000 | e:   0.682100 | Q:   0.097240 | won: False 
#  188 | steps:  8301 | steps_t:  3235 | t: 38.024245 | r:  -512.000000 | e:   0.676500 | Q:   0.097044 | won: False 
#  189 | steps:  8353 | steps_t:  3286 | t: 38.449120 | r:  -467.000000 | e:   0.671400 | Q:   0.097164 | won: False 
#  190 | steps:  8383 | steps_t:  3315 | t: 38.687471 | r:  -507.000000 | e:   0.668500 | Q:   0.097539 | won: False 
#  191 | steps:  8460 | steps_t:  3391 | t: 39.350695 | r:  -532.000000 | e:   0.660900 | Q:   0.097426 | won: False 
#  192 | steps:  8477 | steps_t:  3407 | t: 39.474364 | r:  -505.000000 | e:   0.659300 | Q:   0.096928 | won: False 
#  193 | steps:  8503 | steps_t:  3432 | t: 39.671837 | r:  -492.000000 | e:   0.656800 | Q:   0.097539 | won: False 
#  194 | steps:  8531 | steps_t:  3459 | t: 39.886265 | r:  -403.000000 | e:   0.654100 | Q:   0.097170 | won: False 
#  195 | steps:  8549 | steps_t:  3476 | t: 40.036860 | r:  -506.000000 | e:   0.652400 | Q:   0.096983 | won: False 
#  196 | steps:  8566 | steps_t:  3492 | t: 40.228350 | r:  -494.000000 | e:   0.650800 | Q:   0.097539 | won: False 
#  197 | steps:  8614 | steps_t:  3539 | t: 40.591376 | r:  -485.000000 | e:   0.646100 | Q:   0.097112 | won: False 
#  198 | steps:  8670 | steps_t:  3594 | t: 41.146891 | r:  -522.000000 | e:   0.640600 | Q:   0.097183 | won: False 
#  199 | steps:  8696 | steps_t:  3619 | t: 41.499946 | r:  -514.000000 | e:   0.638100 | Q:   0.097241 | won: False 
#  200 | steps:  8754 | steps_t:  3676 | t: 42.261906 | r:  -535.000000 | e:   0.632400 | Q:   0.097324 | won: False 
#  201 | steps:  8763 | steps_t:  3684 | t: 42.791491 | r:  -497.000000 | e:   0.631600 | Q:   0.096683 | won: False 
#  202 | steps:  8817 | steps_t:  3737 | t: 43.567414 | r:  -469.000000 | e:   0.626300 | Q:   0.097107 | won: False 
#  203 | steps:  8905 | steps_t:  3824 | t: 44.281505 | r:  -470.000000 | e:   0.617600 | Q:   0.097236 | won: False 
#  204 | steps:  8928 | steps_t:  3846 | t: 44.455038 | r:  -500.000000 | e:   0.615400 | Q:   0.097240 | won: False 
#  205 | steps:  8961 | steps_t:  3878 | t: 44.762217 | r:  -510.000000 | e:   0.612200 | Q:   0.097401 | won: False 
#  206 | steps:  8995 | steps_t:  3911 | t: 45.020527 | r:  -460.000000 | e:   0.608900 | Q:   0.097097 | won: False 
#  207 | steps:  9114 | steps_t:  4029 | t: 46.065729 | r:  -574.000000 | e:   0.597100 | Q:   0.097172 | won: False 
#  208 | steps:  9132 | steps_t:  4046 | t: 46.210343 | r:  -506.000000 | e:   0.595400 | Q:   0.097206 | won: False 
#  209 | steps:  9140 | steps_t:  4053 | t: 46.277164 | r:  -496.000000 | e:   0.594700 | Q:   0.096810 | won: False 
#  210 | steps:  9240 | steps_t:  4152 | t: 47.209668 | r:  -522.000000 | e:   0.584800 | Q:   0.097442 | won: False 
#  211 | steps:  9280 | steps_t:  4191 | t: 47.527817 | r:  -444.000000 | e:   0.580900 | Q:   0.097183 | won: False 
#  212 | steps:  9408 | steps_t:  4318 | t: 48.572023 | r:  -605.000000 | e:   0.568200 | Q:   0.097525 | won: False 
#  213 | steps:  9455 | steps_t:  4364 | t: 49.006860 | r:  -535.000000 | e:   0.563600 | Q:   0.097130 | won: False 
#  214 | steps:  9492 | steps_t:  4400 | t: 49.378865 | r:  -492.000000 | e:   0.560000 | Q:   0.097352 | won: False 
#  215 | steps:  9575 | steps_t:  4482 | t: 50.025135 | r:  -454.000000 | e:   0.551800 | Q:   0.097682 | won: False 
#  216 | steps:  9596 | steps_t:  4502 | t: 50.196676 | r:  -509.000000 | e:   0.549800 | Q:   0.097226 | won: False 
#  217 | steps:  9645 | steps_t:  4550 | t: 50.623535 | r:  -475.000000 | e:   0.545000 | Q:   0.097559 | won: False 
#  218 | steps:  9660 | steps_t:  4564 | t: 50.738228 | r:  -503.000000 | e:   0.543600 | Q:   0.097236 | won: False 
#  219 | steps:  9667 | steps_t:  4570 | t: 50.792084 | r:  -495.000000 | e:   0.543000 | Q:   0.097132 | won: False 
#  220 | steps:  9717 | steps_t:  4619 | t: 51.210963 | r:  -476.000000 | e:   0.538100 | Q:   0.097297 | won: False 
#  221 | steps:  9725 | steps_t:  4626 | t: 51.275792 | r:  -496.000000 | e:   0.537400 | Q:   0.096904 | won: False 
#  222 | steps:  9737 | steps_t:  4637 | t: 51.373532 | r:  -489.000000 | e:   0.536300 | Q:   0.097539 | won: False 
#  223 | steps:  9756 | steps_t:  4655 | t: 51.545069 | r:  -507.000000 | e:   0.534500 | Q:   0.097270 | won: False 
#  224 | steps:  9778 | steps_t:  4676 | t: 51.710626 | r:  -510.000000 | e:   0.532400 | Q:   0.097240 | won: False 
#  225 | steps:  9861 | steps_t:  4758 | t: 52.367871 | r:  -560.000000 | e:   0.524200 | Q:   0.097237 | won: False 
#  226 | steps:  9934 | steps_t:  4830 | t: 53.019125 | r:  -477.000000 | e:   0.517000 | Q:   0.097197 | won: False 
#  227 | steps:  9960 | steps_t:  4855 | t: 53.224575 | r:  -492.000000 | e:   0.514500 | Q:   0.097539 | won: False 
#  228 | steps: 10061 | steps_t:  4955 | t: 54.064328 | r:  -545.000000 | e:   0.504500 | Q:   0.098028 | won: False 
#  229 | steps: 10108 | steps_t:  5001 | t: 54.458274 | r:  -513.000000 | e:   0.499900 | Q:   0.097119 | won: False 
#  230 | steps: 10188 | steps_t:  5080 | t: 55.115515 | r:  -568.000000 | e:   0.492000 | Q:   0.097548 | won: False 
#  231 | steps: 10202 | steps_t:  5093 | t: 55.220236 | r:  -502.000000 | e:   0.490700 | Q:   0.096933 | won: False 
#  232 | steps: 10306 | steps_t:  5196 | t: 56.154249 | r:  -570.000000 | e:   0.480400 | Q:   0.097247 | won: False 
#  233 | steps: 10396 | steps_t:  5285 | t: 56.903245 | r:  -505.000000 | e:   0.471500 | Q:   0.097352 | won: False 
#  234 | steps: 10475 | steps_t:  5363 | t: 57.576444 | r:  -450.000000 | e:   0.463700 | Q:   0.097850 | won: False 
#  235 | steps: 10489 | steps_t:  5376 | t: 57.722055 | r:  -502.000000 | e:   0.462400 | Q:   0.097231 | won: False 
#  236 | steps: 10518 | steps_t:  5404 | t: 57.960418 | r:  -517.000000 | e:   0.459600 | Q:   0.097240 | won: False 
#  237 | steps: 10620 | steps_t:  5505 | t: 58.859013 | r:  -517.000000 | e:   0.449500 | Q:   0.097170 | won: False 
#  238 | steps: 10631 | steps_t:  5515 | t: 58.953758 | r:  -499.000000 | e:   0.448500 | Q:   0.097132 | won: False 
#  239 | steps: 10675 | steps_t:  5558 | t: 59.357678 | r:  -532.000000 | e:   0.444200 | Q:   0.097206 | won: False 
#  240 | steps: 10686 | steps_t:  5568 | t: 59.456414 | r:  -499.000000 | e:   0.443200 | Q:   0.097397 | won: False 
#  241 | steps: 10765 | steps_t:  5646 | t: 60.134600 | r:  -472.000000 | e:   0.435400 | Q:   0.097383 | won: False 
#  242 | steps: 10817 | steps_t:  5697 | t: 60.592378 | r:  -518.000000 | e:   0.430300 | Q:   0.097226 | won: False 
#  243 | steps: 10836 | steps_t:  5715 | t: 60.781869 | r:  -507.000000 | e:   0.428500 | Q:   0.097539 | won: False 
#  244 | steps: 10940 | steps_t:  5818 | t: 61.805130 | r:  -559.000000 | e:   0.418200 | Q:   0.097686 | won: False 
#  245 | steps: 10973 | steps_t:  5850 | t: 62.090367 | r:  -499.000000 | e:   0.415000 | Q:   0.097548 | won: False 
#  246 | steps: 11031 | steps_t:  5907 | t: 62.591028 | r:  -484.000000 | e:   0.409300 | Q:   0.097559 | won: False 
#  247 | steps: 11084 | steps_t:  5959 | t: 63.106647 | r:  -479.000000 | e:   0.404100 | Q:   0.097377 | won: False 
#  248 | steps: 11099 | steps_t:  5973 | t: 63.290156 | r:  -503.000000 | e:   0.402700 | Q:   0.097231 | won: False 
#  249 | steps: 11153 | steps_t:  6026 | t: 63.758903 | r:  -469.000000 | e:   0.397400 | Q:   0.097301 | won: False 
#  250 | steps: 11201 | steps_t:  6073 | t: 64.205706 | r:  -474.000000 | e:   0.392700 | Q:   0.097240 | won: False 
#  251 | steps: 11248 | steps_t:  6119 | t: 64.760223 | r:  -535.000000 | e:   0.388100 | Q:   0.097548 | won: False 
#  252 | steps: 11285 | steps_t:  6155 | t: 65.146190 | r:  -525.000000 | e:   0.384500 | Q:   0.097067 | won: False 
#  253 | steps: 11370 | steps_t:  6239 | t: 65.903167 | r:  -562.000000 | e:   0.376100 | Q:   0.097559 | won: False 
#  254 | steps: 11494 | steps_t:  6362 | t: 66.930417 | r:  -550.000000 | e:   0.363800 | Q:   0.097550 | won: False 
#  255 | steps: 11544 | steps_t:  6411 | t: 67.365253 | r:  -527.000000 | e:   0.358900 | Q:   0.097559 | won: False 
#  256 | steps: 11572 | steps_t:  6438 | t: 67.592646 | r:  -516.000000 | e:   0.356200 | Q:   0.097352 | won: False 
#  257 | steps: 11647 | steps_t:  6512 | t: 68.202015 | r:  -552.000000 | e:   0.348800 | Q:   0.097377 | won: False 
#  258 | steps: 11700 | steps_t:  6564 | t: 68.657796 | r:  -468.000000 | e:   0.343600 | Q:   0.097480 | won: False 
#  259 | steps: 11720 | steps_t:  6583 | t: 68.832328 | r:  -508.000000 | e:   0.341700 | Q:   0.097231 | won: False 
#  260 | steps: 11734 | steps_t:  6596 | t: 68.955997 | r:  -502.000000 | e:   0.340400 | Q:   0.097240 | won: False 
#  261 | steps: 11804 | steps_t:  6665 | t: 69.542431 | r:  -558.000000 | e:   0.333500 | Q:   0.097240 | won: False 
#  262 | steps: 11834 | steps_t:  6694 | t: 69.780792 | r:  -518.000000 | e:   0.330600 | Q:   0.097240 | won: False 
#  263 | steps: 11875 | steps_t:  6734 | t: 70.128862 | r:  -507.000000 | e:   0.326600 | Q:   0.097236 | won: False 
#  264 | steps: 11911 | steps_t:  6769 | t: 70.426063 | r:  -524.000000 | e:   0.323100 | Q:   0.097240 | won: False 
#  265 | steps: 11935 | steps_t:  6792 | t: 70.646474 | r:  -512.000000 | e:   0.320800 | Q:   0.097073 | won: False 
#  266 | steps: 11969 | steps_t:  6825 | t: 70.957654 | r:  -522.000000 | e:   0.317500 | Q:   0.097226 | won: False 
#  267 | steps: 12006 | steps_t:  6861 | t: 71.247865 | r:  -514.000000 | e:   0.313900 | Q:   0.097559 | won: False 
#  268 | steps: 12051 | steps_t:  6905 | t: 71.615880 | r:  -533.000000 | e:   0.309500 | Q:   0.097514 | won: False 
#  269 | steps: 12079 | steps_t:  6932 | t: 71.872194 | r:  -494.000000 | e:   0.306800 | Q:   0.097352 | won: False 
#  270 | steps: 12198 | steps_t:  7050 | t: 72.950310 | r:  -563.000000 | e:   0.295000 | Q:   0.097872 | won: False 
#  271 | steps: 12211 | steps_t:  7062 | t: 73.098912 | r:  -501.000000 | e:   0.293800 | Q:   0.097056 | won: False 
#  272 | steps: 12225 | steps_t:  7075 | t: 73.255494 | r:  -502.000000 | e:   0.292500 | Q:   0.097240 | won: False 
#  273 | steps: 12260 | steps_t:  7109 | t: 73.648444 | r:  -523.000000 | e:   0.289100 | Q:   0.097548 | won: False 
#  274 | steps: 12327 | steps_t:  7175 | t: 74.450296 | r:  -544.000000 | e:   0.282500 | Q:   0.097555 | won: False 
#  275 | steps: 12362 | steps_t:  7209 | t: 74.818312 | r:  -523.000000 | e:   0.279100 | Q:   0.097231 | won: False 
#  276 | steps: 12389 | steps_t:  7235 | t: 75.141448 | r:  -515.000000 | e:   0.276500 | Q:   0.097389 | won: False 
#  277 | steps: 12452 | steps_t:  7297 | t: 75.863522 | r:  -540.000000 | e:   0.270300 | Q:   0.097539 | won: False 
#  278 | steps: 12501 | steps_t:  7345 | t: 76.417034 | r:  -526.000000 | e:   0.265500 | Q:   0.097378 | won: False 
#  279 | steps: 12524 | steps_t:  7367 | t: 76.702271 | r:  -511.000000 | e:   0.263300 | Q:   0.097548 | won: False 
#  280 | steps: 12549 | steps_t:  7391 | t: 76.971551 | r:  -513.000000 | e:   0.260900 | Q:   0.097414 | won: False 
#  281 | steps: 12575 | steps_t:  7416 | t: 77.211907 | r:  -514.000000 | e:   0.258400 | Q:   0.097231 | won: False 
#  282 | steps: 12587 | steps_t:  7427 | t: 77.386441 | r:  -500.000000 | e:   0.257300 | Q:   0.097088 | won: False 
#  283 | steps: 12645 | steps_t:  7484 | t: 78.038701 | r:  -546.000000 | e:   0.251600 | Q:   0.097548 | won: False 
#  284 | steps: 12672 | steps_t:  7510 | t: 78.254126 | r:  -504.000000 | e:   0.249000 | Q:   0.097357 | won: False 
#  285 | steps: 12706 | steps_t:  7543 | t: 78.581243 | r:  -511.000000 | e:   0.245700 | Q:   0.097226 | won: False 
#  286 | steps: 12728 | steps_t:  7564 | t: 78.755776 | r:  -510.000000 | e:   0.243600 | Q:   0.097206 | won: False 
#  287 | steps: 12748 | steps_t:  7583 | t: 78.923329 | r:  -508.000000 | e:   0.241700 | Q:   0.096918 | won: False 
#  288 | steps: 12765 | steps_t:  7599 | t: 79.066947 | r:  -505.000000 | e:   0.240100 | Q:   0.097548 | won: False 
#  289 | steps: 12789 | steps_t:  7622 | t: 79.253445 | r:  -501.000000 | e:   0.237800 | Q:   0.097548 | won: False 
#  290 | steps: 12804 | steps_t:  7636 | t: 79.373125 | r:  -503.000000 | e:   0.236400 | Q:   0.097132 | won: False 
#  291 | steps: 12903 | steps_t:  7734 | t: 80.252774 | r:  -565.000000 | e:   0.226600 | Q:   0.097352 | won: False 
#  292 | steps: 12931 | steps_t:  7761 | t: 80.481161 | r:  -516.000000 | e:   0.223900 | Q:   0.097240 | won: False 
#  293 | steps: 12946 | steps_t:  7775 | t: 80.602834 | r:  -452.000000 | e:   0.222500 | Q:   0.096981 | won: False 
#  294 | steps: 12955 | steps_t:  7783 | t: 80.705565 | r:  -508.000000 | e:   0.221700 | Q:   0.097043 | won: False 
#  295 | steps: 13107 | steps_t:  7934 | t: 82.050961 | r:  -545.000000 | e:   0.206600 | Q:   0.097546 | won: False 
#  296 | steps: 13151 | steps_t:  7977 | t: 82.412993 | r:  -532.000000 | e:   0.202300 | Q:   0.097352 | won: False 
#  297 | steps: 13163 | steps_t:  7988 | t: 82.513722 | r:  -500.000000 | e:   0.201200 | Q:   0.097206 | won: False 
#  298 | steps: 13206 | steps_t:  8030 | t: 82.865780 | r:  -531.000000 | e:   0.197000 | Q:   0.097548 | won: False 
#  299 | steps: 13240 | steps_t:  8063 | t: 83.201893 | r:  -522.000000 | e:   0.193700 | Q:   0.097397 | won: False 
#  300 | steps: 13291 | steps_t:  8113 | t: 83.628738 | r:  -539.000000 | e:   0.188700 | Q:   0.097539 | won: False 
#  301 | steps: 13323 | steps_t:  8144 | t: 83.896023 | r:  -509.000000 | e:   0.185600 | Q:   0.097352 | won: False 
#  302 | steps: 13336 | steps_t:  8156 | t: 84.046622 | r:  -501.000000 | e:   0.184400 | Q:   0.097212 | won: False 
#  303 | steps: 13358 | steps_t:  8177 | t: 84.250076 | r:  -510.000000 | e:   0.182300 | Q:   0.097548 | won: False 
#  304 | steps: 13369 | steps_t:  8187 | t: 84.344829 | r:  -510.000000 | e:   0.181300 | Q:   0.097378 | won: False 
#  305 | steps: 13490 | steps_t:  8307 | t: 85.410977 | r:  -598.000000 | e:   0.169300 | Q:   0.097559 | won: False 
#  306 | steps: 13565 | steps_t:  8381 | t: 86.052255 | r:  -541.000000 | e:   0.161900 | Q:   0.097548 | won: False 
#  307 | steps: 13578 | steps_t:  8393 | t: 86.154979 | r:  -501.000000 | e:   0.160700 | Q:   0.097548 | won: False 
#  308 | steps: 13620 | steps_t:  8434 | t: 86.569870 | r:  -530.000000 | e:   0.156600 | Q:   0.097231 | won: False 
#  309 | steps: 13666 | steps_t:  8479 | t: 86.950850 | r:  -523.000000 | e:   0.152100 | Q:   0.097539 | won: False 
#  310 | steps: 13776 | steps_t:  8588 | t: 87.909285 | r:  -525.000000 | e:   0.141200 | Q:   0.097363 | won: False 
#  311 | steps: 13796 | steps_t:  8607 | t: 88.070853 | r:  -508.000000 | e:   0.139300 | Q:   0.097240 | won: False 
#  312 | steps: 13811 | steps_t:  8621 | t: 88.191534 | r:  -503.000000 | e:   0.137900 | Q:   0.097548 | won: False 
#  313 | steps: 13898 | steps_t:  8707 | t: 88.957480 | r:  -553.000000 | e:   0.129300 | Q:   0.097548 | won: False 
#  314 | steps: 13987 | steps_t:  8795 | t: 89.731413 | r:  -566.000000 | e:   0.120500 | Q:   0.097550 | won: False 
#  315 | steps: 14049 | steps_t:  8856 | t: 90.252017 | r:  -550.000000 | e:   0.114400 | Q:   0.097369 | won: False 
#  316 | steps: 14087 | steps_t:  8893 | t: 90.565180 | r:  -526.000000 | e:   0.110700 | Q:   0.097240 | won: False 
#  317 | steps: 14189 | steps_t:  8994 | t: 91.579465 | r:  -528.000000 | e:   0.100600 | Q:   0.097352 | won: False 
#  318 | steps: 14225 | steps_t:  9029 | t: 91.939503 | r:  -524.000000 | e:   0.100000 | Q:   0.097548 | won: False 
#  319 | steps: 14249 | steps_t:  9052 | t: 92.132986 | r:  -512.000000 | e:   0.100000 | Q:   0.097548 | won: False 
#  320 | steps: 14344 | steps_t:  9146 | t: 92.949801 | r:  -583.000000 | e:   0.100000 | Q:   0.097548 | won: False 
#  321 | steps: 14392 | steps_t:  9193 | t: 93.372668 | r:  -514.000000 | e:   0.100000 | Q:   0.097357 | won: False 
#  322 | steps: 14462 | steps_t:  9262 | t: 94.029910 | r:  -558.000000 | e:   0.100000 | Q:   0.097539 | won: False 
#  323 | steps: 14482 | steps_t:  9281 | t: 94.244339 | r:  -508.000000 | e:   0.100000 | Q:   0.097231 | won: False 
#  324 | steps: 14498 | steps_t:  9296 | t: 94.380970 | r:  -504.000000 | e:   0.100000 | Q:   0.097240 | won: False 
#  325 | steps: 14548 | steps_t:  9345 | t: 94.802841 | r:  -538.000000 | e:   0.100000 | Q:   0.097240 | won: False 
#  326 | steps: 14592 | steps_t:  9388 | t: 95.221721 | r:  -532.000000 | e:   0.100000 | Q:   0.097240 | won: False 
#  327 | steps: 14616 | steps_t:  9411 | t: 95.435153 | r:  -512.000000 | e:   0.100000 | Q:   0.097044 | won: False 
#  328 | steps: 14638 | steps_t:  9432 | t: 95.635622 | r:  -510.000000 | e:   0.100000 | Q:   0.097231 | won: False 
#  329 | steps: 14676 | steps_t:  9469 | t: 95.965729 | r:  -526.000000 | e:   0.100000 | Q:   0.097352 | won: False 
#  330 | steps: 14699 | steps_t:  9491 | t: 96.177167 | r:  -511.000000 | e:   0.100000 | Q:   0.097240 | won: False 
#  331 | steps: 14752 | steps_t:  9543 | t: 96.654886 | r:  -541.000000 | e:   0.100000 | Q:   0.097548 | won: False 
#  332 | steps: 14786 | steps_t:  9576 | t: 96.941128 | r:  -522.000000 | e:   0.100000 | Q:   0.097240 | won: False 
#  333 | steps: 14828 | steps_t:  9617 | t: 97.309138 | r:  -530.000000 | e:   0.100000 | Q:   0.097240 | won: False 
#  334 | steps: 14842 | steps_t:  9630 | t: 97.433802 | r:  -502.000000 | e:   0.100000 | Q:   0.097231 | won: False 
#  335 | steps: 14927 | steps_t:  9714 | t: 98.162851 | r:  -573.000000 | e:   0.100000 | Q:   0.097548 | won: False 
#  336 | steps: 14974 | steps_t:  9760 | t: 98.649549 | r:  -535.000000 | e:   0.100000 | Q:   0.097548 | won: False 
#  337 | steps: 15038 | steps_t:  9823 | t: 99.304800 | r:  -552.000000 | e:   0.100000 | Q:   0.097240 | won: False 
#  338 | steps: 15056 | steps_t:  9840 | t: 99.477334 | r:  -495.000000 | e:   0.100000 | Q:   0.097240 | won: False 
#  339 | steps: 15084 | steps_t:  9867 | t: 99.764566 | r:  -516.000000 | e:   0.100000 | Q:   0.097044 | won: False 
#  340 | steps: 15138 | steps_t:  9920 | t: 100.254255 | r:  -542.000000 | e:   0.100000 | Q:   0.097240 | won: False 
