#    1 | steps:    22 | steps_t:     0 | t: 0.035903 | r:  -499.000000 | e:   1.000000 | Q:        nan | won: False 
#    2 | steps:   108 | steps_t:     0 | t: 0.094748 | r:  -508.000000 | e:   1.000000 | Q:        nan | won: False 
#    3 | steps:   122 | steps_t:     0 | t: 0.108743 | r:  -491.000000 | e:   1.000000 | Q:        nan | won: False 
#    4 | steps:   186 | steps_t:     0 | t: 0.156614 | r:  -490.000000 | e:   1.000000 | Q:        nan | won: False 
#    5 | steps:   231 | steps_t:     0 | t: 0.191486 | r:  -438.000000 | e:   1.000000 | Q:        nan | won: False 
#    6 | steps:   288 | steps_t:     0 | t: 0.231382 | r:  -483.000000 | e:   1.000000 | Q:        nan | won: False 
#    7 | steps:   373 | steps_t:     0 | t: 0.304186 | r:  -489.000000 | e:   1.000000 | Q:        nan | won: False 
#    8 | steps:   384 | steps_t:     0 | t: 0.322138 | r:  -499.000000 | e:   1.000000 | Q:        nan | won: False 
#    9 | steps:   421 | steps_t:     0 | t: 0.359038 | r:  -463.000000 | e:   1.000000 | Q:        nan | won: False 
#   10 | steps:   435 | steps_t:     0 | t: 0.373001 | r:  -491.000000 | e:   1.000000 | Q:        nan | won: False 
#   11 | steps:   479 | steps_t:     0 | t: 0.414889 | r:  -470.000000 | e:   1.000000 | Q:        nan | won: False 
#   12 | steps:   564 | steps_t:     0 | t: 0.474729 | r:  -456.000000 | e:   1.000000 | Q:        nan | won: False 
#   13 | steps:   579 | steps_t:     0 | t: 0.490687 | r:  -514.000000 | e:   1.000000 | Q:        nan | won: False 
#   14 | steps:   597 | steps_t:     0 | t: 0.511631 | r:  -517.000000 | e:   1.000000 | Q:        nan | won: False 
#   15 | steps:   648 | steps_t:     0 | t: 0.554515 | r:  -517.000000 | e:   1.000000 | Q:        nan | won: False 
#   16 | steps:   693 | steps_t:     0 | t: 0.594410 | r:  -438.000000 | e:   1.000000 | Q:        nan | won: False 
#   17 | steps:   706 | steps_t:     0 | t: 0.610366 | r:  -501.000000 | e:   1.000000 | Q:        nan | won: False 
#   18 | steps:   781 | steps_t:     0 | t: 0.696137 | r:  -508.000000 | e:   1.000000 | Q:        nan | won: False 
#   19 | steps:   827 | steps_t:     0 | t: 0.744011 | r:  -472.000000 | e:   1.000000 | Q:        nan | won: False 
#   20 | steps:   850 | steps_t:     0 | t: 0.768942 | r:  -511.000000 | e:   1.000000 | Q:        nan | won: False 
#   21 | steps:   874 | steps_t:     0 | t: 0.791881 | r:  -501.000000 | e:   1.000000 | Q:        nan | won: False 
#   22 | steps:   910 | steps_t:     0 | t: 0.825789 | r:  -473.000000 | e:   1.000000 | Q:        nan | won: False 
#   23 | steps:   983 | steps_t:     0 | t: 0.884631 | r:  -550.000000 | e:   1.000000 | Q:        nan | won: False 
#   24 | steps:  1035 | steps_t:     0 | t: 0.931507 | r:  -456.000000 | e:   1.000000 | Q:        nan | won: False 
#   25 | steps:  1083 | steps_t:     0 | t: 0.968408 | r:  -452.000000 | e:   1.000000 | Q:        nan | won: False 
#   26 | steps:  1116 | steps_t:     0 | t: 0.997361 | r:  -448.000000 | e:   1.000000 | Q:        nan | won: False 
#   27 | steps:  1156 | steps_t:     0 | t: 1.047203 | r:  -473.000000 | e:   1.000000 | Q:        nan | won: False 
#   28 | steps:  1181 | steps_t:     0 | t: 1.072131 | r:  -440.000000 | e:   1.000000 | Q:        nan | won: False 
#   29 | steps:  1213 | steps_t:     0 | t: 1.108035 | r:  -436.000000 | e:   1.000000 | Q:        nan | won: False 
#   30 | steps:  1282 | steps_t:     0 | t: 1.182837 | r:  -484.000000 | e:   1.000000 | Q:        nan | won: False 
#   31 | steps:  1305 | steps_t:     0 | t: 1.214753 | r:  -511.000000 | e:   1.000000 | Q:        nan | won: False 
#   32 | steps:  1411 | steps_t:     0 | t: 1.312488 | r:   123.000000 | e:   1.000000 | Q:        nan | won: True 
#   33 | steps:  1451 | steps_t:     0 | t: 1.355373 | r:  -455.000000 | e:   1.000000 | Q:        nan | won: False 
#   34 | steps:  1491 | steps_t:     0 | t: 1.414216 | r:  -444.000000 | e:   1.000000 | Q:        nan | won: False 
#   35 | steps:  1532 | steps_t:     0 | t: 1.479050 | r:  -445.000000 | e:   1.000000 | Q:        nan | won: False 
#   36 | steps:  1580 | steps_t:     0 | t: 1.554839 | r:  -474.000000 | e:   1.000000 | Q:        nan | won: False 
#   37 | steps:  1623 | steps_t:     0 | t: 1.613683 | r:  -458.000000 | e:   1.000000 | Q:        nan | won: False 
#   38 | steps:  1639 | steps_t:     0 | t: 1.642604 | r:  -464.000000 | e:   1.000000 | Q:        nan | won: False 
#   39 | steps:  1680 | steps_t:     0 | t: 1.709426 | r:  -383.000000 | e:   1.000000 | Q:        nan | won: False 
#   40 | steps:  1712 | steps_t:     0 | t: 1.764280 | r:  -458.000000 | e:   1.000000 | Q:        nan | won: False 
#   41 | steps:  1725 | steps_t:     0 | t: 1.798197 | r:  -501.000000 | e:   1.000000 | Q:        nan | won: False 
#   42 | steps:  1876 | steps_t:     0 | t: 1.984690 | r:  -606.000000 | e:   1.000000 | Q:        nan | won: False 
#   43 | steps:  1951 | steps_t:     0 | t: 2.061485 | r:  -501.000000 | e:   1.000000 | Q:        nan | won: False 
#   44 | steps:  2022 | steps_t:     0 | t: 2.120360 | r:  -526.000000 | e:   1.000000 | Q:        nan | won: False 
#   45 | steps:  2090 | steps_t:     0 | t: 2.174182 | r:  -512.000000 | e:   1.000000 | Q:        nan | won: False 
#   46 | steps:  2101 | steps_t:     0 | t: 2.189179 | r:  -510.000000 | e:   1.000000 | Q:        nan | won: False 
#   47 | steps:  2165 | steps_t:     0 | t: 2.244029 | r:  -435.000000 | e:   1.000000 | Q:        nan | won: False 
#   48 | steps:  2177 | steps_t:     0 | t: 2.257988 | r:  -500.000000 | e:   1.000000 | Q:        nan | won: False 
#   49 | steps:  2220 | steps_t:     0 | t: 2.293899 | r:  -469.000000 | e:   1.000000 | Q:        nan | won: False 
#   50 | steps:  2261 | steps_t:     0 | t: 2.324816 | r:  -478.000000 | e:   1.000000 | Q:        nan | won: False 
#   51 | steps:  2279 | steps_t:     0 | t: 2.342769 | r:  -495.000000 | e:   1.000000 | Q:        nan | won: False 
#   52 | steps:  2291 | steps_t:     0 | t: 2.356697 | r:  -500.000000 | e:   1.000000 | Q:        nan | won: False 
#   53 | steps:  2307 | steps_t:     0 | t: 2.372653 | r:  -504.000000 | e:   1.000000 | Q:        nan | won: False 
#   54 | steps:  2339 | steps_t:     0 | t: 2.401576 | r:  -447.000000 | e:   1.000000 | Q:        nan | won: False 
#   55 | steps:  2362 | steps_t:     0 | t: 2.424515 | r:  -511.000000 | e:   1.000000 | Q:        nan | won: False 
#   56 | steps:  2368 | steps_t:     0 | t: 2.435517 | r:  -505.000000 | e:   1.000000 | Q:        nan | won: False 
#   57 | steps:  2408 | steps_t:     0 | t: 2.476374 | r:  -433.000000 | e:   1.000000 | Q:        nan | won: False 
#   58 | steps:  2444 | steps_t:     0 | t: 2.525281 | r:  -524.000000 | e:   1.000000 | Q:        nan | won: False 
#   59 | steps:  2457 | steps_t:     0 | t: 2.544194 | r:  -512.000000 | e:   1.000000 | Q:        nan | won: False 
#   60 | steps:  2539 | steps_t:     0 | t: 2.678833 | r:  -508.000000 | e:   1.000000 | Q:        nan | won: False 
#   61 | steps:  2558 | steps_t:     0 | t: 2.708753 | r:  -456.000000 | e:   1.000000 | Q:        nan | won: False 
#   62 | steps:  2574 | steps_t:     0 | t: 2.735681 | r:  -453.000000 | e:   1.000000 | Q:        nan | won: False 
#   63 | steps:  2627 | steps_t:     0 | t: 2.776571 | r:  -479.000000 | e:   1.000000 | Q:        nan | won: False 
#   64 | steps:  2639 | steps_t:     0 | t: 2.791531 | r:  -511.000000 | e:   1.000000 | Q:        nan | won: False 
#   65 | steps:  2688 | steps_t:     0 | t: 2.925174 | r:  -431.000000 | e:   1.000000 | Q:        nan | won: False 
#   66 | steps:  2737 | steps_t:     0 | t: 2.966096 | r:  -493.000000 | e:   1.000000 | Q:        nan | won: False 
#   67 | steps:  2751 | steps_t:     0 | t: 2.984018 | r:  -513.000000 | e:   1.000000 | Q:        nan | won: False 
#   68 | steps:  2801 | steps_t:     0 | t: 3.031887 | r:  -476.000000 | e:   1.000000 | Q:        nan | won: False 
#   69 | steps:  2832 | steps_t:     0 | t: 3.075771 | r:  -497.000000 | e:   1.000000 | Q:        nan | won: False 
#   70 | steps:  2897 | steps_t:     0 | t: 3.145583 | r:  -542.000000 | e:   1.000000 | Q:        nan | won: False 
#   71 | steps:  2929 | steps_t:     0 | t: 3.178498 | r:  -425.000000 | e:   1.000000 | Q:        nan | won: False 
#   72 | steps:  2968 | steps_t:     0 | t: 3.219386 | r:  -443.000000 | e:   1.000000 | Q:        nan | won: False 
#   73 | steps:  3000 | steps_t:     0 | t: 3.247312 | r:  -458.000000 | e:   1.000000 | Q:        nan | won: False 
#   74 | steps:  3039 | steps_t:     0 | t: 3.278230 | r:  -476.000000 | e:   1.000000 | Q:        nan | won: False 
#   75 | steps:  3067 | steps_t:     0 | t: 3.303163 | r:  -443.000000 | e:   1.000000 | Q:        nan | won: False 
#   76 | steps:  3117 | steps_t:     0 | t: 3.343057 | r:  -476.000000 | e:   1.000000 | Q:        nan | won: False 
#   77 | steps:  3175 | steps_t:     0 | t: 3.386969 | r:  -451.000000 | e:   1.000000 | Q:        nan | won: False 
#   78 | steps:  3229 | steps_t:     0 | t: 3.430822 | r:  -469.000000 | e:   1.000000 | Q:        nan | won: False 
#   79 | steps:  3255 | steps_t:     0 | t: 3.454787 | r:  -408.000000 | e:   1.000000 | Q:        nan | won: False 
#   80 | steps:  3289 | steps_t:     0 | t: 3.481684 | r:  -471.000000 | e:   1.000000 | Q:        nan | won: False 
#   81 | steps:  3345 | steps_t:     0 | t: 3.523575 | r:  -493.000000 | e:   1.000000 | Q:        nan | won: False 
#   82 | steps:  3428 | steps_t:     0 | t: 3.583455 | r:  -454.000000 | e:   1.000000 | Q:        nan | won: False 
#   83 | steps:  3497 | steps_t:     0 | t: 3.635307 | r:  -495.000000 | e:   1.000000 | Q:        nan | won: False 
#   84 | steps:  3527 | steps_t:     0 | t: 3.667221 | r:  -507.000000 | e:   1.000000 | Q:        nan | won: False 
#   85 | steps:  3618 | steps_t:     0 | t: 3.761936 | r:  -462.000000 | e:   1.000000 | Q:        nan | won: False 
#   86 | steps:  3676 | steps_t:     0 | t: 3.813795 | r:  -473.000000 | e:   1.000000 | Q:        nan | won: False 
#   87 | steps:  3740 | steps_t:     0 | t: 3.860671 | r:  -552.000000 | e:   1.000000 | Q:        nan | won: False 
#   88 | steps:  3764 | steps_t:     0 | t: 3.881646 | r:  -461.000000 | e:   1.000000 | Q:        nan | won: False 
#   89 | steps:  3775 | steps_t:     0 | t: 3.893583 | r:  -510.000000 | e:   1.000000 | Q:        nan | won: False 
#   90 | steps:  3861 | steps_t:     0 | t: 3.986334 | r:  -541.000000 | e:   1.000000 | Q:        nan | won: False 
#   91 | steps:  3872 | steps_t:     0 | t: 4.001295 | r:  -488.000000 | e:   1.000000 | Q:        nan | won: False 
#   92 | steps:  3914 | steps_t:     0 | t: 4.036200 | r:  -457.000000 | e:   1.000000 | Q:        nan | won: False 
#   93 | steps:  3975 | steps_t:     0 | t: 4.089090 | r:  -505.000000 | e:   1.000000 | Q:        nan | won: False 
#   94 | steps:  4061 | steps_t:     0 | t: 4.152921 | r:  -530.000000 | e:   1.000000 | Q:        nan | won: False 
#   95 | steps:  4069 | steps_t:     0 | t: 4.167885 | r:  -507.000000 | e:   1.000000 | Q:        nan | won: False 
#   96 | steps:  4153 | steps_t:     0 | t: 4.247647 | r:  -499.000000 | e:   1.000000 | Q:        nan | won: False 
#   97 | steps:  4169 | steps_t:     0 | t: 4.269578 | r:  -515.000000 | e:   1.000000 | Q:        nan | won: False 
#   98 | steps:  4199 | steps_t:     0 | t: 4.301524 | r:  -518.000000 | e:   1.000000 | Q:        nan | won: False 
#   99 | steps:  4312 | steps_t:     0 | t: 4.392249 | r:  -568.000000 | e:   1.000000 | Q:        nan | won: False 
#  100 | steps:  4379 | steps_t:     0 | t: 4.441151 | r:  -460.000000 | e:   1.000000 | Q:        nan | won: False 
#  101 | steps:  4386 | steps_t:     0 | t: 4.451092 | r:  -506.000000 | e:   1.000000 | Q:        nan | won: False 
#  102 | steps:  4460 | steps_t:     0 | t: 4.500956 | r:  -456.000000 | e:   1.000000 | Q:        nan | won: False 
#  103 | steps:  4483 | steps_t:     0 | t: 4.521900 | r:  -460.000000 | e:   1.000000 | Q:        nan | won: False 
#  104 | steps:  4496 | steps_t:     0 | t: 4.537859 | r:  -501.000000 | e:   1.000000 | Q:        nan | won: False 
#  105 | steps:  4522 | steps_t:     0 | t: 4.559799 | r:  -492.000000 | e:   1.000000 | Q:        nan | won: False 
#  106 | steps:  4620 | steps_t:     0 | t: 4.625659 | r:  -491.000000 | e:   1.000000 | Q:        nan | won: False 
#  107 | steps:  4631 | steps_t:     0 | t: 4.638623 | r:  -510.000000 | e:   1.000000 | Q:        nan | won: False 
#  108 | steps:  4725 | steps_t:     0 | t: 4.700422 | r:  -465.000000 | e:   1.000000 | Q:        nan | won: False 
#  109 | steps:  4772 | steps_t:     0 | t: 4.735331 | r:  -400.000000 | e:   1.000000 | Q:        nan | won: False 
#  110 | steps:  4818 | steps_t:     0 | t: 4.769271 | r:  -399.000000 | e:   1.000000 | Q:        nan | won: False 
#  111 | steps:  4827 | steps_t:     0 | t: 4.780212 | r:  -446.000000 | e:   1.000000 | Q:        nan | won: False 
#  112 | steps:  4840 | steps_t:     0 | t: 4.794175 | r:  -490.000000 | e:   1.000000 | Q:        nan | won: False 
#  113 | steps:  4924 | steps_t:     0 | t: 4.878947 | r:  -528.000000 | e:   1.000000 | Q:        nan | won: False 
#  114 | steps:  4938 | steps_t:     0 | t: 4.898921 | r:  -462.000000 | e:   1.000000 | Q:        nan | won: False 
#  115 | steps:  5000 | steps_t:     0 | t: 4.940782 | r:  -466.000000 | e:   1.000000 | Q:        nan | won: False 
#  116 | steps:  5028 | steps_t:     0 | t: 5.432464 | r:  -483.000000 | e:   1.000000 | Q:        nan | won: False 
#  117 | steps:  5105 | steps_t:     0 | t: 6.122619 | r:  -503.000000 | e:   1.000000 | Q:        nan | won: False 
#  118 | steps:  5165 | steps_t:     0 | t: 6.694088 | r:  -497.000000 | e:   1.000000 | Q:        nan | won: False 
#  119 | steps:  5173 | steps_t:     0 | t: 6.754925 | r:  -507.000000 | e:   1.000000 | Q:        nan | won: False 
#  120 | steps:  5182 | steps_t:     0 | t: 6.821748 | r:  -508.000000 | e:   1.000000 | Q:        nan | won: False 
#  121 | steps:  5217 | steps_t:     0 | t: 7.194752 | r:  -450.000000 | e:   1.000000 | Q:        nan | won: False 
#  122 | steps:  5280 | steps_t:     0 | t: 7.797138 | r:  -507.000000 | e:   1.000000 | Q:        nan | won: False 
#  123 | steps:  5327 | steps_t:     0 | t: 8.313756 | r:  -440.000000 | e:   1.000000 | Q:        nan | won: False 
#  124 | steps:  5338 | steps_t:     0 | t: 8.436428 | r:  -510.000000 | e:   1.000000 | Q:        nan | won: False 
#  125 | steps:  5369 | steps_t:     0 | t: 8.715680 | r:  -435.000000 | e:   1.000000 | Q:        nan | won: False 
#  126 | steps:  5427 | steps_t:     0 | t: 9.220330 | r:  -473.000000 | e:   1.000000 | Q:        nan | won: False 
#  127 | steps:  5505 | steps_t:     0 | t: 10.013210 | r:  -500.000000 | e:   1.000000 | Q:        nan | won: False 
#  128 | steps:  5526 | steps_t:     0 | t: 10.274508 | r:  -436.000000 | e:   1.000000 | Q:        nan | won: False 
#  129 | steps:  5594 | steps_t:     0 | t: 11.070380 | r:  -545.000000 | e:   1.000000 | Q:        nan | won: False 
#  130 | steps:  5663 | steps_t:     0 | t: 11.801423 | r:  -429.000000 | e:   1.000000 | Q:        nan | won: False 
#  131 | steps:  5688 | steps_t:     0 | t: 12.083669 | r:  -462.000000 | e:   1.000000 | Q:        nan | won: False 
#  132 | steps:  5721 | steps_t:     0 | t: 12.462654 | r:  -499.000000 | e:   1.000000 | Q:        nan | won: False 
#  133 | steps:  5761 | steps_t:     0 | t: 13.010190 | r:  -455.000000 | e:   1.000000 | Q:        nan | won: False 
#  134 | steps:  5830 | steps_t:     0 | t: 13.823014 | r:  -546.000000 | e:   1.000000 | Q:        nan | won: False 
#  135 | steps:  5900 | steps_t:     0 | t: 14.617892 | r:  -496.000000 | e:   1.000000 | Q:        nan | won: False 
#  136 | steps:  5968 | steps_t:     0 | t: 15.371871 | r:  -483.000000 | e:   1.000000 | Q:        nan | won: False 
#  137 | steps:  5986 | steps_t:     0 | t: 15.535438 | r:  -484.000000 | e:   1.000000 | Q:        nan | won: False 
#  138 | steps:  5996 | steps_t:     0 | t: 15.621204 | r:  -498.000000 | e:   1.000000 | Q:        nan | won: False 
#  139 | steps:  6006 | steps_t:     0 | t: 15.744875 | r:  -509.000000 | e:   1.000000 | Q:        nan | won: False 
#  140 | steps:  6019 | steps_t:     0 | t: 15.867548 | r:  -501.000000 | e:   1.000000 | Q:        nan | won: False 
#  141 | steps:  6056 | steps_t:     0 | t: 16.342274 | r:  -463.000000 | e:   1.000000 | Q:        nan | won: False 
#  142 | steps:  6075 | steps_t:     0 | t: 16.502850 | r:  -485.000000 | e:   1.000000 | Q:        nan | won: False 
#  143 | steps:  6086 | steps_t:     0 | t: 16.604573 | r:  -466.000000 | e:   1.000000 | Q:        nan | won: False 
#  144 | steps:  6099 | steps_t:     0 | t: 16.742207 | r:  -377.000000 | e:   1.000000 | Q:        nan | won: False 
#  145 | steps:  6167 | steps_t:     0 | t: 17.415402 | r:  -483.000000 | e:   1.000000 | Q:        nan | won: False 
#  146 | steps:  6188 | steps_t:     0 | t: 17.580961 | r:  -487.000000 | e:   1.000000 | Q:        nan | won: False 
#  147 | steps:  6202 | steps_t:     0 | t: 17.697648 | r:  -502.000000 | e:   1.000000 | Q:        nan | won: False 
#  148 | steps:  6227 | steps_t:     0 | t: 17.890132 | r:  -451.000000 | e:   1.000000 | Q:        nan | won: False 
#  149 | steps:  6251 | steps_t:     0 | t: 18.079626 | r:  -461.000000 | e:   1.000000 | Q:        nan | won: False 
#  150 | steps:  6283 | steps_t:     0 | t: 18.372845 | r:  -520.000000 | e:   1.000000 | Q:        nan | won: False 
#  151 | steps:  6304 | steps_t:     0 | t: 18.569316 | r:  -520.000000 | e:   1.000000 | Q:        nan | won: False 
#  152 | steps:  6367 | steps_t:     0 | t: 19.065986 | r:  -478.000000 | e:   1.000000 | Q:        nan | won: False 
#  153 | steps:  6393 | steps_t:     0 | t: 19.283406 | r:  -441.000000 | e:   1.000000 | Q:        nan | won: False 
#  154 | steps:  6414 | steps_t:     0 | t: 19.497831 | r:  -509.000000 | e:   1.000000 | Q:        nan | won: False 
#  155 | steps:  6457 | steps_t:     0 | t: 19.865846 | r:  -469.000000 | e:   1.000000 | Q:        nan | won: False 
#  156 | steps:  6480 | steps_t:     0 | t: 20.052350 | r:  -449.000000 | e:   1.000000 | Q:        nan | won: False 
#  157 | steps:  6500 | steps_t:     0 | t: 20.222895 | r:  -519.000000 | e:   1.000000 | Q:        nan | won: False 
#  158 | steps:  6603 | steps_t:     0 | t: 21.291034 | r:  -547.000000 | e:   1.000000 | Q:        nan | won: False 
#  159 | steps:  6614 | steps_t:     0 | t: 21.397750 | r:  -499.000000 | e:   1.000000 | Q:        nan | won: False 
#  160 | steps:  6633 | steps_t:     0 | t: 21.599211 | r:  -518.000000 | e:   1.000000 | Q:        nan | won: False 
#  161 | steps:  6708 | steps_t:     0 | t: 22.324272 | r:  -552.000000 | e:   1.000000 | Q:        nan | won: False 
#  162 | steps:  6725 | steps_t:     0 | t: 22.457911 | r:  -454.000000 | e:   1.000000 | Q:        nan | won: False 
#  163 | steps:  6745 | steps_t:     0 | t: 22.619479 | r:  -508.000000 | e:   1.000000 | Q:        nan | won: False 
#  164 | steps:  6757 | steps_t:     0 | t: 22.745143 | r:  -511.000000 | e:   1.000000 | Q:        nan | won: False 
#  165 | steps:  6769 | steps_t:     0 | t: 22.841884 | r:  -500.000000 | e:   1.000000 | Q:        nan | won: False 
#  166 | steps:  6818 | steps_t:     0 | t: 23.260763 | r:  -475.000000 | e:   1.000000 | Q:        nan | won: False 
#  167 | steps:  6881 | steps_t:     0 | t: 23.762420 | r:  -507.000000 | e:   1.000000 | Q:        nan | won: False 
#  168 | steps:  6912 | steps_t:     0 | t: 24.093542 | r:  -519.000000 | e:   1.000000 | Q:        nan | won: False 
#  169 | steps:  6933 | steps_t:     0 | t: 24.260089 | r:  -476.000000 | e:   1.000000 | Q:        nan | won: False 
#  170 | steps:  6946 | steps_t:     0 | t: 24.369796 | r:  -512.000000 | e:   1.000000 | Q:        nan | won: False 
#  171 | steps:  6998 | steps_t:     0 | t: 24.769726 | r:  -434.000000 | e:   1.000000 | Q:        nan | won: False 
#  172 | steps:  7015 | steps_t:     0 | t: 24.944258 | r:  -443.000000 | e:   1.000000 | Q:        nan | won: False 
#  173 | steps:  7085 | steps_t:     0 | t: 25.535676 | r:  -485.000000 | e:   1.000000 | Q:        nan | won: False 
#  174 | steps:  7114 | steps_t:     0 | t: 25.764065 | r:  -517.000000 | e:   1.000000 | Q:        nan | won: False 
#  175 | steps:  7136 | steps_t:     0 | t: 25.938600 | r:  -426.000000 | e:   1.000000 | Q:        nan | won: False 
#  176 | steps:  7193 | steps_t:     0 | t: 26.479151 | r:  -534.000000 | e:   1.000000 | Q:        nan | won: False 
#  177 | steps:  7234 | steps_t:     0 | t: 26.810266 | r:  -445.000000 | e:   1.000000 | Q:        nan | won: False 
#  178 | steps:  7279 | steps_t:     0 | t: 27.205211 | r:  -387.000000 | e:   1.000000 | Q:        nan | won: False 
#  179 | steps:  7300 | steps_t:     0 | t: 27.393705 | r:  -498.000000 | e:   1.000000 | Q:        nan | won: False 
#  180 | steps:  7318 | steps_t:     0 | t: 27.551286 | r:  -506.000000 | e:   1.000000 | Q:        nan | won: False 
#  181 | steps:  7368 | steps_t:     0 | t: 27.951214 | r:  -432.000000 | e:   1.000000 | Q:        nan | won: False 
#  182 | steps:  7415 | steps_t:     0 | t: 28.369095 | r:  -473.000000 | e:   1.000000 | Q:        nan | won: False 
#  183 | steps:  7440 | steps_t:     0 | t: 28.608455 | r:  -389.000000 | e:   1.000000 | Q:        nan | won: False 
#  184 | steps:  7486 | steps_t:     0 | t: 28.988438 | r:  -472.000000 | e:   1.000000 | Q:        nan | won: False 
#  185 | steps:  7540 | steps_t:     0 | t: 29.468154 | r:  -520.000000 | e:   1.000000 | Q:        nan | won: False 
#  186 | steps:  7577 | steps_t:     0 | t: 29.801263 | r:  -430.000000 | e:   1.000000 | Q:        nan | won: False 
#  187 | steps:  7588 | steps_t:     0 | t: 29.889029 | r:  -499.000000 | e:   1.000000 | Q:        nan | won: False 
#  188 | steps:  7602 | steps_t:     0 | t: 30.002725 | r:  -502.000000 | e:   1.000000 | Q:        nan | won: False 
#  189 | steps:  7644 | steps_t:     0 | t: 30.341817 | r:  -468.000000 | e:   1.000000 | Q:        nan | won: False 
#  190 | steps:  7662 | steps_t:     0 | t: 30.502389 | r:  -506.000000 | e:   1.000000 | Q:        nan | won: False 
#  191 | steps:  7727 | steps_t:     0 | t: 31.096797 | r:  -542.000000 | e:   1.000000 | Q:        nan | won: False 
#  192 | steps:  7751 | steps_t:     0 | t: 31.286291 | r:  -501.000000 | e:   1.000000 | Q:        nan | won: False 
#  193 | steps:  7767 | steps_t:     0 | t: 31.416940 | r:  -504.000000 | e:   1.000000 | Q:        nan | won: False 
#  194 | steps:  7801 | steps_t:     0 | t: 31.731100 | r:  -471.000000 | e:   1.000000 | Q:        nan | won: False 
#  195 | steps:  7878 | steps_t:     0 | t: 32.442198 | r:  -554.000000 | e:   1.000000 | Q:        nan | won: False 
#  196 | steps:  7910 | steps_t:     0 | t: 32.761358 | r:  -531.000000 | e:   1.000000 | Q:        nan | won: False 
#  197 | steps:  7969 | steps_t:     0 | t: 33.351763 | r:  -463.000000 | e:   1.000000 | Q:        nan | won: False 
#  198 | steps:  8044 | steps_t:     0 | t: 34.246370 | r:  -541.000000 | e:   1.000000 | Q:        nan | won: False 
#  199 | steps:  8051 | steps_t:     0 | t: 34.304217 | r:  -506.000000 | e:   1.000000 | Q:        nan | won: False 
#  200 | steps:  8087 | steps_t:     0 | t: 34.619374 | r:  -451.000000 | e:   1.000000 | Q:        nan | won: False 
#  201 | steps:  8120 | steps_t:     0 | t: 34.974425 | r:  -521.000000 | e:   1.000000 | Q:        nan | won: False 
#  202 | steps:  8138 | steps_t:     0 | t: 35.146962 | r:  -517.000000 | e:   1.000000 | Q:        nan | won: False 
#  203 | steps:  8187 | steps_t:     0 | t: 35.663578 | r:  -453.000000 | e:   1.000000 | Q:        nan | won: False 
#  204 | steps:  8244 | steps_t:     0 | t: 36.214105 | r:  -439.000000 | e:   1.000000 | Q:        nan | won: False 
#  205 | steps:  8328 | steps_t:     0 | t: 37.128659 | r:  -488.000000 | e:   1.000000 | Q:        nan | won: False 
#  206 | steps:  8402 | steps_t:     0 | t: 37.842749 | r:  -489.000000 | e:   1.000000 | Q:        nan | won: False 
#  207 | steps:  8427 | steps_t:     0 | t: 38.162892 | r:  -407.000000 | e:   1.000000 | Q:        nan | won: False 
#  208 | steps:  8462 | steps_t:     0 | t: 38.484031 | r:  -457.000000 | e:   1.000000 | Q:        nan | won: False 
#  209 | steps:  8525 | steps_t:     0 | t: 39.073457 | r:  -489.000000 | e:   1.000000 | Q:        nan | won: False 
#  210 | steps:  8627 | steps_t:     0 | t: 40.171518 | r:  -535.000000 | e:   1.000000 | Q:        nan | won: False 
#  211 | steps:  8701 | steps_t:     0 | t: 40.895580 | r:  -551.000000 | e:   1.000000 | Q:        nan | won: False 
#  212 | steps:  8763 | steps_t:     0 | t: 41.509935 | r:  -466.000000 | e:   1.000000 | Q:        nan | won: False 
#  213 | steps:  8825 | steps_t:     0 | t: 42.020570 | r:  -517.000000 | e:   1.000000 | Q:        nan | won: False 
#  214 | steps:  8876 | steps_t:     0 | t: 42.678810 | r:  -506.000000 | e:   1.000000 | Q:        nan | won: False 
#  215 | steps:  8942 | steps_t:     0 | t: 43.287181 | r:  -543.000000 | e:   1.000000 | Q:        nan | won: False 
#  216 | steps:  8961 | steps_t:     0 | t: 43.472686 | r:  -507.000000 | e:   1.000000 | Q:        nan | won: False 
#  217 | steps:  8976 | steps_t:     0 | t: 43.613308 | r:  -463.000000 | e:   1.000000 | Q:        nan | won: False 
#  218 | steps:  9056 | steps_t:     0 | t: 44.617653 | r:  -473.000000 | e:   1.000000 | Q:        nan | won: False 
#  219 | steps:  9101 | steps_t:     0 | t: 45.008578 | r:  -438.000000 | e:   1.000000 | Q:        nan | won: False 
#  220 | steps:  9107 | steps_t:     0 | t: 45.059439 | r:  -505.000000 | e:   1.000000 | Q:        nan | won: False 
#  221 | steps:  9166 | steps_t:     0 | t: 45.567081 | r:  -485.000000 | e:   1.000000 | Q:        nan | won: False 
#  222 | steps:  9274 | steps_t:     0 | t: 46.881564 | r:  -585.000000 | e:   1.000000 | Q:        nan | won: False 
#  223 | steps:  9289 | steps_t:     0 | t: 47.095990 | r:  -481.000000 | e:   1.000000 | Q:        nan | won: False 
#  224 | steps:  9327 | steps_t:     0 | t: 48.691721 | r:  -380.000000 | e:   1.000000 | Q:        nan | won: False 
#  225 | steps:  9352 | steps_t:     0 | t: 49.579348 | r:  -462.000000 | e:   1.000000 | Q:        nan | won: False 
#  226 | steps:  9422 | steps_t:     0 | t: 50.728271 | r:  -536.000000 | e:   1.000000 | Q:        nan | won: False 
#  227 | steps:  9462 | steps_t:     0 | t: 51.121220 | r:  -495.000000 | e:   1.000000 | Q:        nan | won: False 
#  228 | steps:  9487 | steps_t:     0 | t: 51.401470 | r:  -451.000000 | e:   1.000000 | Q:        nan | won: False 
#  229 | steps:  9554 | steps_t:     0 | t: 52.207313 | r:  -493.000000 | e:   1.000000 | Q:        nan | won: False 
#  230 | steps:  9566 | steps_t:     0 | t: 52.347939 | r:  -500.000000 | e:   1.000000 | Q:        nan | won: False 
#  231 | steps:  9598 | steps_t:     0 | t: 52.737895 | r:  -458.000000 | e:   1.000000 | Q:        nan | won: False 
#  232 | steps:  9628 | steps_t:     0 | t: 53.044076 | r:  -456.000000 | e:   1.000000 | Q:        nan | won: False 
#  233 | steps:  9745 | steps_t:     0 | t: 54.229902 | r:  -488.000000 | e:   1.000000 | Q:        nan | won: False 
#  234 | steps:  9785 | steps_t:     0 | t: 54.600911 | r:  -466.000000 | e:   1.000000 | Q:        nan | won: False 
#  235 | steps:  9824 | steps_t:     0 | t: 54.998844 | r:  -483.000000 | e:   1.000000 | Q:        nan | won: False 
#  236 | steps:  9848 | steps_t:     0 | t: 55.209283 | r:  -479.000000 | e:   1.000000 | Q:        nan | won: False 
#  237 | steps:  9957 | steps_t:     0 | t: 56.220575 | r:   120.000000 | e:   1.000000 | Q:        nan | won: True 
#  238 | steps:  9982 | steps_t:     0 | t: 56.417051 | r:  -422.000000 | e:   1.000000 | Q:        nan | won: False 
#  239 | steps:  9993 | steps_t:     0 | t: 56.563658 | r:  -510.000000 | e:   1.000000 | Q:        nan | won: False 
#  240 | steps: 10008 | steps_t:     0 | t: 56.684336 | r:  -492.000000 | e:   1.000000 | Q:        nan | won: False 
#  241 | steps: 10150 | steps_t:     0 | t: 58.370822 | r:  -564.000000 | e:   1.000000 | Q:        nan | won: False 
#  242 | steps: 10162 | steps_t:     0 | t: 58.483522 | r:  -511.000000 | e:   1.000000 | Q:        nan | won: False 
#  243 | steps: 10226 | steps_t:     0 | t: 59.152731 | r:  -457.000000 | e:   1.000000 | Q:        nan | won: False 
#  244 | steps: 10298 | steps_t:     0 | t: 60.033375 | r:  -483.000000 | e:   1.000000 | Q:        nan | won: False 
#  245 | steps: 10335 | steps_t:     0 | t: 60.498132 | r:  -525.000000 | e:   1.000000 | Q:        nan | won: False 
#  246 | steps: 10365 | steps_t:     0 | t: 60.780376 | r:  -423.000000 | e:   1.000000 | Q:        nan | won: False 
#  247 | steps: 10402 | steps_t:     0 | t: 61.248125 | r:  -441.000000 | e:   1.000000 | Q:        nan | won: False 
#  248 | steps: 10440 | steps_t:     0 | t: 61.670994 | r:  -453.000000 | e:   1.000000 | Q:        nan | won: False 
#  249 | steps: 10477 | steps_t:     0 | t: 62.023051 | r:  -474.000000 | e:   1.000000 | Q:        nan | won: False 
#  250 | steps: 10487 | steps_t:     0 | t: 62.112812 | r:  -498.000000 | e:   1.000000 | Q:        nan | won: False 
#  251 | steps: 10505 | steps_t:     0 | t: 62.263409 | r:  -517.000000 | e:   1.000000 | Q:        nan | won: False 
#  252 | steps: 10533 | steps_t:     0 | t: 62.505759 | r:  -516.000000 | e:   1.000000 | Q:        nan | won: False 
#  253 | steps: 10544 | steps_t:     0 | t: 62.679296 | r:  -510.000000 | e:   1.000000 | Q:        nan | won: False 
#  254 | steps: 10574 | steps_t:     0 | t: 62.934612 | r:  -467.000000 | e:   1.000000 | Q:        nan | won: False 
#  255 | steps: 10623 | steps_t:     0 | t: 63.477161 | r:  -486.000000 | e:   1.000000 | Q:        nan | won: False 
#  256 | steps: 10666 | steps_t:     0 | t: 63.997767 | r:  -407.000000 | e:   1.000000 | Q:        nan | won: False 
#  257 | steps: 10682 | steps_t:     0 | t: 64.164322 | r:  -504.000000 | e:   1.000000 | Q:        nan | won: False 
#  258 | steps: 10754 | steps_t:     0 | t: 64.851484 | r:  -516.000000 | e:   1.000000 | Q:        nan | won: False 
#  259 | steps: 10792 | steps_t:     0 | t: 65.251415 | r:  -526.000000 | e:   1.000000 | Q:        nan | won: False 
#  260 | steps: 10816 | steps_t:     0 | t: 65.489775 | r:  -450.000000 | e:   1.000000 | Q:        nan | won: False 
#  261 | steps: 10825 | steps_t:     0 | t: 65.564576 | r:  -486.000000 | e:   1.000000 | Q:        nan | won: False 
#  262 | steps: 10876 | steps_t:     0 | t: 66.101140 | r:  -433.000000 | e:   1.000000 | Q:        nan | won: False 
#  263 | steps: 10893 | steps_t:     0 | t: 66.241765 | r:  -516.000000 | e:   1.000000 | Q:        nan | won: False 
#  264 | steps: 10912 | steps_t:     0 | t: 66.399342 | r:  -456.000000 | e:   1.000000 | Q:        nan | won: False 
#  265 | steps: 10937 | steps_t:     0 | t: 66.594820 | r:  -513.000000 | e:   1.000000 | Q:        nan | won: False 
#  266 | steps: 11034 | steps_t:     0 | t: 67.469479 | r:  -490.000000 | e:   1.000000 | Q:        nan | won: False 
#  267 | steps: 11128 | steps_t:     0 | t: 68.459828 | r:  -516.000000 | e:   1.000000 | Q:        nan | won: False 
#  268 | steps: 11251 | steps_t:     0 | t: 69.571855 | r:  -589.000000 | e:   1.000000 | Q:        nan | won: False 
#  269 | steps: 11308 | steps_t:     0 | t: 70.746713 | r:  -483.000000 | e:   1.000000 | Q:        nan | won: False 
#  270 | steps: 11371 | steps_t:     0 | t: 73.059524 | r:  -496.000000 | e:   1.000000 | Q:        nan | won: False 
#  271 | steps: 11376 | steps_t:     0 | t: 73.192167 | r:  -504.000000 | e:   1.000000 | Q:        nan | won: False 
#  272 | steps: 11389 | steps_t:     0 | t: 73.351740 | r:  -512.000000 | e:   1.000000 | Q:        nan | won: False 
#  273 | steps: 11424 | steps_t:     0 | t: 73.719756 | r:  -450.000000 | e:   1.000000 | Q:        nan | won: False 
#  274 | steps: 11458 | steps_t:     0 | t: 74.195484 | r:  -471.000000 | e:   1.000000 | Q:        nan | won: False 
#  275 | steps: 11515 | steps_t:     0 | t: 74.784908 | r:  -501.000000 | e:   1.000000 | Q:        nan | won: False 
#  276 | steps: 11565 | steps_t:     0 | t: 75.250663 | r:  -494.000000 | e:   1.000000 | Q:        nan | won: False 
#  277 | steps: 11633 | steps_t:     0 | t: 76.155241 | r:  -450.000000 | e:   1.000000 | Q:        nan | won: False 
#  278 | steps: 11696 | steps_t:     0 | t: 76.847388 | r:  -467.000000 | e:   1.000000 | Q:        nan | won: False 
#  279 | steps: 11729 | steps_t:     0 | t: 77.193461 | r:  -448.000000 | e:   1.000000 | Q:        nan | won: False 
#  280 | steps: 11742 | steps_t:     0 | t: 77.296186 | r:  -501.000000 | e:   1.000000 | Q:        nan | won: False 
#  281 | steps: 11815 | steps_t:     0 | t: 78.355354 | r:  -499.000000 | e:   1.000000 | Q:        nan | won: False 
#  282 | steps: 11898 | steps_t:     0 | t: 79.523227 | r:  -509.000000 | e:   1.000000 | Q:        nan | won: False 
#  283 | steps: 11919 | steps_t:     0 | t: 79.780541 | r:  -447.000000 | e:   1.000000 | Q:        nan | won: False 
#  284 | steps: 11938 | steps_t:     0 | t: 79.995969 | r:  -507.000000 | e:   1.000000 | Q:        nan | won: False 
#  285 | steps: 11965 | steps_t:     0 | t: 80.266239 | r:  -504.000000 | e:   1.000000 | Q:        nan | won: False 
#  286 | steps: 12000 | steps_t:     0 | t: 80.708057 | r:  -523.000000 | e:   1.000000 | Q:        nan | won: False 
#  287 | steps: 12016 | steps_t:     0 | t: 80.914506 | r:  -482.000000 | e:   1.000000 | Q:        nan | won: False 
#  288 | steps: 12038 | steps_t:     0 | t: 81.211712 | r:  -510.000000 | e:   1.000000 | Q:        nan | won: False 
#  289 | steps: 12082 | steps_t:     0 | t: 81.667491 | r:  -459.000000 | e:   1.000000 | Q:        nan | won: False 
#  290 | steps: 12134 | steps_t:     0 | t: 82.244946 | r:  -467.000000 | e:   1.000000 | Q:        nan | won: False 
#  291 | steps: 12213 | steps_t:     0 | t: 82.950058 | r:  -523.000000 | e:   1.000000 | Q:        nan | won: False 
#  292 | steps: 12296 | steps_t:     0 | t: 85.035479 | r:   146.000000 | e:   1.000000 | Q:        nan | won: True 
#  293 | steps: 12315 | steps_t:     0 | t: 85.906151 | r:  -474.000000 | e:   1.000000 | Q:        nan | won: False 
#  294 | steps: 12348 | steps_t:     0 | t: 86.272170 | r:  -499.000000 | e:   1.000000 | Q:        nan | won: False 
#  295 | steps: 12369 | steps_t:     0 | t: 86.536463 | r:  -374.000000 | e:   1.000000 | Q:        nan | won: False 
#  296 | steps: 12419 | steps_t:     0 | t: 87.095967 | r:  -476.000000 | e:   1.000000 | Q:        nan | won: False 
#  297 | steps: 12446 | steps_t:     0 | t: 87.353284 | r:  -442.000000 | e:   1.000000 | Q:        nan | won: False 
#  298 | steps: 12488 | steps_t:     0 | t: 87.770162 | r:  -468.000000 | e:   1.000000 | Q:        nan | won: False 
#  299 | steps: 12501 | steps_t:     0 | t: 87.921758 | r:  -501.000000 | e:   1.000000 | Q:        nan | won: False 
#  300 | steps: 12512 | steps_t:     0 | t: 88.063378 | r:  -510.000000 | e:   1.000000 | Q:        nan | won: False 
#  301 | steps: 12537 | steps_t:     0 | t: 88.310718 | r:  -451.000000 | e:   1.000000 | Q:        nan | won: False 
#  302 | steps: 12604 | steps_t:     0 | t: 89.021815 | r:   162.000000 | e:   1.000000 | Q:        nan | won: True 
#  303 | steps: 12658 | steps_t:     0 | t: 89.521477 | r:  -480.000000 | e:   1.000000 | Q:        nan | won: False 
#  304 | steps: 12693 | steps_t:     0 | t: 89.811702 | r:  -428.000000 | e:   1.000000 | Q:        nan | won: False 
#  305 | steps: 12720 | steps_t:     0 | t: 90.058041 | r:  -515.000000 | e:   1.000000 | Q:        nan | won: False 
#  306 | steps: 12785 | steps_t:     0 | t: 90.637491 | r:  -498.000000 | e:   1.000000 | Q:        nan | won: False 
#  307 | steps: 12801 | steps_t:     0 | t: 90.762157 | r:  -442.000000 | e:   1.000000 | Q:        nan | won: False 
#  308 | steps: 12849 | steps_t:     0 | t: 91.185027 | r:  -485.000000 | e:   1.000000 | Q:        nan | won: False 
#  309 | steps: 12877 | steps_t:     0 | t: 91.426379 | r:  -505.000000 | e:   1.000000 | Q:        nan | won: False 
#  310 | steps: 12925 | steps_t:     0 | t: 91.823318 | r:  -368.000000 | e:   1.000000 | Q:        nan | won: False 
#  311 | steps: 12989 | steps_t:     0 | t: 92.364868 | r:  -490.000000 | e:   1.000000 | Q:        nan | won: False 
#  312 | steps: 12997 | steps_t:     0 | t: 92.426703 | r:  -507.000000 | e:   1.000000 | Q:        nan | won: False 
#  313 | steps: 13012 | steps_t:     0 | t: 92.603231 | r:  -503.000000 | e:   1.000000 | Q:        nan | won: False 
#  314 | steps: 13026 | steps_t:     0 | t: 92.717924 | r:  -502.000000 | e:   1.000000 | Q:        nan | won: False 
#  315 | steps: 13045 | steps_t:     0 | t: 92.867529 | r:  -496.000000 | e:   1.000000 | Q:        nan | won: False 
#  316 | steps: 13054 | steps_t:     0 | t: 92.938334 | r:  -508.000000 | e:   1.000000 | Q:        nan | won: False 
#  317 | steps: 13086 | steps_t:     0 | t: 93.231550 | r:  -520.000000 | e:   1.000000 | Q:        nan | won: False 
#  318 | steps: 13143 | steps_t:     0 | t: 93.852887 | r:  -534.000000 | e:   1.000000 | Q:        nan | won: False 
#  319 | steps: 13222 | steps_t:     0 | t: 94.663718 | r:  -494.000000 | e:   1.000000 | Q:        nan | won: False 
#  320 | steps: 13238 | steps_t:     0 | t: 94.853213 | r:  -515.000000 | e:   1.000000 | Q:        nan | won: False 
#  321 | steps: 13252 | steps_t:     0 | t: 94.974885 | r:  -513.000000 | e:   1.000000 | Q:        nan | won: False 
#  322 | steps: 13279 | steps_t:     0 | t: 95.218234 | r:  -515.000000 | e:   1.000000 | Q:        nan | won: False 
#  323 | steps: 13293 | steps_t:     0 | t: 95.357862 | r:  -513.000000 | e:   1.000000 | Q:        nan | won: False 
#  324 | steps: 13348 | steps_t:     0 | t: 95.817630 | r:  -459.000000 | e:   1.000000 | Q:        nan | won: False 
#  325 | steps: 13380 | steps_t:     0 | t: 96.119834 | r:  -469.000000 | e:   1.000000 | Q:        nan | won: False 
#  326 | steps: 13421 | steps_t:     0 | t: 96.474872 | r:  -445.000000 | e:   1.000000 | Q:        nan | won: False 
#  327 | steps: 13469 | steps_t:     0 | t: 96.848871 | r:  -514.000000 | e:   1.000000 | Q:        nan | won: False 
#  328 | steps: 13496 | steps_t:     0 | t: 97.118151 | r:  -453.000000 | e:   1.000000 | Q:        nan | won: False 
#  329 | steps: 13518 | steps_t:     0 | t: 97.295680 | r:  -499.000000 | e:   1.000000 | Q:        nan | won: False 
#  330 | steps: 13539 | steps_t:     0 | t: 97.463230 | r:  -498.000000 | e:   1.000000 | Q:        nan | won: False 
#  331 | steps: 13553 | steps_t:     0 | t: 97.606843 | r:  -502.000000 | e:   1.000000 | Q:        nan | won: False 
#  332 | steps: 13581 | steps_t:     0 | t: 97.833238 | r:  -516.000000 | e:   1.000000 | Q:        nan | won: False 
#  333 | steps: 13614 | steps_t:     0 | t: 98.382767 | r:  -448.000000 | e:   1.000000 | Q:        nan | won: False 
#  334 | steps: 13681 | steps_t:     0 | t: 99.917661 | r:   162.000000 | e:   1.000000 | Q:        nan | won: True 
#  335 | steps: 13712 | steps_t:     0 | t: 100.411340 | r:  -446.000000 | e:   1.000000 | Q:        nan | won: False 
#  336 | steps: 13785 | steps_t:     0 | t: 101.568244 | r:  -528.000000 | e:   1.000000 | Q:        nan | won: False 
#  337 | steps: 13799 | steps_t:     0 | t: 101.717844 | r:  -451.000000 | e:   1.000000 | Q:        nan | won: False 
#  338 | steps: 13808 | steps_t:     0 | t: 101.792656 | r:  -508.000000 | e:   1.000000 | Q:        nan | won: False 
#  339 | steps: 13821 | steps_t:     0 | t: 101.910328 | r:  -501.000000 | e:   1.000000 | Q:        nan | won: False 
#  340 | steps: 13873 | steps_t:     0 | t: 103.234787 | r:  -467.000000 | e:   1.000000 | Q:        nan | won: False 
#  341 | steps: 13938 | steps_t:     0 | t: 104.669946 | r:  -480.000000 | e:   1.000000 | Q:        nan | won: False 
#  342 | steps: 14003 | steps_t:     0 | t: 105.421940 | r:  -520.000000 | e:   1.000000 | Q:        nan | won: False 
#  343 | steps: 14105 | steps_t:     0 | t: 106.624715 | r:  -579.000000 | e:   1.000000 | Q:        nan | won: False 
#  344 | steps: 14155 | steps_t:     0 | t: 107.080496 | r:  -443.000000 | e:   1.000000 | Q:        nan | won: False 
#  345 | steps: 14173 | steps_t:     0 | t: 107.239077 | r:  -462.000000 | e:   1.000000 | Q:        nan | won: False 
#  346 | steps: 14199 | steps_t:     0 | t: 107.535279 | r:  -470.000000 | e:   1.000000 | Q:        nan | won: False 
