#    1 | steps:    13 | steps_t:     0 | t: 0.052845 | r:  -512.000000 | e:   1.000000 | Q:        nan | won: False 
#    2 | steps:   105 | steps_t:     0 | t: 0.116673 | r:  -485.000000 | e:   1.000000 | Q:        nan | won: False 
#    3 | steps:   146 | steps_t:     0 | t: 0.145594 | r:  -478.000000 | e:   1.000000 | Q:        nan | won: False 
#    4 | steps:   156 | steps_t:     0 | t: 0.157596 | r:  -509.000000 | e:   1.000000 | Q:        nan | won: False 
#    5 | steps:   200 | steps_t:     0 | t: 0.189476 | r:  -448.000000 | e:   1.000000 | Q:        nan | won: False 
#    6 | steps:   231 | steps_t:     0 | t: 0.222389 | r:  -508.000000 | e:   1.000000 | Q:        nan | won: False 
#    7 | steps:   290 | steps_t:     0 | t: 0.317172 | r:  -496.000000 | e:   1.000000 | Q:        nan | won: False 
#    8 | steps:   303 | steps_t:     0 | t: 0.333129 | r:  -512.000000 | e:   1.000000 | Q:        nan | won: False 
#    9 | steps:   340 | steps_t:     0 | t: 0.369995 | r:  -452.000000 | e:   1.000000 | Q:        nan | won: False 
#   10 | steps:   363 | steps_t:     0 | t: 0.390938 | r:  -489.000000 | e:   1.000000 | Q:        nan | won: False 
#   11 | steps:   459 | steps_t:     0 | t: 0.460752 | r:    82.000000 | e:   1.000000 | Q:        nan | won: True 
#   12 | steps:   485 | steps_t:     0 | t: 0.481735 | r:  -514.000000 | e:   1.000000 | Q:        nan | won: False 
#   13 | steps:   550 | steps_t:     0 | t: 0.534554 | r:  -520.000000 | e:   1.000000 | Q:        nan | won: False 
#   14 | steps:   568 | steps_t:     0 | t: 0.555537 | r:  -484.000000 | e:   1.000000 | Q:        nan | won: False 
#   15 | steps:   601 | steps_t:     0 | t: 0.591404 | r:  -481.000000 | e:   1.000000 | Q:        nan | won: False 
#   16 | steps:   606 | steps_t:     0 | t: 0.599417 | r:  -504.000000 | e:   1.000000 | Q:        nan | won: False 
#   17 | steps:   623 | steps_t:     0 | t: 0.619329 | r:  -505.000000 | e:   1.000000 | Q:        nan | won: False 
#   18 | steps:   657 | steps_t:     0 | t: 0.647289 | r:  -522.000000 | e:   1.000000 | Q:        nan | won: False 
#   19 | steps:   761 | steps_t:     0 | t: 0.752971 | r:  -486.000000 | e:   1.000000 | Q:        nan | won: False 
#   20 | steps:   770 | steps_t:     0 | t: 0.765969 | r:  -508.000000 | e:   1.000000 | Q:        nan | won: False 
#   21 | steps:   790 | steps_t:     0 | t: 0.786885 | r:  -486.000000 | e:   1.000000 | Q:        nan | won: False 
#   22 | steps:   810 | steps_t:     0 | t: 0.806827 | r:  -424.000000 | e:   1.000000 | Q:        nan | won: False 
#   23 | steps:   888 | steps_t:     0 | t: 0.864710 | r:   151.000000 | e:   1.000000 | Q:        nan | won: True 
#   24 | steps:   922 | steps_t:     0 | t: 0.893593 | r:  -416.000000 | e:   1.000000 | Q:        nan | won: False 
#   25 | steps:   948 | steps_t:     0 | t: 0.917563 | r:  -514.000000 | e:   1.000000 | Q:        nan | won: False 
#   26 | steps:  1003 | steps_t:     0 | t: 0.962410 | r:  -481.000000 | e:   1.000000 | Q:        nan | won: False 
#   27 | steps:  1018 | steps_t:     0 | t: 0.979363 | r:  -503.000000 | e:   1.000000 | Q:        nan | won: False 
#   28 | steps:  1101 | steps_t:     0 | t: 1.047221 | r:  -527.000000 | e:   1.000000 | Q:        nan | won: False 
#   29 | steps:  1146 | steps_t:     0 | t: 1.086115 | r:  -449.000000 | e:   1.000000 | Q:        nan | won: False 
#   30 | steps:  1186 | steps_t:     0 | t: 1.116000 | r:  -455.000000 | e:   1.000000 | Q:        nan | won: False 
#   31 | steps:  1227 | steps_t:     0 | t: 1.146916 | r:  -456.000000 | e:   1.000000 | Q:        nan | won: False 
#   32 | steps:  1261 | steps_t:     0 | t: 1.178871 | r:  -438.000000 | e:   1.000000 | Q:        nan | won: False 
#   33 | steps:  1306 | steps_t:     0 | t: 1.219754 | r:  -398.000000 | e:   1.000000 | Q:        nan | won: False 
#   34 | steps:  1344 | steps_t:     0 | t: 1.252633 | r:  -464.000000 | e:   1.000000 | Q:        nan | won: False 
#   35 | steps:  1352 | steps_t:     0 | t: 1.264602 | r:  -507.000000 | e:   1.000000 | Q:        nan | won: False 
#   36 | steps:  1384 | steps_t:     0 | t: 1.291529 | r:  -520.000000 | e:   1.000000 | Q:        nan | won: False 
#   37 | steps:  1413 | steps_t:     0 | t: 1.316465 | r:  -528.000000 | e:   1.000000 | Q:        nan | won: False 
#   38 | steps:  1442 | steps_t:     0 | t: 1.350372 | r:  -506.000000 | e:   1.000000 | Q:        nan | won: False 
#   39 | steps:  1507 | steps_t:     0 | t: 1.420187 | r:  -531.000000 | e:   1.000000 | Q:        nan | won: False 
#   40 | steps:  1514 | steps_t:     0 | t: 1.431157 | r:  -495.000000 | e:   1.000000 | Q:        nan | won: False 
#   41 | steps:  1521 | steps_t:     0 | t: 1.441168 | r:  -506.000000 | e:   1.000000 | Q:        nan | won: False 
#   42 | steps:  1544 | steps_t:     0 | t: 1.465106 | r:  -460.000000 | e:   1.000000 | Q:        nan | won: False 
#   43 | steps:  1569 | steps_t:     0 | t: 1.490037 | r:  -524.000000 | e:   1.000000 | Q:        nan | won: False 
#   44 | steps:  1588 | steps_t:     0 | t: 1.508986 | r:  -445.000000 | e:   1.000000 | Q:        nan | won: False 
#   45 | steps:  1605 | steps_t:     0 | t: 1.524910 | r:  -443.000000 | e:   1.000000 | Q:        nan | won: False 
#   46 | steps:  1621 | steps_t:     0 | t: 1.545886 | r:  -515.000000 | e:   1.000000 | Q:        nan | won: False 
#   47 | steps:  1654 | steps_t:     0 | t: 1.573774 | r:  -437.000000 | e:   1.000000 | Q:        nan | won: False 
#   48 | steps:  1674 | steps_t:     0 | t: 1.592766 | r:  -497.000000 | e:   1.000000 | Q:        nan | won: False 
#   49 | steps:  1732 | steps_t:     0 | t: 1.636605 | r:  -440.000000 | e:   1.000000 | Q:        nan | won: False 
#   50 | steps:  1745 | steps_t:     0 | t: 1.651600 | r:  -501.000000 | e:   1.000000 | Q:        nan | won: False 
#   51 | steps:  1795 | steps_t:     0 | t: 1.692457 | r:  -454.000000 | e:   1.000000 | Q:        nan | won: False 
#   52 | steps:  1860 | steps_t:     0 | t: 1.743321 | r:  -509.000000 | e:   1.000000 | Q:        nan | won: False 
#   53 | steps:  1888 | steps_t:     0 | t: 1.768263 | r:  -432.000000 | e:   1.000000 | Q:        nan | won: False 
#   54 | steps:  1896 | steps_t:     0 | t: 1.782216 | r:  -496.000000 | e:   1.000000 | Q:        nan | won: False 
#   55 | steps:  1932 | steps_t:     0 | t: 1.820123 | r:  -440.000000 | e:   1.000000 | Q:        nan | won: False 
#   56 | steps:  1978 | steps_t:     0 | t: 1.867987 | r:  -461.000000 | e:   1.000000 | Q:        nan | won: False 
#   57 | steps:  2019 | steps_t:     0 | t: 1.906917 | r:  -456.000000 | e:   1.000000 | Q:        nan | won: False 
#   58 | steps:  2056 | steps_t:     0 | t: 1.942786 | r:  -390.000000 | e:   1.000000 | Q:        nan | won: False 
#   59 | steps:  2143 | steps_t:     0 | t: 2.009643 | r:  -520.000000 | e:   1.000000 | Q:        nan | won: False 
#   60 | steps:  2152 | steps_t:     0 | t: 2.021576 | r:  -508.000000 | e:   1.000000 | Q:        nan | won: False 
#   61 | steps:  2166 | steps_t:     0 | t: 2.039567 | r:  -480.000000 | e:   1.000000 | Q:        nan | won: False 
#   62 | steps:  2206 | steps_t:     0 | t: 2.074435 | r:  -411.000000 | e:   1.000000 | Q:        nan | won: False 
#   63 | steps:  2216 | steps_t:     0 | t: 2.089393 | r:  -509.000000 | e:   1.000000 | Q:        nan | won: False 
#   64 | steps:  2248 | steps_t:     0 | t: 2.118315 | r:  -407.000000 | e:   1.000000 | Q:        nan | won: False 
#   65 | steps:  2314 | steps_t:     0 | t: 2.172175 | r:  -448.000000 | e:   1.000000 | Q:        nan | won: False 
#   66 | steps:  2381 | steps_t:     0 | t: 2.222075 | r:   162.000000 | e:   1.000000 | Q:        nan | won: True 
#   67 | steps:  2426 | steps_t:     0 | t: 2.256983 | r:  -471.000000 | e:   1.000000 | Q:        nan | won: False 
#   68 | steps:  2439 | steps_t:     0 | t: 2.270908 | r:  -512.000000 | e:   1.000000 | Q:        nan | won: False 
#   69 | steps:  2468 | steps_t:     0 | t: 2.298833 | r:  -517.000000 | e:   1.000000 | Q:        nan | won: False 
#   70 | steps:  2516 | steps_t:     0 | t: 2.338730 | r:  -452.000000 | e:   1.000000 | Q:        nan | won: False 
#   71 | steps:  2563 | steps_t:     0 | t: 2.376626 | r:  -462.000000 | e:   1.000000 | Q:        nan | won: False 
#   72 | steps:  2575 | steps_t:     0 | t: 2.390589 | r:  -500.000000 | e:   1.000000 | Q:        nan | won: False 
#   73 | steps:  2636 | steps_t:     0 | t: 2.443458 | r:  -549.000000 | e:   1.000000 | Q:        nan | won: False 
#   74 | steps:  2657 | steps_t:     0 | t: 2.466387 | r:  -509.000000 | e:   1.000000 | Q:        nan | won: False 
#   75 | steps:  2724 | steps_t:     0 | t: 2.615986 | r:  -500.000000 | e:   1.000000 | Q:        nan | won: False 
#   76 | steps:  2759 | steps_t:     0 | t: 2.641957 | r:  -461.000000 | e:   1.000000 | Q:        nan | won: False 
#   77 | steps:  2849 | steps_t:     0 | t: 2.700796 | r:  -472.000000 | e:   1.000000 | Q:        nan | won: False 
#   78 | steps:  2918 | steps_t:     0 | t: 2.749629 | r:  -484.000000 | e:   1.000000 | Q:        nan | won: False 
#   79 | steps:  2931 | steps_t:     0 | t: 2.763589 | r:  -501.000000 | e:   1.000000 | Q:        nan | won: False 
#   80 | steps:  2960 | steps_t:     0 | t: 2.787533 | r:  -455.000000 | e:   1.000000 | Q:        nan | won: False 
#   81 | steps:  2997 | steps_t:     0 | t: 2.816450 | r:  -463.000000 | e:   1.000000 | Q:        nan | won: False 
#   82 | steps:  3009 | steps_t:     0 | t: 2.831408 | r:  -489.000000 | e:   1.000000 | Q:        nan | won: False 
#   83 | steps:  3048 | steps_t:     0 | t: 2.870316 | r:  -454.000000 | e:   1.000000 | Q:        nan | won: False 
#   84 | steps:  3086 | steps_t:     0 | t: 2.915185 | r:  -442.000000 | e:   1.000000 | Q:        nan | won: False 
#   85 | steps:  3119 | steps_t:     0 | t: 2.950128 | r:  -488.000000 | e:   1.000000 | Q:        nan | won: False 
#   86 | steps:  3128 | steps_t:     0 | t: 2.963096 | r:  -497.000000 | e:   1.000000 | Q:        nan | won: False 
#   87 | steps:  3222 | steps_t:     0 | t: 3.025887 | r:  -560.000000 | e:   1.000000 | Q:        nan | won: False 
#   88 | steps:  3271 | steps_t:     0 | t: 3.073800 | r:  -493.000000 | e:   1.000000 | Q:        nan | won: False 
#   89 | steps:  3286 | steps_t:     0 | t: 3.092710 | r:  -514.000000 | e:   1.000000 | Q:        nan | won: False 
#   90 | steps:  3363 | steps_t:     0 | t: 3.153584 | r:  -481.000000 | e:   1.000000 | Q:        nan | won: False 
#   91 | steps:  3454 | steps_t:     0 | t: 3.221408 | r:  -546.000000 | e:   1.000000 | Q:        nan | won: False 
#   92 | steps:  3493 | steps_t:     0 | t: 3.250345 | r:  -465.000000 | e:   1.000000 | Q:        nan | won: False 
#   93 | steps:  3503 | steps_t:     0 | t: 3.262255 | r:  -509.000000 | e:   1.000000 | Q:        nan | won: False 
#   94 | steps:  3512 | steps_t:     0 | t: 3.272228 | r:  -508.000000 | e:   1.000000 | Q:        nan | won: False 
#   95 | steps:  3572 | steps_t:     0 | t: 3.319137 | r:  -486.000000 | e:   1.000000 | Q:        nan | won: False 
#   96 | steps:  3604 | steps_t:     0 | t: 3.348059 | r:  -447.000000 | e:   1.000000 | Q:        nan | won: False 
#   97 | steps:  3656 | steps_t:     0 | t: 3.415849 | r:  -456.000000 | e:   1.000000 | Q:        nan | won: False 
#   98 | steps:  3668 | steps_t:     0 | t: 3.429844 | r:  -500.000000 | e:   1.000000 | Q:        nan | won: False 
#   99 | steps:  3713 | steps_t:     0 | t: 3.466711 | r:  -449.000000 | e:   1.000000 | Q:        nan | won: False 
#  100 | steps:  3727 | steps_t:     0 | t: 3.482666 | r:  -513.000000 | e:   1.000000 | Q:        nan | won: False 
#  101 | steps:  3789 | steps_t:     0 | t: 3.536521 | r:  -539.000000 | e:   1.000000 | Q:        nan | won: False 
#  102 | steps:  3856 | steps_t:     0 | t: 3.636256 | r:  -489.000000 | e:   1.000000 | Q:        nan | won: False 
#  103 | steps:  3916 | steps_t:     0 | t: 3.707065 | r:  -526.000000 | e:   1.000000 | Q:        nan | won: False 
#  104 | steps:  4004 | steps_t:     0 | t: 3.769898 | r:  -525.000000 | e:   1.000000 | Q:        nan | won: False 
#  105 | steps:  4118 | steps_t:     0 | t: 3.846693 | r:  -518.000000 | e:   1.000000 | Q:        nan | won: False 
#  106 | steps:  4169 | steps_t:     0 | t: 3.886627 | r:  -466.000000 | e:   1.000000 | Q:        nan | won: False 
#  107 | steps:  4184 | steps_t:     0 | t: 3.901546 | r:  -514.000000 | e:   1.000000 | Q:        nan | won: False 
#  108 | steps:  4216 | steps_t:     0 | t: 3.926510 | r:  -476.000000 | e:   1.000000 | Q:        nan | won: False 
#  109 | steps:  4283 | steps_t:     0 | t: 3.989313 | r:  -522.000000 | e:   1.000000 | Q:        nan | won: False 
#  110 | steps:  4304 | steps_t:     0 | t: 4.019231 | r:  -469.000000 | e:   1.000000 | Q:        nan | won: False 
#  111 | steps:  4316 | steps_t:     0 | t: 4.035223 | r:  -511.000000 | e:   1.000000 | Q:        nan | won: False 
#  112 | steps:  4368 | steps_t:     0 | t: 4.076080 | r:  -467.000000 | e:   1.000000 | Q:        nan | won: False 
#  113 | steps:  4399 | steps_t:     0 | t: 4.102045 | r:  -519.000000 | e:   1.000000 | Q:        nan | won: False 
#  114 | steps:  4466 | steps_t:     0 | t: 4.161890 | r:   162.000000 | e:   1.000000 | Q:        nan | won: True 
#  115 | steps:  4526 | steps_t:     0 | t: 4.207765 | r:  -537.000000 | e:   1.000000 | Q:        nan | won: False 
#  116 | steps:  4662 | steps_t:     0 | t: 4.305472 | r:  -558.000000 | e:   1.000000 | Q:        nan | won: False 
#  117 | steps:  4683 | steps_t:     0 | t: 4.331394 | r:  -520.000000 | e:   1.000000 | Q:        nan | won: False 
#  118 | steps:  4693 | steps_t:     0 | t: 4.343363 | r:  -509.000000 | e:   1.000000 | Q:        nan | won: False 
#  119 | steps:  4711 | steps_t:     0 | t: 4.361315 | r:  -466.000000 | e:   1.000000 | Q:        nan | won: False 
#  120 | steps:  4784 | steps_t:     0 | t: 4.411184 | r:  -550.000000 | e:   1.000000 | Q:        nan | won: False 
#  121 | steps:  4842 | steps_t:     0 | t: 4.459093 | r:  -462.000000 | e:   1.000000 | Q:        nan | won: False 
#  122 | steps:  4851 | steps_t:     0 | t: 4.471023 | r:  -497.000000 | e:   1.000000 | Q:        nan | won: False 
#  123 | steps:  4865 | steps_t:     0 | t: 4.488013 | r:  -513.000000 | e:   1.000000 | Q:        nan | won: False 
#  124 | steps:  4884 | steps_t:     0 | t: 4.504962 | r:  -383.000000 | e:   1.000000 | Q:        nan | won: False 
#  125 | steps:  4897 | steps_t:     0 | t: 4.519928 | r:  -490.000000 | e:   1.000000 | Q:        nan | won: False 
#  126 | steps:  4944 | steps_t:     0 | t: 4.554798 | r:  -473.000000 | e:   1.000000 | Q:        nan | won: False 
#  127 | steps:  4973 | steps_t:     0 | t: 4.578780 | r:  -477.000000 | e:   1.000000 | Q:        nan | won: False 
#  128 | steps:  5000 | steps_t:     0 | t: 4.602701 | r:  -493.000000 | e:   1.000000 | Q:        nan | won: False 
#  129 | steps:  5061 | steps_t:    60 | t: 5.300801 | r:  -487.000000 | e:   0.994000 | Q:        nan | won: False 
#  130 | steps:  5117 | steps_t:   115 | t: 5.898210 | r:  -522.000000 | e:   0.988500 | Q:   0.117903 | won: False 
#  131 | steps:  5138 | steps_t:   135 | t: 6.078719 | r:  -447.000000 | e:   0.986500 | Q:   0.117083 | won: False 
#  132 | steps:  5223 | steps_t:   219 | t: 6.748926 | r:  -529.000000 | e:   0.978100 | Q:   0.118114 | won: False 
#  133 | steps:  5272 | steps_t:   267 | t: 7.148857 | r:  -442.000000 | e:   0.973300 | Q:   0.117068 | won: False 
#  134 | steps:  5335 | steps_t:   329 | t: 7.619597 | r:  -529.000000 | e:   0.967100 | Q:   0.117719 | won: False 
#  135 | steps:  5372 | steps_t:   365 | t: 7.873917 | r:  -441.000000 | e:   0.963500 | Q:        nan | won: False 
#  136 | steps:  5386 | steps_t:   378 | t: 7.991605 | r:  -513.000000 | e:   0.962200 | Q:        nan | won: False 
#  137 | steps:  5401 | steps_t:   392 | t: 8.213014 | r:  -412.000000 | e:   0.960800 | Q:        nan | won: False 
#  138 | steps:  5430 | steps_t:   420 | t: 8.458353 | r:  -466.000000 | e:   0.958000 | Q:        nan | won: False 
#  139 | steps:  5449 | steps_t:   438 | t: 8.602967 | r:  -518.000000 | e:   0.956200 | Q:   0.117525 | won: False 
#  140 | steps:  5485 | steps_t:   473 | t: 8.849307 | r:  -429.000000 | e:   0.952700 | Q:   0.117644 | won: False 
#  141 | steps:  5568 | steps_t:   555 | t: 9.480622 | r:  -549.000000 | e:   0.944500 | Q:   0.117868 | won: False 
#  142 | steps:  5585 | steps_t:   571 | t: 9.610271 | r:  -505.000000 | e:   0.942900 | Q:        nan | won: False 
#  143 | steps:  5610 | steps_t:   595 | t: 9.795775 | r:  -524.000000 | e:   0.940500 | Q:   0.117303 | won: False 
#  144 | steps:  5649 | steps_t:   633 | t: 10.096969 | r:  -454.000000 | e:   0.936700 | Q:   0.117287 | won: False 
#  145 | steps:  5727 | steps_t:   710 | t: 10.842974 | r:  -522.000000 | e:   0.929000 | Q:   0.118132 | won: False 
#  146 | steps:  5769 | steps_t:   751 | t: 11.178076 | r:  -530.000000 | e:   0.924900 | Q:   0.117626 | won: False 
#  147 | steps:  5817 | steps_t:   798 | t: 11.602944 | r:  -452.000000 | e:   0.920200 | Q:   0.117913 | won: False 
#  148 | steps:  5852 | steps_t:   832 | t: 11.874214 | r:  -355.000000 | e:   0.916800 | Q:        nan | won: False 
#  149 | steps:  5884 | steps_t:   863 | t: 12.212309 | r:  -469.000000 | e:   0.913700 | Q:   0.117294 | won: False 
#  150 | steps:  5907 | steps_t:   885 | t: 12.383850 | r:  -427.000000 | e:   0.911500 | Q:   0.117608 | won: False 
#  151 | steps:  5940 | steps_t:   917 | t: 12.647145 | r:  -488.000000 | e:   0.908300 | Q:   0.117801 | won: False 
#  152 | steps:  5989 | steps_t:   965 | t: 13.033113 | r:  -442.000000 | e:   0.903500 | Q:   0.117691 | won: False 
#  153 | steps:  6092 | steps_t:  1067 | t: 13.827986 | r:  -569.000000 | e:   0.893300 | Q:   0.118141 | won: False 
#  154 | steps:  6103 | steps_t:  1077 | t: 13.924727 | r:  -499.000000 | e:   0.892300 | Q:        nan | won: False 
#  155 | steps:  6174 | steps_t:  1147 | t: 14.471267 | r:   147.000000 | e:   0.885300 | Q:   0.117763 | won: True 
#  156 | steps:  6189 | steps_t:  1161 | t: 14.582967 | r:  -514.000000 | e:   0.883900 | Q:   0.117351 | won: False 
#  157 | steps:  6244 | steps_t:  1215 | t: 15.028773 | r:  -521.000000 | e:   0.878500 | Q:   0.117812 | won: False 
#  158 | steps:  6278 | steps_t:  1248 | t: 15.292068 | r:  -471.000000 | e:   0.875200 | Q:   0.117716 | won: False 
#  159 | steps:  6334 | steps_t:  1303 | t: 15.701976 | r:  -427.000000 | e:   0.869700 | Q:   0.117949 | won: False 
#  160 | steps:  6424 | steps_t:  1392 | t: 16.407085 | r:  -461.000000 | e:   0.860800 | Q:   0.118087 | won: False 
#  161 | steps:  6458 | steps_t:  1425 | t: 16.678364 | r:  -376.000000 | e:   0.857500 | Q:   0.117884 | won: False 
#  162 | steps:  6474 | steps_t:  1440 | t: 16.830952 | r:  -515.000000 | e:   0.856000 | Q:   0.117605 | won: False 
#  163 | steps:  6509 | steps_t:  1474 | t: 17.197972 | r:  -461.000000 | e:   0.852600 | Q:   0.117939 | won: False 
#  164 | steps:  6608 | steps_t:  1572 | t: 18.288053 | r:  -532.000000 | e:   0.842800 | Q:   0.117869 | won: False 
#  165 | steps:  6633 | steps_t:  1596 | t: 18.531402 | r:  -502.000000 | e:   0.840400 | Q:   0.117871 | won: False 
#  166 | steps:  6658 | steps_t:  1620 | t: 18.794698 | r:  -429.000000 | e:   0.838000 | Q:   0.117375 | won: False 
#  167 | steps:  6673 | steps_t:  1634 | t: 18.934324 | r:  -452.000000 | e:   0.836600 | Q:   0.117877 | won: False 
#  168 | steps:  6712 | steps_t:  1672 | t: 19.346224 | r:  -505.000000 | e:   0.832800 | Q:   0.118008 | won: False 
#  169 | steps:  6731 | steps_t:  1690 | t: 19.534718 | r:  -452.000000 | e:   0.831000 | Q:   0.117914 | won: False 
#  170 | steps:  6753 | steps_t:  1711 | t: 19.734185 | r:  -488.000000 | e:   0.828900 | Q:   0.117323 | won: False 
#  171 | steps:  6816 | steps_t:  1773 | t: 20.367489 | r:  -434.000000 | e:   0.822700 | Q:   0.118116 | won: False 
#  172 | steps:  6825 | steps_t:  1781 | t: 20.494154 | r:  -497.000000 | e:   0.821900 | Q:   0.117660 | won: False 
#  173 | steps:  6835 | steps_t:  1790 | t: 20.638766 | r:  -498.000000 | e:   0.821000 | Q:   0.117392 | won: False 
#  174 | steps:  6846 | steps_t:  1800 | t: 20.744481 | r:  -499.000000 | e:   0.820000 | Q:   0.116569 | won: False 
#  175 | steps:  6868 | steps_t:  1821 | t: 20.950928 | r:  -470.000000 | e:   0.817900 | Q:   0.117384 | won: False 
#  176 | steps:  6883 | steps_t:  1835 | t: 21.066619 | r:  -452.000000 | e:   0.816500 | Q:   0.117638 | won: False 
#  177 | steps:  6899 | steps_t:  1850 | t: 21.265088 | r:  -493.000000 | e:   0.815000 | Q:   0.117282 | won: False 
#  178 | steps:  6908 | steps_t:  1858 | t: 21.327919 | r:  -508.000000 | e:   0.814200 | Q:   0.117594 | won: False 
#  179 | steps:  6970 | steps_t:  1919 | t: 21.929310 | r:  -466.000000 | e:   0.808100 | Q:   0.118058 | won: False 
#  180 | steps:  6991 | steps_t:  1939 | t: 22.124788 | r:  -447.000000 | e:   0.806100 | Q:   0.117649 | won: False 
#  181 | steps:  7031 | steps_t:  1978 | t: 22.420995 | r:  -455.000000 | e:   0.802200 | Q:   0.117548 | won: False 
#  182 | steps:  7047 | steps_t:  1993 | t: 22.554638 | r:  -504.000000 | e:   0.800700 | Q:   0.117616 | won: False 
#  183 | steps:  7101 | steps_t:  2046 | t: 23.082225 | r:  -487.000000 | e:   0.795400 | Q:   0.118214 | won: False 
#  184 | steps:  7141 | steps_t:  2085 | t: 23.378432 | r:  -433.000000 | e:   0.791500 | Q:   0.117921 | won: False 
#  185 | steps:  7221 | steps_t:  2164 | t: 24.020715 | r:  -524.000000 | e:   0.783600 | Q:   0.118034 | won: False 
#  186 | steps:  7228 | steps_t:  2170 | t: 24.074573 | r:  -506.000000 | e:   0.783000 | Q:   0.117359 | won: False 
#  187 | steps:  7282 | steps_t:  2223 | t: 24.487465 | r:  -476.000000 | e:   0.777700 | Q:   0.117652 | won: False 
#  188 | steps:  7291 | steps_t:  2231 | t: 24.549300 | r:  -508.000000 | e:   0.776900 | Q:        nan | won: False 
#  189 | steps:  7318 | steps_t:  2257 | t: 24.754753 | r:  -431.000000 | e:   0.774300 | Q:   0.117935 | won: False 
#  190 | steps:  7366 | steps_t:  2304 | t: 25.228486 | r:  -430.000000 | e:   0.769600 | Q:   0.117763 | won: False 
#  191 | steps:  7399 | steps_t:  2336 | t: 25.483801 | r:  -448.000000 | e:   0.766400 | Q:   0.117853 | won: False 
#  192 | steps:  7417 | steps_t:  2353 | t: 25.615448 | r:  -506.000000 | e:   0.764700 | Q:   0.117540 | won: False 
#  193 | steps:  7464 | steps_t:  2399 | t: 25.964514 | r:  -473.000000 | e:   0.760100 | Q:   0.117654 | won: False 
#  194 | steps:  7491 | steps_t:  2425 | t: 26.242770 | r:  -453.000000 | e:   0.757500 | Q:   0.117420 | won: False 
#  195 | steps:  7539 | steps_t:  2472 | t: 26.610785 | r:  -481.000000 | e:   0.752800 | Q:   0.117988 | won: False 
#  196 | steps:  7570 | steps_t:  2502 | t: 26.841168 | r:  -486.000000 | e:   0.749800 | Q:   0.117776 | won: False 
#  197 | steps:  7600 | steps_t:  2531 | t: 27.068560 | r:  -405.000000 | e:   0.746900 | Q:   0.117655 | won: False 
#  198 | steps:  7609 | steps_t:  2539 | t: 27.162309 | r:  -497.000000 | e:   0.746100 | Q:   0.117181 | won: False 
#  199 | steps:  7651 | steps_t:  2580 | t: 27.549274 | r:  -468.000000 | e:   0.742000 | Q:   0.118037 | won: False 
#  200 | steps:  7684 | steps_t:  2612 | t: 27.815561 | r:  -459.000000 | e:   0.738800 | Q:   0.117877 | won: False 
#  201 | steps:  7731 | steps_t:  2658 | t: 28.326194 | r:  -480.000000 | e:   0.734200 | Q:   0.117971 | won: False 
#  202 | steps:  7752 | steps_t:  2678 | t: 28.586514 | r:  -498.000000 | e:   0.732200 | Q:   0.117852 | won: False 
#  203 | steps:  7790 | steps_t:  2715 | t: 28.910631 | r:  -504.000000 | e:   0.728500 | Q:   0.117957 | won: False 
#  204 | steps:  7799 | steps_t:  2723 | t: 28.979447 | r:  -497.000000 | e:   0.727700 | Q:   0.117630 | won: False 
#  205 | steps:  7808 | steps_t:  2731 | t: 29.065218 | r:  -475.000000 | e:   0.726900 | Q:   0.117461 | won: False 
#  206 | steps:  7816 | steps_t:  2738 | t: 29.127052 | r:  -507.000000 | e:   0.726200 | Q:        nan | won: False 
#  207 | steps:  7824 | steps_t:  2745 | t: 29.200854 | r:  -507.000000 | e:   0.725500 | Q:        nan | won: False 
#  208 | steps:  7849 | steps_t:  2769 | t: 29.420268 | r:  -491.000000 | e:   0.723100 | Q:   0.117733 | won: False 
#  209 | steps:  7992 | steps_t:  2911 | t: 30.662943 | r:  -565.000000 | e:   0.708900 | Q:   0.118619 | won: False 
#  210 | steps:  8026 | steps_t:  2944 | t: 30.986078 | r:  -500.000000 | e:   0.705600 | Q:   0.118075 | won: False 
#  211 | steps:  8078 | steps_t:  2995 | t: 31.367059 | r:  -496.000000 | e:   0.700500 | Q:   0.117726 | won: False 
#  212 | steps:  8123 | steps_t:  3039 | t: 31.720117 | r:  -500.000000 | e:   0.696100 | Q:   0.117923 | won: False 
#  213 | steps:  8145 | steps_t:  3060 | t: 31.914595 | r:  -488.000000 | e:   0.694000 | Q:   0.118018 | won: False 
#  214 | steps:  8166 | steps_t:  3080 | t: 32.068186 | r:  -465.000000 | e:   0.692000 | Q:   0.118018 | won: False 
#  215 | steps:  8241 | steps_t:  3154 | t: 32.695504 | r:  -508.000000 | e:   0.684600 | Q:   0.117828 | won: False 
#  216 | steps:  8257 | steps_t:  3169 | t: 32.822170 | r:  -504.000000 | e:   0.683100 | Q:   0.117464 | won: False 
#  217 | steps:  8266 | steps_t:  3177 | t: 32.884997 | r:  -486.000000 | e:   0.682300 | Q:   0.117424 | won: False 
#  218 | steps:  8281 | steps_t:  3191 | t: 33.036593 | r:  -452.000000 | e:   0.680900 | Q:   0.117759 | won: False 
#  219 | steps:  8291 | steps_t:  3200 | t: 33.111392 | r:  -498.000000 | e:   0.680000 | Q:   0.117351 | won: False 
#  220 | steps:  8347 | steps_t:  3255 | t: 33.536256 | r:  -500.000000 | e:   0.674500 | Q:   0.117855 | won: False 
#  221 | steps:  8365 | steps_t:  3272 | t: 33.670894 | r:  -455.000000 | e:   0.672800 | Q:   0.117877 | won: False 
#  222 | steps:  8378 | steps_t:  3284 | t: 33.784591 | r:  -490.000000 | e:   0.671600 | Q:   0.117387 | won: False 
#  223 | steps:  8399 | steps_t:  3304 | t: 33.945161 | r:  -520.000000 | e:   0.669600 | Q:   0.117702 | won: False 
#  224 | steps:  8438 | steps_t:  3342 | t: 34.285261 | r:  -465.000000 | e:   0.665800 | Q:   0.117763 | won: False 
#  225 | steps:  8462 | steps_t:  3365 | t: 34.473746 | r:  -450.000000 | e:   0.663500 | Q:   0.117764 | won: False 
#  226 | steps:  8477 | steps_t:  3379 | t: 34.584450 | r:  -463.000000 | e:   0.662100 | Q:   0.117827 | won: False 
#  227 | steps:  8517 | steps_t:  3418 | t: 34.951468 | r:  -484.000000 | e:   0.658200 | Q:   0.118123 | won: False 
#  228 | steps:  8589 | steps_t:  3489 | t: 35.601729 | r:  -516.000000 | e:   0.651100 | Q:   0.117986 | won: False 
#  229 | steps:  8681 | steps_t:  3580 | t: 36.427521 | r:  -496.000000 | e:   0.642000 | Q:   0.118351 | won: False 
#  230 | steps:  8699 | steps_t:  3597 | t: 36.565160 | r:  -506.000000 | e:   0.640300 | Q:   0.117649 | won: False 
#  231 | steps:  8723 | steps_t:  3620 | t: 36.758634 | r:  -490.000000 | e:   0.638000 | Q:   0.117746 | won: False 
#  232 | steps:  8757 | steps_t:  3653 | t: 37.035892 | r:  -427.000000 | e:   0.634700 | Q:   0.117777 | won: False 
#  233 | steps:  8770 | steps_t:  3665 | t: 37.161555 | r:  -501.000000 | e:   0.633500 | Q:   0.117364 | won: False 
#  234 | steps:  8793 | steps_t:  3687 | t: 37.354041 | r:  -398.000000 | e:   0.631300 | Q:   0.117789 | won: False 
#  235 | steps:  8822 | steps_t:  3715 | t: 37.614343 | r:  -433.000000 | e:   0.628500 | Q:   0.117812 | won: False 
#  236 | steps:  8853 | steps_t:  3745 | t: 37.888615 | r:  -446.000000 | e:   0.625500 | Q:   0.117534 | won: False 
#  237 | steps:  8859 | steps_t:  3750 | t: 37.955433 | r:  -483.000000 | e:   0.625000 | Q:   0.117540 | won: False 
#  238 | steps:  8867 | steps_t:  3757 | t: 38.027240 | r:  -485.000000 | e:   0.624300 | Q:   0.117430 | won: False 
#  239 | steps:  8928 | steps_t:  3817 | t: 38.597712 | r:  -527.000000 | e:   0.618300 | Q:   0.117703 | won: False 
#  240 | steps:  8954 | steps_t:  3842 | t: 38.848043 | r:  -459.000000 | e:   0.615800 | Q:   0.118238 | won: False 
#  241 | steps:  8984 | steps_t:  3871 | t: 39.104356 | r:  -445.000000 | e:   0.612900 | Q:   0.117824 | won: False 
#  242 | steps:  9110 | steps_t:  3996 | t: 40.178489 | r:  -570.000000 | e:   0.600400 | Q:   0.118170 | won: False 
#  243 | steps:  9172 | steps_t:  4057 | t: 40.708078 | r:  -433.000000 | e:   0.594300 | Q:   0.118330 | won: False 
#  244 | steps:  9199 | steps_t:  4083 | t: 40.953409 | r:  -380.000000 | e:   0.591700 | Q:   0.117778 | won: False 
#  245 | steps:  9213 | steps_t:  4096 | t: 41.056134 | r:  -469.000000 | e:   0.590400 | Q:   0.117895 | won: False 
#  246 | steps:  9269 | steps_t:  4151 | t: 41.515913 | r:  -511.000000 | e:   0.584900 | Q:   0.118173 | won: False 
#  247 | steps:  9278 | steps_t:  4159 | t: 41.594697 | r:  -508.000000 | e:   0.584100 | Q:   0.117548 | won: False 
#  248 | steps:  9284 | steps_t:  4164 | t: 41.640571 | r:  -505.000000 | e:   0.583600 | Q:   0.117612 | won: False 
#  249 | steps:  9301 | steps_t:  4180 | t: 41.779200 | r:  -454.000000 | e:   0.582000 | Q:   0.117685 | won: False 
#  250 | steps:  9314 | steps_t:  4192 | t: 41.877935 | r:  -501.000000 | e:   0.580800 | Q:   0.117794 | won: False 
#  251 | steps:  9486 | steps_t:  4363 | t: 43.606312 | r:  -565.000000 | e:   0.563700 | Q:   0.118323 | won: False 
#  252 | steps:  9509 | steps_t:  4385 | t: 43.813757 | r:  -489.000000 | e:   0.561500 | Q:   0.117758 | won: False 
#  253 | steps:  9564 | steps_t:  4439 | t: 44.263553 | r:  -499.000000 | e:   0.556100 | Q:   0.118243 | won: False 
#  254 | steps:  9603 | steps_t:  4477 | t: 44.568740 | r:  -443.000000 | e:   0.552300 | Q:   0.118030 | won: False 
#  255 | steps:  9633 | steps_t:  4506 | t: 44.809094 | r:  -434.000000 | e:   0.549400 | Q:   0.117567 | won: False 
#  256 | steps:  9665 | steps_t:  4537 | t: 45.067412 | r:  -447.000000 | e:   0.546300 | Q:   0.117872 | won: False 
#  257 | steps:  9678 | steps_t:  4549 | t: 45.167136 | r:  -439.000000 | e:   0.545100 | Q:   0.117451 | won: False 
#  258 | steps:  9784 | steps_t:  4654 | t: 46.023843 | r:  -528.000000 | e:   0.534600 | Q:   0.118638 | won: False 
#  259 | steps:  9828 | steps_t:  4697 | t: 46.360942 | r:  -470.000000 | e:   0.530300 | Q:   0.117996 | won: False 
#  260 | steps:  9840 | steps_t:  4708 | t: 46.456689 | r:  -438.000000 | e:   0.529200 | Q:   0.117603 | won: False 
#  261 | steps:  9916 | steps_t:  4783 | t: 47.085005 | r:  -498.000000 | e:   0.521700 | Q:   0.118483 | won: False 
#  262 | steps:  9932 | steps_t:  4798 | t: 47.213676 | r:  -464.000000 | e:   0.520200 | Q:   0.117399 | won: False 
#  263 | steps:  9960 | steps_t:  4825 | t: 47.438059 | r:  -483.000000 | e:   0.517500 | Q:   0.118016 | won: False 
#  264 | steps:  9999 | steps_t:  4863 | t: 47.781142 | r:  -505.000000 | e:   0.513700 | Q:   0.117893 | won: False 
#  265 | steps: 10019 | steps_t:  4882 | t: 47.932738 | r:  -486.000000 | e:   0.511800 | Q:   0.117699 | won: False 
#  266 | steps: 10058 | steps_t:  4920 | t: 48.300754 | r:  -443.000000 | e:   0.508000 | Q:   0.118352 | won: False 
#  267 | steps: 10109 | steps_t:  4970 | t: 48.700681 | r:  -517.000000 | e:   0.503000 | Q:   0.117872 | won: False 
#  268 | steps: 10175 | steps_t:  5035 | t: 49.254201 | r:  -532.000000 | e:   0.496500 | Q:   0.118268 | won: False 
#  269 | steps: 10199 | steps_t:  5058 | t: 49.490567 | r:  -490.000000 | e:   0.494200 | Q:   0.117855 | won: False 
#  270 | steps: 10217 | steps_t:  5075 | t: 49.640167 | r:  -484.000000 | e:   0.492500 | Q:   0.117573 | won: False 
#  271 | steps: 10226 | steps_t:  5083 | t: 49.712973 | r:  -486.000000 | e:   0.491700 | Q:   0.117122 | won: False 
#  272 | steps: 10245 | steps_t:  5101 | t: 49.926402 | r:  -434.000000 | e:   0.489900 | Q:   0.117946 | won: False 
#  273 | steps: 10252 | steps_t:  5107 | t: 49.986241 | r:  -506.000000 | e:   0.489300 | Q:   0.117556 | won: False 
#  274 | steps: 10262 | steps_t:  5116 | t: 50.065031 | r:  -476.000000 | e:   0.488400 | Q:   0.117390 | won: False 
#  275 | steps: 10271 | steps_t:  5124 | t: 50.143820 | r:  -475.000000 | e:   0.487600 | Q:   0.117655 | won: False 
#  276 | steps: 10285 | steps_t:  5137 | t: 50.279460 | r:  -451.000000 | e:   0.486300 | Q:   0.117616 | won: False 
#  277 | steps: 10297 | steps_t:  5148 | t: 50.409119 | r:  -449.000000 | e:   0.485200 | Q:   0.117574 | won: False 
#  278 | steps: 10306 | steps_t:  5156 | t: 50.477927 | r:  -497.000000 | e:   0.484400 | Q:   0.117364 | won: False 
#  279 | steps: 10314 | steps_t:  5163 | t: 50.554725 | r:  -507.000000 | e:   0.483700 | Q:   0.117612 | won: False 
#  280 | steps: 10325 | steps_t:  5173 | t: 50.646475 | r:  -448.000000 | e:   0.482700 | Q:   0.117707 | won: False 
#  281 | steps: 10386 | steps_t:  5233 | t: 51.333637 | r:  -505.000000 | e:   0.476700 | Q:   0.118235 | won: False 
#  282 | steps: 10403 | steps_t:  5249 | t: 51.503185 | r:  -483.000000 | e:   0.475100 | Q:   0.117545 | won: False 
#  283 | steps: 10469 | steps_t:  5314 | t: 52.019800 | r:  -510.000000 | e:   0.468600 | Q:   0.118049 | won: False 
#  284 | steps: 10478 | steps_t:  5322 | t: 52.104573 | r:  -497.000000 | e:   0.467800 | Q:   0.117359 | won: False 
#  285 | steps: 10587 | steps_t:  5430 | t: 53.015137 | r:  -513.000000 | e:   0.457000 | Q:   0.118123 | won: False 
#  286 | steps: 10632 | steps_t:  5474 | t: 53.422052 | r:  -460.000000 | e:   0.452600 | Q:   0.117904 | won: False 
#  287 | steps: 10663 | steps_t:  5504 | t: 53.705295 | r:  -486.000000 | e:   0.449600 | Q:   0.118258 | won: False 
#  288 | steps: 10671 | steps_t:  5511 | t: 53.764132 | r:  -496.000000 | e:   0.448900 | Q:   0.117461 | won: False 
#  289 | steps: 10684 | steps_t:  5523 | t: 53.867857 | r:  -388.000000 | e:   0.447700 | Q:   0.117433 | won: False 
#  290 | steps: 10698 | steps_t:  5536 | t: 53.976565 | r:  -502.000000 | e:   0.446400 | Q:   0.117355 | won: False 
#  291 | steps: 10717 | steps_t:  5554 | t: 54.135156 | r:  -445.000000 | e:   0.444600 | Q:   0.117888 | won: False 
#  292 | steps: 10734 | steps_t:  5570 | t: 54.275767 | r:  -443.000000 | e:   0.443000 | Q:   0.117759 | won: False 
#  293 | steps: 10750 | steps_t:  5585 | t: 54.437337 | r:  -493.000000 | e:   0.441500 | Q:   0.117548 | won: False 
#  294 | steps: 10830 | steps_t:  5664 | t: 55.090584 | r:  -524.000000 | e:   0.433600 | Q:   0.118150 | won: False 
#  295 | steps: 10861 | steps_t:  5694 | t: 55.361859 | r:  -497.000000 | e:   0.430600 | Q:   0.118008 | won: False 
#  296 | steps: 10879 | steps_t:  5711 | t: 55.707932 | r:  -484.000000 | e:   0.428900 | Q:   0.117577 | won: False 
#  297 | steps: 10928 | steps_t:  5759 | t: 56.269431 | r:  -464.000000 | e:   0.424100 | Q:   0.117996 | won: False 
#  298 | steps: 11008 | steps_t:  5838 | t: 57.233850 | r:  -546.000000 | e:   0.416200 | Q:   0.118040 | won: False 
#  299 | steps: 11148 | steps_t:  5977 | t: 59.305307 | r:  -584.000000 | e:   0.402300 | Q:   0.118133 | won: False 
#  300 | steps: 11202 | steps_t:  6030 | t: 59.969544 | r:  -498.000000 | e:   0.397000 | Q:   0.118002 | won: False 
#  301 | steps: 11230 | steps_t:  6057 | t: 60.449247 | r:  -505.000000 | e:   0.394300 | Q:   0.117855 | won: False 
#  302 | steps: 11254 | steps_t:  6080 | t: 60.800307 | r:  -490.000000 | e:   0.392000 | Q:   0.118018 | won: False 
#  303 | steps: 11272 | steps_t:  6097 | t: 61.015730 | r:  -433.000000 | e:   0.390300 | Q:   0.117782 | won: False 
#  304 | steps: 11280 | steps_t:  6104 | t: 61.091529 | r:  -405.000000 | e:   0.389600 | Q:   0.117567 | won: False 
#  305 | steps: 11307 | steps_t:  6130 | t: 61.427628 | r:  -431.000000 | e:   0.387000 | Q:   0.118095 | won: False 
#  306 | steps: 11367 | steps_t:  6189 | t: 61.905351 | r:  -526.000000 | e:   0.381100 | Q:   0.118173 | won: False 
#  307 | steps: 11379 | steps_t:  6200 | t: 61.998102 | r:  -489.000000 | e:   0.380000 | Q:   0.117355 | won: False 
#  308 | steps: 11389 | steps_t:  6209 | t: 62.076892 | r:  -498.000000 | e:   0.379100 | Q:   0.117461 | won: False 
#  309 | steps: 11395 | steps_t:  6214 | t: 62.123767 | r:  -505.000000 | e:   0.378600 | Q:   0.117364 | won: False 
#  310 | steps: 11416 | steps_t:  6234 | t: 62.290321 | r:  -476.000000 | e:   0.376600 | Q:   0.117968 | won: False 
#  311 | steps: 11425 | steps_t:  6242 | t: 62.394044 | r:  -486.000000 | e:   0.375800 | Q:   0.117798 | won: False 
#  312 | steps: 11430 | steps_t:  6246 | t: 62.454880 | r:  -504.000000 | e:   0.375400 | Q:   0.117407 | won: False 
#  313 | steps: 11439 | steps_t:  6254 | t: 62.549626 | r:  -475.000000 | e:   0.374600 | Q:   0.117654 | won: False 
#  314 | steps: 11449 | steps_t:  6263 | t: 62.636394 | r:  -476.000000 | e:   0.373700 | Q:   0.117225 | won: False 
#  315 | steps: 11459 | steps_t:  6272 | t: 62.719176 | r:  -476.000000 | e:   0.372800 | Q:   0.117548 | won: False 
#  316 | steps: 11464 | steps_t:  6276 | t: 62.762059 | r:  -504.000000 | e:   0.372400 | Q:   0.117407 | won: False 
#  317 | steps: 11477 | steps_t:  6288 | t: 62.876752 | r:  -490.000000 | e:   0.371200 | Q:   0.117468 | won: False 
#  318 | steps: 11486 | steps_t:  6296 | t: 62.951552 | r:  -508.000000 | e:   0.370400 | Q:   0.117560 | won: False 
#  319 | steps: 11497 | steps_t:  6306 | t: 63.041313 | r:  -477.000000 | e:   0.369400 | Q:   0.117429 | won: False 
#  320 | steps: 11505 | steps_t:  6313 | t: 63.108135 | r:  -485.000000 | e:   0.368700 | Q:   0.117540 | won: False 
#  321 | steps: 11515 | steps_t:  6322 | t: 63.194900 | r:  -498.000000 | e:   0.367800 | Q:   0.117468 | won: False 
#  322 | steps: 11520 | steps_t:  6326 | t: 63.236794 | r:  -504.000000 | e:   0.367400 | Q:   0.117548 | won: False 
#  323 | steps: 11533 | steps_t:  6338 | t: 63.358464 | r:  -501.000000 | e:   0.366200 | Q:   0.117725 | won: False 
#  324 | steps: 11545 | steps_t:  6349 | t: 63.509061 | r:  -467.000000 | e:   0.365100 | Q:   0.117366 | won: False 
#  325 | steps: 11619 | steps_t:  6422 | t: 64.212180 | r:  -540.000000 | e:   0.357800 | Q:   0.118153 | won: False 
#  326 | steps: 11625 | steps_t:  6427 | t: 64.267035 | r:  -483.000000 | e:   0.357300 | Q:   0.117540 | won: False 
#  327 | steps: 11643 | steps_t:  6444 | t: 64.422615 | r:  -495.000000 | e:   0.355600 | Q:   0.117996 | won: False 
#  328 | steps: 11652 | steps_t:  6452 | t: 64.509387 | r:  -475.000000 | e:   0.354800 | Q:   0.117655 | won: False 
#  329 | steps: 11713 | steps_t:  6512 | t: 65.702198 | r:  -527.000000 | e:   0.348800 | Q:   0.118153 | won: False 
#  330 | steps: 11844 | steps_t:  6642 | t: 68.388005 | r:  -597.000000 | e:   0.335800 | Q:   0.118173 | won: False 
#  331 | steps: 11851 | steps_t:  6648 | t: 68.457821 | r:  -484.000000 | e:   0.335200 | Q:   0.117461 | won: False 
#  332 | steps: 11878 | steps_t:  6674 | t: 68.709151 | r:  -482.000000 | e:   0.332600 | Q:   0.117855 | won: False 
#  333 | steps: 11921 | steps_t:  6716 | t: 69.084147 | r:  -498.000000 | e:   0.328400 | Q:   0.117969 | won: False 
#  334 | steps: 11929 | steps_t:  6723 | t: 69.153957 | r:  -485.000000 | e:   0.327700 | Q:   0.117540 | won: False 
#  335 | steps: 11936 | steps_t:  6729 | t: 69.215791 | r:  -495.000000 | e:   0.327100 | Q:   0.117359 | won: False 
#  336 | steps: 11945 | steps_t:  6737 | t: 69.378356 | r:  -475.000000 | e:   0.326300 | Q:   0.117655 | won: False 
#  337 | steps: 11960 | steps_t:  6751 | t: 69.510003 | r:  -481.000000 | e:   0.324900 | Q:   0.117633 | won: False 
#  338 | steps: 11973 | steps_t:  6763 | t: 69.616721 | r:  -479.000000 | e:   0.323700 | Q:   0.117624 | won: False 
#  339 | steps: 12038 | steps_t:  6827 | t: 70.142312 | r:  -520.000000 | e:   0.317300 | Q:   0.118188 | won: False 
#  340 | steps: 12046 | steps_t:  6834 | t: 70.205144 | r:  -496.000000 | e:   0.316600 | Q:   0.117396 | won: False 
#  341 | steps: 12051 | steps_t:  6838 | t: 70.243043 | r:  -504.000000 | e:   0.316200 | Q:   0.117612 | won: False 
#  342 | steps: 12062 | steps_t:  6848 | t: 70.334798 | r:  -408.000000 | e:   0.315200 | Q:   0.117827 | won: False 
#  343 | steps: 12164 | steps_t:  6949 | t: 71.255336 | r:  -557.000000 | e:   0.305100 | Q:   0.118173 | won: False 
#  344 | steps: 12237 | steps_t:  7021 | t: 72.092095 | r:  -539.000000 | e:   0.297900 | Q:   0.118173 | won: False 
#  345 | steps: 12270 | steps_t:  7053 | t: 72.370353 | r:  -488.000000 | e:   0.294700 | Q:   0.118018 | won: False 
#  346 | steps: 12279 | steps_t:  7061 | t: 72.445150 | r:  -497.000000 | e:   0.293900 | Q:   0.117612 | won: False 
#  347 | steps: 12321 | steps_t:  7102 | t: 72.863036 | r:  -508.000000 | e:   0.289800 | Q:   0.118173 | won: False 
#  348 | steps: 12361 | steps_t:  7141 | t: 73.185170 | r:  -455.000000 | e:   0.285900 | Q:   0.117871 | won: False 
#  349 | steps: 12370 | steps_t:  7149 | t: 73.261965 | r:  -486.000000 | e:   0.285100 | Q:   0.117903 | won: False 
#  350 | steps: 12380 | steps_t:  7158 | t: 73.353720 | r:  -476.000000 | e:   0.284200 | Q:   0.117502 | won: False 
#  351 | steps: 12387 | steps_t:  7164 | t: 73.408572 | r:  -506.000000 | e:   0.283600 | Q:   0.117238 | won: False 
#  352 | steps: 12394 | steps_t:  7170 | t: 73.469412 | r:  -484.000000 | e:   0.283000 | Q:   0.117404 | won: False 
#  353 | steps: 12532 | steps_t:  7307 | t: 74.624320 | r:  -593.000000 | e:   0.269300 | Q:   0.118173 | won: False 
#  354 | steps: 12538 | steps_t:  7312 | t: 74.670197 | r:  -483.000000 | e:   0.268800 | Q:   0.117540 | won: False 
#  355 | steps: 12570 | steps_t:  7343 | t: 74.967403 | r:  -498.000000 | e:   0.265700 | Q:   0.117877 | won: False 
#  356 | steps: 12577 | steps_t:  7349 | t: 75.039211 | r:  -495.000000 | e:   0.265100 | Q:   0.117468 | won: False 
#  357 | steps: 12663 | steps_t:  7434 | t: 75.718392 | r:  -541.000000 | e:   0.256600 | Q:   0.118150 | won: False 
#  358 | steps: 12775 | steps_t:  7545 | t: 76.668862 | r:  -578.000000 | e:   0.245500 | Q:   0.118173 | won: False 
#  359 | steps: 12877 | steps_t:  7646 | t: 77.526556 | r:  -568.000000 | e:   0.235400 | Q:   0.118173 | won: False 
#  360 | steps: 12886 | steps_t:  7654 | t: 77.596367 | r:  -486.000000 | e:   0.234600 | Q:   0.117748 | won: False 
#  361 | steps: 12901 | steps_t:  7668 | t: 77.719040 | r:  -492.000000 | e:   0.233200 | Q:   0.117996 | won: False 
#  362 | steps: 12906 | steps_t:  7672 | t: 77.763921 | r:  -504.000000 | e:   0.232800 | Q:   0.117612 | won: False 
#  363 | steps: 12999 | steps_t:  7764 | t: 78.601678 | r:  -548.000000 | e:   0.223600 | Q:   0.118150 | won: False 
#  364 | steps: 13080 | steps_t:  7844 | t: 79.239970 | r:  -547.000000 | e:   0.215600 | Q:   0.118150 | won: False 
#  365 | steps: 13194 | steps_t:  7957 | t: 80.214365 | r:  -580.000000 | e:   0.204300 | Q:   0.118442 | won: False 
#  366 | steps: 13200 | steps_t:  7962 | t: 80.263232 | r:  -483.000000 | e:   0.203800 | Q:   0.117540 | won: False 
#  367 | steps: 13207 | steps_t:  7968 | t: 80.319083 | r:  -404.000000 | e:   0.203200 | Q:   0.117877 | won: False 
#  368 | steps: 13351 | steps_t:  8111 | t: 81.550787 | r:  -610.000000 | e:   0.188900 | Q:   0.118173 | won: False 
#  369 | steps: 13435 | steps_t:  8194 | t: 82.257896 | r:  -550.000000 | e:   0.180600 | Q:   0.118173 | won: False 
#  370 | steps: 13461 | steps_t:  8219 | t: 82.468334 | r:  -503.000000 | e:   0.178100 | Q:   0.117986 | won: False 
#  371 | steps: 13467 | steps_t:  8224 | t: 82.525181 | r:  -483.000000 | e:   0.177600 | Q:   0.117540 | won: False 
#  372 | steps: 13478 | steps_t:  8234 | t: 82.675780 | r:  -408.000000 | e:   0.176600 | Q:   0.117725 | won: False 
#  373 | steps: 13485 | steps_t:  8240 | t: 82.736614 | r:  -495.000000 | e:   0.176000 | Q:   0.117468 | won: False 
#  374 | steps: 13490 | steps_t:  8244 | t: 82.809421 | r:  -504.000000 | e:   0.175600 | Q:   0.117548 | won: False 
#  375 | steps: 13495 | steps_t:  8248 | t: 82.880230 | r:  -504.000000 | e:   0.175200 | Q:   0.117407 | won: False 
#  376 | steps: 13502 | steps_t:  8254 | t: 82.946054 | r:  -495.000000 | e:   0.174600 | Q:   0.117468 | won: False 
#  377 | steps: 13510 | steps_t:  8261 | t: 83.004896 | r:  -405.000000 | e:   0.173900 | Q:   0.117638 | won: False 
#  378 | steps: 13518 | steps_t:  8268 | t: 83.067729 | r:  -474.000000 | e:   0.173200 | Q:   0.117359 | won: False 
#  379 | steps: 13592 | steps_t:  8341 | t: 83.934409 | r:  -529.000000 | e:   0.165900 | Q:   0.118123 | won: False 
#  380 | steps: 13599 | steps_t:  8347 | t: 84.017189 | r:  -506.000000 | e:   0.165300 | Q:   0.117468 | won: False 
#  381 | steps: 13609 | steps_t:  8356 | t: 84.095991 | r:  -425.000000 | e:   0.164400 | Q:   0.117695 | won: False 
#  382 | steps: 13632 | steps_t:  8378 | t: 84.341321 | r:  -500.000000 | e:   0.162200 | Q:   0.117885 | won: False 
#  383 | steps: 13657 | steps_t:  8402 | t: 84.621572 | r:  -502.000000 | e:   0.159800 | Q:   0.117855 | won: False 
#  384 | steps: 13694 | steps_t:  8438 | t: 85.057405 | r:  -463.000000 | e:   0.156200 | Q:   0.118442 | won: False 
#  385 | steps: 13700 | steps_t:  8443 | t: 85.149161 | r:  -483.000000 | e:   0.155700 | Q:   0.117540 | won: False 
#  386 | steps: 13728 | steps_t:  8470 | t: 85.445367 | r:  -494.000000 | e:   0.153000 | Q:   0.118150 | won: False 
#  387 | steps: 13736 | steps_t:  8477 | t: 85.554077 | r:  -474.000000 | e:   0.152300 | Q:   0.117359 | won: False 
#  388 | steps: 13763 | steps_t:  8503 | t: 85.831334 | r:  -504.000000 | e:   0.149700 | Q:   0.117855 | won: False 
#  389 | steps: 13772 | steps_t:  8511 | t: 85.949021 | r:  -486.000000 | e:   0.148900 | Q:   0.117743 | won: False 
#  390 | steps: 13845 | steps_t:  8583 | t: 86.740900 | r:  -550.000000 | e:   0.141700 | Q:   0.118150 | won: False 
#  391 | steps: 13856 | steps_t:  8593 | t: 86.856595 | r:  -448.000000 | e:   0.140700 | Q:   0.117946 | won: False 
#  392 | steps: 13869 | steps_t:  8605 | t: 86.964317 | r:  -490.000000 | e:   0.139500 | Q:   0.117903 | won: False 
#  393 | steps: 13874 | steps_t:  8609 | t: 87.022151 | r:  -504.000000 | e:   0.139100 | Q:   0.117548 | won: False 
#  394 | steps: 13882 | steps_t:  8616 | t: 87.094954 | r:  -474.000000 | e:   0.138400 | Q:   0.117548 | won: False 
#  395 | steps: 13888 | steps_t:  8621 | t: 87.153796 | r:  -505.000000 | e:   0.137900 | Q:   0.117356 | won: False 
#  396 | steps: 13928 | steps_t:  8660 | t: 87.594618 | r:  -455.000000 | e:   0.134000 | Q:   0.117973 | won: False 
#  397 | steps: 13934 | steps_t:  8665 | t: 87.642488 | r:  -483.000000 | e:   0.133500 | Q:   0.117540 | won: False 
#  398 | steps: 14007 | steps_t:  8737 | t: 88.525127 | r:  -550.000000 | e:   0.126300 | Q:   0.118150 | won: False 
#  399 | steps: 14014 | steps_t:  8743 | t: 88.602919 | r:  -495.000000 | e:   0.125700 | Q:   0.117468 | won: False 
#  400 | steps: 14039 | steps_t:  8767 | t: 88.808370 | r:  -502.000000 | e:   0.123300 | Q:   0.118150 | won: False 
#  401 | steps: 14047 | steps_t:  8774 | t: 88.871202 | r:  -474.000000 | e:   0.122600 | Q:   0.117359 | won: False 
#  402 | steps: 14080 | steps_t:  8806 | t: 89.139483 | r:  -499.000000 | e:   0.119400 | Q:   0.117586 | won: False 
#  403 | steps: 14105 | steps_t:  8830 | t: 89.371862 | r:  -502.000000 | e:   0.117000 | Q:   0.118053 | won: False 
#  404 | steps: 14113 | steps_t:  8837 | t: 89.436687 | r:  -485.000000 | e:   0.116300 | Q:   0.117540 | won: False 
#  405 | steps: 14118 | steps_t:  8841 | t: 89.474600 | r:  -504.000000 | e:   0.115900 | Q:   0.117407 | won: False 
#  406 | steps: 14132 | steps_t:  8854 | t: 89.628175 | r:  -429.000000 | e:   0.114600 | Q:   0.117728 | won: False 
#  407 | steps: 14203 | steps_t:  8924 | t: 90.200644 | r:  -526.000000 | e:   0.107600 | Q:   0.118150 | won: False 
#  408 | steps: 14292 | steps_t:  9012 | t: 90.962605 | r:  -544.000000 | e:   0.100000 | Q:   0.118153 | won: False 
#  409 | steps: 14301 | steps_t:  9020 | t: 91.031422 | r:  -486.000000 | e:   0.100000 | Q:   0.117404 | won: False 
#  410 | steps: 14308 | steps_t:  9026 | t: 91.088276 | r:  -495.000000 | e:   0.100000 | Q:   0.117468 | won: False 
#  411 | steps: 14353 | steps_t:  9070 | t: 91.468253 | r:  -511.000000 | e:   0.100000 | Q:   0.117787 | won: False 
#  412 | steps: 14488 | steps_t:  9204 | t: 92.615184 | r:  -590.000000 | e:   0.100000 | Q:   0.118150 | won: False 
#  413 | steps: 14506 | steps_t:  9221 | t: 92.753813 | r:  -484.000000 | e:   0.100000 | Q:   0.117874 | won: False 
#  414 | steps: 14517 | steps_t:  9231 | t: 92.845567 | r:  -488.000000 | e:   0.100000 | Q:   0.117748 | won: False 
#  415 | steps: 14524 | steps_t:  9237 | t: 92.920367 | r:  -495.000000 | e:   0.100000 | Q:   0.117468 | won: False 
#  416 | steps: 14634 | steps_t:  9346 | t: 93.844894 | r:  -576.000000 | e:   0.100000 | Q:   0.118173 | won: False 
#  417 | steps: 14640 | steps_t:  9351 | t: 93.891768 | r:  -483.000000 | e:   0.100000 | Q:   0.117540 | won: False 
#  418 | steps: 14646 | steps_t:  9356 | t: 93.937645 | r:  -483.000000 | e:   0.100000 | Q:   0.117540 | won: False 
#  419 | steps: 14655 | steps_t:  9364 | t: 94.023415 | r:  -486.000000 | e:   0.100000 | Q:   0.117748 | won: False 
#  420 | steps: 14704 | steps_t:  9412 | t: 94.442295 | r:  -526.000000 | e:   0.100000 | Q:   0.118150 | won: False 
#  421 | steps: 14796 | steps_t:  9503 | t: 95.222208 | r:  -558.000000 | e:   0.100000 | Q:   0.118150 | won: False 
#  422 | steps: 14813 | steps_t:  9519 | t: 95.365824 | r:  -494.000000 | e:   0.100000 | Q:   0.117996 | won: False 
#  423 | steps: 14857 | steps_t:  9562 | t: 95.715894 | r:  -510.000000 | e:   0.100000 | Q:   0.118173 | won: False 
#  424 | steps: 14866 | steps_t:  9570 | t: 95.802656 | r:  -497.000000 | e:   0.100000 | Q:   0.117877 | won: False 
#  425 | steps: 14873 | steps_t:  9576 | t: 95.869479 | r:  -495.000000 | e:   0.100000 | Q:   0.117359 | won: False 
#  426 | steps: 14880 | steps_t:  9582 | t: 95.925338 | r:  -495.000000 | e:   0.100000 | Q:   0.117364 | won: False 
#  427 | steps: 14889 | steps_t:  9590 | t: 95.999129 | r:  -486.000000 | e:   0.100000 | Q:   0.117748 | won: False 
#  428 | steps: 14906 | steps_t:  9606 | t: 96.138757 | r:  -494.000000 | e:   0.100000 | Q:   0.117996 | won: False 
#  429 | steps: 14918 | steps_t:  9617 | t: 96.252452 | r:  -478.000000 | e:   0.100000 | Q:   0.117548 | won: False 
#  430 | steps: 15060 | steps_t:  9758 | t: 97.462215 | r:  -597.000000 | e:   0.100000 | Q:   0.118190 | won: False 
#  431 | steps: 15065 | steps_t:  9762 | t: 97.502108 | r:  -504.000000 | e:   0.100000 | Q:   0.117548 | won: False 
#  432 | steps: 15072 | steps_t:  9768 | t: 97.555964 | r:  -484.000000 | e:   0.100000 | Q:   0.117364 | won: False 
#  433 | steps: 15080 | steps_t:  9775 | t: 97.615804 | r:  -507.000000 | e:   0.100000 | Q:   0.117574 | won: False 
#  434 | steps: 15096 | steps_t:  9790 | t: 97.745463 | r:  -471.000000 | e:   0.100000 | Q:   0.117996 | won: False 
#  435 | steps: 15104 | steps_t:  9797 | t: 97.808290 | r:  -474.000000 | e:   0.100000 | Q:   0.117390 | won: False 
#  436 | steps: 15113 | steps_t:  9805 | t: 97.882092 | r:  -486.000000 | e:   0.100000 | Q:   0.117743 | won: False 
#  437 | steps: 15247 | steps_t:  9938 | t: 99.043983 | r:  -589.000000 | e:   0.100000 | Q:   0.118173 | won: False 
#  438 | steps: 15252 | steps_t:  9942 | t: 99.090862 | r:  -504.000000 | e:   0.100000 | Q:   0.117548 | won: False 
#  439 | steps: 15331 | steps_t: 10020 | t: 99.762076 | r:  -545.000000 | e:   0.100000 | Q:   0.118173 | won: False 
#  440 | steps: 15411 | steps_t: 10099 | t: 100.440247 | r:  -546.000000 | e:   0.100000 | Q:   0.118173 | won: False 
#  441 | steps: 15440 | steps_t: 10127 | t: 100.675647 | r:  -484.000000 | e:   0.100000 | Q:   0.117788 | won: False 
#  442 | steps: 15486 | steps_t: 10172 | t: 101.080533 | r:  -512.000000 | e:   0.100000 | Q:   0.118150 | won: False 
#  443 | steps: 15497 | steps_t: 10182 | t: 101.167301 | r:  -488.000000 | e:   0.100000 | Q:   0.117748 | won: False 
#  444 | steps: 15504 | steps_t: 10188 | t: 101.226147 | r:  -506.000000 | e:   0.100000 | Q:   0.117359 | won: False 
#  445 | steps: 15515 | steps_t: 10198 | t: 101.345828 | r:  -488.000000 | e:   0.100000 | Q:   0.117903 | won: False 
#  446 | steps: 15650 | steps_t: 10332 | t: 102.486773 | r:  -590.000000 | e:   0.100000 | Q:   0.118173 | won: False 
#  447 | steps: 15699 | steps_t: 10380 | t: 102.884707 | r:  -515.000000 | e:   0.100000 | Q:   0.118173 | won: False 
#  448 | steps: 15739 | steps_t: 10419 | t: 103.237761 | r:  -506.000000 | e:   0.100000 | Q:   0.118150 | won: False 
#  449 | steps: 15746 | steps_t: 10425 | t: 103.293612 | r:  -506.000000 | e:   0.100000 | Q:   0.117407 | won: False 
#  450 | steps: 15758 | steps_t: 10436 | t: 103.390354 | r:  -467.000000 | e:   0.100000 | Q:   0.117686 | won: False 
#  451 | steps: 15876 | steps_t: 10553 | t: 104.394666 | r:  -573.000000 | e:   0.100000 | Q:   0.118150 | won: False 
#  452 | steps: 15885 | steps_t: 10561 | t: 104.467472 | r:  -486.000000 | e:   0.100000 | Q:   0.117748 | won: False 
#  453 | steps: 16046 | steps_t: 10721 | t: 105.837810 | r:  -627.000000 | e:   0.100000 | Q:   0.118150 | won: False 
#  454 | steps: 16057 | steps_t: 10731 | t: 105.929560 | r:  -488.000000 | e:   0.100000 | Q:   0.117852 | won: False 
#  455 | steps: 16197 | steps_t: 10870 | t: 107.119376 | r:  -555.000000 | e:   0.100000 | Q:   0.118040 | won: False 
#  456 | steps: 16202 | steps_t: 10874 | t: 107.160278 | r:  -504.000000 | e:   0.100000 | Q:   0.117548 | won: False 
#  457 | steps: 16222 | steps_t: 10893 | t: 107.320843 | r:  -486.000000 | e:   0.100000 | Q:   0.117968 | won: False 
#  458 | steps: 16228 | steps_t: 10898 | t: 107.374697 | r:  -483.000000 | e:   0.100000 | Q:   0.117540 | won: False 
#  459 | steps: 16323 | steps_t: 10992 | t: 108.229408 | r:  -561.000000 | e:   0.100000 | Q:   0.118153 | won: False 
#  460 | steps: 16336 | steps_t: 11004 | t: 108.332133 | r:  -490.000000 | e:   0.100000 | Q:   0.117743 | won: False 
#  461 | steps: 16343 | steps_t: 11010 | t: 108.389977 | r:  -495.000000 | e:   0.100000 | Q:   0.117225 | won: False 
#  462 | steps: 16389 | steps_t: 11055 | t: 108.797885 | r:  -501.000000 | e:   0.100000 | Q:   0.118153 | won: False 
#  463 | steps: 16408 | steps_t: 11073 | t: 108.957469 | r:  -496.000000 | e:   0.100000 | Q:   0.117996 | won: False 
#  464 | steps: 16453 | steps_t: 11117 | t: 109.338439 | r:  -511.000000 | e:   0.100000 | Q:   0.118173 | won: False 
#  465 | steps: 16481 | steps_t: 11144 | t: 109.567825 | r:  -494.000000 | e:   0.100000 | Q:   0.118018 | won: False 
#  466 | steps: 16505 | steps_t: 11167 | t: 109.807185 | r:  -501.000000 | e:   0.100000 | Q:   0.117996 | won: False 
#  467 | steps: 16512 | steps_t: 11173 | t: 109.862038 | r:  -495.000000 | e:   0.100000 | Q:   0.117468 | won: False 
#  468 | steps: 16615 | steps_t: 11275 | t: 110.734703 | r:  -569.000000 | e:   0.100000 | Q:   0.118173 | won: False 
#  469 | steps: 16683 | steps_t: 11342 | t: 111.474726 | r:  -534.000000 | e:   0.100000 | Q:   0.118173 | won: False 
#  470 | steps: 16689 | steps_t: 11347 | t: 111.525588 | r:  -483.000000 | e:   0.100000 | Q:   0.117540 | won: False 
#  471 | steps: 16711 | steps_t: 11368 | t: 111.706104 | r:  -488.000000 | e:   0.100000 | Q:   0.118018 | won: False 
#  472 | steps: 16780 | steps_t: 11436 | t: 112.332429 | r:  -524.000000 | e:   0.100000 | Q:   0.118150 | won: False 
#  473 | steps: 16827 | steps_t: 11482 | t: 112.710417 | r:  -524.000000 | e:   0.100000 | Q:   0.118150 | won: False 
#  474 | steps: 16834 | steps_t: 11488 | t: 112.762279 | r:  -495.000000 | e:   0.100000 | Q:   0.117359 | won: False 
#  475 | steps: 16839 | steps_t: 11492 | t: 112.803169 | r:  -504.000000 | e:   0.100000 | Q:   0.117548 | won: False 
#  476 | steps: 16845 | steps_t: 11497 | t: 112.853042 | r:  -483.000000 | e:   0.100000 | Q:   0.117540 | won: False 
#  477 | steps: 16856 | steps_t: 11507 | t: 112.943793 | r:  -488.000000 | e:   0.100000 | Q:   0.117748 | won: False 
#  478 | steps: 16902 | steps_t: 11552 | t: 113.361674 | r:  -512.000000 | e:   0.100000 | Q:   0.118008 | won: False 
#  479 | steps: 16913 | steps_t: 11562 | t: 113.475370 | r:  -488.000000 | e:   0.100000 | Q:   0.117686 | won: False 
#  480 | steps: 16940 | steps_t: 11588 | t: 113.695781 | r:  -504.000000 | e:   0.100000 | Q:   0.118053 | won: False 
#  481 | steps: 17083 | steps_t: 11730 | t: 114.891582 | r:  -587.000000 | e:   0.100000 | Q:   0.118170 | won: False 
#  482 | steps: 17131 | steps_t: 11777 | t: 115.292508 | r:  -514.000000 | e:   0.100000 | Q:   0.118150 | won: False 
#  483 | steps: 17144 | steps_t: 11789 | t: 115.417176 | r:  -490.000000 | e:   0.100000 | Q:   0.117903 | won: False 
#  484 | steps: 17149 | steps_t: 11793 | t: 115.460061 | r:  -504.000000 | e:   0.100000 | Q:   0.117548 | won: False 
#  485 | steps: 17155 | steps_t: 11798 | t: 115.511922 | r:  -483.000000 | e:   0.100000 | Q:   0.117468 | won: False 
#  486 | steps: 17160 | steps_t: 11802 | t: 115.562785 | r:  -504.000000 | e:   0.100000 | Q:   0.117548 | won: False 
#  487 | steps: 17166 | steps_t: 11807 | t: 115.620630 | r:  -483.000000 | e:   0.100000 | Q:   0.117540 | won: False 
#  488 | steps: 17229 | steps_t: 11869 | t: 116.154202 | r:  -529.000000 | e:   0.100000 | Q:   0.117996 | won: False 
#  489 | steps: 17238 | steps_t: 11877 | t: 116.223020 | r:  -497.000000 | e:   0.100000 | Q:   0.117461 | won: False 
#  490 | steps: 17243 | steps_t: 11881 | t: 116.265908 | r:  -504.000000 | e:   0.100000 | Q:   0.117407 | won: False 
#  491 | steps: 17281 | steps_t: 11918 | t: 116.612978 | r:  -464.000000 | e:   0.100000 | Q:   0.117907 | won: False 
#  492 | steps: 17288 | steps_t: 11924 | t: 116.689770 | r:  -495.000000 | e:   0.100000 | Q:   0.117468 | won: False 
#  493 | steps: 17294 | steps_t: 11929 | t: 116.739636 | r:  -483.000000 | e:   0.100000 | Q:   0.117540 | won: False 
#  494 | steps: 17299 | steps_t: 11933 | t: 116.779530 | r:  -504.000000 | e:   0.100000 | Q:   0.117548 | won: False 
#  495 | steps: 17305 | steps_t: 11938 | t: 116.827405 | r:  -483.000000 | e:   0.100000 | Q:   0.117540 | won: False 
#  496 | steps: 17313 | steps_t: 11945 | t: 116.899210 | r:  -474.000000 | e:   0.100000 | Q:   0.117390 | won: False 
#  497 | steps: 17320 | steps_t: 11951 | t: 116.965033 | r:  -495.000000 | e:   0.100000 | Q:   0.117468 | won: False 
#  498 | steps: 17375 | steps_t: 12005 | t: 117.411838 | r:  -532.000000 | e:   0.100000 | Q:   0.118150 | won: False 
#  499 | steps: 17390 | steps_t: 12019 | t: 117.538500 | r:  -492.000000 | e:   0.100000 | Q:   0.117852 | won: False 
#  500 | steps: 17462 | steps_t: 12090 | t: 118.232644 | r:  -538.000000 | e:   0.100000 | Q:   0.118173 | won: False 
#  501 | steps: 17470 | steps_t: 12097 | t: 118.294476 | r:  -474.000000 | e:   0.100000 | Q:   0.117303 | won: False 
#  502 | steps: 17503 | steps_t: 12129 | t: 118.567745 | r:  -510.000000 | e:   0.100000 | Q:   0.118053 | won: False 
#  503 | steps: 17530 | steps_t: 12155 | t: 118.826055 | r:  -504.000000 | e:   0.100000 | Q:   0.117996 | won: False 
#  504 | steps: 17535 | steps_t: 12159 | t: 118.876918 | r:  -504.000000 | e:   0.100000 | Q:   0.117548 | won: False 
#  505 | steps: 17543 | steps_t: 12166 | t: 118.949728 | r:  -474.000000 | e:   0.100000 | Q:   0.117548 | won: False 
#  506 | steps: 17590 | steps_t: 12212 | t: 119.331701 | r:  -524.000000 | e:   0.100000 | Q:   0.118150 | won: False 
#  507 | steps: 17600 | steps_t: 12221 | t: 119.412486 | r:  -396.000000 | e:   0.100000 | Q:   0.118053 | won: False 
#  508 | steps: 17727 | steps_t: 12347 | t: 120.504563 | r:  -593.000000 | e:   0.100000 | Q:   0.118227 | won: False 
#  509 | steps: 17784 | steps_t: 12403 | t: 120.994253 | r:  -512.000000 | e:   0.100000 | Q:   0.118114 | won: False 
#  510 | steps: 17797 | steps_t: 12415 | t: 121.119918 | r:  -490.000000 | e:   0.100000 | Q:   0.117852 | won: False 
#  511 | steps: 17846 | steps_t: 12463 | t: 121.524837 | r:  -526.000000 | e:   0.100000 | Q:   0.118150 | won: False 
#  512 | steps: 17858 | steps_t: 12474 | t: 121.617584 | r:  -478.000000 | e:   0.100000 | Q:   0.117874 | won: False 
#  513 | steps: 17865 | steps_t: 12480 | t: 121.673436 | r:  -495.000000 | e:   0.100000 | Q:   0.117364 | won: False 
#  514 | steps: 17872 | steps_t: 12486 | t: 121.732285 | r:  -495.000000 | e:   0.100000 | Q:   0.117468 | won: False 
#  515 | steps: 17879 | steps_t: 12492 | t: 121.791120 | r:  -495.000000 | e:   0.100000 | Q:   0.117468 | won: False 
#  516 | steps: 17912 | steps_t: 12524 | t: 122.096305 | r:  -499.000000 | e:   0.100000 | Q:   0.117957 | won: False 
#  517 | steps: 18052 | steps_t: 12663 | t: 123.308061 | r:  -606.000000 | e:   0.100000 | Q:   0.118173 | won: False 
#  518 | steps: 18064 | steps_t: 12674 | t: 123.409791 | r:  -478.000000 | e:   0.100000 | Q:   0.117468 | won: False 
#  519 | steps: 18070 | steps_t: 12679 | t: 123.455667 | r:  -505.000000 | e:   0.100000 | Q:   0.117359 | won: False 
#  520 | steps: 18128 | steps_t: 12736 | t: 123.918429 | r:  -513.000000 | e:   0.100000 | Q:   0.117798 | won: False 
#  521 | steps: 18150 | steps_t: 12757 | t: 124.093960 | r:  -477.000000 | e:   0.100000 | Q:   0.118150 | won: False 
#  522 | steps: 18232 | steps_t: 12838 | t: 124.816027 | r:  -548.000000 | e:   0.100000 | Q:   0.118150 | won: False 
#  523 | steps: 18269 | steps_t: 12874 | t: 125.116224 | r:  -514.000000 | e:   0.100000 | Q:   0.118150 | won: False 
#  524 | steps: 18320 | steps_t: 12924 | t: 125.594943 | r:  -506.000000 | e:   0.100000 | Q:   0.118153 | won: False 
#  525 | steps: 18367 | steps_t: 12970 | t: 125.976922 | r:  -513.000000 | e:   0.100000 | Q:   0.117996 | won: False 
#  526 | steps: 18380 | steps_t: 12982 | t: 126.080644 | r:  -490.000000 | e:   0.100000 | Q:   0.117996 | won: False 
#  527 | steps: 18388 | steps_t: 12989 | t: 126.142479 | r:  -474.000000 | e:   0.100000 | Q:   0.117390 | won: False 
#  528 | steps: 18394 | steps_t: 12994 | t: 126.193342 | r:  -483.000000 | e:   0.100000 | Q:   0.117540 | won: False 
#  529 | steps: 18417 | steps_t: 13016 | t: 126.382834 | r:  -500.000000 | e:   0.100000 | Q:   0.118150 | won: False 
#  530 | steps: 18424 | steps_t: 13022 | t: 126.444670 | r:  -506.000000 | e:   0.100000 | Q:   0.117677 | won: False 
#  531 | steps: 18432 | steps_t: 13029 | t: 126.537427 | r:  -496.000000 | e:   0.100000 | Q:   0.117364 | won: False 
#  532 | steps: 18440 | steps_t: 13036 | t: 126.627181 | r:  -496.000000 | e:   0.100000 | Q:   0.117540 | won: False 
#  533 | steps: 18466 | steps_t: 13061 | t: 126.838616 | r:  -503.000000 | e:   0.100000 | Q:   0.118150 | won: False 
#  534 | steps: 18473 | steps_t: 13067 | t: 126.896461 | r:  -495.000000 | e:   0.100000 | Q:   0.117548 | won: False 
#  535 | steps: 18490 | steps_t: 13083 | t: 127.035094 | r:  -494.000000 | e:   0.100000 | Q:   0.117996 | won: False 
#  536 | steps: 18533 | steps_t: 13125 | t: 127.387148 | r:  -520.000000 | e:   0.100000 | Q:   0.118040 | won: False 
#  537 | steps: 18543 | steps_t: 13134 | t: 127.466934 | r:  -498.000000 | e:   0.100000 | Q:   0.117802 | won: False 
#  538 | steps: 18551 | steps_t: 13141 | t: 127.530763 | r:  -434.000000 | e:   0.100000 | Q:   0.117797 | won: False 
#  539 | steps: 18562 | steps_t: 13151 | t: 127.650444 | r:  -488.000000 | e:   0.100000 | Q:   0.117655 | won: False 
#  540 | steps: 18577 | steps_t: 13165 | t: 127.798049 | r:  -492.000000 | e:   0.100000 | Q:   0.117996 | won: False 
#  541 | steps: 18622 | steps_t: 13209 | t: 128.307686 | r:  -460.000000 | e:   0.100000 | Q:   0.118072 | won: False 
#  542 | steps: 18631 | steps_t: 13217 | t: 128.383482 | r:  -486.000000 | e:   0.100000 | Q:   0.117476 | won: False 
#  543 | steps: 18636 | steps_t: 13221 | t: 128.423378 | r:  -504.000000 | e:   0.100000 | Q:   0.117359 | won: False 
#  544 | steps: 18646 | steps_t: 13230 | t: 128.507157 | r:  -465.000000 | e:   0.100000 | Q:   0.117798 | won: False 
#  545 | steps: 18667 | steps_t: 13250 | t: 128.681684 | r:  -498.000000 | e:   0.100000 | Q:   0.117996 | won: False 
#  546 | steps: 18747 | steps_t: 13329 | t: 129.406748 | r:  -546.000000 | e:   0.100000 | Q:   0.118173 | won: False 
#  547 | steps: 18755 | steps_t: 13336 | t: 129.476557 | r:  -474.000000 | e:   0.100000 | Q:   0.117390 | won: False 
#  548 | steps: 18769 | steps_t: 13349 | t: 129.583271 | r:  -480.000000 | e:   0.100000 | Q:   0.118018 | won: False 
#  549 | steps: 18844 | steps_t: 13423 | t: 130.246500 | r:  -541.000000 | e:   0.100000 | Q:   0.118173 | won: False 
#  550 | steps: 18849 | steps_t: 13427 | t: 130.285393 | r:  -504.000000 | e:   0.100000 | Q:   0.117548 | won: False 
#  551 | steps: 18862 | steps_t: 13439 | t: 130.389116 | r:  -490.000000 | e:   0.100000 | Q:   0.117852 | won: False 
#  552 | steps: 18870 | steps_t: 13446 | t: 130.466908 | r:  -496.000000 | e:   0.100000 | Q:   0.117540 | won: False 
#  553 | steps: 18877 | steps_t: 13452 | t: 130.527746 | r:  -495.000000 | e:   0.100000 | Q:   0.117468 | won: False 
#  554 | steps: 18923 | steps_t: 13497 | t: 130.890775 | r:  -512.000000 | e:   0.100000 | Q:   0.118173 | won: False 
#  555 | steps: 18928 | steps_t: 13501 | t: 130.933665 | r:  -504.000000 | e:   0.100000 | Q:   0.117548 | won: False 
#  556 | steps: 19012 | steps_t: 13584 | t: 131.663710 | r:  -550.000000 | e:   0.100000 | Q:   0.118173 | won: False 
#  557 | steps: 19019 | steps_t: 13590 | t: 131.717562 | r:  -404.000000 | e:   0.100000 | Q:   0.117451 | won: False 
#  558 | steps: 19026 | steps_t: 13596 | t: 131.772419 | r:  -495.000000 | e:   0.100000 | Q:   0.117468 | won: False 
#  559 | steps: 19031 | steps_t: 13600 | t: 131.811316 | r:  -504.000000 | e:   0.100000 | Q:   0.117548 | won: False 
#  560 | steps: 19053 | steps_t: 13621 | t: 131.992839 | r:  -499.000000 | e:   0.100000 | Q:   0.117885 | won: False 
#  561 | steps: 19060 | steps_t: 13627 | t: 132.050672 | r:  -495.000000 | e:   0.100000 | Q:   0.117468 | won: False 
#  562 | steps: 19069 | steps_t: 13635 | t: 132.148409 | r:  -497.000000 | e:   0.100000 | Q:   0.117468 | won: False 
#  563 | steps: 19076 | steps_t: 13641 | t: 132.230190 | r:  -495.000000 | e:   0.100000 | Q:   0.117468 | won: False 
#  564 | steps: 19081 | steps_t: 13645 | t: 132.272081 | r:  -504.000000 | e:   0.100000 | Q:   0.117407 | won: False 
#  565 | steps: 19091 | steps_t: 13654 | t: 132.349870 | r:  -487.000000 | e:   0.100000 | Q:   0.117759 | won: False 
#  566 | steps: 19143 | steps_t: 13705 | t: 132.774734 | r:  -529.000000 | e:   0.100000 | Q:   0.118150 | won: False 
#  567 | steps: 19152 | steps_t: 13713 | t: 132.844547 | r:  -486.000000 | e:   0.100000 | Q:   0.117748 | won: False 
#  568 | steps: 19159 | steps_t: 13719 | t: 132.899400 | r:  -495.000000 | e:   0.100000 | Q:   0.117468 | won: False 
#  569 | steps: 19168 | steps_t: 13727 | t: 132.974200 | r:  -486.000000 | e:   0.100000 | Q:   0.117903 | won: False 
#  570 | steps: 19175 | steps_t: 13733 | t: 133.033042 | r:  -495.000000 | e:   0.100000 | Q:   0.117364 | won: False 
#  571 | steps: 19184 | steps_t: 13741 | t: 133.111831 | r:  -486.000000 | e:   0.100000 | Q:   0.117581 | won: False 
#  572 | steps: 19241 | steps_t: 13797 | t: 133.642411 | r:  -512.000000 | e:   0.100000 | Q:   0.118150 | won: False 
#  573 | steps: 19246 | steps_t: 13801 | t: 133.681308 | r:  -504.000000 | e:   0.100000 | Q:   0.117548 | won: False 
#  574 | steps: 19457 | steps_t: 14011 | t: 135.461545 | r:  -666.000000 | e:   0.100000 | Q:   0.118173 | won: False 
#  575 | steps: 19679 | steps_t: 14232 | t: 137.351487 | r:  -677.000000 | e:   0.100000 | Q:   0.118150 | won: False 
#  576 | steps: 19686 | steps_t: 14238 | t: 137.407338 | r:  -495.000000 | e:   0.100000 | Q:   0.117364 | won: False 
#  577 | steps: 19703 | steps_t: 14254 | t: 137.560927 | r:  -494.000000 | e:   0.100000 | Q:   0.117996 | won: False 
#  578 | steps: 19725 | steps_t: 14275 | t: 137.776351 | r:  -488.000000 | e:   0.100000 | Q:   0.118173 | won: False 
#  579 | steps: 19744 | steps_t: 14293 | t: 137.945896 | r:  -496.000000 | e:   0.100000 | Q:   0.117996 | won: False 
#  580 | steps: 19749 | steps_t: 14297 | t: 137.990776 | r:  -504.000000 | e:   0.100000 | Q:   0.117548 | won: False 
#  581 | steps: 19776 | steps_t: 14323 | t: 138.230137 | r:  -504.000000 | e:   0.100000 | Q:   0.118053 | won: False 
#  582 | steps: 19804 | steps_t: 14350 | t: 138.450549 | r:  -454.000000 | e:   0.100000 | Q:   0.118008 | won: False 
#  583 | steps: 19809 | steps_t: 14354 | t: 138.496424 | r:  -504.000000 | e:   0.100000 | Q:   0.117407 | won: False 
#  584 | steps: 19818 | steps_t: 14362 | t: 138.565240 | r:  -435.000000 | e:   0.100000 | Q:   0.117685 | won: False 
#  585 | steps: 19829 | steps_t: 14372 | t: 138.651012 | r:  -437.000000 | e:   0.100000 | Q:   0.117695 | won: False 
#  586 | steps: 19835 | steps_t: 14377 | t: 138.727805 | r:  -483.000000 | e:   0.100000 | Q:   0.117540 | won: False 
#  587 | steps: 19893 | steps_t: 14434 | t: 139.228465 | r:  -524.000000 | e:   0.100000 | Q:   0.118173 | won: False 
#  588 | steps: 19940 | steps_t: 14480 | t: 139.614433 | r:  -524.000000 | e:   0.100000 | Q:   0.118150 | won: False 
#  589 | steps: 19993 | steps_t: 14532 | t: 140.096143 | r:  -530.000000 | e:   0.100000 | Q:   0.118020 | won: False 
#  590 | steps: 19998 | steps_t: 14536 | t: 140.134043 | r:  -504.000000 | e:   0.100000 | Q:   0.117407 | won: False 
#  591 | steps: 20003 | steps_t: 14540 | t: 140.171941 | r:  -504.000000 | e:   0.100000 | Q:   0.117548 | won: False 
#  592 | steps: 20047 | steps_t: 14583 | t: 140.532976 | r:  -510.000000 | e:   0.100000 | Q:   0.118173 | won: False 
#  593 | steps: 20092 | steps_t: 14627 | t: 140.924926 | r:  -522.000000 | e:   0.100000 | Q:   0.118150 | won: False 
#  594 | steps: 20100 | steps_t: 14634 | t: 140.988758 | r:  -474.000000 | e:   0.100000 | Q:   0.117390 | won: False 
#  595 | steps: 20229 | steps_t: 14762 | t: 142.087825 | r:  -595.000000 | e:   0.100000 | Q:   0.118173 | won: False 
#  596 | steps: 20235 | steps_t: 14767 | t: 142.135687 | r:  -483.000000 | e:   0.100000 | Q:   0.117540 | won: False 
#  597 | steps: 20241 | steps_t: 14772 | t: 142.186551 | r:  -505.000000 | e:   0.100000 | Q:   0.117605 | won: False 
#  598 | steps: 20258 | steps_t: 14788 | t: 142.360087 | r:  -494.000000 | e:   0.100000 | Q:   0.117903 | won: False 
#  599 | steps: 20266 | steps_t: 14795 | t: 142.421921 | r:  -496.000000 | e:   0.100000 | Q:   0.117540 | won: False 
#  600 | steps: 20301 | steps_t: 14829 | t: 142.710150 | r:  -501.000000 | e:   0.100000 | Q:   0.118173 | won: False 
#  601 | steps: 20309 | steps_t: 14836 | t: 142.773982 | r:  -474.000000 | e:   0.100000 | Q:   0.117548 | won: False 
#  602 | steps: 20328 | steps_t: 14854 | t: 142.926571 | r:  -496.000000 | e:   0.100000 | Q:   0.117996 | won: False 
#  603 | steps: 20363 | steps_t: 14888 | t: 143.246717 | r:  -501.000000 | e:   0.100000 | Q:   0.117787 | won: False 
#  604 | steps: 20427 | steps_t: 14951 | t: 143.796250 | r:  -530.000000 | e:   0.100000 | Q:   0.118173 | won: False 
#  605 | steps: 20434 | steps_t: 14957 | t: 143.849102 | r:  -484.000000 | e:   0.100000 | Q:   0.117461 | won: False 
#  606 | steps: 20457 | steps_t: 14979 | t: 144.043582 | r:  -489.000000 | e:   0.100000 | Q:   0.117968 | won: False 
#  607 | steps: 20464 | steps_t: 14985 | t: 144.098436 | r:  -404.000000 | e:   0.100000 | Q:   0.117451 | won: False 
#  608 | steps: 20470 | steps_t: 14990 | t: 144.152292 | r:  -505.000000 | e:   0.100000 | Q:   0.117548 | won: False 
#  609 | steps: 20475 | steps_t: 14994 | t: 144.207145 | r:  -504.000000 | e:   0.100000 | Q:   0.117548 | won: False 
#  610 | steps: 20503 | steps_t: 15021 | t: 144.449495 | r:  -494.000000 | e:   0.100000 | Q:   0.118173 | won: False 
#  611 | steps: 20510 | steps_t: 15027 | t: 144.539269 | r:  -484.000000 | e:   0.100000 | Q:   0.117612 | won: False 
#  612 | steps: 20517 | steps_t: 15033 | t: 144.596104 | r:  -495.000000 | e:   0.100000 | Q:   0.117364 | won: False 
#  613 | steps: 20525 | steps_t: 15040 | t: 144.660931 | r:  -474.000000 | e:   0.100000 | Q:   0.117359 | won: False 
#  614 | steps: 20569 | steps_t: 15083 | t: 145.018972 | r:  -499.000000 | e:   0.100000 | Q:   0.118173 | won: False 
#  615 | steps: 20577 | steps_t: 15090 | t: 145.084801 | r:  -474.000000 | e:   0.100000 | Q:   0.117390 | won: False 
#  616 | steps: 20586 | steps_t: 15098 | t: 145.160598 | r:  -486.000000 | e:   0.100000 | Q:   0.117903 | won: False 
#  617 | steps: 20593 | steps_t: 15104 | t: 145.220434 | r:  -495.000000 | e:   0.100000 | Q:   0.117468 | won: False 
#  618 | steps: 20610 | steps_t: 15120 | t: 145.381003 | r:  -494.000000 | e:   0.100000 | Q:   0.117996 | won: False 
#  619 | steps: 20758 | steps_t: 15267 | t: 146.643625 | r:  -603.000000 | e:   0.100000 | Q:   0.118150 | won: False 
#  620 | steps: 20765 | steps_t: 15273 | t: 146.714439 | r:  -506.000000 | e:   0.100000 | Q:   0.117677 | won: False 
#  621 | steps: 20777 | steps_t: 15284 | t: 146.814169 | r:  -467.000000 | e:   0.100000 | Q:   0.117719 | won: False 
#  622 | steps: 20885 | steps_t: 15391 | t: 147.716772 | r:  -563.000000 | e:   0.100000 | Q:   0.118150 | won: False 
#  623 | steps: 20897 | steps_t: 15402 | t: 147.828455 | r:  -467.000000 | e:   0.100000 | Q:   0.117828 | won: False 
#  624 | steps: 20902 | steps_t: 15406 | t: 147.873335 | r:  -504.000000 | e:   0.100000 | Q:   0.117548 | won: False 
#  625 | steps: 20921 | steps_t: 15424 | t: 148.036898 | r:  -496.000000 | e:   0.100000 | Q:   0.117855 | won: False 
#  626 | steps: 20997 | steps_t: 15499 | t: 148.778917 | r:  -542.000000 | e:   0.100000 | Q:   0.118075 | won: False 
#  627 | steps: 21018 | steps_t: 15519 | t: 149.035232 | r:  -498.000000 | e:   0.100000 | Q:   0.117996 | won: False 
#  628 | steps: 21047 | steps_t: 15547 | t: 149.321460 | r:  -506.000000 | e:   0.100000 | Q:   0.118150 | won: False 
#  629 | steps: 21070 | steps_t: 15569 | t: 149.568798 | r:  -500.000000 | e:   0.100000 | Q:   0.117996 | won: False 
#  630 | steps: 21076 | steps_t: 15574 | t: 149.670527 | r:  -483.000000 | e:   0.100000 | Q:   0.117540 | won: False 
#  631 | steps: 21109 | steps_t: 15606 | t: 150.133289 | r:  -499.000000 | e:   0.100000 | Q:   0.118173 | won: False 
#  632 | steps: 21115 | steps_t: 15611 | t: 150.191133 | r:  -505.000000 | e:   0.100000 | Q:   0.117548 | won: False 
#  633 | steps: 21140 | steps_t: 15635 | t: 150.501306 | r:  -502.000000 | e:   0.100000 | Q:   0.117996 | won: False 
#  634 | steps: 21179 | steps_t: 15673 | t: 150.972044 | r:  -516.000000 | e:   0.100000 | Q:   0.118150 | won: False 
#  635 | steps: 21291 | steps_t: 15784 | t: 152.102022 | r:  -578.000000 | e:   0.100000 | Q:   0.118173 | won: False 
#  636 | steps: 21302 | steps_t: 15794 | t: 152.292511 | r:  -488.000000 | e:   0.100000 | Q:   0.117852 | won: False 
#  637 | steps: 21388 | steps_t: 15879 | t: 153.212050 | r:  -541.000000 | e:   0.100000 | Q:   0.118190 | won: False 
#  638 | steps: 21393 | steps_t: 15883 | t: 153.252941 | r:  -504.000000 | e:   0.100000 | Q:   0.117548 | won: False 
#  639 | steps: 21399 | steps_t: 15888 | t: 153.299820 | r:  -483.000000 | e:   0.100000 | Q:   0.117364 | won: False 
#  640 | steps: 21406 | steps_t: 15894 | t: 153.370626 | r:  -495.000000 | e:   0.100000 | Q:   0.117359 | won: False 
#  641 | steps: 21449 | steps_t: 15936 | t: 153.818430 | r:  -509.000000 | e:   0.100000 | Q:   0.118173 | won: False 
#  642 | steps: 21458 | steps_t: 15944 | t: 153.921157 | r:  -486.000000 | e:   0.100000 | Q:   0.117903 | won: False 
#  643 | steps: 21526 | steps_t: 16011 | t: 154.560444 | r:  -534.000000 | e:   0.100000 | Q:   0.118173 | won: False 
#  644 | steps: 21607 | steps_t: 16091 | t: 155.258574 | r:  -558.000000 | e:   0.100000 | Q:   0.118150 | won: False 
#  645 | steps: 21616 | steps_t: 16099 | t: 155.332378 | r:  -395.000000 | e:   0.100000 | Q:   0.117680 | won: False 
#  646 | steps: 21624 | steps_t: 16106 | t: 155.397205 | r:  -474.000000 | e:   0.100000 | Q:   0.117390 | won: False 
#  647 | steps: 21629 | steps_t: 16110 | t: 155.436104 | r:  -504.000000 | e:   0.100000 | Q:   0.117407 | won: False 
#  648 | steps: 21662 | steps_t: 16142 | t: 155.732308 | r:  -499.000000 | e:   0.100000 | Q:   0.118173 | won: False 
#  649 | steps: 21686 | steps_t: 16165 | t: 155.932771 | r:  -490.000000 | e:   0.100000 | Q:   0.118173 | won: False 
#  650 | steps: 21853 | steps_t: 16331 | t: 157.381894 | r:  -622.000000 | e:   0.100000 | Q:   0.118150 | won: False 
#  651 | steps: 21965 | steps_t: 16442 | t: 158.512869 | r:  -567.000000 | e:   0.100000 | Q:   0.118134 | won: False 
#  652 | steps: 21972 | steps_t: 16448 | t: 158.570714 | r:  -484.000000 | e:   0.100000 | Q:   0.117612 | won: False 
#  653 | steps: 21980 | steps_t: 16455 | t: 158.633546 | r:  -485.000000 | e:   0.100000 | Q:   0.117540 | won: False 
#  654 | steps: 22022 | steps_t: 16496 | t: 158.966654 | r:  -468.000000 | e:   0.100000 | Q:   0.118053 | won: False 
#  655 | steps: 22045 | steps_t: 16518 | t: 159.187067 | r:  -500.000000 | e:   0.100000 | Q:   0.118150 | won: False 
#  656 | steps: 22054 | steps_t: 16526 | t: 159.263862 | r:  -486.000000 | e:   0.100000 | Q:   0.117748 | won: False 
#  657 | steps: 22125 | steps_t: 16596 | t: 159.869241 | r:  -548.000000 | e:   0.100000 | Q:   0.118150 | won: False 
#  658 | steps: 22172 | steps_t: 16642 | t: 160.292108 | r:  -524.000000 | e:   0.100000 | Q:   0.118150 | won: False 
#  659 | steps: 22189 | steps_t: 16658 | t: 160.431734 | r:  -494.000000 | e:   0.100000 | Q:   0.117771 | won: False 
#  660 | steps: 22194 | steps_t: 16662 | t: 160.470631 | r:  -504.000000 | e:   0.100000 | Q:   0.117548 | won: False 
#  661 | steps: 22218 | steps_t: 16685 | t: 160.699018 | r:  -490.000000 | e:   0.100000 | Q:   0.118053 | won: False 
#  662 | steps: 22271 | steps_t: 16737 | t: 161.137845 | r:  -530.000000 | e:   0.100000 | Q:   0.117996 | won: False 
#  663 | steps: 22280 | steps_t: 16745 | t: 161.213642 | r:  -486.000000 | e:   0.100000 | Q:   0.117903 | won: False 
#  664 | steps: 22300 | steps_t: 16764 | t: 161.417101 | r:  -497.000000 | e:   0.100000 | Q:   0.117852 | won: False 
#  665 | steps: 22371 | steps_t: 16834 | t: 162.011512 | r:  -548.000000 | e:   0.100000 | Q:   0.118000 | won: False 
#  666 | steps: 22376 | steps_t: 16838 | t: 162.053396 | r:  -504.000000 | e:   0.100000 | Q:   0.117548 | won: False 
#  667 | steps: 22381 | steps_t: 16842 | t: 162.092292 | r:  -504.000000 | e:   0.100000 | Q:   0.117548 | won: False 
#  668 | steps: 22388 | steps_t: 16848 | t: 162.145149 | r:  -495.000000 | e:   0.100000 | Q:   0.117364 | won: False 
#  669 | steps: 22407 | steps_t: 16866 | t: 162.306716 | r:  -496.000000 | e:   0.100000 | Q:   0.118150 | won: False 
#  670 | steps: 22543 | steps_t: 17001 | t: 163.457648 | r:  -591.000000 | e:   0.100000 | Q:   0.118173 | won: False 
#  671 | steps: 22556 | steps_t: 17013 | t: 163.597265 | r:  -490.000000 | e:   0.100000 | Q:   0.117996 | won: False 
#  672 | steps: 22564 | steps_t: 17020 | t: 163.662120 | r:  -496.000000 | e:   0.100000 | Q:   0.117364 | won: False 
#  673 | steps: 22578 | steps_t: 17033 | t: 163.780772 | r:  -480.000000 | e:   0.100000 | Q:   0.118018 | won: False 
#  674 | steps: 22587 | steps_t: 17041 | t: 163.850586 | r:  -486.000000 | e:   0.100000 | Q:   0.117903 | won: False 
#  675 | steps: 22592 | steps_t: 17045 | t: 163.905440 | r:  -504.000000 | e:   0.100000 | Q:   0.117407 | won: False 
#  676 | steps: 22685 | steps_t: 17137 | t: 164.707294 | r:  -559.000000 | e:   0.100000 | Q:   0.118150 | won: False 
#  677 | steps: 22762 | steps_t: 17213 | t: 165.359550 | r:  -554.000000 | e:   0.100000 | Q:   0.118150 | won: False 
#  678 | steps: 22775 | steps_t: 17225 | t: 165.460281 | r:  -490.000000 | e:   0.100000 | Q:   0.117852 | won: False 
#  679 | steps: 22782 | steps_t: 17231 | t: 165.517127 | r:  -495.000000 | e:   0.100000 | Q:   0.117181 | won: False 
#  680 | steps: 22787 | steps_t: 17235 | t: 165.558018 | r:  -504.000000 | e:   0.100000 | Q:   0.117407 | won: False 
#  681 | steps: 22916 | steps_t: 17363 | t: 166.673035 | r:  -595.000000 | e:   0.100000 | Q:   0.118150 | won: False 
#  682 | steps: 22924 | steps_t: 17370 | t: 166.741850 | r:  -474.000000 | e:   0.100000 | Q:   0.117548 | won: False 
#  683 | steps: 22930 | steps_t: 17375 | t: 166.788731 | r:  -483.000000 | e:   0.100000 | Q:   0.117540 | won: False 
#  684 | steps: 22983 | steps_t: 17427 | t: 167.272432 | r:  -519.000000 | e:   0.100000 | Q:   0.118173 | won: False 
#  685 | steps: 22992 | steps_t: 17435 | t: 167.345236 | r:  -475.000000 | e:   0.100000 | Q:   0.117655 | won: False 
#  686 | steps: 23141 | steps_t: 17583 | t: 168.631794 | r:  -615.000000 | e:   0.100000 | Q:   0.118173 | won: False 
#  687 | steps: 23158 | steps_t: 17599 | t: 168.766433 | r:  -494.000000 | e:   0.100000 | Q:   0.117996 | won: False 
#  688 | steps: 23166 | steps_t: 17606 | t: 168.829267 | r:  -485.000000 | e:   0.100000 | Q:   0.117540 | won: False 
#  689 | steps: 23217 | steps_t: 17656 | t: 169.274076 | r:  -528.000000 | e:   0.100000 | Q:   0.118150 | won: False 
#  690 | steps: 23260 | steps_t: 17698 | t: 169.651067 | r:  -520.000000 | e:   0.100000 | Q:   0.118150 | won: False 
#  691 | steps: 23265 | steps_t: 17702 | t: 169.688965 | r:  -504.000000 | e:   0.100000 | Q:   0.117407 | won: False 
#  692 | steps: 23275 | steps_t: 17711 | t: 169.766757 | r:  -465.000000 | e:   0.100000 | Q:   0.117505 | won: False 
#  693 | steps: 23283 | steps_t: 17718 | t: 169.830586 | r:  -485.000000 | e:   0.100000 | Q:   0.117540 | won: False 
#  694 | steps: 23338 | steps_t: 17772 | t: 170.309308 | r:  -532.000000 | e:   0.100000 | Q:   0.118150 | won: False 
#  695 | steps: 23361 | steps_t: 17794 | t: 170.520740 | r:  -500.000000 | e:   0.100000 | Q:   0.117855 | won: False 
#  696 | steps: 23418 | steps_t: 17850 | t: 171.109166 | r:  -534.000000 | e:   0.100000 | Q:   0.118150 | won: False 
#  697 | steps: 23425 | steps_t: 17856 | t: 171.167011 | r:  -495.000000 | e:   0.100000 | Q:   0.117364 | won: False 
#  698 | steps: 23433 | steps_t: 17863 | t: 171.230840 | r:  -485.000000 | e:   0.100000 | Q:   0.117548 | won: False 
#  699 | steps: 23652 | steps_t: 18081 | t: 173.108815 | r:  -674.000000 | e:   0.100000 | Q:   0.118173 | won: False 
#  700 | steps: 23667 | steps_t: 18095 | t: 173.226500 | r:  -441.000000 | e:   0.100000 | Q:   0.117741 | won: False 
#  701 | steps: 23702 | steps_t: 18129 | t: 173.521710 | r:  -512.000000 | e:   0.100000 | Q:   0.117996 | won: False 
#  702 | steps: 23741 | steps_t: 18167 | t: 173.880752 | r:  -454.000000 | e:   0.100000 | Q:   0.117879 | won: False 
#  703 | steps: 23746 | steps_t: 18171 | t: 173.920643 | r:  -504.000000 | e:   0.100000 | Q:   0.117407 | won: False 
#  704 | steps: 23752 | steps_t: 18176 | t: 173.973502 | r:  -505.000000 | e:   0.100000 | Q:   0.117364 | won: False 
#  705 | steps: 23809 | steps_t: 18232 | t: 174.443245 | r:  -523.000000 | e:   0.100000 | Q:   0.118173 | won: False 
#  706 | steps: 23815 | steps_t: 18237 | t: 174.491117 | r:  -483.000000 | e:   0.100000 | Q:   0.117540 | won: False 
#  707 | steps: 23823 | steps_t: 18244 | t: 174.555943 | r:  -474.000000 | e:   0.100000 | Q:   0.117390 | won: False 
#  708 | steps: 23908 | steps_t: 18328 | t: 175.305936 | r:  -551.000000 | e:   0.100000 | Q:   0.118173 | won: False 
#  709 | steps: 23914 | steps_t: 18333 | t: 175.355806 | r:  -483.000000 | e:   0.100000 | Q:   0.117540 | won: False 
#  710 | steps: 23922 | steps_t: 18340 | t: 175.421626 | r:  -474.000000 | e:   0.100000 | Q:   0.117390 | won: False 
#  711 | steps: 23929 | steps_t: 18346 | t: 175.484460 | r:  -506.000000 | e:   0.100000 | Q:   0.117364 | won: False 
#  712 | steps: 23935 | steps_t: 18351 | t: 175.534326 | r:  -483.000000 | e:   0.100000 | Q:   0.117540 | won: False 
#  713 | steps: 23943 | steps_t: 18358 | t: 175.604190 | r:  -474.000000 | e:   0.100000 | Q:   0.117548 | won: False 
#  714 | steps: 23952 | steps_t: 18366 | t: 175.672954 | r:  -486.000000 | e:   0.100000 | Q:   0.117903 | won: False 
#  715 | steps: 23959 | steps_t: 18372 | t: 175.726811 | r:  -404.000000 | e:   0.100000 | Q:   0.117747 | won: False 
#  716 | steps: 23967 | steps_t: 18379 | t: 175.805600 | r:  -507.000000 | e:   0.100000 | Q:   0.117605 | won: False 
#  717 | steps: 24059 | steps_t: 18470 | t: 176.616432 | r:  -558.000000 | e:   0.100000 | Q:   0.117957 | won: False 
#  718 | steps: 24091 | steps_t: 18501 | t: 176.879726 | r:  -498.000000 | e:   0.100000 | Q:   0.118150 | won: False 
#  719 | steps: 24232 | steps_t: 18641 | t: 178.115419 | r:  -607.000000 | e:   0.100000 | Q:   0.118173 | won: False 
#  720 | steps: 24250 | steps_t: 18658 | t: 178.299927 | r:  -484.000000 | e:   0.100000 | Q:   0.117877 | won: False 
#  721 | steps: 24259 | steps_t: 18666 | t: 178.379713 | r:  -486.000000 | e:   0.100000 | Q:   0.117748 | won: False 
#  722 | steps: 24292 | steps_t: 18698 | t: 178.646997 | r:  -499.000000 | e:   0.100000 | Q:   0.118075 | won: False 
#  723 | steps: 24374 | steps_t: 18779 | t: 179.366074 | r:  -548.000000 | e:   0.100000 | Q:   0.118173 | won: False 
#  724 | steps: 24384 | steps_t: 18788 | t: 179.442871 | r:  -476.000000 | e:   0.100000 | Q:   0.117390 | won: False 
#  725 | steps: 24391 | steps_t: 18794 | t: 179.499715 | r:  -484.000000 | e:   0.100000 | Q:   0.117359 | won: False 
#  726 | steps: 24484 | steps_t: 18886 | t: 180.281626 | r:  -570.000000 | e:   0.100000 | Q:   0.118150 | won: False 
#  727 | steps: 24492 | steps_t: 18893 | t: 180.381358 | r:  -474.000000 | e:   0.100000 | Q:   0.117548 | won: False 
#  728 | steps: 24525 | steps_t: 18925 | t: 180.656621 | r:  -510.000000 | e:   0.100000 | Q:   0.117996 | won: False 
#  729 | steps: 24531 | steps_t: 18930 | t: 180.704492 | r:  -483.000000 | e:   0.100000 | Q:   0.117540 | won: False 
#  730 | steps: 24543 | steps_t: 18941 | t: 180.797245 | r:  -489.000000 | e:   0.100000 | Q:   0.117852 | won: False 
#  731 | steps: 24555 | steps_t: 18952 | t: 180.893985 | r:  -467.000000 | e:   0.100000 | Q:   0.117748 | won: False 
#  732 | steps: 24562 | steps_t: 18958 | t: 180.948843 | r:  -495.000000 | e:   0.100000 | Q:   0.117062 | won: False 
#  733 | steps: 24581 | steps_t: 18976 | t: 181.102427 | r:  -496.000000 | e:   0.100000 | Q:   0.117996 | won: False 
#  734 | steps: 24672 | steps_t: 19066 | t: 181.894309 | r:  -557.000000 | e:   0.100000 | Q:   0.118173 | won: False 
#  735 | steps: 24685 | steps_t: 19078 | t: 181.997035 | r:  -490.000000 | e:   0.100000 | Q:   0.117852 | won: False 
#  736 | steps: 24694 | steps_t: 19086 | t: 182.065849 | r:  -497.000000 | e:   0.100000 | Q:   0.117548 | won: False 
#  737 | steps: 24709 | steps_t: 19100 | t: 182.199492 | r:  -492.000000 | e:   0.100000 | Q:   0.117903 | won: False 
#  738 | steps: 24714 | steps_t: 19104 | t: 182.238391 | r:  -504.000000 | e:   0.100000 | Q:   0.117548 | won: False 
#  739 | steps: 24722 | steps_t: 19111 | t: 182.303217 | r:  -474.000000 | e:   0.100000 | Q:   0.117390 | won: False 
#  740 | steps: 24729 | steps_t: 19117 | t: 182.360063 | r:  -495.000000 | e:   0.100000 | Q:   0.117359 | won: False 
#  741 | steps: 24737 | steps_t: 19124 | t: 182.426910 | r:  -474.000000 | e:   0.100000 | Q:   0.117390 | won: False 
#  742 | steps: 24742 | steps_t: 19128 | t: 182.469771 | r:  -504.000000 | e:   0.100000 | Q:   0.117548 | won: False 
#  743 | steps: 24753 | steps_t: 19138 | t: 182.624355 | r:  -488.000000 | e:   0.100000 | Q:   0.117748 | won: False 
#  744 | steps: 24758 | steps_t: 19142 | t: 182.670232 | r:  -504.000000 | e:   0.100000 | Q:   0.117548 | won: False 
#  745 | steps: 24767 | steps_t: 19150 | t: 182.742041 | r:  -486.000000 | e:   0.100000 | Q:   0.117748 | won: False 
#  746 | steps: 24819 | steps_t: 19201 | t: 183.158927 | r:  -518.000000 | e:   0.100000 | Q:   0.118150 | won: False 
#  747 | steps: 24828 | steps_t: 19209 | t: 183.228738 | r:  -475.000000 | e:   0.100000 | Q:   0.117655 | won: False 
#  748 | steps: 24836 | steps_t: 19216 | t: 183.291575 | r:  -496.000000 | e:   0.100000 | Q:   0.117356 | won: False 
#  749 | steps: 24911 | steps_t: 19290 | t: 183.958785 | r:  -530.000000 | e:   0.100000 | Q:   0.118173 | won: False 
#  750 | steps: 24943 | steps_t: 19321 | t: 184.214102 | r:  -498.000000 | e:   0.100000 | Q:   0.117962 | won: False 
#  751 | steps: 25022 | steps_t: 19399 | t: 185.245343 | r:  -545.000000 | e:   0.100000 | Q:   0.118173 | won: False 
#  752 | steps: 25079 | steps_t: 19455 | t: 185.711097 | r:  -523.000000 | e:   0.100000 | Q:   0.118150 | won: False 
#  753 | steps: 25139 | steps_t: 19514 | t: 186.271596 | r:  -526.000000 | e:   0.100000 | Q:   0.118153 | won: False 
#  754 | steps: 25149 | steps_t: 19523 | t: 186.351383 | r:  -487.000000 | e:   0.100000 | Q:   0.117763 | won: False 
#  755 | steps: 25155 | steps_t: 19528 | t: 186.401257 | r:  -483.000000 | e:   0.100000 | Q:   0.117540 | won: False 
#  756 | steps: 25254 | steps_t: 19626 | t: 187.405564 | r:  -554.000000 | e:   0.100000 | Q:   0.118173 | won: False 
#  757 | steps: 25261 | steps_t: 19632 | t: 187.472385 | r:  -495.000000 | e:   0.100000 | Q:   0.117468 | won: False 
#  758 | steps: 25267 | steps_t: 19637 | t: 187.532225 | r:  -483.000000 | e:   0.100000 | Q:   0.117540 | won: False 
#  759 | steps: 25312 | steps_t: 19681 | t: 187.996982 | r:  -522.000000 | e:   0.100000 | Q:   0.118150 | won: False 
#  760 | steps: 25317 | steps_t: 19685 | t: 188.042859 | r:  -504.000000 | e:   0.100000 | Q:   0.117407 | won: False 
#  761 | steps: 25324 | steps_t: 19691 | t: 188.201433 | r:  -484.000000 | e:   0.100000 | Q:   0.117468 | won: False 
#  762 | steps: 25457 | steps_t: 19823 | t: 189.575757 | r:  -588.000000 | e:   0.100000 | Q:   0.118153 | won: False 
#  763 | steps: 25534 | steps_t: 19899 | t: 190.263915 | r:  -554.000000 | e:   0.100000 | Q:   0.118150 | won: False 
#  764 | steps: 25540 | steps_t: 19904 | t: 190.361654 | r:  -483.000000 | e:   0.100000 | Q:   0.117540 | won: False 
#  765 | steps: 25547 | steps_t: 19910 | t: 190.481333 | r:  -484.000000 | e:   0.100000 | Q:   0.117359 | won: False 
#  766 | steps: 25555 | steps_t: 19917 | t: 190.615974 | r:  -474.000000 | e:   0.100000 | Q:   0.117364 | won: False 
#  767 | steps: 25561 | steps_t: 19922 | t: 190.702742 | r:  -505.000000 | e:   0.100000 | Q:   0.117359 | won: False 
#  768 | steps: 25567 | steps_t: 19927 | t: 190.767567 | r:  -483.000000 | e:   0.100000 | Q:   0.117540 | won: False 
#  769 | steps: 25573 | steps_t: 19932 | t: 190.829402 | r:  -483.000000 | e:   0.100000 | Q:   0.117540 | won: False 
#  770 | steps: 25581 | steps_t: 19939 | t: 190.907195 | r:  -474.000000 | e:   0.100000 | Q:   0.117548 | won: False 
#  771 | steps: 25593 | steps_t: 19950 | t: 191.021888 | r:  -438.000000 | e:   0.100000 | Q:   0.117802 | won: False 
#  772 | steps: 25599 | steps_t: 19955 | t: 191.104666 | r:  -483.000000 | e:   0.100000 | Q:   0.117540 | won: False 
