#    1 | steps:    24 | steps_t:     0 | t: 0.037896 | r:  -490.000000 | e:   1.000000 | Q:        nan | won: False 
#    2 | steps:    51 | steps_t:     0 | t: 0.060835 | r:  -453.000000 | e:   1.000000 | Q:        nan | won: False 
#    3 | steps:    63 | steps_t:     0 | t: 0.072803 | r:  -438.000000 | e:   1.000000 | Q:        nan | won: False 
#    4 | steps:    88 | steps_t:     0 | t: 0.092789 | r:  -451.000000 | e:   1.000000 | Q:        nan | won: False 
#    5 | steps:   105 | steps_t:     0 | t: 0.107709 | r:  -483.000000 | e:   1.000000 | Q:        nan | won: False 
#    6 | steps:   155 | steps_t:     0 | t: 0.155624 | r:  -527.000000 | e:   1.000000 | Q:        nan | won: False 
#    7 | steps:   206 | steps_t:     0 | t: 0.192518 | r:  -488.000000 | e:   1.000000 | Q:        nan | won: False 
#    8 | steps:   236 | steps_t:     0 | t: 0.215461 | r:  -412.000000 | e:   1.000000 | Q:        nan | won: False 
#    9 | steps:   312 | steps_t:     0 | t: 0.312197 | r:  -491.000000 | e:   1.000000 | Q:        nan | won: False 
#   10 | steps:   321 | steps_t:     0 | t: 0.324129 | r:  -508.000000 | e:   1.000000 | Q:        nan | won: False 
#   11 | steps:   348 | steps_t:     0 | t: 0.346107 | r:  -464.000000 | e:   1.000000 | Q:        nan | won: False 
#   12 | steps:   379 | steps_t:     0 | t: 0.370008 | r:  -479.000000 | e:   1.000000 | Q:        nan | won: False 
#   13 | steps:   453 | steps_t:     0 | t: 0.420872 | r:  -551.000000 | e:   1.000000 | Q:        nan | won: False 
#   14 | steps:   547 | steps_t:     0 | t: 0.484736 | r:  -476.000000 | e:   1.000000 | Q:        nan | won: False 
#   15 | steps:   559 | steps_t:     0 | t: 0.496667 | r:  -511.000000 | e:   1.000000 | Q:        nan | won: False 
#   16 | steps:   582 | steps_t:     0 | t: 0.516616 | r:  -511.000000 | e:   1.000000 | Q:        nan | won: False 
#   17 | steps:   622 | steps_t:     0 | t: 0.548530 | r:  -495.000000 | e:   1.000000 | Q:        nan | won: False 
#   18 | steps:   686 | steps_t:     0 | t: 0.595405 | r:  -486.000000 | e:   1.000000 | Q:        nan | won: False 
#   19 | steps:   729 | steps_t:     0 | t: 0.628353 | r:  -447.000000 | e:   1.000000 | Q:        nan | won: False 
#   20 | steps:   768 | steps_t:     0 | t: 0.696134 | r:  -476.000000 | e:   1.000000 | Q:        nan | won: False 
#   21 | steps:   827 | steps_t:     0 | t: 0.740016 | r:  -536.000000 | e:   1.000000 | Q:        nan | won: False 
#   22 | steps:   844 | steps_t:     0 | t: 0.757970 | r:  -516.000000 | e:   1.000000 | Q:        nan | won: False 
#   23 | steps:   852 | steps_t:     0 | t: 0.769936 | r:  -507.000000 | e:   1.000000 | Q:        nan | won: False 
#   24 | steps:   872 | steps_t:     0 | t: 0.793872 | r:  -508.000000 | e:   1.000000 | Q:        nan | won: False 
#   25 | steps:   884 | steps_t:     0 | t: 0.808836 | r:  -500.000000 | e:   1.000000 | Q:        nan | won: False 
#   26 | steps:   943 | steps_t:     0 | t: 0.857740 | r:  -536.000000 | e:   1.000000 | Q:        nan | won: False 
#   27 | steps:  1013 | steps_t:     0 | t: 0.914550 | r:  -463.000000 | e:   1.000000 | Q:        nan | won: False 
#   28 | steps:  1101 | steps_t:     0 | t: 1.003313 | r:  -481.000000 | e:   1.000000 | Q:        nan | won: False 
#   29 | steps:  1129 | steps_t:     0 | t: 1.026288 | r:  -483.000000 | e:   1.000000 | Q:        nan | won: False 
#   30 | steps:  1169 | steps_t:     0 | t: 1.067142 | r:  -444.000000 | e:   1.000000 | Q:        nan | won: False 
#   31 | steps:  1184 | steps_t:     0 | t: 1.082103 | r:  -492.000000 | e:   1.000000 | Q:        nan | won: False 
#   32 | steps:  1219 | steps_t:     0 | t: 1.108032 | r:  -450.000000 | e:   1.000000 | Q:        nan | won: False 
#   33 | steps:  1246 | steps_t:     0 | t: 1.128977 | r:  -442.000000 | e:   1.000000 | Q:        nan | won: False 
#   34 | steps:  1258 | steps_t:     0 | t: 1.141943 | r:  -500.000000 | e:   1.000000 | Q:        nan | won: False 
#   35 | steps:  1324 | steps_t:     0 | t: 1.188818 | r:  -543.000000 | e:   1.000000 | Q:        nan | won: False 
#   36 | steps:  1357 | steps_t:     0 | t: 1.222724 | r:  -477.000000 | e:   1.000000 | Q:        nan | won: False 
#   37 | steps:  1368 | steps_t:     0 | t: 1.237686 | r:  -499.000000 | e:   1.000000 | Q:        nan | won: False 
#   38 | steps:  1383 | steps_t:     0 | t: 1.253685 | r:  -514.000000 | e:   1.000000 | Q:        nan | won: False 
#   39 | steps:  1394 | steps_t:     0 | t: 1.265611 | r:  -510.000000 | e:   1.000000 | Q:        nan | won: False 
#   40 | steps:  1450 | steps_t:     0 | t: 1.310530 | r:  -489.000000 | e:   1.000000 | Q:        nan | won: False 
#   41 | steps:  1501 | steps_t:     0 | t: 1.350386 | r:  -455.000000 | e:   1.000000 | Q:        nan | won: False 
#   42 | steps:  1539 | steps_t:     0 | t: 1.379308 | r:  -442.000000 | e:   1.000000 | Q:        nan | won: False 
#   43 | steps:  1551 | steps_t:     0 | t: 1.394267 | r:  -500.000000 | e:   1.000000 | Q:        nan | won: False 
#   44 | steps:  1581 | steps_t:     0 | t: 1.418202 | r:  -529.000000 | e:   1.000000 | Q:        nan | won: False 
#   45 | steps:  1605 | steps_t:     0 | t: 1.439183 | r:  -439.000000 | e:   1.000000 | Q:        nan | won: False 
#   46 | steps:  1615 | steps_t:     0 | t: 1.452114 | r:  -498.000000 | e:   1.000000 | Q:        nan | won: False 
#   47 | steps:  1673 | steps_t:     0 | t: 1.498026 | r:  -535.000000 | e:   1.000000 | Q:        nan | won: False 
#   48 | steps:  1726 | steps_t:     0 | t: 1.539876 | r:  -541.000000 | e:   1.000000 | Q:        nan | won: False 
#   49 | steps:  1740 | steps_t:     0 | t: 1.555870 | r:  -502.000000 | e:   1.000000 | Q:        nan | won: False 
#   50 | steps:  1763 | steps_t:     0 | t: 1.575819 | r:  -511.000000 | e:   1.000000 | Q:        nan | won: False 
#   51 | steps:  1806 | steps_t:     0 | t: 1.606739 | r:  -509.000000 | e:   1.000000 | Q:        nan | won: False 
#   52 | steps:  1846 | steps_t:     0 | t: 1.637616 | r:  -488.000000 | e:   1.000000 | Q:        nan | won: False 
#   53 | steps:  1863 | steps_t:     0 | t: 1.656600 | r:  -505.000000 | e:   1.000000 | Q:        nan | won: False 
#   54 | steps:  1952 | steps_t:     0 | t: 1.739347 | r:  -566.000000 | e:   1.000000 | Q:        nan | won: False 
#   55 | steps:  2063 | steps_t:     0 | t: 1.833092 | r:  -555.000000 | e:   1.000000 | Q:        nan | won: False 
#   56 | steps:  2115 | steps_t:     0 | t: 1.890938 | r:  -496.000000 | e:   1.000000 | Q:        nan | won: False 
#   57 | steps:  2209 | steps_t:     0 | t: 1.981695 | r:  -465.000000 | e:   1.000000 | Q:        nan | won: False 
#   58 | steps:  2248 | steps_t:     0 | t: 2.023584 | r:  -476.000000 | e:   1.000000 | Q:        nan | won: False 
#   59 | steps:  2339 | steps_t:     0 | t: 2.130296 | r:  -546.000000 | e:   1.000000 | Q:        nan | won: False 
#   60 | steps:  2374 | steps_t:     0 | t: 2.166200 | r:  -439.000000 | e:   1.000000 | Q:        nan | won: False 
#   61 | steps:  2397 | steps_t:     0 | t: 2.188142 | r:  -449.000000 | e:   1.000000 | Q:        nan | won: False 
#   62 | steps:  2416 | steps_t:     0 | t: 2.209085 | r:  -445.000000 | e:   1.000000 | Q:        nan | won: False 
#   63 | steps:  2471 | steps_t:     0 | t: 2.249978 | r:  -543.000000 | e:   1.000000 | Q:        nan | won: False 
#   64 | steps:  2487 | steps_t:     0 | t: 2.265945 | r:  -515.000000 | e:   1.000000 | Q:        nan | won: False 
#   65 | steps:  2544 | steps_t:     0 | t: 2.303834 | r:  -494.000000 | e:   1.000000 | Q:        nan | won: False 
#   66 | steps:  2562 | steps_t:     0 | t: 2.319789 | r:  -455.000000 | e:   1.000000 | Q:        nan | won: False 
#   67 | steps:  2573 | steps_t:     0 | t: 2.332757 | r:  -499.000000 | e:   1.000000 | Q:        nan | won: False 
#   68 | steps:  2590 | steps_t:     0 | t: 2.348749 | r:  -505.000000 | e:   1.000000 | Q:        nan | won: False 
#   69 | steps:  2654 | steps_t:     0 | t: 2.398581 | r:  -475.000000 | e:   1.000000 | Q:        nan | won: False 
#   70 | steps:  2699 | steps_t:     0 | t: 2.519258 | r:  -489.000000 | e:   1.000000 | Q:        nan | won: False 
#   71 | steps:  2707 | steps_t:     0 | t: 2.531227 | r:  -405.000000 | e:   1.000000 | Q:        nan | won: False 
#   72 | steps:  2745 | steps_t:     0 | t: 2.572153 | r:  -442.000000 | e:   1.000000 | Q:        nan | won: False 
#   73 | steps:  2964 | steps_t:     0 | t: 2.751667 | r:    10.000000 | e:   1.000000 | Q:        nan | won: True 
#   74 | steps:  2971 | steps_t:     0 | t: 2.765633 | r:  -495.000000 | e:   1.000000 | Q:        nan | won: False 
#   75 | steps:  3003 | steps_t:     0 | t: 2.793523 | r:  -469.000000 | e:   1.000000 | Q:        nan | won: False 
#   76 | steps:  3064 | steps_t:     0 | t: 2.837406 | r:  -487.000000 | e:   1.000000 | Q:        nan | won: False 
#   77 | steps:  3164 | steps_t:     0 | t: 2.904262 | r:  -522.000000 | e:   1.000000 | Q:        nan | won: False 
#   78 | steps:  3198 | steps_t:     0 | t: 2.930158 | r:  -427.000000 | e:   1.000000 | Q:        nan | won: False 
#   79 | steps:  3259 | steps_t:     0 | t: 2.983015 | r:  -443.000000 | e:   1.000000 | Q:        nan | won: False 
#   80 | steps:  3271 | steps_t:     0 | t: 3.003999 | r:  -500.000000 | e:   1.000000 | Q:        nan | won: False 
#   81 | steps:  3290 | steps_t:     0 | t: 3.022942 | r:  -507.000000 | e:   1.000000 | Q:        nan | won: False 
#   82 | steps:  3303 | steps_t:     0 | t: 3.036907 | r:  -501.000000 | e:   1.000000 | Q:        nan | won: False 
#   83 | steps:  3379 | steps_t:     0 | t: 3.094716 | r:  -502.000000 | e:   1.000000 | Q:        nan | won: False 
#   84 | steps:  3390 | steps_t:     0 | t: 3.106685 | r:  -477.000000 | e:   1.000000 | Q:        nan | won: False 
#   85 | steps:  3437 | steps_t:     0 | t: 3.158545 | r:  -491.000000 | e:   1.000000 | Q:        nan | won: False 
#   86 | steps:  3451 | steps_t:     0 | t: 3.177494 | r:  -502.000000 | e:   1.000000 | Q:        nan | won: False 
#   87 | steps:  3506 | steps_t:     0 | t: 3.231359 | r:  -481.000000 | e:   1.000000 | Q:        nan | won: False 
#   88 | steps:  3557 | steps_t:     0 | t: 3.271280 | r:  -477.000000 | e:   1.000000 | Q:        nan | won: False 
#   89 | steps:  3573 | steps_t:     0 | t: 3.288236 | r:  -515.000000 | e:   1.000000 | Q:        nan | won: False 
#   90 | steps:  3613 | steps_t:     0 | t: 3.320153 | r:  -422.000000 | e:   1.000000 | Q:        nan | won: False 
#   91 | steps:  3649 | steps_t:     0 | t: 3.349076 | r:  -524.000000 | e:   1.000000 | Q:        nan | won: False 
#   92 | steps:  3674 | steps_t:     0 | t: 3.369979 | r:  -451.000000 | e:   1.000000 | Q:        nan | won: False 
#   93 | steps:  3735 | steps_t:     0 | t: 3.412864 | r:  -538.000000 | e:   1.000000 | Q:        nan | won: False 
#   94 | steps:  3742 | steps_t:     0 | t: 3.422841 | r:  -495.000000 | e:   1.000000 | Q:        nan | won: False 
#   95 | steps:  3773 | steps_t:     0 | t: 3.449768 | r:  -446.000000 | e:   1.000000 | Q:        nan | won: False 
#   96 | steps:  3824 | steps_t:     0 | t: 3.499633 | r:  -550.000000 | e:   1.000000 | Q:        nan | won: False 
#   97 | steps:  3908 | steps_t:     0 | t: 3.575472 | r:  -517.000000 | e:   1.000000 | Q:        nan | won: False 
#   98 | steps:  3976 | steps_t:     0 | t: 3.621306 | r:  -450.000000 | e:   1.000000 | Q:        nan | won: False 
#   99 | steps:  4035 | steps_t:     0 | t: 3.666189 | r:  -536.000000 | e:   1.000000 | Q:        nan | won: False 
#  100 | steps:  4066 | steps_t:     0 | t: 3.692118 | r:  -457.000000 | e:   1.000000 | Q:        nan | won: False 
#  101 | steps:  4089 | steps_t:     0 | t: 3.714060 | r:  -449.000000 | e:   1.000000 | Q:        nan | won: False 
#  102 | steps:  4112 | steps_t:     0 | t: 3.733008 | r:  -511.000000 | e:   1.000000 | Q:        nan | won: False 
#  103 | steps:  4141 | steps_t:     0 | t: 3.757941 | r:  -477.000000 | e:   1.000000 | Q:        nan | won: False 
#  104 | steps:  4236 | steps_t:     0 | t: 3.821807 | r:  -572.000000 | e:   1.000000 | Q:        nan | won: False 
#  105 | steps:  4279 | steps_t:     0 | t: 3.852729 | r:  -480.000000 | e:   1.000000 | Q:        nan | won: False 
#  106 | steps:  4331 | steps_t:     0 | t: 3.892622 | r:  -507.000000 | e:   1.000000 | Q:        nan | won: False 
#  107 | steps:  4338 | steps_t:     0 | t: 3.905546 | r:  -484.000000 | e:   1.000000 | Q:        nan | won: False 
#  108 | steps:  4346 | steps_t:     0 | t: 3.916560 | r:  -507.000000 | e:   1.000000 | Q:        nan | won: False 
#  109 | steps:  4356 | steps_t:     0 | t: 3.929482 | r:  -509.000000 | e:   1.000000 | Q:        nan | won: False 
#  110 | steps:  4379 | steps_t:     0 | t: 3.949431 | r:  -478.000000 | e:   1.000000 | Q:        nan | won: False 
#  111 | steps:  4388 | steps_t:     0 | t: 3.961399 | r:  -508.000000 | e:   1.000000 | Q:        nan | won: False 
#  112 | steps:  4399 | steps_t:     0 | t: 3.974400 | r:  -459.000000 | e:   1.000000 | Q:        nan | won: False 
#  113 | steps:  4411 | steps_t:     0 | t: 3.987330 | r:  -398.000000 | e:   1.000000 | Q:        nan | won: False 
#  114 | steps:  4457 | steps_t:     0 | t: 4.024267 | r:  -439.000000 | e:   1.000000 | Q:        nan | won: False 
#  115 | steps:  4495 | steps_t:     0 | t: 4.064122 | r:  -464.000000 | e:   1.000000 | Q:        nan | won: False 
#  116 | steps:  4533 | steps_t:     0 | t: 4.106012 | r:  -464.000000 | e:   1.000000 | Q:        nan | won: False 
#  117 | steps:  4574 | steps_t:     0 | t: 4.139922 | r:  -489.000000 | e:   1.000000 | Q:        nan | won: False 
#  118 | steps:  4591 | steps_t:     0 | t: 4.157873 | r:  -494.000000 | e:   1.000000 | Q:        nan | won: False 
#  119 | steps:  4630 | steps_t:     0 | t: 4.194774 | r:  -454.000000 | e:   1.000000 | Q:        nan | won: False 
#  120 | steps:  4752 | steps_t:     0 | t: 4.299493 | r:  -544.000000 | e:   1.000000 | Q:        nan | won: False 
#  121 | steps:  4784 | steps_t:     0 | t: 4.331409 | r:  -436.000000 | e:   1.000000 | Q:        nan | won: False 
#  122 | steps:  4862 | steps_t:     0 | t: 4.386268 | r:  -460.000000 | e:   1.000000 | Q:        nan | won: False 
#  123 | steps:  4952 | steps_t:     0 | t: 4.445144 | r:  -523.000000 | e:   1.000000 | Q:        nan | won: False 
#  124 | steps:  5029 | steps_t:     0 | t: 4.932798 | r:  -521.000000 | e:   1.000000 | Q:        nan | won: False 
#  125 | steps:  5078 | steps_t:     0 | t: 5.369630 | r:  -526.000000 | e:   1.000000 | Q:        nan | won: False 
#  126 | steps:  5172 | steps_t:     0 | t: 6.144556 | r:  -571.000000 | e:   1.000000 | Q:        nan | won: False 
#  127 | steps:  5226 | steps_t:     0 | t: 6.831719 | r:  -469.000000 | e:   1.000000 | Q:        nan | won: False 
#  128 | steps:  5239 | steps_t:     0 | t: 6.992289 | r:  -512.000000 | e:   1.000000 | Q:        nan | won: False 
#  129 | steps:  5267 | steps_t:     0 | t: 7.376262 | r:  -454.000000 | e:   1.000000 | Q:        nan | won: False 
#  130 | steps:  5275 | steps_t:     0 | t: 7.459039 | r:  -496.000000 | e:   1.000000 | Q:        nan | won: False 
#  131 | steps:  5334 | steps_t:     0 | t: 8.231971 | r:  -503.000000 | e:   1.000000 | Q:        nan | won: False 
#  132 | steps:  5398 | steps_t:     0 | t: 8.884226 | r:  -446.000000 | e:   1.000000 | Q:        nan | won: False 
#  133 | steps:  5414 | steps_t:     0 | t: 9.033825 | r:  -493.000000 | e:   1.000000 | Q:        nan | won: False 
#  134 | steps:  5422 | steps_t:     0 | t: 9.096661 | r:  -507.000000 | e:   1.000000 | Q:        nan | won: False 
#  135 | steps:  5433 | steps_t:     0 | t: 9.186418 | r:  -510.000000 | e:   1.000000 | Q:        nan | won: False 
#  136 | steps:  5476 | steps_t:     0 | t: 9.642198 | r:  -469.000000 | e:   1.000000 | Q:        nan | won: False 
#  137 | steps:  5508 | steps_t:     0 | t: 10.005227 | r:  -458.000000 | e:   1.000000 | Q:        nan | won: False 
#  138 | steps:  5545 | steps_t:     0 | t: 10.373243 | r:  -430.000000 | e:   1.000000 | Q:        nan | won: False 
#  139 | steps:  5593 | steps_t:     0 | t: 10.943717 | r:  -474.000000 | e:   1.000000 | Q:        nan | won: False 
#  140 | steps:  5601 | steps_t:     0 | t: 11.073369 | r:  -496.000000 | e:   1.000000 | Q:        nan | won: False 
#  141 | steps:  5640 | steps_t:     0 | t: 11.489257 | r:  -476.000000 | e:   1.000000 | Q:        nan | won: False 
#  142 | steps:  5649 | steps_t:     0 | t: 11.583004 | r:  -486.000000 | e:   1.000000 | Q:        nan | won: False 
#  143 | steps:  5677 | steps_t:     0 | t: 11.889185 | r:  -465.000000 | e:   1.000000 | Q:        nan | won: False 
#  144 | steps:  5735 | steps_t:     0 | t: 12.447691 | r:  -502.000000 | e:   1.000000 | Q:        nan | won: False 
#  145 | steps:  5756 | steps_t:     0 | t: 12.648156 | r:  -509.000000 | e:   1.000000 | Q:        nan | won: False 
#  146 | steps:  5777 | steps_t:     0 | t: 12.923419 | r:  -498.000000 | e:   1.000000 | Q:        nan | won: False 
#  147 | steps:  5845 | steps_t:     0 | t: 13.600608 | r:  -494.000000 | e:   1.000000 | Q:        nan | won: False 
#  148 | steps:  5857 | steps_t:     0 | t: 13.716298 | r:  -489.000000 | e:   1.000000 | Q:        nan | won: False 
#  149 | steps:  5927 | steps_t:     0 | t: 14.524136 | r:  -514.000000 | e:   1.000000 | Q:        nan | won: False 
#  150 | steps:  5953 | steps_t:     0 | t: 14.782446 | r:  -514.000000 | e:   1.000000 | Q:        nan | won: False 
#  151 | steps:  5991 | steps_t:     0 | t: 15.172401 | r:  -475.000000 | e:   1.000000 | Q:        nan | won: False 
#  152 | steps:  6005 | steps_t:     0 | t: 15.318012 | r:  -429.000000 | e:   1.000000 | Q:        nan | won: False 
#  153 | steps:  6041 | steps_t:     0 | t: 15.708966 | r:  -462.000000 | e:   1.000000 | Q:        nan | won: False 
#  154 | steps:  6049 | steps_t:     0 | t: 15.780773 | r:  -507.000000 | e:   1.000000 | Q:        nan | won: False 
#  155 | steps:  6083 | steps_t:     0 | t: 16.080972 | r:  -500.000000 | e:   1.000000 | Q:        nan | won: False 
#  156 | steps:  6094 | steps_t:     0 | t: 16.219599 | r:  -499.000000 | e:   1.000000 | Q:        nan | won: False 
#  157 | steps:  6103 | steps_t:     0 | t: 16.311354 | r:  -508.000000 | e:   1.000000 | Q:        nan | won: False 
#  158 | steps:  6117 | steps_t:     0 | t: 16.555700 | r:  -429.000000 | e:   1.000000 | Q:        nan | won: False 
#  159 | steps:  6205 | steps_t:     0 | t: 17.473246 | r:  -459.000000 | e:   1.000000 | Q:        nan | won: False 
#  160 | steps:  6213 | steps_t:     0 | t: 17.555026 | r:  -485.000000 | e:   1.000000 | Q:        nan | won: False 
#  161 | steps:  6256 | steps_t:     0 | t: 18.046711 | r:   135.000000 | e:   1.000000 | Q:        nan | won: True 
#  162 | steps:  6363 | steps_t:     0 | t: 19.273430 | r:  -522.000000 | e:   1.000000 | Q:        nan | won: False 
#  163 | steps:  6465 | steps_t:     0 | t: 20.400413 | r:  -557.000000 | e:   1.000000 | Q:        nan | won: False 
#  164 | steps:  6495 | steps_t:     0 | t: 20.696624 | r:  -456.000000 | e:   1.000000 | Q:        nan | won: False 
#  165 | steps:  6564 | steps_t:     0 | t: 21.609179 | r:  -535.000000 | e:   1.000000 | Q:        nan | won: False 
#  166 | steps:  6573 | steps_t:     0 | t: 21.681985 | r:  -508.000000 | e:   1.000000 | Q:        nan | won: False 
#  167 | steps:  6585 | steps_t:     0 | t: 21.812635 | r:  -489.000000 | e:   1.000000 | Q:        nan | won: False 
#  168 | steps:  6600 | steps_t:     0 | t: 21.935308 | r:  -503.000000 | e:   1.000000 | Q:        nan | won: False 
#  169 | steps:  6630 | steps_t:     0 | t: 22.188628 | r:  -507.000000 | e:   1.000000 | Q:        nan | won: False 
#  170 | steps:  6652 | steps_t:     0 | t: 22.420010 | r:  -521.000000 | e:   1.000000 | Q:        nan | won: False 
#  171 | steps:  6727 | steps_t:     0 | t: 23.245802 | r:  -530.000000 | e:   1.000000 | Q:        nan | won: False 
#  172 | steps:  6748 | steps_t:     0 | t: 23.425319 | r:  -498.000000 | e:   1.000000 | Q:        nan | won: False 
#  173 | steps:  6792 | steps_t:     0 | t: 23.895062 | r:  -470.000000 | e:   1.000000 | Q:        nan | won: False 
#  174 | steps:  6826 | steps_t:     0 | t: 24.267069 | r:  -460.000000 | e:   1.000000 | Q:        nan | won: False 
#  175 | steps:  6888 | steps_t:     0 | t: 24.835548 | r:  -528.000000 | e:   1.000000 | Q:        nan | won: False 
#  176 | steps:  6946 | steps_t:     0 | t: 25.381088 | r:  -502.000000 | e:   1.000000 | Q:        nan | won: False 
#  177 | steps:  6971 | steps_t:     0 | t: 25.576565 | r:  -440.000000 | e:   1.000000 | Q:        nan | won: False 
#  178 | steps:  7006 | steps_t:     0 | t: 25.913663 | r:  -428.000000 | e:   1.000000 | Q:        nan | won: False 
#  179 | steps:  7026 | steps_t:     0 | t: 26.070243 | r:  -395.000000 | e:   1.000000 | Q:        nan | won: False 
#  180 | steps:  7041 | steps_t:     0 | t: 26.219845 | r:  -492.000000 | e:   1.000000 | Q:        nan | won: False 
#  181 | steps:  7145 | steps_t:     0 | t: 28.212525 | r:  -526.000000 | e:   1.000000 | Q:        nan | won: False 
