#    1 | steps:    15 | steps_t:     0 | t: 0.048866 | r:  -514.000000 | e:   1.000000 | Q:        nan | won: False 
#    2 | steps:    36 | steps_t:     0 | t: 0.080781 | r:  -520.000000 | e:   1.000000 | Q:        nan | won: False 
#    3 | steps:   121 | steps_t:     0 | t: 0.309169 | r:  -518.000000 | e:   1.000000 | Q:        nan | won: False 
#    4 | steps:   176 | steps_t:     0 | t: 0.383969 | r:   123.000000 | e:   1.000000 | Q:        nan | won: True 
#    5 | steps:   239 | steps_t:     0 | t: 0.462758 | r:  -456.000000 | e:   1.000000 | Q:        nan | won: False 
#    6 | steps:   258 | steps_t:     0 | t: 0.493676 | r:  -507.000000 | e:   1.000000 | Q:        nan | won: False 
#    7 | steps:   297 | steps_t:     0 | t: 0.547541 | r:  -454.000000 | e:   1.000000 | Q:        nan | won: False 
#    8 | steps:   316 | steps_t:     0 | t: 0.577451 | r:  -507.000000 | e:   1.000000 | Q:        nan | won: False 
#    9 | steps:   373 | steps_t:     0 | t: 0.688155 | r:  -472.000000 | e:   1.000000 | Q:        nan | won: False 
#   10 | steps:   455 | steps_t:     0 | t: 0.789883 | r:  -537.000000 | e:   1.000000 | Q:        nan | won: False 
#   11 | steps:   503 | steps_t:     0 | t: 0.867675 | r:  -463.000000 | e:   1.000000 | Q:        nan | won: False 
#   12 | steps:   569 | steps_t:     0 | t: 0.953446 | r:   163.000000 | e:   1.000000 | Q:        nan | won: True 
#   13 | steps:   610 | steps_t:     0 | t: 1.003313 | r:  -467.000000 | e:   1.000000 | Q:        nan | won: False 
#   14 | steps:   631 | steps_t:     0 | t: 1.037224 | r:  -509.000000 | e:   1.000000 | Q:        nan | won: False 
#   15 | steps:   640 | steps_t:     0 | t: 1.054176 | r:  -508.000000 | e:   1.000000 | Q:        nan | won: False 
#   16 | steps:   683 | steps_t:     0 | t: 1.107036 | r:  -498.000000 | e:   1.000000 | Q:        nan | won: False 
#   17 | steps:   764 | steps_t:     0 | t: 1.210757 | r:  -507.000000 | e:   1.000000 | Q:        nan | won: False 
#   18 | steps:   803 | steps_t:     0 | t: 1.262618 | r:  -443.000000 | e:   1.000000 | Q:        nan | won: False 
#   19 | steps:   897 | steps_t:     0 | t: 1.393268 | r:  -476.000000 | e:   1.000000 | Q:        nan | won: False 
#   20 | steps:   909 | steps_t:     0 | t: 1.416210 | r:  -500.000000 | e:   1.000000 | Q:        nan | won: False 
#   21 | steps:   945 | steps_t:     0 | t: 1.467071 | r:  -462.000000 | e:   1.000000 | Q:        nan | won: False 
#   22 | steps:  1022 | steps_t:     0 | t: 1.560821 | r:  -554.000000 | e:   1.000000 | Q:        nan | won: False 
#   23 | steps:  1052 | steps_t:     0 | t: 1.600714 | r:  -456.000000 | e:   1.000000 | Q:        nan | won: False 
#   24 | steps:  1197 | steps_t:     0 | t: 1.818132 | r:  -622.000000 | e:   1.000000 | Q:        nan | won: False 
#   25 | steps:  1239 | steps_t:     0 | t: 1.873982 | r:  -479.000000 | e:   1.000000 | Q:        nan | won: False 
#   26 | steps:  1309 | steps_t:     0 | t: 1.998652 | r:  -485.000000 | e:   1.000000 | Q:        nan | won: False 
#   27 | steps:  1324 | steps_t:     0 | t: 2.046522 | r:  -503.000000 | e:   1.000000 | Q:        nan | won: False 
#   28 | steps:  1431 | steps_t:     0 | t: 2.191135 | r:  -522.000000 | e:   1.000000 | Q:        nan | won: False 
#   29 | steps:  1443 | steps_t:     0 | t: 2.211080 | r:  -489.000000 | e:   1.000000 | Q:        nan | won: False 
#   30 | steps:  1466 | steps_t:     0 | t: 2.241997 | r:  -460.000000 | e:   1.000000 | Q:        nan | won: False 
#   31 | steps:  1498 | steps_t:     0 | t: 2.284887 | r:  -520.000000 | e:   1.000000 | Q:        nan | won: False 
#   32 | steps:  1549 | steps_t:     0 | t: 2.350709 | r:  -484.000000 | e:   1.000000 | Q:        nan | won: False 
#   33 | steps:  1638 | steps_t:     0 | t: 2.493332 | r:  -511.000000 | e:   1.000000 | Q:        nan | won: False 
#   34 | steps:  1662 | steps_t:     0 | t: 2.545187 | r:  -461.000000 | e:   1.000000 | Q:        nan | won: False 
#   35 | steps:  1680 | steps_t:     0 | t: 2.578099 | r:  -455.000000 | e:   1.000000 | Q:        nan | won: False 
#   36 | steps:  1691 | steps_t:     0 | t: 2.601045 | r:  -510.000000 | e:   1.000000 | Q:        nan | won: False 
#   37 | steps:  1714 | steps_t:     0 | t: 2.638936 | r:  -438.000000 | e:   1.000000 | Q:        nan | won: False 
#   38 | steps:  1749 | steps_t:     0 | t: 2.691794 | r:  -490.000000 | e:   1.000000 | Q:        nan | won: False 
#   39 | steps:  1831 | steps_t:     0 | t: 2.799505 | r:  -508.000000 | e:   1.000000 | Q:        nan | won: False 
#   40 | steps:  1888 | steps_t:     0 | t: 2.888270 | r:  -483.000000 | e:   1.000000 | Q:        nan | won: False 
#   41 | steps:  1976 | steps_t:     0 | t: 2.997977 | r:  -470.000000 | e:   1.000000 | Q:        nan | won: False 
#   42 | steps:  2007 | steps_t:     0 | t: 3.044850 | r:  -479.000000 | e:   1.000000 | Q:        nan | won: False 
#   43 | steps:  2024 | steps_t:     0 | t: 3.071779 | r:  -443.000000 | e:   1.000000 | Q:        nan | won: False 
#   44 | steps:  2039 | steps_t:     0 | t: 3.102697 | r:  -503.000000 | e:   1.000000 | Q:        nan | won: False 
#   45 | steps:  2053 | steps_t:     0 | t: 3.136610 | r:  -502.000000 | e:   1.000000 | Q:        nan | won: False 
#   46 | steps:  2104 | steps_t:     0 | t: 3.215393 | r:  -466.000000 | e:   1.000000 | Q:        nan | won: False 
#   47 | steps:  2114 | steps_t:     0 | t: 3.239331 | r:  -509.000000 | e:   1.000000 | Q:        nan | won: False 
#   48 | steps:  2143 | steps_t:     0 | t: 3.300168 | r:  -506.000000 | e:   1.000000 | Q:        nan | won: False 
#   49 | steps:  2158 | steps_t:     0 | t: 3.345053 | r:  -514.000000 | e:   1.000000 | Q:        nan | won: False 
#   50 | steps:  2191 | steps_t:     0 | t: 3.406882 | r:  -437.000000 | e:   1.000000 | Q:        nan | won: False 
#   51 | steps:  2198 | steps_t:     0 | t: 3.426829 | r:  -506.000000 | e:   1.000000 | Q:        nan | won: False 
#   52 | steps:  2330 | steps_t:     0 | t: 3.595377 | r:  -554.000000 | e:   1.000000 | Q:        nan | won: False 
#   53 | steps:  2401 | steps_t:     0 | t: 3.744977 | r:  -504.000000 | e:   1.000000 | Q:        nan | won: False 
#   54 | steps:  2448 | steps_t:     0 | t: 3.820774 | r:  -473.000000 | e:   1.000000 | Q:        nan | won: False 
#   55 | steps:  2562 | steps_t:     0 | t: 3.983340 | r:  -547.000000 | e:   1.000000 | Q:        nan | won: False 
#   56 | steps:  2611 | steps_t:     0 | t: 4.061132 | r:  -464.000000 | e:   1.000000 | Q:        nan | won: False 
#   57 | steps:  2644 | steps_t:     0 | t: 4.107020 | r:  -470.000000 | e:   1.000000 | Q:        nan | won: False 
#   58 | steps:  2686 | steps_t:     0 | t: 4.321434 | r:  -384.000000 | e:   1.000000 | Q:        nan | won: False 
#   59 | steps:  2767 | steps_t:     0 | t: 4.430145 | r:  -452.000000 | e:   1.000000 | Q:        nan | won: False 
#   60 | steps:  2821 | steps_t:     0 | t: 4.497964 | r:  -458.000000 | e:   1.000000 | Q:        nan | won: False 
#   61 | steps:  2909 | steps_t:     0 | t: 4.633606 | r:  -510.000000 | e:   1.000000 | Q:        nan | won: False 
#   62 | steps:  3015 | steps_t:     0 | t: 4.778212 | r:  -488.000000 | e:   1.000000 | Q:        nan | won: False 
#   63 | steps:  3047 | steps_t:     0 | t: 4.825087 | r:  -458.000000 | e:   1.000000 | Q:        nan | won: False 
#   64 | steps:  3088 | steps_t:     0 | t: 4.890910 | r:  -445.000000 | e:   1.000000 | Q:        nan | won: False 
#   65 | steps:  3150 | steps_t:     0 | t: 4.977678 | r:  -539.000000 | e:   1.000000 | Q:        nan | won: False 
#   66 | steps:  3202 | steps_t:     0 | t: 5.051481 | r:  -478.000000 | e:   1.000000 | Q:        nan | won: False 
#   67 | steps:  3227 | steps_t:     0 | t: 5.089381 | r:  -513.000000 | e:   1.000000 | Q:        nan | won: False 
#   68 | steps:  3239 | steps_t:     0 | t: 5.115311 | r:  -511.000000 | e:   1.000000 | Q:        nan | won: False 
#   69 | steps:  3301 | steps_t:     0 | t: 5.219033 | r:  -466.000000 | e:   1.000000 | Q:        nan | won: False 
#   70 | steps:  3365 | steps_t:     0 | t: 5.307801 | r:  -530.000000 | e:   1.000000 | Q:        nan | won: False 
#   71 | steps:  3381 | steps_t:     0 | t: 5.339710 | r:  -515.000000 | e:   1.000000 | Q:        nan | won: False 
#   72 | steps:  3421 | steps_t:     0 | t: 5.407528 | r:  -466.000000 | e:   1.000000 | Q:        nan | won: False 
#   73 | steps:  3473 | steps_t:     0 | t: 5.528206 | r:  -456.000000 | e:   1.000000 | Q:        nan | won: False 
#   74 | steps:  3480 | steps_t:     0 | t: 5.554136 | r:  -506.000000 | e:   1.000000 | Q:        nan | won: False 
#   75 | steps:  3511 | steps_t:     0 | t: 5.609987 | r:  -519.000000 | e:   1.000000 | Q:        nan | won: False 
#   76 | steps:  3525 | steps_t:     0 | t: 5.633929 | r:  -513.000000 | e:   1.000000 | Q:        nan | won: False 
#   77 | steps:  3539 | steps_t:     0 | t: 5.660851 | r:  -502.000000 | e:   1.000000 | Q:        nan | won: False 
#   78 | steps:  3549 | steps_t:     0 | t: 5.691777 | r:  -509.000000 | e:   1.000000 | Q:        nan | won: False 
#   79 | steps:  3570 | steps_t:     0 | t: 5.734656 | r:  -509.000000 | e:   1.000000 | Q:        nan | won: False 
#   80 | steps:  3642 | steps_t:     0 | t: 5.848349 | r:  -443.000000 | e:   1.000000 | Q:        nan | won: False 
#   81 | steps:  3678 | steps_t:     0 | t: 5.905196 | r:  -473.000000 | e:   1.000000 | Q:        nan | won: False 
#   82 | steps:  3717 | steps_t:     0 | t: 5.957064 | r:  -443.000000 | e:   1.000000 | Q:        nan | won: False 
#   83 | steps:  3743 | steps_t:     0 | t: 5.997948 | r:  -514.000000 | e:   1.000000 | Q:        nan | won: False 
#   84 | steps:  3794 | steps_t:     0 | t: 6.073745 | r:  -528.000000 | e:   1.000000 | Q:        nan | won: False 
#   85 | steps:  3851 | steps_t:     0 | t: 6.159516 | r:  -534.000000 | e:   1.000000 | Q:        nan | won: False 
#   86 | steps:  3864 | steps_t:     0 | t: 6.181468 | r:  -501.000000 | e:   1.000000 | Q:        nan | won: False 
#   87 | steps:  3915 | steps_t:     0 | t: 6.250274 | r:  -528.000000 | e:   1.000000 | Q:        nan | won: False 
#   88 | steps:  3931 | steps_t:     0 | t: 6.278200 | r:  -493.000000 | e:   1.000000 | Q:        nan | won: False 
#   89 | steps:  3989 | steps_t:     0 | t: 6.374941 | r:  -524.000000 | e:   1.000000 | Q:        nan | won: False 
#   90 | steps:  3995 | steps_t:     0 | t: 6.393889 | r:  -505.000000 | e:   1.000000 | Q:        nan | won: False 
#   91 | steps:  4013 | steps_t:     0 | t: 6.426801 | r:  -506.000000 | e:   1.000000 | Q:        nan | won: False 
#   92 | steps:  4078 | steps_t:     0 | t: 6.521559 | r:  -458.000000 | e:   1.000000 | Q:        nan | won: False 
#   93 | steps:  4087 | steps_t:     0 | t: 6.543489 | r:  -508.000000 | e:   1.000000 | Q:        nan | won: False 
#   94 | steps:  4198 | steps_t:     0 | t: 6.698075 | r:   118.000000 | e:   1.000000 | Q:        nan | won: True 
#   95 | steps:  4281 | steps_t:     0 | t: 6.809777 | r:    95.000000 | e:   1.000000 | Q:        nan | won: True 
#   96 | steps:  4330 | steps_t:     0 | t: 6.888566 | r:  -475.000000 | e:   1.000000 | Q:        nan | won: False 
#   97 | steps:  4368 | steps_t:     0 | t: 6.941423 | r:  -409.000000 | e:   1.000000 | Q:        nan | won: False 
#   98 | steps:  4418 | steps_t:     0 | t: 7.007247 | r:  -476.000000 | e:   1.000000 | Q:        nan | won: False 
#   99 | steps:  4444 | steps_t:     0 | t: 7.049145 | r:  -470.000000 | e:   1.000000 | Q:        nan | won: False 
#  100 | steps:  4455 | steps_t:     0 | t: 7.072077 | r:  -510.000000 | e:   1.000000 | Q:        nan | won: False 
#  101 | steps:  4484 | steps_t:     0 | t: 7.117956 | r:  -444.000000 | e:   1.000000 | Q:        nan | won: False 
#  102 | steps:  4536 | steps_t:     0 | t: 7.188763 | r:  -423.000000 | e:   1.000000 | Q:        nan | won: False 
#  103 | steps:  4577 | steps_t:     0 | t: 7.244612 | r:  -507.000000 | e:   1.000000 | Q:        nan | won: False 
#  104 | steps:  4583 | steps_t:     0 | t: 7.260570 | r:  -505.000000 | e:   1.000000 | Q:        nan | won: False 
#  105 | steps:  4669 | steps_t:     0 | t: 7.369288 | r:  -530.000000 | e:   1.000000 | Q:        nan | won: False 
#  106 | steps:  4785 | steps_t:     0 | t: 7.516885 | r:  -509.000000 | e:   1.000000 | Q:        nan | won: False 
#  107 | steps:  4799 | steps_t:     0 | t: 7.541818 | r:  -502.000000 | e:   1.000000 | Q:        nan | won: False 
#  108 | steps:  4877 | steps_t:     0 | t: 7.636564 | r:  -533.000000 | e:   1.000000 | Q:        nan | won: False 
#  109 | steps:  4936 | steps_t:     0 | t: 7.737295 | r:  -514.000000 | e:   1.000000 | Q:        nan | won: False 
#  110 | steps:  4971 | steps_t:     0 | t: 7.788158 | r:  -472.000000 | e:   1.000000 | Q:        nan | won: False 
#  111 | steps:  5014 | steps_t:    13 | t: 8.439415 | r:  -436.000000 | e:   0.998700 | Q:        nan | won: False 
#  112 | steps:  5077 | steps_t:    75 | t: 9.305100 | r:  -529.000000 | e:   0.992500 | Q:        nan | won: False 
#  113 | steps:  5137 | steps_t:   134 | t: 10.181755 | r:  -486.000000 | e:   0.986600 | Q:  -1.952322 | won: False 
#  114 | steps:  5222 | steps_t:   218 | t: 11.302755 | r:  -489.000000 | e:   0.978200 | Q:  -1.979644 | won: False 
#  115 | steps:  5266 | steps_t:   261 | t: 11.816380 | r:  -459.000000 | e:   0.973900 | Q:        nan | won: False 
#  116 | steps:  5288 | steps_t:   282 | t: 12.068705 | r:  -510.000000 | e:   0.971800 | Q:        nan | won: False 
#  117 | steps:  5375 | steps_t:   368 | t: 13.208658 | r:  -513.000000 | e:   0.963200 | Q: -17.160889 | won: False 
#  118 | steps:  5474 | steps_t:   466 | t: 14.574003 | r:  -554.000000 | e:   0.953400 | Q: -18.274021 | won: False 
#  119 | steps:  5514 | steps_t:   505 | t: 15.033772 | r:  -455.000000 | e:   0.949500 | Q: -25.473604 | won: False 
#  120 | steps:  5559 | steps_t:   549 | t: 15.637176 | r:  -511.000000 | e:   0.945100 | Q: -34.059643 | won: False 
#  121 | steps:  5642 | steps_t:   631 | t: 16.870857 | r:  -476.000000 | e:   0.936900 | Q: -33.451511 | won: False 
#  122 | steps:  5717 | steps_t:   705 | t: 17.768456 | r:  -490.000000 | e:   0.929500 | Q: -36.849548 | won: False 
#  123 | steps:  5809 | steps_t:   796 | t: 19.212591 | r:  -569.000000 | e:   0.920400 | Q: -43.655460 | won: False 
#  124 | steps:  5881 | steps_t:   867 | t: 20.287720 | r:  -549.000000 | e:   0.913300 | Q: -47.424454 | won: False 
#  125 | steps:  5892 | steps_t:   877 | t: 20.518103 | r:  -499.000000 | e:   0.912300 | Q: -55.822441 | won: False 
#  126 | steps:  5913 | steps_t:   897 | t: 20.864173 | r:  -520.000000 | e:   0.910300 | Q: -62.116058 | won: False 
#  127 | steps:  5961 | steps_t:   944 | t: 21.788699 | r:  -401.000000 | e:   0.905600 | Q: -51.599174 | won: False 
#  128 | steps:  6022 | steps_t:  1004 | t: 22.821934 | r:  -527.000000 | e:   0.899600 | Q: -52.386318 | won: False 
