#    1 | steps:    65 | steps_t:     0 | t: 0.061840 | r:  -491.000000 | e:   1.000000 | Q:        nan | won: False 
#    2 | steps:   187 | steps_t:     0 | t: 0.138629 | r:  -577.000000 | e:   1.000000 | Q:        nan | won: False 
#    3 | steps:   208 | steps_t:     0 | t: 0.156622 | r:  -509.000000 | e:   1.000000 | Q:        nan | won: False 
#    4 | steps:   233 | steps_t:     0 | t: 0.176528 | r:  -458.000000 | e:   1.000000 | Q:        nan | won: False 
#    5 | steps:   241 | steps_t:     0 | t: 0.187496 | r:  -507.000000 | e:   1.000000 | Q:        nan | won: False 
#    6 | steps:   267 | steps_t:     0 | t: 0.208484 | r:  -441.000000 | e:   1.000000 | Q:        nan | won: False 
#    7 | steps:   300 | steps_t:     0 | t: 0.237365 | r:  -459.000000 | e:   1.000000 | Q:        nan | won: False 
#    8 | steps:   326 | steps_t:     0 | t: 0.260337 | r:  -463.000000 | e:   1.000000 | Q:        nan | won: False 
#    9 | steps:   383 | steps_t:     0 | t: 0.306180 | r:  -483.000000 | e:   1.000000 | Q:        nan | won: False 
#   10 | steps:   450 | steps_t:     0 | t: 0.354052 | r:  -493.000000 | e:   1.000000 | Q:        nan | won: False 
#   11 | steps:   494 | steps_t:     0 | t: 0.387002 | r:  -386.000000 | e:   1.000000 | Q:        nan | won: False 
#   12 | steps:   533 | steps_t:     0 | t: 0.419879 | r:  -465.000000 | e:   1.000000 | Q:        nan | won: False 
#   13 | steps:   581 | steps_t:     0 | t: 0.466751 | r:  -441.000000 | e:   1.000000 | Q:        nan | won: False 
#   14 | steps:   611 | steps_t:     0 | t: 0.493711 | r:  -518.000000 | e:   1.000000 | Q:        nan | won: False 
#   15 | steps:   687 | steps_t:     0 | t: 0.554514 | r:   153.000000 | e:   1.000000 | Q:        nan | won: True 
#   16 | steps:   735 | steps_t:     0 | t: 0.592452 | r:  -452.000000 | e:   1.000000 | Q:        nan | won: False 
#   17 | steps:   752 | steps_t:     0 | t: 0.681690 | r:  -505.000000 | e:   1.000000 | Q:        nan | won: False 
#   18 | steps:   771 | steps_t:     0 | t: 0.762472 | r:  -452.000000 | e:   1.000000 | Q:        nan | won: False 
#   19 | steps:   819 | steps_t:     0 | t: 0.811340 | r:  -463.000000 | e:   1.000000 | Q:        nan | won: False 
#   20 | steps:   903 | steps_t:     0 | t: 0.877176 | r:  -506.000000 | e:   1.000000 | Q:        nan | won: False 
#   21 | steps:   955 | steps_t:     0 | t: 0.918054 | r:  -507.000000 | e:   1.000000 | Q:        nan | won: False 
#   22 | steps:   969 | steps_t:     0 | t: 0.935045 | r:  -491.000000 | e:   1.000000 | Q:        nan | won: False 
#   23 | steps:  1039 | steps_t:     0 | t: 1.013803 | r:  -525.000000 | e:   1.000000 | Q:        nan | won: False 
#   24 | steps:  1088 | steps_t:     0 | t: 1.067655 | r:  -453.000000 | e:   1.000000 | Q:        nan | won: False 
#   25 | steps:  1118 | steps_t:     0 | t: 1.092587 | r:  -467.000000 | e:   1.000000 | Q:        nan | won: False 
#   26 | steps:  1156 | steps_t:     0 | t: 1.126497 | r:  -475.000000 | e:   1.000000 | Q:        nan | won: False 
#   27 | steps:  1204 | steps_t:     0 | t: 1.167426 | r:  -463.000000 | e:   1.000000 | Q:        nan | won: False 
#   28 | steps:  1210 | steps_t:     0 | t: 1.176368 | r:  -505.000000 | e:   1.000000 | Q:        nan | won: False 
#   29 | steps:  1222 | steps_t:     0 | t: 1.190326 | r:  -460.000000 | e:   1.000000 | Q:        nan | won: False 
#   30 | steps:  1273 | steps_t:     0 | t: 1.260139 | r:  -455.000000 | e:   1.000000 | Q:        nan | won: False 
#   31 | steps:  1288 | steps_t:     0 | t: 1.297042 | r:  -452.000000 | e:   1.000000 | Q:        nan | won: False 
#   32 | steps:  1321 | steps_t:     0 | t: 1.348901 | r:  -437.000000 | e:   1.000000 | Q:        nan | won: False 
#   33 | steps:  1372 | steps_t:     0 | t: 1.409741 | r:  -455.000000 | e:   1.000000 | Q:        nan | won: False 
#   34 | steps:  1379 | steps_t:     0 | t: 1.421707 | r:  -495.000000 | e:   1.000000 | Q:        nan | won: False 
#   35 | steps:  1393 | steps_t:     0 | t: 1.446641 | r:  -513.000000 | e:   1.000000 | Q:        nan | won: False 
#   36 | steps:  1440 | steps_t:     0 | t: 1.496509 | r:  -462.000000 | e:   1.000000 | Q:        nan | won: False 
#   37 | steps:  1514 | steps_t:     0 | t: 1.560338 | r:  -500.000000 | e:   1.000000 | Q:        nan | won: False 
#   38 | steps:  1533 | steps_t:     0 | t: 1.589259 | r:  -507.000000 | e:   1.000000 | Q:        nan | won: False 
#   39 | steps:  1562 | steps_t:     0 | t: 1.632145 | r:  -528.000000 | e:   1.000000 | Q:        nan | won: False 
#   40 | steps:  1610 | steps_t:     0 | t: 1.713926 | r:  -536.000000 | e:   1.000000 | Q:        nan | won: False 
#   41 | steps:  1663 | steps_t:     0 | t: 1.799698 | r:  -541.000000 | e:   1.000000 | Q:        nan | won: False 
#   42 | steps:  1701 | steps_t:     0 | t: 1.927356 | r:  -442.000000 | e:   1.000000 | Q:        nan | won: False 
#   43 | steps:  1718 | steps_t:     0 | t: 2.000161 | r:  -494.000000 | e:   1.000000 | Q:        nan | won: False 
#   44 | steps:  1817 | steps_t:     0 | t: 2.325289 | r:  -543.000000 | e:   1.000000 | Q:        nan | won: False 
#   45 | steps:  1833 | steps_t:     0 | t: 2.379148 | r:  -402.000000 | e:   1.000000 | Q:        nan | won: False 
#   46 | steps:  1841 | steps_t:     0 | t: 2.397100 | r:  -485.000000 | e:   1.000000 | Q:        nan | won: False 
#   47 | steps:  1980 | steps_t:     0 | t: 2.611524 | r:  -543.000000 | e:   1.000000 | Q:        nan | won: False 
#   48 | steps:  2033 | steps_t:     0 | t: 2.692311 | r:  -468.000000 | e:   1.000000 | Q:        nan | won: False 
#   49 | steps:  2077 | steps_t:     0 | t: 2.752156 | r:  -492.000000 | e:   1.000000 | Q:        nan | won: False 
#   50 | steps:  2089 | steps_t:     0 | t: 2.774090 | r:  -467.000000 | e:   1.000000 | Q:        nan | won: False 
#   51 | steps:  2123 | steps_t:     0 | t: 2.822960 | r:  -478.000000 | e:   1.000000 | Q:        nan | won: False 
#   52 | steps:  2175 | steps_t:     0 | t: 2.893770 | r:  -467.000000 | e:   1.000000 | Q:        nan | won: False 
#   53 | steps:  2224 | steps_t:     0 | t: 2.960590 | r:  -475.000000 | e:   1.000000 | Q:        nan | won: False 
#   54 | steps:  2240 | steps_t:     0 | t: 2.987520 | r:  -515.000000 | e:   1.000000 | Q:        nan | won: False 
#   55 | steps:  2283 | steps_t:     0 | t: 3.050351 | r:  -447.000000 | e:   1.000000 | Q:        nan | won: False 
#   56 | steps:  2353 | steps_t:     0 | t: 3.142103 | r:  -514.000000 | e:   1.000000 | Q:        nan | won: False 
#   57 | steps:  2370 | steps_t:     0 | t: 3.160055 | r:  -516.000000 | e:   1.000000 | Q:        nan | won: False 
#   58 | steps:  2381 | steps_t:     0 | t: 3.175016 | r:  -510.000000 | e:   1.000000 | Q:        nan | won: False 
#   59 | steps:  2401 | steps_t:     0 | t: 3.193967 | r:  -486.000000 | e:   1.000000 | Q:        nan | won: False 
#   60 | steps:  2433 | steps_t:     0 | t: 3.222888 | r:  -447.000000 | e:   1.000000 | Q:        nan | won: False 
#   61 | steps:  2462 | steps_t:     0 | t: 3.248819 | r:  -517.000000 | e:   1.000000 | Q:        nan | won: False 
#   62 | steps:  2497 | steps_t:     0 | t: 3.282729 | r:  -428.000000 | e:   1.000000 | Q:        nan | won: False 
#   63 | steps:  2579 | steps_t:     0 | t: 3.370494 | r:  -537.000000 | e:   1.000000 | Q:        nan | won: False 
#   64 | steps:  2604 | steps_t:     0 | t: 3.404403 | r:  -473.000000 | e:   1.000000 | Q:        nan | won: False 
#   65 | steps:  2625 | steps_t:     0 | t: 3.451277 | r:  -447.000000 | e:   1.000000 | Q:        nan | won: False 
#   66 | steps:  2641 | steps_t:     0 | t: 3.481205 | r:  -515.000000 | e:   1.000000 | Q:        nan | won: False 
#   67 | steps:  2667 | steps_t:     0 | t: 3.513112 | r:  -441.000000 | e:   1.000000 | Q:        nan | won: False 
#   68 | steps:  2708 | steps_t:     0 | t: 3.654732 | r:  -467.000000 | e:   1.000000 | Q:        nan | won: False 
#   69 | steps:  2758 | steps_t:     0 | t: 3.725543 | r:  -465.000000 | e:   1.000000 | Q:        nan | won: False 
#   70 | steps:  2814 | steps_t:     0 | t: 3.772418 | r:  -449.000000 | e:   1.000000 | Q:        nan | won: False 
#   71 | steps:  2824 | steps_t:     0 | t: 3.787379 | r:  -509.000000 | e:   1.000000 | Q:        nan | won: False 
#   72 | steps:  2839 | steps_t:     0 | t: 3.805329 | r:  -514.000000 | e:   1.000000 | Q:        nan | won: False 
#   73 | steps:  2901 | steps_t:     0 | t: 3.861179 | r:  -488.000000 | e:   1.000000 | Q:        nan | won: False 
#   74 | steps:  2949 | steps_t:     0 | t: 3.903068 | r:  -463.000000 | e:   1.000000 | Q:        nan | won: False 
#   75 | steps:  2969 | steps_t:     0 | t: 3.926008 | r:  -508.000000 | e:   1.000000 | Q:        nan | won: False 
#   76 | steps:  2983 | steps_t:     0 | t: 3.945954 | r:  -513.000000 | e:   1.000000 | Q:        nan | won: False 
#   77 | steps:  2993 | steps_t:     0 | t: 3.959916 | r:  -498.000000 | e:   1.000000 | Q:        nan | won: False 
#   78 | steps:  3021 | steps_t:     0 | t: 3.988840 | r:  -443.000000 | e:   1.000000 | Q:        nan | won: False 
#   79 | steps:  3030 | steps_t:     0 | t: 4.002802 | r:  -497.000000 | e:   1.000000 | Q:        nan | won: False 
#   80 | steps:  3075 | steps_t:     0 | t: 4.041697 | r:  -460.000000 | e:   1.000000 | Q:        nan | won: False 
#   81 | steps:  3099 | steps_t:     0 | t: 4.064636 | r:  -523.000000 | e:   1.000000 | Q:        nan | won: False 
#   82 | steps:  3119 | steps_t:     0 | t: 4.084582 | r:  -457.000000 | e:   1.000000 | Q:        nan | won: False 
#   83 | steps:  3165 | steps_t:     0 | t: 4.124476 | r:  -450.000000 | e:   1.000000 | Q:        nan | won: False 
#   84 | steps:  3210 | steps_t:     0 | t: 4.179330 | r:  -449.000000 | e:   1.000000 | Q:        nan | won: False 
#   85 | steps:  3265 | steps_t:     0 | t: 4.244155 | r:  -503.000000 | e:   1.000000 | Q:        nan | won: False 
#   86 | steps:  3275 | steps_t:     0 | t: 4.260112 | r:  -509.000000 | e:   1.000000 | Q:        nan | won: False 
#   87 | steps:  3344 | steps_t:     0 | t: 4.316960 | r:  -524.000000 | e:   1.000000 | Q:        nan | won: False 
#   88 | steps:  3362 | steps_t:     0 | t: 4.337906 | r:  -495.000000 | e:   1.000000 | Q:        nan | won: False 
#   89 | steps:  3443 | steps_t:     0 | t: 4.404725 | r:  -503.000000 | e:   1.000000 | Q:        nan | won: False 
#   90 | steps:  3460 | steps_t:     0 | t: 4.425670 | r:  -454.000000 | e:   1.000000 | Q:        nan | won: False 
#   91 | steps:  3520 | steps_t:     0 | t: 4.500469 | r:  -486.000000 | e:   1.000000 | Q:        nan | won: False 
#   92 | steps:  3595 | steps_t:     0 | t: 4.575269 | r:  -519.000000 | e:   1.000000 | Q:        nan | won: False 
#   93 | steps:  3655 | steps_t:     0 | t: 4.628128 | r:  -548.000000 | e:   1.000000 | Q:        nan | won: False 
#   94 | steps:  3670 | steps_t:     0 | t: 4.644084 | r:  -503.000000 | e:   1.000000 | Q:        nan | won: False 
#   95 | steps:  3717 | steps_t:     0 | t: 4.683977 | r:  -524.000000 | e:   1.000000 | Q:        nan | won: False 
#   96 | steps:  3745 | steps_t:     0 | t: 4.706916 | r:  -465.000000 | e:   1.000000 | Q:        nan | won: False 
#   97 | steps:  3849 | steps_t:     0 | t: 4.787701 | r:    74.000000 | e:   1.000000 | Q:        nan | won: True 
#   98 | steps:  3878 | steps_t:     0 | t: 4.813631 | r:  -444.000000 | e:   1.000000 | Q:        nan | won: False 
#   99 | steps:  3886 | steps_t:     0 | t: 4.824602 | r:  -496.000000 | e:   1.000000 | Q:        nan | won: False 
#  100 | steps:  3956 | steps_t:     0 | t: 4.884441 | r:  -514.000000 | e:   1.000000 | Q:        nan | won: False 
#  101 | steps:  4026 | steps_t:     0 | t: 4.944281 | r:  -536.000000 | e:   1.000000 | Q:        nan | won: False 
#  102 | steps:  4050 | steps_t:     0 | t: 4.967220 | r:  -512.000000 | e:   1.000000 | Q:        nan | won: False 
#  103 | steps:  4102 | steps_t:     0 | t: 5.007114 | r:  -478.000000 | e:   1.000000 | Q:        nan | won: False 
#  104 | steps:  4149 | steps_t:     0 | t: 5.044014 | r:  -484.000000 | e:   1.000000 | Q:        nan | won: False 
#  105 | steps:  4156 | steps_t:     0 | t: 5.054985 | r:  -506.000000 | e:   1.000000 | Q:        nan | won: False 
#  106 | steps:  4179 | steps_t:     0 | t: 5.076927 | r:  -511.000000 | e:   1.000000 | Q:        nan | won: False 
#  107 | steps:  4191 | steps_t:     0 | t: 5.092890 | r:  -511.000000 | e:   1.000000 | Q:        nan | won: False 
#  108 | steps:  4237 | steps_t:     0 | t: 5.133775 | r:  -450.000000 | e:   1.000000 | Q:        nan | won: False 
#  109 | steps:  4313 | steps_t:     0 | t: 5.190622 | r:  -531.000000 | e:   1.000000 | Q:        nan | won: False 
#  110 | steps:  4362 | steps_t:     0 | t: 5.226526 | r:  -504.000000 | e:   1.000000 | Q:        nan | won: False 
#  111 | steps:  4439 | steps_t:     0 | t: 5.308308 | r:  -481.000000 | e:   1.000000 | Q:        nan | won: False 
#  112 | steps:  4490 | steps_t:     0 | t: 5.355183 | r:  -466.000000 | e:   1.000000 | Q:        nan | won: False 
#  113 | steps:  4535 | steps_t:     0 | t: 5.389091 | r:  -522.000000 | e:   1.000000 | Q:        nan | won: False 
#  114 | steps:  4578 | steps_t:     0 | t: 5.425992 | r:  -487.000000 | e:   1.000000 | Q:        nan | won: False 
#  115 | steps:  4743 | steps_t:     0 | t: 5.566617 | r:  -598.000000 | e:   1.000000 | Q:        nan | won: False 
#  116 | steps:  4817 | steps_t:     0 | t: 5.669345 | r:  -478.000000 | e:   1.000000 | Q:        nan | won: False 
#  117 | steps:  4870 | steps_t:     0 | t: 5.743151 | r:  -519.000000 | e:   1.000000 | Q:        nan | won: False 
#  118 | steps:  4902 | steps_t:     0 | t: 5.786035 | r:  -385.000000 | e:   1.000000 | Q:        nan | won: False 
#  119 | steps:  4960 | steps_t:     0 | t: 5.846866 | r:  -484.000000 | e:   1.000000 | Q:        nan | won: False 
#  120 | steps:  5008 | steps_t:     7 | t: 6.240812 | r:  -430.000000 | e:   0.999300 | Q:        nan | won: False 
#  121 | steps:  5018 | steps_t:    16 | t: 6.314615 | r:  -487.000000 | e:   0.998400 | Q:        nan | won: False 
#  122 | steps:  5037 | steps_t:    34 | t: 6.503111 | r:  -394.000000 | e:   0.996600 | Q:        nan | won: False 
#  123 | steps:  5094 | steps_t:    90 | t: 7.025714 | r:  -472.000000 | e:   0.991000 | Q:        nan | won: False 
#  124 | steps:  5132 | steps_t:   127 | t: 7.355829 | r:  -486.000000 | e:   0.987300 | Q:        nan | won: False 
#  125 | steps:  5207 | steps_t:   201 | t: 8.031023 | r:  -479.000000 | e:   0.979900 | Q:        nan | won: False 
#  126 | steps:  5230 | steps_t:   223 | t: 8.256425 | r:  -511.000000 | e:   0.977700 | Q:  -9.929060 | won: False 
#  127 | steps:  5252 | steps_t:   244 | t: 8.431953 | r:  -448.000000 | e:   0.975600 | Q:        nan | won: False 
#  128 | steps:  5290 | steps_t:   281 | t: 8.783019 | r:  -464.000000 | e:   0.971900 | Q:        nan | won: False 
#  129 | steps:  5315 | steps_t:   305 | t: 9.094183 | r:  -524.000000 | e:   0.969500 | Q:        nan | won: False 
#  130 | steps:  5325 | steps_t:   314 | t: 9.498098 | r:  -509.000000 | e:   0.968600 | Q:        nan | won: False 
#  131 | steps:  5340 | steps_t:   328 | t: 9.966843 | r:  -503.000000 | e:   0.967200 | Q: -13.451048 | won: False 
#  132 | steps:  5371 | steps_t:   358 | t: 11.000079 | r:  -519.000000 | e:   0.964200 | Q: -13.681669 | won: False 
#  133 | steps:  5458 | steps_t:   444 | t: 12.680584 | r:  -553.000000 | e:   0.955600 | Q: -15.689760 | won: False 
#  134 | steps:  5476 | steps_t:   461 | t: 12.919943 | r:  -484.000000 | e:   0.953900 | Q: -17.449978 | won: False 
#  135 | steps:  5551 | steps_t:   535 | t: 13.744735 | r:   154.000000 | e:   0.946500 | Q: -18.328362 | won: True 
#  136 | steps:  5608 | steps_t:   591 | t: 14.216473 | r:  -494.000000 | e:   0.940900 | Q: -23.941652 | won: False 
#  137 | steps:  5654 | steps_t:   636 | t: 14.580499 | r:  -450.000000 | e:   0.936400 | Q: -38.186096 | won: False 
#  138 | steps:  5675 | steps_t:   656 | t: 14.772985 | r:  -509.000000 | e:   0.934400 | Q: -39.380299 | won: False 
#  139 | steps:  5716 | steps_t:   696 | t: 15.102103 | r:  -478.000000 | e:   0.930400 | Q: -35.353817 | won: False 
#  140 | steps:  5732 | steps_t:   711 | t: 15.252700 | r:  -442.000000 | e:   0.928900 | Q: -50.724926 | won: False 
#  141 | steps:  5768 | steps_t:   746 | t: 15.561874 | r:  -469.000000 | e:   0.925400 | Q: -49.249542 | won: False 
#  142 | steps:  5781 | steps_t:   758 | t: 15.662603 | r:  -501.000000 | e:   0.924200 | Q:        nan | won: False 
#  143 | steps:  5833 | steps_t:   809 | t: 16.210139 | r:  -474.000000 | e:   0.919100 | Q: -45.271030 | won: False 
#  144 | steps:  5842 | steps_t:   817 | t: 16.276960 | r:  -508.000000 | e:   0.918300 | Q:        nan | won: False 
#  145 | steps:  5878 | steps_t:   852 | t: 16.582146 | r:  -524.000000 | e:   0.914800 | Q: -58.708164 | won: False 
#  146 | steps:  5920 | steps_t:   893 | t: 16.926223 | r:  -468.000000 | e:   0.910700 | Q: -48.685780 | won: False 
#  147 | steps:  5988 | steps_t:   960 | t: 17.530606 | r:  -494.000000 | e:   0.904000 | Q: -62.599380 | won: False 
#  148 | steps:  6060 | steps_t:  1031 | t: 18.132996 | r:  -527.000000 | e:   0.896900 | Q: -52.633820 | won: False 
#  149 | steps:  6101 | steps_t:  1071 | t: 18.470092 | r:  -456.000000 | e:   0.892900 | Q: -53.085270 | won: False 
#  150 | steps:  6171 | steps_t:  1140 | t: 19.050539 | r:  -463.000000 | e:   0.886000 | Q: -52.082417 | won: False 
#  151 | steps:  6243 | steps_t:  1211 | t: 19.711771 | r:  -454.000000 | e:   0.878900 | Q: -51.914860 | won: False 
#  152 | steps:  6268 | steps_t:  1235 | t: 19.928205 | r:  -524.000000 | e:   0.876500 | Q: -70.723732 | won: False 
#  153 | steps:  6354 | steps_t:  1320 | t: 20.683173 | r:  -512.000000 | e:   0.868000 | Q: -69.168343 | won: False 
#  154 | steps:  6373 | steps_t:  1338 | t: 20.859701 | r:  -507.000000 | e:   0.866200 | Q: -74.883034 | won: False 
#  155 | steps:  6431 | steps_t:  1395 | t: 21.344402 | r:  -484.000000 | e:   0.860500 | Q: -57.543045 | won: False 
#  156 | steps:  6492 | steps_t:  1455 | t: 21.945792 | r:  -516.000000 | e:   0.854500 | Q: -58.568295 | won: False 
#  157 | steps:  6528 | steps_t:  1490 | t: 22.233024 | r:  -484.000000 | e:   0.851000 | Q: -68.606590 | won: False 
#  158 | steps:  6582 | steps_t:  1543 | t: 22.725706 | r:  -542.000000 | e:   0.845700 | Q: -88.340706 | won: False 
#  159 | steps:  6619 | steps_t:  1579 | t: 23.055822 | r:  -514.000000 | e:   0.842100 | Q: -89.458710 | won: False 
#  160 | steps:  6699 | steps_t:  1658 | t: 23.730018 | r:  -495.000000 | e:   0.834200 | Q: -70.255013 | won: False 
#  161 | steps:  6751 | steps_t:  1709 | t: 24.171837 | r:  -467.000000 | e:   0.829100 | Q: -93.224464 | won: False 
#  162 | steps:  6839 | steps_t:  1796 | t: 24.946764 | r:  -554.000000 | e:   0.820400 | Q: -71.887138 | won: False 
#  163 | steps:  6865 | steps_t:  1821 | t: 25.205073 | r:  -503.000000 | e:   0.817900 | Q: -98.871536 | won: False 
#  164 | steps:  6905 | steps_t:  1860 | t: 25.527211 | r:  -477.000000 | e:   0.814000 | Q: -96.035851 | won: False 
#  165 | steps:  6963 | steps_t:  1917 | t: 26.040836 | r:  -546.000000 | e:   0.808300 | Q: -71.048523 | won: False 
#  166 | steps:  6977 | steps_t:  1930 | t: 26.176473 | r:  -513.000000 | e:   0.807000 | Q: -97.015198 | won: False 
#  167 | steps:  7007 | steps_t:  1959 | t: 26.426804 | r:  -529.000000 | e:   0.804100 | Q: -97.026146 | won: False 
#  168 | steps:  7136 | steps_t:  2087 | t: 27.513897 | r:  -522.000000 | e:   0.791300 | Q: -71.002968 | won: False 
#  169 | steps:  7250 | steps_t:  2200 | t: 28.554111 | r:  -518.000000 | e:   0.780000 | Q: -79.216690 | won: False 
#  170 | steps:  7273 | steps_t:  2222 | t: 28.739615 | r:  -511.000000 | e:   0.777800 | Q: -101.650665 | won: False 
#  171 | steps:  7337 | steps_t:  2285 | t: 29.285166 | r:  -541.000000 | e:   0.771500 | Q: -69.671562 | won: False 
#  172 | steps:  7392 | steps_t:  2339 | t: 29.763875 | r:  -481.000000 | e:   0.766100 | Q: -101.145805 | won: False 
#  173 | steps:  7401 | steps_t:  2347 | t: 29.837677 | r:  -508.000000 | e:   0.765300 | Q: -101.845825 | won: False 
#  174 | steps:  7426 | steps_t:  2371 | t: 30.040136 | r:  -513.000000 | e:   0.762900 | Q: -97.378349 | won: False 
#  175 | steps:  7476 | steps_t:  2420 | t: 30.535809 | r:  -443.000000 | e:   0.758000 | Q: -75.480667 | won: False 
#  176 | steps:  7511 | steps_t:  2454 | t: 30.827029 | r:  -439.000000 | e:   0.754600 | Q: -72.567497 | won: False 
#  177 | steps:  7605 | steps_t:  2547 | t: 31.674762 | r:  -531.000000 | e:   0.745300 | Q: -67.277702 | won: False 
#  178 | steps:  7631 | steps_t:  2572 | t: 31.890185 | r:  -514.000000 | e:   0.742800 | Q: -104.107567 | won: False 
#  179 | steps:  7637 | steps_t:  2577 | t: 31.939055 | r:  -505.000000 | e:   0.742300 | Q: -109.879684 | won: False 
#  180 | steps:  7741 | steps_t:  2680 | t: 32.852611 | r:  -508.000000 | e:   0.732000 | Q: -69.461014 | won: False 
#  181 | steps:  7775 | steps_t:  2713 | t: 33.125879 | r:  -511.000000 | e:   0.728700 | Q: -104.189964 | won: False 
#  182 | steps:  7910 | steps_t:  2847 | t: 34.318689 | r:  -612.000000 | e:   0.715300 | Q: -67.513275 | won: False 
#  183 | steps:  7990 | steps_t:  2926 | t: 35.018815 | r:  -473.000000 | e:   0.707400 | Q: -106.859077 | won: False 
#  184 | steps:  8025 | steps_t:  2960 | t: 35.307043 | r:  -461.000000 | e:   0.704000 | Q: -78.165817 | won: False 
#  185 | steps:  8080 | steps_t:  3014 | t: 35.755843 | r:  -492.000000 | e:   0.698600 | Q: -76.644508 | won: False 
#  186 | steps:  8211 | steps_t:  3144 | t: 36.900778 | r:  -535.000000 | e:   0.685600 | Q: -75.070908 | won: False 
#  187 | steps:  8227 | steps_t:  3159 | t: 37.087280 | r:  -504.000000 | e:   0.684100 | Q: -120.765930 | won: False 
#  188 | steps:  8237 | steps_t:  3168 | t: 37.181029 | r:  -396.000000 | e:   0.683200 | Q: -98.996994 | won: False 
#  189 | steps:  8308 | steps_t:  3238 | t: 37.766463 | r:  -504.000000 | e:   0.676200 | Q: -80.668686 | won: False 
#  190 | steps:  8376 | steps_t:  3305 | t: 38.401763 | r:  -461.000000 | e:   0.669500 | Q: -81.173111 | won: False 
#  191 | steps:  8398 | steps_t:  3326 | t: 38.572307 | r:  -521.000000 | e:   0.667400 | Q: -120.778313 | won: False 
#  192 | steps:  8446 | steps_t:  3373 | t: 39.028087 | r:  -536.000000 | e:   0.662700 | Q: -76.825867 | won: False 
#  193 | steps:  8544 | steps_t:  3470 | t: 40.125153 | r:  -524.000000 | e:   0.653000 | Q: -77.920166 | won: False 
#  194 | steps:  8554 | steps_t:  3479 | t: 40.263781 | r:  -498.000000 | e:   0.652100 | Q: -127.653938 | won: False 
#  195 | steps:  8585 | steps_t:  3509 | t: 40.978868 | r:  -519.000000 | e:   0.649100 | Q: -119.709778 | won: False 
#  196 | steps:  8604 | steps_t:  3527 | t: 41.237177 | r:  -507.000000 | e:   0.647300 | Q: -119.121674 | won: False 
#  197 | steps:  8638 | steps_t:  3560 | t: 41.761779 | r:  -533.000000 | e:   0.644000 | Q: -114.272575 | won: False 
#  198 | steps:  8716 | steps_t:  3637 | t: 42.680316 | r:  -504.000000 | e:   0.636300 | Q: -74.136452 | won: False 
#  199 | steps:  8742 | steps_t:  3662 | t: 43.017414 | r:  -514.000000 | e:   0.633800 | Q: -119.061333 | won: False 
#  200 | steps:  8800 | steps_t:  3719 | t: 43.642741 | r:  -546.000000 | e:   0.628100 | Q: -115.027687 | won: False 
#  201 | steps:  8881 | steps_t:  3799 | t: 44.515405 | r:  -496.000000 | e:   0.620100 | Q: -74.285088 | won: False 
#  202 | steps:  8914 | steps_t:  3831 | t: 44.852504 | r:  -448.000000 | e:   0.616900 | Q: -115.278427 | won: False 
#  203 | steps:  8948 | steps_t:  3864 | t: 45.275376 | r:  -533.000000 | e:   0.613600 | Q: -120.585274 | won: False 
#  204 | steps:  8964 | steps_t:  3879 | t: 45.532684 | r:  -504.000000 | e:   0.612100 | Q: -120.585274 | won: False 
#  205 | steps:  8986 | steps_t:  3900 | t: 46.504085 | r:  -521.000000 | e:   0.610000 | Q: -122.690735 | won: False 
#  206 | steps:  9009 | steps_t:  3922 | t: 46.880079 | r:  -427.000000 | e:   0.607800 | Q: -89.995293 | won: False 
