#    1 | steps:    21 | steps_t:     0 | t: 0.035916 | r:  -498.000000 | e:   1.000000 | Q:        nan | won: False 
#    2 | steps:    79 | steps_t:     0 | t: 0.075793 | r:  -451.000000 | e:   1.000000 | Q:        nan | won: False 
#    3 | steps:   135 | steps_t:     0 | t: 0.112698 | r:  -449.000000 | e:   1.000000 | Q:        nan | won: False 
#    4 | steps:   176 | steps_t:     0 | t: 0.143613 | r:  -467.000000 | e:   1.000000 | Q:        nan | won: False 
#    5 | steps:   289 | steps_t:     0 | t: 0.215457 | r:  -535.000000 | e:   1.000000 | Q:        nan | won: False 
#    6 | steps:   310 | steps_t:     0 | t: 0.233409 | r:  -458.000000 | e:   1.000000 | Q:        nan | won: False 
#    7 | steps:   360 | steps_t:     0 | t: 0.278283 | r:  -465.000000 | e:   1.000000 | Q:        nan | won: False 
#    8 | steps:   437 | steps_t:     0 | t: 0.334139 | r:  -503.000000 | e:   1.000000 | Q:        nan | won: False 
#    9 | steps:   513 | steps_t:     0 | t: 0.387002 | r:  -542.000000 | e:   1.000000 | Q:        nan | won: False 
#   10 | steps:   523 | steps_t:     0 | t: 0.397969 | r:  -509.000000 | e:   1.000000 | Q:        nan | won: False 
#   11 | steps:   566 | steps_t:     0 | t: 0.428886 | r:  -447.000000 | e:   1.000000 | Q:        nan | won: False 
#   12 | steps:   601 | steps_t:     0 | t: 0.454782 | r:  -512.000000 | e:   1.000000 | Q:        nan | won: False 
#   13 | steps:   703 | steps_t:     0 | t: 0.524597 | r:    76.000000 | e:   1.000000 | Q:        nan | won: True 
#   14 | steps:   763 | steps_t:     0 | t: 0.573463 | r:  -453.000000 | e:   1.000000 | Q:        nan | won: False 
#   15 | steps:   827 | steps_t:     0 | t: 0.623368 | r:  -541.000000 | e:   1.000000 | Q:        nan | won: False 
#   16 | steps:   902 | steps_t:     0 | t: 0.685201 | r:  -490.000000 | e:   1.000000 | Q:        nan | won: False 
#   17 | steps:   915 | steps_t:     0 | t: 0.697133 | r:  -501.000000 | e:   1.000000 | Q:        nan | won: False 
#   18 | steps:   991 | steps_t:     0 | t: 0.750988 | r:  -469.000000 | e:   1.000000 | Q:        nan | won: False 
#   19 | steps:  1072 | steps_t:     0 | t: 0.843744 | r:  -514.000000 | e:   1.000000 | Q:        nan | won: False 
#   20 | steps:  1157 | steps_t:     0 | t: 0.915546 | r:  -467.000000 | e:   1.000000 | Q:        nan | won: False 
#   21 | steps:  1177 | steps_t:     0 | t: 0.932502 | r:  -446.000000 | e:   1.000000 | Q:        nan | won: False 
#   22 | steps:  1201 | steps_t:     0 | t: 0.951451 | r:  -501.000000 | e:   1.000000 | Q:        nan | won: False 
#   23 | steps:  1222 | steps_t:     0 | t: 0.971399 | r:  -487.000000 | e:   1.000000 | Q:        nan | won: False 
#   24 | steps:  1273 | steps_t:     0 | t: 1.009298 | r:  -539.000000 | e:   1.000000 | Q:        nan | won: False 
#   25 | steps:  1339 | steps_t:     0 | t: 1.063153 | r:  -459.000000 | e:   1.000000 | Q:        nan | won: False 
#   26 | steps:  1369 | steps_t:     0 | t: 1.086090 | r:  -518.000000 | e:   1.000000 | Q:        nan | won: False 
#   27 | steps:  1385 | steps_t:     0 | t: 1.101052 | r:  -515.000000 | e:   1.000000 | Q:        nan | won: False 
#   28 | steps:  1435 | steps_t:     0 | t: 1.135003 | r:  -483.000000 | e:   1.000000 | Q:        nan | won: False 
#   29 | steps:  1486 | steps_t:     0 | t: 1.173857 | r:  -466.000000 | e:   1.000000 | Q:        nan | won: False 
#   30 | steps:  1507 | steps_t:     0 | t: 1.193842 | r:  -509.000000 | e:   1.000000 | Q:        nan | won: False 
#   31 | steps:  1517 | steps_t:     0 | t: 1.205772 | r:  -498.000000 | e:   1.000000 | Q:        nan | won: False 
#   32 | steps:  1546 | steps_t:     0 | t: 1.230744 | r:  -455.000000 | e:   1.000000 | Q:        nan | won: False 
#   33 | steps:  1559 | steps_t:     0 | t: 1.244668 | r:  -512.000000 | e:   1.000000 | Q:        nan | won: False 
#   34 | steps:  1571 | steps_t:     0 | t: 1.256665 | r:  -511.000000 | e:   1.000000 | Q:        nan | won: False 
#   35 | steps:  1630 | steps_t:     0 | t: 1.298559 | r:  -463.000000 | e:   1.000000 | Q:        nan | won: False 
#   36 | steps:  1683 | steps_t:     0 | t: 1.334467 | r:  -497.000000 | e:   1.000000 | Q:        nan | won: False 
#   37 | steps:  1734 | steps_t:     0 | t: 1.369371 | r:  -477.000000 | e:   1.000000 | Q:        nan | won: False 
#   38 | steps:  1787 | steps_t:     0 | t: 1.410226 | r:  -530.000000 | e:   1.000000 | Q:        nan | won: False 
#   39 | steps:  1824 | steps_t:     0 | t: 1.440182 | r:  -474.000000 | e:   1.000000 | Q:        nan | won: False 
#   40 | steps:  1874 | steps_t:     0 | t: 1.478079 | r:  -476.000000 | e:   1.000000 | Q:        nan | won: False 
#   41 | steps:  1961 | steps_t:     0 | t: 1.534928 | r:  -513.000000 | e:   1.000000 | Q:        nan | won: False 
#   42 | steps:  1979 | steps_t:     0 | t: 1.554878 | r:  -495.000000 | e:   1.000000 | Q:        nan | won: False 
#   43 | steps:  1996 | steps_t:     0 | t: 1.569797 | r:  -505.000000 | e:   1.000000 | Q:        nan | won: False 
#   44 | steps:  2071 | steps_t:     0 | t: 1.619663 | r:  -479.000000 | e:   1.000000 | Q:        nan | won: False 
#   45 | steps:  2124 | steps_t:     0 | t: 1.665581 | r:  -508.000000 | e:   1.000000 | Q:        nan | won: False 
#   46 | steps:  2177 | steps_t:     0 | t: 1.705470 | r:  -541.000000 | e:   1.000000 | Q:        nan | won: False 
#   47 | steps:  2254 | steps_t:     0 | t: 1.759339 | r:  -503.000000 | e:   1.000000 | Q:        nan | won: False 
#   48 | steps:  2306 | steps_t:     0 | t: 1.798222 | r:  -478.000000 | e:   1.000000 | Q:        nan | won: False 
#   49 | steps:  2315 | steps_t:     0 | t: 1.809161 | r:  -508.000000 | e:   1.000000 | Q:        nan | won: False 
#   50 | steps:  2325 | steps_t:     0 | t: 1.821127 | r:  -476.000000 | e:   1.000000 | Q:        nan | won: False 
#   51 | steps:  2357 | steps_t:     0 | t: 1.846097 | r:  -458.000000 | e:   1.000000 | Q:        nan | won: False 
#   52 | steps:  2363 | steps_t:     0 | t: 1.861018 | r:  -505.000000 | e:   1.000000 | Q:        nan | won: False 
#   53 | steps:  2410 | steps_t:     0 | t: 1.946791 | r:  -480.000000 | e:   1.000000 | Q:        nan | won: False 
#   54 | steps:  2441 | steps_t:     0 | t: 1.978704 | r:  -519.000000 | e:   1.000000 | Q:        nan | won: False 
#   55 | steps:  2524 | steps_t:     0 | t: 2.078437 | r:  -560.000000 | e:   1.000000 | Q:        nan | won: False 
#   56 | steps:  2549 | steps_t:     0 | t: 2.104367 | r:  -469.000000 | e:   1.000000 | Q:        nan | won: False 
#   57 | steps:  2563 | steps_t:     0 | t: 2.120325 | r:  -429.000000 | e:   1.000000 | Q:        nan | won: False 
#   58 | steps:  2578 | steps_t:     0 | t: 2.136280 | r:  -503.000000 | e:   1.000000 | Q:        nan | won: False 
#   59 | steps:  2631 | steps_t:     0 | t: 2.175176 | r:  -457.000000 | e:   1.000000 | Q:        nan | won: False 
#   60 | steps:  2645 | steps_t:     0 | t: 2.192132 | r:  -502.000000 | e:   1.000000 | Q:        nan | won: False 
#   61 | steps:  2652 | steps_t:     0 | t: 2.203102 | r:  -484.000000 | e:   1.000000 | Q:        nan | won: False 
#   62 | steps:  2687 | steps_t:     0 | t: 2.300878 | r:  -490.000000 | e:   1.000000 | Q:        nan | won: False 
#   63 | steps:  2739 | steps_t:     0 | t: 2.347716 | r:  -474.000000 | e:   1.000000 | Q:        nan | won: False 
#   64 | steps:  2824 | steps_t:     0 | t: 2.417565 | r:  -562.000000 | e:   1.000000 | Q:        nan | won: False 
#   65 | steps:  2874 | steps_t:     0 | t: 2.456425 | r:  -476.000000 | e:   1.000000 | Q:        nan | won: False 
#   66 | steps:  3019 | steps_t:     0 | t: 2.567132 | r:    33.000000 | e:   1.000000 | Q:        nan | won: True 
#   67 | steps:  3073 | steps_t:     0 | t: 2.612044 | r:  -458.000000 | e:   1.000000 | Q:        nan | won: False 
#   68 | steps:  3124 | steps_t:     0 | t: 2.653935 | r:  -484.000000 | e:   1.000000 | Q:        nan | won: False 
#   69 | steps:  3180 | steps_t:     0 | t: 2.698776 | r:  -500.000000 | e:   1.000000 | Q:        nan | won: False 
#   70 | steps:  3193 | steps_t:     0 | t: 2.712775 | r:  -512.000000 | e:   1.000000 | Q:        nan | won: False 
#   71 | steps:  3200 | steps_t:     0 | t: 2.723708 | r:  -506.000000 | e:   1.000000 | Q:        nan | won: False 
#   72 | steps:  3272 | steps_t:     0 | t: 2.784585 | r:  -454.000000 | e:   1.000000 | Q:        nan | won: False 
#   73 | steps:  3281 | steps_t:     0 | t: 2.799510 | r:  -508.000000 | e:   1.000000 | Q:        nan | won: False 
#   74 | steps:  3353 | steps_t:     0 | t: 2.856391 | r:  -549.000000 | e:   1.000000 | Q:        nan | won: False 
#   75 | steps:  3396 | steps_t:     0 | t: 2.889313 | r:  -425.000000 | e:   1.000000 | Q:        nan | won: False 
#   76 | steps:  3405 | steps_t:     0 | t: 2.900238 | r:  -508.000000 | e:   1.000000 | Q:        nan | won: False 
#   77 | steps:  3490 | steps_t:     0 | t: 2.963074 | r:  -511.000000 | e:   1.000000 | Q:        nan | won: False 
#   78 | steps:  3574 | steps_t:     0 | t: 3.054824 | r:  -510.000000 | e:   1.000000 | Q:        nan | won: False 
#   79 | steps:  3619 | steps_t:     0 | t: 3.111671 | r:  -467.000000 | e:   1.000000 | Q:        nan | won: False 
#   80 | steps:  3717 | steps_t:     0 | t: 3.181501 | r:  -542.000000 | e:   1.000000 | Q:        nan | won: False 
#   81 | steps:  3743 | steps_t:     0 | t: 3.202465 | r:  -452.000000 | e:   1.000000 | Q:        nan | won: False 
#   82 | steps:  3790 | steps_t:     0 | t: 3.237336 | r:  -484.000000 | e:   1.000000 | Q:        nan | won: False 
#   83 | steps:  3890 | steps_t:     0 | t: 3.308147 | r:  -482.000000 | e:   1.000000 | Q:        nan | won: False 
#   84 | steps:  3933 | steps_t:     0 | t: 3.342054 | r:  -469.000000 | e:   1.000000 | Q:        nan | won: False 
#   85 | steps:  4078 | steps_t:     0 | t: 3.437798 | r:    84.000000 | e:   1.000000 | Q:        nan | won: True 
#   86 | steps:  4104 | steps_t:     0 | t: 3.458744 | r:  -514.000000 | e:   1.000000 | Q:        nan | won: False 
#   87 | steps:  4169 | steps_t:     0 | t: 3.510641 | r:  -491.000000 | e:   1.000000 | Q:        nan | won: False 
#   88 | steps:  4262 | steps_t:     0 | t: 3.578460 | r:  -519.000000 | e:   1.000000 | Q:        nan | won: False 
#   89 | steps:  4330 | steps_t:     0 | t: 3.625299 | r:  -523.000000 | e:   1.000000 | Q:        nan | won: False 
#   90 | steps:  4354 | steps_t:     0 | t: 3.645283 | r:  -490.000000 | e:   1.000000 | Q:        nan | won: False 
#   91 | steps:  4371 | steps_t:     0 | t: 3.663197 | r:  -516.000000 | e:   1.000000 | Q:        nan | won: False 
#   92 | steps:  4385 | steps_t:     0 | t: 3.681158 | r:  -513.000000 | e:   1.000000 | Q:        nan | won: False 
#   93 | steps:  4398 | steps_t:     0 | t: 3.695109 | r:  -439.000000 | e:   1.000000 | Q:        nan | won: False 
#   94 | steps:  4411 | steps_t:     0 | t: 3.709109 | r:  -490.000000 | e:   1.000000 | Q:        nan | won: False 
#   95 | steps:  4436 | steps_t:     0 | t: 3.732049 | r:  -451.000000 | e:   1.000000 | Q:        nan | won: False 
#   96 | steps:  4479 | steps_t:     0 | t: 3.768949 | r:  -458.000000 | e:   1.000000 | Q:        nan | won: False 
#   97 | steps:  4534 | steps_t:     0 | t: 3.815836 | r:  -397.000000 | e:   1.000000 | Q:        nan | won: False 
#   98 | steps:  4561 | steps_t:     0 | t: 3.845706 | r:  -526.000000 | e:   1.000000 | Q:        nan | won: False 
#   99 | steps:  4594 | steps_t:     0 | t: 3.889598 | r:  -437.000000 | e:   1.000000 | Q:        nan | won: False 
#  100 | steps:  4672 | steps_t:     0 | t: 3.978362 | r:  -504.000000 | e:   1.000000 | Q:        nan | won: False 
#  101 | steps:  4718 | steps_t:     0 | t: 4.029224 | r:  -439.000000 | e:   1.000000 | Q:        nan | won: False 
#  102 | steps:  4780 | steps_t:     0 | t: 4.106012 | r:  -433.000000 | e:   1.000000 | Q:        nan | won: False 
#  103 | steps:  4803 | steps_t:     0 | t: 4.155878 | r:  -500.000000 | e:   1.000000 | Q:        nan | won: False 
#  104 | steps:  4817 | steps_t:     0 | t: 4.188791 | r:  -451.000000 | e:   1.000000 | Q:        nan | won: False 
#  105 | steps:  4829 | steps_t:     0 | t: 4.215718 | r:  -478.000000 | e:   1.000000 | Q:        nan | won: False 
#  106 | steps:  4854 | steps_t:     0 | t: 4.254615 | r:  -473.000000 | e:   1.000000 | Q:        nan | won: False 
#  107 | steps:  4861 | steps_t:     0 | t: 4.269578 | r:  -506.000000 | e:   1.000000 | Q:        nan | won: False 
#  108 | steps:  4914 | steps_t:     0 | t: 4.318442 | r:  -497.000000 | e:   1.000000 | Q:        nan | won: False 
#  109 | steps:  4963 | steps_t:     0 | t: 4.353383 | r:  -464.000000 | e:   1.000000 | Q:        nan | won: False 
#  110 | steps:  5021 | steps_t:     0 | t: 4.765247 | r:  -440.000000 | e:   1.000000 | Q:        nan | won: False 
#  111 | steps:  5090 | steps_t:     0 | t: 5.385588 | r:  -495.000000 | e:   1.000000 | Q:        nan | won: False 
#  112 | steps:  5111 | steps_t:     0 | t: 5.564109 | r:  -509.000000 | e:   1.000000 | Q:        nan | won: False 
#  113 | steps:  5118 | steps_t:     0 | t: 5.620957 | r:  -506.000000 | e:   1.000000 | Q:        nan | won: False 
#  114 | steps:  5163 | steps_t:     0 | t: 5.972019 | r:  -471.000000 | e:   1.000000 | Q:        nan | won: False 
#  115 | steps:  5213 | steps_t:     0 | t: 6.447746 | r:  -465.000000 | e:   1.000000 | Q:        nan | won: False 
#  116 | steps:  5272 | steps_t:     0 | t: 7.301461 | r:  -503.000000 | e:   1.000000 | Q:        nan | won: False 
#  117 | steps:  5329 | steps_t:     0 | t: 7.890883 | r:  -479.000000 | e:   1.000000 | Q:        nan | won: False 
#  118 | steps:  5356 | steps_t:     0 | t: 8.092345 | r:  -453.000000 | e:   1.000000 | Q:        nan | won: False 
#  119 | steps:  5390 | steps_t:     0 | t: 8.368606 | r:  -482.000000 | e:   1.000000 | Q:        nan | won: False 
#  120 | steps:  5432 | steps_t:     0 | t: 8.786487 | r:  -486.000000 | e:   1.000000 | Q:        nan | won: False 
#  121 | steps:  5471 | steps_t:     0 | t: 9.273185 | r:  -454.000000 | e:   1.000000 | Q:        nan | won: False 
#  122 | steps:  5509 | steps_t:     0 | t: 10.422112 | r:  -464.000000 | e:   1.000000 | Q:        nan | won: False 
#  123 | steps:  5524 | steps_t:     0 | t: 10.602631 | r:  -503.000000 | e:   1.000000 | Q:        nan | won: False 
#  124 | steps:  5561 | steps_t:     0 | t: 11.005551 | r:  -463.000000 | e:   1.000000 | Q:        nan | won: False 
#  125 | steps:  5635 | steps_t:     0 | t: 11.762526 | r:  -489.000000 | e:   1.000000 | Q:        nan | won: False 
#  126 | steps:  5664 | steps_t:     0 | t: 12.088652 | r:  -466.000000 | e:   1.000000 | Q:        nan | won: False 
#  127 | steps:  5697 | steps_t:     0 | t: 12.376881 | r:  -521.000000 | e:   1.000000 | Q:        nan | won: False 
#  128 | steps:  5770 | steps_t:     0 | t: 13.038112 | r:   105.000000 | e:   1.000000 | Q:        nan | won: True 
#  129 | steps:  5811 | steps_t:     0 | t: 13.481925 | r:  -467.000000 | e:   1.000000 | Q:        nan | won: False 
#  130 | steps:  5865 | steps_t:     0 | t: 13.903804 | r:  -531.000000 | e:   1.000000 | Q:        nan | won: False 
#  131 | steps:  5903 | steps_t:     0 | t: 14.253859 | r:  -464.000000 | e:   1.000000 | Q:        nan | won: False 
#  132 | steps:  5937 | steps_t:     0 | t: 14.568019 | r:  -511.000000 | e:   1.000000 | Q:        nan | won: False 
#  133 | steps:  5977 | steps_t:     0 | t: 15.022802 | r:  -444.000000 | e:   1.000000 | Q:        nan | won: False 
#  134 | steps:  5996 | steps_t:     0 | t: 15.165420 | r:  -456.000000 | e:   1.000000 | Q:        nan | won: False 
#  135 | steps:  6051 | steps_t:     0 | t: 15.707969 | r:  -470.000000 | e:   1.000000 | Q:        nan | won: False 
#  136 | steps:  6155 | steps_t:     0 | t: 16.628509 | r:   125.000000 | e:   1.000000 | Q:        nan | won: True 
#  137 | steps:  6192 | steps_t:     0 | t: 16.933694 | r:  -430.000000 | e:   1.000000 | Q:        nan | won: False 
#  138 | steps:  6212 | steps_t:     0 | t: 17.102241 | r:  -457.000000 | e:   1.000000 | Q:        nan | won: False 
#  139 | steps:  6240 | steps_t:     0 | t: 17.549043 | r:  -454.000000 | e:   1.000000 | Q:        nan | won: False 
#  140 | steps:  6292 | steps_t:     0 | t: 18.116529 | r:  -540.000000 | e:   1.000000 | Q:        nan | won: False 
#  141 | steps:  6352 | steps_t:     0 | t: 18.837595 | r:  -464.000000 | e:   1.000000 | Q:        nan | won: False 
