#    1 | steps:    11 | steps_t:     0 | t: 0.028950 | r:  -477.000000 | e:   1.000000 | Q:        nan | won: False 
#    2 | steps:    29 | steps_t:     0 | t: 0.045875 | r:  -506.000000 | e:   1.000000 | Q:        nan | won: False 
#    3 | steps:    57 | steps_t:     0 | t: 0.066817 | r:  -527.000000 | e:   1.000000 | Q:        nan | won: False 
#    4 | steps:   113 | steps_t:     0 | t: 0.103756 | r:  -438.000000 | e:   1.000000 | Q:        nan | won: False 
#    5 | steps:   134 | steps_t:     0 | t: 0.121670 | r:  -396.000000 | e:   1.000000 | Q:        nan | won: False 
#    6 | steps:   191 | steps_t:     0 | t: 0.164601 | r:  -523.000000 | e:   1.000000 | Q:        nan | won: False 
#    7 | steps:   242 | steps_t:     0 | t: 0.200495 | r:  -517.000000 | e:   1.000000 | Q:        nan | won: False 
#    8 | steps:   270 | steps_t:     0 | t: 0.223403 | r:  -516.000000 | e:   1.000000 | Q:        nan | won: False 
#    9 | steps:   303 | steps_t:     0 | t: 0.268280 | r:  -459.000000 | e:   1.000000 | Q:        nan | won: False 
#   10 | steps:   380 | steps_t:     0 | t: 0.331146 | r:  -470.000000 | e:   1.000000 | Q:        nan | won: False 
#   11 | steps:   435 | steps_t:     0 | t: 0.371040 | r:  -481.000000 | e:   1.000000 | Q:        nan | won: False 
#   12 | steps:   489 | steps_t:     0 | t: 0.409899 | r:   164.000000 | e:   1.000000 | Q:        nan | won: True 
#   13 | steps:   497 | steps_t:     0 | t: 0.448798 | r:  -507.000000 | e:   1.000000 | Q:        nan | won: False 
#   14 | steps:   514 | steps_t:     0 | t: 0.464791 | r:  -392.000000 | e:   1.000000 | Q:        nan | won: False 
#   15 | steps:   560 | steps_t:     0 | t: 0.503658 | r:  -523.000000 | e:   1.000000 | Q:        nan | won: False 
#   16 | steps:   600 | steps_t:     0 | t: 0.539590 | r:  -477.000000 | e:   1.000000 | Q:        nan | won: False 
#   17 | steps:   647 | steps_t:     0 | t: 0.577486 | r:  -451.000000 | e:   1.000000 | Q:        nan | won: False 
#   18 | steps:   664 | steps_t:     0 | t: 0.605376 | r:  -505.000000 | e:   1.000000 | Q:        nan | won: False 
#   19 | steps:   704 | steps_t:     0 | t: 0.636297 | r:  -506.000000 | e:   1.000000 | Q:        nan | won: False 
#   20 | steps:   735 | steps_t:     0 | t: 0.659272 | r:  -519.000000 | e:   1.000000 | Q:        nan | won: False 
#   21 | steps:   849 | steps_t:     0 | t: 0.736069 | r:  -529.000000 | e:   1.000000 | Q:        nan | won: False 
#   22 | steps:   929 | steps_t:     0 | t: 0.798858 | r:  -546.000000 | e:   1.000000 | Q:        nan | won: False 
#   23 | steps:   960 | steps_t:     0 | t: 0.823795 | r:  -468.000000 | e:   1.000000 | Q:        nan | won: False 
#   24 | steps:  1027 | steps_t:     0 | t: 0.868703 | r:  -500.000000 | e:   1.000000 | Q:        nan | won: False 
#   25 | steps:  1118 | steps_t:     0 | t: 0.929550 | r:  -568.000000 | e:   1.000000 | Q:        nan | won: False 
#   26 | steps:  1174 | steps_t:     0 | t: 0.974389 | r:  -460.000000 | e:   1.000000 | Q:        nan | won: False 
#   27 | steps:  1251 | steps_t:     0 | t: 1.062155 | r:  -554.000000 | e:   1.000000 | Q:        nan | won: False 
#   28 | steps:  1297 | steps_t:     0 | t: 1.161928 | r:  -461.000000 | e:   1.000000 | Q:        nan | won: False 
#   29 | steps:  1352 | steps_t:     0 | t: 1.208764 | r:  -510.000000 | e:   1.000000 | Q:        nan | won: False 
#   30 | steps:  1400 | steps_t:     0 | t: 1.246662 | r:  -474.000000 | e:   1.000000 | Q:        nan | won: False 
#   31 | steps:  1410 | steps_t:     0 | t: 1.259664 | r:  -498.000000 | e:   1.000000 | Q:        nan | won: False 
#   32 | steps:  1433 | steps_t:     0 | t: 1.279614 | r:  -511.000000 | e:   1.000000 | Q:        nan | won: False 
#   33 | steps:  1511 | steps_t:     0 | t: 1.333429 | r:  -533.000000 | e:   1.000000 | Q:        nan | won: False 
#   34 | steps:  1545 | steps_t:     0 | t: 1.363350 | r:  -489.000000 | e:   1.000000 | Q:        nan | won: False 
#   35 | steps:  1621 | steps_t:     0 | t: 1.479040 | r:   102.000000 | e:   1.000000 | Q:        nan | won: True 
#   36 | steps:  1645 | steps_t:     0 | t: 1.508959 | r:  -450.000000 | e:   1.000000 | Q:        nan | won: False 
#   37 | steps:  1733 | steps_t:     0 | t: 1.579769 | r:  -514.000000 | e:   1.000000 | Q:        nan | won: False 
#   38 | steps:  1745 | steps_t:     0 | t: 1.593767 | r:  -489.000000 | e:   1.000000 | Q:        nan | won: False 
#   39 | steps:  1754 | steps_t:     0 | t: 1.604702 | r:  -497.000000 | e:   1.000000 | Q:        nan | won: False 
#   40 | steps:  1822 | steps_t:     0 | t: 1.651578 | r:  -494.000000 | e:   1.000000 | Q:        nan | won: False 
#   41 | steps:  1865 | steps_t:     0 | t: 1.687484 | r:  -469.000000 | e:   1.000000 | Q:        nan | won: False 
#   42 | steps:  1953 | steps_t:     0 | t: 1.760287 | r:    90.000000 | e:   1.000000 | Q:        nan | won: True 
#   43 | steps:  1984 | steps_t:     0 | t: 1.790290 | r:  -446.000000 | e:   1.000000 | Q:        nan | won: False 
#   44 | steps:  2059 | steps_t:     0 | t: 1.846091 | r:  -519.000000 | e:   1.000000 | Q:        nan | won: False 
#   45 | steps:  2087 | steps_t:     0 | t: 1.870027 | r:  -432.000000 | e:   1.000000 | Q:        nan | won: False 
#   46 | steps:  2144 | steps_t:     0 | t: 1.915871 | r:  -483.000000 | e:   1.000000 | Q:        nan | won: False 
#   47 | steps:  2198 | steps_t:     0 | t: 1.961784 | r:  -542.000000 | e:   1.000000 | Q:        nan | won: False 
#   48 | steps:  2208 | steps_t:     0 | t: 1.974712 | r:  -498.000000 | e:   1.000000 | Q:        nan | won: False 
#   49 | steps:  2259 | steps_t:     0 | t: 2.018596 | r:  -444.000000 | e:   1.000000 | Q:        nan | won: False 
#   50 | steps:  2273 | steps_t:     0 | t: 2.034554 | r:  -480.000000 | e:   1.000000 | Q:        nan | won: False 
#   51 | steps:  2292 | steps_t:     0 | t: 2.058528 | r:  -496.000000 | e:   1.000000 | Q:        nan | won: False 
#   52 | steps:  2318 | steps_t:     0 | t: 2.082433 | r:  -514.000000 | e:   1.000000 | Q:        nan | won: False 
#   53 | steps:  2369 | steps_t:     0 | t: 2.134286 | r:  -517.000000 | e:   1.000000 | Q:        nan | won: False 
#   54 | steps:  2400 | steps_t:     0 | t: 2.177176 | r:  -486.000000 | e:   1.000000 | Q:        nan | won: False 
#   55 | steps:  2418 | steps_t:     0 | t: 2.201107 | r:  -506.000000 | e:   1.000000 | Q:        nan | won: False 
#   56 | steps:  2446 | steps_t:     0 | t: 2.232024 | r:  -443.000000 | e:   1.000000 | Q:        nan | won: False 
#   57 | steps:  2471 | steps_t:     0 | t: 2.254995 | r:  -429.000000 | e:   1.000000 | Q:        nan | won: False 
#   58 | steps:  2529 | steps_t:     0 | t: 2.298882 | r:  -495.000000 | e:   1.000000 | Q:        nan | won: False 
#   59 | steps:  2558 | steps_t:     0 | t: 2.322819 | r:  -517.000000 | e:   1.000000 | Q:        nan | won: False 
#   60 | steps:  2572 | steps_t:     0 | t: 2.337743 | r:  -513.000000 | e:   1.000000 | Q:        nan | won: False 
#   61 | steps:  2593 | steps_t:     0 | t: 2.360681 | r:  -509.000000 | e:   1.000000 | Q:        nan | won: False 
#   62 | steps:  2612 | steps_t:     0 | t: 2.383620 | r:  -485.000000 | e:   1.000000 | Q:        nan | won: False 
#   63 | steps:  2649 | steps_t:     0 | t: 2.427505 | r:  -452.000000 | e:   1.000000 | Q:        nan | won: False 
#   64 | steps:  2768 | steps_t:     0 | t: 2.599082 | r:  -534.000000 | e:   1.000000 | Q:        nan | won: False 
#   65 | steps:  2871 | steps_t:     0 | t: 2.669852 | r:  -507.000000 | e:   1.000000 | Q:        nan | won: False 
#   66 | steps:  2918 | steps_t:     0 | t: 2.714734 | r:  -473.000000 | e:   1.000000 | Q:        nan | won: False 
#   67 | steps:  2950 | steps_t:     0 | t: 2.744691 | r:  -469.000000 | e:   1.000000 | Q:        nan | won: False 
#   68 | steps:  2991 | steps_t:     0 | t: 2.779594 | r:  -456.000000 | e:   1.000000 | Q:        nan | won: False 
#   69 | steps:  3019 | steps_t:     0 | t: 2.802502 | r:  -421.000000 | e:   1.000000 | Q:        nan | won: False 
#   70 | steps:  3094 | steps_t:     0 | t: 2.862378 | r:  -479.000000 | e:   1.000000 | Q:        nan | won: False 
#   71 | steps:  3140 | steps_t:     0 | t: 2.898278 | r:  -523.000000 | e:   1.000000 | Q:        nan | won: False 
#   72 | steps:  3209 | steps_t:     0 | t: 2.946146 | r:  -546.000000 | e:   1.000000 | Q:        nan | won: False 
#   73 | steps:  3233 | steps_t:     0 | t: 2.967099 | r:  -417.000000 | e:   1.000000 | Q:        nan | won: False 
#   74 | steps:  3285 | steps_t:     0 | t: 3.014930 | r:  -529.000000 | e:   1.000000 | Q:        nan | won: False 
#   75 | steps:  3353 | steps_t:     0 | t: 3.067825 | r:  -534.000000 | e:   1.000000 | Q:        nan | won: False 
#   76 | steps:  3425 | steps_t:     0 | t: 3.126634 | r:  -498.000000 | e:   1.000000 | Q:        nan | won: False 
#   77 | steps:  3452 | steps_t:     0 | t: 3.159582 | r:  -464.000000 | e:   1.000000 | Q:        nan | won: False 
#   78 | steps:  3465 | steps_t:     0 | t: 3.172544 | r:  -512.000000 | e:   1.000000 | Q:        nan | won: False 
#   79 | steps:  3501 | steps_t:     0 | t: 3.208450 | r:  -524.000000 | e:   1.000000 | Q:        nan | won: False 
#   80 | steps:  3535 | steps_t:     0 | t: 3.245313 | r:  -438.000000 | e:   1.000000 | Q:        nan | won: False 
#   81 | steps:  3560 | steps_t:     0 | t: 3.279224 | r:  -462.000000 | e:   1.000000 | Q:        nan | won: False 
#   82 | steps:  3571 | steps_t:     0 | t: 3.297174 | r:  -510.000000 | e:   1.000000 | Q:        nan | won: False 
#   83 | steps:  3644 | steps_t:     0 | t: 3.355051 | r:  -550.000000 | e:   1.000000 | Q:        nan | won: False 
#   84 | steps:  3692 | steps_t:     0 | t: 3.392964 | r:  -481.000000 | e:   1.000000 | Q:        nan | won: False 
#   85 | steps:  3774 | steps_t:     0 | t: 3.446815 | r:  -559.000000 | e:   1.000000 | Q:        nan | won: False 
#   86 | steps:  3829 | steps_t:     0 | t: 3.511602 | r:  -437.000000 | e:   1.000000 | Q:        nan | won: False 
#   87 | steps:  3890 | steps_t:     0 | t: 3.582418 | r:  -527.000000 | e:   1.000000 | Q:        nan | won: False 
#   88 | steps:  3945 | steps_t:     0 | t: 3.623302 | r:  -459.000000 | e:   1.000000 | Q:        nan | won: False 
#   89 | steps:  4045 | steps_t:     0 | t: 3.698137 | r:  -504.000000 | e:   1.000000 | Q:        nan | won: False 
#   90 | steps:  4103 | steps_t:     0 | t: 3.739995 | r:  -473.000000 | e:   1.000000 | Q:        nan | won: False 
#   91 | steps:  4136 | steps_t:     0 | t: 3.769946 | r:  -510.000000 | e:   1.000000 | Q:        nan | won: False 
#   92 | steps:  4209 | steps_t:     0 | t: 3.818779 | r:  -477.000000 | e:   1.000000 | Q:        nan | won: False 
#   93 | steps:  4253 | steps_t:     0 | t: 3.850696 | r:  -448.000000 | e:   1.000000 | Q:        nan | won: False 
#   94 | steps:  4302 | steps_t:     0 | t: 3.885639 | r:  -515.000000 | e:   1.000000 | Q:        nan | won: False 
#   95 | steps:  4368 | steps_t:     0 | t: 3.934471 | r:  -459.000000 | e:   1.000000 | Q:        nan | won: False 
#   96 | steps:  4454 | steps_t:     0 | t: 4.003286 | r:  -479.000000 | e:   1.000000 | Q:        nan | won: False 
#   97 | steps:  4529 | steps_t:     0 | t: 4.070107 | r:  -479.000000 | e:   1.000000 | Q:        nan | won: False 
#   98 | steps:  4591 | steps_t:     0 | t: 4.112992 | r:  -484.000000 | e:   1.000000 | Q:        nan | won: False 
#   99 | steps:  4601 | steps_t:     0 | t: 4.124960 | r:  -498.000000 | e:   1.000000 | Q:        nan | won: False 
#  100 | steps:  4660 | steps_t:     0 | t: 4.169869 | r:  -503.000000 | e:   1.000000 | Q:        nan | won: False 
#  101 | steps:  4672 | steps_t:     0 | t: 4.184802 | r:  -489.000000 | e:   1.000000 | Q:        nan | won: False 
#  102 | steps:  4690 | steps_t:     0 | t: 4.205745 | r:  -455.000000 | e:   1.000000 | Q:        nan | won: False 
#  103 | steps:  4741 | steps_t:     0 | t: 4.250663 | r:  -488.000000 | e:   1.000000 | Q:        nan | won: False 
#  104 | steps:  4819 | steps_t:     0 | t: 4.303482 | r:  -555.000000 | e:   1.000000 | Q:        nan | won: False 
#  105 | steps:  4834 | steps_t:     0 | t: 4.326421 | r:  -514.000000 | e:   1.000000 | Q:        nan | won: False 
#  106 | steps:  4845 | steps_t:     0 | t: 4.340384 | r:  -408.000000 | e:   1.000000 | Q:        nan | won: False 
#  107 | steps:  4927 | steps_t:     0 | t: 4.417214 | r:  -537.000000 | e:   1.000000 | Q:        nan | won: False 
#  108 | steps:  5030 | steps_t:    29 | t: 4.906867 | r:  -580.000000 | e:   0.997100 | Q:        nan | won: False 
#  109 | steps:  5083 | steps_t:    81 | t: 5.284856 | r:  -468.000000 | e:   0.991900 | Q:  -0.473959 | won: False 
#  110 | steps:  5121 | steps_t:   118 | t: 5.595027 | r:  -486.000000 | e:   0.988200 | Q:        nan | won: False 
#  111 | steps:  5221 | steps_t:   217 | t: 6.468690 | r:  -566.000000 | e:   0.978300 | Q:        nan | won: False 
#  112 | steps:  5241 | steps_t:   236 | t: 6.742956 | r:  -508.000000 | e:   0.976400 | Q:        nan | won: False 
#  113 | steps:  5334 | steps_t:   328 | t: 7.858970 | r:  -464.000000 | e:   0.967200 | Q: -36.383007 | won: False 
#  114 | steps:  5386 | steps_t:   379 | t: 8.250921 | r:  -456.000000 | e:   0.962100 | Q: -64.051018 | won: False 
#  115 | steps:  5451 | steps_t:   443 | t: 8.708697 | r:  -542.000000 | e:   0.955700 | Q: -69.823761 | won: False 
#  116 | steps:  5565 | steps_t:   556 | t: 9.578369 | r:  -485.000000 | e:   0.944400 | Q: -63.987514 | won: False 
#  117 | steps:  5603 | steps_t:   593 | t: 9.855628 | r:  -475.000000 | e:   0.940700 | Q:        nan | won: False 
#  118 | steps:  5608 | steps_t:   597 | t: 9.889540 | r:  -504.000000 | e:   0.940300 | Q:        nan | won: False 
#  119 | steps:  5650 | steps_t:   638 | t: 10.232622 | r:  -479.000000 | e:   0.936200 | Q: -82.564606 | won: False 
#  120 | steps:  5668 | steps_t:   655 | t: 10.353295 | r:  -433.000000 | e:   0.934500 | Q: -96.184464 | won: False 
#  121 | steps:  5721 | steps_t:   707 | t: 10.729289 | r:  -497.000000 | e:   0.929300 | Q: -89.364502 | won: False 
#  122 | steps:  5757 | steps_t:   742 | t: 10.986601 | r:  -440.000000 | e:   0.925800 | Q: -93.319710 | won: False 
#  123 | steps:  5774 | steps_t:   758 | t: 11.129220 | r:  -505.000000 | e:   0.924200 | Q: -109.627632 | won: False 
#  124 | steps:  5843 | steps_t:   826 | t: 11.751068 | r:  -506.000000 | e:   0.917400 | Q: -97.151009 | won: False 
#  125 | steps:  5860 | steps_t:   842 | t: 11.875735 | r:  -516.000000 | e:   0.915800 | Q: -108.962418 | won: False 
#  126 | steps:  5874 | steps_t:   855 | t: 11.986448 | r:  -502.000000 | e:   0.914500 | Q:        nan | won: False 
#  127 | steps:  5936 | steps_t:   916 | t: 12.653654 | r:  -488.000000 | e:   0.908400 | Q: -105.027496 | won: False 
#  128 | steps:  6090 | steps_t:  1069 | t: 13.831503 | r:  -580.000000 | e:   0.893100 | Q: -95.886017 | won: False 
#  129 | steps:  6133 | steps_t:  1111 | t: 14.149652 | r:  -385.000000 | e:   0.888900 | Q: -90.817436 | won: False 
#  130 | steps:  6208 | steps_t:  1185 | t: 14.771997 | r:  -501.000000 | e:   0.881500 | Q: -93.914818 | won: False 
#  131 | steps:  6219 | steps_t:  1195 | t: 14.845788 | r:  -510.000000 | e:   0.880500 | Q: -119.081787 | won: False 
#  132 | steps:  6227 | steps_t:  1202 | t: 14.900642 | r:  -507.000000 | e:   0.879800 | Q:        nan | won: False 
#  133 | steps:  6282 | steps_t:  1256 | t: 15.311544 | r:  -481.000000 | e:   0.874400 | Q: -93.865746 | won: False 
#  134 | steps:  6316 | steps_t:  1289 | t: 15.599771 | r:  -522.000000 | e:   0.871100 | Q: -111.450439 | won: False 
#  135 | steps:  6360 | steps_t:  1332 | t: 15.968784 | r:  -470.000000 | e:   0.866800 | Q: -117.680763 | won: False 
#  136 | steps:  6368 | steps_t:  1339 | t: 16.028624 | r:  -496.000000 | e:   0.866100 | Q: -126.075127 | won: False 
#  137 | steps:  6431 | steps_t:  1401 | t: 16.512330 | r:  -529.000000 | e:   0.859900 | Q: -94.359520 | won: False 
#  138 | steps:  6440 | steps_t:  1409 | t: 16.607077 | r:  -508.000000 | e:   0.859100 | Q: -119.789482 | won: False 
#  139 | steps:  6459 | steps_t:  1427 | t: 16.887326 | r:  -507.000000 | e:   0.857300 | Q: -113.098572 | won: False 
#  140 | steps:  6471 | steps_t:  1438 | t: 16.970109 | r:  -511.000000 | e:   0.856200 | Q:        nan | won: False 
#  141 | steps:  6488 | steps_t:  1454 | t: 17.092777 | r:  -505.000000 | e:   0.854600 | Q: -100.013412 | won: False 
#  142 | steps:  6542 | steps_t:  1507 | t: 17.569505 | r:  -436.000000 | e:   0.849300 | Q: -101.512840 | won: False 
#  143 | steps:  6565 | steps_t:  1529 | t: 17.746029 | r:  -511.000000 | e:   0.847100 | Q: -109.496651 | won: False 
#  144 | steps:  6620 | steps_t:  1583 | t: 18.205798 | r:  -499.000000 | e:   0.841700 | Q: -85.775963 | won: False 
#  145 | steps:  6639 | steps_t:  1601 | t: 18.340439 | r:  -456.000000 | e:   0.839900 | Q: -117.387794 | won: False 
#  146 | steps:  6679 | steps_t:  1640 | t: 18.658587 | r:  -466.000000 | e:   0.836000 | Q: -94.023750 | won: False 
#  147 | steps:  6700 | steps_t:  1660 | t: 18.811184 | r:  -458.000000 | e:   0.834000 | Q: -98.623894 | won: False 
#  148 | steps:  6724 | steps_t:  1683 | t: 19.106390 | r:  -512.000000 | e:   0.831700 | Q: -123.433670 | won: False 
#  149 | steps:  6813 | steps_t:  1771 | t: 19.907246 | r:  -482.000000 | e:   0.822900 | Q: -105.981636 | won: False 
#  150 | steps:  6825 | steps_t:  1782 | t: 20.003990 | r:  -511.000000 | e:   0.821800 | Q: -138.335083 | won: False 
#  151 | steps:  6907 | steps_t:  1863 | t: 20.770940 | r:  -559.000000 | e:   0.813700 | Q: -81.563637 | won: False 
#  152 | steps:  6957 | steps_t:  1912 | t: 21.186822 | r:  -454.000000 | e:   0.808800 | Q: -82.408409 | won: False 
#  153 | steps:  6968 | steps_t:  1922 | t: 21.324454 | r:  -510.000000 | e:   0.807800 | Q:        nan | won: False 
#  154 | steps:  7026 | steps_t:  1979 | t: 21.753311 | r:  -535.000000 | e:   0.802100 | Q: -76.282211 | won: False 
#  155 | steps:  7118 | steps_t:  2070 | t: 22.467396 | r:  -518.000000 | e:   0.793000 | Q: -85.430504 | won: False 
#  156 | steps:  7187 | steps_t:  2138 | t: 23.246313 | r:  -546.000000 | e:   0.786200 | Q: -85.873108 | won: False 
#  157 | steps:  7209 | steps_t:  2159 | t: 23.865654 | r:  -521.000000 | e:   0.784100 | Q: -106.671234 | won: False 
#  158 | steps:  7326 | steps_t:  2275 | t: 25.377610 | r:  -594.000000 | e:   0.772500 | Q: -78.149216 | won: False 
#  159 | steps:  7383 | steps_t:  2331 | t: 26.552467 | r:  -534.000000 | e:   0.766900 | Q: -83.467384 | won: False 
#  160 | steps:  7404 | steps_t:  2351 | t: 26.800806 | r:  -520.000000 | e:   0.764900 | Q: -113.214081 | won: False 
#  161 | steps:  7497 | steps_t:  2443 | t: 27.585707 | r:  -497.000000 | e:   0.755700 | Q: -89.194466 | won: False 
#  162 | steps:  7556 | steps_t:  2501 | t: 28.055446 | r:  -496.000000 | e:   0.749900 | Q: -87.168388 | won: False 
#  163 | steps:  7625 | steps_t:  2569 | t: 29.077713 | r:  -546.000000 | e:   0.743100 | Q: -94.298363 | won: False 
#  164 | steps:  7701 | steps_t:  2644 | t: 29.906492 | r:  -513.000000 | e:   0.735600 | Q: -102.663315 | won: False 
#  165 | steps:  7748 | steps_t:  2690 | t: 30.293458 | r:  -524.000000 | e:   0.731000 | Q: -74.846123 | won: False 
#  166 | steps:  7774 | steps_t:  2715 | t: 30.768188 | r:  -503.000000 | e:   0.728500 | Q: -111.061363 | won: False 
#  167 | steps:  7789 | steps_t:  2729 | t: 30.932747 | r:  -514.000000 | e:   0.727100 | Q: -108.721642 | won: False 
#  168 | steps:  7843 | steps_t:  2782 | t: 31.474298 | r:  -542.000000 | e:   0.721800 | Q: -73.951813 | won: False 
#  169 | steps:  7867 | steps_t:  2805 | t: 31.828351 | r:  -512.000000 | e:   0.719500 | Q: -112.291260 | won: False 
#  170 | steps:  7904 | steps_t:  2841 | t: 32.166448 | r:  -525.000000 | e:   0.715900 | Q: -127.252190 | won: False 
#  171 | steps:  7945 | steps_t:  2881 | t: 32.725958 | r:  -529.000000 | e:   0.711900 | Q: -132.829681 | won: False 
#  172 | steps:  8024 | steps_t:  2959 | t: 33.776139 | r:  -545.000000 | e:   0.704100 | Q: -98.495308 | won: False 
#  173 | steps:  8040 | steps_t:  2974 | t: 33.901803 | r:  -442.000000 | e:   0.702600 | Q: -124.104416 | won: False 
#  174 | steps:  8052 | steps_t:  2985 | t: 34.057386 | r:  -500.000000 | e:   0.701500 | Q: -133.374969 | won: False 
#  175 | steps:  8067 | steps_t:  2999 | t: 34.271814 | r:  -492.000000 | e:   0.700100 | Q: -130.209869 | won: False 
#  176 | steps:  8084 | steps_t:  3015 | t: 34.471280 | r:  -421.000000 | e:   0.698500 | Q: -95.225723 | won: False 
#  177 | steps:  8100 | steps_t:  3030 | t: 35.586297 | r:  -504.000000 | e:   0.697000 | Q: -134.304657 | won: False 
#  178 | steps:  8110 | steps_t:  3039 | t: 35.715949 | r:  -509.000000 | e:   0.696100 | Q:        nan | won: False 
#  179 | steps:  8144 | steps_t:  3072 | t: 36.129845 | r:  -522.000000 | e:   0.692800 | Q: -131.751297 | won: False 
#  180 | steps:  8239 | steps_t:  3166 | t: 37.502170 | r:  -561.000000 | e:   0.683400 | Q: -85.744682 | won: False 
#  181 | steps:  8316 | steps_t:  3242 | t: 38.268121 | r:  -481.000000 | e:   0.675800 | Q: -115.288185 | won: False 
#  182 | steps:  8375 | steps_t:  3300 | t: 38.808675 | r:  -547.000000 | e:   0.670000 | Q: -109.762955 | won: False 
#  183 | steps:  8440 | steps_t:  3364 | t: 39.438999 | r:  -502.000000 | e:   0.663600 | Q: -79.744202 | won: False 
#  184 | steps:  8499 | steps_t:  3422 | t: 39.968570 | r:  -496.000000 | e:   0.657800 | Q: -75.846535 | won: False 
#  185 | steps:  8603 | steps_t:  3525 | t: 40.841235 | r:  -519.000000 | e:   0.647500 | Q: -75.717644 | won: False 
#  186 | steps:  8616 | steps_t:  3537 | t: 40.952940 | r:  -512.000000 | e:   0.646300 | Q: -116.423317 | won: False 
#  187 | steps:  8655 | steps_t:  3575 | t: 41.256125 | r:  -403.000000 | e:   0.642500 | Q: -99.033737 | won: False 
#  188 | steps:  8675 | steps_t:  3594 | t: 41.426672 | r:  -519.000000 | e:   0.640600 | Q: -112.482201 | won: False 
#  189 | steps:  8684 | steps_t:  3602 | t: 41.506455 | r:  -508.000000 | e:   0.639800 | Q: -115.316772 | won: False 
#  190 | steps:  8760 | steps_t:  3677 | t: 42.141755 | r:  -542.000000 | e:   0.632300 | Q: -63.612007 | won: False 
#  191 | steps:  8894 | steps_t:  3810 | t: 43.623790 | r:  -549.000000 | e:   0.619000 | Q: -58.310326 | won: False 
#  192 | steps:  8922 | steps_t:  3837 | t: 43.975849 | r:  -527.000000 | e:   0.616300 | Q: -114.604340 | won: False 
#  193 | steps:  8946 | steps_t:  3860 | t: 44.357830 | r:  -512.000000 | e:   0.614000 | Q: -127.280891 | won: False 
#  194 | steps:  8983 | steps_t:  3896 | t: 44.766732 | r:  -525.000000 | e:   0.610400 | Q: -121.774620 | won: False 
#  195 | steps:  9028 | steps_t:  3940 | t: 45.200572 | r:  -460.000000 | e:   0.606000 | Q: -84.897026 | won: False 
#  196 | steps:  9045 | steps_t:  3956 | t: 45.537673 | r:  -516.000000 | e:   0.604400 | Q: -121.822792 | won: False 
#  197 | steps:  9096 | steps_t:  4006 | t: 46.264724 | r:  -539.000000 | e:   0.599400 | Q: -74.556900 | won: False 
#  198 | steps:  9138 | steps_t:  4047 | t: 46.751422 | r:  -541.000000 | e:   0.595300 | Q: -121.106522 | won: False 
#  199 | steps:  9150 | steps_t:  4058 | t: 46.887059 | r:  -500.000000 | e:   0.594200 | Q: -128.706970 | won: False 
#  200 | steps:  9168 | steps_t:  4075 | t: 47.028680 | r:  -495.000000 | e:   0.592500 | Q: -122.115395 | won: False 
#  201 | steps:  9194 | steps_t:  4100 | t: 47.301951 | r:  -492.000000 | e:   0.590000 | Q: -128.527039 | won: False 
#  202 | steps:  9205 | steps_t:  4110 | t: 47.408663 | r:  -510.000000 | e:   0.589000 | Q: -135.462265 | won: False 
#  203 | steps:  9257 | steps_t:  4161 | t: 47.900349 | r:  -529.000000 | e:   0.583900 | Q: -127.241974 | won: False 
#  204 | steps:  9285 | steps_t:  4188 | t: 48.143697 | r:  -432.000000 | e:   0.581200 | Q: -85.266785 | won: False 
#  205 | steps:  9295 | steps_t:  4197 | t: 48.220491 | r:  -498.000000 | e:   0.580300 | Q: -122.779709 | won: False 
#  206 | steps:  9339 | steps_t:  4240 | t: 48.670289 | r:  -532.000000 | e:   0.576000 | Q: -118.462379 | won: False 
#  207 | steps:  9395 | steps_t:  4295 | t: 49.290629 | r:  -533.000000 | e:   0.570500 | Q: -130.895950 | won: False 
#  208 | steps:  9499 | steps_t:  4398 | t: 50.254051 | r:  -530.000000 | e:   0.560200 | Q: -86.322990 | won: False 
#  209 | steps:  9534 | steps_t:  4432 | t: 50.628052 | r:  -523.000000 | e:   0.556800 | Q: -112.289169 | won: False 
#  210 | steps:  9566 | steps_t:  4463 | t: 51.796924 | r:  -458.000000 | e:   0.553700 | Q: -102.594627 | won: False 
#  211 | steps:  9601 | steps_t:  4497 | t: 52.146986 | r:  -523.000000 | e:   0.550300 | Q: -107.165695 | won: False 
#  212 | steps:  9614 | steps_t:  4509 | t: 52.288607 | r:  -512.000000 | e:   0.549100 | Q: -108.276054 | won: False 
#  213 | steps:  9706 | steps_t:  4600 | t: 54.390983 | r:  -569.000000 | e:   0.540000 | Q: -66.725883 | won: False 
#  214 | steps:  9761 | steps_t:  4654 | t: 54.891642 | r:  -521.000000 | e:   0.534600 | Q: -86.375816 | won: False 
#  215 | steps:  9793 | steps_t:  4685 | t: 55.153940 | r:  -509.000000 | e:   0.531500 | Q: -114.120628 | won: False 
#  216 | steps:  9808 | steps_t:  4699 | t: 55.268634 | r:  -503.000000 | e:   0.530100 | Q: -121.337685 | won: False 
#  217 | steps:  9858 | steps_t:  4748 | t: 55.756328 | r:  -487.000000 | e:   0.525200 | Q: -82.867126 | won: False 
#  218 | steps:  9874 | steps_t:  4763 | t: 55.994691 | r:  -504.000000 | e:   0.523700 | Q: -121.602776 | won: False 
#  219 | steps:  9887 | steps_t:  4775 | t: 56.139304 | r:  -501.000000 | e:   0.522500 | Q: -120.404579 | won: False 
#  220 | steps:  9936 | steps_t:  4823 | t: 57.494678 | r:  -486.000000 | e:   0.517700 | Q: -61.883625 | won: False 
#  221 | steps:  9952 | steps_t:  4838 | t: 57.674197 | r:  -504.000000 | e:   0.516200 | Q: -98.419540 | won: False 
#  222 | steps:  9966 | steps_t:  4851 | t: 57.828788 | r:  -502.000000 | e:   0.514900 | Q: -135.466385 | won: False 
#  223 | steps:  9987 | steps_t:  4871 | t: 58.036229 | r:  -458.000000 | e:   0.512900 | Q: -62.457199 | won: False 
#  224 | steps: 10002 | steps_t:  4885 | t: 58.151919 | r:  -503.000000 | e:   0.511500 | Q: -94.021736 | won: False 
#  225 | steps: 10018 | steps_t:  4900 | t: 58.287556 | r:  -515.000000 | e:   0.510000 | Q: -94.580070 | won: False 
#  226 | steps: 10139 | steps_t:  5020 | t: 59.433495 | r:  -598.000000 | e:   0.498000 | Q: -89.095985 | won: False 
#  227 | steps: 10231 | steps_t:  5111 | t: 60.741989 | r:  -580.000000 | e:   0.488900 | Q: -94.207771 | won: False 
#  228 | steps: 10263 | steps_t:  5142 | t: 61.346374 | r:  -520.000000 | e:   0.485800 | Q: -85.663666 | won: False 
#  229 | steps: 10295 | steps_t:  5173 | t: 61.932803 | r:  -509.000000 | e:   0.482700 | Q: -87.219849 | won: False 
#  230 | steps: 10540 | steps_t:  5417 | t: 64.447082 | r:  -733.000000 | e:   0.458300 | Q: -66.074097 | won: False 
#  231 | steps: 10563 | steps_t:  5439 | t: 64.635583 | r:  -511.000000 | e:   0.456100 | Q: -96.397972 | won: False 
#  232 | steps: 10800 | steps_t:  5675 | t: 66.704044 | r:  -714.000000 | e:   0.432500 | Q: -99.521019 | won: False 
