#    1 | steps:    19 | steps_t:     0 | t: 0.037889 | r:  -485.000000 | e:   1.000000 | Q:        nan | won: False 
#    2 | steps:    57 | steps_t:     0 | t: 0.066812 | r:  -391.000000 | e:   1.000000 | Q:        nan | won: False 
#    3 | steps:    90 | steps_t:     0 | t: 0.095765 | r:  -459.000000 | e:   1.000000 | Q:        nan | won: False 
#    4 | steps:   230 | steps_t:     0 | t: 0.208437 | r:    38.000000 | e:   1.000000 | Q:        nan | won: True 
#    5 | steps:   309 | steps_t:     0 | t: 0.279243 | r:  -545.000000 | e:   1.000000 | Q:        nan | won: False 
#    6 | steps:   324 | steps_t:     0 | t: 0.297195 | r:  -430.000000 | e:   1.000000 | Q:        nan | won: False 
#    7 | steps:   389 | steps_t:     0 | t: 0.347062 | r:  -480.000000 | e:   1.000000 | Q:        nan | won: False 
#    8 | steps:   399 | steps_t:     0 | t: 0.359031 | r:  -498.000000 | e:   1.000000 | Q:        nan | won: False 
#    9 | steps:   471 | steps_t:     0 | t: 0.418870 | r:  -509.000000 | e:   1.000000 | Q:        nan | won: False 
#   10 | steps:   479 | steps_t:     0 | t: 0.428841 | r:  -507.000000 | e:   1.000000 | Q:        nan | won: False 
#   11 | steps:   521 | steps_t:     0 | t: 0.460756 | r:  -468.000000 | e:   1.000000 | Q:        nan | won: False 
#   12 | steps:   602 | steps_t:     0 | t: 0.567474 | r:  -525.000000 | e:   1.000000 | Q:        nan | won: False 
#   13 | steps:   619 | steps_t:     0 | t: 0.583430 | r:  -505.000000 | e:   1.000000 | Q:        nan | won: False 
#   14 | steps:   693 | steps_t:     0 | t: 0.638318 | r:  -496.000000 | e:   1.000000 | Q:        nan | won: False 
#   15 | steps:   716 | steps_t:     0 | t: 0.657267 | r:  -438.000000 | e:   1.000000 | Q:        nan | won: False 
#   16 | steps:   765 | steps_t:     0 | t: 0.692173 | r:  -475.000000 | e:   1.000000 | Q:        nan | won: False 
#   17 | steps:   815 | steps_t:     0 | t: 0.729040 | r:  -527.000000 | e:   1.000000 | Q:        nan | won: False 
#   18 | steps:   833 | steps_t:     0 | t: 0.746031 | r:  -517.000000 | e:   1.000000 | Q:        nan | won: False 
#   19 | steps:   843 | steps_t:     0 | t: 0.758000 | r:  -509.000000 | e:   1.000000 | Q:        nan | won: False 
#   20 | steps:   885 | steps_t:     0 | t: 0.792905 | r:  -468.000000 | e:   1.000000 | Q:        nan | won: False 
#   21 | steps:   906 | steps_t:     0 | t: 0.815844 | r:  -458.000000 | e:   1.000000 | Q:        nan | won: False 
#   22 | steps:   981 | steps_t:     0 | t: 0.874649 | r:  -552.000000 | e:   1.000000 | Q:        nan | won: False 
#   23 | steps:  1067 | steps_t:     0 | t: 0.942502 | r:  -519.000000 | e:   1.000000 | Q:        nan | won: False 
#   24 | steps:  1085 | steps_t:     0 | t: 0.960419 | r:  -495.000000 | e:   1.000000 | Q:        nan | won: False 
#   25 | steps:  1145 | steps_t:     0 | t: 1.004340 | r:  -504.000000 | e:   1.000000 | Q:        nan | won: False 
#   26 | steps:  1170 | steps_t:     0 | t: 1.028277 | r:  -411.000000 | e:   1.000000 | Q:        nan | won: False 
#   27 | steps:  1184 | steps_t:     0 | t: 1.051177 | r:  -440.000000 | e:   1.000000 | Q:        nan | won: False 
#   28 | steps:  1205 | steps_t:     0 | t: 1.070127 | r:  -487.000000 | e:   1.000000 | Q:        nan | won: False 
#   29 | steps:  1244 | steps_t:     0 | t: 1.104068 | r:  -454.000000 | e:   1.000000 | Q:        nan | won: False 
#   30 | steps:  1369 | steps_t:     0 | t: 1.184869 | r:  -547.000000 | e:   1.000000 | Q:        nan | won: False 
#   31 | steps:  1394 | steps_t:     0 | t: 1.206798 | r:  -524.000000 | e:   1.000000 | Q:        nan | won: False 
#   32 | steps:  1434 | steps_t:     0 | t: 1.243662 | r:  -371.000000 | e:   1.000000 | Q:        nan | won: False 
#   33 | steps:  1460 | steps_t:     0 | t: 1.274586 | r:  -525.000000 | e:   1.000000 | Q:        nan | won: False 
#   34 | steps:  1510 | steps_t:     0 | t: 1.399245 | r:  -454.000000 | e:   1.000000 | Q:        nan | won: False 
#   35 | steps:  1581 | steps_t:     0 | t: 1.479035 | r:  -453.000000 | e:   1.000000 | Q:        nan | won: False 
#   36 | steps:  1611 | steps_t:     0 | t: 1.511945 | r:  -456.000000 | e:   1.000000 | Q:        nan | won: False 
#   37 | steps:  1681 | steps_t:     0 | t: 1.587743 | r:  -474.000000 | e:   1.000000 | Q:        nan | won: False 
#   38 | steps:  1717 | steps_t:     0 | t: 1.633620 | r:  -473.000000 | e:   1.000000 | Q:        nan | won: False 
#   39 | steps:  1733 | steps_t:     0 | t: 1.657556 | r:  -504.000000 | e:   1.000000 | Q:        nan | won: False 
#   40 | steps:  1773 | steps_t:     0 | t: 1.706424 | r:  -528.000000 | e:   1.000000 | Q:        nan | won: False 
#   41 | steps:  1824 | steps_t:     0 | t: 1.758291 | r:  -455.000000 | e:   1.000000 | Q:        nan | won: False 
#   42 | steps:  1889 | steps_t:     0 | t: 1.840072 | r:  -480.000000 | e:   1.000000 | Q:        nan | won: False 
#   43 | steps:  1961 | steps_t:     0 | t: 1.912880 | r:  -498.000000 | e:   1.000000 | Q:        nan | won: False 
#   44 | steps:  2052 | steps_t:     0 | t: 1.997657 | r:  -495.000000 | e:   1.000000 | Q:        nan | won: False 
#   45 | steps:  2074 | steps_t:     0 | t: 2.024573 | r:  -459.000000 | e:   1.000000 | Q:        nan | won: False 
#   46 | steps:  2122 | steps_t:     0 | t: 2.074440 | r:  -463.000000 | e:   1.000000 | Q:        nan | won: False 
#   47 | steps:  2178 | steps_t:     0 | t: 2.122314 | r:  -511.000000 | e:   1.000000 | Q:        nan | won: False 
#   48 | steps:  2250 | steps_t:     0 | t: 2.192127 | r:  -498.000000 | e:   1.000000 | Q:        nan | won: False 
#   49 | steps:  2322 | steps_t:     0 | t: 2.252962 | r:  -549.000000 | e:   1.000000 | Q:        nan | won: False 
#   50 | steps:  2335 | steps_t:     0 | t: 2.266924 | r:  -512.000000 | e:   1.000000 | Q:        nan | won: False 
#   51 | steps:  2375 | steps_t:     0 | t: 2.298841 | r:  -517.000000 | e:   1.000000 | Q:        nan | won: False 
#   52 | steps:  2391 | steps_t:     0 | t: 2.313799 | r:  -402.000000 | e:   1.000000 | Q:        nan | won: False 
#   53 | steps:  2512 | steps_t:     0 | t: 2.418524 | r:  -547.000000 | e:   1.000000 | Q:        nan | won: False 
#   54 | steps:  2543 | steps_t:     0 | t: 2.457414 | r:  -486.000000 | e:   1.000000 | Q:        nan | won: False 
#   55 | steps:  2557 | steps_t:     0 | t: 2.473373 | r:  -429.000000 | e:   1.000000 | Q:        nan | won: False 
#   56 | steps:  2619 | steps_t:     0 | t: 2.523239 | r:  -499.000000 | e:   1.000000 | Q:        nan | won: False 
#   57 | steps:  2678 | steps_t:     0 | t: 2.638930 | r:  -430.000000 | e:   1.000000 | Q:        nan | won: False 
#   58 | steps:  2687 | steps_t:     0 | t: 2.650899 | r:  -508.000000 | e:   1.000000 | Q:        nan | won: False 
#   59 | steps:  2703 | steps_t:     0 | t: 2.691791 | r:  -420.000000 | e:   1.000000 | Q:        nan | won: False 
#   60 | steps:  2733 | steps_t:     0 | t: 2.849371 | r:  -372.000000 | e:   1.000000 | Q:        nan | won: False 
#   61 | steps:  2741 | steps_t:     0 | t: 2.875315 | r:  -507.000000 | e:   1.000000 | Q:        nan | won: False 
#   62 | steps:  2809 | steps_t:     0 | t: 2.970043 | r:  -494.000000 | e:   1.000000 | Q:        nan | won: False 
#   63 | steps:  2877 | steps_t:     0 | t: 3.048832 | r:  -494.000000 | e:   1.000000 | Q:        nan | won: False 
#   64 | steps:  2917 | steps_t:     0 | t: 3.105682 | r:  -455.000000 | e:   1.000000 | Q:        nan | won: False 
#   65 | steps:  2940 | steps_t:     0 | t: 3.137594 | r:  -438.000000 | e:   1.000000 | Q:        nan | won: False 
#   66 | steps:  2976 | steps_t:     0 | t: 3.170507 | r:  -451.000000 | e:   1.000000 | Q:        nan | won: False 
#   67 | steps:  3034 | steps_t:     0 | t: 3.209403 | r:  -513.000000 | e:   1.000000 | Q:        nan | won: False 
#   68 | steps:  3082 | steps_t:     0 | t: 3.248338 | r:  -452.000000 | e:   1.000000 | Q:        nan | won: False 
#   69 | steps:  3122 | steps_t:     0 | t: 3.281213 | r:  -473.000000 | e:   1.000000 | Q:        nan | won: False 
#   70 | steps:  3148 | steps_t:     0 | t: 3.304149 | r:  -463.000000 | e:   1.000000 | Q:        nan | won: False 
#   71 | steps:  3164 | steps_t:     0 | t: 3.322137 | r:  -504.000000 | e:   1.000000 | Q:        nan | won: False 
#   72 | steps:  3215 | steps_t:     0 | t: 3.364025 | r:  -473.000000 | e:   1.000000 | Q:        nan | won: False 
#   73 | steps:  3241 | steps_t:     0 | t: 3.388958 | r:  -430.000000 | e:   1.000000 | Q:        nan | won: False 
#   74 | steps:  3307 | steps_t:     0 | t: 3.437827 | r:  -543.000000 | e:   1.000000 | Q:        nan | won: False 
#   75 | steps:  3392 | steps_t:     0 | t: 3.513591 | r:  -489.000000 | e:   1.000000 | Q:        nan | won: False 
#   76 | steps:  3442 | steps_t:     0 | t: 3.563492 | r:  -476.000000 | e:   1.000000 | Q:        nan | won: False 
#   77 | steps:  3483 | steps_t:     0 | t: 3.616317 | r:  -467.000000 | e:   1.000000 | Q:        nan | won: False 
#   78 | steps:  3491 | steps_t:     0 | t: 3.642263 | r:  -507.000000 | e:   1.000000 | Q:        nan | won: False 
#   79 | steps:  3500 | steps_t:     0 | t: 3.668176 | r:  -497.000000 | e:   1.000000 | Q:        nan | won: False 
#   80 | steps:  3608 | steps_t:     0 | t: 3.801820 | r:  -468.000000 | e:   1.000000 | Q:        nan | won: False 
#   81 | steps:  3634 | steps_t:     0 | t: 3.832735 | r:  -514.000000 | e:   1.000000 | Q:        nan | won: False 
#   82 | steps:  3667 | steps_t:     0 | t: 3.868640 | r:  -459.000000 | e:   1.000000 | Q:        nan | won: False 
#   83 | steps:  3724 | steps_t:     0 | t: 3.920499 | r:  -534.000000 | e:   1.000000 | Q:        nan | won: False 
#   84 | steps:  3741 | steps_t:     0 | t: 3.936458 | r:  -443.000000 | e:   1.000000 | Q:        nan | won: False 
#   85 | steps:  3807 | steps_t:     0 | t: 3.980381 | r:  -543.000000 | e:   1.000000 | Q:        nan | won: False 
#   86 | steps:  3842 | steps_t:     0 | t: 4.008266 | r:  -450.000000 | e:   1.000000 | Q:        nan | won: False 
#   87 | steps:  3858 | steps_t:     0 | t: 4.023226 | r:  -515.000000 | e:   1.000000 | Q:        nan | won: False 
#   88 | steps:  3897 | steps_t:     0 | t: 4.054145 | r:  -483.000000 | e:   1.000000 | Q:        nan | won: False 
#   89 | steps:  3910 | steps_t:     0 | t: 4.070099 | r:  -501.000000 | e:   1.000000 | Q:        nan | won: False 
#   90 | steps:  3922 | steps_t:     0 | t: 4.084099 | r:  -511.000000 | e:   1.000000 | Q:        nan | won: False 
#   91 | steps:  3965 | steps_t:     0 | t: 4.119009 | r:  -458.000000 | e:   1.000000 | Q:        nan | won: False 
#   92 | steps:  4061 | steps_t:     0 | t: 4.180845 | r:  -551.000000 | e:   1.000000 | Q:        nan | won: False 
#   93 | steps:  4149 | steps_t:     0 | t: 4.244670 | r:  -565.000000 | e:   1.000000 | Q:        nan | won: False 
#   94 | steps:  4189 | steps_t:     0 | t: 4.276552 | r:  -528.000000 | e:   1.000000 | Q:        nan | won: False 
#   95 | steps:  4241 | steps_t:     0 | t: 4.315444 | r:  -478.000000 | e:   1.000000 | Q:        nan | won: False 
#   96 | steps:  4310 | steps_t:     0 | t: 4.363317 | r:  -473.000000 | e:   1.000000 | Q:        nan | won: False 
#   97 | steps:  4360 | steps_t:     0 | t: 4.400218 | r:  -476.000000 | e:   1.000000 | Q:        nan | won: False 
#   98 | steps:  4448 | steps_t:     0 | t: 4.461055 | r:  -521.000000 | e:   1.000000 | Q:        nan | won: False 
#   99 | steps:  4496 | steps_t:     0 | t: 4.500947 | r:  -463.000000 | e:   1.000000 | Q:        nan | won: False 
#  100 | steps:  4507 | steps_t:     0 | t: 4.513949 | r:  -510.000000 | e:   1.000000 | Q:        nan | won: False 
#  101 | steps:  4515 | steps_t:     0 | t: 4.524925 | r:  -507.000000 | e:   1.000000 | Q:        nan | won: False 
#  102 | steps:  4539 | steps_t:     0 | t: 4.545828 | r:  -461.000000 | e:   1.000000 | Q:        nan | won: False 
#  103 | steps:  4564 | steps_t:     0 | t: 4.572755 | r:  -524.000000 | e:   1.000000 | Q:        nan | won: False 
#  104 | steps:  4593 | steps_t:     0 | t: 4.601680 | r:  -484.000000 | e:   1.000000 | Q:        nan | won: False 
#  105 | steps:  4660 | steps_t:     0 | t: 4.662515 | r:  -493.000000 | e:   1.000000 | Q:        nan | won: False 
#  106 | steps:  4705 | steps_t:     0 | t: 4.701410 | r:  -460.000000 | e:   1.000000 | Q:        nan | won: False 
#  107 | steps:  4724 | steps_t:     0 | t: 4.721399 | r:  -456.000000 | e:   1.000000 | Q:        nan | won: False 
#  108 | steps:  4787 | steps_t:     0 | t: 4.770227 | r:  -434.000000 | e:   1.000000 | Q:        nan | won: False 
#  109 | steps:  4810 | steps_t:     0 | t: 4.790214 | r:  -500.000000 | e:   1.000000 | Q:        nan | won: False 
#  110 | steps:  4834 | steps_t:     0 | t: 4.811157 | r:  -450.000000 | e:   1.000000 | Q:        nan | won: False 
#  111 | steps:  4858 | steps_t:     0 | t: 4.831065 | r:  -421.000000 | e:   1.000000 | Q:        nan | won: False 
#  112 | steps:  4953 | steps_t:     0 | t: 4.900877 | r:  -466.000000 | e:   1.000000 | Q:        nan | won: False 
#  113 | steps:  4959 | steps_t:     0 | t: 4.917834 | r:  -505.000000 | e:   1.000000 | Q:        nan | won: False 
#  114 | steps:  5012 | steps_t:     0 | t: 5.296819 | r:  -446.000000 | e:   1.000000 | Q:        nan | won: False 
#  115 | steps:  5054 | steps_t:     0 | t: 5.622944 | r:  -468.000000 | e:   1.000000 | Q:        nan | won: False 
#  116 | steps:  5107 | steps_t:     0 | t: 6.093686 | r:  -479.000000 | e:   1.000000 | Q:        nan | won: False 
#  117 | steps:  5167 | steps_t:     0 | t: 6.616287 | r:  -515.000000 | e:   1.000000 | Q:        nan | won: False 
#  118 | steps:  5262 | steps_t:     0 | t: 7.502915 | r:  -477.000000 | e:   1.000000 | Q:        nan | won: False 
#  119 | steps:  5272 | steps_t:     0 | t: 7.579709 | r:  -498.000000 | e:   1.000000 | Q:        nan | won: False 
#  120 | steps:  5307 | steps_t:     0 | t: 7.844002 | r:  -439.000000 | e:   1.000000 | Q:        nan | won: False 
#  121 | steps:  5345 | steps_t:     0 | t: 8.188082 | r:  -442.000000 | e:   1.000000 | Q:        nan | won: False 
#  122 | steps:  5361 | steps_t:     0 | t: 8.438412 | r:  -482.000000 | e:   1.000000 | Q:        nan | won: False 
#  123 | steps:  5443 | steps_t:     0 | t: 9.223311 | r:  -464.000000 | e:   1.000000 | Q:        nan | won: False 
#  124 | steps:  5473 | steps_t:     0 | t: 9.491594 | r:  -434.000000 | e:   1.000000 | Q:        nan | won: False 
#  125 | steps:  5523 | steps_t:     0 | t: 9.906487 | r:  -443.000000 | e:   1.000000 | Q:        nan | won: False 
#  126 | steps:  5630 | steps_t:     0 | t: 10.889853 | r:  -533.000000 | e:   1.000000 | Q:        nan | won: False 
#  127 | steps:  5663 | steps_t:     0 | t: 11.153148 | r:  -459.000000 | e:   1.000000 | Q:        nan | won: False 
#  128 | steps:  5707 | steps_t:     0 | t: 11.563055 | r:  -437.000000 | e:   1.000000 | Q:        nan | won: False 
#  129 | steps:  5764 | steps_t:     0 | t: 12.008875 | r:  -450.000000 | e:   1.000000 | Q:        nan | won: False 
#  130 | steps:  5781 | steps_t:     0 | t: 12.239243 | r:  -516.000000 | e:   1.000000 | Q:        nan | won: False 
#  131 | steps:  5918 | steps_t:     0 | t: 13.383181 | r:  -570.000000 | e:   1.000000 | Q:        nan | won: False 
#  132 | steps:  5934 | steps_t:     0 | t: 13.535774 | r:  -504.000000 | e:   1.000000 | Q:        nan | won: False 
#  133 | steps:  5970 | steps_t:     0 | t: 13.843949 | r:  -462.000000 | e:   1.000000 | Q:        nan | won: False 
#  134 | steps:  5978 | steps_t:     0 | t: 13.902794 | r:  -507.000000 | e:   1.000000 | Q:        nan | won: False 
#  135 | steps:  6004 | steps_t:     0 | t: 14.105249 | r:  -430.000000 | e:   1.000000 | Q:        nan | won: False 
#  136 | steps:  6027 | steps_t:     0 | t: 14.275793 | r:  -460.000000 | e:   1.000000 | Q:        nan | won: False 
#  137 | steps:  6074 | steps_t:     0 | t: 14.662759 | r:  -451.000000 | e:   1.000000 | Q:        nan | won: False 
#  138 | steps:  6080 | steps_t:     0 | t: 14.714619 | r:  -505.000000 | e:   1.000000 | Q:        nan | won: False 
#  139 | steps:  6096 | steps_t:     0 | t: 14.860230 | r:  -431.000000 | e:   1.000000 | Q:        nan | won: False 
#  140 | steps:  6111 | steps_t:     0 | t: 14.998860 | r:  -492.000000 | e:   1.000000 | Q:        nan | won: False 
#  141 | steps:  6168 | steps_t:     0 | t: 15.502511 | r:  -512.000000 | e:   1.000000 | Q:        nan | won: False 
#  142 | steps:  6211 | steps_t:     0 | t: 15.920394 | r:  -414.000000 | e:   1.000000 | Q:        nan | won: False 
#  143 | steps:  6256 | steps_t:     0 | t: 16.285417 | r:  -460.000000 | e:   1.000000 | Q:        nan | won: False 
#  144 | steps:  6323 | steps_t:     0 | t: 16.836941 | r:  -504.000000 | e:   1.000000 | Q:        nan | won: False 
#  145 | steps:  6391 | steps_t:     0 | t: 17.443318 | r:  -523.000000 | e:   1.000000 | Q:        nan | won: False 
#  146 | steps:  6403 | steps_t:     0 | t: 17.536071 | r:  -500.000000 | e:   1.000000 | Q:        nan | won: False 
#  147 | steps:  6462 | steps_t:     0 | t: 18.046704 | r:  -536.000000 | e:   1.000000 | Q:        nan | won: False 
#  148 | steps:  6520 | steps_t:     0 | t: 18.512460 | r:  -473.000000 | e:   1.000000 | Q:        nan | won: False 
#  149 | steps:  6644 | steps_t:     0 | t: 19.689316 | r:  -517.000000 | e:   1.000000 | Q:        nan | won: False 
#  150 | steps:  6708 | steps_t:     0 | t: 20.189969 | r:  -479.000000 | e:   1.000000 | Q:        nan | won: False 
#  151 | steps:  6753 | steps_t:     0 | t: 20.603861 | r:  -471.000000 | e:   1.000000 | Q:        nan | won: False 
#  152 | steps:  6811 | steps_t:     0 | t: 21.045681 | r:  -451.000000 | e:   1.000000 | Q:        nan | won: False 
#  153 | steps:  6820 | steps_t:     0 | t: 21.119483 | r:  -486.000000 | e:   1.000000 | Q:        nan | won: False 
#  154 | steps:  6841 | steps_t:     0 | t: 21.281050 | r:  -509.000000 | e:   1.000000 | Q:        nan | won: False 
#  155 | steps:  6890 | steps_t:     0 | t: 21.734836 | r:  -504.000000 | e:   1.000000 | Q:        nan | won: False 
#  156 | steps:  6936 | steps_t:     0 | t: 22.138755 | r:  -479.000000 | e:   1.000000 | Q:        nan | won: False 
#  157 | steps:  6991 | steps_t:     0 | t: 23.741467 | r:  -437.000000 | e:   1.000000 | Q:        nan | won: False 
#  158 | steps:  7015 | steps_t:     0 | t: 23.923979 | r:  -439.000000 | e:   1.000000 | Q:        nan | won: False 
#  159 | steps:  7030 | steps_t:     0 | t: 24.042661 | r:  -514.000000 | e:   1.000000 | Q:        nan | won: False 
#  160 | steps:  7127 | steps_t:     0 | t: 25.650359 | r:  -468.000000 | e:   1.000000 | Q:        nan | won: False 
#  161 | steps:  7179 | steps_t:     0 | t: 26.295643 | r:  -489.000000 | e:   1.000000 | Q:        nan | won: False 
#  162 | steps:  7197 | steps_t:     0 | t: 26.434263 | r:  -444.000000 | e:   1.000000 | Q:        nan | won: False 
#  163 | steps:  7221 | steps_t:     0 | t: 26.632731 | r:  -479.000000 | e:   1.000000 | Q:        nan | won: False 
#  164 | steps:  7256 | steps_t:     0 | t: 26.905999 | r:  -428.000000 | e:   1.000000 | Q:        nan | won: False 
#  165 | steps:  7299 | steps_t:     0 | t: 27.342831 | r:  -469.000000 | e:   1.000000 | Q:        nan | won: False 
#  166 | steps:  7336 | steps_t:     0 | t: 27.630063 | r:  -441.000000 | e:   1.000000 | Q:        nan | won: False 
#  167 | steps:  7369 | steps_t:     0 | t: 28.003067 | r:  -510.000000 | e:   1.000000 | Q:        nan | won: False 
#  168 | steps:  7424 | steps_t:     0 | t: 29.002390 | r:  -510.000000 | e:   1.000000 | Q:        nan | won: False 
#  169 | steps:  7435 | steps_t:     0 | t: 29.154996 | r:  -499.000000 | e:   1.000000 | Q:        nan | won: False 
#  170 | steps:  7448 | steps_t:     0 | t: 29.279650 | r:  -512.000000 | e:   1.000000 | Q:        nan | won: False 
#  171 | steps:  7457 | steps_t:     0 | t: 29.455180 | r:  -508.000000 | e:   1.000000 | Q:        nan | won: False 
#  172 | steps:  7472 | steps_t:     0 | t: 29.692548 | r:  -503.000000 | e:   1.000000 | Q:        nan | won: False 
#  173 | steps:  7526 | steps_t:     0 | t: 30.290943 | r:  -520.000000 | e:   1.000000 | Q:        nan | won: False 
#  174 | steps:  7590 | steps_t:     0 | t: 30.925246 | r:  -446.000000 | e:   1.000000 | Q:        nan | won: False 
#  175 | steps:  7627 | steps_t:     0 | t: 31.233422 | r:  -463.000000 | e:   1.000000 | Q:        nan | won: False 
#  176 | steps:  7739 | steps_t:     0 | t: 32.213799 | r:  -589.000000 | e:   1.000000 | Q:        nan | won: False 
#  177 | steps:  7819 | steps_t:     0 | t: 32.896972 | r:  -495.000000 | e:   1.000000 | Q:        nan | won: False 
#  178 | steps:  7941 | steps_t:     0 | t: 33.899289 | r:  -537.000000 | e:   1.000000 | Q:        nan | won: False 
#  179 | steps:  7961 | steps_t:     0 | t: 34.116706 | r:  -384.000000 | e:   1.000000 | Q:        nan | won: False 
#  180 | steps:  8047 | steps_t:     0 | t: 34.803869 | r:  -468.000000 | e:   1.000000 | Q:        nan | won: False 
#  181 | steps:  8147 | steps_t:     0 | t: 35.864033 | r:  -577.000000 | e:   1.000000 | Q:        nan | won: False 
#  182 | steps:  8155 | steps_t:     0 | t: 35.934843 | r:  -507.000000 | e:   1.000000 | Q:        nan | won: False 
#  183 | steps:  8188 | steps_t:     0 | t: 36.368682 | r:  -459.000000 | e:   1.000000 | Q:        nan | won: False 
#  184 | steps:  8200 | steps_t:     0 | t: 36.464425 | r:  -489.000000 | e:   1.000000 | Q:        nan | won: False 
#  185 | steps:  8214 | steps_t:     0 | t: 36.723732 | r:  -462.000000 | e:   1.000000 | Q:        nan | won: False 
#  186 | steps:  8316 | steps_t:     0 | t: 37.872658 | r:  -506.000000 | e:   1.000000 | Q:        nan | won: False 
#  187 | steps:  8364 | steps_t:     0 | t: 38.265607 | r:  -536.000000 | e:   1.000000 | Q:        nan | won: False 
#  188 | steps:  8381 | steps_t:     0 | t: 38.395260 | r:  -505.000000 | e:   1.000000 | Q:        nan | won: False 
#  189 | steps:  8424 | steps_t:     0 | t: 38.855030 | r:  -447.000000 | e:   1.000000 | Q:        nan | won: False 
#  190 | steps:  8485 | steps_t:     0 | t: 39.613999 | r:  -549.000000 | e:   1.000000 | Q:        nan | won: False 
#  191 | steps:  8556 | steps_t:     0 | t: 40.382943 | r:  -486.000000 | e:   1.000000 | Q:        nan | won: False 
#  192 | steps:  8594 | steps_t:     0 | t: 41.000290 | r:  -431.000000 | e:   1.000000 | Q:        nan | won: False 
#  193 | steps:  8611 | steps_t:     0 | t: 41.232668 | r:  -494.000000 | e:   1.000000 | Q:        nan | won: False 
#  194 | steps:  8634 | steps_t:     0 | t: 41.495964 | r:  -511.000000 | e:   1.000000 | Q:        nan | won: False 
#  195 | steps:  8677 | steps_t:     0 | t: 41.966705 | r:  -480.000000 | e:   1.000000 | Q:        nan | won: False 
#  196 | steps:  8711 | steps_t:     0 | t: 42.260917 | r:  -500.000000 | e:   1.000000 | Q:        nan | won: False 
#  197 | steps:  8733 | steps_t:     0 | t: 42.435451 | r:  -499.000000 | e:   1.000000 | Q:        nan | won: False 
#  198 | steps:  8756 | steps_t:     0 | t: 42.648879 | r:  -449.000000 | e:   1.000000 | Q:        nan | won: False 
#  199 | steps:  8841 | steps_t:     0 | t: 43.466691 | r:    93.000000 | e:   1.000000 | Q:        nan | won: True 
#  200 | steps:  8962 | steps_t:     0 | t: 44.968672 | r:  -514.000000 | e:   1.000000 | Q:        nan | won: False 
#  201 | steps:  9009 | steps_t:     0 | t: 45.637881 | r:  -524.000000 | e:   1.000000 | Q:        nan | won: False 
#  202 | steps:  9063 | steps_t:     0 | t: 46.216333 | r:  -447.000000 | e:   1.000000 | Q:        nan | won: False 
#  203 | steps:  9084 | steps_t:     0 | t: 46.451708 | r:  -498.000000 | e:   1.000000 | Q:        nan | won: False 
#  204 | steps:  9152 | steps_t:     0 | t: 47.373239 | r:  -494.000000 | e:   1.000000 | Q:        nan | won: False 
#  205 | steps:  9269 | steps_t:     0 | t: 48.817396 | r:  -521.000000 | e:   1.000000 | Q:        nan | won: False 
#  206 | steps:  9317 | steps_t:     0 | t: 49.300083 | r:  -430.000000 | e:   1.000000 | Q:        nan | won: False 
#  207 | steps:  9331 | steps_t:     0 | t: 49.445699 | r:  -502.000000 | e:   1.000000 | Q:        nan | won: False 
#  208 | steps:  9404 | steps_t:     0 | t: 50.150806 | r:  -539.000000 | e:   1.000000 | Q:        nan | won: False 
#  209 | steps:  9418 | steps_t:     0 | t: 50.258521 | r:  -502.000000 | e:   1.000000 | Q:        nan | won: False 
#  210 | steps:  9431 | steps_t:     0 | t: 50.425072 | r:  -501.000000 | e:   1.000000 | Q:        nan | won: False 
#  211 | steps:  9494 | steps_t:     0 | t: 50.994548 | r:  -496.000000 | e:   1.000000 | Q:        nan | won: False 
#  212 | steps:  9550 | steps_t:     0 | t: 51.504185 | r:  -533.000000 | e:   1.000000 | Q:        nan | won: False 
#  213 | steps:  9602 | steps_t:     0 | t: 51.960964 | r:  -456.000000 | e:   1.000000 | Q:        nan | won: False 
#  214 | steps:  9637 | steps_t:     0 | t: 52.256179 | r:  -523.000000 | e:   1.000000 | Q:        nan | won: False 
#  215 | steps:  9649 | steps_t:     0 | t: 52.342941 | r:  -511.000000 | e:   1.000000 | Q:        nan | won: False 
#  216 | steps:  9660 | steps_t:     0 | t: 52.426718 | r:  -499.000000 | e:   1.000000 | Q:        nan | won: False 
#  217 | steps:  9718 | steps_t:     0 | t: 52.907431 | r:  -451.000000 | e:   1.000000 | Q:        nan | won: False 
#  218 | steps:  9729 | steps_t:     0 | t: 52.988217 | r:  -510.000000 | e:   1.000000 | Q:        nan | won: False 
#  219 | steps:  9746 | steps_t:     0 | t: 53.168738 | r:  -516.000000 | e:   1.000000 | Q:        nan | won: False 
#  220 | steps:  9756 | steps_t:     0 | t: 53.243532 | r:  -498.000000 | e:   1.000000 | Q:        nan | won: False 
#  221 | steps:  9843 | steps_t:     0 | t: 53.932690 | r:  -509.000000 | e:   1.000000 | Q:        nan | won: False 
#  222 | steps:  9875 | steps_t:     0 | t: 54.205963 | r:  -509.000000 | e:   1.000000 | Q:        nan | won: False 
#  223 | steps:  9926 | steps_t:     0 | t: 54.612867 | r:  -495.000000 | e:   1.000000 | Q:        nan | won: False 
#  224 | steps:  9936 | steps_t:     0 | t: 54.690660 | r:  -509.000000 | e:   1.000000 | Q:        nan | won: False 
#  225 | steps: 10001 | steps_t:     0 | t: 55.260138 | r:  -458.000000 | e:   1.000000 | Q:        nan | won: False 
#  226 | steps: 10124 | steps_t:     0 | t: 56.273427 | r:  -545.000000 | e:   1.000000 | Q:        nan | won: False 
#  227 | steps: 10162 | steps_t:     0 | t: 56.617503 | r:  -482.000000 | e:   1.000000 | Q:        nan | won: False 
#  228 | steps: 10176 | steps_t:     0 | t: 56.722224 | r:  -451.000000 | e:   1.000000 | Q:        nan | won: False 
#  229 | steps: 10196 | steps_t:     0 | t: 56.877812 | r:  -508.000000 | e:   1.000000 | Q:        nan | won: False 
#  230 | steps: 10208 | steps_t:     0 | t: 57.003472 | r:  -489.000000 | e:   1.000000 | Q:        nan | won: False 
#  231 | steps: 10216 | steps_t:     0 | t: 57.066304 | r:  -507.000000 | e:   1.000000 | Q:        nan | won: False 
#  232 | steps: 10258 | steps_t:     0 | t: 57.392430 | r:  -446.000000 | e:   1.000000 | Q:        nan | won: False 
#  233 | steps: 10322 | steps_t:     0 | t: 57.925006 | r:  -479.000000 | e:   1.000000 | Q:        nan | won: False 
#  234 | steps: 10399 | steps_t:     0 | t: 58.547340 | r:   152.000000 | e:   1.000000 | Q:        nan | won: True 
#  235 | steps: 10419 | steps_t:     0 | t: 58.737844 | r:  -519.000000 | e:   1.000000 | Q:        nan | won: False 
#  236 | steps: 10428 | steps_t:     0 | t: 58.808641 | r:  -486.000000 | e:   1.000000 | Q:        nan | won: False 
#  237 | steps: 10442 | steps_t:     0 | t: 58.919348 | r:  -513.000000 | e:   1.000000 | Q:        nan | won: False 
#  238 | steps: 10452 | steps_t:     0 | t: 59.000129 | r:  -498.000000 | e:   1.000000 | Q:        nan | won: False 
#  239 | steps: 10539 | steps_t:     0 | t: 59.748128 | r:  -564.000000 | e:   1.000000 | Q:        nan | won: False 
#  240 | steps: 10579 | steps_t:     0 | t: 60.128111 | r:  -466.000000 | e:   1.000000 | Q:        nan | won: False 
#  241 | steps: 10633 | steps_t:     0 | t: 60.596859 | r:  -447.000000 | e:   1.000000 | Q:        nan | won: False 
#  242 | steps: 10644 | steps_t:     0 | t: 60.686616 | r:  -499.000000 | e:   1.000000 | Q:        nan | won: False 
#  243 | steps: 10653 | steps_t:     0 | t: 60.756429 | r:  -508.000000 | e:   1.000000 | Q:        nan | won: False 
#  244 | steps: 10665 | steps_t:     0 | t: 60.870126 | r:  -511.000000 | e:   1.000000 | Q:        nan | won: False 
#  245 | steps: 10715 | steps_t:     0 | t: 61.330894 | r:  -465.000000 | e:   1.000000 | Q:        nan | won: False 
#  246 | steps: 10782 | steps_t:     0 | t: 61.885409 | r:  -555.000000 | e:   1.000000 | Q:        nan | won: False 
#  247 | steps: 10808 | steps_t:     0 | t: 62.138731 | r:  -430.000000 | e:   1.000000 | Q:        nan | won: False 
#  248 | steps: 10820 | steps_t:     0 | t: 62.231483 | r:  -500.000000 | e:   1.000000 | Q:        nan | won: False 
#  249 | steps: 10842 | steps_t:     0 | t: 62.517721 | r:  -510.000000 | e:   1.000000 | Q:        nan | won: False 
#  250 | steps: 10897 | steps_t:     0 | t: 63.238789 | r:  -499.000000 | e:   1.000000 | Q:        nan | won: False 
#  251 | steps: 10948 | steps_t:     0 | t: 64.924278 | r:  -539.000000 | e:   1.000000 | Q:        nan | won: False 
#  252 | steps: 10956 | steps_t:     0 | t: 65.031991 | r:  -496.000000 | e:   1.000000 | Q:        nan | won: False 
#  253 | steps: 11008 | steps_t:     0 | t: 65.641360 | r:  -467.000000 | e:   1.000000 | Q:        nan | won: False 
#  254 | steps: 11050 | steps_t:     0 | t: 66.139028 | r:  -446.000000 | e:   1.000000 | Q:        nan | won: False 
#  255 | steps: 11117 | steps_t:     0 | t: 67.025656 | r:  -504.000000 | e:   1.000000 | Q:        nan | won: False 
#  256 | steps: 11139 | steps_t:     0 | t: 67.226120 | r:  -510.000000 | e:   1.000000 | Q:        nan | won: False 
#  257 | steps: 11151 | steps_t:     0 | t: 67.359767 | r:  -500.000000 | e:   1.000000 | Q:        nan | won: False 
#  258 | steps: 11191 | steps_t:     0 | t: 67.723788 | r:  -528.000000 | e:   1.000000 | Q:        nan | won: False 
#  259 | steps: 11245 | steps_t:     0 | t: 68.197520 | r:  -469.000000 | e:   1.000000 | Q:        nan | won: False 
#  260 | steps: 11314 | steps_t:     0 | t: 68.727103 | r:  -484.000000 | e:   1.000000 | Q:        nan | won: False 
#  261 | steps: 11335 | steps_t:     0 | t: 68.948512 | r:  -458.000000 | e:   1.000000 | Q:        nan | won: False 
#  262 | steps: 11384 | steps_t:     0 | t: 69.391326 | r:  -431.000000 | e:   1.000000 | Q:        nan | won: False 
#  263 | steps: 11457 | steps_t:     0 | t: 70.444508 | r:  -455.000000 | e:   1.000000 | Q:        nan | won: False 
#  264 | steps: 11530 | steps_t:     0 | t: 71.145633 | r:  -506.000000 | e:   1.000000 | Q:        nan | won: False 
#  265 | steps: 11539 | steps_t:     0 | t: 71.232400 | r:  -508.000000 | e:   1.000000 | Q:        nan | won: False 
#  266 | steps: 11588 | steps_t:     0 | t: 71.659259 | r:  -497.000000 | e:   1.000000 | Q:        nan | won: False 
#  267 | steps: 11604 | steps_t:     0 | t: 71.780932 | r:  -504.000000 | e:   1.000000 | Q:        nan | won: False 
#  268 | steps: 11623 | steps_t:     0 | t: 71.931532 | r:  -394.000000 | e:   1.000000 | Q:        nan | won: False 
#  269 | steps: 11676 | steps_t:     0 | t: 72.578798 | r:  -479.000000 | e:   1.000000 | Q:        nan | won: False 
#  270 | steps: 11688 | steps_t:     0 | t: 72.681523 | r:  -511.000000 | e:   1.000000 | Q:        nan | won: False 
#  271 | steps: 11707 | steps_t:     0 | t: 72.884979 | r:  -507.000000 | e:   1.000000 | Q:        nan | won: False 
#  272 | steps: 11763 | steps_t:     0 | t: 73.445481 | r:  -522.000000 | e:   1.000000 | Q:        nan | won: False 
#  273 | steps: 11775 | steps_t:     0 | t: 73.564162 | r:  -500.000000 | e:   1.000000 | Q:        nan | won: False 
#  274 | steps: 11848 | steps_t:     0 | t: 74.178519 | r:  -499.000000 | e:   1.000000 | Q:        nan | won: False 
#  275 | steps: 11864 | steps_t:     0 | t: 74.307175 | r:  -515.000000 | e:   1.000000 | Q:        nan | won: False 
#  276 | steps: 11874 | steps_t:     0 | t: 74.386960 | r:  -498.000000 | e:   1.000000 | Q:        nan | won: False 
#  277 | steps: 11912 | steps_t:     0 | t: 74.777922 | r:  -453.000000 | e:   1.000000 | Q:        nan | won: False 
#  278 | steps: 11947 | steps_t:     0 | t: 75.078111 | r:  -461.000000 | e:   1.000000 | Q:        nan | won: False 
#  279 | steps: 12002 | steps_t:     0 | t: 75.678505 | r:  -481.000000 | e:   1.000000 | Q:        nan | won: False 
#  280 | steps: 12093 | steps_t:     0 | t: 76.449441 | r:  -495.000000 | e:   1.000000 | Q:        nan | won: False 
#  281 | steps: 12117 | steps_t:     0 | t: 76.821450 | r:  -399.000000 | e:   1.000000 | Q:        nan | won: False 
#  282 | steps: 12138 | steps_t:     0 | t: 77.076764 | r:  -509.000000 | e:   1.000000 | Q:        nan | won: False 
#  283 | steps: 12224 | steps_t:     0 | t: 78.157871 | r:    92.000000 | e:   1.000000 | Q:        nan | won: True 
#  284 | steps: 12295 | steps_t:     0 | t: 79.524265 | r:  -442.000000 | e:   1.000000 | Q:        nan | won: False 
#  285 | steps: 12314 | steps_t:     0 | t: 79.935167 | r:  -485.000000 | e:   1.000000 | Q:        nan | won: False 
#  286 | steps: 12324 | steps_t:     0 | t: 80.048862 | r:  -509.000000 | e:   1.000000 | Q:        nan | won: False 
#  287 | steps: 12341 | steps_t:     0 | t: 80.285230 | r:  -494.000000 | e:   1.000000 | Q:        nan | won: False 
#  288 | steps: 12438 | steps_t:     0 | t: 81.031233 | r:   132.000000 | e:   1.000000 | Q:        nan | won: True 
#  289 | steps: 12452 | steps_t:     0 | t: 81.145927 | r:  -502.000000 | e:   1.000000 | Q:        nan | won: False 
#  290 | steps: 12514 | steps_t:     0 | t: 81.767267 | r:  -539.000000 | e:   1.000000 | Q:        nan | won: False 
#  291 | steps: 12562 | steps_t:     0 | t: 82.167193 | r:  -441.000000 | e:   1.000000 | Q:        nan | won: False 
#  292 | steps: 12621 | steps_t:     0 | t: 82.717725 | r:  -441.000000 | e:   1.000000 | Q:        nan | won: False 
#  293 | steps: 12681 | steps_t:     0 | t: 83.189458 | r:  -464.000000 | e:   1.000000 | Q:        nan | won: False 
#  294 | steps: 12761 | steps_t:     0 | t: 83.919524 | r:  -506.000000 | e:   1.000000 | Q:        nan | won: False 
#  295 | steps: 12789 | steps_t:     0 | t: 84.185792 | r:  -443.000000 | e:   1.000000 | Q:        nan | won: False 
#  296 | steps: 12853 | steps_t:     0 | t: 84.785203 | r:  -530.000000 | e:   1.000000 | Q:        nan | won: False 
#  297 | steps: 12887 | steps_t:     0 | t: 85.114309 | r:  -449.000000 | e:   1.000000 | Q:        nan | won: False 
#  298 | steps: 12895 | steps_t:     0 | t: 85.190107 | r:  -507.000000 | e:   1.000000 | Q:        nan | won: False 
#  299 | steps: 12916 | steps_t:     0 | t: 85.513242 | r:  -520.000000 | e:   1.000000 | Q:        nan | won: False 
#  300 | steps: 12956 | steps_t:     0 | t: 86.569421 | r:  -466.000000 | e:   1.000000 | Q:        nan | won: False 
#  301 | steps: 13033 | steps_t:     0 | t: 87.353317 | r:  -543.000000 | e:   1.000000 | Q:        nan | won: False 
#  302 | steps: 13060 | steps_t:     0 | t: 87.556773 | r:  -515.000000 | e:   1.000000 | Q:        nan | won: False 
#  303 | steps: 13125 | steps_t:     0 | t: 88.180105 | r:  -542.000000 | e:   1.000000 | Q:        nan | won: False 
#  304 | steps: 13204 | steps_t:     0 | t: 88.812414 | r:  -472.000000 | e:   1.000000 | Q:        nan | won: False 
#  305 | steps: 13224 | steps_t:     0 | t: 88.968995 | r:  -519.000000 | e:   1.000000 | Q:        nan | won: False 
#  306 | steps: 13256 | steps_t:     0 | t: 89.282157 | r:  -520.000000 | e:   1.000000 | Q:        nan | won: False 
#  307 | steps: 13345 | steps_t:     0 | t: 89.979291 | r:  -511.000000 | e:   1.000000 | Q:        nan | won: False 
#  308 | steps: 13403 | steps_t:     0 | t: 90.500897 | r:  -462.000000 | e:   1.000000 | Q:        nan | won: False 
#  309 | steps: 13465 | steps_t:     0 | t: 90.974628 | r:  -528.000000 | e:   1.000000 | Q:        nan | won: False 
#  310 | steps: 13491 | steps_t:     0 | t: 91.189056 | r:  -419.000000 | e:   1.000000 | Q:        nan | won: False 
#  311 | steps: 13592 | steps_t:     0 | t: 92.007864 | r:  -505.000000 | e:   1.000000 | Q:        nan | won: False 
#  312 | steps: 13617 | steps_t:     0 | t: 92.201347 | r:  -513.000000 | e:   1.000000 | Q:        nan | won: False 
#  313 | steps: 13651 | steps_t:     0 | t: 92.652140 | r:  -449.000000 | e:   1.000000 | Q:        nan | won: False 
#  314 | steps: 13688 | steps_t:     0 | t: 92.942373 | r:  -441.000000 | e:   1.000000 | Q:        nan | won: False 
#  315 | steps: 13799 | steps_t:     0 | t: 93.874871 | r:   118.000000 | e:   1.000000 | Q:        nan | won: True 
#  316 | steps: 13814 | steps_t:     0 | t: 93.989562 | r:  -503.000000 | e:   1.000000 | Q:        nan | won: False 
#  317 | steps: 13863 | steps_t:     0 | t: 94.404453 | r:  -453.000000 | e:   1.000000 | Q:        nan | won: False 
#  318 | steps: 13919 | steps_t:     0 | t: 94.934036 | r:  -471.000000 | e:   1.000000 | Q:        nan | won: False 
#  319 | steps: 13943 | steps_t:     0 | t: 95.148463 | r:  -501.000000 | e:   1.000000 | Q:        nan | won: False 
#  320 | steps: 14030 | steps_t:     0 | t: 95.896461 | r:  -469.000000 | e:   1.000000 | Q:        nan | won: False 
#  321 | steps: 14039 | steps_t:     0 | t: 95.963291 | r:  -508.000000 | e:   1.000000 | Q:        nan | won: False 
#  322 | steps: 14085 | steps_t:     0 | t: 96.317334 | r:  -494.000000 | e:   1.000000 | Q:        nan | won: False 
#  323 | steps: 14106 | steps_t:     0 | t: 96.473915 | r:  -509.000000 | e:   1.000000 | Q:        nan | won: False 
#  324 | steps: 14148 | steps_t:     0 | t: 96.987540 | r:  -446.000000 | e:   1.000000 | Q:        nan | won: False 
#  325 | steps: 14216 | steps_t:     0 | t: 97.535076 | r:  -501.000000 | e:   1.000000 | Q:        nan | won: False 
#  326 | steps: 14301 | steps_t:     0 | t: 98.290055 | r:  -456.000000 | e:   1.000000 | Q:        nan | won: False 
#  327 | steps: 14307 | steps_t:     0 | t: 98.334936 | r:  -505.000000 | e:   1.000000 | Q:        nan | won: False 
#  328 | steps: 14364 | steps_t:     0 | t: 98.766781 | r:  -523.000000 | e:   1.000000 | Q:        nan | won: False 
#  329 | steps: 14387 | steps_t:     0 | t: 98.988189 | r:  -438.000000 | e:   1.000000 | Q:        nan | won: False 
#  330 | steps: 14459 | steps_t:     0 | t: 99.606533 | r:  -549.000000 | e:   1.000000 | Q:        nan | won: False 
#  331 | steps: 14472 | steps_t:     0 | t: 99.708262 | r:  -512.000000 | e:   1.000000 | Q:        nan | won: False 
#  332 | steps: 14520 | steps_t:     0 | t: 100.138110 | r:  -525.000000 | e:   1.000000 | Q:        nan | won: False 
#  333 | steps: 14529 | steps_t:     0 | t: 100.240847 | r:  -508.000000 | e:   1.000000 | Q:        nan | won: False 
#  334 | steps: 14554 | steps_t:     0 | t: 100.483188 | r:  -491.000000 | e:   1.000000 | Q:        nan | won: False 
#  335 | steps: 14625 | steps_t:     0 | t: 101.142430 | r:  -464.000000 | e:   1.000000 | Q:        nan | won: False 
#  336 | steps: 14660 | steps_t:     0 | t: 101.470549 | r:   143.000000 | e:   1.000000 | Q:        nan | won: True 
#  337 | steps: 14709 | steps_t:     0 | t: 101.861501 | r:  -420.000000 | e:   1.000000 | Q:        nan | won: False 
#  338 | steps: 14722 | steps_t:     0 | t: 101.962234 | r:  -490.000000 | e:   1.000000 | Q:        nan | won: False 
#  339 | steps: 14735 | steps_t:     0 | t: 102.072935 | r:  -479.000000 | e:   1.000000 | Q:        nan | won: False 
#  340 | steps: 14776 | steps_t:     0 | t: 102.486826 | r:  -445.000000 | e:   1.000000 | Q:        nan | won: False 
#  341 | steps: 14886 | steps_t:     0 | t: 103.477176 | r:  -587.000000 | e:   1.000000 | Q:        nan | won: False 
#  342 | steps: 14935 | steps_t:     0 | t: 103.906030 | r:  -442.000000 | e:   1.000000 | Q:        nan | won: False 
#  343 | steps: 14948 | steps_t:     0 | t: 104.005762 | r:  -512.000000 | e:   1.000000 | Q:        nan | won: False 
#  344 | steps: 14959 | steps_t:     0 | t: 104.093534 | r:  -510.000000 | e:   1.000000 | Q:        nan | won: False 
#  345 | steps: 14973 | steps_t:     0 | t: 104.200243 | r:  -451.000000 | e:   1.000000 | Q:        nan | won: False 
#  346 | steps: 15009 | steps_t:     0 | t: 104.510423 | r:  -462.000000 | e:   1.000000 | Q:        nan | won: False 
#  347 | steps: 15066 | steps_t:     0 | t: 104.986140 | r:  -483.000000 | e:   1.000000 | Q:        nan | won: False 
#  348 | steps: 15085 | steps_t:     0 | t: 105.144715 | r:  -434.000000 | e:   1.000000 | Q:        nan | won: False 
#  349 | steps: 15129 | steps_t:     0 | t: 105.512732 | r:  -470.000000 | e:   1.000000 | Q:        nan | won: False 
#  350 | steps: 15165 | steps_t:     0 | t: 105.802954 | r:  -513.000000 | e:   1.000000 | Q:        nan | won: False 
#  351 | steps: 15174 | steps_t:     0 | t: 105.898697 | r:  -508.000000 | e:   1.000000 | Q:        nan | won: False 
#  352 | steps: 15223 | steps_t:     0 | t: 106.277685 | r:  -526.000000 | e:   1.000000 | Q:        nan | won: False 
#  353 | steps: 15298 | steps_t:     0 | t: 106.886056 | r:  -530.000000 | e:   1.000000 | Q:        nan | won: False 
#  354 | steps: 15349 | steps_t:     0 | t: 107.322890 | r:  -528.000000 | e:   1.000000 | Q:        nan | won: False 
#  355 | steps: 15388 | steps_t:     0 | t: 107.635053 | r:  -527.000000 | e:   1.000000 | Q:        nan | won: False 
#  356 | steps: 15417 | steps_t:     0 | t: 107.913308 | r:  -517.000000 | e:   1.000000 | Q:        nan | won: False 
#  357 | steps: 15506 | steps_t:     0 | t: 108.667290 | r:  -482.000000 | e:   1.000000 | Q:        nan | won: False 
#  358 | steps: 15517 | steps_t:     0 | t: 108.777995 | r:  -488.000000 | e:   1.000000 | Q:        nan | won: False 
#  359 | steps: 15618 | steps_t:     0 | t: 109.784302 | r:  -523.000000 | e:   1.000000 | Q:        nan | won: False 
#  360 | steps: 15663 | steps_t:     0 | t: 110.259032 | r:  -460.000000 | e:   1.000000 | Q:        nan | won: False 
#  361 | steps: 15687 | steps_t:     0 | t: 110.517341 | r:  -428.000000 | e:   1.000000 | Q:        nan | won: False 
#  362 | steps: 15753 | steps_t:     0 | t: 111.227441 | r:  -510.000000 | e:   1.000000 | Q:        nan | won: False 
#  363 | steps: 15765 | steps_t:     0 | t: 111.343130 | r:  -511.000000 | e:   1.000000 | Q:        nan | won: False 
#  364 | steps: 15811 | steps_t:     0 | t: 112.033285 | r:  -377.000000 | e:   1.000000 | Q:        nan | won: False 
#  365 | steps: 15882 | steps_t:     0 | t: 112.992717 | r:  -464.000000 | e:   1.000000 | Q:        nan | won: False 
#  366 | steps: 15892 | steps_t:     0 | t: 113.081479 | r:  -509.000000 | e:   1.000000 | Q:        nan | won: False 
#  367 | steps: 15994 | steps_t:     0 | t: 114.523621 | r:  -506.000000 | e:   1.000000 | Q:        nan | won: False 
#  368 | steps: 16013 | steps_t:     0 | t: 114.729078 | r:  -507.000000 | e:   1.000000 | Q:        nan | won: False 
#  369 | steps: 16114 | steps_t:     0 | t: 115.822148 | r:  -516.000000 | e:   1.000000 | Q:        nan | won: False 
#  370 | steps: 16127 | steps_t:     0 | t: 115.943822 | r:  -450.000000 | e:   1.000000 | Q:        nan | won: False 
#  371 | steps: 16143 | steps_t:     0 | t: 116.158247 | r:  -442.000000 | e:   1.000000 | Q:        nan | won: False 
#  372 | steps: 16171 | steps_t:     0 | t: 116.388630 | r:  -494.000000 | e:   1.000000 | Q:        nan | won: False 
#  373 | steps: 16299 | steps_t:     0 | t: 117.815813 | r:  -543.000000 | e:   1.000000 | Q:        nan | won: False 
#  374 | steps: 16377 | steps_t:     0 | t: 118.545860 | r:  -471.000000 | e:   1.000000 | Q:        nan | won: False 
#  375 | steps: 16477 | steps_t:     0 | t: 119.630957 | r:  -522.000000 | e:   1.000000 | Q:        nan | won: False 
#  376 | steps: 16487 | steps_t:     0 | t: 119.719719 | r:  -498.000000 | e:   1.000000 | Q:        nan | won: False 
#  377 | steps: 16505 | steps_t:     0 | t: 119.893254 | r:  -517.000000 | e:   1.000000 | Q:        nan | won: False 
#  378 | steps: 16516 | steps_t:     0 | t: 119.996977 | r:  -510.000000 | e:   1.000000 | Q:        nan | won: False 
#  379 | steps: 16527 | steps_t:     0 | t: 120.088733 | r:  -437.000000 | e:   1.000000 | Q:        nan | won: False 
#  380 | steps: 16537 | steps_t:     0 | t: 120.167522 | r:  -498.000000 | e:   1.000000 | Q:        nan | won: False 
#  381 | steps: 16568 | steps_t:     0 | t: 120.421840 | r:  -519.000000 | e:   1.000000 | Q:        nan | won: False 
#  382 | steps: 16579 | steps_t:     0 | t: 120.517584 | r:  -499.000000 | e:   1.000000 | Q:        nan | won: False 
#  383 | steps: 16594 | steps_t:     0 | t: 120.696110 | r:  -514.000000 | e:   1.000000 | Q:        nan | won: False 
#  384 | steps: 16661 | steps_t:     0 | t: 121.305477 | r:  -489.000000 | e:   1.000000 | Q:        nan | won: False 
#  385 | steps: 16671 | steps_t:     0 | t: 121.394241 | r:  -487.000000 | e:   1.000000 | Q:        nan | won: False 
#  386 | steps: 16683 | steps_t:     0 | t: 121.496963 | r:  -511.000000 | e:   1.000000 | Q:        nan | won: False 
#  387 | steps: 16691 | steps_t:     0 | t: 121.565779 | r:  -507.000000 | e:   1.000000 | Q:        nan | won: False 
#  388 | steps: 16724 | steps_t:     0 | t: 121.878941 | r:  -459.000000 | e:   1.000000 | Q:        nan | won: False 
#  389 | steps: 16774 | steps_t:     0 | t: 122.323751 | r:  -454.000000 | e:   1.000000 | Q:        nan | won: False 
#  390 | steps: 16787 | steps_t:     0 | t: 122.430467 | r:  -501.000000 | e:   1.000000 | Q:        nan | won: False 
#  391 | steps: 16870 | steps_t:     0 | t: 123.194422 | r:  -560.000000 | e:   1.000000 | Q:        nan | won: False 
#  392 | steps: 16916 | steps_t:     0 | t: 123.595348 | r:  -377.000000 | e:   1.000000 | Q:        nan | won: False 
#  393 | steps: 16941 | steps_t:     0 | t: 123.805787 | r:  -440.000000 | e:   1.000000 | Q:        nan | won: False 
#  394 | steps: 17061 | steps_t:     0 | t: 124.931773 | r:   109.000000 | e:   1.000000 | Q:        nan | won: True 
#  395 | steps: 17073 | steps_t:     0 | t: 125.057437 | r:  -489.000000 | e:   1.000000 | Q:        nan | won: False 
#  396 | steps: 17102 | steps_t:     0 | t: 125.367607 | r:  -444.000000 | e:   1.000000 | Q:        nan | won: False 
#  397 | steps: 17112 | steps_t:     0 | t: 125.462354 | r:  -509.000000 | e:   1.000000 | Q:        nan | won: False 
#  398 | steps: 17130 | steps_t:     0 | t: 125.603975 | r:  -455.000000 | e:   1.000000 | Q:        nan | won: False 
#  399 | steps: 17162 | steps_t:     0 | t: 125.877243 | r:  -520.000000 | e:   1.000000 | Q:        nan | won: False 
#  400 | steps: 17223 | steps_t:     0 | t: 126.427773 | r:  -476.000000 | e:   1.000000 | Q:        nan | won: False 
#  401 | steps: 17276 | steps_t:     0 | t: 126.878564 | r:  -435.000000 | e:   1.000000 | Q:        nan | won: False 
#  402 | steps: 17304 | steps_t:     0 | t: 127.097981 | r:  -432.000000 | e:   1.000000 | Q:        nan | won: False 
#  403 | steps: 17360 | steps_t:     0 | t: 127.620578 | r:  -522.000000 | e:   1.000000 | Q:        nan | won: False 
#  404 | steps: 17406 | steps_t:     0 | t: 127.984606 | r:  -523.000000 | e:   1.000000 | Q:        nan | won: False 
#  405 | steps: 17443 | steps_t:     0 | t: 128.292782 | r:  -441.000000 | e:   1.000000 | Q:        nan | won: False 
#  406 | steps: 17556 | steps_t:     0 | t: 129.274157 | r:  -579.000000 | e:   1.000000 | Q:        nan | won: False 
#  407 | steps: 17566 | steps_t:     0 | t: 129.353941 | r:  -509.000000 | e:   1.000000 | Q:        nan | won: False 
#  408 | steps: 17601 | steps_t:     0 | t: 129.698020 | r:  -501.000000 | e:   1.000000 | Q:        nan | won: False 
#  409 | steps: 17702 | steps_t:     0 | t: 130.548743 | r:  -494.000000 | e:   1.000000 | Q:        nan | won: False 
#  410 | steps: 17708 | steps_t:     0 | t: 130.592627 | r:  -472.000000 | e:   1.000000 | Q:        nan | won: False 
#  411 | steps: 17745 | steps_t:     0 | t: 130.979591 | r:  -441.000000 | e:   1.000000 | Q:        nan | won: False 
#  412 | steps: 17759 | steps_t:     0 | t: 131.096279 | r:  -378.000000 | e:   1.000000 | Q:        nan | won: False 
#  413 | steps: 17780 | steps_t:     0 | t: 131.274801 | r:  -425.000000 | e:   1.000000 | Q:        nan | won: False 
#  414 | steps: 17795 | steps_t:     0 | t: 131.407448 | r:  -514.000000 | e:   1.000000 | Q:        nan | won: False 
#  415 | steps: 17837 | steps_t:     0 | t: 131.777457 | r:  -508.000000 | e:   1.000000 | Q:        nan | won: False 
#  416 | steps: 17905 | steps_t:     0 | t: 132.431706 | r:  -534.000000 | e:   1.000000 | Q:        nan | won: False 
#  417 | steps: 17959 | steps_t:     0 | t: 132.898458 | r:  -509.000000 | e:   1.000000 | Q:        nan | won: False 
#  418 | steps: 18018 | steps_t:     0 | t: 133.568664 | r:  -474.000000 | e:   1.000000 | Q:        nan | won: False 
#  419 | steps: 18035 | steps_t:     0 | t: 133.702308 | r:  -505.000000 | e:   1.000000 | Q:        nan | won: False 
#  420 | steps: 18105 | steps_t:     0 | t: 134.394455 | r:   159.000000 | e:   1.000000 | Q:        nan | won: True 
#  421 | steps: 18167 | steps_t:     0 | t: 134.942987 | r:  -517.000000 | e:   1.000000 | Q:        nan | won: False 
#  422 | steps: 18246 | steps_t:     0 | t: 135.706944 | r:  -556.000000 | e:   1.000000 | Q:        nan | won: False 
#  423 | steps: 18260 | steps_t:     0 | t: 135.824629 | r:  -502.000000 | e:   1.000000 | Q:        nan | won: False 
#  424 | steps: 18277 | steps_t:     0 | t: 135.971236 | r:  -494.000000 | e:   1.000000 | Q:        nan | won: False 
#  425 | steps: 18338 | steps_t:     0 | t: 136.573623 | r:  -454.000000 | e:   1.000000 | Q:        nan | won: False 
#  426 | steps: 18348 | steps_t:     0 | t: 136.658397 | r:  -509.000000 | e:   1.000000 | Q:        nan | won: False 
#  427 | steps: 18367 | steps_t:     0 | t: 136.819972 | r:  -474.000000 | e:   1.000000 | Q:        nan | won: False 
#  428 | steps: 18416 | steps_t:     0 | t: 137.225879 | r:   129.000000 | e:   1.000000 | Q:        nan | won: True 
#  429 | steps: 18495 | steps_t:     0 | t: 137.959915 | r:  -461.000000 | e:   1.000000 | Q:        nan | won: False 
#  430 | steps: 18546 | steps_t:     0 | t: 138.365830 | r:  -433.000000 | e:   1.000000 | Q:        nan | won: False 
#  431 | steps: 18561 | steps_t:     0 | t: 138.481520 | r:  -503.000000 | e:   1.000000 | Q:        nan | won: False 
#  432 | steps: 18581 | steps_t:     0 | t: 138.731849 | r:  -435.000000 | e:   1.000000 | Q:        nan | won: False 
#  433 | steps: 18641 | steps_t:     0 | t: 139.218549 | r:  -537.000000 | e:   1.000000 | Q:        nan | won: False 
#  434 | steps: 18672 | steps_t:     0 | t: 139.478851 | r:  -457.000000 | e:   1.000000 | Q:        nan | won: False 
#  435 | steps: 18723 | steps_t:     0 | t: 139.949595 | r:  -488.000000 | e:   1.000000 | Q:        nan | won: False 
#  436 | steps: 18783 | steps_t:     0 | t: 140.437287 | r:  -493.000000 | e:   1.000000 | Q:        nan | won: False 
#  437 | steps: 18804 | steps_t:     0 | t: 140.600848 | r:  -520.000000 | e:   1.000000 | Q:        nan | won: False 
#  438 | steps: 18867 | steps_t:     0 | t: 141.215206 | r:  -507.000000 | e:   1.000000 | Q:        nan | won: False 
#  439 | steps: 18917 | steps_t:     0 | t: 141.602169 | r:  -516.000000 | e:   1.000000 | Q:        nan | won: False 
#  440 | steps: 18981 | steps_t:     0 | t: 142.311276 | r:  -552.000000 | e:   1.000000 | Q:        nan | won: False 
#  441 | steps: 18989 | steps_t:     0 | t: 142.401035 | r:  -507.000000 | e:   1.000000 | Q:        nan | won: False 
#  442 | steps: 19036 | steps_t:     0 | t: 142.815926 | r:  -473.000000 | e:   1.000000 | Q:        nan | won: False 
#  443 | steps: 19083 | steps_t:     0 | t: 143.304616 | r:  -451.000000 | e:   1.000000 | Q:        nan | won: False 
#  444 | steps: 19173 | steps_t:     0 | t: 144.045633 | r:  -534.000000 | e:   1.000000 | Q:        nan | won: False 
#  445 | steps: 19256 | steps_t:     0 | t: 144.802606 | r:  -549.000000 | e:   1.000000 | Q:        nan | won: False 
#  446 | steps: 19286 | steps_t:     0 | t: 145.252403 | r:  -467.000000 | e:   1.000000 | Q:        nan | won: False 
#  447 | steps: 19299 | steps_t:     0 | t: 145.356125 | r:  -512.000000 | e:   1.000000 | Q:        nan | won: False 
#  448 | steps: 19309 | steps_t:     0 | t: 145.468824 | r:  -509.000000 | e:   1.000000 | Q:        nan | won: False 
#  449 | steps: 19321 | steps_t:     0 | t: 145.574541 | r:  -511.000000 | e:   1.000000 | Q:        nan | won: False 
#  450 | steps: 19358 | steps_t:     0 | t: 145.868754 | r:  -452.000000 | e:   1.000000 | Q:        nan | won: False 
#  451 | steps: 19471 | steps_t:     0 | t: 146.840155 | r:  -568.000000 | e:   1.000000 | Q:        nan | won: False 
#  452 | steps: 19506 | steps_t:     0 | t: 147.122400 | r:  -417.000000 | e:   1.000000 | Q:        nan | won: False 
#  453 | steps: 19568 | steps_t:     0 | t: 147.665946 | r:  -506.000000 | e:   1.000000 | Q:        nan | won: False 
#  454 | steps: 19578 | steps_t:     0 | t: 147.765679 | r:  -498.000000 | e:   1.000000 | Q:        nan | won: False 
#  455 | steps: 19596 | steps_t:     0 | t: 147.923258 | r:  -455.000000 | e:   1.000000 | Q:        nan | won: False 
#  456 | steps: 19607 | steps_t:     0 | t: 148.010026 | r:  -477.000000 | e:   1.000000 | Q:        nan | won: False 
#  457 | steps: 19689 | steps_t:     0 | t: 148.702176 | r:  -497.000000 | e:   1.000000 | Q:        nan | won: False 
#  458 | steps: 19718 | steps_t:     0 | t: 149.054233 | r:  -517.000000 | e:   1.000000 | Q:        nan | won: False 
#  459 | steps: 19796 | steps_t:     0 | t: 149.773306 | r:  -449.000000 | e:   1.000000 | Q:        nan | won: False 
#  460 | steps: 19818 | steps_t:     0 | t: 149.984742 | r:  -426.000000 | e:   1.000000 | Q:        nan | won: False 
#  461 | steps: 19842 | steps_t:     0 | t: 150.205151 | r:  -439.000000 | e:   1.000000 | Q:        nan | won: False 
#  462 | steps: 19914 | steps_t:     0 | t: 150.845438 | r:  -560.000000 | e:   1.000000 | Q:        nan | won: False 
#  463 | steps: 19951 | steps_t:     0 | t: 151.188520 | r:  -514.000000 | e:   1.000000 | Q:        nan | won: False 
#  464 | steps: 20014 | steps_t:     0 | t: 151.684195 | r:  -434.000000 | e:   1.000000 | Q:        nan | won: False 
#  465 | steps: 20034 | steps_t:     0 | t: 151.872690 | r:  -508.000000 | e:   1.000000 | Q:        nan | won: False 
#  466 | steps: 20127 | steps_t:     0 | t: 152.662576 | r:  -486.000000 | e:   1.000000 | Q:        nan | won: False 
#  467 | steps: 20145 | steps_t:     0 | t: 152.799212 | r:  -422.000000 | e:   1.000000 | Q:        nan | won: False 
#  468 | steps: 20218 | steps_t:     0 | t: 153.454459 | r:  -477.000000 | e:   1.000000 | Q:        nan | won: False 
#  469 | steps: 20236 | steps_t:     0 | t: 153.621012 | r:  -455.000000 | e:   1.000000 | Q:        nan | won: False 
#  470 | steps: 20273 | steps_t:     0 | t: 153.957114 | r:  -525.000000 | e:   1.000000 | Q:        nan | won: False 
#  471 | steps: 20313 | steps_t:     0 | t: 154.333107 | r:  -433.000000 | e:   1.000000 | Q:        nan | won: False 
#  472 | steps: 20368 | steps_t:     0 | t: 154.859698 | r:  -481.000000 | e:   1.000000 | Q:        nan | won: False 
#  473 | steps: 20433 | steps_t:     0 | t: 155.473058 | r:  -509.000000 | e:   1.000000 | Q:        nan | won: False 
#  474 | steps: 20438 | steps_t:     0 | t: 155.523921 | r:  -504.000000 | e:   1.000000 | Q:        nan | won: False 
#  475 | steps: 20505 | steps_t:     0 | t: 156.103373 | r:  -511.000000 | e:   1.000000 | Q:        nan | won: False 
#  476 | steps: 20524 | steps_t:     0 | t: 156.277905 | r:  -456.000000 | e:   1.000000 | Q:        nan | won: False 
#  477 | steps: 20556 | steps_t:     0 | t: 156.539205 | r:  -498.000000 | e:   1.000000 | Q:        nan | won: False 
#  478 | steps: 20579 | steps_t:     0 | t: 156.884281 | r:  -405.000000 | e:   1.000000 | Q:        nan | won: False 
#  479 | steps: 20589 | steps_t:     0 | t: 156.963071 | r:  -498.000000 | e:   1.000000 | Q:        nan | won: False 
#  480 | steps: 20602 | steps_t:     0 | t: 157.068792 | r:  -512.000000 | e:   1.000000 | Q:        nan | won: False 
#  481 | steps: 20626 | steps_t:     0 | t: 157.292191 | r:  -450.000000 | e:   1.000000 | Q:        nan | won: False 
#  482 | steps: 20638 | steps_t:     0 | t: 157.391924 | r:  -511.000000 | e:   1.000000 | Q:        nan | won: False 
#  483 | steps: 20694 | steps_t:     0 | t: 157.880616 | r:  -449.000000 | e:   1.000000 | Q:        nan | won: False 
#  484 | steps: 20747 | steps_t:     0 | t: 158.309467 | r:  -446.000000 | e:   1.000000 | Q:        nan | won: False 
#  485 | steps: 20811 | steps_t:     0 | t: 158.851019 | r:  -457.000000 | e:   1.000000 | Q:        nan | won: False 
#  486 | steps: 20831 | steps_t:     0 | t: 159.068440 | r:  -486.000000 | e:   1.000000 | Q:        nan | won: False 
#  487 | steps: 20859 | steps_t:     0 | t: 159.292837 | r:  -443.000000 | e:   1.000000 | Q:        nan | won: False 
#  488 | steps: 20878 | steps_t:     0 | t: 159.454404 | r:  -467.000000 | e:   1.000000 | Q:        nan | won: False 
#  489 | steps: 20893 | steps_t:     0 | t: 159.594031 | r:  -401.000000 | e:   1.000000 | Q:        nan | won: False 
#  490 | steps: 20908 | steps_t:     0 | t: 159.709726 | r:  -503.000000 | e:   1.000000 | Q:        nan | won: False 
#  491 | steps: 20923 | steps_t:     0 | t: 159.840375 | r:  -503.000000 | e:   1.000000 | Q:        nan | won: False 
#  492 | steps: 20967 | steps_t:     0 | t: 160.361976 | r:  -448.000000 | e:   1.000000 | Q:        nan | won: False 
#  493 | steps: 21012 | steps_t:     0 | t: 160.767891 | r:  -438.000000 | e:   1.000000 | Q:        nan | won: False 
#  494 | steps: 21053 | steps_t:     0 | t: 161.099004 | r:  -467.000000 | e:   1.000000 | Q:        nan | won: False 
#  495 | steps: 21117 | steps_t:     0 | t: 161.688427 | r:  -468.000000 | e:   1.000000 | Q:        nan | won: False 
#  496 | steps: 21148 | steps_t:     0 | t: 161.941751 | r:  -395.000000 | e:   1.000000 | Q:        nan | won: False 
#  497 | steps: 21285 | steps_t:     0 | t: 163.154504 | r:  -581.000000 | e:   1.000000 | Q:        nan | won: False 
#  498 | steps: 21356 | steps_t:     0 | t: 163.768860 | r:  -486.000000 | e:   1.000000 | Q:        nan | won: False 
#  499 | steps: 21392 | steps_t:     0 | t: 164.104962 | r:  -473.000000 | e:   1.000000 | Q:        nan | won: False 
#  500 | steps: 21419 | steps_t:     0 | t: 164.349307 | r:  -515.000000 | e:   1.000000 | Q:        nan | won: False 
#  501 | steps: 21520 | steps_t:     0 | t: 165.380550 | r:  -527.000000 | e:   1.000000 | Q:        nan | won: False 
#  502 | steps: 21586 | steps_t:     0 | t: 165.974962 | r:  -543.000000 | e:   1.000000 | Q:        nan | won: False 
#  503 | steps: 21609 | steps_t:     0 | t: 166.225288 | r:  -511.000000 | e:   1.000000 | Q:        nan | won: False 
#  504 | steps: 21624 | steps_t:     0 | t: 166.344970 | r:  -514.000000 | e:   1.000000 | Q:        nan | won: False 
#  505 | steps: 21634 | steps_t:     0 | t: 166.430739 | r:  -509.000000 | e:   1.000000 | Q:        nan | won: False 
#  506 | steps: 21669 | steps_t:     0 | t: 166.718967 | r:  -472.000000 | e:   1.000000 | Q:        nan | won: False 
#  507 | steps: 21767 | steps_t:     0 | t: 167.572683 | r:  -520.000000 | e:   1.000000 | Q:        nan | won: False 
#  508 | steps: 21799 | steps_t:     0 | t: 167.832986 | r:  -458.000000 | e:   1.000000 | Q:        nan | won: False 
#  509 | steps: 21809 | steps_t:     0 | t: 167.950678 | r:  -498.000000 | e:   1.000000 | Q:        nan | won: False 
#  510 | steps: 21877 | steps_t:     0 | t: 168.550069 | r:  -534.000000 | e:   1.000000 | Q:        nan | won: False 
#  511 | steps: 21900 | steps_t:     0 | t: 168.750532 | r:  -511.000000 | e:   1.000000 | Q:        nan | won: False 
#  512 | steps: 21943 | steps_t:     0 | t: 169.179384 | r:  -469.000000 | e:   1.000000 | Q:        nan | won: False 
#  513 | steps: 21991 | steps_t:     0 | t: 169.634168 | r:  -441.000000 | e:   1.000000 | Q:        nan | won: False 
#  514 | steps: 22075 | steps_t:     0 | t: 170.366210 | r:  -528.000000 | e:   1.000000 | Q:        nan | won: False 
#  515 | steps: 22087 | steps_t:     0 | t: 170.493868 | r:  -500.000000 | e:   1.000000 | Q:        nan | won: False 
#  516 | steps: 22113 | steps_t:     0 | t: 170.750182 | r:  -503.000000 | e:   1.000000 | Q:        nan | won: False 
#  517 | steps: 22175 | steps_t:     0 | t: 171.289738 | r:  -484.000000 | e:   1.000000 | Q:        nan | won: False 
#  518 | steps: 22187 | steps_t:     0 | t: 171.411416 | r:  -511.000000 | e:   1.000000 | Q:        nan | won: False 
#  519 | steps: 22234 | steps_t:     0 | t: 171.898110 | r:  -451.000000 | e:   1.000000 | Q:        nan | won: False 
#  520 | steps: 22240 | steps_t:     0 | t: 171.955955 | r:  -505.000000 | e:   1.000000 | Q:        nan | won: False 
#  521 | steps: 22301 | steps_t:     0 | t: 172.609209 | r:  -516.000000 | e:   1.000000 | Q:        nan | won: False 
#  522 | steps: 22386 | steps_t:     0 | t: 173.543707 | r:  -511.000000 | e:   1.000000 | Q:        nan | won: False 
#  523 | steps: 22445 | steps_t:     0 | t: 174.323620 | r:  -496.000000 | e:   1.000000 | Q:        nan | won: False 
#  524 | steps: 22499 | steps_t:     0 | t: 174.970888 | r:  -425.000000 | e:   1.000000 | Q:        nan | won: False 
#  525 | steps: 22532 | steps_t:     0 | t: 175.424674 | r:  -448.000000 | e:   1.000000 | Q:        nan | won: False 
#  526 | steps: 22574 | steps_t:     0 | t: 176.104856 | r:  -468.000000 | e:   1.000000 | Q:        nan | won: False 
#  527 | steps: 22648 | steps_t:     0 | t: 176.834901 | r:  -518.000000 | e:   1.000000 | Q:        nan | won: False 
#  528 | steps: 22746 | steps_t:     0 | t: 177.971859 | r:  -542.000000 | e:   1.000000 | Q:        nan | won: False 
#  529 | steps: 22781 | steps_t:     0 | t: 178.591204 | r:  -439.000000 | e:   1.000000 | Q:        nan | won: False 
#  530 | steps: 22833 | steps_t:     0 | t: 179.176637 | r:  -485.000000 | e:   1.000000 | Q:        nan | won: False 
#  531 | steps: 22876 | steps_t:     0 | t: 179.735142 | r:  -469.000000 | e:   1.000000 | Q:        nan | won: False 
#  532 | steps: 22912 | steps_t:     0 | t: 180.162997 | r:  -451.000000 | e:   1.000000 | Q:        nan | won: False 
#  533 | steps: 22941 | steps_t:     0 | t: 180.558938 | r:  -517.000000 | e:   1.000000 | Q:        nan | won: False 
#  534 | steps: 22956 | steps_t:     0 | t: 180.737459 | r:  -514.000000 | e:   1.000000 | Q:        nan | won: False 
#  535 | steps: 23089 | steps_t:     0 | t: 182.180600 | r:  -566.000000 | e:   1.000000 | Q:        nan | won: False 
#  536 | steps: 23100 | steps_t:     0 | t: 182.291303 | r:  -510.000000 | e:   1.000000 | Q:        nan | won: False 
#  537 | steps: 23169 | steps_t:     0 | t: 182.964501 | r:  -535.000000 | e:   1.000000 | Q:        nan | won: False 
#  538 | steps: 23224 | steps_t:     0 | t: 183.417291 | r:  -437.000000 | e:   1.000000 | Q:        nan | won: False 
#  539 | steps: 23263 | steps_t:     0 | t: 183.732446 | r:  -527.000000 | e:   1.000000 | Q:        nan | won: False 
#  540 | steps: 23389 | steps_t:     0 | t: 185.299255 | r:  -530.000000 | e:   1.000000 | Q:        nan | won: False 
#  541 | steps: 23441 | steps_t:     0 | t: 185.765009 | r:  -456.000000 | e:   1.000000 | Q:        nan | won: False 
#  542 | steps: 23455 | steps_t:     0 | t: 185.888677 | r:  -502.000000 | e:   1.000000 | Q:        nan | won: False 
#  543 | steps: 23478 | steps_t:     0 | t: 186.113077 | r:  -449.000000 | e:   1.000000 | Q:        nan | won: False 
#  544 | steps: 23543 | steps_t:     0 | t: 186.743390 | r:  -480.000000 | e:   1.000000 | Q:        nan | won: False 
#  545 | steps: 23590 | steps_t:     0 | t: 187.158281 | r:  -440.000000 | e:   1.000000 | Q:        nan | won: False 
#  546 | steps: 23673 | steps_t:     0 | t: 187.962129 | r:  -476.000000 | e:   1.000000 | Q:        nan | won: False 
#  547 | steps: 23704 | steps_t:     0 | t: 188.238391 | r:  -457.000000 | e:   1.000000 | Q:        nan | won: False 
#  548 | steps: 23732 | steps_t:     0 | t: 188.548562 | r:  -454.000000 | e:   1.000000 | Q:        nan | won: False 
#  549 | steps: 23738 | steps_t:     0 | t: 188.597430 | r:  -505.000000 | e:   1.000000 | Q:        nan | won: False 
#  550 | steps: 23818 | steps_t:     0 | t: 189.273620 | r:  -484.000000 | e:   1.000000 | Q:        nan | won: False 
