#    1 | steps:   113 | steps_t:     0 | t: 0.088763 | r:   105.000000 | e:   1.000000 | Q:        nan | won: True 
#    2 | steps:   165 | steps_t:     0 | t: 0.124665 | r:  -423.000000 | e:   1.000000 | Q:        nan | won: False 
#    3 | steps:   193 | steps_t:     0 | t: 0.145608 | r:  -516.000000 | e:   1.000000 | Q:        nan | won: False 
#    4 | steps:   268 | steps_t:     0 | t: 0.214424 | r:  -552.000000 | e:   1.000000 | Q:        nan | won: False 
#    5 | steps:   301 | steps_t:     0 | t: 0.239358 | r:  -448.000000 | e:   1.000000 | Q:        nan | won: False 
#    6 | steps:   332 | steps_t:     0 | t: 0.263294 | r:  -435.000000 | e:   1.000000 | Q:        nan | won: False 
#    7 | steps:   404 | steps_t:     0 | t: 0.313199 | r:  -465.000000 | e:   1.000000 | Q:        nan | won: False 
#    8 | steps:   428 | steps_t:     0 | t: 0.334104 | r:  -501.000000 | e:   1.000000 | Q:        nan | won: False 
#    9 | steps:   440 | steps_t:     0 | t: 0.347070 | r:  -500.000000 | e:   1.000000 | Q:        nan | won: False 
#   10 | steps:   497 | steps_t:     0 | t: 0.387001 | r:  -534.000000 | e:   1.000000 | Q:        nan | won: False 
#   11 | steps:   547 | steps_t:     0 | t: 0.423864 | r:  -443.000000 | e:   1.000000 | Q:        nan | won: False 
#   12 | steps:   578 | steps_t:     0 | t: 0.455779 | r:  -475.000000 | e:   1.000000 | Q:        nan | won: False 
#   13 | steps:   655 | steps_t:     0 | t: 0.520663 | r:  -503.000000 | e:   1.000000 | Q:        nan | won: False 
#   14 | steps:   705 | steps_t:     0 | t: 0.560537 | r:  -494.000000 | e:   1.000000 | Q:        nan | won: False 
#   15 | steps:   719 | steps_t:     0 | t: 0.576458 | r:  -502.000000 | e:   1.000000 | Q:        nan | won: False 
#   16 | steps:   767 | steps_t:     0 | t: 0.613391 | r:  -441.000000 | e:   1.000000 | Q:        nan | won: False 
#   17 | steps:   832 | steps_t:     0 | t: 0.657280 | r:  -480.000000 | e:   1.000000 | Q:        nan | won: False 
#   18 | steps:   893 | steps_t:     0 | t: 0.702160 | r:  -476.000000 | e:   1.000000 | Q:        nan | won: False 
#   19 | steps:   925 | steps_t:     0 | t: 0.729086 | r:  -520.000000 | e:   1.000000 | Q:        nan | won: False 
#   20 | steps:   955 | steps_t:     0 | t: 0.754024 | r:  -518.000000 | e:   1.000000 | Q:        nan | won: False 
#   21 | steps:   997 | steps_t:     0 | t: 0.788922 | r:  -446.000000 | e:   1.000000 | Q:        nan | won: False 
#   22 | steps:  1024 | steps_t:     0 | t: 0.817810 | r:  -515.000000 | e:   1.000000 | Q:        nan | won: False 
#   23 | steps:  1091 | steps_t:     0 | t: 0.877651 | r:  -504.000000 | e:   1.000000 | Q:        nan | won: False 
#   24 | steps:  1146 | steps_t:     0 | t: 0.931508 | r:  -488.000000 | e:   1.000000 | Q:        nan | won: False 
#   25 | steps:  1227 | steps_t:     0 | t: 1.009297 | r:  -547.000000 | e:   1.000000 | Q:        nan | won: False 
#   26 | steps:  1254 | steps_t:     0 | t: 1.074126 | r:  -515.000000 | e:   1.000000 | Q:        nan | won: False 
#   27 | steps:  1330 | steps_t:     0 | t: 1.126029 | r:  -469.000000 | e:   1.000000 | Q:        nan | won: False 
#   28 | steps:  1341 | steps_t:     0 | t: 1.137953 | r:  -499.000000 | e:   1.000000 | Q:        nan | won: False 
#   29 | steps:  1360 | steps_t:     0 | t: 1.153948 | r:  -456.000000 | e:   1.000000 | Q:        nan | won: False 
#   30 | steps:  1374 | steps_t:     0 | t: 1.167873 | r:  -513.000000 | e:   1.000000 | Q:        nan | won: False 
#   31 | steps:  1407 | steps_t:     0 | t: 1.196796 | r:  -437.000000 | e:   1.000000 | Q:        nan | won: False 
#   32 | steps:  1519 | steps_t:     0 | t: 1.293540 | r:  -483.000000 | e:   1.000000 | Q:        nan | won: False 
#   33 | steps:  1532 | steps_t:     0 | t: 1.310493 | r:  -410.000000 | e:   1.000000 | Q:        nan | won: False 
#   34 | steps:  1548 | steps_t:     0 | t: 1.327451 | r:  -431.000000 | e:   1.000000 | Q:        nan | won: False 
#   35 | steps:  1626 | steps_t:     0 | t: 1.385295 | r:  -471.000000 | e:   1.000000 | Q:        nan | won: False 
#   36 | steps:  1641 | steps_t:     0 | t: 1.401285 | r:  -492.000000 | e:   1.000000 | Q:        nan | won: False 
#   37 | steps:  1692 | steps_t:     0 | t: 1.437153 | r:  -466.000000 | e:   1.000000 | Q:        nan | won: False 
#   38 | steps:  1737 | steps_t:     0 | t: 1.475057 | r:  -522.000000 | e:   1.000000 | Q:        nan | won: False 
#   39 | steps:  1753 | steps_t:     0 | t: 1.491044 | r:  -504.000000 | e:   1.000000 | Q:        nan | won: False 
#   40 | steps:  1776 | steps_t:     0 | t: 1.513985 | r:  -460.000000 | e:   1.000000 | Q:        nan | won: False 
#   41 | steps:  1863 | steps_t:     0 | t: 1.581805 | r:  -469.000000 | e:   1.000000 | Q:        nan | won: False 
#   42 | steps:  1898 | steps_t:     0 | t: 1.614716 | r:  -417.000000 | e:   1.000000 | Q:        nan | won: False 
#   43 | steps:  1923 | steps_t:     0 | t: 1.638616 | r:  -451.000000 | e:   1.000000 | Q:        nan | won: False 
#   44 | steps:  1949 | steps_t:     0 | t: 1.659560 | r:  -514.000000 | e:   1.000000 | Q:        nan | won: False 
#   45 | steps:  2041 | steps_t:     0 | t: 1.725390 | r:  -525.000000 | e:   1.000000 | Q:        nan | won: False 
#   46 | steps:  2097 | steps_t:     0 | t: 1.767269 | r:  -489.000000 | e:   1.000000 | Q:        nan | won: False 
#   47 | steps:  2109 | steps_t:     0 | t: 1.779239 | r:  -511.000000 | e:   1.000000 | Q:        nan | won: False 
#   48 | steps:  2134 | steps_t:     0 | t: 1.802210 | r:  -491.000000 | e:   1.000000 | Q:        nan | won: False 
#   49 | steps:  2159 | steps_t:     0 | t: 1.823159 | r:  -513.000000 | e:   1.000000 | Q:        nan | won: False 
#   50 | steps:  2175 | steps_t:     0 | t: 1.839077 | r:  -504.000000 | e:   1.000000 | Q:        nan | won: False 
#   51 | steps:  2256 | steps_t:     0 | t: 1.892933 | r:  -496.000000 | e:   1.000000 | Q:        nan | won: False 
#   52 | steps:  2338 | steps_t:     0 | t: 1.989682 | r:  -453.000000 | e:   1.000000 | Q:        nan | won: False 
#   53 | steps:  2359 | steps_t:     0 | t: 2.022588 | r:  -465.000000 | e:   1.000000 | Q:        nan | won: False 
#   54 | steps:  2407 | steps_t:     0 | t: 2.068465 | r:  -474.000000 | e:   1.000000 | Q:        nan | won: False 
#   55 | steps:  2493 | steps_t:     0 | t: 2.140273 | r:  -501.000000 | e:   1.000000 | Q:        nan | won: False 
#   56 | steps:  2574 | steps_t:     0 | t: 2.196170 | r:  -485.000000 | e:   1.000000 | Q:        nan | won: False 
#   57 | steps:  2634 | steps_t:     0 | t: 2.240005 | r:  -431.000000 | e:   1.000000 | Q:        nan | won: False 
#   58 | steps:  2648 | steps_t:     0 | t: 2.255001 | r:  -502.000000 | e:   1.000000 | Q:        nan | won: False 
#   59 | steps:  2719 | steps_t:     0 | t: 2.371692 | r:  -515.000000 | e:   1.000000 | Q:        nan | won: False 
#   60 | steps:  2787 | steps_t:     0 | t: 2.418565 | r:  -483.000000 | e:   1.000000 | Q:        nan | won: False 
#   61 | steps:  2846 | steps_t:     0 | t: 2.464406 | r:  -503.000000 | e:   1.000000 | Q:        nan | won: False 
#   62 | steps:  2892 | steps_t:     0 | t: 2.502305 | r:  -450.000000 | e:   1.000000 | Q:        nan | won: False 
#   63 | steps:  2903 | steps_t:     0 | t: 2.514308 | r:  -510.000000 | e:   1.000000 | Q:        nan | won: False 
#   64 | steps:  2941 | steps_t:     0 | t: 2.543195 | r:  -464.000000 | e:   1.000000 | Q:        nan | won: False 
#   65 | steps:  2953 | steps_t:     0 | t: 2.556191 | r:  -500.000000 | e:   1.000000 | Q:        nan | won: False 
#   66 | steps:  2961 | steps_t:     0 | t: 2.566132 | r:  -507.000000 | e:   1.000000 | Q:        nan | won: False 
#   67 | steps:  2977 | steps_t:     0 | t: 2.581092 | r:  -515.000000 | e:   1.000000 | Q:        nan | won: False 
#   68 | steps:  3001 | steps_t:     0 | t: 2.601041 | r:  -501.000000 | e:   1.000000 | Q:        nan | won: False 
#   69 | steps:  3037 | steps_t:     0 | t: 2.630997 | r:  -440.000000 | e:   1.000000 | Q:        nan | won: False 
#   70 | steps:  3056 | steps_t:     0 | t: 2.649945 | r:  -518.000000 | e:   1.000000 | Q:        nan | won: False 
#   71 | steps:  3103 | steps_t:     0 | t: 2.694825 | r:  -451.000000 | e:   1.000000 | Q:        nan | won: False 
#   72 | steps:  3169 | steps_t:     0 | t: 2.745689 | r:  -510.000000 | e:   1.000000 | Q:        nan | won: False 
#   73 | steps:  3176 | steps_t:     0 | t: 2.755625 | r:  -495.000000 | e:   1.000000 | Q:        nan | won: False 
#   74 | steps:  3220 | steps_t:     0 | t: 2.789534 | r:  -459.000000 | e:   1.000000 | Q:        nan | won: False 
#   75 | steps:  3285 | steps_t:     0 | t: 2.833417 | r:  -469.000000 | e:   1.000000 | Q:        nan | won: False 
#   76 | steps:  3294 | steps_t:     0 | t: 2.847380 | r:  -508.000000 | e:   1.000000 | Q:        nan | won: False 
#   77 | steps:  3355 | steps_t:     0 | t: 2.894286 | r:  -487.000000 | e:   1.000000 | Q:        nan | won: False 
#   78 | steps:  3372 | steps_t:     0 | t: 2.911211 | r:  -505.000000 | e:   1.000000 | Q:        nan | won: False 
#   79 | steps:  3428 | steps_t:     0 | t: 2.954135 | r:  -427.000000 | e:   1.000000 | Q:        nan | won: False 
#   80 | steps:  3468 | steps_t:     0 | t: 2.986048 | r:  -506.000000 | e:   1.000000 | Q:        nan | won: False 
#   81 | steps:  3557 | steps_t:     0 | t: 3.053828 | r:  -515.000000 | e:   1.000000 | Q:        nan | won: False 
#   82 | steps:  3579 | steps_t:     0 | t: 3.081759 | r:  -466.000000 | e:   1.000000 | Q:        nan | won: False 
#   83 | steps:  3632 | steps_t:     0 | t: 3.147577 | r:  -490.000000 | e:   1.000000 | Q:        nan | won: False 
#   84 | steps:  3695 | steps_t:     0 | t: 3.196446 | r:  -467.000000 | e:   1.000000 | Q:        nan | won: False 
#   85 | steps:  3732 | steps_t:     0 | t: 3.223415 | r:  -525.000000 | e:   1.000000 | Q:        nan | won: False 
#   86 | steps:  3737 | steps_t:     0 | t: 3.232387 | r:  -504.000000 | e:   1.000000 | Q:        nan | won: False 
#   87 | steps:  3772 | steps_t:     0 | t: 3.260277 | r:  -450.000000 | e:   1.000000 | Q:        nan | won: False 
#   88 | steps:  3853 | steps_t:     0 | t: 3.322146 | r:  -485.000000 | e:   1.000000 | Q:        nan | won: False 
#   89 | steps:  3873 | steps_t:     0 | t: 3.340065 | r:  -468.000000 | e:   1.000000 | Q:        nan | won: False 
#   90 | steps:  3895 | steps_t:     0 | t: 3.361044 | r:  -510.000000 | e:   1.000000 | Q:        nan | won: False 
#   91 | steps:  3934 | steps_t:     0 | t: 3.390966 | r:  -505.000000 | e:   1.000000 | Q:        nan | won: False 
#   92 | steps:  3942 | steps_t:     0 | t: 3.400899 | r:  -507.000000 | e:   1.000000 | Q:        nan | won: False 
#   93 | steps:  3969 | steps_t:     0 | t: 3.422877 | r:  -449.000000 | e:   1.000000 | Q:        nan | won: False 
#   94 | steps:  3997 | steps_t:     0 | t: 3.445824 | r:  -421.000000 | e:   1.000000 | Q:        nan | won: False 
#   95 | steps:  4015 | steps_t:     0 | t: 3.479697 | r:  -466.000000 | e:   1.000000 | Q:        nan | won: False 
#   96 | steps:  4027 | steps_t:     0 | t: 3.502627 | r:  -489.000000 | e:   1.000000 | Q:        nan | won: False 
#   97 | steps:  4035 | steps_t:     0 | t: 3.516590 | r:  -507.000000 | e:   1.000000 | Q:        nan | won: False 
#   98 | steps:  4057 | steps_t:     0 | t: 3.544522 | r:  -499.000000 | e:   1.000000 | Q:        nan | won: False 
#   99 | steps:  4113 | steps_t:     0 | t: 3.601362 | r:  -533.000000 | e:   1.000000 | Q:        nan | won: False 
#  100 | steps:  4143 | steps_t:     0 | t: 3.632286 | r:  -496.000000 | e:   1.000000 | Q:        nan | won: False 
#  101 | steps:  4176 | steps_t:     0 | t: 3.664194 | r:  -510.000000 | e:   1.000000 | Q:        nan | won: False 
#  102 | steps:  4275 | steps_t:     0 | t: 3.756981 | r:  -532.000000 | e:   1.000000 | Q:        nan | won: False 
#  103 | steps:  4338 | steps_t:     0 | t: 3.804852 | r:  -540.000000 | e:   1.000000 | Q:        nan | won: False 
#  104 | steps:  4355 | steps_t:     0 | t: 3.820810 | r:  -494.000000 | e:   1.000000 | Q:        nan | won: False 
#  105 | steps:  4368 | steps_t:     0 | t: 3.834775 | r:  -479.000000 | e:   1.000000 | Q:        nan | won: False 
#  106 | steps:  4384 | steps_t:     0 | t: 3.849737 | r:  -504.000000 | e:   1.000000 | Q:        nan | won: False 
#  107 | steps:  4393 | steps_t:     0 | t: 3.861668 | r:  -508.000000 | e:   1.000000 | Q:        nan | won: False 
#  108 | steps:  4415 | steps_t:     0 | t: 3.880652 | r:  -488.000000 | e:   1.000000 | Q:        nan | won: False 
#  109 | steps:  4449 | steps_t:     0 | t: 3.906583 | r:  -420.000000 | e:   1.000000 | Q:        nan | won: False 
#  110 | steps:  4482 | steps_t:     0 | t: 3.932516 | r:  -499.000000 | e:   1.000000 | Q:        nan | won: False 
#  111 | steps:  4533 | steps_t:     0 | t: 3.975364 | r:  -455.000000 | e:   1.000000 | Q:        nan | won: False 
#  112 | steps:  4563 | steps_t:     0 | t: 4.004286 | r:  -445.000000 | e:   1.000000 | Q:        nan | won: False 
#  113 | steps:  4599 | steps_t:     0 | t: 4.035239 | r:  -411.000000 | e:   1.000000 | Q:        nan | won: False 
#  114 | steps:  4614 | steps_t:     0 | t: 4.053155 | r:  -441.000000 | e:   1.000000 | Q:        nan | won: False 
#  115 | steps:  4658 | steps_t:     0 | t: 4.088062 | r:  -470.000000 | e:   1.000000 | Q:        nan | won: False 
#  116 | steps:  4742 | steps_t:     0 | t: 4.149899 | r:  -550.000000 | e:   1.000000 | Q:        nan | won: False 
#  117 | steps:  4775 | steps_t:     0 | t: 4.201757 | r:  -470.000000 | e:   1.000000 | Q:        nan | won: False 
#  118 | steps:  4794 | steps_t:     0 | t: 4.234669 | r:  -518.000000 | e:   1.000000 | Q:        nan | won: False 
#  119 | steps:  4864 | steps_t:     0 | t: 4.288524 | r:  -547.000000 | e:   1.000000 | Q:        nan | won: False 
#  120 | steps:  4873 | steps_t:     0 | t: 4.300492 | r:  -508.000000 | e:   1.000000 | Q:        nan | won: False 
#  121 | steps:  4883 | steps_t:     0 | t: 4.312463 | r:  -498.000000 | e:   1.000000 | Q:        nan | won: False 
#  122 | steps:  4896 | steps_t:     0 | t: 4.326462 | r:  -512.000000 | e:   1.000000 | Q:        nan | won: False 
#  123 | steps:  4904 | steps_t:     0 | t: 4.336436 | r:  -507.000000 | e:   1.000000 | Q:        nan | won: False 
#  124 | steps:  4946 | steps_t:     0 | t: 4.367351 | r:  -457.000000 | e:   1.000000 | Q:        nan | won: False 
#  125 | steps:  4953 | steps_t:     0 | t: 4.377286 | r:  -506.000000 | e:   1.000000 | Q:        nan | won: False 
#  126 | steps:  5010 | steps_t:     9 | t: 4.755276 | r:  -501.000000 | e:   0.999100 | Q:        nan | won: False 
#  127 | steps:  5046 | steps_t:    44 | t: 5.062458 | r:  -429.000000 | e:   0.995600 | Q:        nan | won: False 
#  128 | steps:  5094 | steps_t:    91 | t: 5.565116 | r:  -452.000000 | e:   0.990900 | Q:        nan | won: False 
#  129 | steps:  5186 | steps_t:   182 | t: 6.277203 | r:  -463.000000 | e:   0.981800 | Q:        nan | won: False 
#  130 | steps:  5206 | steps_t:   201 | t: 6.485646 | r:  -435.000000 | e:   0.979900 | Q:        nan | won: False 
#  131 | steps:  5254 | steps_t:   248 | t: 6.840696 | r:  -503.000000 | e:   0.975200 | Q: -33.068474 | won: False 
#  132 | steps:  5279 | steps_t:   272 | t: 7.018220 | r:  -451.000000 | e:   0.972800 | Q:        nan | won: False 
#  133 | steps:  5307 | steps_t:   299 | t: 7.219682 | r:  -465.000000 | e:   0.970100 | Q: -61.479115 | won: False 
#  134 | steps:  5361 | steps_t:   352 | t: 7.675464 | r:  -458.000000 | e:   0.964800 | Q: -70.521858 | won: False 
#  135 | steps:  5479 | steps_t:   469 | t: 8.515216 | r:  -500.000000 | e:   0.953100 | Q: -95.159546 | won: False 
#  136 | steps:  5507 | steps_t:   496 | t: 8.775518 | r:  -454.000000 | e:   0.950400 | Q:        nan | won: False 
#  137 | steps:  5531 | steps_t:   519 | t: 8.939081 | r:  -439.000000 | e:   0.948100 | Q:        nan | won: False 
#  138 | steps:  5550 | steps_t:   537 | t: 9.078707 | r:  -456.000000 | e:   0.946300 | Q: -112.996040 | won: False 
#  139 | steps:  5594 | steps_t:   580 | t: 9.386883 | r:  -481.000000 | e:   0.942000 | Q:        nan | won: False 
#  140 | steps:  5651 | steps_t:   636 | t: 9.853637 | r:  -534.000000 | e:   0.936400 | Q: -87.548126 | won: False 
#  141 | steps:  5671 | steps_t:   655 | t: 9.991267 | r:  -468.000000 | e:   0.934500 | Q: -101.519905 | won: False 
#  142 | steps:  5770 | steps_t:   753 | t: 10.715329 | r:  -503.000000 | e:   0.924700 | Q: -91.871330 | won: False 
#  143 | steps:  5832 | steps_t:   814 | t: 11.216986 | r:  -484.000000 | e:   0.918600 | Q: -92.389648 | won: False 
#  144 | steps:  5866 | steps_t:   847 | t: 11.545108 | r:  -449.000000 | e:   0.915300 | Q: -100.131203 | won: False 
#  145 | steps:  5881 | steps_t:   861 | t: 11.648831 | r:  -514.000000 | e:   0.913900 | Q:        nan | won: False 
#  146 | steps:  5960 | steps_t:   939 | t: 12.274158 | r:  -505.000000 | e:   0.906100 | Q: -95.363434 | won: False 
#  147 | steps:  5976 | steps_t:   954 | t: 12.383865 | r:  -515.000000 | e:   0.904600 | Q: -107.894577 | won: False 
#  148 | steps:  6024 | steps_t:  1001 | t: 12.731937 | r:  -441.000000 | e:   0.899900 | Q: -101.398201 | won: False 
#  149 | steps:  6034 | steps_t:  1010 | t: 12.800753 | r:  -509.000000 | e:   0.899000 | Q:        nan | won: False 
#  150 | steps:  6045 | steps_t:  1020 | t: 12.876547 | r:  -499.000000 | e:   0.898000 | Q: -110.968750 | won: False 
#  151 | steps:  6156 | steps_t:  1130 | t: 13.732257 | r:    67.000000 | e:   0.887000 | Q: -86.530045 | won: True 
#  152 | steps:  6164 | steps_t:  1137 | t: 13.789105 | r:  -507.000000 | e:   0.886300 | Q:        nan | won: False 
#  153 | steps:  6192 | steps_t:  1164 | t: 13.992560 | r:  -494.000000 | e:   0.883600 | Q: -111.570076 | won: False 
#  154 | steps:  6204 | steps_t:  1175 | t: 14.088304 | r:  -511.000000 | e:   0.882500 | Q:        nan | won: False 
#  155 | steps:  6292 | steps_t:  1262 | t: 14.767486 | r:  -543.000000 | e:   0.873800 | Q: -99.987762 | won: False 
#  156 | steps:  6337 | steps_t:  1306 | t: 15.091621 | r:  -471.000000 | e:   0.869400 | Q: -126.221504 | won: False 
#  157 | steps:  6381 | steps_t:  1349 | t: 15.455645 | r:  -521.000000 | e:   0.865100 | Q: -128.068512 | won: False 
#  158 | steps:  6452 | steps_t:  1419 | t: 15.965282 | r:  -515.000000 | e:   0.858100 | Q: -103.949905 | won: False 
#  159 | steps:  6464 | steps_t:  1430 | t: 16.053047 | r:  -511.000000 | e:   0.857000 | Q: -130.958237 | won: False 
#  160 | steps:  6485 | steps_t:  1450 | t: 16.211623 | r:  -509.000000 | e:   0.855000 | Q: -127.555412 | won: False 
#  161 | steps:  6519 | steps_t:  1483 | t: 16.505836 | r:  -522.000000 | e:   0.851700 | Q: -125.096260 | won: False 
#  162 | steps:  6542 | steps_t:  1505 | t: 16.681365 | r:  -511.000000 | e:   0.849500 | Q: -126.487656 | won: False 
#  163 | steps:  6569 | steps_t:  1531 | t: 16.878838 | r:  -431.000000 | e:   0.846900 | Q: -129.169342 | won: False 
#  164 | steps:  6582 | steps_t:  1543 | t: 16.970592 | r:  -501.000000 | e:   0.845700 | Q: -129.342804 | won: False 
#  165 | steps:  6589 | steps_t:  1549 | t: 17.021465 | r:  -506.000000 | e:   0.845100 | Q:        nan | won: False 
#  166 | steps:  6638 | steps_t:  1597 | t: 17.413407 | r:  -475.000000 | e:   0.840300 | Q: -96.986641 | won: False 
#  167 | steps:  6689 | steps_t:  1647 | t: 17.832289 | r:  -477.000000 | e:   0.835300 | Q: -80.034431 | won: False 
#  168 | steps:  6757 | steps_t:  1714 | t: 18.330953 | r:  -494.000000 | e:   0.828600 | Q: -102.964394 | won: False 
#  169 | steps:  6787 | steps_t:  1743 | t: 18.576296 | r:  -434.000000 | e:   0.825700 | Q: -90.698685 | won: False 
#  170 | steps:  6860 | steps_t:  1815 | t: 19.142781 | r:  -539.000000 | e:   0.818500 | Q: -85.619347 | won: False 
#  171 | steps:  6943 | steps_t:  1897 | t: 19.794037 | r:  -549.000000 | e:   0.810300 | Q: -83.535881 | won: False 
#  172 | steps:  7015 | steps_t:  1968 | t: 20.366506 | r:  -509.000000 | e:   0.803200 | Q: -99.710419 | won: False 
#  173 | steps:  7026 | steps_t:  1978 | t: 20.443301 | r:  -510.000000 | e:   0.802200 | Q: -122.739334 | won: False 
#  174 | steps:  7064 | steps_t:  2015 | t: 20.752473 | r:  -515.000000 | e:   0.798500 | Q: -123.008102 | won: False 
#  175 | steps:  7134 | steps_t:  2084 | t: 21.294024 | r:  -474.000000 | e:   0.791600 | Q: -87.133217 | won: False 
#  176 | steps:  7169 | steps_t:  2118 | t: 21.554328 | r:  -428.000000 | e:   0.788200 | Q: -94.380051 | won: False 
#  177 | steps:  7185 | steps_t:  2133 | t: 21.668024 | r:  -515.000000 | e:   0.786700 | Q: -125.302162 | won: False 
#  178 | steps:  7241 | steps_t:  2188 | t: 22.138767 | r:  -533.000000 | e:   0.781200 | Q: -117.904343 | won: False 
#  179 | steps:  7254 | steps_t:  2200 | t: 22.236503 | r:  -501.000000 | e:   0.780000 | Q: -119.032600 | won: False 
#  180 | steps:  7301 | steps_t:  2246 | t: 22.579585 | r:  -473.000000 | e:   0.775400 | Q: -86.102196 | won: False 
#  181 | steps:  7312 | steps_t:  2256 | t: 22.657378 | r:  -499.000000 | e:   0.774400 | Q: -127.090996 | won: False 
#  182 | steps:  7332 | steps_t:  2275 | t: 22.805979 | r:  -508.000000 | e:   0.772500 | Q: -127.404274 | won: False 
#  183 | steps:  7352 | steps_t:  2294 | t: 22.971537 | r:  -508.000000 | e:   0.770600 | Q: -127.263206 | won: False 
#  184 | steps:  7361 | steps_t:  2302 | t: 23.037360 | r:  -508.000000 | e:   0.769800 | Q: -125.276047 | won: False 
#  185 | steps:  7376 | steps_t:  2316 | t: 23.174993 | r:  -514.000000 | e:   0.768400 | Q: -123.296326 | won: False 
#  186 | steps:  7404 | steps_t:  2343 | t: 23.405376 | r:  -516.000000 | e:   0.765700 | Q: -122.424995 | won: False 
#  187 | steps:  7549 | steps_t:  2487 | t: 24.517401 | r:  -589.000000 | e:   0.751300 | Q: -82.072395 | won: False 
#  188 | steps:  7559 | steps_t:  2496 | t: 24.590204 | r:  -498.000000 | e:   0.750400 | Q: -120.600601 | won: False 
#  189 | steps:  7570 | steps_t:  2506 | t: 24.668994 | r:  -510.000000 | e:   0.749400 | Q: -125.554161 | won: False 
#  190 | steps:  7602 | steps_t:  2537 | t: 24.907357 | r:  -509.000000 | e:   0.746300 | Q: -130.917313 | won: False 
#  191 | steps:  7735 | steps_t:  2669 | t: 25.938612 | r:  -559.000000 | e:   0.733100 | Q: -88.565147 | won: False 
#  192 | steps:  7797 | steps_t:  2730 | t: 26.431279 | r:  -488.000000 | e:   0.727000 | Q: -84.267113 | won: False 
#  193 | steps:  7827 | steps_t:  2759 | t: 26.691583 | r:  -529.000000 | e:   0.724100 | Q: -132.450790 | won: False 
#  194 | steps:  7920 | steps_t:  2851 | t: 27.400686 | r:  -519.000000 | e:   0.714900 | Q: -94.223732 | won: False 
#  195 | steps:  7942 | steps_t:  2872 | t: 27.570235 | r:  -510.000000 | e:   0.712800 | Q: -132.027283 | won: False 
#  196 | steps:  7953 | steps_t:  2882 | t: 27.671960 | r:  -499.000000 | e:   0.711800 | Q: -124.449471 | won: False 
#  197 | steps:  8079 | steps_t:  3007 | t: 28.621423 | r:  -581.000000 | e:   0.699300 | Q: -80.918015 | won: False 
#  198 | steps:  8142 | steps_t:  3069 | t: 29.119088 | r:  -551.000000 | e:   0.693100 | Q: -86.360321 | won: False 
#  199 | steps:  8152 | steps_t:  3078 | t: 29.194885 | r:  -509.000000 | e:   0.692200 | Q: -123.857986 | won: False 
#  200 | steps:  8170 | steps_t:  3095 | t: 29.330531 | r:  -506.000000 | e:   0.690500 | Q: -121.758858 | won: False 
#  201 | steps:  8229 | steps_t:  3153 | t: 29.808244 | r:  -536.000000 | e:   0.684700 | Q: -83.865852 | won: False 
#  202 | steps:  8253 | steps_t:  3176 | t: 29.998735 | r:  -490.000000 | e:   0.682400 | Q: -121.523659 | won: False 
#  203 | steps:  8370 | steps_t:  3292 | t: 30.930242 | r:  -543.000000 | e:   0.670800 | Q: -86.774055 | won: False 
#  204 | steps:  8476 | steps_t:  3397 | t: 31.764012 | r:  -572.000000 | e:   0.660300 | Q: -85.606316 | won: False 
#  205 | steps:  8494 | steps_t:  3414 | t: 31.894673 | r:  -517.000000 | e:   0.658600 | Q: -159.578903 | won: False 
#  206 | steps:  8520 | steps_t:  3439 | t: 32.109087 | r:  -492.000000 | e:   0.656100 | Q: -150.355072 | won: False 
#  207 | steps:  8548 | steps_t:  3466 | t: 32.331497 | r:  -516.000000 | e:   0.653400 | Q: -128.277817 | won: False 
#  208 | steps:  8599 | steps_t:  3516 | t: 32.742393 | r:  -477.000000 | e:   0.648400 | Q: -85.404396 | won: False 
#  209 | steps:  8615 | steps_t:  3531 | t: 32.864069 | r:  -504.000000 | e:   0.646900 | Q: -118.920517 | won: False 
#  210 | steps:  8692 | steps_t:  3607 | t: 33.594115 | r:  -503.000000 | e:   0.639300 | Q: -85.913094 | won: False 
#  211 | steps:  8711 | steps_t:  3625 | t: 33.747705 | r:  -467.000000 | e:   0.637500 | Q: -96.404533 | won: False 
#  212 | steps:  8754 | steps_t:  3667 | t: 34.091783 | r:  -469.000000 | e:   0.633300 | Q: -98.734093 | won: False 
#  213 | steps:  8865 | steps_t:  3777 | t: 35.059197 | r:  -588.000000 | e:   0.622300 | Q: -115.736725 | won: False 
#  214 | steps:  8951 | steps_t:  3862 | t: 36.027606 | r:  -512.000000 | e:   0.613800 | Q: -85.230217 | won: False 
#  215 | steps:  9011 | steps_t:  3921 | t: 36.665896 | r:  -537.000000 | e:   0.607900 | Q: -79.569199 | won: False 
#  216 | steps:  9080 | steps_t:  3989 | t: 37.353057 | r:  -546.000000 | e:   0.601100 | Q: -89.346970 | won: False 
#  217 | steps:  9111 | steps_t:  4019 | t: 37.601393 | r:  -479.000000 | e:   0.598100 | Q: -75.378166 | won: False 
#  218 | steps:  9152 | steps_t:  4059 | t: 38.025258 | r:  -529.000000 | e:   0.594100 | Q: -124.600998 | won: False 
#  219 | steps:  9290 | steps_t:  4196 | t: 39.322787 | r:  -553.000000 | e:   0.580400 | Q: -121.928566 | won: False 
#  220 | steps:  9381 | steps_t:  4286 | t: 40.285212 | r:  -517.000000 | e:   0.571400 | Q: -74.272850 | won: False 
#  221 | steps:  9403 | steps_t:  4307 | t: 40.503628 | r:  -510.000000 | e:   0.569300 | Q: -126.104721 | won: False 
#  222 | steps:  9510 | steps_t:  4413 | t: 41.368313 | r:  -595.000000 | e:   0.558700 | Q: -56.881756 | won: False 
#  223 | steps:  9588 | steps_t:  4490 | t: 41.988658 | r:  -471.000000 | e:   0.551000 | Q: -71.157150 | won: False 
#  224 | steps:  9600 | steps_t:  4501 | t: 42.081416 | r:  -511.000000 | e:   0.549900 | Q: -119.234268 | won: False 
#  225 | steps:  9616 | steps_t:  4516 | t: 42.227019 | r:  -504.000000 | e:   0.548400 | Q: -127.544121 | won: False 
#  226 | steps:  9745 | steps_t:  4644 | t: 43.260252 | r:  -606.000000 | e:   0.535600 | Q: -130.294022 | won: False 
#  227 | steps:  9753 | steps_t:  4651 | t: 43.327072 | r:  -507.000000 | e:   0.534900 | Q: -136.905579 | won: False 
#  228 | steps:  9771 | steps_t:  4668 | t: 43.461713 | r:  -517.000000 | e:   0.533200 | Q: -122.813698 | won: False 
#  229 | steps:  9803 | steps_t:  4699 | t: 43.732986 | r:  -531.000000 | e:   0.530100 | Q: -123.553970 | won: False 
#  230 | steps:  9915 | steps_t:  4810 | t: 44.621610 | r:  -483.000000 | e:   0.519000 | Q: -97.531036 | won: False 
#  231 | steps:  9928 | steps_t:  4822 | t: 44.726330 | r:  -490.000000 | e:   0.517800 | Q: -130.332840 | won: False 
#  232 | steps:  9998 | steps_t:  4891 | t: 45.284834 | r:  -558.000000 | e:   0.510900 | Q: -132.504379 | won: False 
#  233 | steps: 10086 | steps_t:  4978 | t: 46.005905 | r:  -452.000000 | e:   0.502200 | Q: -130.051712 | won: False 
#  234 | steps: 10184 | steps_t:  5075 | t: 46.795792 | r:  -524.000000 | e:   0.492500 | Q: -69.110405 | won: False 
#  235 | steps: 10216 | steps_t:  5106 | t: 47.064074 | r:  -520.000000 | e:   0.489400 | Q: -109.429688 | won: False 
#  236 | steps: 10340 | steps_t:  5229 | t: 48.073374 | r:  -550.000000 | e:   0.477100 | Q: -72.127106 | won: False 
#  237 | steps: 10397 | steps_t:  5285 | t: 48.516189 | r:  -534.000000 | e:   0.471500 | Q: -82.895584 | won: False 
#  238 | steps: 10486 | steps_t:  5373 | t: 49.259202 | r:  -566.000000 | e:   0.462700 | Q: -115.310570 | won: False 
#  239 | steps: 10538 | steps_t:  5424 | t: 49.660128 | r:  -551.000000 | e:   0.457600 | Q: -84.883865 | won: False 
#  240 | steps: 10613 | steps_t:  5498 | t: 50.322357 | r:  -563.000000 | e:   0.450200 | Q: -127.233086 | won: False 
#  241 | steps: 10623 | steps_t:  5507 | t: 50.396158 | r:  -509.000000 | e:   0.449300 | Q: -114.485939 | won: False 
#  242 | steps: 10714 | steps_t:  5597 | t: 51.135182 | r:  -579.000000 | e:   0.440300 | Q: -92.501160 | won: False 
#  243 | steps: 10747 | steps_t:  5629 | t: 51.417427 | r:  -521.000000 | e:   0.437100 | Q: -86.797714 | won: False 
#  244 | steps: 10759 | steps_t:  5640 | t: 51.507194 | r:  -500.000000 | e:   0.436000 | Q: -96.187653 | won: False 
#  245 | steps: 10791 | steps_t:  5671 | t: 51.761506 | r:  -520.000000 | e:   0.432900 | Q: -92.071884 | won: False 
#  246 | steps: 10908 | steps_t:  5787 | t: 52.713957 | r:  -543.000000 | e:   0.421300 | Q: -69.230019 | won: False 
#  247 | steps: 10920 | steps_t:  5798 | t: 52.805715 | r:  -500.000000 | e:   0.420200 | Q: -101.100540 | won: False 
#  248 | steps: 10946 | steps_t:  5823 | t: 53.006176 | r:  -525.000000 | e:   0.417700 | Q: -103.515991 | won: False 
#  249 | steps: 10957 | steps_t:  5833 | t: 53.089952 | r:  -499.000000 | e:   0.416700 | Q: -103.285416 | won: False 
#  250 | steps: 11015 | steps_t:  5890 | t: 53.600585 | r:  -495.000000 | e:   0.411000 | Q: -53.771172 | won: False 
#  251 | steps: 11042 | steps_t:  5916 | t: 53.812020 | r:  -526.000000 | e:   0.408400 | Q: -104.216293 | won: False 
#  252 | steps: 11083 | steps_t:  5956 | t: 54.125181 | r:  -529.000000 | e:   0.404400 | Q: -104.031273 | won: False 
#  253 | steps: 11202 | steps_t:  6074 | t: 55.114545 | r:  -534.000000 | e:   0.392600 | Q: -86.301353 | won: False 
#  254 | steps: 11219 | steps_t:  6090 | t: 55.246183 | r:  -505.000000 | e:   0.391000 | Q: -112.092720 | won: False 
#  255 | steps: 11245 | steps_t:  6115 | t: 55.456620 | r:  -514.000000 | e:   0.388500 | Q: -122.631035 | won: False 
#  256 | steps: 11281 | steps_t:  6150 | t: 55.793720 | r:  -524.000000 | e:   0.385000 | Q: -113.787384 | won: False 
#  257 | steps: 11355 | steps_t:  6223 | t: 56.387130 | r:  -562.000000 | e:   0.377700 | Q: -101.348595 | won: False 
#  258 | steps: 11383 | steps_t:  6250 | t: 56.640451 | r:  -516.000000 | e:   0.375000 | Q: -86.326393 | won: False 
#  259 | steps: 11406 | steps_t:  6272 | t: 56.846900 | r:  -511.000000 | e:   0.372800 | Q: -86.914680 | won: False 
#  260 | steps: 11513 | steps_t:  6378 | t: 57.712583 | r:  -595.000000 | e:   0.362200 | Q: -71.507263 | won: False 
#  261 | steps: 11606 | steps_t:  6470 | t: 58.477536 | r:  -581.000000 | e:   0.353000 | Q: -70.755501 | won: False 
#  262 | steps: 11646 | steps_t:  6509 | t: 58.821616 | r:  -539.000000 | e:   0.349100 | Q: -90.310463 | won: False 
#  263 | steps: 11695 | steps_t:  6557 | t: 59.254458 | r:  -537.000000 | e:   0.344300 | Q: -93.873207 | won: False 
#  264 | steps: 11713 | steps_t:  6574 | t: 59.396079 | r:  -506.000000 | e:   0.342600 | Q: -101.388382 | won: False 
#  265 | steps: 11736 | steps_t:  6596 | t: 59.582580 | r:  -511.000000 | e:   0.340400 | Q: -97.049149 | won: False 
#  266 | steps: 11747 | steps_t:  6606 | t: 59.667359 | r:  -510.000000 | e:   0.339400 | Q: -111.259903 | won: False 
#  267 | steps: 11849 | steps_t:  6707 | t: 60.539021 | r:  -579.000000 | e:   0.329300 | Q: -58.530323 | won: False 
#  268 | steps: 11875 | steps_t:  6732 | t: 60.747471 | r:  -514.000000 | e:   0.326800 | Q: -123.560600 | won: False 
#  269 | steps: 11952 | steps_t:  6808 | t: 61.418667 | r:  -554.000000 | e:   0.319200 | Q: -71.718803 | won: False 
#  270 | steps: 11976 | steps_t:  6831 | t: 61.611153 | r:  -512.000000 | e:   0.316900 | Q: -93.784698 | won: False 
#  271 | steps: 11996 | steps_t:  6850 | t: 61.779703 | r:  -519.000000 | e:   0.315000 | Q: -85.755486 | won: False 
#  272 | steps: 12032 | steps_t:  6885 | t: 62.075909 | r:  -535.000000 | e:   0.311500 | Q: -88.323341 | won: False 
#  273 | steps: 12079 | steps_t:  6931 | t: 62.507753 | r:  -535.000000 | e:   0.306900 | Q: -92.477119 | won: False 
#  274 | steps: 12091 | steps_t:  6942 | t: 62.604496 | r:  -511.000000 | e:   0.305800 | Q: -122.326004 | won: False 
#  275 | steps: 12101 | steps_t:  6951 | t: 62.681290 | r:  -498.000000 | e:   0.304900 | Q: -121.045433 | won: False 
#  276 | steps: 12157 | steps_t:  7006 | t: 63.142060 | r:  -544.000000 | e:   0.299400 | Q: -97.647034 | won: False 
#  277 | steps: 12185 | steps_t:  7033 | t: 63.418317 | r:  -516.000000 | e:   0.296700 | Q: -98.552544 | won: False 
#  278 | steps: 12226 | steps_t:  7073 | t: 63.750429 | r:  -529.000000 | e:   0.292700 | Q: -77.444267 | won: False 
#  279 | steps: 12259 | steps_t:  7105 | t: 64.009734 | r:  -521.000000 | e:   0.289500 | Q: -73.311157 | won: False 
#  280 | steps: 12281 | steps_t:  7126 | t: 64.183273 | r:  -510.000000 | e:   0.287400 | Q: -73.748367 | won: False 
#  281 | steps: 12321 | steps_t:  7165 | t: 64.557271 | r:  -528.000000 | e:   0.283500 | Q: -80.960777 | won: False 
#  282 | steps: 12357 | steps_t:  7200 | t: 64.852479 | r:  -524.000000 | e:   0.280000 | Q: -86.975182 | won: False 
#  283 | steps: 12438 | steps_t:  7280 | t: 65.569562 | r:  -525.000000 | e:   0.272000 | Q: -67.011978 | won: False 
#  284 | steps: 12448 | steps_t:  7289 | t: 65.648351 | r:  -509.000000 | e:   0.271100 | Q: -114.574486 | won: False 
#  285 | steps: 12459 | steps_t:  7299 | t: 65.736115 | r:  -510.000000 | e:   0.270100 | Q: -130.634750 | won: False 
#  286 | steps: 12478 | steps_t:  7317 | t: 65.886713 | r:  -507.000000 | e:   0.268300 | Q: -123.877640 | won: False 
#  287 | steps: 12504 | steps_t:  7342 | t: 66.089170 | r:  -514.000000 | e:   0.265800 | Q: -107.045723 | won: False 
#  288 | steps: 12570 | steps_t:  7407 | t: 66.670616 | r:  -554.000000 | e:   0.259300 | Q: -97.309853 | won: False 
#  289 | steps: 12584 | steps_t:  7420 | t: 66.788300 | r:  -513.000000 | e:   0.258000 | Q: -98.160431 | won: False 
#  290 | steps: 12606 | steps_t:  7441 | t: 66.971809 | r:  -521.000000 | e:   0.255900 | Q: -106.140297 | won: False 
#  291 | steps: 12748 | steps_t:  7582 | t: 68.484761 | r:  -630.000000 | e:   0.241800 | Q: -90.067581 | won: False 
#  292 | steps: 12765 | steps_t:  7598 | t: 68.656302 | r:  -516.000000 | e:   0.240200 | Q: -79.991898 | won: False 
#  293 | steps: 12863 | steps_t:  7695 | t: 69.555898 | r:  -575.000000 | e:   0.230500 | Q: -76.305931 | won: False 
#  294 | steps: 12872 | steps_t:  7703 | t: 69.629698 | r:  -508.000000 | e:   0.229700 | Q: -93.198715 | won: False 
#  295 | steps: 13008 | steps_t:  7838 | t: 70.802559 | r:  -613.000000 | e:   0.216200 | Q: -83.563637 | won: False 
#  296 | steps: 13054 | steps_t:  7883 | t: 71.219444 | r:  -523.000000 | e:   0.211700 | Q: -83.043625 | won: False 
#  297 | steps: 13068 | steps_t:  7896 | t: 71.332146 | r:  -502.000000 | e:   0.210400 | Q: -76.390465 | won: False 
#  298 | steps: 13121 | steps_t:  7948 | t: 71.763988 | r:  -541.000000 | e:   0.205200 | Q: -85.335579 | won: False 
#  299 | steps: 13175 | steps_t:  8001 | t: 72.227746 | r:  -542.000000 | e:   0.199900 | Q: -113.521156 | won: False 
#  300 | steps: 13238 | steps_t:  8063 | t: 72.757330 | r:  -551.000000 | e:   0.193700 | Q: -98.654488 | won: False 
#  301 | steps: 13307 | steps_t:  8131 | t: 73.359718 | r:  -495.000000 | e:   0.186900 | Q: -51.045341 | won: False 
#  302 | steps: 13363 | steps_t:  8186 | t: 73.829461 | r:  -544.000000 | e:   0.181400 | Q: -90.562592 | won: False 
#  303 | steps: 13427 | steps_t:  8249 | t: 74.369018 | r:  -552.000000 | e:   0.175100 | Q: -95.514038 | won: False 
#  304 | steps: 13435 | steps_t:  8256 | t: 74.445812 | r:  -507.000000 | e:   0.174400 | Q: -121.180283 | won: False 
#  305 | steps: 13453 | steps_t:  8273 | t: 74.612372 | r:  -517.000000 | e:   0.172700 | Q: -100.150566 | won: False 
#  306 | steps: 13509 | steps_t:  8328 | t: 75.072136 | r:  -555.000000 | e:   0.167200 | Q: -97.263855 | won: False 
#  307 | steps: 13539 | steps_t:  8357 | t: 75.323463 | r:  -529.000000 | e:   0.164300 | Q: -85.302368 | won: False 
#  308 | steps: 13553 | steps_t:  8370 | t: 75.458105 | r:  -491.000000 | e:   0.163000 | Q: -91.738167 | won: False 
#  309 | steps: 13666 | steps_t:  8482 | t: 76.416539 | r:  -601.000000 | e:   0.151800 | Q: -80.212784 | won: False 
#  310 | steps: 13682 | steps_t:  8497 | t: 76.570129 | r:  -504.000000 | e:   0.150300 | Q: -70.873734 | won: False 
#  311 | steps: 13738 | steps_t:  8552 | t: 77.064805 | r:  -544.000000 | e:   0.144800 | Q: -85.348488 | won: False 
#  312 | steps: 13754 | steps_t:  8567 | t: 77.200442 | r:  -504.000000 | e:   0.143300 | Q: -89.445404 | won: False 
#  313 | steps: 13808 | steps_t:  8620 | t: 77.715064 | r:  -542.000000 | e:   0.138000 | Q: -96.163559 | won: False 
#  314 | steps: 13866 | steps_t:  8677 | t: 78.230686 | r:  -546.000000 | e:   0.132300 | Q: -95.998016 | won: False 
#  315 | steps: 13904 | steps_t:  8714 | t: 78.541854 | r:  -526.000000 | e:   0.128600 | Q: -96.966370 | won: False 
#  316 | steps: 13944 | steps_t:  8753 | t: 78.908871 | r:  -528.000000 | e:   0.124700 | Q: -113.907341 | won: False 
#  317 | steps: 13962 | steps_t:  8770 | t: 79.072433 | r:  -506.000000 | e:   0.123000 | Q: -89.785065 | won: False 
#  318 | steps: 14011 | steps_t:  8818 | t: 79.476353 | r:  -526.000000 | e:   0.118200 | Q: -82.184921 | won: False 
#  319 | steps: 14019 | steps_t:  8825 | t: 79.538201 | r:  -507.000000 | e:   0.117500 | Q: -114.378944 | won: False 
#  320 | steps: 14032 | steps_t:  8837 | t: 79.782533 | r:  -501.000000 | e:   0.116300 | Q: -91.972221 | won: False 
#  321 | steps: 14100 | steps_t:  8904 | t: 80.398883 | r:  -545.000000 | e:   0.109600 | Q: -79.848595 | won: False 
#  322 | steps: 14129 | steps_t:  8932 | t: 80.646223 | r:  -517.000000 | e:   0.106800 | Q: -92.722076 | won: False 
#  323 | steps: 14165 | steps_t:  8967 | t: 80.973347 | r:  -524.000000 | e:   0.103300 | Q: -87.190262 | won: False 
#  324 | steps: 14199 | steps_t:  9000 | t: 81.283516 | r:  -522.000000 | e:   0.100000 | Q: -91.131516 | won: False 
#  325 | steps: 14224 | steps_t:  9024 | t: 81.485975 | r:  -524.000000 | e:   0.100000 | Q: -79.106270 | won: False 
#  326 | steps: 14258 | steps_t:  9057 | t: 81.772209 | r:  -522.000000 | e:   0.100000 | Q: -76.525787 | won: False 
#  327 | steps: 14278 | steps_t:  9076 | t: 81.946745 | r:  -508.000000 | e:   0.100000 | Q: -85.234802 | won: False 
#  328 | steps: 14350 | steps_t:  9147 | t: 82.572070 | r:  -560.000000 | e:   0.100000 | Q: -75.733467 | won: False 
#  329 | steps: 14426 | steps_t:  9222 | t: 83.232313 | r:  -564.000000 | e:   0.100000 | Q: -101.740196 | won: False 
#  330 | steps: 14467 | steps_t:  9262 | t: 83.614281 | r:  -529.000000 | e:   0.100000 | Q: -81.228241 | won: False 
#  331 | steps: 14488 | steps_t:  9282 | t: 83.786820 | r:  -520.000000 | e:   0.100000 | Q: -89.427238 | won: False 
#  332 | steps: 14508 | steps_t:  9301 | t: 83.953374 | r:  -508.000000 | e:   0.100000 | Q: -86.607674 | won: False 
#  333 | steps: 14636 | steps_t:  9428 | t: 85.053430 | r:  -572.000000 | e:   0.100000 | Q: -52.605488 | won: False 
#  334 | steps: 14661 | steps_t:  9452 | t: 85.287803 | r:  -513.000000 | e:   0.100000 | Q: -67.627762 | won: False 
#  335 | steps: 14692 | steps_t:  9482 | t: 85.547110 | r:  -519.000000 | e:   0.100000 | Q: -80.152214 | won: False 
#  336 | steps: 14731 | steps_t:  9520 | t: 85.900165 | r:  -527.000000 | e:   0.100000 | Q: -81.497055 | won: False 
#  337 | steps: 14754 | steps_t:  9542 | t: 86.089659 | r:  -522.000000 | e:   0.100000 | Q: -76.697227 | won: False 
#  338 | steps: 14768 | steps_t:  9555 | t: 86.206346 | r:  -513.000000 | e:   0.100000 | Q: -80.274391 | won: False 
#  339 | steps: 14781 | steps_t:  9567 | t: 86.329019 | r:  -512.000000 | e:   0.100000 | Q: -95.645355 | won: False 
#  340 | steps: 14995 | steps_t:  9780 | t: 88.296767 | r:  -702.000000 | e:   0.100000 | Q: -82.646484 | won: False 
#  341 | steps: 15053 | steps_t:  9837 | t: 88.803397 | r:  -546.000000 | e:   0.100000 | Q: -81.292740 | won: False 
#  342 | steps: 15100 | steps_t:  9883 | t: 89.212304 | r:  -513.000000 | e:   0.100000 | Q: -71.386742 | won: False 
#  343 | steps: 15118 | steps_t:  9900 | t: 89.357913 | r:  -495.000000 | e:   0.100000 | Q: -65.504921 | won: False 
#  344 | steps: 15161 | steps_t:  9942 | t: 89.741886 | r:  -531.000000 | e:   0.100000 | Q: -67.642250 | won: False 
#  345 | steps: 15199 | steps_t:  9979 | t: 90.084969 | r:  -526.000000 | e:   0.100000 | Q: -68.563766 | won: False 
#  346 | steps: 15231 | steps_t: 10010 | t: 90.362227 | r:  -531.000000 | e:   0.100000 | Q: -68.237473 | won: False 
#  347 | steps: 15270 | steps_t: 10048 | t: 90.703318 | r:  -538.000000 | e:   0.100000 | Q: -68.741867 | won: False 
#  348 | steps: 15310 | steps_t: 10087 | t: 91.036422 | r:  -477.000000 | e:   0.100000 | Q: -40.560993 | won: False 
#  349 | steps: 15324 | steps_t: 10100 | t: 91.164081 | r:  -502.000000 | e:   0.100000 | Q: -85.642670 | won: False 
#  350 | steps: 15356 | steps_t: 10131 | t: 91.439344 | r:  -520.000000 | e:   0.100000 | Q: -68.530983 | won: False 
#  351 | steps: 15710 | steps_t: 10484 | t: 94.600886 | r:  -747.000000 | e:   0.100000 | Q: -61.480751 | won: False 
#  352 | steps: 15906 | steps_t: 10679 | t: 96.314300 | r:  -684.000000 | e:   0.100000 | Q: -65.911911 | won: False 
#  353 | steps: 15926 | steps_t: 10698 | t: 96.476868 | r:  -519.000000 | e:   0.100000 | Q: -79.971214 | won: False 
#  354 | steps: 16049 | steps_t: 10820 | t: 97.541018 | r:  -600.000000 | e:   0.100000 | Q: -68.163651 | won: False 
#  355 | steps: 16085 | steps_t: 10855 | t: 97.872136 | r:  -524.000000 | e:   0.100000 | Q: -80.790497 | won: False 
#  356 | steps: 16131 | steps_t: 10900 | t: 98.254112 | r:  -534.000000 | e:   0.100000 | Q: -79.053558 | won: False 
#  357 | steps: 16180 | steps_t: 10948 | t: 98.691940 | r:  -537.000000 | e:   0.100000 | Q: -65.014748 | won: False 
#  358 | steps: 16198 | steps_t: 10965 | t: 98.837550 | r:  -495.000000 | e:   0.100000 | Q: -74.586754 | won: False 
#  359 | steps: 16294 | steps_t: 11060 | t: 99.679301 | r:  -584.000000 | e:   0.100000 | Q: -73.148277 | won: False 
#  360 | steps: 16334 | steps_t: 11099 | t: 100.020386 | r:  -528.000000 | e:   0.100000 | Q: -60.665249 | won: False 
#  361 | steps: 16373 | steps_t: 11137 | t: 100.412341 | r:  -527.000000 | e:   0.100000 | Q: -67.276131 | won: False 
#  362 | steps: 16416 | steps_t: 11179 | t: 100.837199 | r:  -531.000000 | e:   0.100000 | Q: -79.913605 | won: False 
#  363 | steps: 16464 | steps_t: 11226 | t: 101.447567 | r:  -536.000000 | e:   0.100000 | Q: -69.525848 | won: False 
#  364 | steps: 16500 | steps_t: 11261 | t: 101.887389 | r:  -524.000000 | e:   0.100000 | Q: -66.157089 | won: False 
#  365 | steps: 16518 | steps_t: 11278 | t: 102.051950 | r:  -506.000000 | e:   0.100000 | Q: -72.476929 | won: False 
#  366 | steps: 16576 | steps_t: 11335 | t: 102.733129 | r:  -546.000000 | e:   0.100000 | Q: -73.746208 | won: False 
#  367 | steps: 16622 | steps_t: 11380 | t: 103.241767 | r:  -534.000000 | e:   0.100000 | Q: -67.330986 | won: False 
#  368 | steps: 16632 | steps_t: 11389 | t: 103.344491 | r:  -498.000000 | e:   0.100000 | Q: -77.853119 | won: False 
#  369 | steps: 16644 | steps_t: 11400 | t: 103.516032 | r:  -489.000000 | e:   0.100000 | Q: -81.163528 | won: False 
#  370 | steps: 16848 | steps_t: 11603 | t: 105.711159 | r:  -692.000000 | e:   0.100000 | Q: -82.636833 | won: False 
#  371 | steps: 17017 | steps_t: 11771 | t: 107.223114 | r:  -657.000000 | e:   0.100000 | Q: -63.683258 | won: False 
#  372 | steps: 17036 | steps_t: 11789 | t: 107.407622 | r:  -507.000000 | e:   0.100000 | Q: -63.043560 | won: False 
#  373 | steps: 17126 | steps_t: 11878 | t: 108.314194 | r:  -523.000000 | e:   0.100000 | Q: -60.703545 | won: False 
#  374 | steps: 17202 | steps_t: 11953 | t: 109.017313 | r:  -564.000000 | e:   0.100000 | Q: -79.396339 | won: False 
#  375 | steps: 17283 | steps_t: 12033 | t: 109.747360 | r:  -569.000000 | e:   0.100000 | Q: -74.403679 | won: False 
#  376 | steps: 17309 | steps_t: 12058 | t: 109.966773 | r:  -503.000000 | e:   0.100000 | Q: -62.789059 | won: False 
#  377 | steps: 17324 | steps_t: 12072 | t: 110.105401 | r:  -492.000000 | e:   0.100000 | Q: -72.417992 | won: False 
#  378 | steps: 17342 | steps_t: 12089 | t: 110.277940 | r:  -506.000000 | e:   0.100000 | Q: -74.076622 | won: False 
#  379 | steps: 17422 | steps_t: 12168 | t: 110.965101 | r:  -568.000000 | e:   0.100000 | Q: -69.121239 | won: False 
#  380 | steps: 17460 | steps_t: 12205 | t: 111.313169 | r:  -526.000000 | e:   0.100000 | Q: -82.819687 | won: False 
#  381 | steps: 17544 | steps_t: 12288 | t: 112.022278 | r:  -572.000000 | e:   0.100000 | Q: -36.832443 | won: False 
#  382 | steps: 17592 | steps_t: 12335 | t: 112.455115 | r:  -536.000000 | e:   0.100000 | Q: -84.109993 | won: False 
#  383 | steps: 17687 | steps_t: 12429 | t: 113.254974 | r:  -521.000000 | e:   0.100000 | Q: -39.390339 | won: False 
#  384 | steps: 17700 | steps_t: 12441 | t: 113.362685 | r:  -501.000000 | e:   0.100000 | Q: -63.608330 | won: False 
#  385 | steps: 17715 | steps_t: 12455 | t: 113.521262 | r:  -503.000000 | e:   0.100000 | Q: -61.127415 | won: False 
#  386 | steps: 17735 | steps_t: 12474 | t: 113.721726 | r:  -508.000000 | e:   0.100000 | Q: -72.737694 | won: False 
#  387 | steps: 17756 | steps_t: 12494 | t: 113.899251 | r:  -509.000000 | e:   0.100000 | Q: -67.857613 | won: False 
#  388 | steps: 17798 | steps_t: 12535 | t: 114.242333 | r:  -530.000000 | e:   0.100000 | Q: -52.778286 | won: False 
#  389 | steps: 17894 | steps_t: 12630 | t: 115.110011 | r:  -584.000000 | e:   0.100000 | Q: -66.983704 | won: False 
#  390 | steps: 17952 | steps_t: 12687 | t: 115.603690 | r:  -546.000000 | e:   0.100000 | Q: -78.946777 | won: False 
#  391 | steps: 17984 | steps_t: 12718 | t: 115.927826 | r:  -520.000000 | e:   0.100000 | Q: -76.116638 | won: False 
#  392 | steps: 18044 | steps_t: 12777 | t: 116.429481 | r:  -548.000000 | e:   0.100000 | Q: -58.383495 | won: False 
#  393 | steps: 18060 | steps_t: 12792 | t: 116.564121 | r:  -504.000000 | e:   0.100000 | Q: -55.144798 | won: False 
#  394 | steps: 18128 | steps_t: 12859 | t: 117.175490 | r:  -556.000000 | e:   0.100000 | Q: -68.328011 | won: False 
#  395 | steps: 18146 | steps_t: 12876 | t: 117.322093 | r:  -506.000000 | e:   0.100000 | Q: -75.991997 | won: False 
#  396 | steps: 18176 | steps_t: 12905 | t: 117.572427 | r:  -518.000000 | e:   0.100000 | Q: -76.554802 | won: False 
#  397 | steps: 18194 | steps_t: 12922 | t: 117.719030 | r:  -506.000000 | e:   0.100000 | Q: -64.110725 | won: False 
#  398 | steps: 18224 | steps_t: 12951 | t: 118.014241 | r:  -518.000000 | e:   0.100000 | Q: -71.315239 | won: False 
#  399 | steps: 18310 | steps_t: 13036 | t: 118.731322 | r:  -574.000000 | e:   0.100000 | Q: -69.853020 | won: False 
#  400 | steps: 18452 | steps_t: 13177 | t: 119.945075 | r:  -619.000000 | e:   0.100000 | Q: -70.711166 | won: False 
#  401 | steps: 18524 | steps_t: 13248 | t: 120.609311 | r:  -560.000000 | e:   0.100000 | Q: -66.911514 | won: False 
#  402 | steps: 18819 | steps_t: 13542 | t: 123.185405 | r:  -699.000000 | e:   0.100000 | Q: -26.003176 | won: False 
#  403 | steps: 18882 | steps_t: 13604 | t: 123.753884 | r:  -551.000000 | e:   0.100000 | Q: -55.215755 | won: False 
#  404 | steps: 18947 | steps_t: 13668 | t: 124.285462 | r:  -553.000000 | e:   0.100000 | Q: -59.020393 | won: False 
#  405 | steps: 19116 | steps_t: 13836 | t: 125.798417 | r:  -540.000000 | e:   0.100000 | Q: -26.779047 | won: False 
#  406 | steps: 19193 | steps_t: 13912 | t: 126.426733 | r:  -503.000000 | e:   0.100000 | Q: -66.349312 | won: False 
#  407 | steps: 19338 | steps_t: 14056 | t: 127.659435 | r:  -633.000000 | e:   0.100000 | Q: -71.618370 | won: False 
#  408 | steps: 19590 | steps_t: 14307 | t: 129.875505 | r:  -678.000000 | e:   0.100000 | Q: -30.047411 | won: False 
#  409 | steps: 19624 | steps_t: 14340 | t: 130.226565 | r:  -500.000000 | e:   0.100000 | Q: -75.468491 | won: False 
#  410 | steps: 19752 | steps_t: 14467 | t: 131.326621 | r:  -561.000000 | e:   0.100000 | Q: -64.689713 | won: False 
#  411 | steps: 19923 | steps_t: 14637 | t: 132.782727 | r:  -659.000000 | e:   0.100000 | Q: -54.234943 | won: False 
#  412 | steps: 20070 | steps_t: 14783 | t: 134.044350 | r:  -569.000000 | e:   0.100000 | Q: -27.860624 | won: False 
#  413 | steps: 20151 | steps_t: 14863 | t: 134.766419 | r:  -485.000000 | e:   0.100000 | Q: -31.735909 | won: False 
#  414 | steps: 20173 | steps_t: 14884 | t: 134.950924 | r:  -510.000000 | e:   0.100000 | Q: -71.246468 | won: False 
#  415 | steps: 20270 | steps_t: 14980 | t: 135.808630 | r:  -512.000000 | e:   0.100000 | Q: -37.778126 | won: False 
#  416 | steps: 20329 | steps_t: 15038 | t: 136.293336 | r:   119.000000 | e:   0.100000 | Q: -21.181786 | won: True 
#  417 | steps: 20563 | steps_t: 15271 | t: 138.318913 | r:  -627.000000 | e:   0.100000 | Q: -63.083897 | won: False 
#  418 | steps: 20599 | steps_t: 15306 | t: 138.623101 | r:  -513.000000 | e:   0.100000 | Q: -61.099201 | won: False 
#  419 | steps: 20776 | steps_t: 15482 | t: 140.320562 | r:  -592.000000 | e:   0.100000 | Q: -63.301311 | won: False 
#  420 | steps: 20875 | steps_t: 15580 | t: 141.167292 | r:  -543.000000 | e:   0.100000 | Q: -55.884029 | won: False 
#  421 | steps: 21127 | steps_t: 15831 | t: 143.343469 | r:  -674.000000 | e:   0.100000 | Q: -25.099098 | won: False 
#  422 | steps: 21196 | steps_t: 15899 | t: 143.946856 | r:  -495.000000 | e:   0.100000 | Q: -58.866570 | won: False 
#  423 | steps: 21236 | steps_t: 15938 | t: 144.303903 | r:  -506.000000 | e:   0.100000 | Q: -58.038326 | won: False 
#  424 | steps: 21358 | steps_t: 16059 | t: 145.388000 | r:  -504.000000 | e:   0.100000 | Q: -24.508366 | won: False 
#  425 | steps: 21447 | steps_t: 16147 | t: 146.142980 | r:  -555.000000 | e:   0.100000 | Q: -55.550076 | won: False 
#  426 | steps: 21671 | steps_t: 16370 | t: 148.087777 | r:  -617.000000 | e:   0.100000 | Q: -12.021580 | won: False 
#  427 | steps: 21758 | steps_t: 16456 | t: 148.825802 | r:  -513.000000 | e:   0.100000 | Q: -10.349866 | won: False 
#  428 | steps: 21946 | steps_t: 16643 | t: 150.465414 | r:  -632.000000 | e:   0.100000 | Q: -11.923810 | won: False 
#  429 | steps: 22026 | steps_t: 16722 | t: 151.143600 | r:  -568.000000 | e:   0.100000 | Q: -50.134247 | won: False 
#  430 | steps: 22259 | steps_t: 16954 | t: 153.267915 | r:  -615.000000 | e:   0.100000 | Q: -22.887527 | won: False 
#  431 | steps: 22274 | steps_t: 16968 | t: 153.387596 | r:  -503.000000 | e:   0.100000 | Q: -38.106407 | won: False 
#  432 | steps: 22331 | steps_t: 17024 | t: 153.883270 | r:  -545.000000 | e:   0.100000 | Q: -38.139473 | won: False 
#  433 | steps: 22368 | steps_t: 17060 | t: 154.221365 | r:  -525.000000 | e:   0.100000 | Q: -44.589882 | won: False 
#  434 | steps: 22460 | steps_t: 17151 | t: 155.018233 | r:  -485.000000 | e:   0.100000 | Q: -17.149137 | won: False 
#  435 | steps: 22505 | steps_t: 17195 | t: 155.437117 | r:  -438.000000 | e:   0.100000 | Q: -34.717129 | won: False 
#  436 | steps: 22578 | steps_t: 17267 | t: 156.100338 | r:  -528.000000 | e:   0.100000 | Q: -17.175097 | won: False 
#  437 | steps: 22638 | steps_t: 17326 | t: 156.624934 | r:  -504.000000 | e:   0.100000 | Q: -44.576675 | won: False 
#  438 | steps: 22681 | steps_t: 17368 | t: 157.009903 | r:  -531.000000 | e:   0.100000 | Q: -48.701149 | won: False 
#  439 | steps: 22739 | steps_t: 17425 | t: 157.510565 | r:   120.000000 | e:   0.100000 | Q: -41.704426 | won: True 
#  440 | steps: 22766 | steps_t: 17451 | t: 157.735970 | r:   151.000000 | e:   0.100000 | Q: -46.930485 | won: True 
#  441 | steps: 22843 | steps_t: 17527 | t: 158.421128 | r:  -565.000000 | e:   0.100000 | Q: -52.425388 | won: False 
#  442 | steps: 22988 | steps_t: 17671 | t: 159.663803 | r:  -578.000000 | e:   0.100000 | Q: -15.243552 | won: False 
#  443 | steps: 23031 | steps_t: 17713 | t: 160.023840 | r:  -509.000000 | e:   0.100000 | Q: -46.298271 | won: False 
#  444 | steps: 23112 | steps_t: 17793 | t: 160.753887 | r:  -507.000000 | e:   0.100000 | Q: -41.149605 | won: False 
#  445 | steps: 23393 | steps_t: 18073 | t: 163.159450 | r:  -663.000000 | e:   0.100000 | Q: -46.221107 | won: False 
#  446 | steps: 23454 | steps_t: 18133 | t: 163.689033 | r:  -425.000000 | e:   0.100000 | Q: -19.443066 | won: False 
#  447 | steps: 23505 | steps_t: 18183 | t: 164.124876 | r:  -433.000000 | e:   0.100000 | Q: -11.068239 | won: False 
#  448 | steps: 23590 | steps_t: 18267 | t: 164.855911 | r:  -529.000000 | e:   0.100000 | Q: -14.919306 | won: False 
#  449 | steps: 23750 | steps_t: 18426 | t: 166.319994 | r:  -564.000000 | e:   0.100000 | Q: -27.278994 | won: False 
#  450 | steps: 23918 | steps_t: 18593 | t: 168.325628 | r:  -550.000000 | e:   0.100000 | Q:  -9.250387 | won: False 
#  451 | steps: 24006 | steps_t: 18680 | t: 169.191311 | r:  -514.000000 | e:   0.100000 | Q:  -8.198113 | won: False 
#  452 | steps: 24042 | steps_t: 18715 | t: 169.604207 | r:  -524.000000 | e:   0.100000 | Q: -48.363071 | won: False 
#  453 | steps: 24100 | steps_t: 18772 | t: 170.339243 | r:  -451.000000 | e:   0.100000 | Q: -27.655571 | won: False 
#  454 | steps: 24182 | steps_t: 18853 | t: 171.188966 | r:  -537.000000 | e:   0.100000 | Q: -43.400196 | won: False 
#  455 | steps: 24210 | steps_t: 18880 | t: 171.505121 | r:  -494.000000 | e:   0.100000 | Q: -41.018242 | won: False 
#  456 | steps: 24223 | steps_t: 18892 | t: 171.628790 | r:  -501.000000 | e:   0.100000 | Q: -41.056114 | won: False 
#  457 | steps: 24249 | steps_t: 18917 | t: 171.850197 | r:  -452.000000 | e:   0.100000 | Q: -28.716427 | won: False 
#  458 | steps: 24282 | steps_t: 18949 | t: 172.122470 | r:  -499.000000 | e:   0.100000 | Q: -48.748135 | won: False 
#  459 | steps: 24293 | steps_t: 18959 | t: 172.209239 | r:  -499.000000 | e:   0.100000 | Q: -45.016510 | won: False 
#  460 | steps: 24301 | steps_t: 18966 | t: 172.277075 | r:  -507.000000 | e:   0.100000 | Q: -47.233715 | won: False 
#  461 | steps: 24322 | steps_t: 18986 | t: 172.523396 | r:  -509.000000 | e:   0.100000 | Q: -42.649441 | won: False 
#  462 | steps: 24464 | steps_t: 19127 | t: 174.044327 | r:  -619.000000 | e:   0.100000 | Q: -38.390572 | won: False 
#  463 | steps: 24591 | steps_t: 19253 | t: 175.306948 | r:  -549.000000 | e:   0.100000 | Q:  -8.765242 | won: False 
#  464 | steps: 24635 | steps_t: 19296 | t: 175.680948 | r:  -532.000000 | e:   0.100000 | Q: -53.535217 | won: False 
#  465 | steps: 24912 | steps_t: 19572 | t: 178.209183 | r:  -710.000000 | e:   0.100000 | Q: -12.402549 | won: False 
#  466 | steps: 25084 | steps_t: 19743 | t: 179.688226 | r:     6.000000 | e:   0.100000 | Q: -43.009121 | won: True 
#  467 | steps: 25102 | steps_t: 19760 | t: 179.839821 | r:  -506.000000 | e:   0.100000 | Q: -43.124008 | won: False 
#  468 | steps: 25169 | steps_t: 19826 | t: 180.482104 | r:  -544.000000 | e:   0.100000 | Q: -42.538734 | won: False 
#  469 | steps: 25181 | steps_t: 19837 | t: 180.582835 | r:  -500.000000 | e:   0.100000 | Q: -47.353893 | won: False 
#  470 | steps: 25334 | steps_t: 19989 | t: 181.924243 | r:  -575.000000 | e:   0.100000 | Q:  -9.360509 | won: False 
#  471 | steps: 25453 | steps_t: 20107 | t: 182.992385 | r:  -574.000000 | e:   0.100000 | Q:  -5.861326 | won: False 
#  472 | steps: 25594 | steps_t: 20247 | t: 184.247032 | r:  -585.000000 | e:   0.100000 | Q: -37.309704 | won: False 
#  473 | steps: 25714 | steps_t: 20366 | t: 185.376008 | r:    58.000000 | e:   0.100000 | Q: -15.559394 | won: True 
#  474 | steps: 25877 | steps_t: 20528 | t: 186.798202 | r:  -596.000000 | e:   0.100000 | Q:  -7.590373 | won: False 
#  475 | steps: 25930 | steps_t: 20580 | t: 187.323796 | r:   125.000000 | e:   0.100000 | Q: -36.968159 | won: True 
#  476 | steps: 25968 | steps_t: 20617 | t: 187.741678 | r:  -526.000000 | e:   0.100000 | Q: -33.702824 | won: False 
#  477 | steps: 26098 | steps_t: 20746 | t: 188.871656 | r:  -556.000000 | e:   0.100000 | Q:  -4.880683 | won: False 
#  478 | steps: 26258 | steps_t: 20905 | t: 190.339726 | r:  -637.000000 | e:   0.100000 | Q: -13.292837 | won: False 
#  479 | steps: 26367 | steps_t: 21013 | t: 191.278217 | r:    69.000000 | e:   0.100000 | Q:  -6.721035 | won: True 
#  480 | steps: 26464 | steps_t: 21109 | t: 192.106998 | r:    81.000000 | e:   0.100000 | Q: -31.432627 | won: True 
#  481 | steps: 26483 | steps_t: 21127 | t: 192.263580 | r:  -434.000000 | e:   0.100000 | Q:  -9.499500 | won: False 
#  482 | steps: 26518 | steps_t: 21161 | t: 192.620624 | r:  -523.000000 | e:   0.100000 | Q: -29.935856 | won: False 
#  483 | steps: 26608 | steps_t: 21250 | t: 193.358649 | r:  -523.000000 | e:   0.100000 | Q: -34.274082 | won: False 
#  484 | steps: 26739 | steps_t: 21380 | t: 194.508572 | r:  -619.000000 | e:   0.100000 | Q: -32.177181 | won: False 
#  485 | steps: 26834 | steps_t: 21474 | t: 195.338354 | r:    83.000000 | e:   0.100000 | Q: -18.813797 | won: True 
#  486 | steps: 26860 | steps_t: 21499 | t: 195.559762 | r:  -503.000000 | e:   0.100000 | Q: -33.590080 | won: False 
#  487 | steps: 26939 | steps_t: 21577 | t: 196.262878 | r:  -501.000000 | e:   0.100000 | Q:  -3.550833 | won: False 
#  488 | steps: 26952 | steps_t: 21589 | t: 196.367599 | r:  -501.000000 | e:   0.100000 | Q: -27.353706 | won: False 
#  489 | steps: 27025 | steps_t: 21661 | t: 197.001903 | r:  -550.000000 | e:   0.100000 | Q: -29.618382 | won: False 
#  490 | steps: 27164 | steps_t: 21799 | t: 198.222636 | r:  -572.000000 | e:   0.100000 | Q: -29.681807 | won: False 
#  491 | steps: 27223 | steps_t: 21857 | t: 198.710330 | r:  -536.000000 | e:   0.100000 | Q:  -3.863278 | won: False 
#  492 | steps: 27262 | steps_t: 21895 | t: 199.053413 | r:  -527.000000 | e:   0.100000 | Q: -28.084478 | won: False 
#  493 | steps: 27397 | steps_t: 22029 | t: 200.239240 | r:  -590.000000 | e:   0.100000 | Q:  -4.601772 | won: False 
#  494 | steps: 27499 | steps_t: 22130 | t: 201.274471 | r:  -528.000000 | e:   0.100000 | Q:  -7.691612 | won: False 
#  495 | steps: 27540 | steps_t: 22170 | t: 201.799067 | r:  -529.000000 | e:   0.100000 | Q: -27.802498 | won: False 
#  496 | steps: 27591 | steps_t: 22220 | t: 202.301722 | r:  -539.000000 | e:   0.100000 | Q: -31.326626 | won: False 
#  497 | steps: 27842 | steps_t: 22470 | t: 204.653430 | r:  -677.000000 | e:   0.100000 | Q:   0.855650 | won: False 
#  498 | steps: 28068 | steps_t: 22695 | t: 206.841576 | r:  -608.000000 | e:   0.100000 | Q:  -1.223412 | won: False 
#  499 | steps: 28167 | steps_t: 22793 | t: 207.798016 | r:  -492.000000 | e:   0.100000 | Q:  -1.747480 | won: False 
#  500 | steps: 28341 | steps_t: 22966 | t: 209.588226 | r:  -545.000000 | e:   0.100000 | Q:  -2.103976 | won: False 
#  501 | steps: 28515 | steps_t: 23139 | t: 211.376441 | r:  -545.000000 | e:   0.100000 | Q:  -3.201718 | won: False 
#  502 | steps: 28667 | steps_t: 23290 | t: 214.474153 | r:  -596.000000 | e:   0.100000 | Q:   1.025005 | won: False 
#  503 | steps: 28712 | steps_t: 23334 | t: 214.904999 | r:  -533.000000 | e:   0.100000 | Q: -21.674742 | won: False 
#  504 | steps: 28731 | steps_t: 23352 | t: 215.096488 | r:  -507.000000 | e:   0.100000 | Q: -20.754341 | won: False 
#  505 | steps: 28874 | steps_t: 23494 | t: 217.203860 | r:  -547.000000 | e:   0.100000 | Q:  -3.669189 | won: False 
#  506 | steps: 28969 | steps_t: 23588 | t: 219.360081 | r:  -572.000000 | e:   0.100000 | Q:  -7.282606 | won: False 
#  507 | steps: 29049 | steps_t: 23667 | t: 220.528962 | r:  -484.000000 | e:   0.100000 | Q:  -9.318309 | won: False 
