#    1 | steps:    91 | steps_t:     0 | t: 0.162564 | r:  -473.000000 | e:   1.000000 | Q:        nan | won: False 
#    2 | steps:   102 | steps_t:     0 | t: 0.181514 | r:  -499.000000 | e:   1.000000 | Q:        nan | won: False 
#    3 | steps:   108 | steps_t:     0 | t: 0.193481 | r:  -505.000000 | e:   1.000000 | Q:        nan | won: False 
#    4 | steps:   146 | steps_t:     0 | t: 0.243348 | r:  -464.000000 | e:   1.000000 | Q:        nan | won: False 
#    5 | steps:   195 | steps_t:     0 | t: 0.316154 | r:  -464.000000 | e:   1.000000 | Q:        nan | won: False 
#    6 | steps:   204 | steps_t:     0 | t: 0.338094 | r:  -508.000000 | e:   1.000000 | Q:        nan | won: False 
#    7 | steps:   218 | steps_t:     0 | t: 0.365022 | r:  -502.000000 | e:   1.000000 | Q:        nan | won: False 
#    8 | steps:   284 | steps_t:     0 | t: 0.459769 | r:  -470.000000 | e:   1.000000 | Q:        nan | won: False 
#    9 | steps:   306 | steps_t:     0 | t: 0.497675 | r:  -521.000000 | e:   1.000000 | Q:        nan | won: False 
#   10 | steps:   316 | steps_t:     0 | t: 0.518613 | r:  -509.000000 | e:   1.000000 | Q:        nan | won: False 
#   11 | steps:   402 | steps_t:     0 | t: 0.653252 | r:  -541.000000 | e:   1.000000 | Q:        nan | won: False 
#   12 | steps:   434 | steps_t:     0 | t: 0.704132 | r:  -447.000000 | e:   1.000000 | Q:        nan | won: False 
#   13 | steps:   439 | steps_t:     0 | t: 0.719075 | r:  -504.000000 | e:   1.000000 | Q:        nan | won: False 
#   14 | steps:   451 | steps_t:     0 | t: 0.745006 | r:  -511.000000 | e:   1.000000 | Q:        nan | won: False 
#   15 | steps:   512 | steps_t:     0 | t: 0.814820 | r:  -549.000000 | e:   1.000000 | Q:        nan | won: False 
#   16 | steps:   558 | steps_t:     0 | t: 0.870669 | r:  -450.000000 | e:   1.000000 | Q:        nan | won: False 
#   17 | steps:   650 | steps_t:     0 | t: 0.978382 | r:  -474.000000 | e:   1.000000 | Q:        nan | won: False 
#   18 | steps:   669 | steps_t:     0 | t: 1.006306 | r:  -507.000000 | e:   1.000000 | Q:        nan | won: False 
#   19 | steps:   725 | steps_t:     0 | t: 1.072131 | r:  -533.000000 | e:   1.000000 | Q:        nan | won: False 
#   20 | steps:   749 | steps_t:     0 | t: 1.110030 | r:  -439.000000 | e:   1.000000 | Q:        nan | won: False 
#   21 | steps:   777 | steps_t:     0 | t: 1.160893 | r:  -505.000000 | e:   1.000000 | Q:        nan | won: False 
#   22 | steps:   785 | steps_t:     0 | t: 1.178847 | r:  -507.000000 | e:   1.000000 | Q:        nan | won: False 
#   23 | steps:   818 | steps_t:     0 | t: 1.224725 | r:  -459.000000 | e:   1.000000 | Q:        nan | won: False 
#   24 | steps:   889 | steps_t:     0 | t: 1.317474 | r:  -464.000000 | e:   1.000000 | Q:        nan | won: False 
#   25 | steps:   923 | steps_t:     0 | t: 1.358364 | r:  -460.000000 | e:   1.000000 | Q:        nan | won: False 
#   26 | steps:   950 | steps_t:     0 | t: 1.409230 | r:  -453.000000 | e:   1.000000 | Q:        nan | won: False 
#   27 | steps:   972 | steps_t:     0 | t: 1.453112 | r:  -499.000000 | e:   1.000000 | Q:        nan | won: False 
#   28 | steps:  1008 | steps_t:     0 | t: 1.511961 | r:  -462.000000 | e:   1.000000 | Q:        nan | won: False 
#   29 | steps:  1086 | steps_t:     0 | t: 1.605706 | r:  -482.000000 | e:   1.000000 | Q:        nan | won: False 
#   30 | steps:  1128 | steps_t:     0 | t: 1.660556 | r:  -530.000000 | e:   1.000000 | Q:        nan | won: False 
#   31 | steps:  1153 | steps_t:     0 | t: 1.696463 | r:  -502.000000 | e:   1.000000 | Q:        nan | won: False 
#   32 | steps:  1178 | steps_t:     0 | t: 1.729372 | r:  -513.000000 | e:   1.000000 | Q:        nan | won: False 
#   33 | steps:  1250 | steps_t:     0 | t: 1.822124 | r:  -454.000000 | e:   1.000000 | Q:        nan | won: False 
#   34 | steps:  1283 | steps_t:     0 | t: 1.867004 | r:  -437.000000 | e:   1.000000 | Q:        nan | won: False 
#   35 | steps:  1308 | steps_t:     0 | t: 1.914876 | r:  -473.000000 | e:   1.000000 | Q:        nan | won: False 
#   36 | steps:  1318 | steps_t:     0 | t: 1.933825 | r:  -498.000000 | e:   1.000000 | Q:        nan | won: False 
#   37 | steps:  1333 | steps_t:     0 | t: 1.960761 | r:  -503.000000 | e:   1.000000 | Q:        nan | won: False 
#   38 | steps:  1385 | steps_t:     0 | t: 2.028586 | r:  -467.000000 | e:   1.000000 | Q:        nan | won: False 
#   39 | steps:  1414 | steps_t:     0 | t: 2.068465 | r:  -455.000000 | e:   1.000000 | Q:        nan | won: False 
#   40 | steps:  1434 | steps_t:     0 | t: 2.097388 | r:  -457.000000 | e:   1.000000 | Q:        nan | won: False 
#   41 | steps:  1485 | steps_t:     0 | t: 2.150246 | r:  -495.000000 | e:   1.000000 | Q:        nan | won: False 
#   42 | steps:  1557 | steps_t:     0 | t: 2.241004 | r:  -538.000000 | e:   1.000000 | Q:        nan | won: False 
#   43 | steps:  1576 | steps_t:     0 | t: 2.274913 | r:  -507.000000 | e:   1.000000 | Q:        nan | won: False 
#   44 | steps:  1664 | steps_t:     0 | t: 2.375642 | r:  -543.000000 | e:   1.000000 | Q:        nan | won: False 
#   45 | steps:  1736 | steps_t:     0 | t: 2.477371 | r:  -538.000000 | e:   1.000000 | Q:        nan | won: False 
#   46 | steps:  1786 | steps_t:     0 | t: 2.562144 | r:  -494.000000 | e:   1.000000 | Q:        nan | won: False 
#   47 | steps:  1819 | steps_t:     0 | t: 2.616997 | r:  -488.000000 | e:   1.000000 | Q:        nan | won: False 
#   48 | steps:  1859 | steps_t:     0 | t: 2.665867 | r:  -444.000000 | e:   1.000000 | Q:        nan | won: False 
#   49 | steps:  1919 | steps_t:     0 | t: 2.733685 | r:  -537.000000 | e:   1.000000 | Q:        nan | won: False 
#   50 | steps:  1927 | steps_t:     0 | t: 2.750639 | r:  -496.000000 | e:   1.000000 | Q:        nan | won: False 
#   51 | steps:  1939 | steps_t:     0 | t: 2.770586 | r:  -500.000000 | e:   1.000000 | Q:        nan | won: False 
#   52 | steps:  1990 | steps_t:     0 | t: 2.846384 | r:  -528.000000 | e:   1.000000 | Q:        nan | won: False 
#   53 | steps:  2069 | steps_t:     0 | t: 2.938142 | r:  -505.000000 | e:   1.000000 | Q:        nan | won: False 
#   54 | steps:  2085 | steps_t:     0 | t: 2.968057 | r:  -504.000000 | e:   1.000000 | Q:        nan | won: False 
#   55 | steps:  2170 | steps_t:     0 | t: 3.093721 | r:  -489.000000 | e:   1.000000 | Q:        nan | won: False 
#   56 | steps:  2268 | steps_t:     0 | t: 3.212405 | r:  -531.000000 | e:   1.000000 | Q:        nan | won: False 
#   57 | steps:  2400 | steps_t:     0 | t: 3.387934 | r:  -536.000000 | e:   1.000000 | Q:        nan | won: False 
#   58 | steps:  2458 | steps_t:     0 | t: 3.463731 | r:  -546.000000 | e:   1.000000 | Q:        nan | won: False 
#   59 | steps:  2526 | steps_t:     0 | t: 3.544516 | r:  -534.000000 | e:   1.000000 | Q:        nan | won: False 
#   60 | steps:  2544 | steps_t:     0 | t: 3.570446 | r:  -506.000000 | e:   1.000000 | Q:        nan | won: False 
#   61 | steps:  2574 | steps_t:     0 | t: 3.608346 | r:  -434.000000 | e:   1.000000 | Q:        nan | won: False 
#   62 | steps:  2611 | steps_t:     0 | t: 3.666190 | r:  -441.000000 | e:   1.000000 | Q:        nan | won: False 
#   63 | steps:  2651 | steps_t:     0 | t: 3.749970 | r:  -455.000000 | e:   1.000000 | Q:        nan | won: False 
#   64 | steps:  2784 | steps_t:     0 | t: 4.020242 | r:    45.000000 | e:   1.000000 | Q:        nan | won: True 
#   65 | steps:  2835 | steps_t:     0 | t: 4.081080 | r:  -466.000000 | e:   1.000000 | Q:        nan | won: False 
#   66 | steps:  2854 | steps_t:     0 | t: 4.108008 | r:  -518.000000 | e:   1.000000 | Q:        nan | won: False 
#   67 | steps:  2867 | steps_t:     0 | t: 4.129949 | r:  -439.000000 | e:   1.000000 | Q:        nan | won: False 
#   68 | steps:  2951 | steps_t:     0 | t: 4.224696 | r:  -499.000000 | e:   1.000000 | Q:        nan | won: False 
#   69 | steps:  2980 | steps_t:     0 | t: 4.269575 | r:  -433.000000 | e:   1.000000 | Q:        nan | won: False 
#   70 | steps:  2998 | steps_t:     0 | t: 4.294509 | r:  -382.000000 | e:   1.000000 | Q:        nan | won: False 
#   71 | steps:  3014 | steps_t:     0 | t: 4.321437 | r:  -453.000000 | e:   1.000000 | Q:        nan | won: False 
#   72 | steps:  3069 | steps_t:     0 | t: 4.396240 | r:  -532.000000 | e:   1.000000 | Q:        nan | won: False 
#   73 | steps:  3091 | steps_t:     0 | t: 4.435134 | r:  -437.000000 | e:   1.000000 | Q:        nan | won: False 
#   74 | steps:  3126 | steps_t:     0 | t: 4.493976 | r:  -523.000000 | e:   1.000000 | Q:        nan | won: False 
#   75 | steps:  3151 | steps_t:     0 | t: 4.526887 | r:  -440.000000 | e:   1.000000 | Q:        nan | won: False 
#   76 | steps:  3177 | steps_t:     0 | t: 4.563789 | r:  -514.000000 | e:   1.000000 | Q:        nan | won: False 
#   77 | steps:  3191 | steps_t:     0 | t: 4.584733 | r:  -502.000000 | e:   1.000000 | Q:        nan | won: False 
#   78 | steps:  3217 | steps_t:     0 | t: 4.618647 | r:  -430.000000 | e:   1.000000 | Q:        nan | won: False 
#   79 | steps:  3232 | steps_t:     0 | t: 4.642578 | r:  -492.000000 | e:   1.000000 | Q:        nan | won: False 
#   80 | steps:  3343 | steps_t:     0 | t: 4.784202 | r:  -526.000000 | e:   1.000000 | Q:        nan | won: False 
#   81 | steps:  3350 | steps_t:     0 | t: 4.802151 | r:  -506.000000 | e:   1.000000 | Q:        nan | won: False 
#   82 | steps:  3411 | steps_t:     0 | t: 4.889917 | r:  -527.000000 | e:   1.000000 | Q:        nan | won: False 
#   83 | steps:  3459 | steps_t:     0 | t: 4.947761 | r:  -485.000000 | e:   1.000000 | Q:        nan | won: False 
#   84 | steps:  3506 | steps_t:     0 | t: 5.002614 | r:  -451.000000 | e:   1.000000 | Q:        nan | won: False 
#   85 | steps:  3517 | steps_t:     0 | t: 5.021563 | r:  -499.000000 | e:   1.000000 | Q:        nan | won: False 
#   86 | steps:  3548 | steps_t:     0 | t: 5.059463 | r:  -475.000000 | e:   1.000000 | Q:        nan | won: False 
#   87 | steps:  3619 | steps_t:     0 | t: 5.158197 | r:  -486.000000 | e:   1.000000 | Q:        nan | won: False 
#   88 | steps:  3717 | steps_t:     0 | t: 5.267904 | r:  -553.000000 | e:   1.000000 | Q:        nan | won: False 
#   89 | steps:  3745 | steps_t:     0 | t: 5.304807 | r:   150.000000 | e:   1.000000 | Q:        nan | won: True 
#   90 | steps:  3850 | steps_t:     0 | t: 5.429472 | r:  -560.000000 | e:   1.000000 | Q:        nan | won: False 
#   91 | steps:  3886 | steps_t:     0 | t: 5.472357 | r:  -462.000000 | e:   1.000000 | Q:        nan | won: False 
#   92 | steps:  3900 | steps_t:     0 | t: 5.500283 | r:  -513.000000 | e:   1.000000 | Q:        nan | won: False 
#   93 | steps:  4007 | steps_t:     0 | t: 5.630933 | r:  -500.000000 | e:   1.000000 | Q:        nan | won: False 
#   94 | steps:  4018 | steps_t:     0 | t: 5.652876 | r:  -510.000000 | e:   1.000000 | Q:        nan | won: False 
#   95 | steps:  4107 | steps_t:     0 | t: 5.765574 | r:  -515.000000 | e:   1.000000 | Q:        nan | won: False 
#   96 | steps:  4132 | steps_t:     0 | t: 5.800484 | r:  -513.000000 | e:   1.000000 | Q:        nan | won: False 
#   97 | steps:  4146 | steps_t:     0 | t: 5.822421 | r:  -502.000000 | e:   1.000000 | Q:        nan | won: False 
#   98 | steps:  4157 | steps_t:     0 | t: 5.842389 | r:  -488.000000 | e:   1.000000 | Q:        nan | won: False 
#   99 | steps:  4178 | steps_t:     0 | t: 5.877274 | r:  -520.000000 | e:   1.000000 | Q:        nan | won: False 
#  100 | steps:  4189 | steps_t:     0 | t: 5.906196 | r:  -510.000000 | e:   1.000000 | Q:        nan | won: False 
#  101 | steps:  4195 | steps_t:     0 | t: 5.920162 | r:  -483.000000 | e:   1.000000 | Q:        nan | won: False 
#  102 | steps:  4221 | steps_t:     0 | t: 5.966037 | r:  -503.000000 | e:   1.000000 | Q:        nan | won: False 
#  103 | steps:  4269 | steps_t:     0 | t: 6.027874 | r:  -514.000000 | e:   1.000000 | Q:        nan | won: False 
#  104 | steps:  4324 | steps_t:     0 | t: 6.094694 | r:  -470.000000 | e:   1.000000 | Q:        nan | won: False 
#  105 | steps:  4356 | steps_t:     0 | t: 6.138576 | r:  -436.000000 | e:   1.000000 | Q:        nan | won: False 
#  106 | steps:  4381 | steps_t:     0 | t: 6.178469 | r:  -513.000000 | e:   1.000000 | Q:        nan | won: False 
#  107 | steps:  4436 | steps_t:     0 | t: 6.242297 | r:  -532.000000 | e:   1.000000 | Q:        nan | won: False 
#  108 | steps:  4471 | steps_t:     0 | t: 6.285182 | r:  -472.000000 | e:   1.000000 | Q:        nan | won: False 
#  109 | steps:  4531 | steps_t:     0 | t: 6.360980 | r:  -486.000000 | e:   1.000000 | Q:        nan | won: False 
#  110 | steps:  4617 | steps_t:     0 | t: 6.461711 | r:    92.000000 | e:   1.000000 | Q:        nan | won: True 
#  111 | steps:  4656 | steps_t:     0 | t: 6.511576 | r:  -443.000000 | e:   1.000000 | Q:        nan | won: False 
#  112 | steps:  4668 | steps_t:     0 | t: 6.531532 | r:  -500.000000 | e:   1.000000 | Q:        nan | won: False 
#  113 | steps:  4677 | steps_t:     0 | t: 6.548481 | r:  -508.000000 | e:   1.000000 | Q:        nan | won: False 
#  114 | steps:  4747 | steps_t:     0 | t: 6.655193 | r:  -452.000000 | e:   1.000000 | Q:        nan | won: False 
#  115 | steps:  4785 | steps_t:     0 | t: 6.701069 | r:  -453.000000 | e:   1.000000 | Q:        nan | won: False 
#  116 | steps:  4834 | steps_t:     0 | t: 6.762906 | r:  -442.000000 | e:   1.000000 | Q:        nan | won: False 
#  117 | steps:  4933 | steps_t:     0 | t: 6.872612 | r:  -470.000000 | e:   1.000000 | Q:        nan | won: False 
#  118 | steps:  4966 | steps_t:     0 | t: 6.923475 | r:  -470.000000 | e:   1.000000 | Q:        nan | won: False 
#  119 | steps:  4975 | steps_t:     0 | t: 6.940429 | r:  -508.000000 | e:   1.000000 | Q:        nan | won: False 
#  120 | steps:  5009 | steps_t:     8 | t: 7.447073 | r:  -460.000000 | e:   0.999200 | Q:        nan | won: False 
#  121 | steps:  5063 | steps_t:    61 | t: 8.095343 | r:  -476.000000 | e:   0.993900 | Q:        nan | won: False 
#  122 | steps:  5156 | steps_t:   153 | t: 9.208360 | r:  -515.000000 | e:   0.984700 | Q:        nan | won: False 
#  123 | steps:  5165 | steps_t:   161 | t: 9.321061 | r:  -486.000000 | e:   0.983900 | Q:        nan | won: False 
#  124 | steps:  5182 | steps_t:   177 | t: 9.528504 | r:  -443.000000 | e:   0.982300 | Q: -13.309556 | won: False 
#  125 | steps:  5226 | steps_t:   220 | t: 10.070058 | r:  -426.000000 | e:   0.978000 | Q: -22.648640 | won: False 
#  126 | steps:  5294 | steps_t:   287 | t: 10.850966 | r:  -472.000000 | e:   0.971300 | Q: -44.280407 | won: False 
#  127 | steps:  5308 | steps_t:   300 | t: 11.026496 | r:  -502.000000 | e:   0.970000 | Q: -53.860992 | won: False 
#  128 | steps:  5398 | steps_t:   389 | t: 12.110596 | r:    88.000000 | e:   0.961100 | Q: -65.935104 | won: True 
#  129 | steps:  5419 | steps_t:   409 | t: 12.393838 | r:  -458.000000 | e:   0.959100 | Q:        nan | won: False 
#  130 | steps:  5467 | steps_t:   456 | t: 13.041107 | r:  -441.000000 | e:   0.954400 | Q: -95.098228 | won: False 
#  131 | steps:  5488 | steps_t:   476 | t: 13.346290 | r:  -509.000000 | e:   0.952400 | Q: -100.054359 | won: False 
#  132 | steps:  5507 | steps_t:   494 | t: 13.575684 | r:  -496.000000 | e:   0.950600 | Q: -94.009308 | won: False 
#  133 | steps:  5594 | steps_t:   580 | t: 14.849270 | r:  -553.000000 | e:   0.942000 | Q: -70.626411 | won: False 
#  134 | steps:  5683 | steps_t:   668 | t: 16.006175 | r:  -449.000000 | e:   0.933200 | Q: -81.572937 | won: False 
#  135 | steps:  5777 | steps_t:   761 | t: 17.110221 | r:  -560.000000 | e:   0.923900 | Q: -96.492149 | won: False 
#  136 | steps:  5791 | steps_t:   774 | t: 17.291733 | r:  -513.000000 | e:   0.922600 | Q: -117.767090 | won: False 
#  137 | steps:  5903 | steps_t:   885 | t: 18.727891 | r:  -538.000000 | e:   0.911500 | Q: -94.607124 | won: False 
#  138 | steps:  5957 | steps_t:   938 | t: 19.423030 | r:  -502.000000 | e:   0.906200 | Q: -112.936325 | won: False 
#  139 | steps:  6003 | steps_t:   983 | t: 20.090252 | r:  -450.000000 | e:   0.901700 | Q: -96.938919 | won: False 
#  140 | steps:  6075 | steps_t:  1054 | t: 21.267097 | r:  -443.000000 | e:   0.894600 | Q: -71.502113 | won: False 
#  141 | steps:  6134 | steps_t:  1112 | t: 22.230519 | r:  -485.000000 | e:   0.888800 | Q: -84.833763 | won: False 
#  142 | steps:  6143 | steps_t:  1120 | t: 22.325266 | r:  -508.000000 | e:   0.888000 | Q: -103.939156 | won: False 
#  143 | steps:  6211 | steps_t:  1187 | t: 23.363491 | r:  -523.000000 | e:   0.881300 | Q: -82.819481 | won: False 
#  144 | steps:  6246 | steps_t:  1221 | t: 23.752447 | r:  -439.000000 | e:   0.877900 | Q: -101.028595 | won: False 
#  145 | steps:  6329 | steps_t:  1303 | t: 24.784685 | r:  -509.000000 | e:   0.869700 | Q: -86.653915 | won: False 
#  146 | steps:  6385 | steps_t:  1358 | t: 25.458881 | r:  -482.000000 | e:   0.864200 | Q: -86.129692 | won: False 
#  147 | steps:  6417 | steps_t:  1389 | t: 25.812933 | r:  -458.000000 | e:   0.861100 | Q: -103.047310 | won: False 
#  148 | steps:  6450 | steps_t:  1421 | t: 26.219845 | r:  -426.000000 | e:   0.857900 | Q: -82.279877 | won: False 
#  149 | steps:  6494 | steps_t:  1464 | t: 26.793311 | r:  -437.000000 | e:   0.853600 | Q: -96.427834 | won: False 
#  150 | steps:  6511 | steps_t:  1480 | t: 26.989786 | r:  -516.000000 | e:   0.852000 | Q: -106.423599 | won: False 
#  151 | steps:  6525 | steps_t:  1493 | t: 27.155344 | r:  -502.000000 | e:   0.850700 | Q: -105.756325 | won: False 
#  152 | steps:  6613 | steps_t:  1580 | t: 28.314241 | r:  -503.000000 | e:   0.842000 | Q: -99.329231 | won: False 
#  153 | steps:  6675 | steps_t:  1641 | t: 29.163968 | r:  -528.000000 | e:   0.835900 | Q: -72.752869 | won: False 
#  154 | steps:  6691 | steps_t:  1656 | t: 29.342493 | r:  -504.000000 | e:   0.834400 | Q: -99.425339 | won: False 
#  155 | steps:  6703 | steps_t:  1667 | t: 29.475135 | r:  -500.000000 | e:   0.833300 | Q: -100.120674 | won: False 
#  156 | steps:  6775 | steps_t:  1738 | t: 30.520338 | r:  -487.000000 | e:   0.826200 | Q: -83.837006 | won: False 
#  157 | steps:  6796 | steps_t:  1758 | t: 30.792610 | r:  -498.000000 | e:   0.824200 | Q: -110.130615 | won: False 
#  158 | steps:  6864 | steps_t:  1825 | t: 31.742070 | r:  -494.000000 | e:   0.817500 | Q: -86.590614 | won: False 
#  159 | steps:  6923 | steps_t:  1883 | t: 32.620719 | r:  -547.000000 | e:   0.811700 | Q: -95.309883 | won: False 
#  160 | steps:  6958 | steps_t:  1917 | t: 33.078495 | r:  -417.000000 | e:   0.808300 | Q: -92.124573 | won: False 
#  161 | steps:  7012 | steps_t:  1970 | t: 33.799566 | r:  -531.000000 | e:   0.803000 | Q: -114.862930 | won: False 
#  162 | steps:  7029 | steps_t:  1986 | t: 34.045911 | r:  -505.000000 | e:   0.801400 | Q: -114.256279 | won: False 
#  163 | steps:  7049 | steps_t:  2005 | t: 34.514652 | r:  -497.000000 | e:   0.799500 | Q: -106.607391 | won: False 
#  164 | steps:  7128 | steps_t:  2083 | t: 35.800213 | r:  -512.000000 | e:   0.791700 | Q: -92.812439 | won: False 
#  165 | steps:  7139 | steps_t:  2093 | t: 35.967764 | r:  -510.000000 | e:   0.790700 | Q: -143.258545 | won: False 
#  166 | steps:  7219 | steps_t:  2172 | t: 37.713094 | r:  -473.000000 | e:   0.782800 | Q: -95.277672 | won: False 
#  167 | steps:  7310 | steps_t:  2262 | t: 39.244995 | r:  -506.000000 | e:   0.773800 | Q: -85.331139 | won: False 
#  168 | steps:  7342 | steps_t:  2293 | t: 39.608024 | r:  -465.000000 | e:   0.770700 | Q: -117.293030 | won: False 
#  169 | steps:  7358 | steps_t:  2308 | t: 39.799513 | r:  -504.000000 | e:   0.769200 | Q: -122.567635 | won: False 
#  170 | steps:  7473 | steps_t:  2422 | t: 41.280550 | r:  -581.000000 | e:   0.757800 | Q: -98.396835 | won: False 
#  171 | steps:  7539 | steps_t:  2487 | t: 42.009598 | r:  -554.000000 | e:   0.751300 | Q: -121.522331 | won: False 
#  172 | steps:  7555 | steps_t:  2502 | t: 42.245967 | r:  -442.000000 | e:   0.749800 | Q: -116.175186 | won: False 
#  173 | steps:  7580 | steps_t:  2526 | t: 42.581070 | r:  -502.000000 | e:   0.747400 | Q: -111.877724 | won: False 
#  174 | steps:  7600 | steps_t:  2545 | t: 42.817440 | r:  -519.000000 | e:   0.745500 | Q: -112.718758 | won: False 
#  175 | steps:  7612 | steps_t:  2556 | t: 42.962050 | r:  -511.000000 | e:   0.744400 | Q: -109.357483 | won: False 
#  176 | steps:  7621 | steps_t:  2564 | t: 43.067766 | r:  -508.000000 | e:   0.743600 | Q: -108.247314 | won: False 
#  177 | steps:  7665 | steps_t:  2607 | t: 43.647217 | r:  -470.000000 | e:   0.739300 | Q: -73.692848 | won: False 
#  178 | steps:  7734 | steps_t:  2675 | t: 44.582714 | r:  -495.000000 | e:   0.732500 | Q: -79.765495 | won: False 
#  179 | steps:  7788 | steps_t:  2728 | t: 45.254916 | r:  -480.000000 | e:   0.727200 | Q: -75.323357 | won: False 
#  180 | steps:  7803 | steps_t:  2742 | t: 45.502253 | r:  -503.000000 | e:   0.725800 | Q: -101.236618 | won: False 
#  181 | steps:  7819 | steps_t:  2757 | t: 45.711693 | r:  -482.000000 | e:   0.724300 | Q: -100.380913 | won: False 
#  182 | steps:  7914 | steps_t:  2851 | t: 47.019195 | r:  -572.000000 | e:   0.714900 | Q: -75.363655 | won: False 
#  183 | steps:  7928 | steps_t:  2864 | t: 47.192730 | r:  -502.000000 | e:   0.713600 | Q: -94.528137 | won: False 
#  184 | steps:  7934 | steps_t:  2869 | t: 47.267530 | r:  -494.000000 | e:   0.713100 | Q: -95.008911 | won: False 
#  185 | steps:  7963 | steps_t:  2897 | t: 47.653497 | r:  -517.000000 | e:   0.710300 | Q: -96.453568 | won: False 
#  186 | steps:  8065 | steps_t:  2998 | t: 48.987927 | r:  -517.000000 | e:   0.700200 | Q: -87.451050 | won: False 
#  187 | steps:  8086 | steps_t:  3018 | t: 49.238262 | r:  -498.000000 | e:   0.698200 | Q: -106.741486 | won: False 
#  188 | steps:  8124 | steps_t:  3055 | t: 49.684064 | r:  -453.000000 | e:   0.694500 | Q: -81.821602 | won: False 
#  189 | steps:  8161 | steps_t:  3091 | t: 50.199685 | r:  -430.000000 | e:   0.690900 | Q: -65.699875 | won: False 
#  190 | steps:  8196 | steps_t:  3125 | t: 50.617566 | r:  -512.000000 | e:   0.687500 | Q: -103.536980 | won: False 
#  191 | steps:  8243 | steps_t:  3171 | t: 51.234915 | r:  -535.000000 | e:   0.682900 | Q: -106.686844 | won: False 
#  192 | steps:  8280 | steps_t:  3207 | t: 51.682717 | r:  -485.000000 | e:   0.679300 | Q: -79.406609 | won: False 
#  193 | steps:  8407 | steps_t:  3333 | t: 53.639482 | r:  -553.000000 | e:   0.666700 | Q: -81.720558 | won: False 
#  194 | steps:  8469 | steps_t:  3394 | t: 54.595924 | r:  -488.000000 | e:   0.660600 | Q: -80.318443 | won: False 
#  195 | steps:  8648 | steps_t:  3572 | t: 56.965582 | r:  -623.000000 | e:   0.642800 | Q: -104.051437 | won: False 
#  196 | steps:  8667 | steps_t:  3590 | t: 57.206943 | r:  -518.000000 | e:   0.641000 | Q: -130.376144 | won: False 
#  197 | steps:  8711 | steps_t:  3633 | t: 58.165372 | r:  -543.000000 | e:   0.636700 | Q: -123.801353 | won: False 
#  198 | steps:  8747 | steps_t:  3668 | t: 59.663364 | r:  -473.000000 | e:   0.633200 | Q: -92.964912 | won: False 
#  199 | steps:  8775 | steps_t:  3695 | t: 60.367481 | r:  -505.000000 | e:   0.630500 | Q: -113.229500 | won: False 
#  200 | steps:  8858 | steps_t:  3777 | t: 63.570909 | r:  -476.000000 | e:   0.622300 | Q: -65.367767 | won: False 
#  201 | steps:  8910 | steps_t:  3828 | t: 64.370774 | r:  -489.000000 | e:   0.617200 | Q: -70.707199 | won: False 
#  202 | steps:  8998 | steps_t:  3915 | t: 65.812911 | r:  -503.000000 | e:   0.608500 | Q: -69.796898 | won: False 
#  203 | steps:  9017 | steps_t:  3933 | t: 66.273685 | r:  -485.000000 | e:   0.606700 | Q: -108.408646 | won: False 
#  204 | steps:  9100 | steps_t:  4015 | t: 67.794608 | r:  -509.000000 | e:   0.598500 | Q: -79.677887 | won: False 
#  205 | steps:  9124 | steps_t:  4038 | t: 68.068874 | r:  -501.000000 | e:   0.596200 | Q: -120.290085 | won: False 
#  206 | steps:  9139 | steps_t:  4052 | t: 68.262358 | r:  -514.000000 | e:   0.594800 | Q: -128.873581 | won: False 
#  207 | steps:  9171 | steps_t:  4083 | t: 68.697192 | r:  -480.000000 | e:   0.591700 | Q: -111.499626 | won: False 
#  208 | steps:  9209 | steps_t:  4120 | t: 69.210818 | r:  -475.000000 | e:   0.588000 | Q: -113.624794 | won: False 
#  209 | steps:  9252 | steps_t:  4162 | t: 69.747383 | r:  -480.000000 | e:   0.583800 | Q: -80.995567 | won: False 
#  210 | steps:  9340 | steps_t:  4249 | t: 72.319501 | r:  -565.000000 | e:   0.575100 | Q: -86.396187 | won: False 
#  211 | steps:  9382 | steps_t:  4290 | t: 73.020626 | r:  -457.000000 | e:   0.571000 | Q: -81.807755 | won: False 
#  212 | steps:  9428 | steps_t:  4335 | t: 73.621018 | r:  -472.000000 | e:   0.566500 | Q: -128.697708 | won: False 
#  213 | steps:  9472 | steps_t:  4378 | t: 74.236375 | r:  -481.000000 | e:   0.562200 | Q: -67.854782 | won: False 
#  214 | steps:  9511 | steps_t:  4416 | t: 74.782910 | r:  -476.000000 | e:   0.558400 | Q: -109.067177 | won: False 
#  215 | steps:  9554 | steps_t:  4458 | t: 75.309502 | r:  -542.000000 | e:   0.554200 | Q: -97.730019 | won: False 
#  216 | steps:  9567 | steps_t:  4470 | t: 75.502984 | r:  -512.000000 | e:   0.553000 | Q: -101.760231 | won: False 
#  217 | steps:  9589 | steps_t:  4491 | t: 75.816145 | r:  -521.000000 | e:   0.550900 | Q: -110.572166 | won: False 
#  218 | steps:  9597 | steps_t:  4498 | t: 75.947794 | r:  -507.000000 | e:   0.550200 | Q: -103.461288 | won: False 
#  219 | steps:  9712 | steps_t:  4612 | t: 77.542529 | r:  -603.000000 | e:   0.538800 | Q: -56.329338 | won: False 
#  220 | steps:  9782 | steps_t:  4681 | t: 78.475032 | r:  -558.000000 | e:   0.531900 | Q: -91.248268 | won: False 
#  221 | steps:  9883 | steps_t:  4781 | t: 80.241305 | r:  -538.000000 | e:   0.521900 | Q: -59.131065 | won: False 
#  222 | steps:  9932 | steps_t:  4829 | t: 80.930465 | r:  -537.000000 | e:   0.517100 | Q: -61.704418 | won: False 
#  223 | steps: 10054 | steps_t:  4950 | t: 82.528186 | r:  -504.000000 | e:   0.505000 | Q: -60.835281 | won: False 
#  224 | steps: 10098 | steps_t:  4993 | t: 83.064753 | r:  -448.000000 | e:   0.500700 | Q: -60.143417 | won: False 
#  225 | steps: 10118 | steps_t:  5012 | t: 83.362957 | r:  -519.000000 | e:   0.498800 | Q: -97.965591 | won: False 
#  226 | steps: 10157 | steps_t:  5050 | t: 83.835689 | r:  -527.000000 | e:   0.495000 | Q: -100.172356 | won: False 
#  227 | steps: 10229 | steps_t:  5121 | t: 84.812076 | r:  -549.000000 | e:   0.487900 | Q: -87.126648 | won: False 
#  228 | steps: 10336 | steps_t:  5227 | t: 86.322038 | r:  -595.000000 | e:   0.477300 | Q: -81.283249 | won: False 
#  229 | steps: 10400 | steps_t:  5290 | t: 87.190711 | r:  -563.000000 | e:   0.471000 | Q: -71.445435 | won: False 
#  230 | steps: 10414 | steps_t:  5303 | t: 87.358266 | r:  -513.000000 | e:   0.469700 | Q: -66.006279 | won: False 
#  231 | steps: 10425 | steps_t:  5313 | t: 87.551745 | r:  -510.000000 | e:   0.468700 | Q: -70.580856 | won: False 
#  232 | steps: 10433 | steps_t:  5320 | t: 87.723291 | r:  -507.000000 | e:   0.468000 | Q: -63.779346 | won: False 
#  233 | steps: 10464 | steps_t:  5350 | t: 88.144163 | r:  -457.000000 | e:   0.465000 | Q: -62.787743 | won: False 
#  234 | steps: 10624 | steps_t:  5509 | t: 90.372200 | r:  -597.000000 | e:   0.449100 | Q: -61.384109 | won: False 
#  235 | steps: 10727 | steps_t:  5611 | t: 92.281091 | r:  -540.000000 | e:   0.438900 | Q: -56.755409 | won: False 
#  236 | steps: 10735 | steps_t:  5618 | t: 92.495519 | r:  -507.000000 | e:   0.438200 | Q: -103.088516 | won: False 
#  237 | steps: 10745 | steps_t:  5627 | t: 92.653097 | r:  -509.000000 | e:   0.437300 | Q: -64.853355 | won: False 
#  238 | steps: 10771 | steps_t:  5652 | t: 93.347240 | r:  -525.000000 | e:   0.434800 | Q: -60.541870 | won: False 
#  239 | steps: 10871 | steps_t:  5751 | t: 96.596546 | r:  -577.000000 | e:   0.424900 | Q: -74.683853 | won: False 
#  240 | steps: 10919 | steps_t:  5798 | t: 97.275728 | r:  -547.000000 | e:   0.420200 | Q: -98.977882 | won: False 
#  241 | steps: 10928 | steps_t:  5806 | t: 97.396405 | r:  -508.000000 | e:   0.419400 | Q: -107.259598 | won: False 
#  242 | steps: 11005 | steps_t:  5882 | t: 98.501448 | r:  -525.000000 | e:   0.411800 | Q: -98.705322 | won: False 
#  243 | steps: 11042 | steps_t:  5918 | t: 98.957231 | r:  -536.000000 | e:   0.408200 | Q: -87.999718 | won: False 
#  244 | steps: 11134 | steps_t:  6009 | t: 100.679620 | r:  -569.000000 | e:   0.399100 | Q: -57.698143 | won: False 
#  245 | steps: 11168 | steps_t:  6042 | t: 101.338857 | r:  -500.000000 | e:   0.395800 | Q: -89.013054 | won: False 
#  246 | steps: 11299 | steps_t:  6172 | t: 103.802266 | r:  -608.000000 | e:   0.382800 | Q: -50.520523 | won: False 
#  247 | steps: 11342 | steps_t:  6214 | t: 104.406649 | r:  -542.000000 | e:   0.378600 | Q: -79.069794 | won: False 
#  248 | steps: 11354 | steps_t:  6225 | t: 104.609108 | r:  -511.000000 | e:   0.377500 | Q: -83.437904 | won: False 
#  249 | steps: 11380 | steps_t:  6250 | t: 105.077858 | r:  -525.000000 | e:   0.375000 | Q: -76.861191 | won: False 
#  250 | steps: 11417 | steps_t:  6286 | t: 105.527649 | r:  -525.000000 | e:   0.371400 | Q: -81.237640 | won: False 
#  251 | steps: 11453 | steps_t:  6321 | t: 106.095131 | r:  -524.000000 | e:   0.367900 | Q: -80.368507 | won: False 
#  252 | steps: 11495 | steps_t:  6362 | t: 106.667600 | r:  -530.000000 | e:   0.363800 | Q: -107.069031 | won: False 
#  253 | steps: 11505 | steps_t:  6371 | t: 106.832160 | r:  -509.000000 | e:   0.362900 | Q: -108.934677 | won: False 
#  254 | steps: 11521 | steps_t:  6386 | t: 107.108421 | r:  -515.000000 | e:   0.361400 | Q: -85.786926 | won: False 
#  255 | steps: 11545 | steps_t:  6409 | t: 107.436547 | r:  -512.000000 | e:   0.359100 | Q: -88.525482 | won: False 
#  256 | steps: 11568 | steps_t:  6431 | t: 107.804558 | r:  -511.000000 | e:   0.356900 | Q: -80.582207 | won: False 
#  257 | steps: 11600 | steps_t:  6462 | t: 108.295250 | r:  -520.000000 | e:   0.353800 | Q: -86.936111 | won: False 
#  258 | steps: 11652 | steps_t:  6513 | t: 109.011328 | r:  -540.000000 | e:   0.348700 | Q: -85.539200 | won: False 
#  259 | steps: 11678 | steps_t:  6538 | t: 109.407269 | r:  -525.000000 | e:   0.346200 | Q: -75.339104 | won: False 
#  260 | steps: 11734 | steps_t:  6593 | t: 110.179204 | r:  -544.000000 | e:   0.340700 | Q: -68.558739 | won: False 
#  261 | steps: 11776 | steps_t:  6634 | t: 110.789571 | r:  -541.000000 | e:   0.336600 | Q: -76.186882 | won: False 
#  262 | steps: 11846 | steps_t:  6703 | t: 111.799868 | r:  -558.000000 | e:   0.329700 | Q: -89.786514 | won: False 
#  263 | steps: 11919 | steps_t:  6775 | t: 112.888954 | r:  -510.000000 | e:   0.322500 | Q: -58.114002 | won: False 
#  264 | steps: 11998 | steps_t:  6853 | t: 114.014942 | r:  -567.000000 | e:   0.314700 | Q: -63.291279 | won: False 
#  265 | steps: 12030 | steps_t:  6884 | t: 114.399911 | r:  -520.000000 | e:   0.311600 | Q: -90.875740 | won: False 
#  266 | steps: 12041 | steps_t:  6894 | t: 114.565470 | r:  -510.000000 | e:   0.310600 | Q: -114.248596 | won: False 
#  267 | steps: 12105 | steps_t:  6957 | t: 115.426167 | r:  -552.000000 | e:   0.304300 | Q: -81.044846 | won: False 
#  268 | steps: 12166 | steps_t:  7017 | t: 116.331742 | r:  -549.000000 | e:   0.298300 | Q: -75.424805 | won: False 
#  269 | steps: 12276 | steps_t:  7126 | t: 118.021222 | r:  -598.000000 | e:   0.287400 | Q: -64.837730 | won: False 
#  270 | steps: 12294 | steps_t:  7143 | t: 118.340368 | r:  -517.000000 | e:   0.285700 | Q: -86.443779 | won: False 
#  271 | steps: 12317 | steps_t:  7165 | t: 118.667493 | r:  -522.000000 | e:   0.283500 | Q: -77.456917 | won: False 
#  272 | steps: 12353 | steps_t:  7200 | t: 119.244950 | r:  -513.000000 | e:   0.280000 | Q: -81.485367 | won: False 
#  273 | steps: 12366 | steps_t:  7212 | t: 119.550131 | r:  -512.000000 | e:   0.278800 | Q: -95.258636 | won: False 
#  274 | steps: 12436 | steps_t:  7281 | t: 120.708035 | r:  -569.000000 | e:   0.271900 | Q: -78.710426 | won: False 
#  275 | steps: 12512 | steps_t:  7356 | t: 121.828036 | r:  -564.000000 | e:   0.264400 | Q: -80.968300 | won: False 
#  276 | steps: 12574 | steps_t:  7417 | t: 122.842323 | r:  -550.000000 | e:   0.258300 | Q: -75.635445 | won: False 
#  277 | steps: 12721 | steps_t:  7563 | t: 125.086319 | r:  -635.000000 | e:   0.243700 | Q: -64.470505 | won: False 
#  278 | steps: 12824 | steps_t:  7665 | t: 126.624204 | r:  -551.000000 | e:   0.233500 | Q: -43.069660 | won: False 
#  279 | steps: 12850 | steps_t:  7690 | t: 126.954324 | r:  -525.000000 | e:   0.231000 | Q: -72.785149 | won: False 
#  280 | steps: 12971 | steps_t:  7810 | t: 128.675716 | r:  -609.000000 | e:   0.219000 | Q: -72.400322 | won: False 
#  281 | steps: 13023 | steps_t:  7861 | t: 129.419724 | r:  -540.000000 | e:   0.213900 | Q: -63.568928 | won: False 
#  282 | steps: 13067 | steps_t:  7904 | t: 130.176698 | r:  -532.000000 | e:   0.209600 | Q: -64.107231 | won: False 
#  283 | steps: 13083 | steps_t:  7919 | t: 130.408080 | r:  -515.000000 | e:   0.208100 | Q: -81.984100 | won: False 
#  284 | steps: 13118 | steps_t:  7953 | t: 130.972569 | r:  -534.000000 | e:   0.204700 | Q: -67.692070 | won: False 
#  285 | steps: 13162 | steps_t:  7996 | t: 131.563987 | r:  -532.000000 | e:   0.200400 | Q: -71.716728 | won: False 
#  286 | steps: 13239 | steps_t:  8072 | t: 132.686982 | r:  -514.000000 | e:   0.192800 | Q: -72.456665 | won: False 
#  287 | steps: 13253 | steps_t:  8085 | t: 132.872485 | r:  -513.000000 | e:   0.191500 | Q: -88.642403 | won: False 
#  288 | steps: 13347 | steps_t:  8178 | t: 134.171012 | r:  -582.000000 | e:   0.182200 | Q: -84.908531 | won: False 
#  289 | steps: 13379 | steps_t:  8209 | t: 134.602856 | r:  -520.000000 | e:   0.179100 | Q: -99.402168 | won: False 
#  290 | steps: 13415 | steps_t:  8244 | t: 135.050660 | r:  -524.000000 | e:   0.175600 | Q: -90.590401 | won: False 
#  291 | steps: 13432 | steps_t:  8260 | t: 135.315948 | r:  -505.000000 | e:   0.174000 | Q: -94.952606 | won: False 
#  292 | steps: 13596 | steps_t:  8423 | t: 137.771381 | r:  -557.000000 | e:   0.157700 | Q: -57.506435 | won: False 
#  293 | steps: 13634 | steps_t:  8460 | t: 138.283010 | r:  -537.000000 | e:   0.154000 | Q: -73.951622 | won: False 
#  294 | steps: 13675 | steps_t:  8500 | t: 138.910332 | r:  -478.000000 | e:   0.150000 | Q: -38.566509 | won: False 
#  295 | steps: 13723 | steps_t:  8547 | t: 139.580538 | r:  -536.000000 | e:   0.145300 | Q: -77.661400 | won: False 
#  296 | steps: 13751 | steps_t:  8574 | t: 140.050281 | r:  -527.000000 | e:   0.142600 | Q: -80.515564 | won: False 
#  297 | steps: 13790 | steps_t:  8612 | t: 140.604797 | r:  -527.000000 | e:   0.138800 | Q: -71.948143 | won: False 
#  298 | steps: 13906 | steps_t:  8727 | t: 142.383040 | r:  -615.000000 | e:   0.127300 | Q: -63.971066 | won: False 
#  299 | steps: 13946 | steps_t:  8766 | t: 143.052249 | r:  -528.000000 | e:   0.123400 | Q: -59.902596 | won: False 
#  300 | steps: 14000 | steps_t:  8819 | t: 144.030631 | r:  -542.000000 | e:   0.118100 | Q: -69.039268 | won: False 
#  301 | steps: 14020 | steps_t:  8838 | t: 144.350777 | r:  -508.000000 | e:   0.116200 | Q: -63.046074 | won: False 
#  302 | steps: 14032 | steps_t:  8849 | t: 144.505361 | r:  -500.000000 | e:   0.115100 | Q: -72.427177 | won: False 
#  303 | steps: 14077 | steps_t:  8893 | t: 145.241392 | r:  -533.000000 | e:   0.110700 | Q: -58.180168 | won: False 
#  304 | steps: 14093 | steps_t:  8908 | t: 145.528623 | r:  -504.000000 | e:   0.109200 | Q: -63.650551 | won: False 
#  305 | steps: 14105 | steps_t:  8919 | t: 145.698179 | r:  -500.000000 | e:   0.108100 | Q: -55.559029 | won: False 
#  306 | steps: 14150 | steps_t:  8963 | t: 146.686525 | r:  -533.000000 | e:   0.103700 | Q: -56.629223 | won: False 
#  307 | steps: 14223 | steps_t:  9035 | t: 147.794561 | r:  -517.000000 | e:   0.100000 | Q: -63.859688 | won: False 
#  308 | steps: 14240 | steps_t:  9051 | t: 148.096753 | r:  -505.000000 | e:   0.100000 | Q: -77.500587 | won: False 
#  309 | steps: 14278 | steps_t:  9088 | t: 148.943488 | r:  -526.000000 | e:   0.100000 | Q: -74.484688 | won: False 
#  310 | steps: 14314 | steps_t:  9123 | t: 149.493016 | r:  -524.000000 | e:   0.100000 | Q: -85.877792 | won: False 
#  311 | steps: 14378 | steps_t:  9186 | t: 150.495334 | r:  -552.000000 | e:   0.100000 | Q: -77.250038 | won: False 
#  312 | steps: 14396 | steps_t:  9203 | t: 150.725718 | r:  -517.000000 | e:   0.100000 | Q: -82.289917 | won: False 
#  313 | steps: 14466 | steps_t:  9272 | t: 152.328430 | r:  -569.000000 | e:   0.100000 | Q: -82.779243 | won: False 
#  314 | steps: 14541 | steps_t:  9346 | t: 153.473366 | r:  -563.000000 | e:   0.100000 | Q: -83.429634 | won: False 
#  315 | steps: 14639 | steps_t:  9443 | t: 154.906534 | r:  -586.000000 | e:   0.100000 | Q: -92.000092 | won: False 
#  316 | steps: 14647 | steps_t:  9450 | t: 155.002279 | r:  -507.000000 | e:   0.100000 | Q: -90.474144 | won: False 
#  317 | steps: 14699 | steps_t:  9501 | t: 155.802136 | r:  -529.000000 | e:   0.100000 | Q: -91.233009 | won: False 
#  318 | steps: 14730 | steps_t:  9531 | t: 156.259911 | r:  -519.000000 | e:   0.100000 | Q: -98.351776 | won: False 
#  319 | steps: 14799 | steps_t:  9599 | t: 157.476659 | r:  -568.000000 | e:   0.100000 | Q: -82.192307 | won: False 
#  320 | steps: 14847 | steps_t:  9646 | t: 158.232635 | r:  -547.000000 | e:   0.100000 | Q: -86.427628 | won: False 
#  321 | steps: 14913 | steps_t:  9711 | t: 159.222984 | r:  -554.000000 | e:   0.100000 | Q: -88.332359 | won: False 
#  322 | steps: 14967 | steps_t:  9764 | t: 160.155488 | r:  -542.000000 | e:   0.100000 | Q: -91.285324 | won: False 
#  323 | steps: 15023 | steps_t:  9819 | t: 160.940388 | r:  -555.000000 | e:   0.100000 | Q: -69.310448 | won: False 
#  324 | steps: 15036 | steps_t:  9831 | t: 161.129881 | r:  -512.000000 | e:   0.100000 | Q: -62.789864 | won: False 
#  325 | steps: 15073 | steps_t:  9867 | t: 161.698361 | r:  -536.000000 | e:   0.100000 | Q: -58.464970 | won: False 
#  326 | steps: 15099 | steps_t:  9892 | t: 162.055404 | r:  -525.000000 | e:   0.100000 | Q: -61.827156 | won: False 
#  327 | steps: 15180 | steps_t:  9972 | t: 163.324010 | r:  -580.000000 | e:   0.100000 | Q: -62.533413 | won: False 
#  328 | steps: 15223 | steps_t: 10014 | t: 163.960310 | r:  -542.000000 | e:   0.100000 | Q: -60.791843 | won: False 
#  329 | steps: 15270 | steps_t: 10060 | t: 164.718280 | r:  -535.000000 | e:   0.100000 | Q: -55.882534 | won: False 
#  330 | steps: 15288 | steps_t: 10077 | t: 165.420403 | r:  -506.000000 | e:   0.100000 | Q: -84.952942 | won: False 
#  331 | steps: 15336 | steps_t: 10124 | t: 166.929364 | r:  -536.000000 | e:   0.100000 | Q: -80.022125 | won: False 
#  332 | steps: 15436 | steps_t: 10223 | t: 169.150421 | r:  -588.000000 | e:   0.100000 | Q: -99.623955 | won: False 
#  333 | steps: 15470 | steps_t: 10256 | t: 169.762783 | r:  -533.000000 | e:   0.100000 | Q: -66.030884 | won: False 
#  334 | steps: 15482 | steps_t: 10267 | t: 170.014111 | r:  -511.000000 | e:   0.100000 | Q: -68.588547 | won: False 
#  335 | steps: 15492 | steps_t: 10276 | t: 170.163714 | r:  -509.000000 | e:   0.100000 | Q: -80.785881 | won: False 
#  336 | steps: 15696 | steps_t: 10479 | t: 173.106834 | r:  -692.000000 | e:   0.100000 | Q: -71.690605 | won: False 
#  337 | steps: 15742 | steps_t: 10524 | t: 174.141069 | r:  -534.000000 | e:   0.100000 | Q: -60.955135 | won: False 
#  338 | steps: 15784 | steps_t: 10565 | t: 175.166326 | r:  -530.000000 | e:   0.100000 | Q: -66.639030 | won: False 
#  339 | steps: 15891 | steps_t: 10671 | t: 177.998746 | r:  -595.000000 | e:   0.100000 | Q: -74.616211 | won: False 
#  340 | steps: 15925 | steps_t: 10704 | t: 178.611108 | r:  -522.000000 | e:   0.100000 | Q: -85.689720 | won: False 
#  341 | steps: 15952 | steps_t: 10730 | t: 179.324204 | r:  -526.000000 | e:   0.100000 | Q: -73.600876 | won: False 
#  342 | steps: 15968 | steps_t: 10745 | t: 179.769010 | r:  -515.000000 | e:   0.100000 | Q: -75.175812 | won: False 
#  343 | steps: 16078 | steps_t: 10854 | t: 181.959153 | r:  -598.000000 | e:   0.100000 | Q: -68.409286 | won: False 
#  344 | steps: 16114 | steps_t: 10889 | t: 182.587470 | r:  -524.000000 | e:   0.100000 | Q: -70.448448 | won: False 
#  345 | steps: 16158 | steps_t: 10932 | t: 183.513990 | r:  -532.000000 | e:   0.100000 | Q: -83.907730 | won: False 
#  346 | steps: 16220 | steps_t: 10993 | t: 185.006997 | r:  -550.000000 | e:   0.100000 | Q: -65.998528 | won: False 
#  347 | steps: 16276 | steps_t: 11048 | t: 186.354389 | r:  -544.000000 | e:   0.100000 | Q: -83.017372 | won: False 
#  348 | steps: 16289 | steps_t: 11060 | t: 186.814166 | r:  -501.000000 | e:   0.100000 | Q: -77.009567 | won: False 
#  349 | steps: 16300 | steps_t: 11070 | t: 187.005648 | r:  -510.000000 | e:   0.100000 | Q: -67.980637 | won: False 
#  350 | steps: 16318 | steps_t: 11087 | t: 187.336762 | r:  -506.000000 | e:   0.100000 | Q: -65.525620 | won: False 
#  351 | steps: 16331 | steps_t: 11099 | t: 187.556175 | r:  -512.000000 | e:   0.100000 | Q: -80.743713 | won: False 
#  352 | steps: 16363 | steps_t: 11130 | t: 188.417869 | r:  -520.000000 | e:   0.100000 | Q: -68.518761 | won: False 
#  353 | steps: 16419 | steps_t: 11185 | t: 191.848691 | r:  -544.000000 | e:   0.100000 | Q: -70.990547 | won: False 
#  354 | steps: 16441 | steps_t: 11206 | t: 192.539841 | r:  -510.000000 | e:   0.100000 | Q: -75.056229 | won: False 
#  355 | steps: 16468 | steps_t: 11232 | t: 193.672810 | r:  -526.000000 | e:   0.100000 | Q: -73.542931 | won: False 
#  356 | steps: 16490 | steps_t: 11253 | t: 194.010905 | r:  -521.000000 | e:   0.100000 | Q: -69.263855 | won: False 
#  357 | steps: 16532 | steps_t: 11294 | t: 194.549465 | r:  -541.000000 | e:   0.100000 | Q: -68.310921 | won: False 
#  358 | steps: 16548 | steps_t: 11309 | t: 194.822733 | r:  -504.000000 | e:   0.100000 | Q: -65.977005 | won: False 
#  359 | steps: 16570 | steps_t: 11330 | t: 195.123929 | r:  -510.000000 | e:   0.100000 | Q: -66.842316 | won: False 
#  360 | steps: 16608 | steps_t: 11367 | t: 195.616609 | r:  -526.000000 | e:   0.100000 | Q: -70.723335 | won: False 
#  361 | steps: 16648 | steps_t: 11406 | t: 196.343663 | r:  -528.000000 | e:   0.100000 | Q: -61.490990 | won: False 
#  362 | steps: 16701 | steps_t: 11458 | t: 198.246579 | r:  -552.000000 | e:   0.100000 | Q: -77.122543 | won: False 
#  363 | steps: 16803 | steps_t: 11559 | t: 204.865861 | r:  -590.000000 | e:   0.100000 | Q: -69.524773 | won: False 
#  364 | steps: 16876 | steps_t: 11631 | t: 205.921037 | r:  -561.000000 | e:   0.100000 | Q: -78.444305 | won: False 
#  365 | steps: 16932 | steps_t: 11686 | t: 206.640114 | r:  -555.000000 | e:   0.100000 | Q: -73.493248 | won: False 
#  366 | steps: 17007 | steps_t: 11760 | t: 207.729200 | r:  -563.000000 | e:   0.100000 | Q: -86.872475 | won: False 
#  367 | steps: 17105 | steps_t: 11857 | t: 209.283042 | r:  -586.000000 | e:   0.100000 | Q: -88.582123 | won: False 
#  368 | steps: 17132 | steps_t: 11883 | t: 210.045004 | r:  -526.000000 | e:   0.100000 | Q: -71.732338 | won: False 
#  369 | steps: 17156 | steps_t: 11906 | t: 210.496796 | r:  -523.000000 | e:   0.100000 | Q: -77.112564 | won: False 
#  370 | steps: 17348 | steps_t: 12097 | t: 213.712192 | r:  -680.000000 | e:   0.100000 | Q: -84.878410 | won: False 
#  371 | steps: 17386 | steps_t: 12134 | t: 214.362453 | r:  -526.000000 | e:   0.100000 | Q: -62.507694 | won: False 
#  372 | steps: 17404 | steps_t: 12151 | t: 214.846159 | r:  -506.000000 | e:   0.100000 | Q: -73.857040 | won: False 
#  373 | steps: 17422 | steps_t: 12168 | t: 215.168295 | r:  -517.000000 | e:   0.100000 | Q: -58.891853 | won: False 
#  374 | steps: 17499 | steps_t: 12244 | t: 217.908963 | r:  -565.000000 | e:   0.100000 | Q: -80.816307 | won: False 
#  375 | steps: 17640 | steps_t: 12384 | t: 222.143633 | r:  -567.000000 | e:   0.100000 | Q: -72.756210 | won: False 
#  376 | steps: 17675 | steps_t: 12418 | t: 222.659253 | r:  -523.000000 | e:   0.100000 | Q: -73.481606 | won: False 
#  377 | steps: 17695 | steps_t: 12437 | t: 223.078132 | r:  -508.000000 | e:   0.100000 | Q: -89.625328 | won: False 
#  378 | steps: 17735 | steps_t: 12476 | t: 223.668563 | r:  -528.000000 | e:   0.100000 | Q: -90.225197 | won: False 
#  379 | steps: 17761 | steps_t: 12501 | t: 224.133318 | r:  -514.000000 | e:   0.100000 | Q: -88.958527 | won: False 
#  380 | steps: 17777 | steps_t: 12516 | t: 224.344745 | r:  -515.000000 | e:   0.100000 | Q: -72.470367 | won: False 
#  381 | steps: 17805 | steps_t: 12543 | t: 224.704781 | r:  -527.000000 | e:   0.100000 | Q: -68.386566 | won: False 
#  382 | steps: 17865 | steps_t: 12602 | t: 225.635290 | r:  -548.000000 | e:   0.100000 | Q: -60.644444 | won: False 
#  383 | steps: 18007 | steps_t: 12743 | t: 228.656755 | r:  -579.000000 | e:   0.100000 | Q: -35.609440 | won: False 
#  384 | steps: 18041 | steps_t: 12776 | t: 230.708253 | r:  -522.000000 | e:   0.100000 | Q: -60.227535 | won: False 
#  385 | steps: 18111 | steps_t: 12845 | t: 232.337893 | r:  -558.000000 | e:   0.100000 | Q: -69.939232 | won: False 
#  386 | steps: 18121 | steps_t: 12854 | t: 232.540354 | r:  -498.000000 | e:   0.100000 | Q: -70.999176 | won: False 
#  387 | steps: 18139 | steps_t: 12871 | t: 233.001118 | r:  -506.000000 | e:   0.100000 | Q: -59.136547 | won: False 
#  388 | steps: 18158 | steps_t: 12889 | t: 233.692272 | r:  -507.000000 | e:   0.100000 | Q: -76.096779 | won: False 
#  389 | steps: 18210 | steps_t: 12940 | t: 236.426951 | r:  -540.000000 | e:   0.100000 | Q: -65.026360 | won: False 
#  390 | steps: 18265 | steps_t: 12994 | t: 237.211858 | r:  -543.000000 | e:   0.100000 | Q: -83.560760 | won: False 
#  391 | steps: 18349 | steps_t: 13077 | t: 238.489434 | r:  -572.000000 | e:   0.100000 | Q: -62.858715 | won: False 
#  392 | steps: 18375 | steps_t: 13102 | t: 238.820549 | r:  -514.000000 | e:   0.100000 | Q: -61.590137 | won: False 
#  393 | steps: 18458 | steps_t: 13184 | t: 240.270678 | r:  -520.000000 | e:   0.100000 | Q: -38.959026 | won: False 
#  394 | steps: 18522 | steps_t: 13247 | t: 241.296927 | r:  -552.000000 | e:   0.100000 | Q: -61.943970 | won: False 
#  395 | steps: 18573 | steps_t: 13297 | t: 242.037939 | r:  -539.000000 | e:   0.100000 | Q: -69.508308 | won: False 
#  396 | steps: 18602 | steps_t: 13325 | t: 243.154951 | r:  -517.000000 | e:   0.100000 | Q: -57.077919 | won: False 
#  397 | steps: 18662 | steps_t: 13384 | t: 244.109398 | r:  -548.000000 | e:   0.100000 | Q: -62.911106 | won: False 
#  398 | steps: 18732 | steps_t: 13453 | t: 245.531602 | r:  -558.000000 | e:   0.100000 | Q: -76.483124 | won: False 
#  399 | steps: 18754 | steps_t: 13474 | t: 245.794891 | r:  -521.000000 | e:   0.100000 | Q: -66.889565 | won: False 
#  400 | steps: 18796 | steps_t: 13515 | t: 246.187837 | r:  -541.000000 | e:   0.100000 | Q: -53.130730 | won: False 
