#    1 | steps:    26 | steps_t:     0 | t: 0.090764 | r:  -452.000000 | e:   1.000000 | Q:        nan | won: False 
#    2 | steps:    38 | steps_t:     0 | t: 0.103741 | r:  -489.000000 | e:   1.000000 | Q:        nan | won: False 
#    3 | steps:    62 | steps_t:     0 | t: 0.122670 | r:  -512.000000 | e:   1.000000 | Q:        nan | won: False 
#    4 | steps:    70 | steps_t:     0 | t: 0.131646 | r:  -507.000000 | e:   1.000000 | Q:        nan | won: False 
#    5 | steps:    90 | steps_t:     0 | t: 0.164558 | r:  -486.000000 | e:   1.000000 | Q:        nan | won: False 
#    6 | steps:   172 | steps_t:     0 | t: 0.217454 | r:  -548.000000 | e:   1.000000 | Q:        nan | won: False 
#    7 | steps:   185 | steps_t:     0 | t: 0.230417 | r:  -490.000000 | e:   1.000000 | Q:        nan | won: False 
#    8 | steps:   201 | steps_t:     0 | t: 0.246375 | r:  -515.000000 | e:   1.000000 | Q:        nan | won: False 
#    9 | steps:   213 | steps_t:     0 | t: 0.258307 | r:  -416.000000 | e:   1.000000 | Q:        nan | won: False 
#   10 | steps:   288 | steps_t:     0 | t: 0.354090 | r:  -552.000000 | e:   1.000000 | Q:        nan | won: False 
#   11 | steps:   295 | steps_t:     0 | t: 0.363066 | r:  -506.000000 | e:   1.000000 | Q:        nan | won: False 
#   12 | steps:   441 | steps_t:     0 | t: 0.515617 | r:  -579.000000 | e:   1.000000 | Q:        nan | won: False 
#   13 | steps:   449 | steps_t:     0 | t: 0.525592 | r:  -496.000000 | e:   1.000000 | Q:        nan | won: False 
#   14 | steps:   487 | steps_t:     0 | t: 0.552563 | r:  -504.000000 | e:   1.000000 | Q:        nan | won: False 
#   15 | steps:   523 | steps_t:     0 | t: 0.581443 | r:  -400.000000 | e:   1.000000 | Q:        nan | won: False 
#   16 | steps:   570 | steps_t:     0 | t: 0.615350 | r:  -440.000000 | e:   1.000000 | Q:        nan | won: False 
#   17 | steps:   632 | steps_t:     0 | t: 0.659233 | r:  -488.000000 | e:   1.000000 | Q:        nan | won: False 
#   18 | steps:   646 | steps_t:     0 | t: 0.673233 | r:  -513.000000 | e:   1.000000 | Q:        nan | won: False 
#   19 | steps:   676 | steps_t:     0 | t: 0.696173 | r:  -467.000000 | e:   1.000000 | Q:        nan | won: False 
#   20 | steps:   745 | steps_t:     0 | t: 0.741058 | r:  -462.000000 | e:   1.000000 | Q:        nan | won: False 
#   21 | steps:   820 | steps_t:     0 | t: 0.794870 | r:  -530.000000 | e:   1.000000 | Q:        nan | won: False 
#   22 | steps:   890 | steps_t:     0 | t: 0.916547 | r:  -496.000000 | e:   1.000000 | Q:        nan | won: False 
#   23 | steps:   951 | steps_t:     0 | t: 0.958472 | r:  -498.000000 | e:   1.000000 | Q:        nan | won: False 
#   24 | steps:   982 | steps_t:     0 | t: 0.983405 | r:  -435.000000 | e:   1.000000 | Q:        nan | won: False 
#   25 | steps:   989 | steps_t:     0 | t: 0.995370 | r:  -506.000000 | e:   1.000000 | Q:        nan | won: False 
#   26 | steps:  1030 | steps_t:     0 | t: 1.045201 | r:  -467.000000 | e:   1.000000 | Q:        nan | won: False 
#   27 | steps:  1084 | steps_t:     0 | t: 1.104081 | r:  -480.000000 | e:   1.000000 | Q:        nan | won: False 
#   28 | steps:  1126 | steps_t:     0 | t: 1.133963 | r:  -486.000000 | e:   1.000000 | Q:        nan | won: False 
#   29 | steps:  1208 | steps_t:     0 | t: 1.192806 | r:  -515.000000 | e:   1.000000 | Q:        nan | won: False 
#   30 | steps:  1281 | steps_t:     0 | t: 1.256671 | r:  -488.000000 | e:   1.000000 | Q:        nan | won: False 
#   31 | steps:  1290 | steps_t:     0 | t: 1.267608 | r:  -497.000000 | e:   1.000000 | Q:        nan | won: False 
#   32 | steps:  1344 | steps_t:     0 | t: 1.308533 | r:  -531.000000 | e:   1.000000 | Q:        nan | won: False 
#   33 | steps:  1377 | steps_t:     0 | t: 1.343403 | r:  -470.000000 | e:   1.000000 | Q:        nan | won: False 
#   34 | steps:  1420 | steps_t:     0 | t: 1.385335 | r:  -436.000000 | e:   1.000000 | Q:        nan | won: False 
#   35 | steps:  1444 | steps_t:     0 | t: 1.405278 | r:  -450.000000 | e:   1.000000 | Q:        nan | won: False 
#   36 | steps:  1477 | steps_t:     0 | t: 1.430173 | r:  -437.000000 | e:   1.000000 | Q:        nan | won: False 
#   37 | steps:  1516 | steps_t:     0 | t: 1.458133 | r:  -505.000000 | e:   1.000000 | Q:        nan | won: False 
#   38 | steps:  1540 | steps_t:     0 | t: 1.481077 | r:  -428.000000 | e:   1.000000 | Q:        nan | won: False 
#   39 | steps:  1625 | steps_t:     0 | t: 1.553842 | r:  -478.000000 | e:   1.000000 | Q:        nan | won: False 
#   40 | steps:  1693 | steps_t:     0 | t: 1.617711 | r:  -439.000000 | e:   1.000000 | Q:        nan | won: False 
#   41 | steps:  1745 | steps_t:     0 | t: 1.654572 | r:  -445.000000 | e:   1.000000 | Q:        nan | won: False 
#   42 | steps:  1805 | steps_t:     0 | t: 1.696458 | r:  -504.000000 | e:   1.000000 | Q:        nan | won: False 
#   43 | steps:  1920 | steps_t:     0 | t: 1.777283 | r:  -570.000000 | e:   1.000000 | Q:        nan | won: False 
#   44 | steps:  1946 | steps_t:     0 | t: 1.797188 | r:  -514.000000 | e:   1.000000 | Q:        nan | won: False 
#   45 | steps:  1964 | steps_t:     0 | t: 1.813147 | r:  -506.000000 | e:   1.000000 | Q:        nan | won: False 
#   46 | steps:  2134 | steps_t:     0 | t: 1.923887 | r:  -585.000000 | e:   1.000000 | Q:        nan | won: False 
#   47 | steps:  2176 | steps_t:     0 | t: 1.956779 | r:  -468.000000 | e:   1.000000 | Q:        nan | won: False 
#   48 | steps:  2196 | steps_t:     0 | t: 1.974713 | r:  -519.000000 | e:   1.000000 | Q:        nan | won: False 
#   49 | steps:  2203 | steps_t:     0 | t: 1.986697 | r:  -495.000000 | e:   1.000000 | Q:        nan | won: False 
#   50 | steps:  2285 | steps_t:     0 | t: 2.041579 | r:  -497.000000 | e:   1.000000 | Q:        nan | won: False 
#   51 | steps:  2303 | steps_t:     0 | t: 2.057528 | r:  -506.000000 | e:   1.000000 | Q:        nan | won: False 
#   52 | steps:  2375 | steps_t:     0 | t: 2.106362 | r:  -487.000000 | e:   1.000000 | Q:        nan | won: False 
#   53 | steps:  2414 | steps_t:     0 | t: 2.155244 | r:  -432.000000 | e:   1.000000 | Q:        nan | won: False 
#   54 | steps:  2557 | steps_t:     0 | t: 2.265971 | r:  -620.000000 | e:   1.000000 | Q:        nan | won: False 
#   55 | steps:  2573 | steps_t:     0 | t: 2.280931 | r:  -464.000000 | e:   1.000000 | Q:        nan | won: False 
#   56 | steps:  2613 | steps_t:     0 | t: 2.309817 | r:  -466.000000 | e:   1.000000 | Q:        nan | won: False 
#   57 | steps:  2718 | steps_t:     0 | t: 2.453434 | r:  -476.000000 | e:   1.000000 | Q:        nan | won: False 
#   58 | steps:  2737 | steps_t:     0 | t: 2.471386 | r:  -456.000000 | e:   1.000000 | Q:        nan | won: False 
#   59 | steps:  2746 | steps_t:     0 | t: 2.482357 | r:  -497.000000 | e:   1.000000 | Q:        nan | won: False 
#   60 | steps:  2755 | steps_t:     0 | t: 2.494361 | r:  -475.000000 | e:   1.000000 | Q:        nan | won: False 
#   61 | steps:  2768 | steps_t:     0 | t: 2.507327 | r:  -490.000000 | e:   1.000000 | Q:        nan | won: False 
#   62 | steps:  2850 | steps_t:     0 | t: 2.564137 | r:  -497.000000 | e:   1.000000 | Q:        nan | won: False 
#   63 | steps:  2881 | steps_t:     0 | t: 2.587077 | r:  -457.000000 | e:   1.000000 | Q:        nan | won: False 
#   64 | steps:  2965 | steps_t:     0 | t: 2.650908 | r:  -488.000000 | e:   1.000000 | Q:        nan | won: False 
#   65 | steps:  3027 | steps_t:     0 | t: 2.714776 | r:  -466.000000 | e:   1.000000 | Q:        nan | won: False 
#   66 | steps:  3117 | steps_t:     0 | t: 2.776567 | r:  -534.000000 | e:   1.000000 | Q:        nan | won: False 
#   67 | steps:  3167 | steps_t:     0 | t: 2.812474 | r:  -403.000000 | e:   1.000000 | Q:        nan | won: False 
#   68 | steps:  3193 | steps_t:     0 | t: 2.833419 | r:  -408.000000 | e:   1.000000 | Q:        nan | won: False 
#   69 | steps:  3201 | steps_t:     0 | t: 2.843389 | r:  -507.000000 | e:   1.000000 | Q:        nan | won: False 
#   70 | steps:  3213 | steps_t:     0 | t: 2.856393 | r:  -511.000000 | e:   1.000000 | Q:        nan | won: False 
#   71 | steps:  3247 | steps_t:     0 | t: 2.881294 | r:  -449.000000 | e:   1.000000 | Q:        nan | won: False 
#   72 | steps:  3286 | steps_t:     0 | t: 2.910252 | r:  -443.000000 | e:   1.000000 | Q:        nan | won: False 
#   73 | steps:  3321 | steps_t:     0 | t: 2.938136 | r:  -512.000000 | e:   1.000000 | Q:        nan | won: False 
#   74 | steps:  3331 | steps_t:     0 | t: 2.950105 | r:  -509.000000 | e:   1.000000 | Q:        nan | won: False 
#   75 | steps:  3409 | steps_t:     0 | t: 3.010978 | r:  -504.000000 | e:   1.000000 | Q:        nan | won: False 
#   76 | steps:  3489 | steps_t:     0 | t: 3.066828 | r:  -557.000000 | e:   1.000000 | Q:        nan | won: False 
#   77 | steps:  3509 | steps_t:     0 | t: 3.083748 | r:  -508.000000 | e:   1.000000 | Q:        nan | won: False 
#   78 | steps:  3518 | steps_t:     0 | t: 3.094718 | r:  -508.000000 | e:   1.000000 | Q:        nan | won: False 
#   79 | steps:  3527 | steps_t:     0 | t: 3.105689 | r:  -508.000000 | e:   1.000000 | Q:        nan | won: False 
#   80 | steps:  3562 | steps_t:     0 | t: 3.133612 | r:  -428.000000 | e:   1.000000 | Q:        nan | won: False 
#   81 | steps:  3621 | steps_t:     0 | t: 3.178495 | r:  -441.000000 | e:   1.000000 | Q:        nan | won: False 
#   82 | steps:  3685 | steps_t:     0 | t: 3.254290 | r:  -479.000000 | e:   1.000000 | Q:        nan | won: False 
#   83 | steps:  3748 | steps_t:     0 | t: 3.311137 | r:  -551.000000 | e:   1.000000 | Q:        nan | won: False 
#   84 | steps:  3789 | steps_t:     0 | t: 3.342055 | r:  -445.000000 | e:   1.000000 | Q:        nan | won: False 
#   85 | steps:  3851 | steps_t:     0 | t: 3.394952 | r:  -455.000000 | e:   1.000000 | Q:        nan | won: False 
#   86 | steps:  3865 | steps_t:     0 | t: 3.410872 | r:  -513.000000 | e:   1.000000 | Q:        nan | won: False 
#   87 | steps:  3919 | steps_t:     0 | t: 3.458745 | r:  -531.000000 | e:   1.000000 | Q:        nan | won: False 
#   88 | steps:  3986 | steps_t:     0 | t: 3.543516 | r:  -489.000000 | e:   1.000000 | Q:        nan | won: False 
#   89 | steps:  4006 | steps_t:     0 | t: 3.562475 | r:  -508.000000 | e:   1.000000 | Q:        nan | won: False 
#   90 | steps:  4018 | steps_t:     0 | t: 3.579458 | r:  -511.000000 | e:   1.000000 | Q:        nan | won: False 
#   91 | steps:  4041 | steps_t:     0 | t: 3.604356 | r:  -438.000000 | e:   1.000000 | Q:        nan | won: False 
#   92 | steps:  4085 | steps_t:     0 | t: 3.650232 | r:  -532.000000 | e:   1.000000 | Q:        nan | won: False 
#   93 | steps:  4134 | steps_t:     0 | t: 3.708077 | r:  -537.000000 | e:   1.000000 | Q:        nan | won: False 
#   94 | steps:  4211 | steps_t:     0 | t: 3.771906 | r:  -459.000000 | e:   1.000000 | Q:        nan | won: False 
#   95 | steps:  4244 | steps_t:     0 | t: 3.806811 | r:  -470.000000 | e:   1.000000 | Q:        nan | won: False 
#   96 | steps:  4304 | steps_t:     0 | t: 3.851694 | r:  -537.000000 | e:   1.000000 | Q:        nan | won: False 
#   97 | steps:  4350 | steps_t:     0 | t: 3.886597 | r:  -461.000000 | e:   1.000000 | Q:        nan | won: False 
#   98 | steps:  4366 | steps_t:     0 | t: 3.903555 | r:  -453.000000 | e:   1.000000 | Q:        nan | won: False 
#   99 | steps:  4414 | steps_t:     0 | t: 3.938497 | r:  -474.000000 | e:   1.000000 | Q:        nan | won: False 
#  100 | steps:  4475 | steps_t:     0 | t: 3.983339 | r:  -465.000000 | e:   1.000000 | Q:        nan | won: False 
#  101 | steps:  4487 | steps_t:     0 | t: 3.996342 | r:  -500.000000 | e:   1.000000 | Q:        nan | won: False 
#  102 | steps:  4536 | steps_t:     0 | t: 4.034205 | r:  -515.000000 | e:   1.000000 | Q:        nan | won: False 
#  103 | steps:  4649 | steps_t:     0 | t: 4.112031 | r:  -528.000000 | e:   1.000000 | Q:        nan | won: False 
#  104 | steps:  4727 | steps_t:     0 | t: 4.170838 | r:  -471.000000 | e:   1.000000 | Q:        nan | won: False 
#  105 | steps:  4755 | steps_t:     0 | t: 4.198765 | r:  -443.000000 | e:   1.000000 | Q:        nan | won: False 
#  106 | steps:  4829 | steps_t:     0 | t: 4.248631 | r:  -478.000000 | e:   1.000000 | Q:        nan | won: False 
#  107 | steps:  4885 | steps_t:     0 | t: 4.295542 | r:  -482.000000 | e:   1.000000 | Q:        nan | won: False 
#  108 | steps:  4892 | steps_t:     0 | t: 4.307475 | r:  -506.000000 | e:   1.000000 | Q:        nan | won: False 
#  109 | steps:  4935 | steps_t:     0 | t: 4.358345 | r:  -458.000000 | e:   1.000000 | Q:        nan | won: False 
#  110 | steps:  4953 | steps_t:     0 | t: 4.377286 | r:  -517.000000 | e:   1.000000 | Q:        nan | won: False 
#  111 | steps:  4976 | steps_t:     0 | t: 4.398229 | r:  -478.000000 | e:   1.000000 | Q:        nan | won: False 
