#    1 | steps:     9 | steps_t:     0 | t: 0.029924 | r:  -486.000000 | e:   1.000000 | Q:        nan | won: False 
#    2 | steps:    20 | steps_t:     0 | t: 0.040892 | r:  -488.000000 | e:   1.000000 | Q:        nan | won: False 
#    3 | steps:    70 | steps_t:     0 | t: 0.075800 | r:  -443.000000 | e:   1.000000 | Q:        nan | won: False 
#    4 | steps:    93 | steps_t:     0 | t: 0.098772 | r:  -438.000000 | e:   1.000000 | Q:        nan | won: False 
#    5 | steps:   133 | steps_t:     0 | t: 0.128694 | r:  -444.000000 | e:   1.000000 | Q:        nan | won: False 
#    6 | steps:   178 | steps_t:     0 | t: 0.164561 | r:  -471.000000 | e:   1.000000 | Q:        nan | won: False 
#    7 | steps:   188 | steps_t:     0 | t: 0.174532 | r:  -509.000000 | e:   1.000000 | Q:        nan | won: False 
#    8 | steps:   205 | steps_t:     0 | t: 0.189529 | r:  -516.000000 | e:   1.000000 | Q:        nan | won: False 
#    9 | steps:   255 | steps_t:     0 | t: 0.224401 | r:  -421.000000 | e:   1.000000 | Q:        nan | won: False 
#   10 | steps:   268 | steps_t:     0 | t: 0.238403 | r:  -512.000000 | e:   1.000000 | Q:        nan | won: False 
#   11 | steps:   278 | steps_t:     0 | t: 0.249332 | r:  -498.000000 | e:   1.000000 | Q:        nan | won: False 
#   12 | steps:   287 | steps_t:     0 | t: 0.261304 | r:  -508.000000 | e:   1.000000 | Q:        nan | won: False 
#   13 | steps:   326 | steps_t:     0 | t: 0.310173 | r:  -465.000000 | e:   1.000000 | Q:        nan | won: False 
#   14 | steps:   395 | steps_t:     0 | t: 0.413893 | r:  -473.000000 | e:   1.000000 | Q:        nan | won: False 
#   15 | steps:   405 | steps_t:     0 | t: 0.479717 | r:  -498.000000 | e:   1.000000 | Q:        nan | won: False 
#   16 | steps:   465 | steps_t:     0 | t: 0.534585 | r:  -537.000000 | e:   1.000000 | Q:        nan | won: False 
#   17 | steps:   472 | steps_t:     0 | t: 0.547536 | r:  -506.000000 | e:   1.000000 | Q:        nan | won: False 
#   18 | steps:   517 | steps_t:     0 | t: 0.590422 | r:  -482.000000 | e:   1.000000 | Q:        nan | won: False 
#   19 | steps:   527 | steps_t:     0 | t: 0.633305 | r:  -509.000000 | e:   1.000000 | Q:        nan | won: False 
#   20 | steps:   543 | steps_t:     0 | t: 0.665221 | r:  -504.000000 | e:   1.000000 | Q:        nan | won: False 
#   21 | steps:   598 | steps_t:     0 | t: 0.786898 | r:  -470.000000 | e:   1.000000 | Q:        nan | won: False 
#   22 | steps:   614 | steps_t:     0 | t: 0.806848 | r:  -482.000000 | e:   1.000000 | Q:        nan | won: False 
#   23 | steps:   686 | steps_t:     0 | t: 0.877653 | r:  -505.000000 | e:   1.000000 | Q:        nan | won: False 
#   24 | steps:   752 | steps_t:     0 | t: 0.933501 | r:  -459.000000 | e:   1.000000 | Q:        nan | won: False 
#   25 | steps:   785 | steps_t:     0 | t: 0.958436 | r:  -437.000000 | e:   1.000000 | Q:        nan | won: False 
#   26 | steps:   825 | steps_t:     0 | t: 0.997333 | r:  -466.000000 | e:   1.000000 | Q:        nan | won: False 
#   27 | steps:   842 | steps_t:     0 | t: 1.029246 | r:  -516.000000 | e:   1.000000 | Q:        nan | won: False 
#   28 | steps:   867 | steps_t:     0 | t: 1.080147 | r:  -462.000000 | e:   1.000000 | Q:        nan | won: False 
#   29 | steps:   894 | steps_t:     0 | t: 1.105045 | r:  -464.000000 | e:   1.000000 | Q:        nan | won: False 
#   30 | steps:   960 | steps_t:     0 | t: 1.176859 | r:  -543.000000 | e:   1.000000 | Q:        nan | won: False 
#   31 | steps:   978 | steps_t:     0 | t: 1.197797 | r:  -495.000000 | e:   1.000000 | Q:        nan | won: False 
#   32 | steps:  1035 | steps_t:     0 | t: 1.253645 | r:  -450.000000 | e:   1.000000 | Q:        nan | won: False 
#   33 | steps:  1051 | steps_t:     0 | t: 1.271599 | r:  -420.000000 | e:   1.000000 | Q:        nan | won: False 
#   34 | steps:  1076 | steps_t:     0 | t: 1.305509 | r:  -429.000000 | e:   1.000000 | Q:        nan | won: False 
#   35 | steps:  1118 | steps_t:     0 | t: 1.377315 | r:  -424.000000 | e:   1.000000 | Q:        nan | won: False 
#   36 | steps:  1141 | steps_t:     0 | t: 1.430174 | r:  -460.000000 | e:   1.000000 | Q:        nan | won: False 
#   37 | steps:  1188 | steps_t:     0 | t: 1.511955 | r:  -462.000000 | e:   1.000000 | Q:        nan | won: False 
#   38 | steps:  1256 | steps_t:     0 | t: 1.582766 | r:  -450.000000 | e:   1.000000 | Q:        nan | won: False 
#   39 | steps:  1353 | steps_t:     0 | t: 1.701447 | r:  -490.000000 | e:   1.000000 | Q:        nan | won: False 
#   40 | steps:  1446 | steps_t:     0 | t: 1.790210 | r:  -453.000000 | e:   1.000000 | Q:        nan | won: False 
#   41 | steps:  1503 | steps_t:     0 | t: 1.860024 | r:  -461.000000 | e:   1.000000 | Q:        nan | won: False 
#   42 | steps:  1564 | steps_t:     0 | t: 1.926844 | r:  -476.000000 | e:   1.000000 | Q:        nan | won: False 
#   43 | steps:  1604 | steps_t:     0 | t: 1.960755 | r:  -484.000000 | e:   1.000000 | Q:        nan | won: False 
#   44 | steps:  1614 | steps_t:     0 | t: 1.972722 | r:  -498.000000 | e:   1.000000 | Q:        nan | won: False 
#   45 | steps:  1670 | steps_t:     0 | t: 2.017604 | r:  -482.000000 | e:   1.000000 | Q:        nan | won: False 
#   46 | steps:  1723 | steps_t:     0 | t: 2.071464 | r:  -541.000000 | e:   1.000000 | Q:        nan | won: False 
#   47 | steps:  1768 | steps_t:     0 | t: 2.133293 | r:  -533.000000 | e:   1.000000 | Q:        nan | won: False 
#   48 | steps:  1843 | steps_t:     0 | t: 2.253971 | r:  -479.000000 | e:   1.000000 | Q:        nan | won: False 
#   49 | steps:  1890 | steps_t:     0 | t: 2.312814 | r:  -473.000000 | e:   1.000000 | Q:        nan | won: False 
#   50 | steps:  1903 | steps_t:     0 | t: 2.332759 | r:  -501.000000 | e:   1.000000 | Q:        nan | won: False 
#   51 | steps:  1928 | steps_t:     0 | t: 2.365671 | r:  -513.000000 | e:   1.000000 | Q:        nan | won: False 
#   52 | steps:  1961 | steps_t:     0 | t: 2.403569 | r:  -459.000000 | e:   1.000000 | Q:        nan | won: False 
#   53 | steps:  2020 | steps_t:     0 | t: 2.464406 | r:  -525.000000 | e:   1.000000 | Q:        nan | won: False 
#   54 | steps:  2078 | steps_t:     0 | t: 2.531239 | r:  -462.000000 | e:   1.000000 | Q:        nan | won: False 
#   55 | steps:  2135 | steps_t:     0 | t: 2.595057 | r:  -439.000000 | e:   1.000000 | Q:        nan | won: False 
#   56 | steps:  2192 | steps_t:     0 | t: 2.662876 | r:  -494.000000 | e:   1.000000 | Q:        nan | won: False 
#   57 | steps:  2238 | steps_t:     0 | t: 2.707756 | r:  -472.000000 | e:   1.000000 | Q:        nan | won: False 
#   58 | steps:  2317 | steps_t:     0 | t: 2.764606 | r:  -505.000000 | e:   1.000000 | Q:        nan | won: False 
#   59 | steps:  2410 | steps_t:     0 | t: 2.829429 | r:  -515.000000 | e:   1.000000 | Q:        nan | won: False 
#   60 | steps:  2454 | steps_t:     0 | t: 2.864339 | r:  -532.000000 | e:   1.000000 | Q:        nan | won: False 
#   61 | steps:  2554 | steps_t:     0 | t: 2.933194 | r:  -493.000000 | e:   1.000000 | Q:        nan | won: False 
#   62 | steps:  2576 | steps_t:     0 | t: 2.952103 | r:  -437.000000 | e:   1.000000 | Q:        nan | won: False 
#   63 | steps:  2646 | steps_t:     0 | t: 3.001968 | r:  -452.000000 | e:   1.000000 | Q:        nan | won: False 
#   64 | steps:  2670 | steps_t:     0 | t: 3.023908 | r:  -490.000000 | e:   1.000000 | Q:        nan | won: False 
#   65 | steps:  2691 | steps_t:     0 | t: 3.118692 | r:  -458.000000 | e:   1.000000 | Q:        nan | won: False 
#   66 | steps:  2731 | steps_t:     0 | t: 3.152577 | r:  -484.000000 | e:   1.000000 | Q:        nan | won: False 
#   67 | steps:  2790 | steps_t:     0 | t: 3.196484 | r:  -485.000000 | e:   1.000000 | Q:        nan | won: False 
#   68 | steps:  2851 | steps_t:     0 | t: 3.269253 | r:  -516.000000 | e:   1.000000 | Q:        nan | won: False 
#   69 | steps:  2862 | steps_t:     0 | t: 3.285210 | r:  -510.000000 | e:   1.000000 | Q:        nan | won: False 
#   70 | steps:  2872 | steps_t:     0 | t: 3.297177 | r:  -509.000000 | e:   1.000000 | Q:        nan | won: False 
#   71 | steps:  2909 | steps_t:     0 | t: 3.325105 | r:  -463.000000 | e:   1.000000 | Q:        nan | won: False 
#   72 | steps:  2931 | steps_t:     0 | t: 3.347044 | r:  -437.000000 | e:   1.000000 | Q:        nan | won: False 
#   73 | steps:  3019 | steps_t:     0 | t: 3.414899 | r:  -521.000000 | e:   1.000000 | Q:        nan | won: False 
#   74 | steps:  3118 | steps_t:     0 | t: 3.481686 | r:  -503.000000 | e:   1.000000 | Q:        nan | won: False 
#   75 | steps:  3185 | steps_t:     0 | t: 3.526605 | r:  -533.000000 | e:   1.000000 | Q:        nan | won: False 
#   76 | steps:  3280 | steps_t:     0 | t: 3.609343 | r:  -517.000000 | e:   1.000000 | Q:        nan | won: False 
#   77 | steps:  3375 | steps_t:     0 | t: 3.713071 | r:  -572.000000 | e:   1.000000 | Q:        nan | won: False 
#   78 | steps:  3436 | steps_t:     0 | t: 3.775897 | r:  -483.000000 | e:   1.000000 | Q:        nan | won: False 
#   79 | steps:  3458 | steps_t:     0 | t: 3.794847 | r:  -510.000000 | e:   1.000000 | Q:        nan | won: False 
#   80 | steps:  3485 | steps_t:     0 | t: 3.817786 | r:  -464.000000 | e:   1.000000 | Q:        nan | won: False 
#   81 | steps:  3528 | steps_t:     0 | t: 3.852691 | r:  -520.000000 | e:   1.000000 | Q:        nan | won: False 
#   82 | steps:  3632 | steps_t:     0 | t: 3.924502 | r:  -475.000000 | e:   1.000000 | Q:        nan | won: False 
#   83 | steps:  3666 | steps_t:     0 | t: 3.952426 | r:  -471.000000 | e:   1.000000 | Q:        nan | won: False 
#   84 | steps:  3739 | steps_t:     0 | t: 4.016253 | r:  -550.000000 | e:   1.000000 | Q:        nan | won: False 
#   85 | steps:  3791 | steps_t:     0 | t: 4.059177 | r:  -478.000000 | e:   1.000000 | Q:        nan | won: False 
#   86 | steps:  3855 | steps_t:     0 | t: 4.110013 | r:  -468.000000 | e:   1.000000 | Q:        nan | won: False 
#   87 | steps:  3916 | steps_t:     0 | t: 4.169879 | r:  -494.000000 | e:   1.000000 | Q:        nan | won: False 
#   88 | steps:  3968 | steps_t:     0 | t: 4.222703 | r:  -456.000000 | e:   1.000000 | Q:        nan | won: False 
#   89 | steps:  4012 | steps_t:     0 | t: 4.273566 | r:  -532.000000 | e:   1.000000 | Q:        nan | won: False 
#   90 | steps:  4036 | steps_t:     0 | t: 4.300494 | r:  -512.000000 | e:   1.000000 | Q:        nan | won: False 
#   91 | steps:  4091 | steps_t:     0 | t: 4.369310 | r:  -437.000000 | e:   1.000000 | Q:        nan | won: False 
#   92 | steps:  4131 | steps_t:     0 | t: 4.414192 | r:  -477.000000 | e:   1.000000 | Q:        nan | won: False 
#   93 | steps:  4298 | steps_t:     0 | t: 4.570772 | r:  -571.000000 | e:   1.000000 | Q:        nan | won: False 
#   94 | steps:  4362 | steps_t:     0 | t: 4.629614 | r:  -435.000000 | e:   1.000000 | Q:        nan | won: False 
#   95 | steps:  4395 | steps_t:     0 | t: 4.654546 | r:  -437.000000 | e:   1.000000 | Q:        nan | won: False 
#   96 | steps:  4487 | steps_t:     0 | t: 4.715383 | r:   137.000000 | e:   1.000000 | Q:        nan | won: True 
#   97 | steps:  4521 | steps_t:     0 | t: 4.742348 | r:  -500.000000 | e:   1.000000 | Q:        nan | won: False 
#   98 | steps:  4539 | steps_t:     0 | t: 4.760264 | r:  -517.000000 | e:   1.000000 | Q:        nan | won: False 
#   99 | steps:  4572 | steps_t:     0 | t: 4.795208 | r:  -510.000000 | e:   1.000000 | Q:        nan | won: False 
#  100 | steps:  4593 | steps_t:     0 | t: 4.822152 | r:  -509.000000 | e:   1.000000 | Q:        nan | won: False 
#  101 | steps:  4651 | steps_t:     0 | t: 4.884929 | r:  -495.000000 | e:   1.000000 | Q:        nan | won: False 
#  102 | steps:  4719 | steps_t:     0 | t: 4.936792 | r:  -461.000000 | e:   1.000000 | Q:        nan | won: False 
#  103 | steps:  4763 | steps_t:     0 | t: 4.970699 | r:  -448.000000 | e:   1.000000 | Q:        nan | won: False 
#  104 | steps:  4787 | steps_t:     0 | t: 4.990684 | r:  -428.000000 | e:   1.000000 | Q:        nan | won: False 
#  105 | steps:  4828 | steps_t:     0 | t: 5.023595 | r:  -445.000000 | e:   1.000000 | Q:        nan | won: False 
#  106 | steps:  4839 | steps_t:     0 | t: 5.036563 | r:  -510.000000 | e:   1.000000 | Q:        nan | won: False 
#  107 | steps:  4864 | steps_t:     0 | t: 5.060497 | r:  -440.000000 | e:   1.000000 | Q:        nan | won: False 
#  108 | steps:  4890 | steps_t:     0 | t: 5.085393 | r:  -452.000000 | e:   1.000000 | Q:        nan | won: False 
#  109 | steps:  4950 | steps_t:     0 | t: 5.131272 | r:  -475.000000 | e:   1.000000 | Q:        nan | won: False 
#  110 | steps:  4979 | steps_t:     0 | t: 5.156240 | r:  -477.000000 | e:   1.000000 | Q:        nan | won: False 
#  111 | steps:  5017 | steps_t:     0 | t: 5.554139 | r:  -442.000000 | e:   1.000000 | Q:        nan | won: False 
#  112 | steps:  5065 | steps_t:     0 | t: 5.985984 | r:  -474.000000 | e:   1.000000 | Q:        nan | won: False 
#  113 | steps:  5086 | steps_t:     0 | t: 6.162512 | r:  -520.000000 | e:   1.000000 | Q:        nan | won: False 
#  114 | steps:  5098 | steps_t:     0 | t: 6.255263 | r:  -511.000000 | e:   1.000000 | Q:        nan | won: False 
#  115 | steps:  5145 | steps_t:     0 | t: 6.644223 | r:  -473.000000 | e:   1.000000 | Q:        nan | won: False 
#  116 | steps:  5226 | steps_t:     0 | t: 7.379256 | r:  -485.000000 | e:   1.000000 | Q:        nan | won: False 
#  117 | steps:  5237 | steps_t:     0 | t: 7.465032 | r:  -510.000000 | e:   1.000000 | Q:        nan | won: False 
#  118 | steps:  5310 | steps_t:     0 | t: 8.073401 | r:  -455.000000 | e:   1.000000 | Q:        nan | won: False 
#  119 | steps:  5352 | steps_t:     0 | t: 8.443409 | r:  -457.000000 | e:   1.000000 | Q:        nan | won: False 
#  120 | steps:  5397 | steps_t:     0 | t: 8.828382 | r:  -522.000000 | e:   1.000000 | Q:        nan | won: False 
#  121 | steps:  5454 | steps_t:     0 | t: 9.320065 | r:  -450.000000 | e:   1.000000 | Q:        nan | won: False 
#  122 | steps:  5461 | steps_t:     0 | t: 9.372922 | r:  -506.000000 | e:   1.000000 | Q:        nan | won: False 
#  123 | steps:  5471 | steps_t:     0 | t: 9.448718 | r:  -509.000000 | e:   1.000000 | Q:        nan | won: False 
#  124 | steps:  5484 | steps_t:     0 | t: 9.547456 | r:  -490.000000 | e:   1.000000 | Q:        nan | won: False 
#  125 | steps:  5495 | steps_t:     0 | t: 9.636218 | r:  -510.000000 | e:   1.000000 | Q:        nan | won: False 
#  126 | steps:  5523 | steps_t:     0 | t: 9.895525 | r:  -432.000000 | e:   1.000000 | Q:        nan | won: False 
#  127 | steps:  5562 | steps_t:     0 | t: 10.199710 | r:  -465.000000 | e:   1.000000 | Q:        nan | won: False 
#  128 | steps:  5582 | steps_t:     0 | t: 10.372251 | r:  -508.000000 | e:   1.000000 | Q:        nan | won: False 
#  129 | steps:  5645 | steps_t:     0 | t: 10.907815 | r:  -518.000000 | e:   1.000000 | Q:        nan | won: False 
#  130 | steps:  5752 | steps_t:     0 | t: 11.767516 | r:  -540.000000 | e:   1.000000 | Q:        nan | won: False 
#  131 | steps:  5849 | steps_t:     0 | t: 12.685059 | r:  -563.000000 | e:   1.000000 | Q:        nan | won: False 
#  132 | steps:  5932 | steps_t:     0 | t: 13.369238 | r:  -465.000000 | e:   1.000000 | Q:        nan | won: False 
#  133 | steps:  5976 | steps_t:     0 | t: 13.744228 | r:  -426.000000 | e:   1.000000 | Q:        nan | won: False 
#  134 | steps:  6003 | steps_t:     0 | t: 13.961644 | r:  -409.000000 | e:   1.000000 | Q:        nan | won: False 
#  135 | steps:  6012 | steps_t:     0 | t: 14.040443 | r:  -497.000000 | e:   1.000000 | Q:        nan | won: False 
#  136 | steps:  6063 | steps_t:     0 | t: 14.476267 | r:  -517.000000 | e:   1.000000 | Q:        nan | won: False 
#  137 | steps:  6087 | steps_t:     0 | t: 14.659777 | r:  -479.000000 | e:   1.000000 | Q:        nan | won: False 
#  138 | steps:  6092 | steps_t:     0 | t: 14.702662 | r:  -504.000000 | e:   1.000000 | Q:        nan | won: False 
#  139 | steps:  6126 | steps_t:     0 | t: 15.026794 | r:  -511.000000 | e:   1.000000 | Q:        nan | won: False 
#  140 | steps:  6164 | steps_t:     0 | t: 15.362895 | r:  -442.000000 | e:   1.000000 | Q:        nan | won: False 
#  141 | steps:  6181 | steps_t:     0 | t: 15.496542 | r:  -505.000000 | e:   1.000000 | Q:        nan | won: False 
#  142 | steps:  6204 | steps_t:     0 | t: 15.673065 | r:  -478.000000 | e:   1.000000 | Q:        nan | won: False 
#  143 | steps:  6256 | steps_t:     0 | t: 16.124863 | r:   126.000000 | e:   1.000000 | Q:        nan | won: True 
#  144 | steps:  6329 | steps_t:     0 | t: 16.762152 | r:  -499.000000 | e:   1.000000 | Q:        nan | won: False 
#  145 | steps:  6374 | steps_t:     0 | t: 17.221921 | r:  -471.000000 | e:   1.000000 | Q:        nan | won: False 
#  146 | steps:  6450 | steps_t:     0 | t: 17.907097 | r:  -553.000000 | e:   1.000000 | Q:        nan | won: False 
#  147 | steps:  6456 | steps_t:     0 | t: 17.962941 | r:  -505.000000 | e:   1.000000 | Q:        nan | won: False 
#  148 | steps:  6467 | steps_t:     0 | t: 18.050703 | r:  -499.000000 | e:   1.000000 | Q:        nan | won: False 
#  149 | steps:  6511 | steps_t:     0 | t: 18.446644 | r:  -481.000000 | e:   1.000000 | Q:        nan | won: False 
#  150 | steps:  6528 | steps_t:     0 | t: 18.608212 | r:  -505.000000 | e:   1.000000 | Q:        nan | won: False 
#  151 | steps:  6592 | steps_t:     0 | t: 19.170707 | r:  -457.000000 | e:   1.000000 | Q:        nan | won: False 
#  152 | steps:  6686 | steps_t:     0 | t: 19.979542 | r:  -520.000000 | e:   1.000000 | Q:        nan | won: False 
#  153 | steps:  6727 | steps_t:     0 | t: 20.293703 | r:  -445.000000 | e:   1.000000 | Q:        nan | won: False 
#  154 | steps:  6763 | steps_t:     0 | t: 20.677676 | r:  -462.000000 | e:   1.000000 | Q:        nan | won: False 
#  155 | steps:  6814 | steps_t:     0 | t: 21.081595 | r:  -444.000000 | e:   1.000000 | Q:        nan | won: False 
#  156 | steps:  6916 | steps_t:     0 | t: 22.011108 | r:  -495.000000 | e:   1.000000 | Q:        nan | won: False 
#  157 | steps:  6973 | steps_t:     0 | t: 22.479853 | r:  -439.000000 | e:   1.000000 | Q:        nan | won: False 
#  158 | steps:  6989 | steps_t:     0 | t: 22.628455 | r:  -504.000000 | e:   1.000000 | Q:        nan | won: False 
#  159 | steps:  7069 | steps_t:     0 | t: 23.344539 | r:  -524.000000 | e:   1.000000 | Q:        nan | won: False 
#  160 | steps:  7095 | steps_t:     0 | t: 23.547995 | r:  -463.000000 | e:   1.000000 | Q:        nan | won: False 
#  161 | steps:  7121 | steps_t:     0 | t: 23.763420 | r:  -452.000000 | e:   1.000000 | Q:        nan | won: False 
#  162 | steps:  7181 | steps_t:     0 | t: 24.306964 | r:  -515.000000 | e:   1.000000 | Q:        nan | won: False 
#  163 | steps:  7212 | steps_t:     0 | t: 24.549316 | r:  -435.000000 | e:   1.000000 | Q:        nan | won: False 
#  164 | steps:  7228 | steps_t:     0 | t: 24.677973 | r:  -464.000000 | e:   1.000000 | Q:        nan | won: False 
#  165 | steps:  7250 | steps_t:     0 | t: 24.876441 | r:  -426.000000 | e:   1.000000 | Q:        nan | won: False 
#  166 | steps:  7300 | steps_t:     0 | t: 25.333220 | r:  -476.000000 | e:   1.000000 | Q:        nan | won: False 
#  167 | steps:  7323 | steps_t:     0 | t: 25.704226 | r:  -460.000000 | e:   1.000000 | Q:        nan | won: False 
#  168 | steps:  7374 | steps_t:     0 | t: 26.197905 | r:  -444.000000 | e:   1.000000 | Q:        nan | won: False 
#  169 | steps:  7414 | steps_t:     0 | t: 26.532011 | r:  -455.000000 | e:   1.000000 | Q:        nan | won: False 
#  170 | steps:  7472 | steps_t:     0 | t: 27.005743 | r:  -440.000000 | e:   1.000000 | Q:        nan | won: False 
#  171 | steps:  7528 | steps_t:     0 | t: 27.519369 | r:  -522.000000 | e:   1.000000 | Q:        nan | won: False 
#  172 | steps:  7558 | steps_t:     0 | t: 27.744766 | r:  -394.000000 | e:   1.000000 | Q:        nan | won: False 
#  173 | steps:  7584 | steps_t:     0 | t: 27.944232 | r:  -514.000000 | e:   1.000000 | Q:        nan | won: False 
#  174 | steps:  7632 | steps_t:     0 | t: 28.380067 | r:  -441.000000 | e:   1.000000 | Q:        nan | won: False 
#  175 | steps:  7734 | steps_t:     0 | t: 29.161975 | r:  -579.000000 | e:   1.000000 | Q:        nan | won: False 
#  176 | steps:  7750 | steps_t:     0 | t: 29.278663 | r:  -504.000000 | e:   1.000000 | Q:        nan | won: False 
#  177 | steps:  7812 | steps_t:     0 | t: 29.877061 | r:  -528.000000 | e:   1.000000 | Q:        nan | won: False 
#  178 | steps:  7936 | steps_t:     0 | t: 31.053916 | r:  -539.000000 | e:   1.000000 | Q:        nan | won: False 
#  179 | steps:  7953 | steps_t:     0 | t: 31.196532 | r:  -454.000000 | e:   1.000000 | Q:        nan | won: False 
#  180 | steps:  7962 | steps_t:     0 | t: 31.291278 | r:  -508.000000 | e:   1.000000 | Q:        nan | won: False 
#  181 | steps:  8028 | steps_t:     0 | t: 31.908627 | r:  -481.000000 | e:   1.000000 | Q:        nan | won: False 
#  182 | steps:  8050 | steps_t:     0 | t: 32.185884 | r:  -408.000000 | e:   1.000000 | Q:        nan | won: False 
#  183 | steps:  8071 | steps_t:     0 | t: 32.418262 | r:  -509.000000 | e:   1.000000 | Q:        nan | won: False 
#  184 | steps:  8081 | steps_t:     0 | t: 32.492077 | r:  -498.000000 | e:   1.000000 | Q:        nan | won: False 
#  185 | steps:  8106 | steps_t:     0 | t: 32.847121 | r:  -524.000000 | e:   1.000000 | Q:        nan | won: False 
#  186 | steps:  8182 | steps_t:     0 | t: 33.619051 | r:  -469.000000 | e:   1.000000 | Q:        nan | won: False 
#  187 | steps:  8233 | steps_t:     0 | t: 34.167582 | r:  -433.000000 | e:   1.000000 | Q:        nan | won: False 
#  188 | steps:  8308 | steps_t:     0 | t: 34.871698 | r:  -490.000000 | e:   1.000000 | Q:        nan | won: False 
#  189 | steps:  8366 | steps_t:     0 | t: 35.426213 | r:  -484.000000 | e:   1.000000 | Q:        nan | won: False 
#  190 | steps:  8380 | steps_t:     0 | t: 35.534923 | r:  -513.000000 | e:   1.000000 | Q:        nan | won: False 
#  191 | steps:  8443 | steps_t:     0 | t: 36.201141 | r:  -496.000000 | e:   1.000000 | Q:        nan | won: False 
#  192 | steps:  8486 | steps_t:     0 | t: 36.567161 | r:  -531.000000 | e:   1.000000 | Q:        nan | won: False 
#  193 | steps:  8549 | steps_t:     0 | t: 37.108712 | r:  -478.000000 | e:   1.000000 | Q:        nan | won: False 
#  194 | steps:  8619 | steps_t:     0 | t: 37.684186 | r:  -463.000000 | e:   1.000000 | Q:        nan | won: False 
#  195 | steps:  8719 | steps_t:     0 | t: 38.523930 | r:  -555.000000 | e:   1.000000 | Q:        nan | won: False 
#  196 | steps:  8754 | steps_t:     0 | t: 38.783231 | r:  -450.000000 | e:   1.000000 | Q:        nan | won: False 
#  197 | steps:  8762 | steps_t:     0 | t: 38.842075 | r:  -485.000000 | e:   1.000000 | Q:        nan | won: False 
#  198 | steps:  8810 | steps_t:     0 | t: 39.254976 | r:  -452.000000 | e:   1.000000 | Q:        nan | won: False 
#  199 | steps:  8859 | steps_t:     0 | t: 39.662880 | r:  -504.000000 | e:   1.000000 | Q:        nan | won: False 
#  200 | steps:  8913 | steps_t:     0 | t: 40.073779 | r:  -480.000000 | e:   1.000000 | Q:        nan | won: False 
#  201 | steps:  8975 | steps_t:     0 | t: 40.611340 | r:  -506.000000 | e:   1.000000 | Q:        nan | won: False 
#  202 | steps:  9040 | steps_t:     0 | t: 41.106016 | r:  -458.000000 | e:   1.000000 | Q:        nan | won: False 
#  203 | steps:  9070 | steps_t:     0 | t: 41.333409 | r:  -467.000000 | e:   1.000000 | Q:        nan | won: False 
#  204 | steps:  9077 | steps_t:     0 | t: 41.418187 | r:  -506.000000 | e:   1.000000 | Q:        nan | won: False 
#  205 | steps:  9088 | steps_t:     0 | t: 41.505948 | r:  -499.000000 | e:   1.000000 | Q:        nan | won: False 
#  206 | steps:  9162 | steps_t:     0 | t: 42.105346 | r:  -540.000000 | e:   1.000000 | Q:        nan | won: False 
#  207 | steps:  9198 | steps_t:     0 | t: 42.385593 | r:  -462.000000 | e:   1.000000 | Q:        nan | won: False 
#  208 | steps:  9210 | steps_t:     0 | t: 42.599027 | r:  -500.000000 | e:   1.000000 | Q:        nan | won: False 
#  209 | steps:  9221 | steps_t:     0 | t: 42.701748 | r:  -510.000000 | e:   1.000000 | Q:        nan | won: False 
#  210 | steps:  9252 | steps_t:     0 | t: 42.957067 | r:  -519.000000 | e:   1.000000 | Q:        nan | won: False 
#  211 | steps:  9281 | steps_t:     0 | t: 43.179469 | r:  -495.000000 | e:   1.000000 | Q:        nan | won: False 
#  212 | steps:  9376 | steps_t:     0 | t: 43.959384 | r:  -528.000000 | e:   1.000000 | Q:        nan | won: False 
#  213 | steps:  9446 | steps_t:     0 | t: 44.495946 | r:  -474.000000 | e:   1.000000 | Q:        nan | won: False 
#  214 | steps:  9527 | steps_t:     0 | t: 45.304782 | r:  -496.000000 | e:   1.000000 | Q:        nan | won: False 
#  215 | steps:  9579 | steps_t:     0 | t: 45.713689 | r:  -518.000000 | e:   1.000000 | Q:        nan | won: False 
#  216 | steps:  9646 | steps_t:     0 | t: 46.280174 | r:  -544.000000 | e:   1.000000 | Q:        nan | won: False 
#  217 | steps:  9667 | steps_t:     0 | t: 46.438748 | r:  -509.000000 | e:   1.000000 | Q:        nan | won: False 
#  218 | steps:  9716 | steps_t:     0 | t: 46.857627 | r:  -464.000000 | e:   1.000000 | Q:        nan | won: False 
#  219 | steps:  9781 | steps_t:     0 | t: 47.411150 | r:  -520.000000 | e:   1.000000 | Q:        nan | won: False 
#  220 | steps:  9825 | steps_t:     0 | t: 47.751237 | r:  -397.000000 | e:   1.000000 | Q:        nan | won: False 
#  221 | steps:  9847 | steps_t:     0 | t: 47.944721 | r:  -459.000000 | e:   1.000000 | Q:        nan | won: False 
#  222 | steps:  9892 | steps_t:     0 | t: 48.335673 | r:  -511.000000 | e:   1.000000 | Q:        nan | won: False 
#  223 | steps:  9967 | steps_t:     0 | t: 48.906152 | r:  -468.000000 | e:   1.000000 | Q:        nan | won: False 
#  224 | steps:  9983 | steps_t:     0 | t: 49.058738 | r:  -504.000000 | e:   1.000000 | Q:        nan | won: False 
#  225 | steps:  9994 | steps_t:     0 | t: 49.143513 | r:  -510.000000 | e:   1.000000 | Q:        nan | won: False 
#  226 | steps: 10069 | steps_t:     0 | t: 49.738919 | r:  -552.000000 | e:   1.000000 | Q:        nan | won: False 
#  227 | steps: 10094 | steps_t:     0 | t: 49.925420 | r:  -451.000000 | e:   1.000000 | Q:        nan | won: False 
#  228 | steps: 10118 | steps_t:     0 | t: 50.265510 | r:  -501.000000 | e:   1.000000 | Q:        nan | won: False 
#  229 | steps: 10176 | steps_t:     0 | t: 50.744228 | r:  -451.000000 | e:   1.000000 | Q:        nan | won: False 
#  230 | steps: 10211 | steps_t:     0 | t: 51.033455 | r:  -439.000000 | e:   1.000000 | Q:        nan | won: False 
#  231 | steps: 10247 | steps_t:     0 | t: 51.329665 | r:  -462.000000 | e:   1.000000 | Q:        nan | won: False 
#  232 | steps: 10295 | steps_t:     0 | t: 51.732584 | r:  -463.000000 | e:   1.000000 | Q:        nan | won: False 
#  233 | steps: 10382 | steps_t:     0 | t: 52.429719 | r:  -520.000000 | e:   1.000000 | Q:        nan | won: False 
#  234 | steps: 10398 | steps_t:     0 | t: 52.556383 | r:  -493.000000 | e:   1.000000 | Q:        nan | won: False 
#  235 | steps: 10466 | steps_t:     0 | t: 53.101922 | r:  -512.000000 | e:   1.000000 | Q:        nan | won: False 
#  236 | steps: 10510 | steps_t:     0 | t: 53.468952 | r:  -532.000000 | e:   1.000000 | Q:        nan | won: False 
#  237 | steps: 10573 | steps_t:     0 | t: 53.975583 | r:  -489.000000 | e:   1.000000 | Q:        nan | won: False 
#  238 | steps: 10586 | steps_t:     0 | t: 54.077314 | r:  -512.000000 | e:   1.000000 | Q:        nan | won: False 
#  239 | steps: 10597 | steps_t:     0 | t: 54.159092 | r:  -499.000000 | e:   1.000000 | Q:        nan | won: False 
#  240 | steps: 10606 | steps_t:     0 | t: 54.233894 | r:  -508.000000 | e:   1.000000 | Q:        nan | won: False 
#  241 | steps: 10649 | steps_t:     0 | t: 54.594928 | r:  -509.000000 | e:   1.000000 | Q:        nan | won: False 
#  242 | steps: 10672 | steps_t:     0 | t: 54.766467 | r:  -511.000000 | e:   1.000000 | Q:        nan | won: False 
#  243 | steps: 10704 | steps_t:     0 | t: 55.050708 | r:  -396.000000 | e:   1.000000 | Q:        nan | won: False 
#  244 | steps: 10720 | steps_t:     0 | t: 55.170387 | r:  -515.000000 | e:   1.000000 | Q:        nan | won: False 
#  245 | steps: 10746 | steps_t:     0 | t: 55.366860 | r:  -514.000000 | e:   1.000000 | Q:        nan | won: False 
#  246 | steps: 10804 | steps_t:     0 | t: 55.822642 | r:  -473.000000 | e:   1.000000 | Q:        nan | won: False 
#  247 | steps: 10833 | steps_t:     0 | t: 56.078956 | r:  -484.000000 | e:   1.000000 | Q:        nan | won: False 
#  248 | steps: 10850 | steps_t:     0 | t: 56.209605 | r:  -494.000000 | e:   1.000000 | Q:        nan | won: False 
#  249 | steps: 10860 | steps_t:     0 | t: 56.289399 | r:  -498.000000 | e:   1.000000 | Q:        nan | won: False 
#  250 | steps: 10874 | steps_t:     0 | t: 56.393116 | r:  -513.000000 | e:   1.000000 | Q:        nan | won: False 
#  251 | steps: 10907 | steps_t:     0 | t: 56.684336 | r:  -459.000000 | e:   1.000000 | Q:        nan | won: False 
#  252 | steps: 11011 | steps_t:     0 | t: 57.552014 | r:  -519.000000 | e:   1.000000 | Q:        nan | won: False 
#  253 | steps: 11025 | steps_t:     0 | t: 57.654739 | r:  -502.000000 | e:   1.000000 | Q:        nan | won: False 
#  254 | steps: 11049 | steps_t:     0 | t: 57.872159 | r:  -479.000000 | e:   1.000000 | Q:        nan | won: False 
#  255 | steps: 11140 | steps_t:     0 | t: 58.614175 | r:  -568.000000 | e:   1.000000 | Q:        nan | won: False 
#  256 | steps: 11196 | steps_t:     0 | t: 59.080926 | r:  -544.000000 | e:   1.000000 | Q:        nan | won: False 
#  257 | steps: 11252 | steps_t:     0 | t: 59.543686 | r:  -438.000000 | e:   1.000000 | Q:        nan | won: False 
#  258 | steps: 11291 | steps_t:     0 | t: 59.834905 | r:  -476.000000 | e:   1.000000 | Q:        nan | won: False 
#  259 | steps: 11308 | steps_t:     0 | t: 59.990489 | r:  -505.000000 | e:   1.000000 | Q:        nan | won: False 
#  260 | steps: 11329 | steps_t:     0 | t: 60.156048 | r:  -436.000000 | e:   1.000000 | Q:        nan | won: False 
#  261 | steps: 11341 | steps_t:     0 | t: 60.243813 | r:  -460.000000 | e:   1.000000 | Q:        nan | won: False 
#  262 | steps: 11373 | steps_t:     0 | t: 60.522067 | r:  -509.000000 | e:   1.000000 | Q:        nan | won: False 
#  263 | steps: 11439 | steps_t:     0 | t: 61.061623 | r:  -488.000000 | e:   1.000000 | Q:        nan | won: False 
#  264 | steps: 11457 | steps_t:     0 | t: 61.194269 | r:  -506.000000 | e:   1.000000 | Q:        nan | won: False 
#  265 | steps: 11485 | steps_t:     0 | t: 61.407697 | r:  -454.000000 | e:   1.000000 | Q:        nan | won: False 
#  266 | steps: 11580 | steps_t:     0 | t: 62.197585 | r:  -466.000000 | e:   1.000000 | Q:        nan | won: False 
#  267 | steps: 11593 | steps_t:     0 | t: 62.294326 | r:  -512.000000 | e:   1.000000 | Q:        nan | won: False 
#  268 | steps: 11645 | steps_t:     0 | t: 62.743126 | r:  -445.000000 | e:   1.000000 | Q:        nan | won: False 
#  269 | steps: 11692 | steps_t:     0 | t: 63.107151 | r:  -451.000000 | e:   1.000000 | Q:        nan | won: False 
#  270 | steps: 11717 | steps_t:     0 | t: 63.348505 | r:  -451.000000 | e:   1.000000 | Q:        nan | won: False 
#  271 | steps: 11792 | steps_t:     0 | t: 63.992785 | r:  -552.000000 | e:   1.000000 | Q:        nan | won: False 
#  272 | steps: 11855 | steps_t:     0 | t: 64.565253 | r:  -540.000000 | e:   1.000000 | Q:        nan | won: False 
#  273 | steps: 11868 | steps_t:     0 | t: 64.669971 | r:  -512.000000 | e:   1.000000 | Q:        nan | won: False 
#  274 | steps: 11933 | steps_t:     0 | t: 65.223488 | r:  -447.000000 | e:   1.000000 | Q:        nan | won: False 
#  275 | steps: 11981 | steps_t:     0 | t: 65.634389 | r:  -474.000000 | e:   1.000000 | Q:        nan | won: False 
#  276 | steps: 12002 | steps_t:     0 | t: 65.808922 | r:  -509.000000 | e:   1.000000 | Q:        nan | won: False 
#  277 | steps: 12046 | steps_t:     0 | t: 66.210846 | r:  -448.000000 | e:   1.000000 | Q:        nan | won: False 
#  278 | steps: 12098 | steps_t:     0 | t: 66.689566 | r:  -467.000000 | e:   1.000000 | Q:        nan | won: False 
#  279 | steps: 12220 | steps_t:     0 | t: 67.806581 | r:    56.000000 | e:   1.000000 | Q:        nan | won: True 
#  280 | steps: 12265 | steps_t:     0 | t: 68.172598 | r:  -471.000000 | e:   1.000000 | Q:        nan | won: False 
#  281 | steps: 12289 | steps_t:     0 | t: 68.418939 | r:  -461.000000 | e:   1.000000 | Q:        nan | won: False 
#  282 | steps: 12321 | steps_t:     0 | t: 68.701184 | r:  -498.000000 | e:   1.000000 | Q:        nan | won: False 
#  283 | steps: 12385 | steps_t:     0 | t: 69.268665 | r:  -435.000000 | e:   1.000000 | Q:        nan | won: False 
#  284 | steps: 12399 | steps_t:     0 | t: 69.426244 | r:  -480.000000 | e:   1.000000 | Q:        nan | won: False 
#  285 | steps: 12415 | steps_t:     0 | t: 69.563875 | r:  -504.000000 | e:   1.000000 | Q:        nan | won: False 
#  286 | steps: 12435 | steps_t:     0 | t: 69.750382 | r:  -457.000000 | e:   1.000000 | Q:        nan | won: False 
#  287 | steps: 12522 | steps_t:     0 | t: 70.491394 | r:  -542.000000 | e:   1.000000 | Q:        nan | won: False 
#  288 | steps: 12566 | steps_t:     0 | t: 70.880353 | r:  -437.000000 | e:   1.000000 | Q:        nan | won: False 
#  289 | steps: 12596 | steps_t:     0 | t: 71.121708 | r:  -463.000000 | e:   1.000000 | Q:        nan | won: False 
#  290 | steps: 12637 | steps_t:     0 | t: 71.484740 | r:  -478.000000 | e:   1.000000 | Q:        nan | won: False 
#  291 | steps: 12658 | steps_t:     0 | t: 71.710137 | r:  -498.000000 | e:   1.000000 | Q:        nan | won: False 
#  292 | steps: 12686 | steps_t:     0 | t: 71.971435 | r:  -432.000000 | e:   1.000000 | Q:        nan | won: False 
#  293 | steps: 12719 | steps_t:     0 | t: 72.258665 | r:  -521.000000 | e:   1.000000 | Q:        nan | won: False 
#  294 | steps: 12741 | steps_t:     0 | t: 72.430206 | r:  -510.000000 | e:   1.000000 | Q:        nan | won: False 
#  295 | steps: 12760 | steps_t:     0 | t: 72.623689 | r:  -445.000000 | e:   1.000000 | Q:        nan | won: False 
#  296 | steps: 12785 | steps_t:     0 | t: 72.913915 | r:  -451.000000 | e:   1.000000 | Q:        nan | won: False 
#  297 | steps: 12853 | steps_t:     0 | t: 73.514305 | r:  -523.000000 | e:   1.000000 | Q:        nan | won: False 
#  298 | steps: 12896 | steps_t:     0 | t: 73.899275 | r:  -447.000000 | e:   1.000000 | Q:        nan | won: False 
#  299 | steps: 12919 | steps_t:     0 | t: 74.148609 | r:  -460.000000 | e:   1.000000 | Q:        nan | won: False 
#  300 | steps: 13018 | steps_t:     0 | t: 74.996341 | r:  -514.000000 | e:   1.000000 | Q:        nan | won: False 
#  301 | steps: 13031 | steps_t:     0 | t: 75.223733 | r:  -490.000000 | e:   1.000000 | Q:        nan | won: False 
#  302 | steps: 13062 | steps_t:     0 | t: 75.652584 | r:  -519.000000 | e:   1.000000 | Q:        nan | won: False 
#  303 | steps: 13122 | steps_t:     0 | t: 76.509310 | r:  -486.000000 | e:   1.000000 | Q:        nan | won: False 
#  304 | steps: 13132 | steps_t:     0 | t: 76.593069 | r:  -436.000000 | e:   1.000000 | Q:        nan | won: False 
#  305 | steps: 13190 | steps_t:     0 | t: 77.289213 | r:  -495.000000 | e:   1.000000 | Q:        nan | won: False 
#  306 | steps: 13206 | steps_t:     0 | t: 77.448779 | r:  -453.000000 | e:   1.000000 | Q:        nan | won: False 
#  307 | steps: 13283 | steps_t:     0 | t: 78.159880 | r:  -503.000000 | e:   1.000000 | Q:        nan | won: False 
#  308 | steps: 13307 | steps_t:     0 | t: 78.408212 | r:  -450.000000 | e:   1.000000 | Q:        nan | won: False 
#  309 | steps: 13322 | steps_t:     0 | t: 78.594713 | r:  -503.000000 | e:   1.000000 | Q:        nan | won: False 
#  310 | steps: 13334 | steps_t:     0 | t: 78.736333 | r:  -511.000000 | e:   1.000000 | Q:        nan | won: False 
#  311 | steps: 13375 | steps_t:     0 | t: 79.124296 | r:  -478.000000 | e:   1.000000 | Q:        nan | won: False 
#  312 | steps: 13381 | steps_t:     0 | t: 79.180146 | r:  -505.000000 | e:   1.000000 | Q:        nan | won: False 
#  313 | steps: 13425 | steps_t:     0 | t: 79.573095 | r:  -499.000000 | e:   1.000000 | Q:        nan | won: False 
#  314 | steps: 13496 | steps_t:     0 | t: 80.192438 | r:  -526.000000 | e:   1.000000 | Q:        nan | won: False 
#  315 | steps: 13530 | steps_t:     0 | t: 80.585386 | r:  -522.000000 | e:   1.000000 | Q:        nan | won: False 
#  316 | steps: 13544 | steps_t:     0 | t: 80.758922 | r:  -502.000000 | e:   1.000000 | Q:        nan | won: False 
#  317 | steps: 13554 | steps_t:     0 | t: 80.844693 | r:  -498.000000 | e:   1.000000 | Q:        nan | won: False 
#  318 | steps: 13565 | steps_t:     0 | t: 80.929465 | r:  -510.000000 | e:   1.000000 | Q:        nan | won: False 
#  319 | steps: 13610 | steps_t:     0 | t: 81.294489 | r:  -427.000000 | e:   1.000000 | Q:        nan | won: False 
#  320 | steps: 13667 | steps_t:     0 | t: 81.789165 | r:   172.000000 | e:   1.000000 | Q:        nan | won: True 
#  321 | steps: 13694 | steps_t:     0 | t: 82.132257 | r:  -420.000000 | e:   1.000000 | Q:        nan | won: False 
#  322 | steps: 13753 | steps_t:     0 | t: 82.612961 | r:  -485.000000 | e:   1.000000 | Q:        nan | won: False 
#  323 | steps: 13803 | steps_t:     0 | t: 83.116614 | r:  -454.000000 | e:   1.000000 | Q:        nan | won: False 
#  324 | steps: 13822 | steps_t:     0 | t: 83.267211 | r:  -507.000000 | e:   1.000000 | Q:        nan | won: False 
#  325 | steps: 13851 | steps_t:     0 | t: 83.489615 | r:  -444.000000 | e:   1.000000 | Q:        nan | won: False 
#  326 | steps: 13912 | steps_t:     0 | t: 84.067071 | r:  -487.000000 | e:   1.000000 | Q:        nan | won: False 
#  327 | steps: 13944 | steps_t:     0 | t: 84.338346 | r:  -458.000000 | e:   1.000000 | Q:        nan | won: False 
#  328 | steps: 14021 | steps_t:     0 | t: 84.971652 | r:  -470.000000 | e:   1.000000 | Q:        nan | won: False 
#  329 | steps: 14106 | steps_t:     0 | t: 85.704690 | r:  -522.000000 | e:   1.000000 | Q:        nan | won: False 
#  330 | steps: 14153 | steps_t:     0 | t: 86.154488 | r:  -440.000000 | e:   1.000000 | Q:        nan | won: False 
#  331 | steps: 14252 | steps_t:     0 | t: 86.991248 | r:  -492.000000 | e:   1.000000 | Q:        nan | won: False 
#  332 | steps: 14307 | steps_t:     0 | t: 87.513856 | r:  -477.000000 | e:   1.000000 | Q:        nan | won: False 
#  333 | steps: 14317 | steps_t:     0 | t: 87.590647 | r:  -509.000000 | e:   1.000000 | Q:        nan | won: False 
#  334 | steps: 14325 | steps_t:     0 | t: 87.657466 | r:  -496.000000 | e:   1.000000 | Q:        nan | won: False 
#  335 | steps: 14445 | steps_t:     0 | t: 89.224271 | r:  -575.000000 | e:   1.000000 | Q:        nan | won: False 
#  336 | steps: 14461 | steps_t:     0 | t: 89.365893 | r:  -453.000000 | e:   1.000000 | Q:        nan | won: False 
#  337 | steps: 14547 | steps_t:     0 | t: 90.312361 | r:  -552.000000 | e:   1.000000 | Q:        nan | won: False 
#  338 | steps: 14577 | steps_t:     0 | t: 90.650456 | r:  -456.000000 | e:   1.000000 | Q:        nan | won: False 
#  339 | steps: 14595 | steps_t:     0 | t: 90.792077 | r:  -495.000000 | e:   1.000000 | Q:        nan | won: False 
#  340 | steps: 14618 | steps_t:     0 | t: 90.988552 | r:  -460.000000 | e:   1.000000 | Q:        nan | won: False 
#  341 | steps: 14635 | steps_t:     0 | t: 91.131171 | r:  -505.000000 | e:   1.000000 | Q:        nan | won: False 
#  342 | steps: 14642 | steps_t:     0 | t: 91.190012 | r:  -506.000000 | e:   1.000000 | Q:        nan | won: False 
#  343 | steps: 14746 | steps_t:     0 | t: 92.093599 | r:  -537.000000 | e:   1.000000 | Q:        nan | won: False 
#  344 | steps: 14758 | steps_t:     0 | t: 92.191335 | r:  -489.000000 | e:   1.000000 | Q:        nan | won: False 
#  345 | steps: 14768 | steps_t:     0 | t: 92.267131 | r:  -436.000000 | e:   1.000000 | Q:        nan | won: False 
#  346 | steps: 14819 | steps_t:     0 | t: 92.656090 | r:  -488.000000 | e:   1.000000 | Q:        nan | won: False 
#  347 | steps: 14833 | steps_t:     0 | t: 92.848574 | r:  -513.000000 | e:   1.000000 | Q:        nan | won: False 
#  348 | steps: 14901 | steps_t:     0 | t: 93.363199 | r:  -483.000000 | e:   1.000000 | Q:        nan | won: False 
#  349 | steps: 14920 | steps_t:     0 | t: 93.504823 | r:  -372.000000 | e:   1.000000 | Q:        nan | won: False 
#  350 | steps: 14955 | steps_t:     0 | t: 93.783075 | r:  -461.000000 | e:   1.000000 | Q:        nan | won: False 
#  351 | steps: 14968 | steps_t:     0 | t: 93.958605 | r:  -512.000000 | e:   1.000000 | Q:        nan | won: False 
#  352 | steps: 15073 | steps_t:     0 | t: 94.760459 | r:  -549.000000 | e:   1.000000 | Q:        nan | won: False 
#  353 | steps: 15124 | steps_t:     0 | t: 95.277082 | r:  -433.000000 | e:   1.000000 | Q:        nan | won: False 
#  354 | steps: 15141 | steps_t:     0 | t: 95.441637 | r:  -505.000000 | e:   1.000000 | Q:        nan | won: False 
#  355 | steps: 15165 | steps_t:     0 | t: 95.635119 | r:  -490.000000 | e:   1.000000 | Q:        nan | won: False 
#  356 | steps: 15182 | steps_t:     0 | t: 95.817632 | r:  -516.000000 | e:   1.000000 | Q:        nan | won: False 
#  357 | steps: 15199 | steps_t:     0 | t: 95.947284 | r:  -494.000000 | e:   1.000000 | Q:        nan | won: False 
#  358 | steps: 15275 | steps_t:     0 | t: 96.698276 | r:  -542.000000 | e:   1.000000 | Q:        nan | won: False 
#  359 | steps: 15331 | steps_t:     0 | t: 97.275729 | r:  -438.000000 | e:   1.000000 | Q:        nan | won: False 
#  360 | steps: 15348 | steps_t:     0 | t: 97.416354 | r:  -505.000000 | e:   1.000000 | Q:        nan | won: False 
#  361 | steps: 15425 | steps_t:     0 | t: 98.346864 | r:  -543.000000 | e:   1.000000 | Q:        nan | won: False 
#  362 | steps: 15441 | steps_t:     0 | t: 98.484498 | r:  -431.000000 | e:   1.000000 | Q:        nan | won: False 
#  363 | steps: 15457 | steps_t:     0 | t: 98.646063 | r:  -504.000000 | e:   1.000000 | Q:        nan | won: False 
#  364 | steps: 15508 | steps_t:     0 | t: 99.173652 | r:  -488.000000 | e:   1.000000 | Q:        nan | won: False 
#  365 | steps: 15522 | steps_t:     0 | t: 99.307307 | r:  -502.000000 | e:   1.000000 | Q:        nan | won: False 
#  366 | steps: 15578 | steps_t:     0 | t: 99.888740 | r:  -533.000000 | e:   1.000000 | Q:        nan | won: False 
#  367 | steps: 15605 | steps_t:     0 | t: 100.137075 | r:  -380.000000 | e:   1.000000 | Q:        nan | won: False 
#  368 | steps: 15630 | steps_t:     0 | t: 100.332558 | r:  -473.000000 | e:   1.000000 | Q:        nan | won: False 
#  369 | steps: 15659 | steps_t:     0 | t: 100.665660 | r:  -455.000000 | e:   1.000000 | Q:        nan | won: False 
#  370 | steps: 15671 | steps_t:     0 | t: 100.789330 | r:  -500.000000 | e:   1.000000 | Q:        nan | won: False 
#  371 | steps: 15685 | steps_t:     0 | t: 100.937931 | r:  -502.000000 | e:   1.000000 | Q:        nan | won: False 
#  372 | steps: 15705 | steps_t:     0 | t: 101.098502 | r:  -435.000000 | e:   1.000000 | Q:        nan | won: False 
#  373 | steps: 15742 | steps_t:     0 | t: 101.450560 | r:  -463.000000 | e:   1.000000 | Q:        nan | won: False 
#  374 | steps: 15772 | steps_t:     0 | t: 101.759733 | r:  -412.000000 | e:   1.000000 | Q:        nan | won: False 
#  375 | steps: 15808 | steps_t:     0 | t: 102.074889 | r:  -440.000000 | e:   1.000000 | Q:        nan | won: False 
#  376 | steps: 15837 | steps_t:     0 | t: 102.313252 | r:  -444.000000 | e:   1.000000 | Q:        nan | won: False 
#  377 | steps: 15887 | steps_t:     0 | t: 102.748090 | r:  -454.000000 | e:   1.000000 | Q:        nan | won: False 
#  378 | steps: 15928 | steps_t:     0 | t: 103.105133 | r:  -445.000000 | e:   1.000000 | Q:        nan | won: False 
#  379 | steps: 15963 | steps_t:     0 | t: 103.377405 | r:  -523.000000 | e:   1.000000 | Q:        nan | won: False 
#  380 | steps: 15988 | steps_t:     0 | t: 103.565902 | r:  -502.000000 | e:   1.000000 | Q:        nan | won: False 
#  381 | steps: 16004 | steps_t:     0 | t: 103.724476 | r:  -515.000000 | e:   1.000000 | Q:        nan | won: False 
#  382 | steps: 16057 | steps_t:     0 | t: 104.187238 | r:  -519.000000 | e:   1.000000 | Q:        nan | won: False 
#  383 | steps: 16098 | steps_t:     0 | t: 104.502394 | r:  -518.000000 | e:   1.000000 | Q:        nan | won: False 
#  384 | steps: 16141 | steps_t:     0 | t: 104.873402 | r:  -407.000000 | e:   1.000000 | Q:        nan | won: False 
#  385 | steps: 16181 | steps_t:     0 | t: 105.225459 | r:  -444.000000 | e:   1.000000 | Q:        nan | won: False 
#  386 | steps: 16245 | steps_t:     0 | t: 105.706173 | r:  -541.000000 | e:   1.000000 | Q:        nan | won: False 
#  387 | steps: 16349 | steps_t:     0 | t: 106.575850 | r:  -530.000000 | e:   1.000000 | Q:        nan | won: False 
#  388 | steps: 16358 | steps_t:     0 | t: 106.642668 | r:  -508.000000 | e:   1.000000 | Q:        nan | won: False 
#  389 | steps: 16421 | steps_t:     0 | t: 107.166270 | r:  -445.000000 | e:   1.000000 | Q:        nan | won: False 
#  390 | steps: 16461 | steps_t:     0 | t: 107.515333 | r:  -371.000000 | e:   1.000000 | Q:        nan | won: False 
#  391 | steps: 16498 | steps_t:     0 | t: 107.802564 | r:  -408.000000 | e:   1.000000 | Q:        nan | won: False 
#  392 | steps: 16539 | steps_t:     0 | t: 108.166589 | r:  -456.000000 | e:   1.000000 | Q:        nan | won: False 
#  393 | steps: 16635 | steps_t:     0 | t: 108.939523 | r:  -522.000000 | e:   1.000000 | Q:        nan | won: False 
#  394 | steps: 16672 | steps_t:     0 | t: 109.260669 | r:  -441.000000 | e:   1.000000 | Q:        nan | won: False 
#  395 | steps: 16693 | steps_t:     0 | t: 109.425223 | r:  -476.000000 | e:   1.000000 | Q:        nan | won: False 
#  396 | steps: 16757 | steps_t:     0 | t: 109.938848 | r:  -457.000000 | e:   1.000000 | Q:        nan | won: False 
#  397 | steps: 16766 | steps_t:     0 | t: 110.009658 | r:  -497.000000 | e:   1.000000 | Q:        nan | won: False 
#  398 | steps: 16779 | steps_t:     0 | t: 110.265973 | r:  -428.000000 | e:   1.000000 | Q:        nan | won: False 
#  399 | steps: 16824 | steps_t:     0 | t: 110.649945 | r:  -460.000000 | e:   1.000000 | Q:        nan | won: False 
#  400 | steps: 16852 | steps_t:     0 | t: 110.882324 | r:  -516.000000 | e:   1.000000 | Q:        nan | won: False 
#  401 | steps: 16867 | steps_t:     0 | t: 110.999013 | r:  -503.000000 | e:   1.000000 | Q:        nan | won: False 
#  402 | steps: 16877 | steps_t:     0 | t: 111.075820 | r:  -498.000000 | e:   1.000000 | Q:        nan | won: False 
#  403 | steps: 16967 | steps_t:     0 | t: 111.853725 | r:  -461.000000 | e:   1.000000 | Q:        nan | won: False 
#  404 | steps: 17017 | steps_t:     0 | t: 112.259639 | r:  -465.000000 | e:   1.000000 | Q:        nan | won: False 
#  405 | steps: 17030 | steps_t:     0 | t: 112.376326 | r:  -490.000000 | e:   1.000000 | Q:        nan | won: False 
#  406 | steps: 17086 | steps_t:     0 | t: 112.864022 | r:  -427.000000 | e:   1.000000 | Q:        nan | won: False 
#  407 | steps: 17116 | steps_t:     0 | t: 113.097397 | r:  -445.000000 | e:   1.000000 | Q:        nan | won: False 
#  408 | steps: 17190 | steps_t:     0 | t: 113.708761 | r:  -507.000000 | e:   1.000000 | Q:        nan | won: False 
#  409 | steps: 17237 | steps_t:     0 | t: 114.107694 | r:  -513.000000 | e:   1.000000 | Q:        nan | won: False 
#  410 | steps: 17289 | steps_t:     0 | t: 114.516603 | r:  -485.000000 | e:   1.000000 | Q:        nan | won: False 
#  411 | steps: 17320 | steps_t:     0 | t: 114.790867 | r:  -446.000000 | e:   1.000000 | Q:        nan | won: False 
#  412 | steps: 17328 | steps_t:     0 | t: 114.855694 | r:  -507.000000 | e:   1.000000 | Q:        nan | won: False 
#  413 | steps: 17344 | steps_t:     0 | t: 114.993325 | r:  -504.000000 | e:   1.000000 | Q:        nan | won: False 
#  414 | steps: 17353 | steps_t:     0 | t: 115.094056 | r:  -508.000000 | e:   1.000000 | Q:        nan | won: False 
#  415 | steps: 17503 | steps_t:     0 | t: 116.322767 | r:    28.000000 | e:   1.000000 | Q:        nan | won: True 
#  416 | steps: 17519 | steps_t:     0 | t: 116.441458 | r:  -504.000000 | e:   1.000000 | Q:        nan | won: False 
#  417 | steps: 17557 | steps_t:     0 | t: 116.782537 | r:  -464.000000 | e:   1.000000 | Q:        nan | won: False 
#  418 | steps: 17579 | steps_t:     0 | t: 116.967044 | r:  -448.000000 | e:   1.000000 | Q:        nan | won: False 
#  419 | steps: 17604 | steps_t:     0 | t: 117.165513 | r:  -491.000000 | e:   1.000000 | Q:        nan | won: False 
#  420 | steps: 17658 | steps_t:     0 | t: 117.623288 | r:  -469.000000 | e:   1.000000 | Q:        nan | won: False 
#  421 | steps: 17753 | steps_t:     0 | t: 118.421153 | r:  -528.000000 | e:   1.000000 | Q:        nan | won: False 
#  422 | steps: 17759 | steps_t:     0 | t: 118.467030 | r:  -505.000000 | e:   1.000000 | Q:        nan | won: False 
#  423 | steps: 17765 | steps_t:     0 | t: 118.510915 | r:  -505.000000 | e:   1.000000 | Q:        nan | won: False 
#  424 | steps: 17787 | steps_t:     0 | t: 118.677467 | r:  -470.000000 | e:   1.000000 | Q:        nan | won: False 
#  425 | steps: 17833 | steps_t:     0 | t: 119.071414 | r:  -483.000000 | e:   1.000000 | Q:        nan | won: False 
#  426 | steps: 17937 | steps_t:     0 | t: 119.906180 | r:  -508.000000 | e:   1.000000 | Q:        nan | won: False 
#  427 | steps: 17990 | steps_t:     0 | t: 120.359966 | r:  -479.000000 | e:   1.000000 | Q:        nan | won: False 
#  428 | steps: 18041 | steps_t:     0 | t: 120.784829 | r:  -488.000000 | e:   1.000000 | Q:        nan | won: False 
#  429 | steps: 18114 | steps_t:     0 | t: 121.388215 | r:   156.000000 | e:   1.000000 | Q:        nan | won: True 
#  430 | steps: 18171 | steps_t:     0 | t: 121.882891 | r:  -461.000000 | e:   1.000000 | Q:        nan | won: False 
#  431 | steps: 18227 | steps_t:     0 | t: 122.338671 | r:  -533.000000 | e:   1.000000 | Q:        nan | won: False 
#  432 | steps: 18292 | steps_t:     0 | t: 122.892191 | r:  -509.000000 | e:   1.000000 | Q:        nan | won: False 
#  433 | steps: 18320 | steps_t:     0 | t: 123.122574 | r:  -494.000000 | e:   1.000000 | Q:        nan | won: False 
#  434 | steps: 18402 | steps_t:     0 | t: 123.774828 | r:  -475.000000 | e:   1.000000 | Q:        nan | won: False 
#  435 | steps: 18407 | steps_t:     0 | t: 123.814722 | r:  -504.000000 | e:   1.000000 | Q:        nan | won: False 
#  436 | steps: 18455 | steps_t:     0 | t: 124.225624 | r:  -419.000000 | e:   1.000000 | Q:        nan | won: False 
#  437 | steps: 18491 | steps_t:     0 | t: 124.531804 | r:  -451.000000 | e:   1.000000 | Q:        nan | won: False 
#  438 | steps: 18546 | steps_t:     0 | t: 124.987584 | r:  -437.000000 | e:   1.000000 | Q:        nan | won: False 
#  439 | steps: 18578 | steps_t:     0 | t: 125.248885 | r:  -414.000000 | e:   1.000000 | Q:        nan | won: False 
#  440 | steps: 18640 | steps_t:     0 | t: 125.782459 | r:  -488.000000 | e:   1.000000 | Q:        nan | won: False 
#  441 | steps: 18650 | steps_t:     0 | t: 125.858254 | r:  -509.000000 | e:   1.000000 | Q:        nan | won: False 
#  442 | steps: 18742 | steps_t:     0 | t: 126.626200 | r:  -496.000000 | e:   1.000000 | Q:        nan | won: False 
#  443 | steps: 18750 | steps_t:     0 | t: 126.688035 | r:  -507.000000 | e:   1.000000 | Q:        nan | won: False 
#  444 | steps: 18791 | steps_t:     0 | t: 127.051064 | r:  -383.000000 | e:   1.000000 | Q:        nan | won: False 
#  445 | steps: 18810 | steps_t:     0 | t: 127.232579 | r:  -518.000000 | e:   1.000000 | Q:        nan | won: False 
#  446 | steps: 18890 | steps_t:     0 | t: 127.877851 | r:  -451.000000 | e:   1.000000 | Q:        nan | won: False 
#  447 | steps: 18902 | steps_t:     0 | t: 127.974596 | r:  -511.000000 | e:   1.000000 | Q:        nan | won: False 
#  448 | steps: 18951 | steps_t:     0 | t: 128.398458 | r:  -526.000000 | e:   1.000000 | Q:        nan | won: False 
#  449 | steps: 18963 | steps_t:     0 | t: 128.492207 | r:  -511.000000 | e:   1.000000 | Q:        nan | won: False 
#  450 | steps: 19035 | steps_t:     0 | t: 129.102574 | r:  -505.000000 | e:   1.000000 | Q:        nan | won: False 
#  451 | steps: 19086 | steps_t:     0 | t: 129.534418 | r:  -477.000000 | e:   1.000000 | Q:        nan | won: False 
#  452 | steps: 19096 | steps_t:     0 | t: 129.608222 | r:  -498.000000 | e:   1.000000 | Q:        nan | won: False 
#  453 | steps: 19160 | steps_t:     0 | t: 130.129826 | r:  -541.000000 | e:   1.000000 | Q:        nan | won: False 
#  454 | steps: 19218 | steps_t:     0 | t: 130.604556 | r:  -546.000000 | e:   1.000000 | Q:        nan | won: False 
#  455 | steps: 19277 | steps_t:     0 | t: 131.081281 | r:  -474.000000 | e:   1.000000 | Q:        nan | won: False 
#  456 | steps: 19292 | steps_t:     0 | t: 131.195973 | r:  -503.000000 | e:   1.000000 | Q:        nan | won: False 
#  457 | steps: 19321 | steps_t:     0 | t: 131.423364 | r:  -455.000000 | e:   1.000000 | Q:        nan | won: False 
#  458 | steps: 19399 | steps_t:     0 | t: 132.233198 | r:  -471.000000 | e:   1.000000 | Q:        nan | won: False 
#  459 | steps: 19458 | steps_t:     0 | t: 132.695960 | r:  -463.000000 | e:   1.000000 | Q:        nan | won: False 
#  460 | steps: 19475 | steps_t:     0 | t: 132.846561 | r:  -516.000000 | e:   1.000000 | Q:        nan | won: False 
#  461 | steps: 19534 | steps_t:     0 | t: 133.358188 | r:  -430.000000 | e:   1.000000 | Q:        nan | won: False 
#  462 | steps: 19595 | steps_t:     0 | t: 133.852864 | r:   117.000000 | e:   1.000000 | Q:        nan | won: True 
#  463 | steps: 19691 | steps_t:     0 | t: 134.637765 | r:  -478.000000 | e:   1.000000 | Q:        nan | won: False 
#  464 | steps: 19702 | steps_t:     0 | t: 134.718549 | r:  -510.000000 | e:   1.000000 | Q:        nan | won: False 
#  465 | steps: 19723 | steps_t:     0 | t: 134.886100 | r:  -509.000000 | e:   1.000000 | Q:        nan | won: False 
#  466 | steps: 19734 | steps_t:     0 | t: 135.000793 | r:  -499.000000 | e:   1.000000 | Q:        nan | won: False 
#  467 | steps: 19767 | steps_t:     0 | t: 135.287027 | r:  -466.000000 | e:   1.000000 | Q:        nan | won: False 
#  468 | steps: 19785 | steps_t:     0 | t: 135.420669 | r:  -444.000000 | e:   1.000000 | Q:        nan | won: False 
#  469 | steps: 19803 | steps_t:     0 | t: 135.559299 | r:  -444.000000 | e:   1.000000 | Q:        nan | won: False 
#  470 | steps: 19858 | steps_t:     0 | t: 135.973191 | r:   123.000000 | e:   1.000000 | Q:        nan | won: True 
#  471 | steps: 19919 | steps_t:     0 | t: 136.517733 | r:  -549.000000 | e:   1.000000 | Q:        nan | won: False 
#  472 | steps: 19937 | steps_t:     0 | t: 136.653372 | r:  -506.000000 | e:   1.000000 | Q:        nan | won: False 
#  473 | steps: 19958 | steps_t:     0 | t: 136.828902 | r:  -498.000000 | e:   1.000000 | Q:        nan | won: False 
#  474 | steps: 19965 | steps_t:     0 | t: 136.879765 | r:  -495.000000 | e:   1.000000 | Q:        nan | won: False 
#  475 | steps: 20006 | steps_t:     0 | t: 137.244803 | r:  -423.000000 | e:   1.000000 | Q:        nan | won: False 
#  476 | steps: 20073 | steps_t:     0 | t: 137.794319 | r:  -511.000000 | e:   1.000000 | Q:        nan | won: False 
#  477 | steps: 20088 | steps_t:     0 | t: 137.907017 | r:  -452.000000 | e:   1.000000 | Q:        nan | won: False 
#  478 | steps: 20108 | steps_t:     0 | t: 138.070579 | r:  -497.000000 | e:   1.000000 | Q:        nan | won: False 
#  479 | steps: 20149 | steps_t:     0 | t: 138.447571 | r:  -416.000000 | e:   1.000000 | Q:        nan | won: False 
#  480 | steps: 20182 | steps_t:     0 | t: 138.714856 | r:  -532.000000 | e:   1.000000 | Q:        nan | won: False 
#  481 | steps: 20238 | steps_t:     0 | t: 139.160663 | r:  -449.000000 | e:   1.000000 | Q:        nan | won: False 
#  482 | steps: 20260 | steps_t:     0 | t: 139.343181 | r:  -408.000000 | e:   1.000000 | Q:        nan | won: False 
#  483 | steps: 20312 | steps_t:     0 | t: 139.786988 | r:  -478.000000 | e:   1.000000 | Q:        nan | won: False 
#  484 | steps: 20324 | steps_t:     0 | t: 139.872757 | r:  -511.000000 | e:   1.000000 | Q:        nan | won: False 
#  485 | steps: 20388 | steps_t:     0 | t: 140.360452 | r:  -457.000000 | e:   1.000000 | Q:        nan | won: False 
#  486 | steps: 20399 | steps_t:     0 | t: 140.448218 | r:  -510.000000 | e:   1.000000 | Q:        nan | won: False 
#  487 | steps: 20410 | steps_t:     0 | t: 140.552937 | r:  -488.000000 | e:   1.000000 | Q:        nan | won: False 
#  488 | steps: 20461 | steps_t:     0 | t: 140.984787 | r:  -484.000000 | e:   1.000000 | Q:        nan | won: False 
#  489 | steps: 20472 | steps_t:     0 | t: 141.068557 | r:  -499.000000 | e:   1.000000 | Q:        nan | won: False 
#  490 | steps: 20525 | steps_t:     0 | t: 141.473475 | r:  -508.000000 | e:   1.000000 | Q:        nan | won: False 
#  491 | steps: 20560 | steps_t:     0 | t: 141.802594 | r:  -450.000000 | e:   1.000000 | Q:        nan | won: False 
#  492 | steps: 20607 | steps_t:     0 | t: 142.160636 | r:   131.000000 | e:   1.000000 | Q:        nan | won: True 
#  493 | steps: 20617 | steps_t:     0 | t: 142.236433 | r:  -498.000000 | e:   1.000000 | Q:        nan | won: False 
#  494 | steps: 20662 | steps_t:     0 | t: 142.582507 | r:  -482.000000 | e:   1.000000 | Q:        nan | won: False 
#  495 | steps: 20685 | steps_t:     0 | t: 142.827858 | r:  -467.000000 | e:   1.000000 | Q:        nan | won: False 
#  496 | steps: 20711 | steps_t:     0 | t: 143.034299 | r:  -503.000000 | e:   1.000000 | Q:        nan | won: False 
#  497 | steps: 20728 | steps_t:     0 | t: 143.163951 | r:  -443.000000 | e:   1.000000 | Q:        nan | won: False 
#  498 | steps: 20747 | steps_t:     0 | t: 143.312554 | r:  -507.000000 | e:   1.000000 | Q:        nan | won: False 
#  499 | steps: 20770 | steps_t:     0 | t: 143.485093 | r:  -522.000000 | e:   1.000000 | Q:        nan | won: False 
#  500 | steps: 20778 | steps_t:     0 | t: 143.546934 | r:  -507.000000 | e:   1.000000 | Q:        nan | won: False 
#  501 | steps: 20784 | steps_t:     0 | t: 143.592805 | r:  -505.000000 | e:   1.000000 | Q:        nan | won: False 
#  502 | steps: 20840 | steps_t:     0 | t: 144.096457 | r:  -482.000000 | e:   1.000000 | Q:        nan | won: False 
#  503 | steps: 20875 | steps_t:     0 | t: 144.363741 | r:  -490.000000 | e:   1.000000 | Q:        nan | won: False 
#  504 | steps: 20901 | steps_t:     0 | t: 144.559218 | r:  -423.000000 | e:   1.000000 | Q:        nan | won: False 
#  505 | steps: 20956 | steps_t:     0 | t: 145.059879 | r:  -543.000000 | e:   1.000000 | Q:        nan | won: False 
#  506 | steps: 20966 | steps_t:     0 | t: 145.136673 | r:  -509.000000 | e:   1.000000 | Q:        nan | won: False 
#  507 | steps: 20976 | steps_t:     0 | t: 145.212471 | r:  -509.000000 | e:   1.000000 | Q:        nan | won: False 
#  508 | steps: 20996 | steps_t:     0 | t: 145.372044 | r:  -435.000000 | e:   1.000000 | Q:        nan | won: False 
#  509 | steps: 21019 | steps_t:     0 | t: 145.546577 | r:  -500.000000 | e:   1.000000 | Q:        nan | won: False 
#  510 | steps: 21043 | steps_t:     0 | t: 145.724101 | r:  -501.000000 | e:   1.000000 | Q:        nan | won: False 
#  511 | steps: 21085 | steps_t:     0 | t: 146.122036 | r:  -468.000000 | e:   1.000000 | Q:        nan | won: False 
#  512 | steps: 21110 | steps_t:     0 | t: 146.313525 | r:  -462.000000 | e:   1.000000 | Q:        nan | won: False 
#  513 | steps: 21157 | steps_t:     0 | t: 146.667577 | r:  -462.000000 | e:   1.000000 | Q:        nan | won: False 
#  514 | steps: 21203 | steps_t:     0 | t: 147.032600 | r:  -461.000000 | e:   1.000000 | Q:        nan | won: False 
#  515 | steps: 21229 | steps_t:     0 | t: 147.311854 | r:  -503.000000 | e:   1.000000 | Q:        nan | won: False 
#  516 | steps: 21283 | steps_t:     0 | t: 147.717767 | r:  -469.000000 | e:   1.000000 | Q:        nan | won: False 
#  517 | steps: 21350 | steps_t:     0 | t: 148.320155 | r:  -533.000000 | e:   1.000000 | Q:        nan | won: False 
#  518 | steps: 21407 | steps_t:     0 | t: 148.752997 | r:  -483.000000 | e:   1.000000 | Q:        nan | won: False 
#  519 | steps: 21447 | steps_t:     0 | t: 149.069151 | r:  -455.000000 | e:   1.000000 | Q:        nan | won: False 
#  520 | steps: 21469 | steps_t:     0 | t: 149.233711 | r:  -499.000000 | e:   1.000000 | Q:        nan | won: False 
#  521 | steps: 21528 | steps_t:     0 | t: 149.757311 | r:  -485.000000 | e:   1.000000 | Q:        nan | won: False 
#  522 | steps: 21553 | steps_t:     0 | t: 149.948797 | r:  -462.000000 | e:   1.000000 | Q:        nan | won: False 
#  523 | steps: 21589 | steps_t:     0 | t: 150.230046 | r:  -462.000000 | e:   1.000000 | Q:        nan | won: False 
#  524 | steps: 21666 | steps_t:     0 | t: 150.887298 | r:  -554.000000 | e:   1.000000 | Q:        nan | won: False 
#  525 | steps: 21716 | steps_t:     0 | t: 151.292204 | r:  -505.000000 | e:   1.000000 | Q:        nan | won: False 
#  526 | steps: 21731 | steps_t:     0 | t: 151.404904 | r:  -492.000000 | e:   1.000000 | Q:        nan | won: False 
#  527 | steps: 21807 | steps_t:     0 | t: 152.063141 | r:  -520.000000 | e:   1.000000 | Q:        nan | won: False 
#  528 | steps: 21827 | steps_t:     0 | t: 152.212753 | r:  -435.000000 | e:   1.000000 | Q:        nan | won: False 
#  529 | steps: 21887 | steps_t:     0 | t: 152.743321 | r:  -537.000000 | e:   1.000000 | Q:        nan | won: False 
#  530 | steps: 21908 | steps_t:     0 | t: 152.915859 | r:  -447.000000 | e:   1.000000 | Q:        nan | won: False 
#  531 | steps: 21924 | steps_t:     0 | t: 153.065459 | r:  -504.000000 | e:   1.000000 | Q:        nan | won: False 
#  532 | steps: 21935 | steps_t:     0 | t: 153.150232 | r:  -510.000000 | e:   1.000000 | Q:        nan | won: False 
#  533 | steps: 21947 | steps_t:     0 | t: 153.238994 | r:  -500.000000 | e:   1.000000 | Q:        nan | won: False 
#  534 | steps: 21965 | steps_t:     0 | t: 153.378624 | r:  -404.000000 | e:   1.000000 | Q:        nan | won: False 
#  535 | steps: 22018 | steps_t:     0 | t: 153.846369 | r:  -446.000000 | e:   1.000000 | Q:        nan | won: False 
#  536 | steps: 22032 | steps_t:     0 | t: 153.954082 | r:  -502.000000 | e:   1.000000 | Q:        nan | won: False 
#  537 | steps: 22076 | steps_t:     0 | t: 154.301154 | r:  -470.000000 | e:   1.000000 | Q:        nan | won: False 
#  538 | steps: 22143 | steps_t:     0 | t: 154.863649 | r:  -544.000000 | e:   1.000000 | Q:        nan | won: False 
#  539 | steps: 22172 | steps_t:     0 | t: 155.122954 | r:  -506.000000 | e:   1.000000 | Q:        nan | won: False 
#  540 | steps: 22222 | steps_t:     0 | t: 155.516900 | r:  -443.000000 | e:   1.000000 | Q:        nan | won: False 
#  541 | steps: 22273 | steps_t:     0 | t: 155.988639 | r:  -477.000000 | e:   1.000000 | Q:        nan | won: False 
#  542 | steps: 22287 | steps_t:     0 | t: 156.167161 | r:  -502.000000 | e:   1.000000 | Q:        nan | won: False 
#  543 | steps: 22345 | steps_t:     0 | t: 156.647874 | r:  -484.000000 | e:   1.000000 | Q:        nan | won: False 
#  544 | steps: 22411 | steps_t:     0 | t: 157.278188 | r:  -492.000000 | e:   1.000000 | Q:        nan | won: False 
#  545 | steps: 22490 | steps_t:     0 | t: 158.178782 | r:  -556.000000 | e:   1.000000 | Q:        nan | won: False 
#  546 | steps: 22582 | steps_t:     0 | t: 158.958692 | r:  -485.000000 | e:   1.000000 | Q:        nan | won: False 
#  547 | steps: 22633 | steps_t:     0 | t: 159.460349 | r:  -455.000000 | e:   1.000000 | Q:        nan | won: False 
#  548 | steps: 22681 | steps_t:     0 | t: 159.872250 | r:  -463.000000 | e:   1.000000 | Q:        nan | won: False 
#  549 | steps: 22739 | steps_t:     0 | t: 160.397841 | r:  -535.000000 | e:   1.000000 | Q:        nan | won: False 
#  550 | steps: 22754 | steps_t:     0 | t: 160.544449 | r:  -470.000000 | e:   1.000000 | Q:        nan | won: False 
#  551 | steps: 22813 | steps_t:     0 | t: 161.064058 | r:  -492.000000 | e:   1.000000 | Q:        nan | won: False 
#  552 | steps: 22831 | steps_t:     0 | t: 161.248566 | r:  -473.000000 | e:   1.000000 | Q:        nan | won: False 
#  553 | steps: 22931 | steps_t:     0 | t: 162.199026 | r:  -566.000000 | e:   1.000000 | Q:        nan | won: False 
#  554 | steps: 22952 | steps_t:     0 | t: 162.443368 | r:  -520.000000 | e:   1.000000 | Q:        nan | won: False 
#  555 | steps: 23009 | steps_t:     0 | t: 162.993896 | r:  -472.000000 | e:   1.000000 | Q:        nan | won: False 
#  556 | steps: 23030 | steps_t:     0 | t: 163.168444 | r:  -447.000000 | e:   1.000000 | Q:        nan | won: False 
#  557 | steps: 23089 | steps_t:     0 | t: 163.857584 | r:  -474.000000 | e:   1.000000 | Q:        nan | won: False 
#  558 | steps: 23125 | steps_t:     0 | t: 164.255519 | r:  -440.000000 | e:   1.000000 | Q:        nan | won: False 
#  559 | steps: 23178 | steps_t:     0 | t: 164.811032 | r:  -468.000000 | e:   1.000000 | Q:        nan | won: False 
#  560 | steps: 23190 | steps_t:     0 | t: 164.929715 | r:  -511.000000 | e:   1.000000 | Q:        nan | won: False 
#  561 | steps: 23199 | steps_t:     0 | t: 165.011496 | r:  -497.000000 | e:   1.000000 | Q:        nan | won: False 
#  562 | steps: 23325 | steps_t:     0 | t: 166.324995 | r:  -581.000000 | e:   1.000000 | Q:        nan | won: False 
#  563 | steps: 23383 | steps_t:     0 | t: 166.849578 | r:  -535.000000 | e:   1.000000 | Q:        nan | won: False 
#  564 | steps: 23438 | steps_t:     0 | t: 167.342266 | r:  -488.000000 | e:   1.000000 | Q:        nan | won: False 
#  565 | steps: 23515 | steps_t:     0 | t: 168.073305 | r:  -499.000000 | e:   1.000000 | Q:        nan | won: False 
#  566 | steps: 23527 | steps_t:     0 | t: 168.165065 | r:  -511.000000 | e:   1.000000 | Q:        nan | won: False 
#  567 | steps: 23537 | steps_t:     0 | t: 168.273767 | r:  -509.000000 | e:   1.000000 | Q:        nan | won: False 
#  568 | steps: 23572 | steps_t:     0 | t: 168.548033 | r:  -461.000000 | e:   1.000000 | Q:        nan | won: False 
#  569 | steps: 23616 | steps_t:     0 | t: 168.884136 | r:  -459.000000 | e:   1.000000 | Q:        nan | won: False 
#  570 | steps: 23670 | steps_t:     0 | t: 169.375824 | r:  -447.000000 | e:   1.000000 | Q:        nan | won: False 
#  571 | steps: 23750 | steps_t:     0 | t: 169.977210 | r:  -502.000000 | e:   1.000000 | Q:        nan | won: False 
#  572 | steps: 23774 | steps_t:     0 | t: 170.316304 | r:  -428.000000 | e:   1.000000 | Q:        nan | won: False 
#  573 | steps: 23780 | steps_t:     0 | t: 170.367167 | r:  -505.000000 | e:   1.000000 | Q:        nan | won: False 
#  574 | steps: 23820 | steps_t:     0 | t: 170.711251 | r:  -477.000000 | e:   1.000000 | Q:        nan | won: False 
#  575 | steps: 23891 | steps_t:     0 | t: 171.288702 | r:  -497.000000 | e:   1.000000 | Q:        nan | won: False 
#  576 | steps: 23949 | steps_t:     0 | t: 171.773405 | r:  -491.000000 | e:   1.000000 | Q:        nan | won: False 
#  577 | steps: 23961 | steps_t:     0 | t: 171.867153 | r:  -511.000000 | e:   1.000000 | Q:        nan | won: False 
#  578 | steps: 24021 | steps_t:     0 | t: 172.379782 | r:  -515.000000 | e:   1.000000 | Q:        nan | won: False 
#  579 | steps: 24050 | steps_t:     0 | t: 172.597200 | r:  -506.000000 | e:   1.000000 | Q:        nan | won: False 
#  580 | steps: 24088 | steps_t:     0 | t: 172.923331 | r:  -526.000000 | e:   1.000000 | Q:        nan | won: False 
#  581 | steps: 24108 | steps_t:     0 | t: 173.084896 | r:  -519.000000 | e:   1.000000 | Q:        nan | won: False 
#  582 | steps: 24167 | steps_t:     0 | t: 173.582563 | r:  -463.000000 | e:   1.000000 | Q:        nan | won: False 
#  583 | steps: 24205 | steps_t:     0 | t: 173.932627 | r:  -442.000000 | e:   1.000000 | Q:        nan | won: False 
#  584 | steps: 24227 | steps_t:     0 | t: 174.100178 | r:  -510.000000 | e:   1.000000 | Q:        nan | won: False 
#  585 | steps: 24236 | steps_t:     0 | t: 174.170990 | r:  -508.000000 | e:   1.000000 | Q:        nan | won: False 
#  586 | steps: 24260 | steps_t:     0 | t: 174.388410 | r:  -501.000000 | e:   1.000000 | Q:        nan | won: False 
#  587 | steps: 24300 | steps_t:     0 | t: 174.706556 | r:   189.000000 | e:   1.000000 | Q:        nan | won: True 
#  588 | steps: 24362 | steps_t:     0 | t: 175.241128 | r:  -488.000000 | e:   1.000000 | Q:        nan | won: False 
#  589 | steps: 24399 | steps_t:     0 | t: 175.561269 | r:  -452.000000 | e:   1.000000 | Q:        nan | won: False 
#  590 | steps: 24429 | steps_t:     0 | t: 175.787664 | r:  -445.000000 | e:   1.000000 | Q:        nan | won: False 
#  591 | steps: 24517 | steps_t:     0 | t: 176.509731 | r:   141.000000 | e:   1.000000 | Q:        nan | won: True 
#  592 | steps: 24542 | steps_t:     0 | t: 176.750091 | r:  -429.000000 | e:   1.000000 | Q:        nan | won: False 
#  593 | steps: 24602 | steps_t:     0 | t: 177.262718 | r:  -497.000000 | e:   1.000000 | Q:        nan | won: False 
#  594 | steps: 24625 | steps_t:     0 | t: 177.437250 | r:  -449.000000 | e:   1.000000 | Q:        nan | won: False 
#  595 | steps: 24653 | steps_t:     0 | t: 177.692567 | r:  -505.000000 | e:   1.000000 | Q:        nan | won: False 
#  596 | steps: 24673 | steps_t:     0 | t: 177.844162 | r:  -446.000000 | e:   1.000000 | Q:        nan | won: False 
#  597 | steps: 24704 | steps_t:     0 | t: 178.081527 | r:  -475.000000 | e:   1.000000 | Q:        nan | won: False 
#  598 | steps: 24789 | steps_t:     0 | t: 178.879392 | r:  -500.000000 | e:   1.000000 | Q:        nan | won: False 
#  599 | steps: 24866 | steps_t:     0 | t: 179.511719 | r:  -543.000000 | e:   1.000000 | Q:        nan | won: False 
#  600 | steps: 24907 | steps_t:     0 | t: 179.845810 | r:  -474.000000 | e:   1.000000 | Q:        nan | won: False 
#  601 | steps: 24996 | steps_t:     0 | t: 180.610766 | r:  -482.000000 | e:   1.000000 | Q:        nan | won: False 
#  602 | steps: 25071 | steps_t:     0 | t: 181.270992 | r:  -497.000000 | e:   1.000000 | Q:        nan | won: False 
#  603 | steps: 25121 | steps_t:     0 | t: 182.068858 | r:  -516.000000 | e:   1.000000 | Q:        nan | won: False 
#  604 | steps: 25152 | steps_t:     0 | t: 182.448843 | r:  -508.000000 | e:   1.000000 | Q:        nan | won: False 
#  605 | steps: 25247 | steps_t:     0 | t: 183.295576 | r:   134.000000 | e:   1.000000 | Q:        nan | won: True 
#  606 | steps: 25321 | steps_t:     0 | t: 183.923896 | r:  -478.000000 | e:   1.000000 | Q:        nan | won: False 
#  607 | steps: 25360 | steps_t:     0 | t: 184.524291 | r:  -465.000000 | e:   1.000000 | Q:        nan | won: False 
#  608 | steps: 25425 | steps_t:     0 | t: 185.945486 | r:  -480.000000 | e:   1.000000 | Q:        nan | won: False 
#  609 | steps: 25447 | steps_t:     0 | t: 186.162904 | r:  -488.000000 | e:   1.000000 | Q:        nan | won: False 
#  610 | steps: 25503 | steps_t:     0 | t: 186.658578 | r:  -482.000000 | e:   1.000000 | Q:        nan | won: False 
#  611 | steps: 25523 | steps_t:     0 | t: 186.878988 | r:  -508.000000 | e:   1.000000 | Q:        nan | won: False 
#  612 | steps: 25571 | steps_t:     0 | t: 187.407575 | r:  -463.000000 | e:   1.000000 | Q:        nan | won: False 
#  613 | steps: 25611 | steps_t:     0 | t: 187.778581 | r:  -455.000000 | e:   1.000000 | Q:        nan | won: False 
#  614 | steps: 25660 | steps_t:     0 | t: 188.326117 | r:  -431.000000 | e:   1.000000 | Q:        nan | won: False 
#  615 | steps: 25677 | steps_t:     0 | t: 188.533561 | r:  -516.000000 | e:   1.000000 | Q:        nan | won: False 
#  616 | steps: 25708 | steps_t:     0 | t: 189.011282 | r:  -468.000000 | e:   1.000000 | Q:        nan | won: False 
#  617 | steps: 25725 | steps_t:     0 | t: 189.147919 | r:  -505.000000 | e:   1.000000 | Q:        nan | won: False 
#  618 | steps: 25743 | steps_t:     0 | t: 189.289538 | r:  -455.000000 | e:   1.000000 | Q:        nan | won: False 
#  619 | steps: 25782 | steps_t:     0 | t: 189.735345 | r:  -454.000000 | e:   1.000000 | Q:        nan | won: False 
#  620 | steps: 25868 | steps_t:     0 | t: 190.624966 | r:  -457.000000 | e:   1.000000 | Q:        nan | won: False 
#  621 | steps: 25890 | steps_t:     0 | t: 190.839392 | r:  -448.000000 | e:   1.000000 | Q:        nan | won: False 
#  622 | steps: 25965 | steps_t:     0 | t: 192.158861 | r:  -519.000000 | e:   1.000000 | Q:        nan | won: False 
#  623 | steps: 25978 | steps_t:     0 | t: 192.614643 | r:  -512.000000 | e:   1.000000 | Q:        nan | won: False 
#  624 | steps: 26025 | steps_t:     0 | t: 193.393557 | r:  -462.000000 | e:   1.000000 | Q:        nan | won: False 
#  625 | steps: 26075 | steps_t:     0 | t: 193.791492 | r:  -505.000000 | e:   1.000000 | Q:        nan | won: False 
#  626 | steps: 26098 | steps_t:     0 | t: 194.069748 | r:  -449.000000 | e:   1.000000 | Q:        nan | won: False 
#  627 | steps: 26108 | steps_t:     0 | t: 194.155519 | r:  -509.000000 | e:   1.000000 | Q:        nan | won: False 
#  628 | steps: 26169 | steps_t:     0 | t: 194.670142 | r:  -494.000000 | e:   1.000000 | Q:        nan | won: False 
#  629 | steps: 26258 | steps_t:     0 | t: 195.437092 | r:  -482.000000 | e:   1.000000 | Q:        nan | won: False 
#  630 | steps: 26286 | steps_t:     0 | t: 195.654509 | r:  -505.000000 | e:   1.000000 | Q:        nan | won: False 
#  631 | steps: 26342 | steps_t:     0 | t: 196.098321 | r:  -482.000000 | e:   1.000000 | Q:        nan | won: False 
#  632 | steps: 26388 | steps_t:     0 | t: 196.527173 | r:  -472.000000 | e:   1.000000 | Q:        nan | won: False 
#  633 | steps: 26444 | steps_t:     0 | t: 196.964042 | r:  -438.000000 | e:   1.000000 | Q:        nan | won: False 
#  634 | steps: 26486 | steps_t:     0 | t: 197.527497 | r:  -479.000000 | e:   1.000000 | Q:        nan | won: False 
#  635 | steps: 26539 | steps_t:     0 | t: 197.944381 | r:  -475.000000 | e:   1.000000 | Q:        nan | won: False 
#  636 | steps: 26636 | steps_t:     0 | t: 198.979611 | r:  -501.000000 | e:   1.000000 | Q:        nan | won: False 
#  637 | steps: 26678 | steps_t:     0 | t: 199.324689 | r:  -490.000000 | e:   1.000000 | Q:        nan | won: False 
#  638 | steps: 26733 | steps_t:     0 | t: 199.941041 | r:  -470.000000 | e:   1.000000 | Q:        nan | won: False 
#  639 | steps: 26742 | steps_t:     0 | t: 200.029802 | r:  -508.000000 | e:   1.000000 | Q:        nan | won: False 
#  640 | steps: 26801 | steps_t:     0 | t: 200.534453 | r:  -463.000000 | e:   1.000000 | Q:        nan | won: False 
#  641 | steps: 26837 | steps_t:     0 | t: 200.892493 | r:  -451.000000 | e:   1.000000 | Q:        nan | won: False 
#  642 | steps: 26904 | steps_t:     0 | t: 201.459975 | r:  -489.000000 | e:   1.000000 | Q:        nan | won: False 
#  643 | steps: 26916 | steps_t:     0 | t: 201.581649 | r:  -500.000000 | e:   1.000000 | Q:        nan | won: False 
#  644 | steps: 26929 | steps_t:     0 | t: 201.693351 | r:  -388.000000 | e:   1.000000 | Q:        nan | won: False 
#  645 | steps: 26970 | steps_t:     0 | t: 202.188031 | r:  -394.000000 | e:   1.000000 | Q:        nan | won: False 
#  646 | steps: 27054 | steps_t:     0 | t: 202.865215 | r:  -499.000000 | e:   1.000000 | Q:        nan | won: False 
#  647 | steps: 27125 | steps_t:     0 | t: 203.481571 | r:  -493.000000 | e:   1.000000 | Q:        nan | won: False 
#  648 | steps: 27173 | steps_t:     0 | t: 203.857561 | r:  -492.000000 | e:   1.000000 | Q:        nan | won: False 
#  649 | steps: 27213 | steps_t:     0 | t: 204.256492 | r:  -517.000000 | e:   1.000000 | Q:        nan | won: False 
#  650 | steps: 27263 | steps_t:     0 | t: 204.912737 | r:  -454.000000 | e:   1.000000 | Q:        nan | won: False 
#  651 | steps: 27351 | steps_t:     0 | t: 206.444638 | r:  -510.000000 | e:   1.000000 | Q:        nan | won: False 
#  652 | steps: 27372 | steps_t:     0 | t: 206.610195 | r:  -509.000000 | e:   1.000000 | Q:        nan | won: False 
#  653 | steps: 27398 | steps_t:     0 | t: 206.825619 | r:  -452.000000 | e:   1.000000 | Q:        nan | won: False 
#  654 | steps: 27409 | steps_t:     0 | t: 206.910392 | r:  -510.000000 | e:   1.000000 | Q:        nan | won: False 
#  655 | steps: 27437 | steps_t:     0 | t: 207.132797 | r:  -432.000000 | e:   1.000000 | Q:        nan | won: False 
#  656 | steps: 27527 | steps_t:     0 | t: 207.915702 | r:  -501.000000 | e:   1.000000 | Q:        nan | won: False 
#  657 | steps: 27565 | steps_t:     0 | t: 208.226870 | r:  -464.000000 | e:   1.000000 | Q:        nan | won: False 
#  658 | steps: 27626 | steps_t:     0 | t: 208.806319 | r:  -527.000000 | e:   1.000000 | Q:        nan | won: False 
#  659 | steps: 27707 | steps_t:     0 | t: 209.494477 | r:  -463.000000 | e:   1.000000 | Q:        nan | won: False 
#  660 | steps: 27781 | steps_t:     0 | t: 210.172664 | r:  -456.000000 | e:   1.000000 | Q:        nan | won: False 
#  661 | steps: 27829 | steps_t:     0 | t: 210.612487 | r:  -525.000000 | e:   1.000000 | Q:        nan | won: False 
#  662 | steps: 27866 | steps_t:     0 | t: 211.084226 | r:  -503.000000 | e:   1.000000 | Q:        nan | won: False 
#  663 | steps: 27922 | steps_t:     0 | t: 211.576906 | r:  -482.000000 | e:   1.000000 | Q:        nan | won: False 
#  664 | steps: 27937 | steps_t:     0 | t: 211.692597 | r:  -503.000000 | e:   1.000000 | Q:        nan | won: False 
#  665 | steps: 27963 | steps_t:     0 | t: 211.981822 | r:  -525.000000 | e:   1.000000 | Q:        nan | won: False 
#  666 | steps: 27996 | steps_t:     0 | t: 212.326899 | r:  -499.000000 | e:   1.000000 | Q:        nan | won: False 
#  667 | steps: 28040 | steps_t:     0 | t: 212.760746 | r:  -532.000000 | e:   1.000000 | Q:        nan | won: False 
#  668 | steps: 28050 | steps_t:     0 | t: 212.868450 | r:  -498.000000 | e:   1.000000 | Q:        nan | won: False 
#  669 | steps: 28092 | steps_t:     0 | t: 213.313260 | r:  -497.000000 | e:   1.000000 | Q:        nan | won: False 
#  670 | steps: 28115 | steps_t:     0 | t: 213.483804 | r:  -449.000000 | e:   1.000000 | Q:        nan | won: False 
#  671 | steps: 28178 | steps_t:     0 | t: 214.193905 | r:  -500.000000 | e:   1.000000 | Q:        nan | won: False 
#  672 | steps: 28233 | steps_t:     0 | t: 215.273025 | r:  -470.000000 | e:   1.000000 | Q:        nan | won: False 
#  673 | steps: 28347 | steps_t:     0 | t: 216.558578 | r:  -580.000000 | e:   1.000000 | Q:        nan | won: False 
#  674 | steps: 28384 | steps_t:     0 | t: 216.853788 | r:  -474.000000 | e:   1.000000 | Q:        nan | won: False 
#  675 | steps: 28427 | steps_t:     0 | t: 217.198865 | r:  -469.000000 | e:   1.000000 | Q:        nan | won: False 
#  676 | steps: 28446 | steps_t:     0 | t: 217.362439 | r:  -507.000000 | e:   1.000000 | Q:        nan | won: False 
#  677 | steps: 28458 | steps_t:     0 | t: 217.466160 | r:  -511.000000 | e:   1.000000 | Q:        nan | won: False 
#  678 | steps: 28482 | steps_t:     0 | t: 217.689554 | r:  -461.000000 | e:   1.000000 | Q:        nan | won: False 
#  679 | steps: 28527 | steps_t:     0 | t: 218.048591 | r:  -460.000000 | e:   1.000000 | Q:        nan | won: False 
#  680 | steps: 28601 | steps_t:     0 | t: 218.740738 | r:  -500.000000 | e:   1.000000 | Q:        nan | won: False 
#  681 | steps: 28607 | steps_t:     0 | t: 218.791603 | r:  -505.000000 | e:   1.000000 | Q:        nan | won: False 
#  682 | steps: 28625 | steps_t:     0 | t: 218.955164 | r:  -517.000000 | e:   1.000000 | Q:        nan | won: False 
#  683 | steps: 28674 | steps_t:     0 | t: 219.369057 | r:  -442.000000 | e:   1.000000 | Q:        nan | won: False 
#  684 | steps: 28695 | steps_t:     0 | t: 219.582488 | r:  -436.000000 | e:   1.000000 | Q:        nan | won: False 
#  685 | steps: 28743 | steps_t:     0 | t: 220.017323 | r:  -452.000000 | e:   1.000000 | Q:        nan | won: False 
#  686 | steps: 28759 | steps_t:     0 | t: 220.147975 | r:  -515.000000 | e:   1.000000 | Q:        nan | won: False 
#  687 | steps: 28770 | steps_t:     0 | t: 220.235740 | r:  -510.000000 | e:   1.000000 | Q:        nan | won: False 
#  688 | steps: 28819 | steps_t:     0 | t: 220.666585 | r:  -431.000000 | e:   1.000000 | Q:        nan | won: False 
#  689 | steps: 28853 | steps_t:     0 | t: 220.991716 | r:  -460.000000 | e:   1.000000 | Q:        nan | won: False 
#  690 | steps: 28870 | steps_t:     0 | t: 221.136330 | r:  -505.000000 | e:   1.000000 | Q:        nan | won: False 
#  691 | steps: 28908 | steps_t:     0 | t: 221.432536 | r:  -482.000000 | e:   1.000000 | Q:        nan | won: False 
#  692 | steps: 28960 | steps_t:     0 | t: 221.908265 | r:  -489.000000 | e:   1.000000 | Q:        nan | won: False 
#  693 | steps: 29018 | steps_t:     0 | t: 222.434855 | r:  -462.000000 | e:   1.000000 | Q:        nan | won: False 
#  694 | steps: 29059 | steps_t:     0 | t: 222.766979 | r:  -529.000000 | e:   1.000000 | Q:        nan | won: False 
#  695 | steps: 29092 | steps_t:     0 | t: 223.093094 | r:  -510.000000 | e:   1.000000 | Q:        nan | won: False 
#  696 | steps: 29132 | steps_t:     0 | t: 223.431188 | r:  -444.000000 | e:   1.000000 | Q:        nan | won: False 
#  697 | steps: 29195 | steps_t:     0 | t: 223.981716 | r:  -551.000000 | e:   1.000000 | Q:        nan | won: False 
#  698 | steps: 29225 | steps_t:     0 | t: 224.269944 | r:  -518.000000 | e:   1.000000 | Q:        nan | won: False 
#  699 | steps: 29230 | steps_t:     0 | t: 224.310836 | r:  -504.000000 | e:   1.000000 | Q:        nan | won: False 
#  700 | steps: 29288 | steps_t:     0 | t: 225.108701 | r:  -484.000000 | e:   1.000000 | Q:        nan | won: False 
#  701 | steps: 29407 | steps_t:     0 | t: 226.491999 | r:  -523.000000 | e:   1.000000 | Q:        nan | won: False 
#  702 | steps: 29417 | steps_t:     0 | t: 226.616669 | r:  -487.000000 | e:   1.000000 | Q:        nan | won: False 
#  703 | steps: 29450 | steps_t:     0 | t: 227.063470 | r:  -448.000000 | e:   1.000000 | Q:        nan | won: False 
#  704 | steps: 29521 | steps_t:     0 | t: 227.791523 | r:  -464.000000 | e:   1.000000 | Q:        nan | won: False 
#  705 | steps: 29528 | steps_t:     0 | t: 227.855356 | r:  -506.000000 | e:   1.000000 | Q:        nan | won: False 
#  706 | steps: 29555 | steps_t:     0 | t: 228.110669 | r:  -442.000000 | e:   1.000000 | Q:        nan | won: False 
#  707 | steps: 29608 | steps_t:     0 | t: 228.627286 | r:  -384.000000 | e:   1.000000 | Q:        nan | won: False 
#  708 | steps: 29621 | steps_t:     0 | t: 228.803815 | r:  -439.000000 | e:   1.000000 | Q:        nan | won: False 
#  709 | steps: 29653 | steps_t:     0 | t: 229.112988 | r:  -498.000000 | e:   1.000000 | Q:        nan | won: False 
#  710 | steps: 29685 | steps_t:     0 | t: 229.490975 | r:  -469.000000 | e:   1.000000 | Q:        nan | won: False 
#  711 | steps: 29743 | steps_t:     0 | t: 230.183124 | r:  -502.000000 | e:   1.000000 | Q:        nan | won: False 
#  712 | steps: 29810 | steps_t:     0 | t: 231.294150 | r:  -522.000000 | e:   1.000000 | Q:        nan | won: False 
#  713 | steps: 29835 | steps_t:     0 | t: 231.522540 | r:  -513.000000 | e:   1.000000 | Q:        nan | won: False 
#  714 | steps: 29862 | steps_t:     0 | t: 231.798800 | r:  -442.000000 | e:   1.000000 | Q:        nan | won: False 
#  715 | steps: 29889 | steps_t:     0 | t: 232.107975 | r:  -453.000000 | e:   1.000000 | Q:        nan | won: False 
#  716 | steps: 29920 | steps_t:     0 | t: 232.422133 | r:  -384.000000 | e:   1.000000 | Q:        nan | won: False 
#  717 | steps: 29934 | steps_t:     0 | t: 232.533834 | r:  -491.000000 | e:   1.000000 | Q:        nan | won: False 
#  718 | steps: 29944 | steps_t:     0 | t: 232.652516 | r:  -509.000000 | e:   1.000000 | Q:        nan | won: False 
#  719 | steps: 30023 | steps_t:     0 | t: 233.484298 | r:   150.000000 | e:   1.000000 | Q:        nan | won: True 
#  720 | steps: 30078 | steps_t:     0 | t: 234.000910 | r:  -532.000000 | e:   1.000000 | Q:        nan | won: False 
#  721 | steps: 30143 | steps_t:     0 | t: 234.580358 | r:  -531.000000 | e:   1.000000 | Q:        nan | won: False 
#  722 | steps: 30174 | steps_t:     0 | t: 234.844651 | r:  -395.000000 | e:   1.000000 | Q:        nan | won: False 
#  723 | steps: 30180 | steps_t:     0 | t: 234.901499 | r:  -505.000000 | e:   1.000000 | Q:        nan | won: False 
#  724 | steps: 30207 | steps_t:     0 | t: 235.116923 | r:  -515.000000 | e:   1.000000 | Q:        nan | won: False 
#  725 | steps: 30220 | steps_t:     0 | t: 235.218650 | r:  -512.000000 | e:   1.000000 | Q:        nan | won: False 
#  726 | steps: 30228 | steps_t:     0 | t: 235.288463 | r:  -507.000000 | e:   1.000000 | Q:        nan | won: False 
#  727 | steps: 30284 | steps_t:     0 | t: 235.765188 | r:  -482.000000 | e:   1.000000 | Q:        nan | won: False 
#  728 | steps: 30351 | steps_t:     0 | t: 236.312723 | r:  -449.000000 | e:   1.000000 | Q:        nan | won: False 
#  729 | steps: 30397 | steps_t:     0 | t: 236.728611 | r:  -512.000000 | e:   1.000000 | Q:        nan | won: False 
#  730 | steps: 30454 | steps_t:     0 | t: 237.231273 | r:  -534.000000 | e:   1.000000 | Q:        nan | won: False 
#  731 | steps: 30514 | steps_t:     0 | t: 237.739904 | r:  -475.000000 | e:   1.000000 | Q:        nan | won: False 
#  732 | steps: 30602 | steps_t:     0 | t: 238.466960 | r:  -470.000000 | e:   1.000000 | Q:        nan | won: False 
#  733 | steps: 30612 | steps_t:     0 | t: 238.543755 | r:  -458.000000 | e:   1.000000 | Q:        nan | won: False 
#  734 | steps: 30637 | steps_t:     0 | t: 238.779124 | r:  -440.000000 | e:   1.000000 | Q:        nan | won: False 
#  735 | steps: 30728 | steps_t:     0 | t: 239.555047 | r:  -473.000000 | e:   1.000000 | Q:        nan | won: False 
#  736 | steps: 30751 | steps_t:     0 | t: 239.729580 | r:  -511.000000 | e:   1.000000 | Q:        nan | won: False 
#  737 | steps: 30808 | steps_t:     0 | t: 240.195335 | r:  -439.000000 | e:   1.000000 | Q:        nan | won: False 
#  738 | steps: 30818 | steps_t:     0 | t: 240.290081 | r:  -509.000000 | e:   1.000000 | Q:        nan | won: False 
#  739 | steps: 30828 | steps_t:     0 | t: 240.374854 | r:  -498.000000 | e:   1.000000 | Q:        nan | won: False 
#  740 | steps: 30867 | steps_t:     0 | t: 240.679041 | r:  -472.000000 | e:   1.000000 | Q:        nan | won: False 
#  741 | steps: 30877 | steps_t:     0 | t: 240.753841 | r:  -509.000000 | e:   1.000000 | Q:        nan | won: False 
#  742 | steps: 30898 | steps_t:     0 | t: 240.917403 | r:  -487.000000 | e:   1.000000 | Q:        nan | won: False 
#  743 | steps: 30959 | steps_t:     0 | t: 241.447983 | r:  -465.000000 | e:   1.000000 | Q:        nan | won: False 
#  744 | steps: 30972 | steps_t:     0 | t: 241.550709 | r:  -501.000000 | e:   1.000000 | Q:        nan | won: False 
#  745 | steps: 30982 | steps_t:     0 | t: 241.634484 | r:  -509.000000 | e:   1.000000 | Q:        nan | won: False 
#  746 | steps: 31061 | steps_t:     0 | t: 242.353560 | r:  -534.000000 | e:   1.000000 | Q:        nan | won: False 
#  747 | steps: 31103 | steps_t:     0 | t: 242.724569 | r:  -457.000000 | e:   1.000000 | Q:        nan | won: False 
#  748 | steps: 31149 | steps_t:     0 | t: 243.216252 | r:   183.000000 | e:   1.000000 | Q:        nan | won: True 
#  749 | steps: 31167 | steps_t:     0 | t: 243.418711 | r:  -444.000000 | e:   1.000000 | Q:        nan | won: False 
#  750 | steps: 31238 | steps_t:     0 | t: 244.116846 | r:  -515.000000 | e:   1.000000 | Q:        nan | won: False 
#  751 | steps: 31256 | steps_t:     0 | t: 244.296365 | r:  -455.000000 | e:   1.000000 | Q:        nan | won: False 
#  752 | steps: 31332 | steps_t:     0 | t: 245.063310 | r:  -553.000000 | e:   1.000000 | Q:        nan | won: False 
#  753 | steps: 31348 | steps_t:     0 | t: 245.227870 | r:  -504.000000 | e:   1.000000 | Q:        nan | won: False 
#  754 | steps: 31372 | steps_t:     0 | t: 245.493161 | r:  -512.000000 | e:   1.000000 | Q:        nan | won: False 
#  755 | steps: 31401 | steps_t:     0 | t: 245.824275 | r:  -433.000000 | e:   1.000000 | Q:        nan | won: False 
#  756 | steps: 31414 | steps_t:     0 | t: 245.982850 | r:  -490.000000 | e:   1.000000 | Q:        nan | won: False 
#  757 | steps: 31489 | steps_t:     0 | t: 247.160698 | r:  -457.000000 | e:   1.000000 | Q:        nan | won: False 
#  758 | steps: 31540 | steps_t:     0 | t: 247.647396 | r:  -506.000000 | e:   1.000000 | Q:        nan | won: False 
#  759 | steps: 31553 | steps_t:     0 | t: 247.777049 | r:  -479.000000 | e:   1.000000 | Q:        nan | won: False 
#  760 | steps: 31595 | steps_t:     0 | t: 248.165011 | r:  -468.000000 | e:   1.000000 | Q:        nan | won: False 
#  761 | steps: 31648 | steps_t:     0 | t: 248.599848 | r:  -479.000000 | e:   1.000000 | Q:        nan | won: False 
#  762 | steps: 31676 | steps_t:     0 | t: 248.822255 | r:  -505.000000 | e:   1.000000 | Q:        nan | won: False 
#  763 | steps: 31715 | steps_t:     0 | t: 249.218193 | r:  -454.000000 | e:   1.000000 | Q:        nan | won: False 
#  764 | steps: 31729 | steps_t:     0 | t: 249.325905 | r:  -462.000000 | e:   1.000000 | Q:        nan | won: False 
#  765 | steps: 31778 | steps_t:     0 | t: 249.699905 | r:  -453.000000 | e:   1.000000 | Q:        nan | won: False 
#  766 | steps: 31787 | steps_t:     0 | t: 249.768721 | r:  -508.000000 | e:   1.000000 | Q:        nan | won: False 
#  767 | steps: 31804 | steps_t:     0 | t: 249.977164 | r:  -505.000000 | e:   1.000000 | Q:        nan | won: False 
#  768 | steps: 31829 | steps_t:     0 | t: 250.386075 | r:  -451.000000 | e:   1.000000 | Q:        nan | won: False 
#  769 | steps: 31845 | steps_t:     0 | t: 250.505749 | r:  -504.000000 | e:   1.000000 | Q:        nan | won: False 
#  770 | steps: 31888 | steps_t:     0 | t: 250.842849 | r:  -480.000000 | e:   1.000000 | Q:        nan | won: False 
#  771 | steps: 31907 | steps_t:     0 | t: 251.005412 | r:  -485.000000 | e:   1.000000 | Q:        nan | won: False 
#  772 | steps: 31934 | steps_t:     0 | t: 251.279678 | r:  -442.000000 | e:   1.000000 | Q:        nan | won: False 
#  773 | steps: 31948 | steps_t:     0 | t: 251.396366 | r:  -513.000000 | e:   1.000000 | Q:        nan | won: False 
#  774 | steps: 31967 | steps_t:     0 | t: 251.543970 | r:  -518.000000 | e:   1.000000 | Q:        nan | won: False 
#  775 | steps: 32022 | steps_t:     0 | t: 251.967841 | r:  -554.000000 | e:   1.000000 | Q:        nan | won: False 
#  776 | steps: 32078 | steps_t:     0 | t: 252.487446 | r:  -449.000000 | e:   1.000000 | Q:        nan | won: False 
#  777 | steps: 32126 | steps_t:     0 | t: 252.853467 | r:  -441.000000 | e:   1.000000 | Q:        nan | won: False 
#  778 | steps: 32152 | steps_t:     0 | t: 253.051940 | r:  -492.000000 | e:   1.000000 | Q:        nan | won: False 
#  779 | steps: 32167 | steps_t:     0 | t: 253.179597 | r:  -503.000000 | e:   1.000000 | Q:        nan | won: False 
#  780 | steps: 32206 | steps_t:     0 | t: 253.599471 | r:  -483.000000 | e:   1.000000 | Q:        nan | won: False 
#  781 | steps: 32255 | steps_t:     0 | t: 254.031316 | r:  -486.000000 | e:   1.000000 | Q:        nan | won: False 
#  782 | steps: 32314 | steps_t:     0 | t: 254.778317 | r:  -514.000000 | e:   1.000000 | Q:        nan | won: False 
