#    1 | steps:    57 | steps_t:     0 | t: 0.054850 | r:  -439.000000 | e:   1.000000 | Q:        nan | won: False 
#    2 | steps:   129 | steps_t:     0 | t: 0.116683 | r:  -476.000000 | e:   1.000000 | Q:        nan | won: False 
#    3 | steps:   167 | steps_t:     0 | t: 0.151589 | r:  -464.000000 | e:   1.000000 | Q:        nan | won: False 
#    4 | steps:   176 | steps_t:     0 | t: 0.163559 | r:  -486.000000 | e:   1.000000 | Q:        nan | won: False 
#    5 | steps:   188 | steps_t:     0 | t: 0.175527 | r:  -500.000000 | e:   1.000000 | Q:        nan | won: False 
#    6 | steps:   241 | steps_t:     0 | t: 0.211431 | r:  -457.000000 | e:   1.000000 | Q:        nan | won: False 
#    7 | steps:   258 | steps_t:     0 | t: 0.227424 | r:  -516.000000 | e:   1.000000 | Q:        nan | won: False 
#    8 | steps:   306 | steps_t:     0 | t: 0.260301 | r:  -390.000000 | e:   1.000000 | Q:        nan | won: False 
#    9 | steps:   321 | steps_t:     0 | t: 0.280245 | r:  -503.000000 | e:   1.000000 | Q:        nan | won: False 
#   10 | steps:   385 | steps_t:     0 | t: 0.350095 | r:  -508.000000 | e:   1.000000 | Q:        nan | won: False 
#   11 | steps:   446 | steps_t:     0 | t: 0.406972 | r:  -538.000000 | e:   1.000000 | Q:        nan | won: False 
#   12 | steps:   483 | steps_t:     0 | t: 0.437829 | r:  -452.000000 | e:   1.000000 | Q:        nan | won: False 
#   13 | steps:   498 | steps_t:     0 | t: 0.463756 | r:  -514.000000 | e:   1.000000 | Q:        nan | won: False 
#   14 | steps:   531 | steps_t:     0 | t: 0.512631 | r:  -510.000000 | e:   1.000000 | Q:        nan | won: False 
#   15 | steps:   569 | steps_t:     0 | t: 0.546570 | r:  -493.000000 | e:   1.000000 | Q:        nan | won: False 
#   16 | steps:   654 | steps_t:     0 | t: 0.608471 | r:  -489.000000 | e:   1.000000 | Q:        nan | won: False 
#   17 | steps:   685 | steps_t:     0 | t: 0.633335 | r:  -446.000000 | e:   1.000000 | Q:        nan | won: False 
#   18 | steps:   705 | steps_t:     0 | t: 0.650297 | r:  -508.000000 | e:   1.000000 | Q:        nan | won: False 
#   19 | steps:   712 | steps_t:     0 | t: 0.663223 | r:  -506.000000 | e:   1.000000 | Q:        nan | won: False 
#   20 | steps:   741 | steps_t:     0 | t: 0.689197 | r:  -528.000000 | e:   1.000000 | Q:        nan | won: False 
#   21 | steps:   747 | steps_t:     0 | t: 0.698164 | r:  -505.000000 | e:   1.000000 | Q:        nan | won: False 
#   22 | steps:   803 | steps_t:     0 | t: 0.748991 | r:  -438.000000 | e:   1.000000 | Q:        nan | won: False 
#   23 | steps:   816 | steps_t:     0 | t: 0.761993 | r:  -512.000000 | e:   1.000000 | Q:        nan | won: False 
#   24 | steps:   899 | steps_t:     0 | t: 0.828809 | r:  -498.000000 | e:   1.000000 | Q:        nan | won: False 
#   25 | steps:   925 | steps_t:     0 | t: 0.850756 | r:  -452.000000 | e:   1.000000 | Q:        nan | won: False 
#   26 | steps:   999 | steps_t:     0 | t: 0.903584 | r:  -445.000000 | e:   1.000000 | Q:        nan | won: False 
#   27 | steps:  1104 | steps_t:     0 | t: 1.039223 | r:  -509.000000 | e:   1.000000 | Q:        nan | won: False 
#   28 | steps:  1166 | steps_t:     0 | t: 1.167915 | r:  -477.000000 | e:   1.000000 | Q:        nan | won: False 
#   29 | steps:  1234 | steps_t:     0 | t: 1.220769 | r:  -545.000000 | e:   1.000000 | Q:        nan | won: False 
#   30 | steps:  1282 | steps_t:     0 | t: 1.254679 | r:  -441.000000 | e:   1.000000 | Q:        nan | won: False 
#   31 | steps:  1303 | steps_t:     0 | t: 1.273626 | r:  -509.000000 | e:   1.000000 | Q:        nan | won: False 
#   32 | steps:  1409 | steps_t:     0 | t: 1.344437 | r:  -539.000000 | e:   1.000000 | Q:        nan | won: False 
#   33 | steps:  1421 | steps_t:     0 | t: 1.356405 | r:  -511.000000 | e:   1.000000 | Q:        nan | won: False 
#   34 | steps:  1435 | steps_t:     0 | t: 1.370363 | r:  -491.000000 | e:   1.000000 | Q:        nan | won: False 
#   35 | steps:  1447 | steps_t:     0 | t: 1.391274 | r:  -500.000000 | e:   1.000000 | Q:        nan | won: False 
#   36 | steps:  1477 | steps_t:     0 | t: 1.435193 | r:  -467.000000 | e:   1.000000 | Q:        nan | won: False 
#   37 | steps:  1545 | steps_t:     0 | t: 1.495030 | r:  -483.000000 | e:   1.000000 | Q:        nan | won: False 
#   38 | steps:  1585 | steps_t:     0 | t: 1.524957 | r:  -455.000000 | e:   1.000000 | Q:        nan | won: False 
#   39 | steps:  1616 | steps_t:     0 | t: 1.548892 | r:  -446.000000 | e:   1.000000 | Q:        nan | won: False 
#   40 | steps:  1734 | steps_t:     0 | t: 1.632630 | r:  -522.000000 | e:   1.000000 | Q:        nan | won: False 
#   41 | steps:  1749 | steps_t:     0 | t: 1.647624 | r:  -463.000000 | e:   1.000000 | Q:        nan | won: False 
#   42 | steps:  1789 | steps_t:     0 | t: 1.684524 | r:  -466.000000 | e:   1.000000 | Q:        nan | won: False 
#   43 | steps:  1820 | steps_t:     0 | t: 1.714445 | r:  -468.000000 | e:   1.000000 | Q:        nan | won: False 
#   44 | steps:  1869 | steps_t:     0 | t: 1.750358 | r:  -471.000000 | e:   1.000000 | Q:        nan | won: False 
#   45 | steps:  1935 | steps_t:     0 | t: 1.795192 | r:  -477.000000 | e:   1.000000 | Q:        nan | won: False 
#   46 | steps:  1975 | steps_t:     0 | t: 1.825152 | r:  -466.000000 | e:   1.000000 | Q:        nan | won: False 
#   47 | steps:  1991 | steps_t:     0 | t: 1.843066 | r:  -431.000000 | e:   1.000000 | Q:        nan | won: False 
#   48 | steps:  1997 | steps_t:     0 | t: 1.852042 | r:  -472.000000 | e:   1.000000 | Q:        nan | won: False 
#   49 | steps:  2016 | steps_t:     0 | t: 1.869994 | r:  -507.000000 | e:   1.000000 | Q:        nan | won: False 
#   50 | steps:  2026 | steps_t:     0 | t: 1.887948 | r:  -498.000000 | e:   1.000000 | Q:        nan | won: False 
#   51 | steps:  2122 | steps_t:     0 | t: 1.967766 | r:  -529.000000 | e:   1.000000 | Q:        nan | won: False 
#   52 | steps:  2201 | steps_t:     0 | t: 2.023582 | r:  -523.000000 | e:   1.000000 | Q:        nan | won: False 
#   53 | steps:  2213 | steps_t:     0 | t: 2.040537 | r:  -489.000000 | e:   1.000000 | Q:        nan | won: False 
#   54 | steps:  2239 | steps_t:     0 | t: 2.088410 | r:  -514.000000 | e:   1.000000 | Q:        nan | won: False 
#   55 | steps:  2280 | steps_t:     0 | t: 2.236014 | r:  -434.000000 | e:   1.000000 | Q:        nan | won: False 
#   56 | steps:  2382 | steps_t:     0 | t: 2.362675 | r:  -484.000000 | e:   1.000000 | Q:        nan | won: False 
#   57 | steps:  2392 | steps_t:     0 | t: 2.374642 | r:  -498.000000 | e:   1.000000 | Q:        nan | won: False 
#   58 | steps:  2407 | steps_t:     0 | t: 2.393593 | r:  -503.000000 | e:   1.000000 | Q:        nan | won: False 
#   59 | steps:  2424 | steps_t:     0 | t: 2.410550 | r:  -494.000000 | e:   1.000000 | Q:        nan | won: False 
#   60 | steps:  2432 | steps_t:     0 | t: 2.425522 | r:  -507.000000 | e:   1.000000 | Q:        nan | won: False 
#   61 | steps:  2439 | steps_t:     0 | t: 2.436486 | r:  -506.000000 | e:   1.000000 | Q:        nan | won: False 
#   62 | steps:  2449 | steps_t:     0 | t: 2.450447 | r:  -509.000000 | e:   1.000000 | Q:        nan | won: False 
#   63 | steps:  2559 | steps_t:     0 | t: 2.537211 | r:  -532.000000 | e:   1.000000 | Q:        nan | won: False 
#   64 | steps:  2620 | steps_t:     0 | t: 2.609020 | r:  -538.000000 | e:   1.000000 | Q:        nan | won: False 
#   65 | steps:  2641 | steps_t:     0 | t: 2.640968 | r:  -509.000000 | e:   1.000000 | Q:        nan | won: False 
#   66 | steps:  2656 | steps_t:     0 | t: 2.670850 | r:  -452.000000 | e:   1.000000 | Q:        nan | won: False 
#   67 | steps:  2686 | steps_t:     0 | t: 2.770586 | r:  -518.000000 | e:   1.000000 | Q:        nan | won: False 
#   68 | steps:  2705 | steps_t:     0 | t: 2.813473 | r:  -463.000000 | e:   1.000000 | Q:        nan | won: False 
#   69 | steps:  2773 | steps_t:     0 | t: 2.867364 | r:  -512.000000 | e:   1.000000 | Q:        nan | won: False 
#   70 | steps:  2806 | steps_t:     0 | t: 2.896246 | r:  -459.000000 | e:   1.000000 | Q:        nan | won: False 
#   71 | steps:  2852 | steps_t:     0 | t: 2.929195 | r:  -439.000000 | e:   1.000000 | Q:        nan | won: False 
#   72 | steps:  2895 | steps_t:     0 | t: 2.960075 | r:  -469.000000 | e:   1.000000 | Q:        nan | won: False 
#   73 | steps:  2927 | steps_t:     0 | t: 2.984050 | r:   197.000000 | e:   1.000000 | Q:        nan | won: True 
#   74 | steps:  2947 | steps_t:     0 | t: 3.001999 | r:  -508.000000 | e:   1.000000 | Q:        nan | won: False 
#   75 | steps:  3006 | steps_t:     0 | t: 3.045873 | r:  -503.000000 | e:   1.000000 | Q:        nan | won: False 
#   76 | steps:  3059 | steps_t:     0 | t: 3.144587 | r:  -519.000000 | e:   1.000000 | Q:        nan | won: False 
#   77 | steps:  3133 | steps_t:     0 | t: 3.394913 | r:  -456.000000 | e:   1.000000 | Q:        nan | won: False 
#   78 | steps:  3150 | steps_t:     0 | t: 3.430817 | r:  -505.000000 | e:   1.000000 | Q:        nan | won: False 
#   79 | steps:  3182 | steps_t:     0 | t: 3.475703 | r:  -469.000000 | e:   1.000000 | Q:        nan | won: False 
#   80 | steps:  3219 | steps_t:     0 | t: 3.521582 | r:  -463.000000 | e:   1.000000 | Q:        nan | won: False 
#   81 | steps:  3267 | steps_t:     0 | t: 3.591387 | r:  -463.000000 | e:   1.000000 | Q:        nan | won: False 
#   82 | steps:  3277 | steps_t:     0 | t: 3.610336 | r:  -509.000000 | e:   1.000000 | Q:        nan | won: False 
#   83 | steps:  3304 | steps_t:     0 | t: 3.636267 | r:  -515.000000 | e:   1.000000 | Q:        nan | won: False 
#   84 | steps:  3318 | steps_t:     0 | t: 3.654218 | r:  -513.000000 | e:   1.000000 | Q:        nan | won: False 
#   85 | steps:  3407 | steps_t:     0 | t: 3.729053 | r:  -522.000000 | e:   1.000000 | Q:        nan | won: False 
#   86 | steps:  3417 | steps_t:     0 | t: 3.743018 | r:  -487.000000 | e:   1.000000 | Q:        nan | won: False 
#   87 | steps:  3480 | steps_t:     0 | t: 3.792848 | r:  -540.000000 | e:   1.000000 | Q:        nan | won: False 
#   88 | steps:  3536 | steps_t:     0 | t: 3.837728 | r:  -533.000000 | e:   1.000000 | Q:        nan | won: False 
#   89 | steps:  3549 | steps_t:     0 | t: 3.855679 | r:  -439.000000 | e:   1.000000 | Q:        nan | won: False 
#   90 | steps:  3613 | steps_t:     0 | t: 3.921504 | r:  -519.000000 | e:   1.000000 | Q:        nan | won: False 
#   91 | steps:  3666 | steps_t:     0 | t: 3.968377 | r:  -446.000000 | e:   1.000000 | Q:        nan | won: False 
#   92 | steps:  3721 | steps_t:     0 | t: 4.008271 | r:  -459.000000 | e:   1.000000 | Q:        nan | won: False 
#   93 | steps:  3793 | steps_t:     0 | t: 4.060132 | r:  -538.000000 | e:   1.000000 | Q:        nan | won: False 
#   94 | steps:  3894 | steps_t:     0 | t: 4.130942 | r:  -494.000000 | e:   1.000000 | Q:        nan | won: False 
#   95 | steps:  3908 | steps_t:     0 | t: 4.146900 | r:  -502.000000 | e:   1.000000 | Q:        nan | won: False 
#   96 | steps:  3929 | steps_t:     0 | t: 4.165849 | r:  -520.000000 | e:   1.000000 | Q:        nan | won: False 
#   97 | steps:  3952 | steps_t:     0 | t: 4.186834 | r:  -500.000000 | e:   1.000000 | Q:        nan | won: False 
#   98 | steps:  3964 | steps_t:     0 | t: 4.199758 | r:  -511.000000 | e:   1.000000 | Q:        nan | won: False 
#   99 | steps:  4079 | steps_t:     0 | t: 4.290524 | r:  -581.000000 | e:   1.000000 | Q:        nan | won: False 
#  100 | steps:  4095 | steps_t:     0 | t: 4.310464 | r:  -515.000000 | e:   1.000000 | Q:        nan | won: False 
#  101 | steps:  4147 | steps_t:     0 | t: 4.353384 | r:  -478.000000 | e:   1.000000 | Q:        nan | won: False 
#  102 | steps:  4210 | steps_t:     0 | t: 4.418174 | r:  -507.000000 | e:   1.000000 | Q:        nan | won: False 
#  103 | steps:  4263 | steps_t:     0 | t: 4.485002 | r:  -435.000000 | e:   1.000000 | Q:        nan | won: False 
#  104 | steps:  4301 | steps_t:     0 | t: 4.532870 | r:  -475.000000 | e:   1.000000 | Q:        nan | won: False 
#  105 | steps:  4345 | steps_t:     0 | t: 4.578744 | r:  -470.000000 | e:   1.000000 | Q:        nan | won: False 
#  106 | steps:  4421 | steps_t:     0 | t: 4.638586 | r:  -491.000000 | e:   1.000000 | Q:        nan | won: False 
#  107 | steps:  4485 | steps_t:     0 | t: 4.683503 | r:  -479.000000 | e:   1.000000 | Q:        nan | won: False 
#  108 | steps:  4539 | steps_t:     0 | t: 4.723414 | r:  -531.000000 | e:   1.000000 | Q:        nan | won: False 
#  109 | steps:  4604 | steps_t:     0 | t: 4.797161 | r:  -542.000000 | e:   1.000000 | Q:        nan | won: False 
#  110 | steps:  4610 | steps_t:     0 | t: 4.807140 | r:  -505.000000 | e:   1.000000 | Q:        nan | won: False 
#  111 | steps:  4618 | steps_t:     0 | t: 4.819102 | r:  -496.000000 | e:   1.000000 | Q:        nan | won: False 
#  112 | steps:  4679 | steps_t:     0 | t: 4.862986 | r:  -505.000000 | e:   1.000000 | Q:        nan | won: False 
#  113 | steps:  4729 | steps_t:     0 | t: 4.898890 | r:  -505.000000 | e:   1.000000 | Q:        nan | won: False 
#  114 | steps:  4741 | steps_t:     0 | t: 4.912885 | r:  -500.000000 | e:   1.000000 | Q:        nan | won: False 
#  115 | steps:  4806 | steps_t:     0 | t: 4.959725 | r:  -458.000000 | e:   1.000000 | Q:        nan | won: False 
#  116 | steps:  4924 | steps_t:     0 | t: 5.054473 | r:  -562.000000 | e:   1.000000 | Q:        nan | won: False 
#  117 | steps:  4969 | steps_t:     0 | t: 5.111321 | r:  -471.000000 | e:   1.000000 | Q:        nan | won: False 
#  118 | steps:  4988 | steps_t:     0 | t: 5.136254 | r:  -507.000000 | e:   1.000000 | Q:        nan | won: False 
#  119 | steps:  5028 | steps_t:    27 | t: 5.823414 | r:  -444.000000 | e:   0.997300 | Q:        nan | won: False 
#  120 | steps:  5065 | steps_t:    63 | t: 6.101670 | r:  -525.000000 | e:   0.993700 | Q:        nan | won: False 
#  121 | steps:  5085 | steps_t:    82 | t: 6.250273 | r:  -519.000000 | e:   0.991800 | Q:        nan | won: False 
#  122 | steps:  5099 | steps_t:    95 | t: 6.354993 | r:  -502.000000 | e:   0.990500 | Q:        nan | won: False 
#  123 | steps:  5162 | steps_t:   157 | t: 6.932454 | r:  -478.000000 | e:   0.984300 | Q:   0.148532 | won: False 
#  124 | steps:  5224 | steps_t:   218 | t: 7.408174 | r:  -495.000000 | e:   0.978200 | Q:   0.148135 | won: False 
#  125 | steps:  5289 | steps_t:   282 | t: 8.190084 | r:  -498.000000 | e:   0.971800 | Q:   0.148116 | won: False 
#  126 | steps:  5351 | steps_t:   343 | t: 8.922125 | r:  -455.000000 | e:   0.965700 | Q:   0.148494 | won: False 
#  127 | steps:  5386 | steps_t:   377 | t: 9.363943 | r:  -428.000000 | e:   0.962300 | Q:   0.148296 | won: False 
#  128 | steps:  5459 | steps_t:   449 | t: 10.806084 | r:  -477.000000 | e:   0.955100 | Q:   0.148326 | won: False 
#  129 | steps:  5518 | steps_t:   507 | t: 11.731608 | r:  -503.000000 | e:   0.949300 | Q:   0.147699 | won: False 
#  130 | steps:  5595 | steps_t:   583 | t: 12.520501 | r:  -503.000000 | e:   0.941700 | Q:   0.148404 | won: False 
#  131 | steps:  5623 | steps_t:   610 | t: 12.781798 | r:  -454.000000 | e:   0.939000 | Q:   0.148487 | won: False 
#  132 | steps:  5657 | steps_t:   643 | t: 13.080997 | r:  -460.000000 | e:   0.935700 | Q:   0.147909 | won: False 
#  133 | steps:  5694 | steps_t:   679 | t: 13.490900 | r:  -474.000000 | e:   0.932100 | Q:        nan | won: False 
#  134 | steps:  5712 | steps_t:   696 | t: 13.662441 | r:  -444.000000 | e:   0.930400 | Q:        nan | won: False 
#  135 | steps:  5727 | steps_t:   710 | t: 13.804062 | r:  -492.000000 | e:   0.929000 | Q:   0.148245 | won: False 
#  136 | steps:  5746 | steps_t:   728 | t: 13.964632 | r:  -456.000000 | e:   0.927200 | Q:   0.148686 | won: False 
#  137 | steps:  5837 | steps_t:   818 | t: 14.990888 | r:    87.000000 | e:   0.918200 | Q:   0.148330 | won: True 
#  138 | steps:  5912 | steps_t:   892 | t: 15.745877 | r:  -490.000000 | e:   0.910800 | Q:   0.148590 | won: False 
#  139 | steps:  5986 | steps_t:   965 | t: 16.490873 | r:   104.000000 | e:   0.903500 | Q:   0.148336 | won: True 
#  140 | steps:  5991 | steps_t:   969 | t: 16.536752 | r:  -504.000000 | e:   0.903100 | Q:        nan | won: False 
#  141 | steps:  6005 | steps_t:   982 | t: 16.694330 | r:  -491.000000 | e:   0.901800 | Q:   0.147930 | won: False 
#  142 | steps:  6053 | steps_t:  1029 | t: 17.212942 | r:   130.000000 | e:   0.897100 | Q:   0.148356 | won: True 
#  143 | steps:  6105 | steps_t:  1080 | t: 17.831287 | r:  -434.000000 | e:   0.892000 | Q:   0.148555 | won: False 
#  144 | steps:  6123 | steps_t:  1097 | t: 18.059676 | r:  -506.000000 | e:   0.890300 | Q:   0.148157 | won: False 
#  145 | steps:  6160 | steps_t:  1133 | t: 18.488529 | r:  -474.000000 | e:   0.886700 | Q:   0.148424 | won: False 
#  146 | steps:  6177 | steps_t:  1149 | t: 18.634138 | r:  -516.000000 | e:   0.885100 | Q:   0.148805 | won: False 
#  147 | steps:  6217 | steps_t:  1188 | t: 19.060997 | r:  -455.000000 | e:   0.881200 | Q:   0.148527 | won: False 
#  148 | steps:  6294 | steps_t:  1264 | t: 19.839913 | r:  -470.000000 | e:   0.873600 | Q:   0.148296 | won: False 
#  149 | steps:  6313 | steps_t:  1282 | t: 20.035389 | r:  -496.000000 | e:   0.871800 | Q:   0.148696 | won: False 
#  150 | steps:  6345 | steps_t:  1313 | t: 20.415373 | r:  -403.000000 | e:   0.868700 | Q:   0.148786 | won: False 
#  151 | steps:  6385 | steps_t:  1352 | t: 20.912044 | r:  -411.000000 | e:   0.864800 | Q:   0.148546 | won: False 
#  152 | steps:  6414 | steps_t:  1380 | t: 21.216238 | r:  -382.000000 | e:   0.862000 | Q:   0.148746 | won: False 
#  153 | steps:  6424 | steps_t:  1389 | t: 21.309978 | r:  -509.000000 | e:   0.861100 | Q:   0.148717 | won: False 
#  154 | steps:  6437 | steps_t:  1401 | t: 21.470549 | r:  -512.000000 | e:   0.859900 | Q:        nan | won: False 
#  155 | steps:  6444 | steps_t:  1407 | t: 21.528396 | r:  -506.000000 | e:   0.859300 | Q:        nan | won: False 
#  156 | steps:  6463 | steps_t:  1425 | t: 21.731852 | r:  -463.000000 | e:   0.857500 | Q:   0.148361 | won: False 
#  157 | steps:  6471 | steps_t:  1432 | t: 21.801663 | r:  -485.000000 | e:   0.856800 | Q:        nan | won: False 
#  158 | steps:  6506 | steps_t:  1466 | t: 22.155717 | r:  -490.000000 | e:   0.853400 | Q:   0.148743 | won: False 
#  159 | steps:  6519 | steps_t:  1478 | t: 22.286366 | r:  -501.000000 | e:   0.852200 | Q:   0.148725 | won: False 
#  160 | steps:  6663 | steps_t:  1621 | t: 23.893069 | r:  -577.000000 | e:   0.837900 | Q:   0.148598 | won: False 
#  161 | steps:  6714 | steps_t:  1671 | t: 24.394737 | r:  -444.000000 | e:   0.832900 | Q:   0.148321 | won: False 
#  162 | steps:  6727 | steps_t:  1683 | t: 24.514406 | r:  -450.000000 | e:   0.831700 | Q:   0.147819 | won: False 
#  163 | steps:  6755 | steps_t:  1710 | t: 24.828569 | r:  -443.000000 | e:   0.829000 | Q:   0.148542 | won: False 
#  164 | steps:  6805 | steps_t:  1759 | t: 25.334212 | r:  -494.000000 | e:   0.824100 | Q:   0.148675 | won: False 
#  165 | steps:  6824 | steps_t:  1777 | t: 25.564595 | r:  -445.000000 | e:   0.822300 | Q:   0.148307 | won: False 
#  166 | steps:  6839 | steps_t:  1791 | t: 25.732148 | r:  -503.000000 | e:   0.820900 | Q:   0.148363 | won: False 
#  167 | steps:  6888 | steps_t:  1839 | t: 26.304615 | r:  -453.000000 | e:   0.816100 | Q:   0.148950 | won: False 
#  168 | steps:  6959 | steps_t:  1909 | t: 27.183264 | r:  -515.000000 | e:   0.809100 | Q:   0.148747 | won: False 
#  169 | steps:  6982 | steps_t:  1931 | t: 27.428609 | r:  -511.000000 | e:   0.806900 | Q:   0.148879 | won: False 
#  170 | steps:  7057 | steps_t:  2005 | t: 28.322218 | r:   143.000000 | e:   0.799500 | Q:   0.148510 | won: True 
#  171 | steps:  7111 | steps_t:  2058 | t: 28.945549 | r:  -447.000000 | e:   0.794200 | Q:   0.148805 | won: False 
#  172 | steps:  7145 | steps_t:  2091 | t: 29.384382 | r:  -416.000000 | e:   0.790900 | Q:   0.148742 | won: False 
#  173 | steps:  7216 | steps_t:  2161 | t: 30.273995 | r:  -442.000000 | e:   0.783900 | Q:   0.148805 | won: False 
#  174 | steps:  7226 | steps_t:  2170 | t: 30.458513 | r:  -498.000000 | e:   0.783000 | Q:   0.148437 | won: False 
#  175 | steps:  7252 | steps_t:  2195 | t: 30.758699 | r:  -441.000000 | e:   0.780500 | Q:   0.148663 | won: False 
#  176 | steps:  7272 | steps_t:  2214 | t: 31.035958 | r:  -486.000000 | e:   0.778600 | Q:   0.148564 | won: False 
#  177 | steps:  7281 | steps_t:  2222 | t: 31.130709 | r:  -486.000000 | e:   0.777800 | Q:   0.147627 | won: False 
#  178 | steps:  7321 | steps_t:  2261 | t: 31.639342 | r:  -495.000000 | e:   0.773900 | Q:   0.148876 | won: False 
#  179 | steps:  7371 | steps_t:  2310 | t: 32.402301 | r:  -432.000000 | e:   0.769000 | Q:   0.148560 | won: False 
#  180 | steps:  7386 | steps_t:  2324 | t: 32.605758 | r:  -514.000000 | e:   0.767600 | Q:   0.148771 | won: False 
#  181 | steps:  7407 | steps_t:  2344 | t: 32.868067 | r:  -447.000000 | e:   0.765600 | Q:   0.148638 | won: False 
#  182 | steps:  7415 | steps_t:  2351 | t: 32.972774 | r:  -496.000000 | e:   0.764900 | Q:   0.148685 | won: False 
#  183 | steps:  7440 | steps_t:  2375 | t: 33.297904 | r:  -440.000000 | e:   0.762500 | Q:   0.148614 | won: False 
#  184 | steps:  7453 | steps_t:  2387 | t: 33.446506 | r:  -388.000000 | e:   0.761300 | Q:   0.148555 | won: False 
#  185 | steps:  7467 | steps_t:  2400 | t: 33.606080 | r:  -480.000000 | e:   0.760000 | Q:   0.148493 | won: False 
#  186 | steps:  7477 | steps_t:  2409 | t: 33.737728 | r:  -509.000000 | e:   0.759100 | Q:   0.148427 | won: False 
#  187 | steps:  7484 | steps_t:  2415 | t: 33.838458 | r:  -506.000000 | e:   0.758500 | Q:   0.148279 | won: False 
#  188 | steps:  7547 | steps_t:  2477 | t: 34.562521 | r:  -456.000000 | e:   0.752300 | Q:   0.148769 | won: False 
#  189 | steps:  7557 | steps_t:  2486 | t: 34.676217 | r:  -498.000000 | e:   0.751400 | Q:   0.148805 | won: False 
#  190 | steps:  7569 | steps_t:  2497 | t: 34.816840 | r:  -478.000000 | e:   0.750300 | Q:   0.148703 | won: False 
#  191 | steps:  7576 | steps_t:  2503 | t: 34.923555 | r:  -506.000000 | e:   0.749700 | Q:   0.148493 | won: False 
#  192 | steps:  7678 | steps_t:  2604 | t: 36.095419 | r:  -535.000000 | e:   0.739600 | Q:   0.148652 | won: False 
#  193 | steps:  7700 | steps_t:  2625 | t: 36.330795 | r:  -488.000000 | e:   0.737500 | Q:   0.148512 | won: False 
#  194 | steps:  7751 | steps_t:  2675 | t: 36.924201 | r:  -444.000000 | e:   0.732500 | Q:   0.148786 | won: False 
#  195 | steps:  7780 | steps_t:  2703 | t: 37.369014 | r:  -473.000000 | e:   0.729700 | Q:   0.148398 | won: False 
#  196 | steps:  7814 | steps_t:  2736 | t: 37.797864 | r:  -416.000000 | e:   0.726400 | Q:   0.148415 | won: False 
#  197 | steps:  7844 | steps_t:  2765 | t: 38.137954 | r:  -383.000000 | e:   0.723500 | Q:   0.148686 | won: False 
#  198 | steps:  7894 | steps_t:  2814 | t: 39.146259 | r:  -505.000000 | e:   0.718600 | Q:   0.148747 | won: False 
#  199 | steps:  7899 | steps_t:  2818 | t: 39.260950 | r:  -504.000000 | e:   0.718200 | Q:   0.148771 | won: False 
#  200 | steps:  7938 | steps_t:  2856 | t: 39.888272 | r:  -432.000000 | e:   0.714400 | Q:   0.148744 | won: False 
#  201 | steps:  7948 | steps_t:  2865 | t: 39.991993 | r:  -498.000000 | e:   0.713500 | Q:   0.148413 | won: False 
#  202 | steps:  7982 | steps_t:  2898 | t: 40.429827 | r:  -478.000000 | e:   0.710200 | Q:   0.148941 | won: False 
#  203 | steps:  7989 | steps_t:  2904 | t: 40.691124 | r:  -495.000000 | e:   0.709600 | Q:   0.148536 | won: False 
#  204 | steps:  8000 | steps_t:  2914 | t: 40.823773 | r:  -510.000000 | e:   0.708600 | Q:   0.148771 | won: False 
#  205 | steps:  8035 | steps_t:  2948 | t: 41.249628 | r:  -439.000000 | e:   0.705200 | Q:   0.148681 | won: False 
#  206 | steps:  8047 | steps_t:  2959 | t: 41.371303 | r:  -511.000000 | e:   0.704100 | Q:   0.148395 | won: False 
#  207 | steps:  8105 | steps_t:  3016 | t: 42.080413 | r:  -502.000000 | e:   0.698400 | Q:   0.148634 | won: False 
#  208 | steps:  8124 | steps_t:  3034 | t: 42.273888 | r:  -423.000000 | e:   0.696600 | Q:   0.148804 | won: False 
#  209 | steps:  8130 | steps_t:  3039 | t: 42.336720 | r:  -483.000000 | e:   0.696100 | Q:   0.148492 | won: False 
#  210 | steps:  8138 | steps_t:  3046 | t: 42.425485 | r:  -507.000000 | e:   0.695400 | Q:   0.148439 | won: False 
#  211 | steps:  8147 | steps_t:  3054 | t: 42.521228 | r:  -475.000000 | e:   0.694600 | Q:   0.148489 | won: False 
#  212 | steps:  8174 | steps_t:  3080 | t: 42.841370 | r:  -442.000000 | e:   0.692000 | Q:   0.148939 | won: False 
#  213 | steps:  8235 | steps_t:  3140 | t: 43.602334 | r:  -443.000000 | e:   0.686000 | Q:   0.148655 | won: False 
#  214 | steps:  8342 | steps_t:  3246 | t: 44.932776 | r:  -551.000000 | e:   0.675400 | Q:   0.149012 | won: False 
#  215 | steps:  8351 | steps_t:  3254 | t: 45.050460 | r:  -406.000000 | e:   0.674600 | Q:   0.148687 | won: False 
#  216 | steps:  8410 | steps_t:  3312 | t: 45.779509 | r:  -503.000000 | e:   0.668800 | Q:   0.148738 | won: False 
#  217 | steps:  8422 | steps_t:  3323 | t: 45.921129 | r:  -427.000000 | e:   0.667700 | Q:   0.148732 | won: False 
#  218 | steps:  8447 | steps_t:  3347 | t: 46.214345 | r:  -440.000000 | e:   0.665300 | Q:   0.148601 | won: False 
#  219 | steps:  8482 | steps_t:  3381 | t: 46.725975 | r:  -450.000000 | e:   0.661900 | Q:   0.148663 | won: False 
#  220 | steps:  8489 | steps_t:  3387 | t: 46.818732 | r:  -506.000000 | e:   0.661300 | Q:   0.148579 | won: False 
#  221 | steps:  8516 | steps_t:  3413 | t: 47.122915 | r:  -464.000000 | e:   0.658700 | Q:   0.148675 | won: False 
#  222 | steps:  8564 | steps_t:  3460 | t: 47.856953 | r:  -452.000000 | e:   0.654000 | Q:   0.148863 | won: False 
#  223 | steps:  8595 | steps_t:  3490 | t: 48.221973 | r:  -435.000000 | e:   0.651000 | Q:   0.148404 | won: False 
#  224 | steps:  8616 | steps_t:  3510 | t: 48.488262 | r:  -476.000000 | e:   0.649000 | Q:   0.148478 | won: False 
#  225 | steps:  8681 | steps_t:  3574 | t: 49.424755 | r:  -520.000000 | e:   0.642600 | Q:   0.148566 | won: False 
#  226 | steps:  8704 | steps_t:  3596 | t: 49.787784 | r:  -438.000000 | e:   0.640400 | Q:   0.148475 | won: False 
#  227 | steps:  8739 | steps_t:  3630 | t: 50.189713 | r:  -501.000000 | e:   0.637000 | Q:   0.148536 | won: False 
#  228 | steps:  8747 | steps_t:  3637 | t: 50.279469 | r:  -496.000000 | e:   0.636300 | Q:   0.148512 | won: False 
#  229 | steps:  8754 | steps_t:  3643 | t: 50.355266 | r:  -506.000000 | e:   0.635700 | Q:   0.148419 | won: False 
#  230 | steps:  8777 | steps_t:  3665 | t: 50.628554 | r:  -449.000000 | e:   0.633500 | Q:   0.148436 | won: False 
#  231 | steps:  8793 | steps_t:  3680 | t: 50.873878 | r:  -449.000000 | e:   0.632000 | Q:   0.148403 | won: False 
#  232 | steps:  8847 | steps_t:  3733 | t: 51.536106 | r:  -447.000000 | e:   0.626700 | Q:   0.148482 | won: False 
#  233 | steps:  8863 | steps_t:  3748 | t: 51.843286 | r:  -471.000000 | e:   0.625200 | Q:   0.148746 | won: False 
#  234 | steps:  8897 | steps_t:  3781 | t: 52.490552 | r:  -438.000000 | e:   0.621900 | Q:   0.148828 | won: False 
#  235 | steps:  8912 | steps_t:  3795 | t: 52.751853 | r:  -430.000000 | e:   0.620500 | Q:   0.148527 | won: False 
#  236 | steps:  9010 | steps_t:  3892 | t: 54.781429 | r:  -491.000000 | e:   0.610800 | Q:   0.148604 | won: False 
#  237 | steps:  9024 | steps_t:  3905 | t: 54.996851 | r:  -502.000000 | e:   0.609500 | Q:   0.148549 | won: False 
#  238 | steps:  9035 | steps_t:  3915 | t: 55.155423 | r:  -510.000000 | e:   0.608500 | Q:   0.148644 | won: False 
#  239 | steps:  9049 | steps_t:  3928 | t: 55.605221 | r:  -451.000000 | e:   0.607200 | Q:   0.148579 | won: False 
#  240 | steps:  9068 | steps_t:  3946 | t: 55.920376 | r:  -456.000000 | e:   0.605400 | Q:   0.148489 | won: False 
#  241 | steps:  9079 | steps_t:  3956 | t: 56.059007 | r:  -448.000000 | e:   0.604400 | Q:   0.148560 | won: False 
#  242 | steps:  9085 | steps_t:  3961 | t: 56.131811 | r:  -483.000000 | e:   0.603900 | Q:   0.147989 | won: False 
#  243 | steps:  9129 | steps_t:  4004 | t: 56.877814 | r:  -448.000000 | e:   0.599600 | Q:   0.148805 | won: False 
#  244 | steps:  9139 | steps_t:  4013 | t: 56.987520 | r:  -487.000000 | e:   0.598700 | Q:   0.148912 | won: False 
#  245 | steps:  9179 | steps_t:  4052 | t: 57.422357 | r:  -444.000000 | e:   0.594800 | Q:   0.148644 | won: False 
#  246 | steps:  9244 | steps_t:  4116 | t: 58.269092 | r:  -469.000000 | e:   0.588400 | Q:   0.148804 | won: False 
#  247 | steps:  9270 | steps_t:  4141 | t: 58.551336 | r:  -452.000000 | e:   0.585900 | Q:   0.148589 | won: False 
#  248 | steps:  9295 | steps_t:  4165 | t: 59.067954 | r:  -491.000000 | e:   0.583500 | Q:   0.148694 | won: False 
#  249 | steps:  9306 | steps_t:  4175 | t: 59.190625 | r:  -426.000000 | e:   0.582500 | Q:   0.148851 | won: False 
#  250 | steps:  9317 | steps_t:  4185 | t: 59.309310 | r:  -397.000000 | e:   0.581500 | Q:   0.148388 | won: False 
#  251 | steps:  9415 | steps_t:  4282 | t: 60.589882 | r:  -513.000000 | e:   0.571800 | Q:   0.148952 | won: False 
#  252 | steps:  9428 | steps_t:  4294 | t: 60.722527 | r:  -512.000000 | e:   0.570600 | Q:   0.148769 | won: False 
#  253 | steps:  9448 | steps_t:  4313 | t: 61.021726 | r:  -508.000000 | e:   0.568700 | Q:   0.148685 | won: False 
#  254 | steps:  9480 | steps_t:  4344 | t: 61.408696 | r:  -385.000000 | e:   0.565600 | Q:   0.148669 | won: False 
#  255 | steps:  9487 | steps_t:  4350 | t: 61.503453 | r:  -404.000000 | e:   0.565000 | Q:   0.148687 | won: False 
#  256 | steps:  9500 | steps_t:  4362 | t: 61.651045 | r:  -490.000000 | e:   0.563800 | Q:   0.148685 | won: False 
#  257 | steps:  9512 | steps_t:  4373 | t: 61.784685 | r:  -511.000000 | e:   0.562700 | Q:   0.148771 | won: False 
#  258 | steps:  9530 | steps_t:  4390 | t: 62.085884 | r:  -484.000000 | e:   0.561000 | Q:   0.148912 | won: False 
#  259 | steps:  9571 | steps_t:  4430 | t: 62.577564 | r:  -412.000000 | e:   0.557000 | Q:   0.148587 | won: False 
#  260 | steps:  9581 | steps_t:  4439 | t: 62.695251 | r:  -487.000000 | e:   0.556100 | Q:   0.148805 | won: False 
#  261 | steps:  9595 | steps_t:  4452 | t: 62.850837 | r:  -491.000000 | e:   0.554800 | Q:   0.148576 | won: False 
#  262 | steps:  9605 | steps_t:  4461 | t: 62.958545 | r:  -509.000000 | e:   0.553900 | Q:   0.148510 | won: False 
#  263 | steps:  9630 | steps_t:  4485 | t: 63.331547 | r:  -480.000000 | e:   0.551500 | Q:   0.148727 | won: False 
#  264 | steps:  9645 | steps_t:  4499 | t: 63.524033 | r:  -412.000000 | e:   0.550100 | Q:   0.148796 | won: False 
#  265 | steps:  9763 | steps_t:  4616 | t: 65.035987 | r:  -562.000000 | e:   0.538400 | Q:   0.148806 | won: False 
#  266 | steps:  9806 | steps_t:  4658 | t: 65.614438 | r:  -487.000000 | e:   0.534200 | Q:   0.148617 | won: False 
#  267 | steps:  9820 | steps_t:  4671 | t: 65.771019 | r:  -480.000000 | e:   0.532900 | Q:   0.148793 | won: False 
#  268 | steps:  9859 | steps_t:  4709 | t: 66.202864 | r:  -443.000000 | e:   0.529100 | Q:   0.148573 | won: False 
#  269 | steps:  9867 | steps_t:  4716 | t: 66.299605 | r:  -485.000000 | e:   0.528400 | Q:   0.148493 | won: False 
#  270 | steps:  9882 | steps_t:  4730 | t: 66.490100 | r:  -401.000000 | e:   0.527000 | Q:   0.148405 | won: False 
#  271 | steps:  9914 | steps_t:  4761 | t: 66.895012 | r:  -487.000000 | e:   0.523900 | Q:   0.148683 | won: False 
#  272 | steps:  9935 | steps_t:  4781 | t: 67.130382 | r:  -425.000000 | e:   0.521900 | Q:   0.148497 | won: False 
#  273 | steps:  9942 | steps_t:  4787 | t: 67.218148 | r:  -484.000000 | e:   0.521300 | Q:   0.148536 | won: False 
#  274 | steps:  9949 | steps_t:  4793 | t: 67.300925 | r:  -495.000000 | e:   0.520700 | Q:   0.148536 | won: False 
#  275 | steps: 10028 | steps_t:  4871 | t: 68.281302 | r:  -545.000000 | e:   0.512900 | Q:   0.148685 | won: False 
#  276 | steps: 10033 | steps_t:  4875 | t: 68.344134 | r:  -504.000000 | e:   0.512500 | Q:   0.148685 | won: False 
#  277 | steps: 10104 | steps_t:  4945 | t: 69.305563 | r:  -475.000000 | e:   0.505500 | Q:   0.149055 | won: False 
#  278 | steps: 10152 | steps_t:  4992 | t: 69.895983 | r:  -430.000000 | e:   0.500800 | Q:   0.148931 | won: False 
#  279 | steps: 10163 | steps_t:  5002 | t: 70.050572 | r:  -477.000000 | e:   0.499800 | Q:   0.148579 | won: False 
#  280 | steps: 10177 | steps_t:  5015 | t: 70.243054 | r:  -502.000000 | e:   0.498500 | Q:   0.148573 | won: False 
#  281 | steps: 10224 | steps_t:  5061 | t: 71.093777 | r:  -502.000000 | e:   0.493900 | Q:   0.148852 | won: False 
#  282 | steps: 10253 | steps_t:  5089 | t: 71.509665 | r:  -382.000000 | e:   0.491100 | Q:   0.148762 | won: False 
#  283 | steps: 10303 | steps_t:  5138 | t: 72.136987 | r:  -505.000000 | e:   0.486200 | Q:   0.148401 | won: False 
#  284 | steps: 10442 | steps_t:  5276 | t: 73.846413 | r:  -532.000000 | e:   0.472400 | Q:   0.148730 | won: False 
#  285 | steps: 10456 | steps_t:  5289 | t: 74.007981 | r:  -491.000000 | e:   0.471100 | Q:   0.148805 | won: False 
#  286 | steps: 10561 | steps_t:  5393 | t: 75.797194 | r:  -560.000000 | e:   0.460700 | Q:   0.148685 | won: False 
#  287 | steps: 10599 | steps_t:  5430 | t: 77.313138 | r:  -493.000000 | e:   0.457000 | Q:   0.148562 | won: False 
#  288 | steps: 10678 | steps_t:  5508 | t: 80.087714 | r:  -483.000000 | e:   0.449200 | Q:   0.148803 | won: False 
#  289 | steps: 10733 | steps_t:  5562 | t: 81.829055 | r:  -510.000000 | e:   0.443800 | Q:   0.148567 | won: False 
#  290 | steps: 10744 | steps_t:  5572 | t: 81.947737 | r:  -477.000000 | e:   0.442800 | Q:   0.148579 | won: False 
#  291 | steps: 10816 | steps_t:  5643 | t: 82.908168 | r:  -487.000000 | e:   0.435700 | Q:   0.148961 | won: False 
#  292 | steps: 10832 | steps_t:  5658 | t: 83.107635 | r:  -504.000000 | e:   0.434200 | Q:   0.148598 | won: False 
#  293 | steps: 10901 | steps_t:  5726 | t: 84.621583 | r:  -502.000000 | e:   0.427400 | Q:   0.148663 | won: False 
#  294 | steps: 10936 | steps_t:  5760 | t: 85.147177 | r:  -512.000000 | e:   0.424000 | Q:   0.148907 | won: False 
#  295 | steps: 11088 | steps_t:  5911 | t: 87.186720 | r:  -545.000000 | e:   0.408900 | Q:   0.148638 | won: False 
#  296 | steps: 11111 | steps_t:  5933 | t: 87.473951 | r:  -489.000000 | e:   0.406700 | Q:   0.148561 | won: False 
#  297 | steps: 11154 | steps_t:  5975 | t: 88.448345 | r:  -469.000000 | e:   0.402500 | Q:   0.148969 | won: False 
#  298 | steps: 11180 | steps_t:  6000 | t: 88.947017 | r:  -430.000000 | e:   0.400000 | Q:   0.148743 | won: False 
#  299 | steps: 11188 | steps_t:  6007 | t: 89.074668 | r:  -496.000000 | e:   0.399300 | Q:   0.148536 | won: False 
#  300 | steps: 11194 | steps_t:  6012 | t: 89.268152 | r:  -483.000000 | e:   0.398800 | Q:   0.148397 | won: False 
#  301 | steps: 11264 | steps_t:  6081 | t: 90.944665 | r:  -525.000000 | e:   0.391900 | Q:   0.148492 | won: False 
#  302 | steps: 11279 | steps_t:  6095 | t: 91.161088 | r:  -441.000000 | e:   0.390500 | Q:   0.148762 | won: False 
#  303 | steps: 11337 | steps_t:  6152 | t: 91.935016 | r:  -524.000000 | e:   0.384800 | Q:   0.148599 | won: False 
#  304 | steps: 11347 | steps_t:  6161 | t: 92.076637 | r:  -447.000000 | e:   0.383900 | Q:   0.148279 | won: False 
#  305 | steps: 11366 | steps_t:  6179 | t: 92.338934 | r:  -445.000000 | e:   0.382100 | Q:   0.149040 | won: False 
#  306 | steps: 11375 | steps_t:  6187 | t: 92.461607 | r:  -497.000000 | e:   0.381300 | Q:   0.148542 | won: False 
#  307 | steps: 11406 | steps_t:  6217 | t: 92.876496 | r:  -486.000000 | e:   0.378300 | Q:   0.148627 | won: False 
#  308 | steps: 11416 | steps_t:  6226 | t: 92.981216 | r:  -436.000000 | e:   0.377400 | Q:   0.148751 | won: False 
#  309 | steps: 11422 | steps_t:  6231 | t: 93.051029 | r:  -483.000000 | e:   0.376900 | Q:   0.148279 | won: False 
#  310 | steps: 11441 | steps_t:  6249 | t: 93.338261 | r:  -485.000000 | e:   0.375100 | Q:   0.148727 | won: False 
#  311 | steps: 11456 | steps_t:  6263 | t: 93.526757 | r:  -470.000000 | e:   0.373700 | Q:   0.148604 | won: False 
#  312 | steps: 11483 | steps_t:  6289 | t: 93.867844 | r:  -482.000000 | e:   0.371100 | Q:   0.148493 | won: False 
#  313 | steps: 11536 | steps_t:  6341 | t: 94.608862 | r:  -508.000000 | e:   0.365900 | Q:   0.148795 | won: False 
#  314 | steps: 11546 | steps_t:  6350 | t: 94.722556 | r:  -498.000000 | e:   0.365000 | Q:   0.148492 | won: False 
#  315 | steps: 11565 | steps_t:  6368 | t: 94.948951 | r:  -456.000000 | e:   0.363200 | Q:   0.148786 | won: False 
#  316 | steps: 11570 | steps_t:  6372 | t: 95.017771 | r:  -504.000000 | e:   0.362800 | Q:   0.148279 | won: False 
#  317 | steps: 11576 | steps_t:  6377 | t: 95.152407 | r:  -483.000000 | e:   0.362300 | Q:   0.148493 | won: False 
#  318 | steps: 11616 | steps_t:  6416 | t: 95.705927 | r:  -506.000000 | e:   0.358400 | Q:   0.148748 | won: False 
#  319 | steps: 11630 | steps_t:  6429 | t: 95.865499 | r:  -491.000000 | e:   0.357100 | Q:   0.148799 | won: False 
#  320 | steps: 11642 | steps_t:  6440 | t: 96.026069 | r:  -489.000000 | e:   0.356000 | Q:   0.148895 | won: False 
#  321 | steps: 11647 | steps_t:  6444 | t: 96.089899 | r:  -504.000000 | e:   0.355600 | Q:   0.148685 | won: False 
#  322 | steps: 11672 | steps_t:  6468 | t: 96.643417 | r:  -491.000000 | e:   0.353200 | Q:   0.148878 | won: False 
#  323 | steps: 11744 | steps_t:  6539 | t: 97.769407 | r:  -527.000000 | e:   0.346100 | Q:   0.148512 | won: False 
#  324 | steps: 11753 | steps_t:  6547 | t: 97.882103 | r:  -508.000000 | e:   0.345300 | Q:   0.148493 | won: False 
#  325 | steps: 11762 | steps_t:  6555 | t: 97.991810 | r:  -497.000000 | e:   0.344500 | Q:   0.148553 | won: False 
#  326 | steps: 11771 | steps_t:  6563 | t: 98.101516 | r:  -486.000000 | e:   0.343700 | Q:   0.149085 | won: False 
#  327 | steps: 11777 | steps_t:  6568 | t: 98.201251 | r:  -505.000000 | e:   0.343200 | Q:   0.148685 | won: False 
#  328 | steps: 11786 | steps_t:  6576 | t: 98.312950 | r:  -475.000000 | e:   0.342400 | Q:   0.148443 | won: False 
#  329 | steps: 11800 | steps_t:  6589 | t: 98.501446 | r:  -480.000000 | e:   0.341100 | Q:   0.148599 | won: False 
#  330 | steps: 11880 | steps_t:  6668 | t: 99.484814 | r:  -535.000000 | e:   0.333200 | Q:   0.148804 | won: False 
#  331 | steps: 11945 | steps_t:  6732 | t: 100.304625 | r:  -509.000000 | e:   0.326800 | Q:   0.148661 | won: False 
#  332 | steps: 11953 | steps_t:  6739 | t: 100.399369 | r:  -496.000000 | e:   0.326100 | Q:   0.148279 | won: False 
#  333 | steps: 11962 | steps_t:  6747 | t: 100.512066 | r:  -486.000000 | e:   0.325300 | Q:   0.148452 | won: False 
#  334 | steps: 12005 | steps_t:  6789 | t: 101.105479 | r:  -498.000000 | e:   0.321100 | Q:   0.148805 | won: False 
#  335 | steps: 12047 | steps_t:  6830 | t: 101.606139 | r:  -508.000000 | e:   0.317000 | Q:   0.148598 | won: False 
#  336 | steps: 12057 | steps_t:  6839 | t: 101.737787 | r:  -465.000000 | e:   0.316100 | Q:   0.148660 | won: False 
#  337 | steps: 12086 | steps_t:  6867 | t: 102.182596 | r:  -495.000000 | e:   0.313300 | Q:   0.148585 | won: False 
#  338 | steps: 12096 | steps_t:  6876 | t: 102.293301 | r:  -509.000000 | e:   0.312400 | Q:   0.148771 | won: False 
#  339 | steps: 12107 | steps_t:  6886 | t: 102.435923 | r:  -499.000000 | e:   0.311400 | Q:   0.148685 | won: False 
#  340 | steps: 12149 | steps_t:  6927 | t: 103.063241 | r:  -497.000000 | e:   0.307300 | Q:   0.148502 | won: False 
#  341 | steps: 12197 | steps_t:  6974 | t: 103.714507 | r:  -514.000000 | e:   0.302600 | Q:   0.148663 | won: False 
#  342 | steps: 12205 | steps_t:  6981 | t: 103.810246 | r:  -507.000000 | e:   0.301900 | Q:   0.148598 | won: False 
#  343 | steps: 12214 | steps_t:  6989 | t: 103.916958 | r:  -475.000000 | e:   0.301100 | Q:   0.148512 | won: False 
#  344 | steps: 12224 | steps_t:  6998 | t: 104.022675 | r:  -498.000000 | e:   0.300200 | Q:   0.148553 | won: False 
#  345 | steps: 12233 | steps_t:  7006 | t: 104.184241 | r:  -486.000000 | e:   0.299400 | Q:   0.148604 | won: False 
#  346 | steps: 12267 | steps_t:  7039 | t: 104.635035 | r:  -489.000000 | e:   0.296100 | Q:   0.148685 | won: False 
#  347 | steps: 12347 | steps_t:  7118 | t: 105.759027 | r:  -473.000000 | e:   0.288200 | Q:   0.148491 | won: False 
#  348 | steps: 12392 | steps_t:  7162 | t: 106.398317 | r:  -489.000000 | e:   0.283800 | Q:   0.148685 | won: False 
#  349 | steps: 12399 | steps_t:  7168 | t: 106.533955 | r:  -495.000000 | e:   0.283200 | Q:   0.148685 | won: False 
#  350 | steps: 12480 | steps_t:  7248 | t: 107.584146 | r:  -525.000000 | e:   0.275200 | Q:   0.148804 | won: False 
#  351 | steps: 12501 | steps_t:  7268 | t: 107.849434 | r:  -498.000000 | e:   0.273200 | Q:   0.148663 | won: False 
#  352 | steps: 12516 | steps_t:  7282 | t: 108.032944 | r:  -492.000000 | e:   0.271800 | Q:   0.148490 | won: False 
#  353 | steps: 12539 | steps_t:  7304 | t: 108.340122 | r:  -489.000000 | e:   0.269600 | Q:   0.148685 | won: False 
#  354 | steps: 12549 | steps_t:  7313 | t: 108.538590 | r:  -458.000000 | e:   0.268700 | Q:   0.148796 | won: False 
#  355 | steps: 12576 | steps_t:  7339 | t: 109.129011 | r:  -504.000000 | e:   0.266100 | Q:   0.148775 | won: False 
#  356 | steps: 12663 | steps_t:  7425 | t: 110.758651 | r:  -542.000000 | e:   0.257500 | Q:   0.148617 | won: False 
#  357 | steps: 12698 | steps_t:  7459 | t: 111.924541 | r:  -490.000000 | e:   0.254100 | Q:   0.148567 | won: False 
#  358 | steps: 12736 | steps_t:  7496 | t: 112.963751 | r:  -504.000000 | e:   0.250400 | Q:   0.148685 | won: False 
#  359 | steps: 12862 | steps_t:  7621 | t: 115.613661 | r:  -541.000000 | e:   0.237900 | Q:   0.148999 | won: False 
#  360 | steps: 12896 | steps_t:  7654 | t: 116.088390 | r:  -500.000000 | e:   0.234600 | Q:   0.148685 | won: False 
#  361 | steps: 12902 | steps_t:  7659 | t: 116.170173 | r:  -483.000000 | e:   0.234100 | Q:   0.148598 | won: False 
#  362 | steps: 12913 | steps_t:  7669 | t: 116.302822 | r:  -488.000000 | e:   0.233100 | Q:   0.148604 | won: False 
#  363 | steps: 12925 | steps_t:  7680 | t: 116.439451 | r:  -416.000000 | e:   0.232000 | Q:   0.148655 | won: False 
#  364 | steps: 12934 | steps_t:  7688 | t: 116.570103 | r:  -497.000000 | e:   0.231200 | Q:   0.148598 | won: False 
#  365 | steps: 12969 | steps_t:  7722 | t: 117.131600 | r:  -490.000000 | e:   0.227800 | Q:   0.148823 | won: False 
#  366 | steps: 12974 | steps_t:  7726 | t: 117.199418 | r:  -504.000000 | e:   0.227400 | Q:   0.148685 | won: False 
#  367 | steps: 13044 | steps_t:  7795 | t: 118.658515 | r:  -485.000000 | e:   0.220500 | Q:   0.148732 | won: False 
#  368 | steps: 13056 | steps_t:  7806 | t: 118.923804 | r:  -438.000000 | e:   0.219400 | Q:   0.148813 | won: False 
#  369 | steps: 13093 | steps_t:  7842 | t: 119.544144 | r:  -503.000000 | e:   0.215800 | Q:   0.148599 | won: False 
#  370 | steps: 13099 | steps_t:  7847 | t: 119.623931 | r:  -483.000000 | e:   0.215300 | Q:   0.148492 | won: False 
#  371 | steps: 13172 | steps_t:  7919 | t: 121.166803 | r:  -539.000000 | e:   0.208100 | Q:   0.148661 | won: False 
#  372 | steps: 13178 | steps_t:  7924 | t: 121.332366 | r:  -483.000000 | e:   0.207600 | Q:   0.148598 | won: False 
#  373 | steps: 13256 | steps_t:  8001 | t: 122.594983 | r:  -482.000000 | e:   0.199900 | Q:   0.148796 | won: False 
#  374 | steps: 13264 | steps_t:  8008 | t: 122.700699 | r:  -496.000000 | e:   0.199200 | Q:   0.148553 | won: False 
#  375 | steps: 13273 | steps_t:  8016 | t: 122.823370 | r:  -497.000000 | e:   0.198400 | Q:   0.148536 | won: False 
#  376 | steps: 13293 | steps_t:  8035 | t: 123.045778 | r:  -497.000000 | e:   0.196500 | Q:   0.148851 | won: False 
#  377 | steps: 13306 | steps_t:  8047 | t: 123.222304 | r:  -450.000000 | e:   0.195300 | Q:   0.148527 | won: False 
#  378 | steps: 13392 | steps_t:  8132 | t: 124.408130 | r:  -552.000000 | e:   0.186800 | Q:   0.148685 | won: False 
#  379 | steps: 13422 | steps_t:  8161 | t: 124.904802 | r:  -496.000000 | e:   0.183900 | Q:   0.148604 | won: False 
#  380 | steps: 13427 | steps_t:  8165 | t: 124.970626 | r:  -504.000000 | e:   0.183500 | Q:   0.148395 | won: False 
#  381 | steps: 13436 | steps_t:  8173 | t: 125.087318 | r:  -475.000000 | e:   0.182700 | Q:   0.148451 | won: False 
#  382 | steps: 13443 | steps_t:  8179 | t: 125.172087 | r:  -484.000000 | e:   0.182100 | Q:   0.148598 | won: False 
#  383 | steps: 13456 | steps_t:  8191 | t: 125.387509 | r:  -490.000000 | e:   0.180900 | Q:   0.148598 | won: False 
#  384 | steps: 13468 | steps_t:  8202 | t: 125.569024 | r:  -427.000000 | e:   0.179800 | Q:   0.148851 | won: False 
#  385 | steps: 13491 | steps_t:  8224 | t: 125.945018 | r:  -489.000000 | e:   0.177600 | Q:   0.148685 | won: False 
#  386 | steps: 13619 | steps_t:  8351 | t: 127.661426 | r:  -583.000000 | e:   0.164900 | Q:   0.148661 | won: False 
#  387 | steps: 13694 | steps_t:  8425 | t: 128.708625 | r:  -530.000000 | e:   0.157500 | Q:   0.148663 | won: False 
#  388 | steps: 13700 | steps_t:  8430 | t: 128.785419 | r:  -483.000000 | e:   0.157000 | Q:   0.148492 | won: False 
#  389 | steps: 13779 | steps_t:  8508 | t: 129.901433 | r:  -534.000000 | e:   0.149200 | Q:   0.148685 | won: False 
#  390 | steps: 13784 | steps_t:  8512 | t: 130.024103 | r:  -504.000000 | e:   0.148800 | Q:   0.148685 | won: False 
#  391 | steps: 13793 | steps_t:  8520 | t: 130.163732 | r:  -486.000000 | e:   0.148000 | Q:   0.148536 | won: False 
#  392 | steps: 13798 | steps_t:  8524 | t: 130.236536 | r:  -504.000000 | e:   0.147600 | Q:   0.148685 | won: False 
#  393 | steps: 13804 | steps_t:  8529 | t: 130.357213 | r:  -483.000000 | e:   0.147100 | Q:   0.148492 | won: False 
#  394 | steps: 13809 | steps_t:  8533 | t: 130.421042 | r:  -504.000000 | e:   0.146700 | Q:   0.148771 | won: False 
#  395 | steps: 13816 | steps_t:  8539 | t: 130.511801 | r:  -495.000000 | e:   0.146100 | Q:   0.148685 | won: False 
#  396 | steps: 13872 | steps_t:  8594 | t: 131.297696 | r:  -522.000000 | e:   0.140600 | Q:   0.148685 | won: False 
#  397 | steps: 13878 | steps_t:  8599 | t: 131.371498 | r:  -483.000000 | e:   0.140100 | Q:   0.148492 | won: False 
#  398 | steps: 13891 | steps_t:  8611 | t: 131.573957 | r:  -490.000000 | e:   0.138900 | Q:   0.148598 | won: False 
#  399 | steps: 13896 | steps_t:  8615 | t: 131.639789 | r:  -504.000000 | e:   0.138500 | Q:   0.148685 | won: False 
#  400 | steps: 14002 | steps_t:  8720 | t: 133.188637 | r:  -561.000000 | e:   0.128000 | Q:   0.148685 | won: False 
#  401 | steps: 14014 | steps_t:  8731 | t: 133.378130 | r:  -478.000000 | e:   0.126900 | Q:   0.148536 | won: False 
#  402 | steps: 14047 | steps_t:  8763 | t: 133.896748 | r:  -510.000000 | e:   0.123700 | Q:   0.148775 | won: False 
#  403 | steps: 14055 | steps_t:  8770 | t: 133.996480 | r:  -485.000000 | e:   0.123000 | Q:   0.148493 | won: False 
#  404 | steps: 14110 | steps_t:  8824 | t: 134.822266 | r:  -510.000000 | e:   0.117600 | Q:   0.149007 | won: False 
#  405 | steps: 14293 | steps_t:  9006 | t: 137.832213 | r:  -649.000000 | e:   0.100000 | Q:   0.148685 | won: False 
#  406 | steps: 14299 | steps_t:  9011 | t: 137.915989 | r:  -483.000000 | e:   0.100000 | Q:   0.148598 | won: False 
#  407 | steps: 14366 | steps_t:  9077 | t: 139.031006 | r:  -544.000000 | e:   0.100000 | Q:   0.148685 | won: False 
#  408 | steps: 14371 | steps_t:  9081 | t: 139.103813 | r:  -504.000000 | e:   0.100000 | Q:   0.148395 | won: False 
#  409 | steps: 14414 | steps_t:  9123 | t: 139.715183 | r:  -520.000000 | e:   0.100000 | Q:   0.148685 | won: False 
#  410 | steps: 14480 | steps_t:  9188 | t: 140.786309 | r:  -532.000000 | e:   0.100000 | Q:   0.148661 | won: False 
#  411 | steps: 14522 | steps_t:  9229 | t: 141.412633 | r:  -497.000000 | e:   0.100000 | Q:   0.148828 | won: False 
#  412 | steps: 14527 | steps_t:  9233 | t: 141.474480 | r:  -504.000000 | e:   0.100000 | Q:   0.148685 | won: False 
#  413 | steps: 14548 | steps_t:  9253 | t: 141.792616 | r:  -498.000000 | e:   0.100000 | Q:   0.148663 | won: False 
#  414 | steps: 14558 | steps_t:  9262 | t: 141.916294 | r:  -476.000000 | e:   0.100000 | Q:   0.148598 | won: False 
#  415 | steps: 14569 | steps_t:  9272 | t: 142.092814 | r:  -488.000000 | e:   0.100000 | Q:   0.148553 | won: False 
#  416 | steps: 14575 | steps_t:  9277 | t: 142.183581 | r:  -505.000000 | e:   0.100000 | Q:   0.148439 | won: False 
#  417 | steps: 14623 | steps_t:  9324 | t: 142.858766 | r:  -514.000000 | e:   0.100000 | Q:   0.148795 | won: False 
#  418 | steps: 14638 | steps_t:  9338 | t: 143.110092 | r:  -492.000000 | e:   0.100000 | Q:   0.148553 | won: False 
#  419 | steps: 14655 | steps_t:  9354 | t: 143.365410 | r:  -494.000000 | e:   0.100000 | Q:   0.148663 | won: False 
#  420 | steps: 14691 | steps_t:  9389 | t: 143.826176 | r:  -513.000000 | e:   0.100000 | Q:   0.148685 | won: False 
#  421 | steps: 14701 | steps_t:  9398 | t: 143.989738 | r:  -465.000000 | e:   0.100000 | Q:   0.148685 | won: False 
#  422 | steps: 14709 | steps_t:  9405 | t: 144.110415 | r:  -474.000000 | e:   0.100000 | Q:   0.148553 | won: False 
#  423 | steps: 14726 | steps_t:  9421 | t: 144.369720 | r:  -494.000000 | e:   0.100000 | Q:   0.148663 | won: False 
#  424 | steps: 14735 | steps_t:  9429 | t: 144.481422 | r:  -497.000000 | e:   0.100000 | Q:   0.148542 | won: False 
#  425 | steps: 14768 | steps_t:  9461 | t: 144.935208 | r:  -510.000000 | e:   0.100000 | Q:   0.148685 | won: False 
#  426 | steps: 14796 | steps_t:  9488 | t: 145.388000 | r:  -494.000000 | e:   0.100000 | Q:   0.148604 | won: False 
#  427 | steps: 14861 | steps_t:  9552 | t: 146.258667 | r:  -520.000000 | e:   0.100000 | Q:   0.148604 | won: False 
#  428 | steps: 14882 | steps_t:  9572 | t: 146.607733 | r:  -498.000000 | e:   0.100000 | Q:   0.148685 | won: False 
#  429 | steps: 14971 | steps_t:  9660 | t: 147.857390 | r:  -544.000000 | e:   0.100000 | Q:   0.148685 | won: False 
#  430 | steps: 15023 | steps_t:  9711 | t: 148.646283 | r:  -518.000000 | e:   0.100000 | Q:   0.148685 | won: False 
#  431 | steps: 15029 | steps_t:  9716 | t: 148.775933 | r:  -483.000000 | e:   0.100000 | Q:   0.148493 | won: False 
#  432 | steps: 15037 | steps_t:  9723 | t: 148.877659 | r:  -496.000000 | e:   0.100000 | Q:   0.148489 | won: False 
#  433 | steps: 15048 | steps_t:  9733 | t: 149.007313 | r:  -488.000000 | e:   0.100000 | Q:   0.148585 | won: False 
#  434 | steps: 15053 | steps_t:  9737 | t: 149.072140 | r:  -504.000000 | e:   0.100000 | Q:   0.148685 | won: False 
#  435 | steps: 15059 | steps_t:  9742 | t: 149.150928 | r:  -483.000000 | e:   0.100000 | Q:   0.148492 | won: False 
#  436 | steps: 15064 | steps_t:  9746 | t: 149.214758 | r:  -504.000000 | e:   0.100000 | Q:   0.148685 | won: False 
#  437 | steps: 15069 | steps_t:  9750 | t: 149.283575 | r:  -504.000000 | e:   0.100000 | Q:   0.148685 | won: False 
#  438 | steps: 15077 | steps_t:  9757 | t: 149.387298 | r:  -474.000000 | e:   0.100000 | Q:   0.148553 | won: False 
#  439 | steps: 15085 | steps_t:  9764 | t: 149.491018 | r:  -496.000000 | e:   0.100000 | Q:   0.148771 | won: False 
#  440 | steps: 15096 | steps_t:  9774 | t: 149.702453 | r:  -488.000000 | e:   0.100000 | Q:   0.148685 | won: False 
#  441 | steps: 15189 | steps_t:  9866 | t: 151.021925 | r:  -559.000000 | e:   0.100000 | Q:   0.148813 | won: False 
#  442 | steps: 15195 | steps_t:  9871 | t: 151.096722 | r:  -505.000000 | e:   0.100000 | Q:   0.148727 | won: False 
#  443 | steps: 15244 | steps_t:  9919 | t: 151.685148 | r:  -526.000000 | e:   0.100000 | Q:   0.148685 | won: False 
#  444 | steps: 15249 | steps_t:  9923 | t: 151.742995 | r:  -504.000000 | e:   0.100000 | Q:   0.148685 | won: False 
#  445 | steps: 15258 | steps_t:  9931 | t: 151.879628 | r:  -486.000000 | e:   0.100000 | Q:   0.148553 | won: False 
#  446 | steps: 15310 | steps_t:  9982 | t: 152.544847 | r:  -518.000000 | e:   0.100000 | Q:   0.148685 | won: False 
#  447 | steps: 15332 | steps_t: 10003 | t: 152.820112 | r:  -488.000000 | e:   0.100000 | Q:   0.148775 | won: False 
#  448 | steps: 15337 | steps_t: 10007 | t: 152.883946 | r:  -504.000000 | e:   0.100000 | Q:   0.148685 | won: False 
#  449 | steps: 15348 | steps_t: 10017 | t: 153.135267 | r:  -488.000000 | e:   0.100000 | Q:   0.148663 | won: False 
#  450 | steps: 15355 | steps_t: 10023 | t: 153.257939 | r:  -495.000000 | e:   0.100000 | Q:   0.148598 | won: False 
#  451 | steps: 15372 | steps_t: 10039 | t: 153.493310 | r:  -494.000000 | e:   0.100000 | Q:   0.148685 | won: False 
#  452 | steps: 15381 | steps_t: 10047 | t: 153.609003 | r:  -446.000000 | e:   0.100000 | Q:   0.148956 | won: False 
#  453 | steps: 15387 | steps_t: 10052 | t: 153.682803 | r:  -483.000000 | e:   0.100000 | Q:   0.148598 | won: False 
#  454 | steps: 15396 | steps_t: 10060 | t: 153.812459 | r:  -486.000000 | e:   0.100000 | Q:   0.148536 | won: False 
#  455 | steps: 15407 | steps_t: 10070 | t: 153.988988 | r:  -488.000000 | e:   0.100000 | Q:   0.148553 | won: False 
#  456 | steps: 15414 | steps_t: 10076 | t: 154.147560 | r:  -495.000000 | e:   0.100000 | Q:   0.148598 | won: False 
#  457 | steps: 15445 | steps_t: 10106 | t: 154.635255 | r:  -508.000000 | e:   0.100000 | Q:   0.148747 | won: False 
#  458 | steps: 15452 | steps_t: 10112 | t: 154.729006 | r:  -495.000000 | e:   0.100000 | Q:   0.148598 | won: False 
#  459 | steps: 15466 | steps_t: 10125 | t: 154.894567 | r:  -440.000000 | e:   0.100000 | Q:   0.148912 | won: False 
#  460 | steps: 15512 | steps_t: 10170 | t: 155.537839 | r:  -512.000000 | e:   0.100000 | Q:   0.148685 | won: False 
#  461 | steps: 15523 | steps_t: 10180 | t: 155.725340 | r:  -488.000000 | e:   0.100000 | Q:   0.148493 | won: False 
#  462 | steps: 15528 | steps_t: 10184 | t: 155.790169 | r:  -504.000000 | e:   0.100000 | Q:   0.148685 | won: False 
#  463 | steps: 15535 | steps_t: 10190 | t: 155.871946 | r:  -495.000000 | e:   0.100000 | Q:   0.148542 | won: False 
#  464 | steps: 15547 | steps_t: 10201 | t: 156.008588 | r:  -489.000000 | e:   0.100000 | Q:   0.148553 | won: False 
#  465 | steps: 15583 | steps_t: 10236 | t: 156.555118 | r:  -502.000000 | e:   0.100000 | Q:   0.148685 | won: False 
#  466 | steps: 15611 | steps_t: 10263 | t: 156.918147 | r:  -494.000000 | e:   0.100000 | Q:   0.148663 | won: False 
#  467 | steps: 15654 | steps_t: 10305 | t: 157.602316 | r:  -509.000000 | e:   0.100000 | Q:   0.148685 | won: False 
#  468 | steps: 15665 | steps_t: 10315 | t: 157.748924 | r:  -488.000000 | e:   0.100000 | Q:   0.148604 | won: False 
#  469 | steps: 15682 | steps_t: 10331 | t: 158.003243 | r:  -494.000000 | e:   0.100000 | Q:   0.148663 | won: False 
#  470 | steps: 15745 | steps_t: 10393 | t: 158.936746 | r:  -540.000000 | e:   0.100000 | Q:   0.148685 | won: False 
#  471 | steps: 15752 | steps_t: 10399 | t: 159.024516 | r:  -484.000000 | e:   0.100000 | Q:   0.148573 | won: False 
#  472 | steps: 15835 | steps_t: 10481 | t: 160.324033 | r:  -538.000000 | e:   0.100000 | Q:   0.148740 | won: False 
#  473 | steps: 15840 | steps_t: 10485 | t: 160.397836 | r:  -504.000000 | e:   0.100000 | Q:   0.148685 | won: False 
#  474 | steps: 15884 | steps_t: 10528 | t: 161.066049 | r:  -510.000000 | e:   0.100000 | Q:   0.148492 | won: False 
#  475 | steps: 15891 | steps_t: 10534 | t: 161.153814 | r:  -506.000000 | e:   0.100000 | Q:   0.148685 | won: False 
#  476 | steps: 15931 | steps_t: 10573 | t: 161.597625 | r:  -495.000000 | e:   0.100000 | Q:   0.148685 | won: False 
#  477 | steps: 15940 | steps_t: 10581 | t: 161.704340 | r:  -486.000000 | e:   0.100000 | Q:   0.148685 | won: False 
#  478 | steps: 15953 | steps_t: 10593 | t: 161.859925 | r:  -490.000000 | e:   0.100000 | Q:   0.148490 | won: False 
#  479 | steps: 15959 | steps_t: 10598 | t: 161.938714 | r:  -483.000000 | e:   0.100000 | Q:   0.148598 | won: False 
#  480 | steps: 15966 | steps_t: 10604 | t: 162.076345 | r:  -495.000000 | e:   0.100000 | Q:   0.148598 | won: False 
#  481 | steps: 15983 | steps_t: 10620 | t: 162.317700 | r:  -494.000000 | e:   0.100000 | Q:   0.148685 | won: False 
#  482 | steps: 15990 | steps_t: 10626 | t: 162.448350 | r:  -495.000000 | e:   0.100000 | Q:   0.148542 | won: False 
#  483 | steps: 15995 | steps_t: 10630 | t: 162.541102 | r:  -504.000000 | e:   0.100000 | Q:   0.148685 | won: False 
#  484 | steps: 16001 | steps_t: 10635 | t: 162.628868 | r:  -483.000000 | e:   0.100000 | Q:   0.148598 | won: False 
#  485 | steps: 16011 | steps_t: 10644 | t: 162.744557 | r:  -425.000000 | e:   0.100000 | Q:   0.148961 | won: False 
#  486 | steps: 16018 | steps_t: 10650 | t: 162.827336 | r:  -495.000000 | e:   0.100000 | Q:   0.148553 | won: False 
#  487 | steps: 16031 | steps_t: 10662 | t: 162.986911 | r:  -490.000000 | e:   0.100000 | Q:   0.148663 | won: False 
#  488 | steps: 16037 | steps_t: 10667 | t: 163.121552 | r:  -483.000000 | e:   0.100000 | Q:   0.148492 | won: False 
#  489 | steps: 16047 | steps_t: 10676 | t: 163.252199 | r:  -487.000000 | e:   0.100000 | Q:   0.148598 | won: False 
#  490 | steps: 16055 | steps_t: 10683 | t: 163.351949 | r:  -474.000000 | e:   0.100000 | Q:   0.148685 | won: False 
#  491 | steps: 16063 | steps_t: 10690 | t: 163.504524 | r:  -485.000000 | e:   0.100000 | Q:   0.148598 | won: False 
#  492 | steps: 16074 | steps_t: 10700 | t: 163.767825 | r:  -448.000000 | e:   0.100000 | Q:   0.148878 | won: False 
#  493 | steps: 16082 | steps_t: 10707 | t: 163.917419 | r:  -474.000000 | e:   0.100000 | Q:   0.148553 | won: False 
#  494 | steps: 16128 | steps_t: 10752 | t: 164.698330 | r:  -512.000000 | e:   0.100000 | Q:   0.148685 | won: False 
#  495 | steps: 16133 | steps_t: 10756 | t: 164.751189 | r:  -504.000000 | e:   0.100000 | Q:   0.148331 | won: False 
#  496 | steps: 16138 | steps_t: 10760 | t: 164.810034 | r:  -504.000000 | e:   0.100000 | Q:   0.148395 | won: False 
#  497 | steps: 16146 | steps_t: 10767 | t: 164.904778 | r:  -474.000000 | e:   0.100000 | Q:   0.148553 | won: False 
#  498 | steps: 16152 | steps_t: 10772 | t: 164.974591 | r:  -505.000000 | e:   0.100000 | Q:   0.148579 | won: False 
#  499 | steps: 16160 | steps_t: 10779 | t: 165.065347 | r:  -485.000000 | e:   0.100000 | Q:   0.148598 | won: False 
#  500 | steps: 16204 | steps_t: 10822 | t: 165.947986 | r:  -499.000000 | e:   0.100000 | Q:   0.148663 | won: False 
#  501 | steps: 16211 | steps_t: 10828 | t: 166.054702 | r:  -495.000000 | e:   0.100000 | Q:   0.148598 | won: False 
#  502 | steps: 16216 | steps_t: 10832 | t: 166.152440 | r:  -504.000000 | e:   0.100000 | Q:   0.148771 | won: False 
#  503 | steps: 16221 | steps_t: 10836 | t: 166.223261 | r:  -504.000000 | e:   0.100000 | Q:   0.148685 | won: False 
#  504 | steps: 16236 | steps_t: 10850 | t: 166.700973 | r:  -492.000000 | e:   0.100000 | Q:   0.148685 | won: False 
#  505 | steps: 16243 | steps_t: 10856 | t: 166.796716 | r:  -495.000000 | e:   0.100000 | Q:   0.148553 | won: False 
#  506 | steps: 16369 | steps_t: 10981 | t: 168.511128 | r:  -581.000000 | e:   0.100000 | Q:   0.148685 | won: False 
#  507 | steps: 16376 | steps_t: 10987 | t: 168.596900 | r:  -495.000000 | e:   0.100000 | Q:   0.148598 | won: False 
#  508 | steps: 16389 | steps_t: 10999 | t: 169.105540 | r:  -490.000000 | e:   0.100000 | Q:   0.148553 | won: False 
#  509 | steps: 16441 | steps_t: 11050 | t: 170.079933 | r:  -518.000000 | e:   0.100000 | Q:   0.148663 | won: False 
#  510 | steps: 16463 | steps_t: 11071 | t: 170.372149 | r:  -499.000000 | e:   0.100000 | Q:   0.148799 | won: False 
#  511 | steps: 16480 | steps_t: 11087 | t: 170.611509 | r:  -494.000000 | e:   0.100000 | Q:   0.148553 | won: False 
#  512 | steps: 16524 | steps_t: 11130 | t: 171.248804 | r:  -510.000000 | e:   0.100000 | Q:   0.148775 | won: False 
#  513 | steps: 16531 | steps_t: 11136 | t: 171.336572 | r:  -495.000000 | e:   0.100000 | Q:   0.148542 | won: False 
#  514 | steps: 16558 | steps_t: 11162 | t: 171.676672 | r:  -504.000000 | e:   0.100000 | Q:   0.148685 | won: False 
#  515 | steps: 16629 | steps_t: 11232 | t: 172.700918 | r:  -548.000000 | e:   0.100000 | Q:   0.148663 | won: False 
#  516 | steps: 16638 | steps_t: 11240 | t: 172.819601 | r:  -497.000000 | e:   0.100000 | Q:   0.148542 | won: False 
#  517 | steps: 16686 | steps_t: 11287 | t: 173.553637 | r:  -514.000000 | e:   0.100000 | Q:   0.148775 | won: False 
#  518 | steps: 16692 | steps_t: 11292 | t: 173.648384 | r:  -483.000000 | e:   0.100000 | Q:   0.148492 | won: False 
#  519 | steps: 16777 | steps_t: 11376 | t: 175.079554 | r:  -551.000000 | e:   0.100000 | Q:   0.148685 | won: False 
#  520 | steps: 16802 | steps_t: 11400 | t: 175.406678 | r:  -502.000000 | e:   0.100000 | Q:   0.148663 | won: False 
#  521 | steps: 16815 | steps_t: 11412 | t: 175.655014 | r:  -490.000000 | e:   0.100000 | Q:   0.148599 | won: False 
#  522 | steps: 16821 | steps_t: 11417 | t: 175.758736 | r:  -483.000000 | e:   0.100000 | Q:   0.148598 | won: False 
#  523 | steps: 16900 | steps_t: 11495 | t: 176.891706 | r:  -545.000000 | e:   0.100000 | Q:   0.148689 | won: False 
#  524 | steps: 16919 | steps_t: 11513 | t: 177.211848 | r:  -496.000000 | e:   0.100000 | Q:   0.148553 | won: False 
#  525 | steps: 16951 | steps_t: 11544 | t: 177.708520 | r:  -498.000000 | e:   0.100000 | Q:   0.148599 | won: False 
#  526 | steps: 16959 | steps_t: 11551 | t: 177.826208 | r:  -474.000000 | e:   0.100000 | Q:   0.148553 | won: False 
#  527 | steps: 16965 | steps_t: 11556 | t: 177.953864 | r:  -483.000000 | e:   0.100000 | Q:   0.148598 | won: False 
#  528 | steps: 16972 | steps_t: 11562 | t: 178.043624 | r:  -495.000000 | e:   0.100000 | Q:   0.148598 | won: False 
#  529 | steps: 17021 | steps_t: 11610 | t: 178.685906 | r:  -526.000000 | e:   0.100000 | Q:   0.148685 | won: False 
#  530 | steps: 17056 | steps_t: 11644 | t: 179.243418 | r:  -512.000000 | e:   0.100000 | Q:   0.148685 | won: False 
#  531 | steps: 17067 | steps_t: 11654 | t: 179.378053 | r:  -488.000000 | e:   0.100000 | Q:   0.148604 | won: False 
#  532 | steps: 17074 | steps_t: 11660 | t: 179.472803 | r:  -495.000000 | e:   0.100000 | Q:   0.148542 | won: False 
#  533 | steps: 17102 | steps_t: 11687 | t: 179.838820 | r:  -494.000000 | e:   0.100000 | Q:   0.148685 | won: False 
#  534 | steps: 17109 | steps_t: 11693 | t: 179.983434 | r:  -495.000000 | e:   0.100000 | Q:   0.148598 | won: False 
#  535 | steps: 17116 | steps_t: 11699 | t: 180.077183 | r:  -495.000000 | e:   0.100000 | Q:   0.148598 | won: False 
#  536 | steps: 17122 | steps_t: 11704 | t: 180.208830 | r:  -483.000000 | e:   0.100000 | Q:   0.148598 | won: False 
#  537 | steps: 17143 | steps_t: 11724 | t: 180.462152 | r:  -447.000000 | e:   0.100000 | Q:   0.148847 | won: False 
#  538 | steps: 17310 | steps_t: 11890 | t: 183.808200 | r:  -622.000000 | e:   0.100000 | Q:   0.149021 | won: False 
#  539 | steps: 17335 | steps_t: 11914 | t: 184.343768 | r:  -502.000000 | e:   0.100000 | Q:   0.148685 | won: False 
#  540 | steps: 17344 | steps_t: 11922 | t: 184.635986 | r:  -486.000000 | e:   0.100000 | Q:   0.148685 | won: False 
#  541 | steps: 17349 | steps_t: 11926 | t: 184.706797 | r:  -504.000000 | e:   0.100000 | Q:   0.148685 | won: False 
#  542 | steps: 17361 | steps_t: 11937 | t: 185.128667 | r:  -478.000000 | e:   0.100000 | Q:   0.148598 | won: False 
#  543 | steps: 17374 | steps_t: 11949 | t: 185.427867 | r:  -490.000000 | e:   0.100000 | Q:   0.148536 | won: False 
#  544 | steps: 17426 | steps_t: 12000 | t: 186.501992 | r:  -518.000000 | e:   0.100000 | Q:   0.148828 | won: False 
#  545 | steps: 17437 | steps_t: 12010 | t: 186.765288 | r:  -488.000000 | e:   0.100000 | Q:   0.148685 | won: False 
#  546 | steps: 17501 | steps_t: 12073 | t: 187.872330 | r:  -530.000000 | e:   0.100000 | Q:   0.148663 | won: False 
#  547 | steps: 17582 | steps_t: 12153 | t: 189.011278 | r:  -547.000000 | e:   0.100000 | Q:   0.148685 | won: False 
#  548 | steps: 17589 | steps_t: 12159 | t: 189.103033 | r:  -495.000000 | e:   0.100000 | Q:   0.148553 | won: False 
#  549 | steps: 17594 | steps_t: 12163 | t: 189.168857 | r:  -504.000000 | e:   0.100000 | Q:   0.148685 | won: False 
#  550 | steps: 17600 | steps_t: 12168 | t: 189.238670 | r:  -483.000000 | e:   0.100000 | Q:   0.148598 | won: False 
#  551 | steps: 17624 | steps_t: 12191 | t: 189.598709 | r:  -490.000000 | e:   0.100000 | Q:   0.148685 | won: False 
#  552 | steps: 17633 | steps_t: 12199 | t: 189.714397 | r:  -497.000000 | e:   0.100000 | Q:   0.148851 | won: False 
#  553 | steps: 17664 | steps_t: 12229 | t: 190.185142 | r:  -508.000000 | e:   0.100000 | Q:   0.148775 | won: False 
#  554 | steps: 17683 | steps_t: 12247 | t: 190.437465 | r:  -496.000000 | e:   0.100000 | Q:   0.148604 | won: False 
#  555 | steps: 17700 | steps_t: 12263 | t: 190.677820 | r:  -483.000000 | e:   0.100000 | Q:   0.148492 | won: False 
#  556 | steps: 17723 | steps_t: 12285 | t: 190.970037 | r:  -500.000000 | e:   0.100000 | Q:   0.148685 | won: False 
#  557 | steps: 17736 | steps_t: 12297 | t: 191.266280 | r:  -388.000000 | e:   0.100000 | Q:   0.148795 | won: False 
#  558 | steps: 17745 | steps_t: 12305 | t: 191.382937 | r:  -497.000000 | e:   0.100000 | Q:   0.148439 | won: False 
#  559 | steps: 17752 | steps_t: 12311 | t: 191.505605 | r:  -495.000000 | e:   0.100000 | Q:   0.148598 | won: False 
#  560 | steps: 17759 | steps_t: 12317 | t: 191.832730 | r:  -495.000000 | e:   0.100000 | Q:   0.148598 | won: False 
#  561 | steps: 17768 | steps_t: 12325 | t: 192.346356 | r:  -497.000000 | e:   0.100000 | Q:   0.148685 | won: False 
#  562 | steps: 17774 | steps_t: 12330 | t: 192.447085 | r:  -483.000000 | e:   0.100000 | Q:   0.148492 | won: False 
#  563 | steps: 17779 | steps_t: 12334 | t: 192.524877 | r:  -504.000000 | e:   0.100000 | Q:   0.148685 | won: False 
#  564 | steps: 17832 | steps_t: 12386 | t: 193.712699 | r:  -530.000000 | e:   0.100000 | Q:   0.148685 | won: False 
#  565 | steps: 17837 | steps_t: 12390 | t: 193.799469 | r:  -504.000000 | e:   0.100000 | Q:   0.148685 | won: False 
#  566 | steps: 17906 | steps_t: 12458 | t: 195.698392 | r:  -535.000000 | e:   0.100000 | Q:   0.148685 | won: False 
#  567 | steps: 17927 | steps_t: 12478 | t: 196.064407 | r:  -498.000000 | e:   0.100000 | Q:   0.148663 | won: False 
#  568 | steps: 17991 | steps_t: 12541 | t: 197.576362 | r:  -519.000000 | e:   0.100000 | Q:   0.148847 | won: False 
#  569 | steps: 18019 | steps_t: 12568 | t: 198.105957 | r:  -494.000000 | e:   0.100000 | Q:   0.148685 | won: False 
#  570 | steps: 18031 | steps_t: 12579 | t: 198.320371 | r:  -478.000000 | e:   0.100000 | Q:   0.148660 | won: False 
#  571 | steps: 18040 | steps_t: 12587 | t: 198.529811 | r:  -486.000000 | e:   0.100000 | Q:   0.148598 | won: False 
#  572 | steps: 18049 | steps_t: 12595 | t: 198.680413 | r:  -457.000000 | e:   0.100000 | Q:   0.148721 | won: False 
#  573 | steps: 18089 | steps_t: 12634 | t: 199.328673 | r:  -506.000000 | e:   0.100000 | Q:   0.148663 | won: False 
#  574 | steps: 18154 | steps_t: 12698 | t: 200.568357 | r:  -542.000000 | e:   0.100000 | Q:   0.149042 | won: False 
#  575 | steps: 18168 | steps_t: 12711 | t: 200.898481 | r:  -480.000000 | e:   0.100000 | Q:   0.148604 | won: False 
#  576 | steps: 18175 | steps_t: 12717 | t: 201.011172 | r:  -495.000000 | e:   0.100000 | Q:   0.148598 | won: False 
#  577 | steps: 18228 | steps_t: 12769 | t: 202.351586 | r:  -519.000000 | e:   0.100000 | Q:   0.148617 | won: False 
#  578 | steps: 18233 | steps_t: 12773 | t: 202.429377 | r:  -504.000000 | e:   0.100000 | Q:   0.148771 | won: False 
#  579 | steps: 18238 | steps_t: 12777 | t: 202.529110 | r:  -504.000000 | e:   0.100000 | Q:   0.148685 | won: False 
#  580 | steps: 18250 | steps_t: 12788 | t: 202.770465 | r:  -467.000000 | e:   0.100000 | Q:   0.148553 | won: False 
#  581 | steps: 18333 | steps_t: 12870 | t: 204.732215 | r:  -549.000000 | e:   0.100000 | Q:   0.148775 | won: False 
#  582 | steps: 18350 | steps_t: 12886 | t: 205.043384 | r:  -392.000000 | e:   0.100000 | Q:   0.148795 | won: False 
#  583 | steps: 18414 | steps_t: 12949 | t: 206.561324 | r:  -530.000000 | e:   0.100000 | Q:   0.148663 | won: False 
#  584 | steps: 18420 | steps_t: 12954 | t: 206.810655 | r:  -483.000000 | e:   0.100000 | Q:   0.148492 | won: False 
#  585 | steps: 18477 | steps_t: 13010 | t: 210.138750 | r:  -483.000000 | e:   0.100000 | Q:   0.148846 | won: False 
#  586 | steps: 18484 | steps_t: 13016 | t: 210.305304 | r:  -495.000000 | e:   0.100000 | Q:   0.148598 | won: False 
#  587 | steps: 18491 | steps_t: 13022 | t: 210.535688 | r:  -495.000000 | e:   0.100000 | Q:   0.148553 | won: False 
#  588 | steps: 18498 | steps_t: 13028 | t: 211.051309 | r:  -495.000000 | e:   0.100000 | Q:   0.148598 | won: False 
#  589 | steps: 18565 | steps_t: 13094 | t: 212.152362 | r:  -544.000000 | e:   0.100000 | Q:   0.148685 | won: False 
#  590 | steps: 18570 | steps_t: 13098 | t: 212.214198 | r:  -504.000000 | e:   0.100000 | Q:   0.148685 | won: False 
#  591 | steps: 18651 | steps_t: 13178 | t: 213.332208 | r:  -547.000000 | e:   0.100000 | Q:   0.148685 | won: False 
#  592 | steps: 18900 | steps_t: 13426 | t: 223.153926 | r:  -704.000000 | e:   0.100000 | Q:   0.148685 | won: False 
#  593 | steps: 18913 | steps_t: 13438 | t: 223.361372 | r:  -490.000000 | e:   0.100000 | Q:   0.148599 | won: False 
#  594 | steps: 18933 | steps_t: 13457 | t: 223.663562 | r:  -486.000000 | e:   0.100000 | Q:   0.148775 | won: False 
#  595 | steps: 19004 | steps_t: 13527 | t: 224.651920 | r:  -537.000000 | e:   0.100000 | Q:   0.148961 | won: False 
#  596 | steps: 19023 | steps_t: 13545 | t: 224.888286 | r:  -496.000000 | e:   0.100000 | Q:   0.148553 | won: False 
#  597 | steps: 19038 | steps_t: 13559 | t: 225.053843 | r:  -492.000000 | e:   0.100000 | Q:   0.148663 | won: False 
#  598 | steps: 19053 | steps_t: 13573 | t: 225.261288 | r:  -492.000000 | e:   0.100000 | Q:   0.148685 | won: False 
#  599 | steps: 19065 | steps_t: 13584 | t: 225.414878 | r:  -478.000000 | e:   0.100000 | Q:   0.148685 | won: False 
#  600 | steps: 19088 | steps_t: 13606 | t: 225.801842 | r:  -500.000000 | e:   0.100000 | Q:   0.148663 | won: False 
#  601 | steps: 19093 | steps_t: 13610 | t: 225.867665 | r:  -504.000000 | e:   0.100000 | Q:   0.148395 | won: False 
#  602 | steps: 19100 | steps_t: 13616 | t: 225.953439 | r:  -506.000000 | e:   0.100000 | Q:   0.148685 | won: False 
#  603 | steps: 19135 | steps_t: 13650 | t: 226.432155 | r:  -512.000000 | e:   0.100000 | Q:   0.148685 | won: False 
#  604 | steps: 19168 | steps_t: 13682 | t: 226.991658 | r:  -510.000000 | e:   0.100000 | Q:   0.148663 | won: False 
#  605 | steps: 19181 | steps_t: 13694 | t: 227.197112 | r:  -490.000000 | e:   0.100000 | Q:   0.148685 | won: False 
#  606 | steps: 19310 | steps_t: 13822 | t: 229.646556 | r:  -584.000000 | e:   0.100000 | Q:   0.148661 | won: False 
#  607 | steps: 19315 | steps_t: 13826 | t: 229.746288 | r:  -504.000000 | e:   0.100000 | Q:   0.148395 | won: False 
#  608 | steps: 19321 | steps_t: 13831 | t: 229.835051 | r:  -483.000000 | e:   0.100000 | Q:   0.148492 | won: False 
#  609 | steps: 19362 | steps_t: 13871 | t: 230.553130 | r:  -507.000000 | e:   0.100000 | Q:   0.148553 | won: False 
#  610 | steps: 19367 | steps_t: 13875 | t: 230.622946 | r:  -504.000000 | e:   0.100000 | Q:   0.148685 | won: False 
#  611 | steps: 19372 | steps_t: 13879 | t: 230.687778 | r:  -504.000000 | e:   0.100000 | Q:   0.148685 | won: False 
#  612 | steps: 19397 | steps_t: 13903 | t: 230.998941 | r:  -502.000000 | e:   0.100000 | Q:   0.148663 | won: False 
#  613 | steps: 19403 | steps_t: 13908 | t: 231.066758 | r:  -483.000000 | e:   0.100000 | Q:   0.148492 | won: False 
#  614 | steps: 19422 | steps_t: 13926 | t: 231.380915 | r:  -485.000000 | e:   0.100000 | Q:   0.148553 | won: False 
#  615 | steps: 19435 | steps_t: 13938 | t: 231.553453 | r:  -490.000000 | e:   0.100000 | Q:   0.148663 | won: False 
#  616 | steps: 19444 | steps_t: 13946 | t: 231.685106 | r:  -395.000000 | e:   0.100000 | Q:   0.148686 | won: False 
#  617 | steps: 19449 | steps_t: 13950 | t: 231.743944 | r:  -504.000000 | e:   0.100000 | Q:   0.148685 | won: False 
#  618 | steps: 19458 | steps_t: 13958 | t: 231.881575 | r:  -486.000000 | e:   0.100000 | Q:   0.148604 | won: False 
#  619 | steps: 19503 | steps_t: 14002 | t: 232.956698 | r:  -522.000000 | e:   0.100000 | Q:   0.148685 | won: False 
#  620 | steps: 19510 | steps_t: 14008 | t: 233.417467 | r:  -484.000000 | e:   0.100000 | Q:   0.148351 | won: False 
#  621 | steps: 19523 | steps_t: 14020 | t: 233.944057 | r:  -490.000000 | e:   0.100000 | Q:   0.148663 | won: False 
#  622 | steps: 19529 | steps_t: 14025 | t: 234.037809 | r:  -483.000000 | e:   0.100000 | Q:   0.148492 | won: False 
#  623 | steps: 19560 | steps_t: 14055 | t: 235.297436 | r:  -497.000000 | e:   0.100000 | Q:   0.148661 | won: False 
#  624 | steps: 19585 | steps_t: 14079 | t: 235.808073 | r:  -502.000000 | e:   0.100000 | Q:   0.148685 | won: False 
#  625 | steps: 19596 | steps_t: 14089 | t: 236.041445 | r:  -488.000000 | e:   0.100000 | Q:   0.148604 | won: False 
#  626 | steps: 19607 | steps_t: 14099 | t: 236.185060 | r:  -488.000000 | e:   0.100000 | Q:   0.148685 | won: False 
#  627 | steps: 19658 | steps_t: 14149 | t: 237.736910 | r:  -528.000000 | e:   0.100000 | Q:   0.148685 | won: False 
#  628 | steps: 19681 | steps_t: 14171 | t: 239.118230 | r:  -500.000000 | e:   0.100000 | Q:   0.148663 | won: False 
#  629 | steps: 19690 | steps_t: 14179 | t: 239.252861 | r:  -497.000000 | e:   0.100000 | Q:   0.148553 | won: False 
#  630 | steps: 19707 | steps_t: 14195 | t: 239.562031 | r:  -494.000000 | e:   0.100000 | Q:   0.148663 | won: False 
#  631 | steps: 19738 | steps_t: 14225 | t: 240.008829 | r:  -508.000000 | e:   0.100000 | Q:   0.148663 | won: False 
#  632 | steps: 19751 | steps_t: 14237 | t: 240.192339 | r:  -450.000000 | e:   0.100000 | Q:   0.148878 | won: False 
#  633 | steps: 19864 | steps_t: 14349 | t: 241.986543 | r:  -579.000000 | e:   0.100000 | Q:   0.148617 | won: False 
#  634 | steps: 19870 | steps_t: 14354 | t: 242.061339 | r:  -505.000000 | e:   0.100000 | Q:   0.148493 | won: False 
#  635 | steps: 19879 | steps_t: 14362 | t: 242.186005 | r:  -486.000000 | e:   0.100000 | Q:   0.148604 | won: False 
#  636 | steps: 19884 | steps_t: 14366 | t: 242.249838 | r:  -504.000000 | e:   0.100000 | Q:   0.148395 | won: False 
#  637 | steps: 19890 | steps_t: 14371 | t: 242.335605 | r:  -505.000000 | e:   0.100000 | Q:   0.148685 | won: False 
#  638 | steps: 19956 | steps_t: 14436 | t: 243.294048 | r:  -532.000000 | e:   0.100000 | Q:   0.148598 | won: False 
#  639 | steps: 19961 | steps_t: 14440 | t: 243.353880 | r:  -504.000000 | e:   0.100000 | Q:   0.148685 | won: False 
#  640 | steps: 20015 | steps_t: 14493 | t: 244.143766 | r:  -520.000000 | e:   0.100000 | Q:   0.148663 | won: False 
#  641 | steps: 20021 | steps_t: 14498 | t: 244.223553 | r:  -505.000000 | e:   0.100000 | Q:   0.148747 | won: False 
#  642 | steps: 20030 | steps_t: 14506 | t: 244.346225 | r:  -486.000000 | e:   0.100000 | Q:   0.148536 | won: False 
#  643 | steps: 20126 | steps_t: 14601 | t: 246.689492 | r:  -551.000000 | e:   0.100000 | Q:   0.148661 | won: False 
#  644 | steps: 20152 | steps_t: 14626 | t: 248.529574 | r:  -503.000000 | e:   0.100000 | Q:   0.148753 | won: False 
#  645 | steps: 20196 | steps_t: 14669 | t: 249.635609 | r:  -510.000000 | e:   0.100000 | Q:   0.148663 | won: False 
#  646 | steps: 20202 | steps_t: 14674 | t: 249.760275 | r:  -483.000000 | e:   0.100000 | Q:   0.148492 | won: False 
#  647 | steps: 20229 | steps_t: 14700 | t: 250.244977 | r:  -504.000000 | e:   0.100000 | Q:   0.148685 | won: False 
#  648 | steps: 20235 | steps_t: 14705 | t: 250.406545 | r:  -483.000000 | e:   0.100000 | Q:   0.148492 | won: False 
#  649 | steps: 20284 | steps_t: 14753 | t: 253.174144 | r:  -504.000000 | e:   0.100000 | Q:   0.148553 | won: False 
#  650 | steps: 20311 | steps_t: 14779 | t: 253.965024 | r:  -493.000000 | e:   0.100000 | Q:   0.148685 | won: False 
#  651 | steps: 20348 | steps_t: 14815 | t: 254.534503 | r:  -514.000000 | e:   0.100000 | Q:   0.149083 | won: False 
#  652 | steps: 20359 | steps_t: 14825 | t: 254.670137 | r:  -488.000000 | e:   0.100000 | Q:   0.148536 | won: False 
#  653 | steps: 20365 | steps_t: 14830 | t: 254.741946 | r:  -505.000000 | e:   0.100000 | Q:   0.148598 | won: False 
#  654 | steps: 20372 | steps_t: 14836 | t: 254.826720 | r:  -495.000000 | e:   0.100000 | Q:   0.148598 | won: False 
#  655 | steps: 20383 | steps_t: 14846 | t: 254.984298 | r:  -488.000000 | e:   0.100000 | Q:   0.148598 | won: False 
#  656 | steps: 20391 | steps_t: 14853 | t: 255.113955 | r:  -496.000000 | e:   0.100000 | Q:   0.148512 | won: False 
#  657 | steps: 20432 | steps_t: 14893 | t: 255.751245 | r:  -518.000000 | e:   0.100000 | Q:   0.148775 | won: False 
#  658 | steps: 20437 | steps_t: 14897 | t: 255.811085 | r:  -504.000000 | e:   0.100000 | Q:   0.148395 | won: False 
#  659 | steps: 20443 | steps_t: 14902 | t: 255.892866 | r:  -505.000000 | e:   0.100000 | Q:   0.148598 | won: False 
#  660 | steps: 20480 | steps_t: 14938 | t: 256.412476 | r:  -514.000000 | e:   0.100000 | Q:   0.148663 | won: False 
#  661 | steps: 20533 | steps_t: 14990 | t: 257.161471 | r:  -530.000000 | e:   0.100000 | Q:   0.148685 | won: False 
#  662 | steps: 20548 | steps_t: 15004 | t: 257.469647 | r:  -492.000000 | e:   0.100000 | Q:   0.148663 | won: False 
#  663 | steps: 20553 | steps_t: 15008 | t: 257.539462 | r:  -504.000000 | e:   0.100000 | Q:   0.148685 | won: False 
#  664 | steps: 20566 | steps_t: 15020 | t: 257.724226 | r:  -490.000000 | e:   0.100000 | Q:   0.148492 | won: False 
#  665 | steps: 20583 | steps_t: 15036 | t: 258.049097 | r:  -494.000000 | e:   0.100000 | Q:   0.148685 | won: False 
#  666 | steps: 20592 | steps_t: 15044 | t: 258.171770 | r:  -486.000000 | e:   0.100000 | Q:   0.148553 | won: False 
#  667 | steps: 20619 | steps_t: 15070 | t: 258.642514 | r:  -493.000000 | e:   0.100000 | Q:   0.148599 | won: False 
#  668 | steps: 20624 | steps_t: 15074 | t: 258.702349 | r:  -504.000000 | e:   0.100000 | Q:   0.148685 | won: False 
#  669 | steps: 20668 | steps_t: 15117 | t: 259.305737 | r:  -510.000000 | e:   0.100000 | Q:   0.148685 | won: False 
#  670 | steps: 20689 | steps_t: 15137 | t: 259.607927 | r:  -498.000000 | e:   0.100000 | Q:   0.148685 | won: False 
#  671 | steps: 20711 | steps_t: 15158 | t: 259.902139 | r:  -488.000000 | e:   0.100000 | Q:   0.148661 | won: False 
