#    1 | steps:    23 | steps_t:     0 | t: 0.035903 | r:  -478.000000 | e:   1.000000 | Q:        nan | won: False 
#    2 | steps:    78 | steps_t:     0 | t: 0.072802 | r:  -499.000000 | e:   1.000000 | Q:        nan | won: False 
#    3 | steps:   111 | steps_t:     0 | t: 0.098732 | r:  -437.000000 | e:   1.000000 | Q:        nan | won: False 
#    4 | steps:   203 | steps_t:     0 | t: 0.159607 | r:  -569.000000 | e:   1.000000 | Q:        nan | won: False 
#    5 | steps:   256 | steps_t:     0 | t: 0.283275 | r:  -424.000000 | e:   1.000000 | Q:        nan | won: False 
#    6 | steps:   272 | steps_t:     0 | t: 0.299232 | r:  -493.000000 | e:   1.000000 | Q:        nan | won: False 
#    7 | steps:   306 | steps_t:     0 | t: 0.325174 | r:  -460.000000 | e:   1.000000 | Q:        nan | won: False 
#    8 | steps:   338 | steps_t:     0 | t: 0.359071 | r:  -436.000000 | e:   1.000000 | Q:        nan | won: False 
#    9 | steps:   352 | steps_t:     0 | t: 0.374030 | r:  -513.000000 | e:   1.000000 | Q:        nan | won: False 
#   10 | steps:   360 | steps_t:     0 | t: 0.384969 | r:  -507.000000 | e:   1.000000 | Q:        nan | won: False 
#   11 | steps:   421 | steps_t:     0 | t: 0.440819 | r:  -465.000000 | e:   1.000000 | Q:        nan | won: False 
#   12 | steps:   557 | steps_t:     0 | t: 0.547534 | r:  -507.000000 | e:   1.000000 | Q:        nan | won: False 
#   13 | steps:   571 | steps_t:     0 | t: 0.561494 | r:  -502.000000 | e:   1.000000 | Q:        nan | won: False 
#   14 | steps:   628 | steps_t:     0 | t: 0.603418 | r:  -512.000000 | e:   1.000000 | Q:        nan | won: False 
#   15 | steps:   651 | steps_t:     0 | t: 0.622332 | r:  -522.000000 | e:   1.000000 | Q:        nan | won: False 
#   16 | steps:   672 | steps_t:     0 | t: 0.640284 | r:  -447.000000 | e:   1.000000 | Q:        nan | won: False 
#   17 | steps:   760 | steps_t:     0 | t: 0.792877 | r:  -510.000000 | e:   1.000000 | Q:        nan | won: False 
#   18 | steps:   783 | steps_t:     0 | t: 0.812821 | r:  -489.000000 | e:   1.000000 | Q:        nan | won: False 
#   19 | steps:   849 | steps_t:     0 | t: 0.865736 | r:  -543.000000 | e:   1.000000 | Q:        nan | won: False 
#   20 | steps:   857 | steps_t:     0 | t: 0.876650 | r:  -496.000000 | e:   1.000000 | Q:        nan | won: False 
#   21 | steps:   873 | steps_t:     0 | t: 0.892610 | r:  -493.000000 | e:   1.000000 | Q:        nan | won: False 
#   22 | steps:   922 | steps_t:     0 | t: 0.930542 | r:  -475.000000 | e:   1.000000 | Q:        nan | won: False 
#   23 | steps:   944 | steps_t:     0 | t: 0.951488 | r:  -448.000000 | e:   1.000000 | Q:        nan | won: False 
#   24 | steps:  1007 | steps_t:     0 | t: 0.999361 | r:  -467.000000 | e:   1.000000 | Q:        nan | won: False 
#   25 | steps:  1036 | steps_t:     0 | t: 1.025254 | r:  -444.000000 | e:   1.000000 | Q:        nan | won: False 
#   26 | steps:  1079 | steps_t:     0 | t: 1.070134 | r:  -436.000000 | e:   1.000000 | Q:        nan | won: False 
#   27 | steps:  1122 | steps_t:     0 | t: 1.103081 | r:  -425.000000 | e:   1.000000 | Q:        nan | won: False 
#   28 | steps:  1158 | steps_t:     0 | t: 1.133961 | r:  -400.000000 | e:   1.000000 | Q:        nan | won: False 
#   29 | steps:  1176 | steps_t:     0 | t: 1.151917 | r:  -444.000000 | e:   1.000000 | Q:        nan | won: False 
#   30 | steps:  1228 | steps_t:     0 | t: 1.188853 | r:  -456.000000 | e:   1.000000 | Q:        nan | won: False 
#   31 | steps:  1258 | steps_t:     0 | t: 1.241678 | r:  -467.000000 | e:   1.000000 | Q:        nan | won: False 
#   32 | steps:  1324 | steps_t:     0 | t: 1.308496 | r:  -543.000000 | e:   1.000000 | Q:        nan | won: False 
#   33 | steps:  1351 | steps_t:     0 | t: 1.344400 | r:  -420.000000 | e:   1.000000 | Q:        nan | won: False 
#   34 | steps:  1362 | steps_t:     0 | t: 1.361354 | r:  -499.000000 | e:   1.000000 | Q:        nan | won: False 
#   35 | steps:  1373 | steps_t:     0 | t: 1.378309 | r:  -510.000000 | e:   1.000000 | Q:        nan | won: False 
#   36 | steps:  1389 | steps_t:     0 | t: 1.394267 | r:  -515.000000 | e:   1.000000 | Q:        nan | won: False 
#   37 | steps:  1399 | steps_t:     0 | t: 1.406236 | r:  -509.000000 | e:   1.000000 | Q:        nan | won: False 
#   38 | steps:  1447 | steps_t:     0 | t: 1.442137 | r:  -419.000000 | e:   1.000000 | Q:        nan | won: False 
#   39 | steps:  1459 | steps_t:     0 | t: 1.462087 | r:  -511.000000 | e:   1.000000 | Q:        nan | won: False 
#   40 | steps:  1511 | steps_t:     0 | t: 1.526914 | r:  -456.000000 | e:   1.000000 | Q:        nan | won: False 
#   41 | steps:  1555 | steps_t:     0 | t: 1.585758 | r:  -481.000000 | e:   1.000000 | Q:        nan | won: False 
#   42 | steps:  1580 | steps_t:     0 | t: 1.607694 | r:  -524.000000 | e:   1.000000 | Q:        nan | won: False 
#   43 | steps:  1635 | steps_t:     0 | t: 1.649585 | r:  -459.000000 | e:   1.000000 | Q:        nan | won: False 
#   44 | steps:  1712 | steps_t:     0 | t: 1.709424 | r:  -521.000000 | e:   1.000000 | Q:        nan | won: False 
#   45 | steps:  1761 | steps_t:     0 | t: 1.749318 | r:  -526.000000 | e:   1.000000 | Q:        nan | won: False 
#   46 | steps:  1783 | steps_t:     0 | t: 1.770262 | r:  -488.000000 | e:   1.000000 | Q:        nan | won: False 
#   47 | steps:  1891 | steps_t:     0 | t: 1.851045 | r:  -512.000000 | e:   1.000000 | Q:        nan | won: False 
#   48 | steps:  1925 | steps_t:     0 | t: 1.881961 | r:  -522.000000 | e:   1.000000 | Q:        nan | won: False 
#   49 | steps:  2004 | steps_t:     0 | t: 1.959756 | r:  -494.000000 | e:   1.000000 | Q:        nan | won: False 
#   50 | steps:  2036 | steps_t:     0 | t: 2.005630 | r:  -498.000000 | e:   1.000000 | Q:        nan | won: False 
#   51 | steps:  2085 | steps_t:     0 | t: 2.053503 | r:  -464.000000 | e:   1.000000 | Q:        nan | won: False 
#   52 | steps:  2106 | steps_t:     0 | t: 2.080431 | r:  -447.000000 | e:   1.000000 | Q:        nan | won: False 
#   53 | steps:  2121 | steps_t:     0 | t: 2.100382 | r:  -514.000000 | e:   1.000000 | Q:        nan | won: False 
#   54 | steps:  2131 | steps_t:     0 | t: 2.116335 | r:  -465.000000 | e:   1.000000 | Q:        nan | won: False 
#   55 | steps:  2140 | steps_t:     0 | t: 2.131297 | r:  -508.000000 | e:   1.000000 | Q:        nan | won: False 
#   56 | steps:  2208 | steps_t:     0 | t: 2.187145 | r:  -494.000000 | e:   1.000000 | Q:        nan | won: False 
#   57 | steps:  2263 | steps_t:     0 | t: 2.225082 | r:  -543.000000 | e:   1.000000 | Q:        nan | won: False 
#   58 | steps:  2325 | steps_t:     0 | t: 2.268925 | r:  -539.000000 | e:   1.000000 | Q:        nan | won: False 
#   59 | steps:  2338 | steps_t:     0 | t: 2.281928 | r:  -479.000000 | e:   1.000000 | Q:        nan | won: False 
#   60 | steps:  2378 | steps_t:     0 | t: 2.314839 | r:  -466.000000 | e:   1.000000 | Q:        nan | won: False 
#   61 | steps:  2401 | steps_t:     0 | t: 2.342729 | r:  -449.000000 | e:   1.000000 | Q:        nan | won: False 
#   62 | steps:  2458 | steps_t:     0 | t: 2.399587 | r:  -534.000000 | e:   1.000000 | Q:        nan | won: False 
#   63 | steps:  2482 | steps_t:     0 | t: 2.423512 | r:  -512.000000 | e:   1.000000 | Q:        nan | won: False 
#   64 | steps:  2558 | steps_t:     0 | t: 2.475374 | r:  -509.000000 | e:   1.000000 | Q:        nan | won: False 
#   65 | steps:  2589 | steps_t:     0 | t: 2.499310 | r:  -435.000000 | e:   1.000000 | Q:        nan | won: False 
#   66 | steps:  2600 | steps_t:     0 | t: 2.512275 | r:  -510.000000 | e:   1.000000 | Q:        nan | won: False 
#   67 | steps:  2630 | steps_t:     0 | t: 2.538206 | r:  -405.000000 | e:   1.000000 | Q:        nan | won: False 
#   68 | steps:  2644 | steps_t:     0 | t: 2.557155 | r:  -513.000000 | e:   1.000000 | Q:        nan | won: False 
#   69 | steps:  2685 | steps_t:     0 | t: 2.604031 | r:  -474.000000 | e:   1.000000 | Q:        nan | won: False 
#   70 | steps:  2693 | steps_t:     0 | t: 2.620984 | r:  -507.000000 | e:   1.000000 | Q:        nan | won: False 
#   71 | steps:  2713 | steps_t:     0 | t: 2.743659 | r:  -475.000000 | e:   1.000000 | Q:        nan | won: False 
#   72 | steps:  2769 | steps_t:     0 | t: 2.799507 | r:  -427.000000 | e:   1.000000 | Q:        nan | won: False 
#   73 | steps:  2810 | steps_t:     0 | t: 2.842392 | r:  -467.000000 | e:   1.000000 | Q:        nan | won: False 
#   74 | steps:  2830 | steps_t:     0 | t: 2.866330 | r:  -497.000000 | e:   1.000000 | Q:        nan | won: False 
#   75 | steps:  2888 | steps_t:     0 | t: 2.917191 | r:  -535.000000 | e:   1.000000 | Q:        nan | won: False 
#   76 | steps:  2943 | steps_t:     0 | t: 2.958083 | r:  -437.000000 | e:   1.000000 | Q:        nan | won: False 
#   77 | steps:  3020 | steps_t:     0 | t: 3.012976 | r:   101.000000 | e:   1.000000 | Q:        nan | won: True 
#   78 | steps:  3085 | steps_t:     0 | t: 3.060808 | r:  -469.000000 | e:   1.000000 | Q:        nan | won: False 
#   79 | steps:  3131 | steps_t:     0 | t: 3.093760 | r:  -501.000000 | e:   1.000000 | Q:        nan | won: False 
#   80 | steps:  3182 | steps_t:     0 | t: 3.129665 | r:  -477.000000 | e:   1.000000 | Q:        nan | won: False 
#   81 | steps:  3233 | steps_t:     0 | t: 3.168557 | r:  -455.000000 | e:   1.000000 | Q:        nan | won: False 
#   82 | steps:  3242 | steps_t:     0 | t: 3.180486 | r:  -497.000000 | e:   1.000000 | Q:        nan | won: False 
#   83 | steps:  3261 | steps_t:     0 | t: 3.198477 | r:  -423.000000 | e:   1.000000 | Q:        nan | won: False 
#   84 | steps:  3296 | steps_t:     0 | t: 3.225366 | r:  -523.000000 | e:   1.000000 | Q:        nan | won: False 
#   85 | steps:  3305 | steps_t:     0 | t: 3.238333 | r:  -508.000000 | e:   1.000000 | Q:        nan | won: False 
#   86 | steps:  3339 | steps_t:     0 | t: 3.265262 | r:  -522.000000 | e:   1.000000 | Q:        nan | won: False 
#   87 | steps:  3416 | steps_t:     0 | t: 3.326096 | r:  -470.000000 | e:   1.000000 | Q:        nan | won: False 
#   88 | steps:  3472 | steps_t:     0 | t: 3.370016 | r:  -482.000000 | e:   1.000000 | Q:        nan | won: False 
#   89 | steps:  3515 | steps_t:     0 | t: 3.404938 | r:  -480.000000 | e:   1.000000 | Q:        nan | won: False 
#   90 | steps:  3547 | steps_t:     0 | t: 3.439798 | r:  -469.000000 | e:   1.000000 | Q:        nan | won: False 
#   91 | steps:  3578 | steps_t:     0 | t: 3.474700 | r:  -508.000000 | e:   1.000000 | Q:        nan | won: False 
#   92 | steps:  3621 | steps_t:     0 | t: 3.509637 | r:  -414.000000 | e:   1.000000 | Q:        nan | won: False 
#   93 | steps:  3641 | steps_t:     0 | t: 3.526597 | r:  -508.000000 | e:   1.000000 | Q:        nan | won: False 
#   94 | steps:  3712 | steps_t:     0 | t: 3.576428 | r:  -475.000000 | e:   1.000000 | Q:        nan | won: False 
#   95 | steps:  3722 | steps_t:     0 | t: 3.588397 | r:  -498.000000 | e:   1.000000 | Q:        nan | won: False 
#   96 | steps:  3789 | steps_t:     0 | t: 3.639296 | r:  -500.000000 | e:   1.000000 | Q:        nan | won: False 
#   97 | steps:  3827 | steps_t:     0 | t: 3.669218 | r:  -486.000000 | e:   1.000000 | Q:        nan | won: False 
#   98 | steps:  3844 | steps_t:     0 | t: 3.686133 | r:  -505.000000 | e:   1.000000 | Q:        nan | won: False 
#   99 | steps:  3887 | steps_t:     0 | t: 3.723039 | r:  -447.000000 | e:   1.000000 | Q:        nan | won: False 
#  100 | steps:  3921 | steps_t:     0 | t: 3.752958 | r:  -511.000000 | e:   1.000000 | Q:        nan | won: False 
#  101 | steps:  3950 | steps_t:     0 | t: 3.781880 | r:  -466.000000 | e:   1.000000 | Q:        nan | won: False 
#  102 | steps:  3984 | steps_t:     0 | t: 3.819778 | r:  -438.000000 | e:   1.000000 | Q:        nan | won: False 
#  103 | steps:  3993 | steps_t:     0 | t: 3.832741 | r:  -497.000000 | e:   1.000000 | Q:        nan | won: False 
#  104 | steps:  4027 | steps_t:     0 | t: 3.865655 | r:  -522.000000 | e:   1.000000 | Q:        nan | won: False 
#  105 | steps:  4047 | steps_t:     0 | t: 3.887597 | r:  -497.000000 | e:   1.000000 | Q:        nan | won: False 
#  106 | steps:  4070 | steps_t:     0 | t: 3.908540 | r:  -511.000000 | e:   1.000000 | Q:        nan | won: False 
#  107 | steps:  4135 | steps_t:     0 | t: 3.958407 | r:  -542.000000 | e:   1.000000 | Q:        nan | won: False 
#  108 | steps:  4167 | steps_t:     0 | t: 3.985333 | r:  -469.000000 | e:   1.000000 | Q:        nan | won: False 
#  109 | steps:  4179 | steps_t:     0 | t: 4.001295 | r:  -511.000000 | e:   1.000000 | Q:        nan | won: False 
#  110 | steps:  4253 | steps_t:     0 | t: 4.065119 | r:  -551.000000 | e:   1.000000 | Q:        nan | won: False 
#  111 | steps:  4301 | steps_t:     0 | t: 4.106047 | r:  -514.000000 | e:   1.000000 | Q:        nan | won: False 
#  112 | steps:  4360 | steps_t:     0 | t: 4.158906 | r:  -474.000000 | e:   1.000000 | Q:        nan | won: False 
#  113 | steps:  4452 | steps_t:     0 | t: 4.227686 | r:  -514.000000 | e:   1.000000 | Q:        nan | won: False 
#  114 | steps:  4476 | steps_t:     0 | t: 4.250626 | r:  -450.000000 | e:   1.000000 | Q:        nan | won: False 
#  115 | steps:  4534 | steps_t:     0 | t: 4.295502 | r:  -462.000000 | e:   1.000000 | Q:        nan | won: False 
#  116 | steps:  4591 | steps_t:     0 | t: 4.341382 | r:  -512.000000 | e:   1.000000 | Q:        nan | won: False 
#  117 | steps:  4668 | steps_t:     0 | t: 4.411195 | r:  -543.000000 | e:   1.000000 | Q:        nan | won: False 
#  118 | steps:  4689 | steps_t:     0 | t: 4.430180 | r:  -520.000000 | e:   1.000000 | Q:        nan | won: False 
#  119 | steps:  4762 | steps_t:     0 | t: 4.487989 | r:  -506.000000 | e:   1.000000 | Q:        nan | won: False 
#  120 | steps:  4774 | steps_t:     0 | t: 4.508969 | r:  -511.000000 | e:   1.000000 | Q:        nan | won: False 
#  121 | steps:  4806 | steps_t:     0 | t: 4.551819 | r:  -425.000000 | e:   1.000000 | Q:        nan | won: False 
#  122 | steps:  4818 | steps_t:     0 | t: 4.566779 | r:  -500.000000 | e:   1.000000 | Q:        nan | won: False 
#  123 | steps:  4896 | steps_t:     0 | t: 4.622628 | r:  -511.000000 | e:   1.000000 | Q:        nan | won: False 
#  124 | steps:  4922 | steps_t:     0 | t: 4.647562 | r:  -503.000000 | e:   1.000000 | Q:        nan | won: False 
#  125 | steps:  4967 | steps_t:     0 | t: 4.685477 | r:  -449.000000 | e:   1.000000 | Q:        nan | won: False 
#  126 | steps:  5026 | steps_t:     0 | t: 5.179140 | r:  -441.000000 | e:   1.000000 | Q:        nan | won: False 
#  127 | steps:  5076 | steps_t:     0 | t: 5.568100 | r:  -476.000000 | e:   1.000000 | Q:        nan | won: False 
#  128 | steps:  5124 | steps_t:     0 | t: 6.063785 | r:  -536.000000 | e:   1.000000 | Q:        nan | won: False 
#  129 | steps:  5170 | steps_t:     0 | t: 6.445750 | r:  -472.000000 | e:   1.000000 | Q:        nan | won: False 
#  130 | steps:  5190 | steps_t:     0 | t: 6.605323 | r:  -457.000000 | e:   1.000000 | Q:        nan | won: False 
#  131 | steps:  5215 | steps_t:     0 | t: 6.821746 | r:  -524.000000 | e:   1.000000 | Q:        nan | won: False 
#  132 | steps:  5230 | steps_t:     0 | t: 6.935450 | r:  -452.000000 | e:   1.000000 | Q:        nan | won: False 
#  133 | steps:  5244 | steps_t:     0 | t: 7.043151 | r:  -513.000000 | e:   1.000000 | Q:        nan | won: False 
#  134 | steps:  5308 | steps_t:     0 | t: 7.572739 | r:  -468.000000 | e:   1.000000 | Q:        nan | won: False 
#  135 | steps:  5348 | steps_t:     0 | t: 7.902853 | r:  -444.000000 | e:   1.000000 | Q:        nan | won: False 
#  136 | steps:  5374 | steps_t:     0 | t: 8.129246 | r:  -452.000000 | e:   1.000000 | Q:        nan | won: False 
#  137 | steps:  5409 | steps_t:     0 | t: 8.513219 | r:  -483.000000 | e:   1.000000 | Q:        nan | won: False 
#  138 | steps:  5465 | steps_t:     0 | t: 8.972988 | r:  -489.000000 | e:   1.000000 | Q:        nan | won: False 
#  139 | steps:  5481 | steps_t:     0 | t: 9.096657 | r:  -493.000000 | e:   1.000000 | Q:        nan | won: False 
#  140 | steps:  5501 | steps_t:     0 | t: 9.249249 | r:  -435.000000 | e:   1.000000 | Q:        nan | won: False 
#  141 | steps:  5510 | steps_t:     0 | t: 9.338013 | r:  -508.000000 | e:   1.000000 | Q:        nan | won: False 
#  142 | steps:  5564 | steps_t:     0 | t: 9.767870 | r:  -498.000000 | e:   1.000000 | Q:        nan | won: False 
#  143 | steps:  5579 | steps_t:     0 | t: 9.884569 | r:  -514.000000 | e:   1.000000 | Q:        nan | won: False 
#  144 | steps:  5613 | steps_t:     0 | t: 10.199707 | r:  -522.000000 | e:   1.000000 | Q:        nan | won: False 
#  145 | steps:  5657 | steps_t:     0 | t: 10.620580 | r:  -510.000000 | e:   1.000000 | Q:        nan | won: False 
#  146 | steps:  5672 | steps_t:     0 | t: 10.737268 | r:  -503.000000 | e:   1.000000 | Q:        nan | won: False 
#  147 | steps:  5712 | steps_t:     0 | t: 11.072371 | r:  -466.000000 | e:   1.000000 | Q:        nan | won: False 
#  148 | steps:  5773 | steps_t:     0 | t: 11.860262 | r:  -494.000000 | e:   1.000000 | Q:        nan | won: False 
#  149 | steps:  5782 | steps_t:     0 | t: 11.988918 | r:  -497.000000 | e:   1.000000 | Q:        nan | won: False 
#  150 | steps:  5826 | steps_t:     0 | t: 12.716972 | r:  -470.000000 | e:   1.000000 | Q:        nan | won: False 
#  151 | steps:  5863 | steps_t:     0 | t: 13.101943 | r:  -474.000000 | e:   1.000000 | Q:        nan | won: False 
#  152 | steps:  5872 | steps_t:     0 | t: 13.167765 | r:  -497.000000 | e:   1.000000 | Q:        nan | won: False 
#  153 | steps:  5934 | steps_t:     0 | t: 13.674413 | r:  -455.000000 | e:   1.000000 | Q:        nan | won: False 
#  154 | steps:  6058 | steps_t:     0 | t: 14.861238 | r:  -495.000000 | e:   1.000000 | Q:        nan | won: False 
#  155 | steps:  6091 | steps_t:     0 | t: 15.236230 | r:  -386.000000 | e:   1.000000 | Q:        nan | won: False 
#  156 | steps:  6101 | steps_t:     0 | t: 15.322005 | r:  -498.000000 | e:   1.000000 | Q:        nan | won: False 
#  157 | steps:  6144 | steps_t:     0 | t: 15.727914 | r:  -447.000000 | e:   1.000000 | Q:        nan | won: False 
#  158 | steps:  6181 | steps_t:     0 | t: 16.139813 | r:  -514.000000 | e:   1.000000 | Q:        nan | won: False 
#  159 | steps:  6193 | steps_t:     0 | t: 16.243535 | r:  -500.000000 | e:   1.000000 | Q:        nan | won: False 
#  160 | steps:  6214 | steps_t:     0 | t: 16.476912 | r:  -425.000000 | e:   1.000000 | Q:        nan | won: False 
#  161 | steps:  6258 | steps_t:     0 | t: 16.861880 | r:  -426.000000 | e:   1.000000 | Q:        nan | won: False 
#  162 | steps:  6272 | steps_t:     0 | t: 16.975577 | r:  -502.000000 | e:   1.000000 | Q:        nan | won: False 
#  163 | steps:  6391 | steps_t:     0 | t: 18.035740 | r:  -523.000000 | e:   1.000000 | Q:        nan | won: False 
#  164 | steps:  6470 | steps_t:     0 | t: 18.898433 | r:  -556.000000 | e:   1.000000 | Q:        nan | won: False 
#  165 | steps:  6558 | steps_t:     0 | t: 19.698292 | r:  -543.000000 | e:   1.000000 | Q:        nan | won: False 
#  166 | steps:  6601 | steps_t:     0 | t: 20.079275 | r:  -436.000000 | e:   1.000000 | Q:        nan | won: False 
#  167 | steps:  6612 | steps_t:     0 | t: 20.222889 | r:  -499.000000 | e:   1.000000 | Q:        nan | won: False 
#  168 | steps:  6623 | steps_t:     0 | t: 20.316638 | r:  -499.000000 | e:   1.000000 | Q:        nan | won: False 
#  169 | steps:  6661 | steps_t:     0 | t: 20.690637 | r:  -537.000000 | e:   1.000000 | Q:        nan | won: False 
#  170 | steps:  6721 | steps_t:     0 | t: 21.239175 | r:  -537.000000 | e:   1.000000 | Q:        nan | won: False 
#  171 | steps:  6764 | steps_t:     0 | t: 21.633116 | r:  -469.000000 | e:   1.000000 | Q:        nan | won: False 
#  172 | steps:  6791 | steps_t:     0 | t: 21.878460 | r:  -515.000000 | e:   1.000000 | Q:        nan | won: False 
#  173 | steps:  6832 | steps_t:     0 | t: 22.247472 | r:  -383.000000 | e:   1.000000 | Q:        nan | won: False 
#  174 | steps:  6840 | steps_t:     0 | t: 22.308309 | r:  -474.000000 | e:   1.000000 | Q:        nan | won: False 
#  175 | steps:  6853 | steps_t:     0 | t: 22.412031 | r:  -501.000000 | e:   1.000000 | Q:        nan | won: False 
#  176 | steps:  6868 | steps_t:     0 | t: 22.531711 | r:  -514.000000 | e:   1.000000 | Q:        nan | won: False 
#  177 | steps:  6920 | steps_t:     0 | t: 23.009433 | r:  -456.000000 | e:   1.000000 | Q:        nan | won: False 
#  178 | steps:  6968 | steps_t:     0 | t: 23.443271 | r:  -441.000000 | e:   1.000000 | Q:        nan | won: False 
#  179 | steps:  6980 | steps_t:     0 | t: 23.538018 | r:  -478.000000 | e:   1.000000 | Q:        nan | won: False 
#  180 | steps:  6992 | steps_t:     0 | t: 23.629772 | r:  -511.000000 | e:   1.000000 | Q:        nan | won: False 
#  181 | steps:  7045 | steps_t:     0 | t: 24.094530 | r:  -446.000000 | e:   1.000000 | Q:        nan | won: False 
#  182 | steps:  7109 | steps_t:     0 | t: 24.826571 | r:  -468.000000 | e:   1.000000 | Q:        nan | won: False 
#  183 | steps:  7146 | steps_t:     0 | t: 25.175636 | r:  -441.000000 | e:   1.000000 | Q:        nan | won: False 
#  184 | steps:  7201 | steps_t:     0 | t: 25.653358 | r:  -532.000000 | e:   1.000000 | Q:        nan | won: False 
#  185 | steps:  7250 | steps_t:     0 | t: 26.182941 | r:  -482.000000 | e:   1.000000 | Q:        nan | won: False 
#  186 | steps:  7273 | steps_t:     0 | t: 26.401357 | r:  -438.000000 | e:   1.000000 | Q:        nan | won: False 
#  187 | steps:  7332 | steps_t:     0 | t: 26.921964 | r:  -503.000000 | e:   1.000000 | Q:        nan | won: False 
#  188 | steps:  7361 | steps_t:     0 | t: 27.165319 | r:  -382.000000 | e:   1.000000 | Q:        nan | won: False 
#  189 | steps:  7469 | steps_t:     0 | t: 28.110784 | r:    70.000000 | e:   1.000000 | Q:        nan | won: True 
#  190 | steps:  7491 | steps_t:     0 | t: 28.279335 | r:  -510.000000 | e:   1.000000 | Q:        nan | won: False 
#  191 | steps:  7583 | steps_t:     0 | t: 29.090163 | r:  -485.000000 | e:   1.000000 | Q:        nan | won: False 
#  192 | steps:  7605 | steps_t:     0 | t: 29.263699 | r:  -510.000000 | e:   1.000000 | Q:        nan | won: False 
#  193 | steps:  7641 | steps_t:     0 | t: 29.666622 | r:  -462.000000 | e:   1.000000 | Q:        nan | won: False 
#  194 | steps:  7712 | steps_t:     0 | t: 30.263026 | r:  -497.000000 | e:   1.000000 | Q:        nan | won: False 
#  195 | steps:  7741 | steps_t:     0 | t: 30.505376 | r:  -517.000000 | e:   1.000000 | Q:        nan | won: False 
#  196 | steps:  7768 | steps_t:     0 | t: 30.752717 | r:  -515.000000 | e:   1.000000 | Q:        nan | won: False 
#  197 | steps:  7821 | steps_t:     0 | t: 31.196527 | r:  -468.000000 | e:   1.000000 | Q:        nan | won: False 
#  198 | steps:  7833 | steps_t:     0 | t: 31.287285 | r:  -511.000000 | e:   1.000000 | Q:        nan | won: False 
#  199 | steps:  7852 | steps_t:     0 | t: 31.439876 | r:  -518.000000 | e:   1.000000 | Q:        nan | won: False 
#  200 | steps:  7937 | steps_t:     0 | t: 32.202839 | r:  -551.000000 | e:   1.000000 | Q:        nan | won: False 
#  201 | steps:  7950 | steps_t:     0 | t: 32.303566 | r:  -512.000000 | e:   1.000000 | Q:        nan | won: False 
#  202 | steps:  8006 | steps_t:     0 | t: 32.740396 | r:  -460.000000 | e:   1.000000 | Q:        nan | won: False 
#  203 | steps:  8064 | steps_t:     0 | t: 33.262999 | r:  -480.000000 | e:   1.000000 | Q:        nan | won: False 
#  204 | steps:  8125 | steps_t:     0 | t: 33.763658 | r:  -527.000000 | e:   1.000000 | Q:        nan | won: False 
#  205 | steps:  8175 | steps_t:     0 | t: 34.254345 | r:  -476.000000 | e:   1.000000 | Q:        nan | won: False 
#  206 | steps:  8185 | steps_t:     0 | t: 34.337124 | r:  -476.000000 | e:   1.000000 | Q:        nan | won: False 
#  207 | steps:  8237 | steps_t:     0 | t: 34.745033 | r:  -445.000000 | e:   1.000000 | Q:        nan | won: False 
#  208 | steps:  8289 | steps_t:     0 | t: 35.234725 | r:  -467.000000 | e:   1.000000 | Q:        nan | won: False 
#  209 | steps:  8310 | steps_t:     0 | t: 35.409258 | r:  -509.000000 | e:   1.000000 | Q:        nan | won: False 
#  210 | steps:  8331 | steps_t:     0 | t: 35.579799 | r:  -447.000000 | e:   1.000000 | Q:        nan | won: False 
#  211 | steps:  8343 | steps_t:     0 | t: 35.673548 | r:  -478.000000 | e:   1.000000 | Q:        nan | won: False 
#  212 | steps:  8384 | steps_t:     0 | t: 36.003665 | r:  -529.000000 | e:   1.000000 | Q:        nan | won: False 
#  213 | steps:  8390 | steps_t:     0 | t: 36.050541 | r:  -505.000000 | e:   1.000000 | Q:        nan | won: False 
#  214 | steps:  8449 | steps_t:     0 | t: 36.618021 | r:  -503.000000 | e:   1.000000 | Q:        nan | won: False 
#  215 | steps:  8471 | steps_t:     0 | t: 36.796545 | r:  -510.000000 | e:   1.000000 | Q:        nan | won: False 
#  216 | steps:  8512 | steps_t:     0 | t: 37.120677 | r:  -529.000000 | e:   1.000000 | Q:        nan | won: False 
#  217 | steps:  8590 | steps_t:     0 | t: 37.816813 | r:  -544.000000 | e:   1.000000 | Q:        nan | won: False 
#  218 | steps:  8612 | steps_t:     0 | t: 37.990350 | r:  -448.000000 | e:   1.000000 | Q:        nan | won: False 
#  219 | steps:  8619 | steps_t:     0 | t: 38.043208 | r:  -506.000000 | e:   1.000000 | Q:        nan | won: False 
#  220 | steps:  8710 | steps_t:     0 | t: 38.836130 | r:  -517.000000 | e:   1.000000 | Q:        nan | won: False 
#  221 | steps:  8727 | steps_t:     0 | t: 38.972723 | r:  -494.000000 | e:   1.000000 | Q:        nan | won: False 
#  222 | steps:  8743 | steps_t:     0 | t: 39.100380 | r:  -504.000000 | e:   1.000000 | Q:        nan | won: False 
#  223 | steps:  8794 | steps_t:     0 | t: 39.578103 | r:   127.000000 | e:   1.000000 | Q:        nan | won: True 
#  224 | steps:  8847 | steps_t:     0 | t: 40.032885 | r:  -497.000000 | e:   1.000000 | Q:        nan | won: False 
#  225 | steps:  8874 | steps_t:     0 | t: 40.252297 | r:  -493.000000 | e:   1.000000 | Q:        nan | won: False 
#  226 | steps:  8888 | steps_t:     0 | t: 40.368987 | r:  -502.000000 | e:   1.000000 | Q:        nan | won: False 
#  227 | steps:  8944 | steps_t:     0 | t: 40.879619 | r:  -482.000000 | e:   1.000000 | Q:        nan | won: False 
#  228 | steps:  8967 | steps_t:     0 | t: 41.061135 | r:  -471.000000 | e:   1.000000 | Q:        nan | won: False 
#  229 | steps:  8992 | steps_t:     0 | t: 41.260600 | r:  -491.000000 | e:   1.000000 | Q:        nan | won: False 
#  230 | steps:  9077 | steps_t:     0 | t: 42.002615 | r:  -467.000000 | e:   1.000000 | Q:        nan | won: False 
#  231 | steps:  9115 | steps_t:     0 | t: 42.307800 | r:  -442.000000 | e:   1.000000 | Q:        nan | won: False 
#  232 | steps:  9182 | steps_t:     0 | t: 42.907194 | r:  -533.000000 | e:   1.000000 | Q:        nan | won: False 
#  233 | steps:  9257 | steps_t:     0 | t: 43.517561 | r:  -552.000000 | e:   1.000000 | Q:        nan | won: False 
#  234 | steps:  9305 | steps_t:     0 | t: 43.935443 | r:  -514.000000 | e:   1.000000 | Q:        nan | won: False 
#  235 | steps:  9314 | steps_t:     0 | t: 44.053129 | r:  -508.000000 | e:   1.000000 | Q:        nan | won: False 
#  236 | steps:  9334 | steps_t:     0 | t: 44.223672 | r:  -486.000000 | e:   1.000000 | Q:        nan | won: False 
#  237 | steps:  9408 | steps_t:     0 | t: 44.915820 | r:  -507.000000 | e:   1.000000 | Q:        nan | won: False 
#  238 | steps:  9415 | steps_t:     0 | t: 44.970673 | r:  -495.000000 | e:   1.000000 | Q:        nan | won: False 
#  239 | steps:  9427 | steps_t:     0 | t: 45.161163 | r:  -500.000000 | e:   1.000000 | Q:        nan | won: False 
#  240 | steps:  9445 | steps_t:     0 | t: 45.319741 | r:  -506.000000 | e:   1.000000 | Q:        nan | won: False 
#  241 | steps:  9470 | steps_t:     0 | t: 45.546137 | r:  -491.000000 | e:   1.000000 | Q:        nan | won: False 
#  242 | steps:  9550 | steps_t:     0 | t: 46.307098 | r:  -546.000000 | e:   1.000000 | Q:        nan | won: False 
#  243 | steps:  9615 | steps_t:     0 | t: 46.858623 | r:  -520.000000 | e:   1.000000 | Q:        nan | won: False 
#  244 | steps:  9635 | steps_t:     0 | t: 47.041134 | r:  -508.000000 | e:   1.000000 | Q:        nan | won: False 
#  245 | steps:  9650 | steps_t:     0 | t: 47.167796 | r:  -503.000000 | e:   1.000000 | Q:        nan | won: False 
#  246 | steps:  9667 | steps_t:     0 | t: 47.386210 | r:  -505.000000 | e:   1.000000 | Q:        nan | won: False 
#  247 | steps:  9709 | steps_t:     0 | t: 47.765196 | r:  -530.000000 | e:   1.000000 | Q:        nan | won: False 
#  248 | steps:  9746 | steps_t:     0 | t: 48.092321 | r:  -441.000000 | e:   1.000000 | Q:        nan | won: False 
#  249 | steps:  9837 | steps_t:     0 | t: 48.917114 | r:  -524.000000 | e:   1.000000 | Q:        nan | won: False 
#  250 | steps:  9886 | steps_t:     0 | t: 49.371898 | r:   129.000000 | e:   1.000000 | Q:        nan | won: True 
#  251 | steps:  9902 | steps_t:     0 | t: 49.591310 | r:  -493.000000 | e:   1.000000 | Q:        nan | won: False 
#  252 | steps:  9932 | steps_t:     0 | t: 49.871561 | r:  -383.000000 | e:   1.000000 | Q:        nan | won: False 
#  253 | steps:  9996 | steps_t:     0 | t: 50.583655 | r:  -530.000000 | e:   1.000000 | Q:        nan | won: False 
#  254 | steps: 10006 | steps_t:     0 | t: 50.710316 | r:  -509.000000 | e:   1.000000 | Q:        nan | won: False 
#  255 | steps: 10014 | steps_t:     0 | t: 50.797085 | r:  -507.000000 | e:   1.000000 | Q:        nan | won: False 
#  256 | steps: 10062 | steps_t:     0 | t: 51.234914 | r:  -474.000000 | e:   1.000000 | Q:        nan | won: False 
#  257 | steps: 10079 | steps_t:     0 | t: 51.382518 | r:  -505.000000 | e:   1.000000 | Q:        nan | won: False 
#  258 | steps: 10092 | steps_t:     0 | t: 51.494219 | r:  -501.000000 | e:   1.000000 | Q:        nan | won: False 
#  259 | steps: 10109 | steps_t:     0 | t: 51.650801 | r:  -483.000000 | e:   1.000000 | Q:        nan | won: False 
#  260 | steps: 10165 | steps_t:     0 | t: 52.532442 | r:  -482.000000 | e:   1.000000 | Q:        nan | won: False 
#  261 | steps: 10189 | steps_t:     0 | t: 52.852584 | r:  -501.000000 | e:   1.000000 | Q:        nan | won: False 
#  262 | steps: 10215 | steps_t:     0 | t: 53.154776 | r:  -441.000000 | e:   1.000000 | Q:        nan | won: False 
#  263 | steps: 10243 | steps_t:     0 | t: 53.406103 | r:  -494.000000 | e:   1.000000 | Q:        nan | won: False 
#  264 | steps: 10282 | steps_t:     0 | t: 53.749185 | r:  -465.000000 | e:   1.000000 | Q:        nan | won: False 
#  265 | steps: 10328 | steps_t:     0 | t: 54.256827 | r:  -461.000000 | e:   1.000000 | Q:        nan | won: False 
#  266 | steps: 10384 | steps_t:     0 | t: 54.919056 | r:  -471.000000 | e:   1.000000 | Q:        nan | won: False 
#  267 | steps: 10429 | steps_t:     0 | t: 55.435673 | r:  -460.000000 | e:   1.000000 | Q:        nan | won: False 
#  268 | steps: 10452 | steps_t:     0 | t: 55.638134 | r:  -511.000000 | e:   1.000000 | Q:        nan | won: False 
#  269 | steps: 10461 | steps_t:     0 | t: 55.734872 | r:  -486.000000 | e:   1.000000 | Q:        nan | won: False 
#  270 | steps: 10588 | steps_t:     0 | t: 56.975553 | r:  -604.000000 | e:   1.000000 | Q:        nan | won: False 
#  271 | steps: 10603 | steps_t:     0 | t: 57.135126 | r:  -514.000000 | e:   1.000000 | Q:        nan | won: False 
#  272 | steps: 10677 | steps_t:     0 | t: 57.983855 | r:  -540.000000 | e:   1.000000 | Q:        nan | won: False 
#  273 | steps: 10708 | steps_t:     0 | t: 58.315967 | r:  -519.000000 | e:   1.000000 | Q:        nan | won: False 
#  274 | steps: 10751 | steps_t:     0 | t: 58.877465 | r:  -469.000000 | e:   1.000000 | Q:        nan | won: False 
#  275 | steps: 10767 | steps_t:     0 | t: 59.021081 | r:  -504.000000 | e:   1.000000 | Q:        nan | won: False 
#  276 | steps: 10795 | steps_t:     0 | t: 59.349202 | r:  -516.000000 | e:   1.000000 | Q:        nan | won: False 
#  277 | steps: 10836 | steps_t:     0 | t: 59.837894 | r:  -467.000000 | e:   1.000000 | Q:        nan | won: False 
#  278 | steps: 10853 | steps_t:     0 | t: 60.017415 | r:  -443.000000 | e:   1.000000 | Q:        nan | won: False 
#  279 | steps: 10910 | steps_t:     0 | t: 60.630773 | r:  -479.000000 | e:   1.000000 | Q:        nan | won: False 
#  280 | steps: 10958 | steps_t:     0 | t: 61.222190 | r:  -525.000000 | e:   1.000000 | Q:        nan | won: False 
#  281 | steps: 10992 | steps_t:     0 | t: 61.731827 | r:  -511.000000 | e:   1.000000 | Q:        nan | won: False 
#  282 | steps: 11038 | steps_t:     0 | t: 62.197581 | r:  -461.000000 | e:   1.000000 | Q:        nan | won: False 
#  283 | steps: 11077 | steps_t:     0 | t: 62.574572 | r:  -432.000000 | e:   1.000000 | Q:        nan | won: False 
#  284 | steps: 11089 | steps_t:     0 | t: 62.721180 | r:  -500.000000 | e:   1.000000 | Q:        nan | won: False 
#  285 | steps: 11107 | steps_t:     0 | t: 62.891724 | r:  -517.000000 | e:   1.000000 | Q:        nan | won: False 
#  286 | steps: 11114 | steps_t:     0 | t: 62.948573 | r:  -506.000000 | e:   1.000000 | Q:        nan | won: False 
#  287 | steps: 11180 | steps_t:     0 | t: 63.679622 | r:  -543.000000 | e:   1.000000 | Q:        nan | won: False 
#  288 | steps: 11201 | steps_t:     0 | t: 63.892058 | r:  -509.000000 | e:   1.000000 | Q:        nan | won: False 
#  289 | steps: 11212 | steps_t:     0 | t: 63.978816 | r:  -510.000000 | e:   1.000000 | Q:        nan | won: False 
#  290 | steps: 11300 | steps_t:     0 | t: 64.784666 | r:  -521.000000 | e:   1.000000 | Q:        nan | won: False 
#  291 | steps: 11347 | steps_t:     0 | t: 65.226476 | r:  -473.000000 | e:   1.000000 | Q:        nan | won: False 
#  292 | steps: 11477 | steps_t:     0 | t: 66.391360 | r:  -552.000000 | e:   1.000000 | Q:        nan | won: False 
#  293 | steps: 11500 | steps_t:     0 | t: 66.637712 | r:  -438.000000 | e:   1.000000 | Q:        nan | won: False 
#  294 | steps: 11545 | steps_t:     0 | t: 66.999733 | r:  -511.000000 | e:   1.000000 | Q:        nan | won: False 
#  295 | steps: 11613 | steps_t:     0 | t: 67.670937 | r:  -545.000000 | e:   1.000000 | Q:        nan | won: False 
#  296 | steps: 11677 | steps_t:     0 | t: 68.241410 | r:  -508.000000 | e:   1.000000 | Q:        nan | won: False 
#  297 | steps: 11719 | steps_t:     0 | t: 68.713152 | r:  -424.000000 | e:   1.000000 | Q:        nan | won: False 
#  298 | steps: 11755 | steps_t:     0 | t: 69.081163 | r:  -440.000000 | e:   1.000000 | Q:        nan | won: False 
#  299 | steps: 11766 | steps_t:     0 | t: 69.185886 | r:  -499.000000 | e:   1.000000 | Q:        nan | won: False 
#  300 | steps: 11837 | steps_t:     0 | t: 69.902965 | r:  -548.000000 | e:   1.000000 | Q:        nan | won: False 
#  301 | steps: 11882 | steps_t:     0 | t: 70.290927 | r:  -482.000000 | e:   1.000000 | Q:        nan | won: False 
#  302 | steps: 11896 | steps_t:     0 | t: 70.439530 | r:  -513.000000 | e:   1.000000 | Q:        nan | won: False 
#  303 | steps: 11933 | steps_t:     0 | t: 70.745709 | r:  -463.000000 | e:   1.000000 | Q:        nan | won: False 
#  304 | steps: 12015 | steps_t:     0 | t: 71.419907 | r:  -559.000000 | e:   1.000000 | Q:        nan | won: False 
#  305 | steps: 12050 | steps_t:     0 | t: 71.733068 | r:  -490.000000 | e:   1.000000 | Q:        nan | won: False 
#  306 | steps: 12114 | steps_t:     0 | t: 72.284593 | r:  -468.000000 | e:   1.000000 | Q:        nan | won: False 
#  307 | steps: 12201 | steps_t:     0 | t: 72.995690 | r:  -480.000000 | e:   1.000000 | Q:        nan | won: False 
#  308 | steps: 12260 | steps_t:     0 | t: 73.506324 | r:  -441.000000 | e:   1.000000 | Q:        nan | won: False 
#  309 | steps: 12312 | steps_t:     0 | t: 73.951133 | r:  -456.000000 | e:   1.000000 | Q:        nan | won: False 
#  310 | steps: 12334 | steps_t:     0 | t: 74.125671 | r:  -488.000000 | e:   1.000000 | Q:        nan | won: False 
#  311 | steps: 12361 | steps_t:     0 | t: 74.395944 | r:  -504.000000 | e:   1.000000 | Q:        nan | won: False 
#  312 | steps: 12378 | steps_t:     0 | t: 74.539559 | r:  -421.000000 | e:   1.000000 | Q:        nan | won: False 
#  313 | steps: 12449 | steps_t:     0 | t: 75.154912 | r:  -548.000000 | e:   1.000000 | Q:        nan | won: False 
#  314 | steps: 12513 | steps_t:     0 | t: 75.742342 | r:  -530.000000 | e:   1.000000 | Q:        nan | won: False 
#  315 | steps: 12547 | steps_t:     0 | t: 76.039547 | r:  -460.000000 | e:   1.000000 | Q:        nan | won: False 
#  316 | steps: 12557 | steps_t:     0 | t: 76.119332 | r:  -509.000000 | e:   1.000000 | Q:        nan | won: False 
#  317 | steps: 12617 | steps_t:     0 | t: 76.677838 | r:  -431.000000 | e:   1.000000 | Q:        nan | won: False 
#  318 | steps: 12682 | steps_t:     0 | t: 77.282222 | r:  -542.000000 | e:   1.000000 | Q:        nan | won: False 
#  319 | steps: 12725 | steps_t:     0 | t: 77.697111 | r:  -458.000000 | e:   1.000000 | Q:        nan | won: False 
#  320 | steps: 12831 | steps_t:     0 | t: 78.616652 | r:   123.000000 | e:   1.000000 | Q:        nan | won: True 
#  321 | steps: 12893 | steps_t:     0 | t: 79.169172 | r:  -488.000000 | e:   1.000000 | Q:        nan | won: False 
#  322 | steps: 12923 | steps_t:     0 | t: 79.429480 | r:  -445.000000 | e:   1.000000 | Q:        nan | won: False 
#  323 | steps: 12997 | steps_t:     0 | t: 80.228339 | r:  -500.000000 | e:   1.000000 | Q:        nan | won: False 
#  324 | steps: 13035 | steps_t:     0 | t: 80.641233 | r:  -526.000000 | e:   1.000000 | Q:        nan | won: False 
#  325 | steps: 13114 | steps_t:     0 | t: 81.558778 | r:  -505.000000 | e:   1.000000 | Q:        nan | won: False 
#  326 | steps: 13140 | steps_t:     0 | t: 81.801129 | r:  -514.000000 | e:   1.000000 | Q:        nan | won: False 
#  327 | steps: 13197 | steps_t:     0 | t: 82.351660 | r:  -461.000000 | e:   1.000000 | Q:        nan | won: False 
#  328 | steps: 13229 | steps_t:     0 | t: 82.673806 | r:  -436.000000 | e:   1.000000 | Q:        nan | won: False 
#  329 | steps: 13244 | steps_t:     0 | t: 82.803449 | r:  -514.000000 | e:   1.000000 | Q:        nan | won: False 
#  330 | steps: 13285 | steps_t:     0 | t: 83.161497 | r:  -478.000000 | e:   1.000000 | Q:        nan | won: False 
#  331 | steps: 13322 | steps_t:     0 | t: 83.686094 | r:  -452.000000 | e:   1.000000 | Q:        nan | won: False 
#  332 | steps: 13349 | steps_t:     0 | t: 83.902507 | r:  -493.000000 | e:   1.000000 | Q:        nan | won: False 
#  333 | steps: 13375 | steps_t:     0 | t: 84.120923 | r:  -441.000000 | e:   1.000000 | Q:        nan | won: False 
#  334 | steps: 13396 | steps_t:     0 | t: 84.494925 | r:  -520.000000 | e:   1.000000 | Q:        nan | won: False 
#  335 | steps: 13418 | steps_t:     0 | t: 84.725306 | r:  -510.000000 | e:   1.000000 | Q:        nan | won: False 
#  336 | steps: 13441 | steps_t:     0 | t: 84.921781 | r:  -478.000000 | e:   1.000000 | Q:        nan | won: False 
#  337 | steps: 13469 | steps_t:     0 | t: 85.211006 | r:  -454.000000 | e:   1.000000 | Q:        nan | won: False 
#  338 | steps: 13484 | steps_t:     0 | t: 85.337667 | r:  -514.000000 | e:   1.000000 | Q:        nan | won: False 
#  339 | steps: 13553 | steps_t:     0 | t: 86.014856 | r:  -451.000000 | e:   1.000000 | Q:        nan | won: False 
#  340 | steps: 13636 | steps_t:     0 | t: 86.851620 | r:  -454.000000 | e:   1.000000 | Q:        nan | won: False 
#  341 | steps: 13649 | steps_t:     0 | t: 86.977282 | r:  -490.000000 | e:   1.000000 | Q:        nan | won: False 
#  342 | steps: 13688 | steps_t:     0 | t: 87.340310 | r:  -432.000000 | e:   1.000000 | Q:        nan | won: False 
#  343 | steps: 13753 | steps_t:     0 | t: 87.965636 | r:  -498.000000 | e:   1.000000 | Q:        nan | won: False 
#  344 | steps: 13799 | steps_t:     0 | t: 88.385512 | r:  -428.000000 | e:   1.000000 | Q:        nan | won: False 
#  345 | steps: 13841 | steps_t:     0 | t: 88.899138 | r:  -457.000000 | e:   1.000000 | Q:        nan | won: False 
#  346 | steps: 13904 | steps_t:     0 | t: 89.633174 | r:  -467.000000 | e:   1.000000 | Q:        nan | won: False 
#  347 | steps: 13948 | steps_t:     0 | t: 89.987228 | r:  -459.000000 | e:   1.000000 | Q:        nan | won: False 
#  348 | steps: 14022 | steps_t:     0 | t: 90.680372 | r:  -467.000000 | e:   1.000000 | Q:        nan | won: False 
#  349 | steps: 14055 | steps_t:     0 | t: 90.964612 | r:  -510.000000 | e:   1.000000 | Q:        nan | won: False 
#  350 | steps: 14109 | steps_t:     0 | t: 91.491204 | r:  -502.000000 | e:   1.000000 | Q:        nan | won: False 
#  351 | steps: 14129 | steps_t:     0 | t: 91.666733 | r:  -508.000000 | e:   1.000000 | Q:        nan | won: False 
#  352 | steps: 14188 | steps_t:     0 | t: 92.142461 | r:   119.000000 | e:   1.000000 | Q:        nan | won: True 
#  353 | steps: 14202 | steps_t:     0 | t: 92.295053 | r:  -451.000000 | e:   1.000000 | Q:        nan | won: False 
#  354 | steps: 14216 | steps_t:     0 | t: 92.447649 | r:  -451.000000 | e:   1.000000 | Q:        nan | won: False 
#  355 | steps: 14254 | steps_t:     0 | t: 92.759809 | r:  -482.000000 | e:   1.000000 | Q:        nan | won: False 
#  356 | steps: 14330 | steps_t:     0 | t: 93.361200 | r:  -447.000000 | e:   1.000000 | Q:        nan | won: False 
#  357 | steps: 14361 | steps_t:     0 | t: 93.699295 | r:  -486.000000 | e:   1.000000 | Q:        nan | won: False 
#  358 | steps: 14426 | steps_t:     0 | t: 94.271765 | r:  -469.000000 | e:   1.000000 | Q:        nan | won: False 
#  359 | steps: 14563 | steps_t:     0 | t: 95.515435 | r:  -552.000000 | e:   1.000000 | Q:        nan | won: False 
#  360 | steps: 14650 | steps_t:     0 | t: 96.321280 | r:  -520.000000 | e:   1.000000 | Q:        nan | won: False 
#  361 | steps: 14660 | steps_t:     0 | t: 96.411041 | r:  -498.000000 | e:   1.000000 | Q:        nan | won: False 
#  362 | steps: 14666 | steps_t:     0 | t: 96.458911 | r:  -505.000000 | e:   1.000000 | Q:        nan | won: False 
#  363 | steps: 14712 | steps_t:     0 | t: 96.956582 | r:  -428.000000 | e:   1.000000 | Q:        nan | won: False 
#  364 | steps: 14762 | steps_t:     0 | t: 97.418346 | r:  -432.000000 | e:   1.000000 | Q:        nan | won: False 
#  365 | steps: 14776 | steps_t:     0 | t: 97.540035 | r:  -502.000000 | e:   1.000000 | Q:        nan | won: False 
#  366 | steps: 14787 | steps_t:     0 | t: 97.640749 | r:  -408.000000 | e:   1.000000 | Q:        nan | won: False 
#  367 | steps: 14841 | steps_t:     0 | t: 98.200258 | r:  -480.000000 | e:   1.000000 | Q:        nan | won: False 
#  368 | steps: 14859 | steps_t:     0 | t: 98.355836 | r:  -506.000000 | e:   1.000000 | Q:        nan | won: False 
#  369 | steps: 14881 | steps_t:     0 | t: 98.549319 | r:  -521.000000 | e:   1.000000 | Q:        nan | won: False 
#  370 | steps: 14928 | steps_t:     0 | t: 98.983160 | r:  -440.000000 | e:   1.000000 | Q:        nan | won: False 
#  371 | steps: 14948 | steps_t:     0 | t: 99.209555 | r:  -486.000000 | e:   1.000000 | Q:        nan | won: False 
#  372 | steps: 14961 | steps_t:     0 | t: 99.319258 | r:  -512.000000 | e:   1.000000 | Q:        nan | won: False 
#  373 | steps: 14970 | steps_t:     0 | t: 99.398047 | r:  -497.000000 | e:   1.000000 | Q:        nan | won: False 
#  374 | steps: 14996 | steps_t:     0 | t: 99.624442 | r:  -412.000000 | e:   1.000000 | Q:        nan | won: False 
#  375 | steps: 15050 | steps_t:     0 | t: 100.331549 | r:  -469.000000 | e:   1.000000 | Q:        nan | won: False 
#  376 | steps: 15142 | steps_t:     0 | t: 101.738793 | r:  -463.000000 | e:   1.000000 | Q:        nan | won: False 
#  377 | steps: 15178 | steps_t:     0 | t: 102.099820 | r:  -524.000000 | e:   1.000000 | Q:        nan | won: False 
#  378 | steps: 15288 | steps_t:     0 | t: 103.223811 | r:  -565.000000 | e:   1.000000 | Q:        nan | won: False 
#  379 | steps: 15342 | steps_t:     0 | t: 103.748407 | r:  -447.000000 | e:   1.000000 | Q:        nan | won: False 
#  380 | steps: 15359 | steps_t:     0 | t: 103.880099 | r:  -505.000000 | e:   1.000000 | Q:        nan | won: False 
#  381 | steps: 15436 | steps_t:     0 | t: 104.574198 | r:  -543.000000 | e:   1.000000 | Q:        nan | won: False 
#  382 | steps: 15486 | steps_t:     0 | t: 105.038955 | r:  -465.000000 | e:   1.000000 | Q:        nan | won: False 
#  383 | steps: 15531 | steps_t:     0 | t: 105.424922 | r:  -511.000000 | e:   1.000000 | Q:        nan | won: False 
#  384 | steps: 15572 | steps_t:     0 | t: 105.786956 | r:  -445.000000 | e:   1.000000 | Q:        nan | won: False 
#  385 | steps: 15600 | steps_t:     0 | t: 106.064212 | r:  -454.000000 | e:   1.000000 | Q:        nan | won: False 
#  386 | steps: 15632 | steps_t:     0 | t: 106.369395 | r:  -425.000000 | e:   1.000000 | Q:        nan | won: False 
#  387 | steps: 15652 | steps_t:     0 | t: 106.532963 | r:  -519.000000 | e:   1.000000 | Q:        nan | won: False 
#  388 | steps: 15725 | steps_t:     0 | t: 107.247047 | r:   105.000000 | e:   1.000000 | Q:        nan | won: True 
#  389 | steps: 15777 | steps_t:     0 | t: 107.846443 | r:  -467.000000 | e:   1.000000 | Q:        nan | won: False 
#  390 | steps: 15820 | steps_t:     0 | t: 108.259340 | r:  -414.000000 | e:   1.000000 | Q:        nan | won: False 
#  391 | steps: 15866 | steps_t:     0 | t: 108.673233 | r:  -479.000000 | e:   1.000000 | Q:        nan | won: False 
#  392 | steps: 15886 | steps_t:     0 | t: 108.877684 | r:  -519.000000 | e:   1.000000 | Q:        nan | won: False 
#  393 | steps: 15899 | steps_t:     0 | t: 108.983401 | r:  -450.000000 | e:   1.000000 | Q:        nan | won: False 
#  394 | steps: 15980 | steps_t:     0 | t: 109.837118 | r:  -485.000000 | e:   1.000000 | Q:        nan | won: False 
#  395 | steps: 16004 | steps_t:     0 | t: 110.082461 | r:  -501.000000 | e:   1.000000 | Q:        nan | won: False 
#  396 | steps: 16053 | steps_t:     0 | t: 110.533256 | r:  -453.000000 | e:   1.000000 | Q:        nan | won: False 
#  397 | steps: 16063 | steps_t:     0 | t: 110.610049 | r:  -498.000000 | e:   1.000000 | Q:        nan | won: False 
#  398 | steps: 16170 | steps_t:     0 | t: 111.643284 | r:  -551.000000 | e:   1.000000 | Q:        nan | won: False 
#  399 | steps: 16236 | steps_t:     0 | t: 112.224729 | r:  -470.000000 | e:   1.000000 | Q:        nan | won: False 
#  400 | steps: 16248 | steps_t:     0 | t: 112.318478 | r:  -511.000000 | e:   1.000000 | Q:        nan | won: False 
#  401 | steps: 16278 | steps_t:     0 | t: 112.567811 | r:  -467.000000 | e:   1.000000 | Q:        nan | won: False 
#  402 | steps: 16292 | steps_t:     0 | t: 112.707443 | r:  -502.000000 | e:   1.000000 | Q:        nan | won: False 
#  403 | steps: 16307 | steps_t:     0 | t: 112.833102 | r:  -503.000000 | e:   1.000000 | Q:        nan | won: False 
#  404 | steps: 16349 | steps_t:     0 | t: 113.199122 | r:  -468.000000 | e:   1.000000 | Q:        nan | won: False 
#  405 | steps: 16378 | steps_t:     0 | t: 113.474385 | r:  -466.000000 | e:   1.000000 | Q:        nan | won: False 
#  406 | steps: 16400 | steps_t:     0 | t: 113.660886 | r:  -459.000000 | e:   1.000000 | Q:        nan | won: False 
#  407 | steps: 16466 | steps_t:     0 | t: 114.268260 | r:  -543.000000 | e:   1.000000 | Q:        nan | won: False 
#  408 | steps: 16479 | steps_t:     0 | t: 114.420853 | r:  -490.000000 | e:   1.000000 | Q:        nan | won: False 
#  409 | steps: 16504 | steps_t:     0 | t: 114.662208 | r:  -407.000000 | e:   1.000000 | Q:        nan | won: False 
#  410 | steps: 16519 | steps_t:     0 | t: 114.806820 | r:  -492.000000 | e:   1.000000 | Q:        nan | won: False 
#  411 | steps: 16548 | steps_t:     0 | t: 115.082083 | r:  -528.000000 | e:   1.000000 | Q:        nan | won: False 
#  412 | steps: 16632 | steps_t:     0 | t: 115.888925 | r:  -561.000000 | e:   1.000000 | Q:        nan | won: False 
#  413 | steps: 16656 | steps_t:     0 | t: 116.159201 | r:  -523.000000 | e:   1.000000 | Q:        nan | won: False 
#  414 | steps: 16688 | steps_t:     0 | t: 116.457404 | r:  -436.000000 | e:   1.000000 | Q:        nan | won: False 
#  415 | steps: 16700 | steps_t:     0 | t: 116.601019 | r:  -511.000000 | e:   1.000000 | Q:        nan | won: False 
#  416 | steps: 16719 | steps_t:     0 | t: 116.766576 | r:  -467.000000 | e:   1.000000 | Q:        nan | won: False 
#  417 | steps: 16774 | steps_t:     0 | t: 117.287183 | r:  -459.000000 | e:   1.000000 | Q:        nan | won: False 
#  418 | steps: 16797 | steps_t:     0 | t: 117.474684 | r:  -489.000000 | e:   1.000000 | Q:        nan | won: False 
#  419 | steps: 16872 | steps_t:     0 | t: 118.139904 | r:  -490.000000 | e:   1.000000 | Q:        nan | won: False 
#  420 | steps: 16944 | steps_t:     0 | t: 118.844018 | r:   106.000000 | e:   1.000000 | Q:        nan | won: True 
#  421 | steps: 16969 | steps_t:     0 | t: 119.068422 | r:  -451.000000 | e:   1.000000 | Q:        nan | won: False 
#  422 | steps: 16988 | steps_t:     0 | t: 119.242951 | r:  -518.000000 | e:   1.000000 | Q:        nan | won: False 
#  423 | steps: 17029 | steps_t:     0 | t: 119.663826 | r:  -478.000000 | e:   1.000000 | Q:        nan | won: False 
#  424 | steps: 17045 | steps_t:     0 | t: 119.837360 | r:  -504.000000 | e:   1.000000 | Q:        nan | won: False 
#  425 | steps: 17095 | steps_t:     0 | t: 120.493605 | r:  -432.000000 | e:   1.000000 | Q:        nan | won: False 
#  426 | steps: 17132 | steps_t:     0 | t: 120.967339 | r:  -492.000000 | e:   1.000000 | Q:        nan | won: False 
#  427 | steps: 17142 | steps_t:     0 | t: 121.051113 | r:  -509.000000 | e:   1.000000 | Q:        nan | won: False 
#  428 | steps: 17193 | steps_t:     0 | t: 121.586681 | r:  -517.000000 | e:   1.000000 | Q:        nan | won: False 
#  429 | steps: 17290 | steps_t:     0 | t: 122.687734 | r:  -530.000000 | e:   1.000000 | Q:        nan | won: False 
#  430 | steps: 17320 | steps_t:     0 | t: 123.025829 | r:  -434.000000 | e:   1.000000 | Q:        nan | won: False 
#  431 | steps: 17334 | steps_t:     0 | t: 123.169445 | r:  -502.000000 | e:   1.000000 | Q:        nan | won: False 
#  432 | steps: 17357 | steps_t:     0 | t: 123.402821 | r:  -471.000000 | e:   1.000000 | Q:        nan | won: False 
#  433 | steps: 17377 | steps_t:     0 | t: 123.743911 | r:  -475.000000 | e:   1.000000 | Q:        nan | won: False 
#  434 | steps: 17392 | steps_t:     0 | t: 125.305729 | r:  -514.000000 | e:   1.000000 | Q:        nan | won: False 
#  435 | steps: 17413 | steps_t:     0 | t: 126.084646 | r:  -520.000000 | e:   1.000000 | Q:        nan | won: False 
#  436 | steps: 17423 | steps_t:     0 | t: 126.200336 | r:  -509.000000 | e:   1.000000 | Q:        nan | won: False 
#  437 | steps: 17445 | steps_t:     0 | t: 126.552394 | r:  -437.000000 | e:   1.000000 | Q:        nan | won: False 
#  438 | steps: 17523 | steps_t:     0 | t: 127.520803 | r:  -566.000000 | e:   1.000000 | Q:        nan | won: False 
#  439 | steps: 17574 | steps_t:     0 | t: 128.040411 | r:  -528.000000 | e:   1.000000 | Q:        nan | won: False 
#  440 | steps: 17607 | steps_t:     0 | t: 128.408430 | r:  -426.000000 | e:   1.000000 | Q:        nan | won: False 
#  441 | steps: 17631 | steps_t:     0 | t: 128.675713 | r:  -501.000000 | e:   1.000000 | Q:        nan | won: False 
#  442 | steps: 17749 | steps_t:     0 | t: 129.937338 | r:  -511.000000 | e:   1.000000 | Q:        nan | won: False 
#  443 | steps: 17783 | steps_t:     0 | t: 130.350233 | r:  -427.000000 | e:   1.000000 | Q:        nan | won: False 
#  444 | steps: 17859 | steps_t:     0 | t: 131.044376 | r:  -480.000000 | e:   1.000000 | Q:        nan | won: False 
#  445 | steps: 17880 | steps_t:     0 | t: 131.275756 | r:  -436.000000 | e:   1.000000 | Q:        nan | won: False 
#  446 | steps: 17939 | steps_t:     0 | t: 131.800354 | r:  -474.000000 | e:   1.000000 | Q:        nan | won: False 
#  447 | steps: 18002 | steps_t:     0 | t: 132.485520 | r:  -478.000000 | e:   1.000000 | Q:        nan | won: False 
#  448 | steps: 18026 | steps_t:     0 | t: 132.867499 | r:  -450.000000 | e:   1.000000 | Q:        nan | won: False 
#  449 | steps: 18091 | steps_t:     0 | t: 133.878792 | r:  -542.000000 | e:   1.000000 | Q:        nan | won: False 
#  450 | steps: 18136 | steps_t:     0 | t: 134.725526 | r:  -460.000000 | e:   1.000000 | Q:        nan | won: False 
#  451 | steps: 18154 | steps_t:     0 | t: 134.944939 | r:  -506.000000 | e:   1.000000 | Q:        nan | won: False 
#  452 | steps: 18162 | steps_t:     0 | t: 135.017744 | r:  -507.000000 | e:   1.000000 | Q:        nan | won: False 
#  453 | steps: 18230 | steps_t:     0 | t: 136.224516 | r:  -501.000000 | e:   1.000000 | Q:        nan | won: False 
#  454 | steps: 18305 | steps_t:     0 | t: 137.688599 | r:  -552.000000 | e:   1.000000 | Q:        nan | won: False 
#  455 | steps: 18331 | steps_t:     0 | t: 137.959873 | r:  -441.000000 | e:   1.000000 | Q:        nan | won: False 
#  456 | steps: 18439 | steps_t:     0 | t: 138.967179 | r:    70.000000 | e:   1.000000 | Q:        nan | won: True 
#  457 | steps: 18467 | steps_t:     0 | t: 139.323225 | r:  -454.000000 | e:   1.000000 | Q:        nan | won: False 
#  458 | steps: 18503 | steps_t:     0 | t: 139.638381 | r:  -462.000000 | e:   1.000000 | Q:        nan | won: False 
#  459 | steps: 18562 | steps_t:     0 | t: 140.153004 | r:  -514.000000 | e:   1.000000 | Q:        nan | won: False 
#  460 | steps: 18607 | steps_t:     0 | t: 140.605793 | r:  -427.000000 | e:   1.000000 | Q:        nan | won: False 
#  461 | steps: 18678 | steps_t:     0 | t: 142.213495 | r:  -526.000000 | e:   1.000000 | Q:        nan | won: False 
#  462 | steps: 18688 | steps_t:     0 | t: 142.394008 | r:  -498.000000 | e:   1.000000 | Q:        nan | won: False 
#  463 | steps: 18767 | steps_t:     0 | t: 143.245729 | r:  -545.000000 | e:   1.000000 | Q:        nan | won: False 
#  464 | steps: 18849 | steps_t:     0 | t: 144.069532 | r:  -504.000000 | e:   1.000000 | Q:        nan | won: False 
#  465 | steps: 18879 | steps_t:     0 | t: 144.353765 | r:  -518.000000 | e:   1.000000 | Q:        nan | won: False 
#  466 | steps: 18888 | steps_t:     0 | t: 144.426569 | r:  -486.000000 | e:   1.000000 | Q:        nan | won: False 
#  467 | steps: 18952 | steps_t:     0 | t: 145.528622 | r:  -479.000000 | e:   1.000000 | Q:        nan | won: False 
#  468 | steps: 19018 | steps_t:     0 | t: 146.231740 | r:  -554.000000 | e:   1.000000 | Q:        nan | won: False 
#  469 | steps: 19080 | steps_t:     0 | t: 146.787253 | r:  -488.000000 | e:   1.000000 | Q:        nan | won: False 
#  470 | steps: 19174 | steps_t:     0 | t: 147.661914 | r:  -560.000000 | e:   1.000000 | Q:        nan | won: False 
#  471 | steps: 19183 | steps_t:     0 | t: 147.732724 | r:  -508.000000 | e:   1.000000 | Q:        nan | won: False 
#  472 | steps: 19235 | steps_t:     0 | t: 148.171550 | r:  -478.000000 | e:   1.000000 | Q:        nan | won: False 
#  473 | steps: 19246 | steps_t:     0 | t: 148.265299 | r:  -510.000000 | e:   1.000000 | Q:        nan | won: False 
#  474 | steps: 19265 | steps_t:     0 | t: 148.573475 | r:  -467.000000 | e:   1.000000 | Q:        nan | won: False 
#  475 | steps: 19343 | steps_t:     0 | t: 149.395275 | r:  -460.000000 | e:   1.000000 | Q:        nan | won: False 
#  476 | steps: 19364 | steps_t:     0 | t: 149.601724 | r:  -458.000000 | e:   1.000000 | Q:        nan | won: False 
#  477 | steps: 19440 | steps_t:     0 | t: 150.214086 | r:  -542.000000 | e:   1.000000 | Q:        nan | won: False 
#  478 | steps: 19478 | steps_t:     0 | t: 150.573124 | r:  -442.000000 | e:   1.000000 | Q:        nan | won: False 
#  479 | steps: 19542 | steps_t:     0 | t: 151.125645 | r:  -446.000000 | e:   1.000000 | Q:        nan | won: False 
#  480 | steps: 19613 | steps_t:     0 | t: 151.925505 | r:   107.000000 | e:   1.000000 | Q:        nan | won: True 
#  481 | steps: 19628 | steps_t:     0 | t: 152.040202 | r:  -401.000000 | e:   1.000000 | Q:        nan | won: False 
#  482 | steps: 19644 | steps_t:     0 | t: 152.169852 | r:  -504.000000 | e:   1.000000 | Q:        nan | won: False 
#  483 | steps: 19729 | steps_t:     0 | t: 153.010602 | r:  -478.000000 | e:   1.000000 | Q:        nan | won: False 
#  484 | steps: 19739 | steps_t:     0 | t: 153.106346 | r:  -498.000000 | e:   1.000000 | Q:        nan | won: False 
#  485 | steps: 19810 | steps_t:     0 | t: 153.888256 | r:  -453.000000 | e:   1.000000 | Q:        nan | won: False 
#  486 | steps: 19825 | steps_t:     0 | t: 154.194435 | r:  -514.000000 | e:   1.000000 | Q:        nan | won: False 
#  487 | steps: 19898 | steps_t:     0 | t: 155.322420 | r:  -444.000000 | e:   1.000000 | Q:        nan | won: False 
#  488 | steps: 19912 | steps_t:     0 | t: 155.467029 | r:  -513.000000 | e:   1.000000 | Q:        nan | won: False 
#  489 | steps: 19933 | steps_t:     0 | t: 155.671483 | r:  -509.000000 | e:   1.000000 | Q:        nan | won: False 
#  490 | steps: 19942 | steps_t:     0 | t: 155.749274 | r:  -508.000000 | e:   1.000000 | Q:        nan | won: False 
#  491 | steps: 19996 | steps_t:     0 | t: 156.349668 | r:  -396.000000 | e:   1.000000 | Q:        nan | won: False 
#  492 | steps: 20010 | steps_t:     0 | t: 156.507246 | r:  -491.000000 | e:   1.000000 | Q:        nan | won: False 
#  493 | steps: 20017 | steps_t:     0 | t: 156.566090 | r:  -506.000000 | e:   1.000000 | Q:        nan | won: False 
#  494 | steps: 20090 | steps_t:     0 | t: 157.199395 | r:  -517.000000 | e:   1.000000 | Q:        nan | won: False 
#  495 | steps: 20115 | steps_t:     0 | t: 157.412823 | r:  -480.000000 | e:   1.000000 | Q:        nan | won: False 
#  496 | steps: 20127 | steps_t:     0 | t: 157.530510 | r:  -500.000000 | e:   1.000000 | Q:        nan | won: False 
#  497 | steps: 20144 | steps_t:     0 | t: 157.683100 | r:  -454.000000 | e:   1.000000 | Q:        nan | won: False 
#  498 | steps: 20166 | steps_t:     0 | t: 157.858630 | r:  -459.000000 | e:   1.000000 | Q:        nan | won: False 
#  499 | steps: 20215 | steps_t:     0 | t: 158.280501 | r:  -526.000000 | e:   1.000000 | Q:        nan | won: False 
#  500 | steps: 20267 | steps_t:     0 | t: 158.749248 | r:  -507.000000 | e:   1.000000 | Q:        nan | won: False 
#  501 | steps: 20321 | steps_t:     0 | t: 159.175111 | r:  -469.000000 | e:   1.000000 | Q:        nan | won: False 
#  502 | steps: 20350 | steps_t:     0 | t: 159.441405 | r:  -473.000000 | e:   1.000000 | Q:        nan | won: False 
#  503 | steps: 20402 | steps_t:     0 | t: 159.906159 | r:  -416.000000 | e:   1.000000 | Q:        nan | won: False 
#  504 | steps: 20475 | steps_t:     0 | t: 160.518516 | r:  -455.000000 | e:   1.000000 | Q:        nan | won: False 
#  505 | steps: 20488 | steps_t:     0 | t: 160.620241 | r:  -501.000000 | e:   1.000000 | Q:        nan | won: False 
#  506 | steps: 20520 | steps_t:     0 | t: 160.927423 | r:  -458.000000 | e:   1.000000 | Q:        nan | won: False 
#  507 | steps: 20545 | steps_t:     0 | t: 161.121899 | r:  -429.000000 | e:   1.000000 | Q:        nan | won: False 
#  508 | steps: 20602 | steps_t:     0 | t: 161.604608 | r:  -461.000000 | e:   1.000000 | Q:        nan | won: False 
#  509 | steps: 20627 | steps_t:     0 | t: 161.798091 | r:  -440.000000 | e:   1.000000 | Q:        nan | won: False 
#  510 | steps: 20639 | steps_t:     0 | t: 161.898821 | r:  -478.000000 | e:   1.000000 | Q:        nan | won: False 
#  511 | steps: 20677 | steps_t:     0 | t: 162.229934 | r:  -475.000000 | e:   1.000000 | Q:        nan | won: False 
#  512 | steps: 20728 | steps_t:     0 | t: 162.679737 | r:  -444.000000 | e:   1.000000 | Q:        nan | won: False 
#  513 | steps: 20778 | steps_t:     0 | t: 163.132522 | r:  -494.000000 | e:   1.000000 | Q:        nan | won: False 
#  514 | steps: 20818 | steps_t:     0 | t: 163.520482 | r:  -433.000000 | e:   1.000000 | Q:        nan | won: False 
#  515 | steps: 20891 | steps_t:     0 | t: 164.185703 | r:  -506.000000 | e:   1.000000 | Q:        nan | won: False 
#  516 | steps: 20917 | steps_t:     0 | t: 164.451990 | r:  -441.000000 | e:   1.000000 | Q:        nan | won: False 
#  517 | steps: 20951 | steps_t:     0 | t: 164.782106 | r:  -522.000000 | e:   1.000000 | Q:        nan | won: False 
#  518 | steps: 20990 | steps_t:     0 | t: 165.113222 | r:  -527.000000 | e:   1.000000 | Q:        nan | won: False 
#  519 | steps: 21071 | steps_t:     0 | t: 165.870195 | r:  -463.000000 | e:   1.000000 | Q:        nan | won: False 
#  520 | steps: 21147 | steps_t:     0 | t: 166.586281 | r:  -531.000000 | e:   1.000000 | Q:        nan | won: False 
#  521 | steps: 21182 | steps_t:     0 | t: 166.918391 | r:  -406.000000 | e:   1.000000 | Q:        nan | won: False 
#  522 | steps: 21229 | steps_t:     0 | t: 167.320315 | r:  -473.000000 | e:   1.000000 | Q:        nan | won: False 
#  523 | steps: 21307 | steps_t:     0 | t: 168.138127 | r:  -533.000000 | e:   1.000000 | Q:        nan | won: False 
#  524 | steps: 21355 | steps_t:     0 | t: 168.810332 | r:  -514.000000 | e:   1.000000 | Q:        nan | won: False 
#  525 | steps: 21443 | steps_t:     0 | t: 169.702940 | r:  -503.000000 | e:   1.000000 | Q:        nan | won: False 
#  526 | steps: 21488 | steps_t:     0 | t: 170.114840 | r:  -522.000000 | e:   1.000000 | Q:        nan | won: False 
#  527 | steps: 21498 | steps_t:     0 | t: 170.224545 | r:  -509.000000 | e:   1.000000 | Q:        nan | won: False 
#  528 | steps: 21560 | steps_t:     0 | t: 170.732186 | r:  -488.000000 | e:   1.000000 | Q:        nan | won: False 
#  529 | steps: 21605 | steps_t:     0 | t: 171.119154 | r:  -471.000000 | e:   1.000000 | Q:        nan | won: False 
#  530 | steps: 21690 | steps_t:     0 | t: 171.840235 | r:  -522.000000 | e:   1.000000 | Q:        nan | won: False 
#  531 | steps: 21741 | steps_t:     0 | t: 172.282041 | r:  -506.000000 | e:   1.000000 | Q:        nan | won: False 
#  532 | steps: 21777 | steps_t:     0 | t: 172.611163 | r:  -473.000000 | e:   1.000000 | Q:        nan | won: False 
#  533 | steps: 21823 | steps_t:     0 | t: 173.263425 | r:  -439.000000 | e:   1.000000 | Q:        nan | won: False 
#  534 | steps: 21847 | steps_t:     0 | t: 173.601511 | r:  -461.000000 | e:   1.000000 | Q:        nan | won: False 
#  535 | steps: 21882 | steps_t:     0 | t: 174.033355 | r:  -472.000000 | e:   1.000000 | Q:        nan | won: False 
#  536 | steps: 21932 | steps_t:     0 | t: 174.571915 | r:  -516.000000 | e:   1.000000 | Q:        nan | won: False 
#  537 | steps: 21940 | steps_t:     0 | t: 174.668654 | r:  -507.000000 | e:   1.000000 | Q:        nan | won: False 
#  538 | steps: 21969 | steps_t:     0 | t: 174.944921 | r:  -466.000000 | e:   1.000000 | Q:        nan | won: False 
#  539 | steps: 22018 | steps_t:     0 | t: 175.374764 | r:  -431.000000 | e:   1.000000 | Q:        nan | won: False 
#  540 | steps: 22102 | steps_t:     0 | t: 176.177617 | r:  -477.000000 | e:   1.000000 | Q:        nan | won: False 
