#    1 | steps:    11 | steps_t:     0 | t: 0.030913 | r:  -510.000000 | e:   1.000000 | Q:        nan | won: False 
#    2 | steps:    63 | steps_t:     0 | t: 0.067818 | r:  -507.000000 | e:   1.000000 | Q:        nan | won: False 
#    3 | steps:   163 | steps_t:     0 | t: 0.130681 | r:  -471.000000 | e:   1.000000 | Q:        nan | won: False 
#    4 | steps:   174 | steps_t:     0 | t: 0.142616 | r:  -499.000000 | e:   1.000000 | Q:        nan | won: False 
#    5 | steps:   227 | steps_t:     0 | t: 0.206443 | r:  -530.000000 | e:   1.000000 | Q:        nan | won: False 
#    6 | steps:   252 | steps_t:     0 | t: 0.233373 | r:  -429.000000 | e:   1.000000 | Q:        nan | won: False 
#    7 | steps:   284 | steps_t:     0 | t: 0.275258 | r:  -436.000000 | e:   1.000000 | Q:        nan | won: False 
#    8 | steps:   303 | steps_t:     0 | t: 0.292213 | r:  -445.000000 | e:   1.000000 | Q:        nan | won: False 
#    9 | steps:   330 | steps_t:     0 | t: 0.312159 | r:  -431.000000 | e:   1.000000 | Q:        nan | won: False 
#   10 | steps:   421 | steps_t:     0 | t: 0.371003 | r:  -473.000000 | e:   1.000000 | Q:        nan | won: False 
#   11 | steps:   517 | steps_t:     0 | t: 0.432835 | r:  -529.000000 | e:   1.000000 | Q:        nan | won: False 
#   12 | steps:   570 | steps_t:     0 | t: 0.469779 | r:  -475.000000 | e:   1.000000 | Q:        nan | won: False 
#   13 | steps:   663 | steps_t:     0 | t: 0.555507 | r:  -548.000000 | e:   1.000000 | Q:        nan | won: False 
#   14 | steps:   722 | steps_t:     0 | t: 0.604377 | r:  -452.000000 | e:   1.000000 | Q:        nan | won: False 
#   15 | steps:   727 | steps_t:     0 | t: 0.612392 | r:  -504.000000 | e:   1.000000 | Q:        nan | won: False 
#   16 | steps:   794 | steps_t:     0 | t: 0.661227 | r:  -489.000000 | e:   1.000000 | Q:        nan | won: False 
#   17 | steps:   828 | steps_t:     0 | t: 0.686199 | r:  -449.000000 | e:   1.000000 | Q:        nan | won: False 
#   18 | steps:   843 | steps_t:     0 | t: 0.700157 | r:  -514.000000 | e:   1.000000 | Q:        nan | won: False 
#   19 | steps:   903 | steps_t:     0 | t: 0.741052 | r:  -526.000000 | e:   1.000000 | Q:        nan | won: False 
#   20 | steps:   915 | steps_t:     0 | t: 0.753016 | r:  -511.000000 | e:   1.000000 | Q:        nan | won: False 
#   21 | steps:  1037 | steps_t:     0 | t: 0.844773 | r:  -504.000000 | e:   1.000000 | Q:        nan | won: False 
#   22 | steps:  1094 | steps_t:     0 | t: 0.889647 | r:  -490.000000 | e:   1.000000 | Q:        nan | won: False 
#   23 | steps:  1147 | steps_t:     0 | t: 0.926554 | r:  -519.000000 | e:   1.000000 | Q:        nan | won: False 
#   24 | steps:  1216 | steps_t:     0 | t: 0.972392 | r:  -513.000000 | e:   1.000000 | Q:        nan | won: False 
#   25 | steps:  1288 | steps_t:     0 | t: 1.023294 | r:  -454.000000 | e:   1.000000 | Q:        nan | won: False 
#   26 | steps:  1342 | steps_t:     0 | t: 1.116044 | r:  -531.000000 | e:   1.000000 | Q:        nan | won: False 
#   27 | steps:  1356 | steps_t:     0 | t: 1.132000 | r:  -491.000000 | e:   1.000000 | Q:        nan | won: False 
#   28 | steps:  1369 | steps_t:     0 | t: 1.144964 | r:  -501.000000 | e:   1.000000 | Q:        nan | won: False 
#   29 | steps:  1448 | steps_t:     0 | t: 1.197788 | r:  -494.000000 | e:   1.000000 | Q:        nan | won: False 
#   30 | steps:  1486 | steps_t:     0 | t: 1.226715 | r:  -482.000000 | e:   1.000000 | Q:        nan | won: False 
#   31 | steps:  1541 | steps_t:     0 | t: 1.301518 | r:  -521.000000 | e:   1.000000 | Q:        nan | won: False 
#   32 | steps:  1607 | steps_t:     0 | t: 1.380301 | r:  -543.000000 | e:   1.000000 | Q:        nan | won: False 
#   33 | steps:  1628 | steps_t:     0 | t: 1.399251 | r:  -447.000000 | e:   1.000000 | Q:        nan | won: False 
#   34 | steps:  1644 | steps_t:     0 | t: 1.414211 | r:  -453.000000 | e:   1.000000 | Q:        nan | won: False 
#   35 | steps:  1689 | steps_t:     0 | t: 1.446161 | r:   184.000000 | e:   1.000000 | Q:        nan | won: True 
#   36 | steps:  1728 | steps_t:     0 | t: 1.476084 | r:  -472.000000 | e:   1.000000 | Q:        nan | won: False 
#   37 | steps:  1740 | steps_t:     0 | t: 1.488047 | r:  -489.000000 | e:   1.000000 | Q:        nan | won: False 
#   38 | steps:  1794 | steps_t:     0 | t: 1.530937 | r:  -469.000000 | e:   1.000000 | Q:        nan | won: False 
#   39 | steps:  1833 | steps_t:     0 | t: 1.559825 | r:  -454.000000 | e:   1.000000 | Q:        nan | won: False 
#   40 | steps:  1892 | steps_t:     0 | t: 1.605714 | r:  -452.000000 | e:   1.000000 | Q:        nan | won: False 
#   41 | steps:  1948 | steps_t:     0 | t: 1.651612 | r:  -460.000000 | e:   1.000000 | Q:        nan | won: False 
#   42 | steps:  2013 | steps_t:     0 | t: 1.700446 | r:  -491.000000 | e:   1.000000 | Q:        nan | won: False 
#   43 | steps:  2026 | steps_t:     0 | t: 1.715441 | r:  -512.000000 | e:   1.000000 | Q:        nan | won: False 
#   44 | steps:  2071 | steps_t:     0 | t: 1.747355 | r:  -471.000000 | e:   1.000000 | Q:        nan | won: False 
#   45 | steps:  2095 | steps_t:     0 | t: 1.766309 | r:  -490.000000 | e:   1.000000 | Q:        nan | won: False 
#   46 | steps:  2143 | steps_t:     0 | t: 1.802173 | r:  -485.000000 | e:   1.000000 | Q:        nan | won: False 
#   47 | steps:  2174 | steps_t:     0 | t: 1.835122 | r:  -508.000000 | e:   1.000000 | Q:        nan | won: False 
#   48 | steps:  2182 | steps_t:     0 | t: 1.850085 | r:  -507.000000 | e:   1.000000 | Q:        nan | won: False 
#   49 | steps:  2227 | steps_t:     0 | t: 1.894924 | r:  -482.000000 | e:   1.000000 | Q:        nan | won: False 
#   50 | steps:  2237 | steps_t:     0 | t: 1.910885 | r:  -498.000000 | e:   1.000000 | Q:        nan | won: False 
#   51 | steps:  2291 | steps_t:     0 | t: 1.963742 | r:  -520.000000 | e:   1.000000 | Q:        nan | won: False 
#   52 | steps:  2358 | steps_t:     0 | t: 2.033554 | r:  -489.000000 | e:   1.000000 | Q:        nan | won: False 
#   53 | steps:  2402 | steps_t:     0 | t: 2.081424 | r:  -470.000000 | e:   1.000000 | Q:        nan | won: False 
#   54 | steps:  2415 | steps_t:     0 | t: 2.094391 | r:  -501.000000 | e:   1.000000 | Q:        nan | won: False 
#   55 | steps:  2487 | steps_t:     0 | t: 2.145296 | r:  -538.000000 | e:   1.000000 | Q:        nan | won: False 
#   56 | steps:  2505 | steps_t:     0 | t: 2.163207 | r:  -517.000000 | e:   1.000000 | Q:        nan | won: False 
#   57 | steps:  2524 | steps_t:     0 | t: 2.187160 | r:  -507.000000 | e:   1.000000 | Q:        nan | won: False 
#   58 | steps:  2586 | steps_t:     0 | t: 2.246983 | r:  -477.000000 | e:   1.000000 | Q:        nan | won: False 
#   59 | steps:  2607 | steps_t:     0 | t: 2.273911 | r:  -458.000000 | e:   1.000000 | Q:        nan | won: False 
#   60 | steps:  2654 | steps_t:     0 | t: 2.320786 | r:  -473.000000 | e:   1.000000 | Q:        nan | won: False 
#   61 | steps:  2714 | steps_t:     0 | t: 2.497313 | r:  -453.000000 | e:   1.000000 | Q:        nan | won: False 
#   62 | steps:  2820 | steps_t:     0 | t: 2.569162 | r:  -499.000000 | e:   1.000000 | Q:        nan | won: False 
#   63 | steps:  2895 | steps_t:     0 | t: 2.619028 | r:  -530.000000 | e:   1.000000 | Q:        nan | won: False 
#   64 | steps:  2935 | steps_t:     0 | t: 2.649903 | r:  -422.000000 | e:   1.000000 | Q:        nan | won: False 
#   65 | steps:  2961 | steps_t:     0 | t: 2.671887 | r:  -463.000000 | e:   1.000000 | Q:        nan | won: False 
#   66 | steps:  3062 | steps_t:     0 | t: 2.740696 | r:  -516.000000 | e:   1.000000 | Q:        nan | won: False 
#   67 | steps:  3072 | steps_t:     0 | t: 2.753665 | r:  -487.000000 | e:   1.000000 | Q:        nan | won: False 
#   68 | steps:  3112 | steps_t:     0 | t: 2.786575 | r:  -393.000000 | e:   1.000000 | Q:        nan | won: False 
#   69 | steps:  3161 | steps_t:     0 | t: 2.822479 | r:  -453.000000 | e:   1.000000 | Q:        nan | won: False 
#   70 | steps:  3240 | steps_t:     0 | t: 2.876298 | r:  -567.000000 | e:   1.000000 | Q:        nan | won: False 
#   71 | steps:  3270 | steps_t:     0 | t: 2.899273 | r:  -518.000000 | e:   1.000000 | Q:        nan | won: False 
#   72 | steps:  3303 | steps_t:     0 | t: 2.924215 | r:  -437.000000 | e:   1.000000 | Q:        nan | won: False 
#   73 | steps:  3318 | steps_t:     0 | t: 2.938169 | r:  -441.000000 | e:   1.000000 | Q:        nan | won: False 
#   74 | steps:  3359 | steps_t:     0 | t: 2.975037 | r:  -467.000000 | e:   1.000000 | Q:        nan | won: False 
#   75 | steps:  3415 | steps_t:     0 | t: 3.021911 | r:  -511.000000 | e:   1.000000 | Q:        nan | won: False 
#   76 | steps:  3479 | steps_t:     0 | t: 3.072783 | r:  -468.000000 | e:   1.000000 | Q:        nan | won: False 
#   77 | steps:  3488 | steps_t:     0 | t: 3.083766 | r:  -508.000000 | e:   1.000000 | Q:        nan | won: False 
#   78 | steps:  3526 | steps_t:     0 | t: 3.112667 | r:  -515.000000 | e:   1.000000 | Q:        nan | won: False 
#   79 | steps:  3536 | steps_t:     0 | t: 3.124667 | r:  -498.000000 | e:   1.000000 | Q:        nan | won: False 
#   80 | steps:  3601 | steps_t:     0 | t: 3.168556 | r:  -447.000000 | e:   1.000000 | Q:        nan | won: False 
#   81 | steps:  3610 | steps_t:     0 | t: 3.180496 | r:  -508.000000 | e:   1.000000 | Q:        nan | won: False 
#   82 | steps:  3665 | steps_t:     0 | t: 3.225404 | r:  -459.000000 | e:   1.000000 | Q:        nan | won: False 
#   83 | steps:  3721 | steps_t:     0 | t: 3.268290 | r:  -482.000000 | e:   1.000000 | Q:        nan | won: False 
#   84 | steps:  3788 | steps_t:     0 | t: 3.317118 | r:  -493.000000 | e:   1.000000 | Q:        nan | won: False 
#   85 | steps:  3802 | steps_t:     0 | t: 3.331081 | r:  -502.000000 | e:   1.000000 | Q:        nan | won: False 
#   86 | steps:  3817 | steps_t:     0 | t: 3.346079 | r:  -514.000000 | e:   1.000000 | Q:        nan | won: False 
#   87 | steps:  3858 | steps_t:     0 | t: 3.378987 | r:  -518.000000 | e:   1.000000 | Q:        nan | won: False 
#   88 | steps:  3910 | steps_t:     0 | t: 3.420844 | r:  -529.000000 | e:   1.000000 | Q:        nan | won: False 
#   89 | steps:  3950 | steps_t:     0 | t: 3.465722 | r:  -455.000000 | e:   1.000000 | Q:        nan | won: False 
#   90 | steps:  3962 | steps_t:     0 | t: 3.482676 | r:  -449.000000 | e:   1.000000 | Q:        nan | won: False 
#   91 | steps:  4021 | steps_t:     0 | t: 3.585403 | r:  -463.000000 | e:   1.000000 | Q:        nan | won: False 
#   92 | steps:  4043 | steps_t:     0 | t: 3.617323 | r:  -459.000000 | e:   1.000000 | Q:        nan | won: False 
#   93 | steps:  4057 | steps_t:     0 | t: 3.635268 | r:  -440.000000 | e:   1.000000 | Q:        nan | won: False 
#   94 | steps:  4073 | steps_t:     0 | t: 3.654217 | r:  -504.000000 | e:   1.000000 | Q:        nan | won: False 
#   95 | steps:  4086 | steps_t:     0 | t: 3.672175 | r:  -501.000000 | e:   1.000000 | Q:        nan | won: False 
#   96 | steps:  4137 | steps_t:     0 | t: 3.720041 | r:  -466.000000 | e:   1.000000 | Q:        nan | won: False 
#   97 | steps:  4171 | steps_t:     0 | t: 3.761930 | r:  -460.000000 | e:   1.000000 | Q:        nan | won: False 
#   98 | steps:  4238 | steps_t:     0 | t: 3.815785 | r:  -489.000000 | e:   1.000000 | Q:        nan | won: False 
#   99 | steps:  4291 | steps_t:     0 | t: 3.855720 | r:  -464.000000 | e:   1.000000 | Q:        nan | won: False 
#  100 | steps:  4353 | steps_t:     0 | t: 3.904548 | r:  -466.000000 | e:   1.000000 | Q:        nan | won: False 
#  101 | steps:  4395 | steps_t:     0 | t: 3.940486 | r:  -424.000000 | e:   1.000000 | Q:        nan | won: False 
#  102 | steps:  4447 | steps_t:     0 | t: 3.978349 | r:  -500.000000 | e:   1.000000 | Q:        nan | won: False 
#  103 | steps:  4459 | steps_t:     0 | t: 3.992344 | r:  -511.000000 | e:   1.000000 | Q:        nan | won: False 
#  104 | steps:  4476 | steps_t:     0 | t: 4.011316 | r:  -505.000000 | e:   1.000000 | Q:        nan | won: False 
#  105 | steps:  4516 | steps_t:     0 | t: 4.043178 | r:  -393.000000 | e:   1.000000 | Q:        nan | won: False 
#  106 | steps:  4522 | steps_t:     0 | t: 4.053151 | r:  -505.000000 | e:   1.000000 | Q:        nan | won: False 
#  107 | steps:  4567 | steps_t:     0 | t: 4.089056 | r:  -482.000000 | e:   1.000000 | Q:        nan | won: False 
#  108 | steps:  4603 | steps_t:     0 | t: 4.120007 | r:  -429.000000 | e:   1.000000 | Q:        nan | won: False 
#  109 | steps:  4627 | steps_t:     0 | t: 4.142941 | r:  -479.000000 | e:   1.000000 | Q:        nan | won: False 
#  110 | steps:  4715 | steps_t:     0 | t: 4.205740 | r:  -459.000000 | e:   1.000000 | Q:        nan | won: False 
#  111 | steps:  4760 | steps_t:     0 | t: 4.238694 | r:  -482.000000 | e:   1.000000 | Q:        nan | won: False 
#  112 | steps:  4781 | steps_t:     0 | t: 4.256645 | r:  -509.000000 | e:   1.000000 | Q:        nan | won: False 
#  113 | steps:  4817 | steps_t:     0 | t: 4.284567 | r:  -418.000000 | e:   1.000000 | Q:        nan | won: False 
#  114 | steps:  4850 | steps_t:     0 | t: 4.314450 | r:  -437.000000 | e:   1.000000 | Q:        nan | won: False 
#  115 | steps:  4867 | steps_t:     0 | t: 4.333438 | r:  -454.000000 | e:   1.000000 | Q:        nan | won: False 
#  116 | steps:  4914 | steps_t:     0 | t: 4.371337 | r:  -462.000000 | e:   1.000000 | Q:        nan | won: False 
#  117 | steps:  4934 | steps_t:     0 | t: 4.392277 | r:  -519.000000 | e:   1.000000 | Q:        nan | won: False 
#  118 | steps:  4997 | steps_t:     0 | t: 4.438156 | r:  -540.000000 | e:   1.000000 | Q:        nan | won: False 
#  119 | steps:  5045 | steps_t:    44 | t: 5.033526 | r:  -441.000000 | e:   0.995600 | Q:        nan | won: False 
#  120 | steps:  5086 | steps_t:    84 | t: 5.341702 | r:  -445.000000 | e:   0.991600 | Q:        nan | won: False 
#  121 | steps:  5147 | steps_t:   144 | t: 5.963040 | r:  -538.000000 | e:   0.985600 | Q:        nan | won: False 
#  122 | steps:  5163 | steps_t:   159 | t: 6.077733 | r:  -493.000000 | e:   0.984100 | Q:        nan | won: False 
#  123 | steps:  5227 | steps_t:   222 | t: 6.536505 | r:  -468.000000 | e:   0.977800 | Q: -17.297634 | won: False 
#  124 | steps:  5282 | steps_t:   276 | t: 6.981315 | r:  -488.000000 | e:   0.972400 | Q: -46.264694 | won: False 
#  125 | steps:  5351 | steps_t:   344 | t: 7.489955 | r:  -546.000000 | e:   0.965600 | Q: -64.079849 | won: False 
#  126 | steps:  5397 | steps_t:   389 | t: 7.856976 | r:  -461.000000 | e:   0.961100 | Q: -74.441742 | won: False 
#  127 | steps:  5405 | steps_t:   396 | t: 7.911826 | r:  -507.000000 | e:   0.960400 | Q:        nan | won: False 
#  128 | steps:  5505 | steps_t:   495 | t: 8.654838 | r:  -482.000000 | e:   0.950500 | Q: -96.869514 | won: False 
#  129 | steps:  5558 | steps_t:   547 | t: 9.051775 | r:  -468.000000 | e:   0.945300 | Q: -92.271362 | won: False 
#  130 | steps:  5581 | steps_t:   569 | t: 9.248250 | r:  -511.000000 | e:   0.943100 | Q: -105.164497 | won: False 
#  131 | steps:  5654 | steps_t:   641 | t: 9.766863 | r:  -539.000000 | e:   0.935900 | Q: -97.908905 | won: False 
#  132 | steps:  5694 | steps_t:   680 | t: 10.079033 | r:  -473.000000 | e:   0.932000 | Q: -117.755585 | won: False 
#  133 | steps:  5779 | steps_t:   764 | t: 10.710349 | r:  -507.000000 | e:   0.923600 | Q: -96.966942 | won: False 
#  134 | steps:  5814 | steps_t:   798 | t: 10.982622 | r:  -461.000000 | e:   0.920200 | Q: -115.885796 | won: False 
#  135 | steps:  5837 | steps_t:   820 | t: 11.683734 | r:  -511.000000 | e:   0.918000 | Q: -116.110016 | won: False 
#  136 | steps:  5856 | steps_t:   838 | t: 11.861259 | r:  -507.000000 | e:   0.916200 | Q: -117.087860 | won: False 
#  137 | steps:  5917 | steps_t:   898 | t: 12.551412 | r:  -443.000000 | e:   0.910200 | Q: -98.512177 | won: False 
#  138 | steps:  5952 | steps_t:   932 | t: 12.888509 | r:  -472.000000 | e:   0.906800 | Q: -117.321442 | won: False 
#  139 | steps:  5962 | steps_t:   941 | t: 12.980264 | r:  -509.000000 | e:   0.905900 | Q:        nan | won: False 
#  140 | steps:  5989 | steps_t:   967 | t: 13.221622 | r:  -504.000000 | e:   0.903300 | Q: -109.985260 | won: False 
#  141 | steps:  6049 | steps_t:  1026 | t: 13.843953 | r:  -486.000000 | e:   0.897400 | Q: -92.199989 | won: False 
#  142 | steps:  6127 | steps_t:  1103 | t: 14.808373 | r:  -504.000000 | e:   0.889700 | Q: -113.051445 | won: False 
#  143 | steps:  6142 | steps_t:  1117 | t: 15.068685 | r:  -503.000000 | e:   0.888300 | Q: -127.597015 | won: False 
#  144 | steps:  6222 | steps_t:  1196 | t: 16.599581 | r:  -484.000000 | e:   0.880400 | Q: -123.674522 | won: False 
#  145 | steps:  6313 | steps_t:  1286 | t: 18.611200 | r:  -535.000000 | e:   0.871400 | Q: -107.691422 | won: False 
