#    1 | steps:    20 | steps_t:     0 | t: 0.034896 | r:  -497.000000 | e:   1.000000 | Q:        nan | won: False 
#    2 | steps:    35 | steps_t:     0 | t: 0.050856 | r:  -441.000000 | e:   1.000000 | Q:        nan | won: False 
#    3 | steps:   128 | steps_t:     0 | t: 0.117674 | r:  -475.000000 | e:   1.000000 | Q:        nan | won: False 
#    4 | steps:   179 | steps_t:     0 | t: 0.155576 | r:  -477.000000 | e:   1.000000 | Q:        nan | won: False 
#    5 | steps:   205 | steps_t:     0 | t: 0.251354 | r:  -525.000000 | e:   1.000000 | Q:        nan | won: False 
#    6 | steps:   236 | steps_t:     0 | t: 0.278281 | r:  -413.000000 | e:   1.000000 | Q:        nan | won: False 
#    7 | steps:   251 | steps_t:     0 | t: 0.294204 | r:  -514.000000 | e:   1.000000 | Q:        nan | won: False 
#    8 | steps:   304 | steps_t:     0 | t: 0.354079 | r:  -479.000000 | e:   1.000000 | Q:        nan | won: False 
#    9 | steps:   319 | steps_t:     0 | t: 0.369040 | r:  -503.000000 | e:   1.000000 | Q:        nan | won: False 
#   10 | steps:   368 | steps_t:     0 | t: 0.406903 | r:  -475.000000 | e:   1.000000 | Q:        nan | won: False 
#   11 | steps:   430 | steps_t:     0 | t: 0.459769 | r:  -539.000000 | e:   1.000000 | Q:        nan | won: False 
#   12 | steps:   468 | steps_t:     0 | t: 0.494666 | r:  -464.000000 | e:   1.000000 | Q:        nan | won: False 
#   13 | steps:   480 | steps_t:     0 | t: 0.508630 | r:  -511.000000 | e:   1.000000 | Q:        nan | won: False 
#   14 | steps:   490 | steps_t:     0 | t: 0.520599 | r:  -498.000000 | e:   1.000000 | Q:        nan | won: False 
#   15 | steps:   544 | steps_t:     0 | t: 0.563482 | r:  -469.000000 | e:   1.000000 | Q:        nan | won: False 
#   16 | steps:   571 | steps_t:     0 | t: 0.624357 | r:  -453.000000 | e:   1.000000 | Q:        nan | won: False 
#   17 | steps:   592 | steps_t:     0 | t: 0.642274 | r:  -520.000000 | e:   1.000000 | Q:        nan | won: False 
#   18 | steps:   604 | steps_t:     0 | t: 0.659240 | r:  -511.000000 | e:   1.000000 | Q:        nan | won: False 
#   19 | steps:   648 | steps_t:     0 | t: 0.729043 | r:  -470.000000 | e:   1.000000 | Q:        nan | won: False 
#   20 | steps:   697 | steps_t:     0 | t: 0.778908 | r:  -442.000000 | e:   1.000000 | Q:        nan | won: False 
#   21 | steps:   706 | steps_t:     0 | t: 0.793865 | r:  -497.000000 | e:   1.000000 | Q:        nan | won: False 
#   22 | steps:   786 | steps_t:     0 | t: 0.860689 | r:  -462.000000 | e:   1.000000 | Q:        nan | won: False 
#   23 | steps:   837 | steps_t:     0 | t: 0.910554 | r:  -528.000000 | e:   1.000000 | Q:        nan | won: False 
#   24 | steps:   884 | steps_t:     0 | t: 0.957428 | r:  -462.000000 | e:   1.000000 | Q:        nan | won: False 
#   25 | steps:   941 | steps_t:     0 | t: 1.005301 | r:  -483.000000 | e:   1.000000 | Q:        nan | won: False 
#   26 | steps:  1037 | steps_t:     0 | t: 1.070128 | r:  -478.000000 | e:   1.000000 | Q:        nan | won: False 
#   27 | steps:  1065 | steps_t:     0 | t: 1.098054 | r:  -432.000000 | e:   1.000000 | Q:        nan | won: False 
#   28 | steps:  1113 | steps_t:     0 | t: 1.199781 | r:  -390.000000 | e:   1.000000 | Q:        nan | won: False 
#   29 | steps:  1139 | steps_t:     0 | t: 1.227706 | r:  -430.000000 | e:   1.000000 | Q:        nan | won: False 
#   30 | steps:  1186 | steps_t:     0 | t: 1.264608 | r:  -462.000000 | e:   1.000000 | Q:        nan | won: False 
#   31 | steps:  1217 | steps_t:     0 | t: 1.290539 | r:  -486.000000 | e:   1.000000 | Q:        nan | won: False 
#   32 | steps:  1258 | steps_t:     0 | t: 1.321454 | r:  -456.000000 | e:   1.000000 | Q:        nan | won: False 
#   33 | steps:  1354 | steps_t:     0 | t: 1.400245 | r:  -529.000000 | e:   1.000000 | Q:        nan | won: False 
#   34 | steps:  1365 | steps_t:     0 | t: 1.419192 | r:  -499.000000 | e:   1.000000 | Q:        nan | won: False 
#   35 | steps:  1377 | steps_t:     0 | t: 1.433156 | r:  -511.000000 | e:   1.000000 | Q:        nan | won: False 
#   36 | steps:  1436 | steps_t:     0 | t: 1.490029 | r:  -401.000000 | e:   1.000000 | Q:        nan | won: False 
#   37 | steps:  1487 | steps_t:     0 | t: 1.528901 | r:  -488.000000 | e:   1.000000 | Q:        nan | won: False 
#   38 | steps:  1513 | steps_t:     0 | t: 1.551838 | r:  -452.000000 | e:   1.000000 | Q:        nan | won: False 
#   39 | steps:  1585 | steps_t:     0 | t: 1.608704 | r:  -505.000000 | e:   1.000000 | Q:        nan | won: False 
#   40 | steps:  1615 | steps_t:     0 | t: 1.634616 | r:  -456.000000 | e:   1.000000 | Q:        nan | won: False 
#   41 | steps:  1627 | steps_t:     0 | t: 1.648580 | r:  -511.000000 | e:   1.000000 | Q:        nan | won: False 
#   42 | steps:  1681 | steps_t:     0 | t: 1.693458 | r:  -498.000000 | e:   1.000000 | Q:        nan | won: False 
#   43 | steps:  1736 | steps_t:     0 | t: 1.745322 | r:  -481.000000 | e:   1.000000 | Q:        nan | won: False 
#   44 | steps:  1789 | steps_t:     0 | t: 1.796184 | r:  -530.000000 | e:   1.000000 | Q:        nan | won: False 
#   45 | steps:  1796 | steps_t:     0 | t: 1.811146 | r:  -473.000000 | e:   1.000000 | Q:        nan | won: False 
#   46 | steps:  1807 | steps_t:     0 | t: 1.824109 | r:  -510.000000 | e:   1.000000 | Q:        nan | won: False 
#   47 | steps:  1852 | steps_t:     0 | t: 1.868001 | r:  -533.000000 | e:   1.000000 | Q:        nan | won: False 
#   48 | steps:  1860 | steps_t:     0 | t: 1.879959 | r:  -507.000000 | e:   1.000000 | Q:        nan | won: False 
#   49 | steps:  1929 | steps_t:     0 | t: 1.935812 | r:  -495.000000 | e:   1.000000 | Q:        nan | won: False 
#   50 | steps:  1948 | steps_t:     0 | t: 1.961743 | r:  -507.000000 | e:   1.000000 | Q:        nan | won: False 
#   51 | steps:  2017 | steps_t:     0 | t: 2.040536 | r:  -535.000000 | e:   1.000000 | Q:        nan | won: False 
#   52 | steps:  2032 | steps_t:     0 | t: 2.055491 | r:  -492.000000 | e:   1.000000 | Q:        nan | won: False 
#   53 | steps:  2071 | steps_t:     0 | t: 2.086408 | r:  -465.000000 | e:   1.000000 | Q:        nan | won: False 
#   54 | steps:  2108 | steps_t:     0 | t: 2.130291 | r:  -452.000000 | e:   1.000000 | Q:        nan | won: False 
#   55 | steps:  2123 | steps_t:     0 | t: 2.153246 | r:  -514.000000 | e:   1.000000 | Q:        nan | won: False 
#   56 | steps:  2135 | steps_t:     0 | t: 2.175174 | r:  -478.000000 | e:   1.000000 | Q:        nan | won: False 
#   57 | steps:  2150 | steps_t:     0 | t: 2.199112 | r:  -452.000000 | e:   1.000000 | Q:        nan | won: False 
#   58 | steps:  2235 | steps_t:     0 | t: 2.305822 | r:  -511.000000 | e:   1.000000 | Q:        nan | won: False 
#   59 | steps:  2311 | steps_t:     0 | t: 2.399574 | r:  -553.000000 | e:   1.000000 | Q:        nan | won: False 
#   60 | steps:  2326 | steps_t:     0 | t: 2.428493 | r:  -514.000000 | e:   1.000000 | Q:        nan | won: False 
#   61 | steps:  2336 | steps_t:     0 | t: 2.449443 | r:  -476.000000 | e:   1.000000 | Q:        nan | won: False 
#   62 | steps:  2367 | steps_t:     0 | t: 2.492326 | r:  -457.000000 | e:   1.000000 | Q:        nan | won: False 
#   63 | steps:  2412 | steps_t:     0 | t: 2.561139 | r:  -489.000000 | e:   1.000000 | Q:        nan | won: False 
#   64 | steps:  2423 | steps_t:     0 | t: 2.576097 | r:  -499.000000 | e:   1.000000 | Q:        nan | won: False 
#   65 | steps:  2460 | steps_t:     0 | t: 2.610007 | r:  -525.000000 | e:   1.000000 | Q:        nan | won: False 
#   66 | steps:  2487 | steps_t:     0 | t: 2.635940 | r:  -515.000000 | e:   1.000000 | Q:        nan | won: False 
#   67 | steps:  2510 | steps_t:     0 | t: 2.654887 | r:  -471.000000 | e:   1.000000 | Q:        nan | won: False 
#   68 | steps:  2564 | steps_t:     0 | t: 2.712732 | r:  -498.000000 | e:   1.000000 | Q:        nan | won: False 
#   69 | steps:  2578 | steps_t:     0 | t: 2.731693 | r:  -451.000000 | e:   1.000000 | Q:        nan | won: False 
#   70 | steps:  2589 | steps_t:     0 | t: 2.745645 | r:  -488.000000 | e:   1.000000 | Q:        nan | won: False 
#   71 | steps:  2638 | steps_t:     0 | t: 2.794515 | r:  -464.000000 | e:   1.000000 | Q:        nan | won: False 
#   72 | steps:  2664 | steps_t:     0 | t: 2.828423 | r:  -401.000000 | e:   1.000000 | Q:        nan | won: False 
#   73 | steps:  2684 | steps_t:     0 | t: 2.865330 | r:  -497.000000 | e:   1.000000 | Q:        nan | won: False 
#   74 | steps:  2709 | steps_t:     0 | t: 2.990988 | r:  -491.000000 | e:   1.000000 | Q:        nan | won: False 
#   75 | steps:  2735 | steps_t:     0 | t: 3.027890 | r:  -430.000000 | e:   1.000000 | Q:        nan | won: False 
#   76 | steps:  2813 | steps_t:     0 | t: 3.119643 | r:  -493.000000 | e:   1.000000 | Q:        nan | won: False 
#   77 | steps:  2873 | steps_t:     0 | t: 3.176491 | r:  -464.000000 | e:   1.000000 | Q:        nan | won: False 
#   78 | steps:  3015 | steps_t:     0 | t: 3.315121 | r:  -564.000000 | e:   1.000000 | Q:        nan | won: False 
#   79 | steps:  3043 | steps_t:     0 | t: 3.349030 | r:  -516.000000 | e:   1.000000 | Q:        nan | won: False 
#   80 | steps:  3079 | steps_t:     0 | t: 3.378950 | r:  -462.000000 | e:   1.000000 | Q:        nan | won: False 
#   81 | steps:  3127 | steps_t:     0 | t: 3.429814 | r:  -492.000000 | e:   1.000000 | Q:        nan | won: False 
#   82 | steps:  3142 | steps_t:     0 | t: 3.445770 | r:  -441.000000 | e:   1.000000 | Q:        nan | won: False 
#   83 | steps:  3150 | steps_t:     0 | t: 3.457738 | r:  -507.000000 | e:   1.000000 | Q:        nan | won: False 
#   84 | steps:  3222 | steps_t:     0 | t: 3.513591 | r:  -494.000000 | e:   1.000000 | Q:        nan | won: False 
#   85 | steps:  3269 | steps_t:     0 | t: 3.556473 | r:  -389.000000 | e:   1.000000 | Q:        nan | won: False 
#   86 | steps:  3292 | steps_t:     0 | t: 3.593375 | r:  -511.000000 | e:   1.000000 | Q:        nan | won: False 
#   87 | steps:  3355 | steps_t:     0 | t: 3.639284 | r:  -500.000000 | e:   1.000000 | Q:        nan | won: False 
#   88 | steps:  3384 | steps_t:     0 | t: 3.663232 | r:  -455.000000 | e:   1.000000 | Q:        nan | won: False 
#   89 | steps:  3405 | steps_t:     0 | t: 3.682139 | r:  -487.000000 | e:   1.000000 | Q:        nan | won: False 
#   90 | steps:  3537 | steps_t:     0 | t: 3.816782 | r:  -558.000000 | e:   1.000000 | Q:        nan | won: False 
#   91 | steps:  3583 | steps_t:     0 | t: 3.867642 | r:  -523.000000 | e:   1.000000 | Q:        nan | won: False 
#   92 | steps:  3658 | steps_t:     0 | t: 3.927483 | r:  -497.000000 | e:   1.000000 | Q:        nan | won: False 
#   93 | steps:  3682 | steps_t:     0 | t: 3.967375 | r:  -450.000000 | e:   1.000000 | Q:        nan | won: False 
#   94 | steps:  3719 | steps_t:     0 | t: 4.011257 | r:  -463.000000 | e:   1.000000 | Q:        nan | won: False 
#   95 | steps:  3728 | steps_t:     0 | t: 4.024224 | r:  -486.000000 | e:   1.000000 | Q:        nan | won: False 
#   96 | steps:  3761 | steps_t:     0 | t: 4.053145 | r:  -448.000000 | e:   1.000000 | Q:        nan | won: False 
#   97 | steps:  3824 | steps_t:     0 | t: 4.109997 | r:  -551.000000 | e:   1.000000 | Q:        nan | won: False 
#   98 | steps:  3864 | steps_t:     0 | t: 4.141909 | r:  -466.000000 | e:   1.000000 | Q:        nan | won: False 
#   99 | steps:  3877 | steps_t:     0 | t: 4.159872 | r:  -512.000000 | e:   1.000000 | Q:        nan | won: False 
#  100 | steps:  3936 | steps_t:     0 | t: 4.218703 | r:  -503.000000 | e:   1.000000 | Q:        nan | won: False 
#  101 | steps:  3978 | steps_t:     0 | t: 4.272558 | r:  -446.000000 | e:   1.000000 | Q:        nan | won: False 
#  102 | steps:  4027 | steps_t:     0 | t: 4.312453 | r:  -475.000000 | e:   1.000000 | Q:        nan | won: False 
#  103 | steps:  4051 | steps_t:     0 | t: 4.333396 | r:  -501.000000 | e:   1.000000 | Q:        nan | won: False 
#  104 | steps:  4074 | steps_t:     0 | t: 4.354345 | r:  -489.000000 | e:   1.000000 | Q:        nan | won: False 
#  105 | steps:  4127 | steps_t:     0 | t: 4.399221 | r:  -530.000000 | e:   1.000000 | Q:        nan | won: False 
#  106 | steps:  4243 | steps_t:     0 | t: 4.481008 | r:  -582.000000 | e:   1.000000 | Q:        nan | won: False 
#  107 | steps:  4321 | steps_t:     0 | t: 4.546826 | r:  -482.000000 | e:   1.000000 | Q:        nan | won: False 
#  108 | steps:  4332 | steps_t:     0 | t: 4.563780 | r:  -510.000000 | e:   1.000000 | Q:        nan | won: False 
#  109 | steps:  4380 | steps_t:     0 | t: 4.600683 | r:  -430.000000 | e:   1.000000 | Q:        nan | won: False 
#  110 | steps:  4455 | steps_t:     0 | t: 4.658525 | r:  -519.000000 | e:   1.000000 | Q:        nan | won: False 
#  111 | steps:  4503 | steps_t:     0 | t: 4.698418 | r:  -474.000000 | e:   1.000000 | Q:        nan | won: False 
#  112 | steps:  4590 | steps_t:     0 | t: 4.771224 | r:  -520.000000 | e:   1.000000 | Q:        nan | won: False 
#  113 | steps:  4604 | steps_t:     0 | t: 4.786188 | r:  -502.000000 | e:   1.000000 | Q:        nan | won: False 
#  114 | steps:  4647 | steps_t:     0 | t: 4.818100 | r:  -480.000000 | e:   1.000000 | Q:        nan | won: False 
#  115 | steps:  4728 | steps_t:     0 | t: 4.880929 | r:  -463.000000 | e:   1.000000 | Q:        nan | won: False 
#  116 | steps:  4774 | steps_t:     0 | t: 4.918832 | r:  -461.000000 | e:   1.000000 | Q:        nan | won: False 
#  117 | steps:  4805 | steps_t:     0 | t: 4.949748 | r:  -435.000000 | e:   1.000000 | Q:        nan | won: False 
#  118 | steps:  4828 | steps_t:     0 | t: 4.979669 | r:  -460.000000 | e:   1.000000 | Q:        nan | won: False 
#  119 | steps:  4836 | steps_t:     0 | t: 4.996623 | r:  -434.000000 | e:   1.000000 | Q:        nan | won: False 
#  120 | steps:  4863 | steps_t:     0 | t: 5.034520 | r:  -420.000000 | e:   1.000000 | Q:        nan | won: False 
#  121 | steps:  4876 | steps_t:     0 | t: 5.054466 | r:  -501.000000 | e:   1.000000 | Q:        nan | won: False 
#  122 | steps:  4904 | steps_t:     0 | t: 5.094360 | r:  -454.000000 | e:   1.000000 | Q:        nan | won: False 
#  123 | steps:  4929 | steps_t:     0 | t: 5.122286 | r:  -502.000000 | e:   1.000000 | Q:        nan | won: False 
#  124 | steps:  5035 | steps_t:     0 | t: 5.852331 | r:  -488.000000 | e:   1.000000 | Q:        nan | won: False 
#  125 | steps:  5055 | steps_t:     0 | t: 6.031851 | r:  -457.000000 | e:   1.000000 | Q:        nan | won: False 
#  126 | steps:  5137 | steps_t:     0 | t: 6.796805 | r:  -559.000000 | e:   1.000000 | Q:        nan | won: False 
#  127 | steps:  5204 | steps_t:     0 | t: 7.460029 | r:  -471.000000 | e:   1.000000 | Q:        nan | won: False 
#  128 | steps:  5238 | steps_t:     0 | t: 7.865944 | r:  -449.000000 | e:   1.000000 | Q:        nan | won: False 
#  129 | steps:  5287 | steps_t:     0 | t: 8.329703 | r:  -442.000000 | e:   1.000000 | Q:        nan | won: False 
#  130 | steps:  5345 | steps_t:     0 | t: 8.971985 | r:  -429.000000 | e:   1.000000 | Q:        nan | won: False 
#  131 | steps:  5358 | steps_t:     0 | t: 9.095654 | r:  -501.000000 | e:   1.000000 | Q:        nan | won: False 
#  132 | steps:  5377 | steps_t:     0 | t: 9.289136 | r:  -445.000000 | e:   1.000000 | Q:        nan | won: False 
#  133 | steps:  5435 | steps_t:     0 | t: 9.873573 | r:  -462.000000 | e:   1.000000 | Q:        nan | won: False 
#  134 | steps:  5478 | steps_t:     0 | t: 10.244580 | r:  -469.000000 | e:   1.000000 | Q:        nan | won: False 
#  135 | steps:  5520 | steps_t:     0 | t: 10.632542 | r:  -457.000000 | e:   1.000000 | Q:        nan | won: False 
#  136 | steps:  5529 | steps_t:     0 | t: 10.705349 | r:  -508.000000 | e:   1.000000 | Q:        nan | won: False 
#  137 | steps:  5600 | steps_t:     0 | t: 11.422428 | r:  -548.000000 | e:   1.000000 | Q:        nan | won: False 
#  138 | steps:  5678 | steps_t:     0 | t: 12.226278 | r:   151.000000 | e:   1.000000 | Q:        nan | won: True 
#  139 | steps:  5703 | steps_t:     0 | t: 12.455664 | r:  -513.000000 | e:   1.000000 | Q:        nan | won: False 
#  140 | steps:  5749 | steps_t:     0 | t: 12.906457 | r:  -450.000000 | e:   1.000000 | Q:        nan | won: False 
#  141 | steps:  5856 | steps_t:     0 | t: 14.083309 | r:  -573.000000 | e:   1.000000 | Q:        nan | won: False 
#  142 | steps:  5896 | steps_t:     0 | t: 14.484239 | r:  -477.000000 | e:   1.000000 | Q:        nan | won: False 
#  143 | steps:  5943 | steps_t:     0 | t: 14.923062 | r:  -440.000000 | e:   1.000000 | Q:        nan | won: False 
#  144 | steps:  5991 | steps_t:     0 | t: 15.349921 | r:  -430.000000 | e:   1.000000 | Q:        nan | won: False 
#  145 | steps:  6003 | steps_t:     0 | t: 15.507499 | r:  -500.000000 | e:   1.000000 | Q:        nan | won: False 
#  146 | steps:  6044 | steps_t:     0 | t: 15.904436 | r:  -467.000000 | e:   1.000000 | Q:        nan | won: False 
#  147 | steps:  6157 | steps_t:     0 | t: 17.216924 | r:  -535.000000 | e:   1.000000 | Q:        nan | won: False 
#  148 | steps:  6187 | steps_t:     0 | t: 17.482215 | r:  -434.000000 | e:   1.000000 | Q:        nan | won: False 
#  149 | steps:  6206 | steps_t:     0 | t: 17.683679 | r:  -423.000000 | e:   1.000000 | Q:        nan | won: False 
#  150 | steps:  6263 | steps_t:     0 | t: 18.813654 | r:   121.000000 | e:   1.000000 | Q:        nan | won: True 
#  151 | steps:  6321 | steps_t:     0 | t: 20.444289 | r:  -495.000000 | e:   1.000000 | Q:        nan | won: False 
#  152 | steps:  6387 | steps_t:     0 | t: 21.152397 | r:  -543.000000 | e:   1.000000 | Q:        nan | won: False 
#  153 | steps:  6402 | steps_t:     0 | t: 21.273073 | r:  -503.000000 | e:   1.000000 | Q:        nan | won: False 
#  154 | steps:  6442 | steps_t:     0 | t: 21.617153 | r:  -517.000000 | e:   1.000000 | Q:        nan | won: False 
