#    1 | steps:    17 | steps_t:     0 | t: 0.032942 | r:  -505.000000 | e:   1.000000 | Q:        nan | won: False 
#    2 | steps:    25 | steps_t:     0 | t: 0.043885 | r:  -507.000000 | e:   1.000000 | Q:        nan | won: False 
#    3 | steps:    87 | steps_t:     0 | t: 0.088759 | r:  -444.000000 | e:   1.000000 | Q:        nan | won: False 
#    4 | steps:   161 | steps_t:     0 | t: 0.152596 | r:  -529.000000 | e:   1.000000 | Q:        nan | won: False 
#    5 | steps:   220 | steps_t:     0 | t: 0.201494 | r:  -485.000000 | e:   1.000000 | Q:        nan | won: False 
#    6 | steps:   248 | steps_t:     0 | t: 0.225393 | r:  -527.000000 | e:   1.000000 | Q:        nan | won: False 
#    7 | steps:   324 | steps_t:     0 | t: 0.282274 | r:  -491.000000 | e:   1.000000 | Q:        nan | won: False 
#    8 | steps:   373 | steps_t:     0 | t: 0.320184 | r:  -475.000000 | e:   1.000000 | Q:        nan | won: False 
#    9 | steps:   428 | steps_t:     0 | t: 0.359038 | r:  -481.000000 | e:   1.000000 | Q:        nan | won: False 
#   10 | steps:   444 | steps_t:     0 | t: 0.374994 | r:  -493.000000 | e:   1.000000 | Q:        nan | won: False 
#   11 | steps:   516 | steps_t:     0 | t: 0.425860 | r:  -538.000000 | e:   1.000000 | Q:        nan | won: False 
#   12 | steps:   531 | steps_t:     0 | t: 0.442815 | r:  -503.000000 | e:   1.000000 | Q:        nan | won: False 
#   13 | steps:   576 | steps_t:     0 | t: 0.519639 | r:  -449.000000 | e:   1.000000 | Q:        nan | won: False 
#   14 | steps:   589 | steps_t:     0 | t: 0.537592 | r:  -512.000000 | e:   1.000000 | Q:        nan | won: False 
#   15 | steps:   605 | steps_t:     0 | t: 0.554550 | r:  -504.000000 | e:   1.000000 | Q:        nan | won: False 
#   16 | steps:   641 | steps_t:     0 | t: 0.584475 | r:  -462.000000 | e:   1.000000 | Q:        nan | won: False 
#   17 | steps:   707 | steps_t:     0 | t: 0.633302 | r:   163.000000 | e:   1.000000 | Q:        nan | won: True 
#   18 | steps:   715 | steps_t:     0 | t: 0.644275 | r:  -496.000000 | e:   1.000000 | Q:        nan | won: False 
#   19 | steps:   847 | steps_t:     0 | t: 0.737025 | r:  -503.000000 | e:   1.000000 | Q:        nan | won: False 
#   20 | steps:   858 | steps_t:     0 | t: 0.751986 | r:  -499.000000 | e:   1.000000 | Q:        nan | won: False 
#   21 | steps:   867 | steps_t:     0 | t: 0.766945 | r:  -497.000000 | e:   1.000000 | Q:        nan | won: False 
#   22 | steps:   942 | steps_t:     0 | t: 0.833766 | r:  -552.000000 | e:   1.000000 | Q:        nan | won: False 
#   23 | steps:   958 | steps_t:     0 | t: 0.849724 | r:  -493.000000 | e:   1.000000 | Q:        nan | won: False 
#   24 | steps:   968 | steps_t:     0 | t: 0.860694 | r:  -509.000000 | e:   1.000000 | Q:        nan | won: False 
#   25 | steps:  1028 | steps_t:     0 | t: 0.931507 | r:  -453.000000 | e:   1.000000 | Q:        nan | won: False 
#   26 | steps:  1052 | steps_t:     0 | t: 0.952493 | r:  -428.000000 | e:   1.000000 | Q:        nan | won: False 
#   27 | steps:  1071 | steps_t:     0 | t: 0.974403 | r:  -456.000000 | e:   1.000000 | Q:        nan | won: False 
#   28 | steps:  1089 | steps_t:     0 | t: 0.992343 | r:  -495.000000 | e:   1.000000 | Q:        nan | won: False 
#   29 | steps:  1122 | steps_t:     0 | t: 1.030243 | r:  -459.000000 | e:   1.000000 | Q:        nan | won: False 
#   30 | steps:  1154 | steps_t:     0 | t: 1.067143 | r:  -385.000000 | e:   1.000000 | Q:        nan | won: False 
#   31 | steps:  1198 | steps_t:     0 | t: 1.099094 | r:  -448.000000 | e:   1.000000 | Q:        nan | won: False 
#   32 | steps:  1212 | steps_t:     0 | t: 1.113061 | r:  -469.000000 | e:   1.000000 | Q:        nan | won: False 
#   33 | steps:  1228 | steps_t:     0 | t: 1.127980 | r:  -504.000000 | e:   1.000000 | Q:        nan | won: False 
#   34 | steps:  1262 | steps_t:     0 | t: 1.154910 | r:  -460.000000 | e:   1.000000 | Q:        nan | won: False 
#   35 | steps:  1308 | steps_t:     0 | t: 1.190810 | r:  -472.000000 | e:   1.000000 | Q:        nan | won: False 
#   36 | steps:  1356 | steps_t:     0 | t: 1.228712 | r:  -441.000000 | e:   1.000000 | Q:        nan | won: False 
#   37 | steps:  1370 | steps_t:     0 | t: 1.243671 | r:  -502.000000 | e:   1.000000 | Q:        nan | won: False 
#   38 | steps:  1388 | steps_t:     0 | t: 1.260664 | r:  -517.000000 | e:   1.000000 | Q:        nan | won: False 
#   39 | steps:  1431 | steps_t:     0 | t: 1.292538 | r:  -458.000000 | e:   1.000000 | Q:        nan | won: False 
#   40 | steps:  1496 | steps_t:     0 | t: 1.344399 | r:  -469.000000 | e:   1.000000 | Q:        nan | won: False 
#   41 | steps:  1528 | steps_t:     0 | t: 1.378350 | r:  -469.000000 | e:   1.000000 | Q:        nan | won: False 
#   42 | steps:  1583 | steps_t:     0 | t: 1.433163 | r:  -459.000000 | e:   1.000000 | Q:        nan | won: False 
#   43 | steps:  1593 | steps_t:     0 | t: 1.445167 | r:  -509.000000 | e:   1.000000 | Q:        nan | won: False 
#   44 | steps:  1607 | steps_t:     0 | t: 1.460090 | r:  -502.000000 | e:   1.000000 | Q:        nan | won: False 
#   45 | steps:  1639 | steps_t:     0 | t: 1.493040 | r:  -458.000000 | e:   1.000000 | Q:        nan | won: False 
#   46 | steps:  1669 | steps_t:     0 | t: 1.519933 | r:  -467.000000 | e:   1.000000 | Q:        nan | won: False 
#   47 | steps:  1728 | steps_t:     0 | t: 1.591743 | r:  -496.000000 | e:   1.000000 | Q:        nan | won: False 
#   48 | steps:  1747 | steps_t:     0 | t: 1.609695 | r:  -507.000000 | e:   1.000000 | Q:        nan | won: False 
#   49 | steps:  1777 | steps_t:     0 | t: 1.635621 | r:  -518.000000 | e:   1.000000 | Q:        nan | won: False 
#   50 | steps:  1802 | steps_t:     0 | t: 1.659594 | r:  -502.000000 | e:   1.000000 | Q:        nan | won: False 
#   51 | steps:  1873 | steps_t:     0 | t: 1.715445 | r:  -559.000000 | e:   1.000000 | Q:        nan | won: False 
#   52 | steps:  1917 | steps_t:     0 | t: 1.750350 | r:  -470.000000 | e:   1.000000 | Q:        nan | won: False 
#   53 | steps:  1939 | steps_t:     0 | t: 1.772257 | r:  -510.000000 | e:   1.000000 | Q:        nan | won: False 
#   54 | steps:  1952 | steps_t:     0 | t: 1.785259 | r:  -501.000000 | e:   1.000000 | Q:        nan | won: False 
#   55 | steps:  2033 | steps_t:     0 | t: 1.860025 | r:  -536.000000 | e:   1.000000 | Q:        nan | won: False 
#   56 | steps:  2123 | steps_t:     0 | t: 1.941801 | r:  -512.000000 | e:   1.000000 | Q:        nan | won: False 
#   57 | steps:  2131 | steps_t:     0 | t: 1.953773 | r:  -496.000000 | e:   1.000000 | Q:        nan | won: False 
#   58 | steps:  2158 | steps_t:     0 | t: 1.978715 | r:  -431.000000 | e:   1.000000 | Q:        nan | won: False 
#   59 | steps:  2205 | steps_t:     0 | t: 2.016639 | r:  -473.000000 | e:   1.000000 | Q:        nan | won: False 
#   60 | steps:  2276 | steps_t:     0 | t: 2.073486 | r:  -548.000000 | e:   1.000000 | Q:        nan | won: False 
#   61 | steps:  2334 | steps_t:     0 | t: 2.121321 | r:  -484.000000 | e:   1.000000 | Q:        nan | won: False 
#   62 | steps:  2348 | steps_t:     0 | t: 2.135325 | r:  -491.000000 | e:   1.000000 | Q:        nan | won: False 
#   63 | steps:  2368 | steps_t:     0 | t: 2.153235 | r:  -508.000000 | e:   1.000000 | Q:        nan | won: False 
#   64 | steps:  2390 | steps_t:     0 | t: 2.173218 | r:  -499.000000 | e:   1.000000 | Q:        nan | won: False 
#   65 | steps:  2406 | steps_t:     0 | t: 2.189176 | r:  -471.000000 | e:   1.000000 | Q:        nan | won: False 
#   66 | steps:  2546 | steps_t:     0 | t: 2.285918 | r:  -617.000000 | e:   1.000000 | Q:        nan | won: False 
#   67 | steps:  2568 | steps_t:     0 | t: 2.309818 | r:  -408.000000 | e:   1.000000 | Q:        nan | won: False 
#   68 | steps:  2631 | steps_t:     0 | t: 2.361679 | r:  -489.000000 | e:   1.000000 | Q:        nan | won: False 
#   69 | steps:  2730 | steps_t:     0 | t: 2.528272 | r:  -521.000000 | e:   1.000000 | Q:        nan | won: False 
#   70 | steps:  2802 | steps_t:     0 | t: 2.596052 | r:  -549.000000 | e:   1.000000 | Q:        nan | won: False 
#   71 | steps:  2884 | steps_t:     0 | t: 2.682820 | r:  -537.000000 | e:   1.000000 | Q:        nan | won: False 
#   72 | steps:  2934 | steps_t:     0 | t: 2.722749 | r:  -454.000000 | e:   1.000000 | Q:        nan | won: False 
#   73 | steps:  2960 | steps_t:     0 | t: 2.747684 | r:  -463.000000 | e:   1.000000 | Q:        nan | won: False 
#   74 | steps:  2976 | steps_t:     0 | t: 2.765599 | r:  -504.000000 | e:   1.000000 | Q:        nan | won: False 
#   75 | steps:  3060 | steps_t:     0 | t: 2.824446 | r:  -466.000000 | e:   1.000000 | Q:        nan | won: False 
#   76 | steps:  3095 | steps_t:     0 | t: 2.851414 | r:  -461.000000 | e:   1.000000 | Q:        nan | won: False 
#   77 | steps:  3115 | steps_t:     0 | t: 2.870319 | r:  -497.000000 | e:   1.000000 | Q:        nan | won: False 
#   78 | steps:  3127 | steps_t:     0 | t: 2.883282 | r:  -489.000000 | e:   1.000000 | Q:        nan | won: False 
#   79 | steps:  3156 | steps_t:     0 | t: 2.907218 | r:  -466.000000 | e:   1.000000 | Q:        nan | won: False 
#   80 | steps:  3167 | steps_t:     0 | t: 2.922182 | r:  -499.000000 | e:   1.000000 | Q:        nan | won: False 
#   81 | steps:  3194 | steps_t:     0 | t: 2.959085 | r:  -431.000000 | e:   1.000000 | Q:        nan | won: False 
#   82 | steps:  3261 | steps_t:     0 | t: 3.038866 | r:  -460.000000 | e:   1.000000 | Q:        nan | won: False 
#   83 | steps:  3437 | steps_t:     0 | t: 3.162571 | r:  -598.000000 | e:   1.000000 | Q:        nan | won: False 
#   84 | steps:  3445 | steps_t:     0 | t: 3.178502 | r:  -496.000000 | e:   1.000000 | Q:        nan | won: False 
#   85 | steps:  3493 | steps_t:     0 | t: 3.219421 | r:  -474.000000 | e:   1.000000 | Q:        nan | won: False 
#   86 | steps:  3601 | steps_t:     0 | t: 3.297176 | r:  -523.000000 | e:   1.000000 | Q:        nan | won: False 
#   87 | steps:  3641 | steps_t:     0 | t: 3.331091 | r:  -466.000000 | e:   1.000000 | Q:        nan | won: False 
#   88 | steps:  3748 | steps_t:     0 | t: 3.413900 | r:  -511.000000 | e:   1.000000 | Q:        nan | won: False 
#   89 | steps:  3820 | steps_t:     0 | t: 3.491657 | r:  -509.000000 | e:   1.000000 | Q:        nan | won: False 
#   90 | steps:  3868 | steps_t:     0 | t: 3.549501 | r:  -474.000000 | e:   1.000000 | Q:        nan | won: False 
#   91 | steps:  3883 | steps_t:     0 | t: 3.573436 | r:  -441.000000 | e:   1.000000 | Q:        nan | won: False 
#   92 | steps:  3889 | steps_t:     0 | t: 3.587398 | r:  -505.000000 | e:   1.000000 | Q:        nan | won: False 
#   93 | steps:  3912 | steps_t:     0 | t: 3.618315 | r:  -511.000000 | e:   1.000000 | Q:        nan | won: False 
#   94 | steps:  4019 | steps_t:     0 | t: 3.757942 | r:  -478.000000 | e:   1.000000 | Q:        nan | won: False 
#   95 | steps:  4028 | steps_t:     0 | t: 3.777889 | r:  -508.000000 | e:   1.000000 | Q:        nan | won: False 
#   96 | steps:  4037 | steps_t:     0 | t: 3.794844 | r:  -508.000000 | e:   1.000000 | Q:        nan | won: False 
#   97 | steps:  4075 | steps_t:     0 | t: 3.829752 | r:  -453.000000 | e:   1.000000 | Q:        nan | won: False 
#   98 | steps:  4132 | steps_t:     0 | t: 3.872635 | r:  -534.000000 | e:   1.000000 | Q:        nan | won: False 
#   99 | steps:  4152 | steps_t:     0 | t: 3.892619 | r:  -457.000000 | e:   1.000000 | Q:        nan | won: False 
#  100 | steps:  4251 | steps_t:     0 | t: 3.964389 | r:  -576.000000 | e:   1.000000 | Q:        nan | won: False 
#  101 | steps:  4315 | steps_t:     0 | t: 4.015254 | r:  -519.000000 | e:   1.000000 | Q:        nan | won: False 
#  102 | steps:  4346 | steps_t:     0 | t: 4.052167 | r:  -468.000000 | e:   1.000000 | Q:        nan | won: False 
#  103 | steps:  4366 | steps_t:     0 | t: 4.083073 | r:  -508.000000 | e:   1.000000 | Q:        nan | won: False 
#  104 | steps:  4429 | steps_t:     0 | t: 4.148898 | r:  -507.000000 | e:   1.000000 | Q:        nan | won: False 
#  105 | steps:  4485 | steps_t:     0 | t: 4.187792 | r:  -522.000000 | e:   1.000000 | Q:        nan | won: False 
#  106 | steps:  4525 | steps_t:     0 | t: 4.293521 | r:  -455.000000 | e:   1.000000 | Q:        nan | won: False 
#  107 | steps:  4546 | steps_t:     0 | t: 4.327419 | r:  -509.000000 | e:   1.000000 | Q:        nan | won: False 
#  108 | steps:  4612 | steps_t:     0 | t: 4.381278 | r:  -510.000000 | e:   1.000000 | Q:        nan | won: False 
#  109 | steps:  4644 | steps_t:     0 | t: 4.408203 | r:  -531.000000 | e:   1.000000 | Q:        nan | won: False 
#  110 | steps:  4698 | steps_t:     0 | t: 4.452085 | r:  -509.000000 | e:   1.000000 | Q:        nan | won: False 
#  111 | steps:  4707 | steps_t:     0 | t: 4.464055 | r:  -475.000000 | e:   1.000000 | Q:        nan | won: False 
#  112 | steps:  4765 | steps_t:     0 | t: 4.520942 | r:  -513.000000 | e:   1.000000 | Q:        nan | won: False 
#  113 | steps:  4785 | steps_t:     0 | t: 4.545836 | r:  -446.000000 | e:   1.000000 | Q:        nan | won: False 
#  114 | steps:  4823 | steps_t:     0 | t: 4.589719 | r:  -464.000000 | e:   1.000000 | Q:        nan | won: False 
#  115 | steps:  4836 | steps_t:     0 | t: 4.606673 | r:  -428.000000 | e:   1.000000 | Q:        nan | won: False 
#  116 | steps:  4858 | steps_t:     0 | t: 4.631613 | r:  -437.000000 | e:   1.000000 | Q:        nan | won: False 
#  117 | steps:  4867 | steps_t:     0 | t: 4.648560 | r:  -508.000000 | e:   1.000000 | Q:        nan | won: False 
#  118 | steps:  4916 | steps_t:     0 | t: 4.690447 | r:  -453.000000 | e:   1.000000 | Q:        nan | won: False 
#  119 | steps:  4974 | steps_t:     0 | t: 4.742313 | r:  -513.000000 | e:   1.000000 | Q:        nan | won: False 
#  120 | steps:  4985 | steps_t:     0 | t: 4.758266 | r:  -510.000000 | e:   1.000000 | Q:        nan | won: False 
#  121 | steps:  5005 | steps_t:     0 | t: 5.414515 | r:  -395.000000 | e:   1.000000 | Q:        nan | won: False 
#  122 | steps:  5021 | steps_t:     0 | t: 5.562115 | r:  -504.000000 | e:   1.000000 | Q:        nan | won: False 
#  123 | steps:  5030 | steps_t:     0 | t: 5.633923 | r:  -486.000000 | e:   1.000000 | Q:        nan | won: False 
#  124 | steps:  5132 | steps_t:     0 | t: 6.487639 | r:  -579.000000 | e:   1.000000 | Q:        nan | won: False 
#  125 | steps:  5148 | steps_t:     0 | t: 6.633249 | r:  -482.000000 | e:   1.000000 | Q:        nan | won: False 
#  126 | steps:  5164 | steps_t:     0 | t: 6.831719 | r:  -504.000000 | e:   1.000000 | Q:        nan | won: False 
#  127 | steps:  5229 | steps_t:     0 | t: 8.693738 | r:  -520.000000 | e:   1.000000 | Q:        nan | won: False 
#  128 | steps:  5280 | steps_t:     0 | t: 9.201379 | r:  -444.000000 | e:   1.000000 | Q:        nan | won: False 
#  129 | steps:  5317 | steps_t:     0 | t: 9.648183 | r:  -452.000000 | e:   1.000000 | Q:        nan | won: False 
#  130 | steps:  5354 | steps_t:     0 | t: 10.102967 | r:  -441.000000 | e:   1.000000 | Q:        nan | won: False 
#  131 | steps:  5408 | steps_t:     0 | t: 10.813067 | r:  -436.000000 | e:   1.000000 | Q:        nan | won: False 
#  132 | steps:  5418 | steps_t:     0 | t: 10.933754 | r:  -509.000000 | e:   1.000000 | Q:        nan | won: False 
#  133 | steps:  5453 | steps_t:     0 | t: 11.313726 | r:  -450.000000 | e:   1.000000 | Q:        nan | won: False 
#  134 | steps:  5533 | steps_t:     0 | t: 12.217314 | r:  -513.000000 | e:   1.000000 | Q:        nan | won: False 
#  135 | steps:  5600 | steps_t:     0 | t: 12.868566 | r:  -544.000000 | e:   1.000000 | Q:        nan | won: False 
#  136 | steps:  5647 | steps_t:     0 | t: 13.492896 | r:  -462.000000 | e:   1.000000 | Q:        nan | won: False 
#  137 | steps:  5730 | steps_t:     0 | t: 14.339631 | r:  -505.000000 | e:   1.000000 | Q:        nan | won: False 
#  138 | steps:  5748 | steps_t:     0 | t: 14.478260 | r:  -444.000000 | e:   1.000000 | Q:        nan | won: False 
#  139 | steps:  5817 | steps_t:     0 | t: 15.124530 | r:  -484.000000 | e:   1.000000 | Q:        nan | won: False 
#  140 | steps:  5892 | steps_t:     0 | t: 15.765815 | r:  -501.000000 | e:   1.000000 | Q:        nan | won: False 
#  141 | steps:  5930 | steps_t:     0 | t: 16.103911 | r:  -442.000000 | e:   1.000000 | Q:        nan | won: False 
#  142 | steps:  5951 | steps_t:     0 | t: 16.268472 | r:  -509.000000 | e:   1.000000 | Q:        nan | won: False 
#  143 | steps:  5980 | steps_t:     0 | t: 16.548726 | r:  -455.000000 | e:   1.000000 | Q:        nan | won: False 
#  144 | steps:  5991 | steps_t:     0 | t: 16.648452 | r:  -488.000000 | e:   1.000000 | Q:        nan | won: False 
#  145 | steps:  6015 | steps_t:     0 | t: 16.844927 | r:  -501.000000 | e:   1.000000 | Q:        nan | won: False 
#  146 | steps:  6028 | steps_t:     0 | t: 16.973583 | r:  -501.000000 | e:   1.000000 | Q:        nan | won: False 
#  147 | steps:  6116 | steps_t:     0 | t: 17.714600 | r:  -459.000000 | e:   1.000000 | Q:        nan | won: False 
#  148 | steps:  6147 | steps_t:     0 | t: 17.957949 | r:  -508.000000 | e:   1.000000 | Q:        nan | won: False 
#  149 | steps:  6160 | steps_t:     0 | t: 18.087602 | r:  -501.000000 | e:   1.000000 | Q:        nan | won: False 
#  150 | steps:  6174 | steps_t:     0 | t: 18.201298 | r:  -451.000000 | e:   1.000000 | Q:        nan | won: False 
#  151 | steps:  6240 | steps_t:     0 | t: 18.763794 | r:  -488.000000 | e:   1.000000 | Q:        nan | won: False 
#  152 | steps:  6292 | steps_t:     0 | t: 19.190650 | r:  -540.000000 | e:   1.000000 | Q:        nan | won: False 
#  153 | steps:  6362 | steps_t:     0 | t: 19.763123 | r:  -525.000000 | e:   1.000000 | Q:        nan | won: False 
#  154 | steps:  6401 | steps_t:     0 | t: 20.138116 | r:  -443.000000 | e:   1.000000 | Q:        nan | won: False 
#  155 | steps:  6426 | steps_t:     0 | t: 20.392435 | r:  -513.000000 | e:   1.000000 | Q:        nan | won: False 
#  156 | steps:  6495 | steps_t:     0 | t: 21.039705 | r:  -495.000000 | e:   1.000000 | Q:        nan | won: False 
#  157 | steps:  6563 | steps_t:     0 | t: 21.639102 | r:  -534.000000 | e:   1.000000 | Q:        nan | won: False 
#  158 | steps:  6569 | steps_t:     0 | t: 21.685978 | r:  -505.000000 | e:   1.000000 | Q:        nan | won: False 
#  159 | steps:  6583 | steps_t:     0 | t: 21.799670 | r:  -513.000000 | e:   1.000000 | Q:        nan | won: False 
#  160 | steps:  6625 | steps_t:     0 | t: 22.194615 | r:  -519.000000 | e:   1.000000 | Q:        nan | won: False 
