#    1 | steps:    14 | steps_t:     0 | t: 0.030863 | r:  -502.000000 | e:   1.000000 | Q:        nan | won: False 
#    2 | steps:    36 | steps_t:     0 | t: 0.048820 | r:  -437.000000 | e:   1.000000 | Q:        nan | won: False 
#    3 | steps:    45 | steps_t:     0 | t: 0.058830 | r:  -508.000000 | e:   1.000000 | Q:        nan | won: False 
#    4 | steps:   135 | steps_t:     0 | t: 0.120623 | r:  -512.000000 | e:   1.000000 | Q:        nan | won: False 
#    5 | steps:   172 | steps_t:     0 | t: 0.148554 | r:  -463.000000 | e:   1.000000 | Q:        nan | won: False 
#    6 | steps:   192 | steps_t:     0 | t: 0.168498 | r:  -508.000000 | e:   1.000000 | Q:        nan | won: False 
#    7 | steps:   244 | steps_t:     0 | t: 0.209473 | r:  -423.000000 | e:   1.000000 | Q:        nan | won: False 
#    8 | steps:   339 | steps_t:     0 | t: 0.302144 | r:  -488.000000 | e:   1.000000 | Q:        nan | won: False 
#    9 | steps:   462 | steps_t:     0 | t: 0.388947 | r:  -578.000000 | e:   1.000000 | Q:        nan | won: False 
#   10 | steps:   472 | steps_t:     0 | t: 0.398878 | r:  -509.000000 | e:   1.000000 | Q:        nan | won: False 
#   11 | steps:   544 | steps_t:     0 | t: 0.448781 | r:  -454.000000 | e:   1.000000 | Q:        nan | won: False 
#   12 | steps:   555 | steps_t:     0 | t: 0.465700 | r:  -510.000000 | e:   1.000000 | Q:        nan | won: False 
#   13 | steps:   583 | steps_t:     0 | t: 0.490672 | r:  -516.000000 | e:   1.000000 | Q:        nan | won: False 
#   14 | steps:   613 | steps_t:     0 | t: 0.520552 | r:  -485.000000 | e:   1.000000 | Q:        nan | won: False 
#   15 | steps:   705 | steps_t:     0 | t: 0.618293 | r:   137.000000 | e:   1.000000 | Q:        nan | won: True 
#   16 | steps:   770 | steps_t:     0 | t: 0.696085 | r:  -447.000000 | e:   1.000000 | Q:        nan | won: False 
#   17 | steps:   782 | steps_t:     0 | t: 0.709051 | r:  -500.000000 | e:   1.000000 | Q:        nan | won: False 
#   18 | steps:   846 | steps_t:     0 | t: 0.775869 | r:  -541.000000 | e:   1.000000 | Q:        nan | won: False 
#   19 | steps:   920 | steps_t:     0 | t: 0.908553 | r:  -500.000000 | e:   1.000000 | Q:        nan | won: False 
#   20 | steps:   960 | steps_t:     0 | t: 0.937478 | r:  -477.000000 | e:   1.000000 | Q:        nan | won: False 
#   21 | steps:   973 | steps_t:     0 | t: 0.953399 | r:  -501.000000 | e:   1.000000 | Q:        nan | won: False 
#   22 | steps:  1034 | steps_t:     0 | t: 0.998275 | r:  -505.000000 | e:   1.000000 | Q:        nan | won: False 
#   23 | steps:  1061 | steps_t:     0 | t: 1.037172 | r:  -482.000000 | e:   1.000000 | Q:        nan | won: False 
#   24 | steps:  1071 | steps_t:     0 | t: 1.052130 | r:  -487.000000 | e:   1.000000 | Q:        nan | won: False 
#   25 | steps:  1084 | steps_t:     0 | t: 1.069085 | r:  -501.000000 | e:   1.000000 | Q:        nan | won: False 
#   26 | steps:  1146 | steps_t:     0 | t: 1.112967 | r:   116.000000 | e:   1.000000 | Q:        nan | won: True 
#   27 | steps:  1181 | steps_t:     0 | t: 1.138898 | r:  -439.000000 | e:   1.000000 | Q:        nan | won: False 
#   28 | steps:  1218 | steps_t:     0 | t: 1.187811 | r:  -441.000000 | e:   1.000000 | Q:        nan | won: False 
#   29 | steps:  1304 | steps_t:     0 | t: 1.255623 | r:  -552.000000 | e:   1.000000 | Q:        nan | won: False 
#   30 | steps:  1344 | steps_t:     0 | t: 1.296490 | r:  -433.000000 | e:   1.000000 | Q:        nan | won: False 
#   31 | steps:  1388 | steps_t:     0 | t: 1.330388 | r:  -532.000000 | e:   1.000000 | Q:        nan | won: False 
#   32 | steps:  1427 | steps_t:     0 | t: 1.360343 | r:  -432.000000 | e:   1.000000 | Q:        nan | won: False 
#   33 | steps:  1541 | steps_t:     0 | t: 1.434146 | r:  -496.000000 | e:   1.000000 | Q:        nan | won: False 
#   34 | steps:  1570 | steps_t:     0 | t: 1.457047 | r:  -528.000000 | e:   1.000000 | Q:        nan | won: False 
#   35 | steps:  1637 | steps_t:     0 | t: 1.539825 | r:  -471.000000 | e:   1.000000 | Q:        nan | won: False 
#   36 | steps:  1648 | steps_t:     0 | t: 1.552790 | r:  -488.000000 | e:   1.000000 | Q:        nan | won: False 
#   37 | steps:  1669 | steps_t:     0 | t: 1.571740 | r:  -476.000000 | e:   1.000000 | Q:        nan | won: False 
#   38 | steps:  1760 | steps_t:     0 | t: 1.632615 | r:  -517.000000 | e:   1.000000 | Q:        nan | won: False 
#   39 | steps:  1792 | steps_t:     0 | t: 1.657510 | r:  -487.000000 | e:   1.000000 | Q:        nan | won: False 
#   40 | steps:  1875 | steps_t:     0 | t: 1.729319 | r:  -560.000000 | e:   1.000000 | Q:        nan | won: False 
#   41 | steps:  1930 | steps_t:     0 | t: 1.788162 | r:  -532.000000 | e:   1.000000 | Q:        nan | won: False 
#   42 | steps:  1980 | steps_t:     0 | t: 1.823069 | r:  -465.000000 | e:   1.000000 | Q:        nan | won: False 
#   43 | steps:  1999 | steps_t:     0 | t: 1.841022 | r:  -507.000000 | e:   1.000000 | Q:        nan | won: False 
#   44 | steps:  2093 | steps_t:     0 | t: 1.903892 | r:  -487.000000 | e:   1.000000 | Q:        nan | won: False 
#   45 | steps:  2108 | steps_t:     0 | t: 1.918848 | r:  -503.000000 | e:   1.000000 | Q:        nan | won: False 
#   46 | steps:  2177 | steps_t:     0 | t: 1.973706 | r:  -440.000000 | e:   1.000000 | Q:        nan | won: False 
#   47 | steps:  2190 | steps_t:     0 | t: 1.987699 | r:  -501.000000 | e:   1.000000 | Q:        nan | won: False 
#   48 | steps:  2209 | steps_t:     0 | t: 2.007615 | r:  -456.000000 | e:   1.000000 | Q:        nan | won: False 
#   49 | steps:  2239 | steps_t:     0 | t: 2.033539 | r:  -467.000000 | e:   1.000000 | Q:        nan | won: False 
#   50 | steps:  2254 | steps_t:     0 | t: 2.049464 | r:  -514.000000 | e:   1.000000 | Q:        nan | won: False 
#   51 | steps:  2312 | steps_t:     0 | t: 2.094383 | r:  -535.000000 | e:   1.000000 | Q:        nan | won: False 
#   52 | steps:  2329 | steps_t:     0 | t: 2.118278 | r:  -392.000000 | e:   1.000000 | Q:        nan | won: False 
#   53 | steps:  2391 | steps_t:     0 | t: 2.173168 | r:  -466.000000 | e:   1.000000 | Q:        nan | won: False 
#   54 | steps:  2396 | steps_t:     0 | t: 2.182149 | r:  -504.000000 | e:   1.000000 | Q:        nan | won: False 
#   55 | steps:  2411 | steps_t:     0 | t: 2.197070 | r:  -503.000000 | e:   1.000000 | Q:        nan | won: False 
#   56 | steps:  2455 | steps_t:     0 | t: 2.234005 | r:  -532.000000 | e:   1.000000 | Q:        nan | won: False 
#   57 | steps:  2470 | steps_t:     0 | t: 2.249964 | r:  -503.000000 | e:   1.000000 | Q:        nan | won: False 
#   58 | steps:  2537 | steps_t:     0 | t: 2.299829 | r:  -555.000000 | e:   1.000000 | Q:        nan | won: False 
#   59 | steps:  2583 | steps_t:     0 | t: 2.334735 | r:  -501.000000 | e:   1.000000 | Q:        nan | won: False 
#   60 | steps:  2604 | steps_t:     0 | t: 2.353648 | r:  -509.000000 | e:   1.000000 | Q:        nan | won: False 
#   61 | steps:  2619 | steps_t:     0 | t: 2.367611 | r:  -514.000000 | e:   1.000000 | Q:        nan | won: False 
#   62 | steps:  2637 | steps_t:     0 | t: 2.384604 | r:  -444.000000 | e:   1.000000 | Q:        nan | won: False 
#   63 | steps:  2667 | steps_t:     0 | t: 2.412529 | r:  -445.000000 | e:   1.000000 | Q:        nan | won: False 
#   64 | steps:  2704 | steps_t:     0 | t: 2.445441 | r:  -503.000000 | e:   1.000000 | Q:        nan | won: False 
#   65 | steps:  2772 | steps_t:     0 | t: 2.562090 | r:  -490.000000 | e:   1.000000 | Q:        nan | won: False 
#   66 | steps:  2830 | steps_t:     0 | t: 2.601024 | r:  -473.000000 | e:   1.000000 | Q:        nan | won: False 
#   67 | steps:  2922 | steps_t:     0 | t: 2.663818 | r:  -558.000000 | e:   1.000000 | Q:        nan | won: False 
#   68 | steps:  2972 | steps_t:     0 | t: 2.701754 | r:  -432.000000 | e:   1.000000 | Q:        nan | won: False 
#   69 | steps:  2984 | steps_t:     0 | t: 2.714685 | r:  -500.000000 | e:   1.000000 | Q:        nan | won: False 
#   70 | steps:  3069 | steps_t:     0 | t: 2.773567 | r:  -551.000000 | e:   1.000000 | Q:        nan | won: False 
#   71 | steps:  3079 | steps_t:     0 | t: 2.785492 | r:  -498.000000 | e:   1.000000 | Q:        nan | won: False 
#   72 | steps:  3115 | steps_t:     0 | t: 2.824426 | r:  -513.000000 | e:   1.000000 | Q:        nan | won: False 
#   73 | steps:  3156 | steps_t:     0 | t: 2.867275 | r:  -467.000000 | e:   1.000000 | Q:        nan | won: False 
#   74 | steps:  3218 | steps_t:     0 | t: 2.925124 | r:  -444.000000 | e:   1.000000 | Q:        nan | won: False 
#   75 | steps:  3250 | steps_t:     0 | t: 2.951089 | r:  -487.000000 | e:   1.000000 | Q:        nan | won: False 
#   76 | steps:  3346 | steps_t:     0 | t: 3.017915 | r:  -522.000000 | e:   1.000000 | Q:        nan | won: False 
#   77 | steps:  3393 | steps_t:     0 | t: 3.049828 | r:  -513.000000 | e:   1.000000 | Q:        nan | won: False 
#   78 | steps:  3454 | steps_t:     0 | t: 3.096700 | r:  -538.000000 | e:   1.000000 | Q:        nan | won: False 
#   79 | steps:  3473 | steps_t:     0 | t: 3.114650 | r:  -507.000000 | e:   1.000000 | Q:        nan | won: False 
#   80 | steps:  3492 | steps_t:     0 | t: 3.131566 | r:  -456.000000 | e:   1.000000 | Q:        nan | won: False 
#   81 | steps:  3574 | steps_t:     0 | t: 3.201419 | r:  -508.000000 | e:   1.000000 | Q:        nan | won: False 
#   82 | steps:  3591 | steps_t:     0 | t: 3.220331 | r:  -505.000000 | e:   1.000000 | Q:        nan | won: False 
#   83 | steps:  3597 | steps_t:     0 | t: 3.232300 | r:  -505.000000 | e:   1.000000 | Q:        nan | won: False 
#   84 | steps:  3614 | steps_t:     0 | t: 3.247293 | r:  -443.000000 | e:   1.000000 | Q:        nan | won: False 
#   85 | steps:  3689 | steps_t:     0 | t: 3.300135 | r:  -479.000000 | e:   1.000000 | Q:        nan | won: False 
#   86 | steps:  3771 | steps_t:     0 | t: 3.363945 | r:  -464.000000 | e:   1.000000 | Q:        nan | won: False 
#   87 | steps:  3784 | steps_t:     0 | t: 3.380905 | r:  -512.000000 | e:   1.000000 | Q:        nan | won: False 
#   88 | steps:  3872 | steps_t:     0 | t: 3.445766 | r:  -521.000000 | e:   1.000000 | Q:        nan | won: False 
#   89 | steps:  3959 | steps_t:     0 | t: 3.531496 | r:  -542.000000 | e:   1.000000 | Q:        nan | won: False 
#   90 | steps:  3975 | steps_t:     0 | t: 3.550446 | r:  -493.000000 | e:   1.000000 | Q:        nan | won: False 
#   91 | steps:  4008 | steps_t:     0 | t: 3.579410 | r:  -521.000000 | e:   1.000000 | Q:        nan | won: False 
#   92 | steps:  4079 | steps_t:     0 | t: 3.637216 | r:  -475.000000 | e:   1.000000 | Q:        nan | won: False 
#   93 | steps:  4093 | steps_t:     0 | t: 3.654168 | r:  -502.000000 | e:   1.000000 | Q:        nan | won: False 
#   94 | steps:  4112 | steps_t:     0 | t: 3.684125 | r:  -507.000000 | e:   1.000000 | Q:        nan | won: False 
#   95 | steps:  4128 | steps_t:     0 | t: 3.699051 | r:  -515.000000 | e:   1.000000 | Q:        nan | won: False 
#   96 | steps:  4186 | steps_t:     0 | t: 3.742934 | r:  -535.000000 | e:   1.000000 | Q:        nan | won: False 
#   97 | steps:  4245 | steps_t:     0 | t: 3.790839 | r:  -536.000000 | e:   1.000000 | Q:        nan | won: False 
#   98 | steps:  4282 | steps_t:     0 | t: 3.820725 | r:  -474.000000 | e:   1.000000 | Q:        nan | won: False 
#   99 | steps:  4349 | steps_t:     0 | t: 3.871629 | r:  -482.000000 | e:   1.000000 | Q:        nan | won: False 
#  100 | steps:  4403 | steps_t:     0 | t: 3.911480 | r:  -436.000000 | e:   1.000000 | Q:        nan | won: False 
#  101 | steps:  4447 | steps_t:     0 | t: 3.967332 | r:  -477.000000 | e:   1.000000 | Q:        nan | won: False 
#  102 | steps:  4475 | steps_t:     0 | t: 4.006227 | r:  -443.000000 | e:   1.000000 | Q:        nan | won: False 
#  103 | steps:  4515 | steps_t:     0 | t: 4.038141 | r:  -466.000000 | e:   1.000000 | Q:        nan | won: False 
#  104 | steps:  4527 | steps_t:     0 | t: 4.056093 | r:  -500.000000 | e:   1.000000 | Q:        nan | won: False 
#  105 | steps:  4557 | steps_t:     0 | t: 4.079074 | r:  -529.000000 | e:   1.000000 | Q:        nan | won: False 
#  106 | steps:  4570 | steps_t:     0 | t: 4.091999 | r:  -512.000000 | e:   1.000000 | Q:        nan | won: False 
#  107 | steps:  4579 | steps_t:     0 | t: 4.102007 | r:  -508.000000 | e:   1.000000 | Q:        nan | won: False 
#  108 | steps:  4693 | steps_t:     0 | t: 4.176771 | r:  -580.000000 | e:   1.000000 | Q:        nan | won: False 
#  109 | steps:  4714 | steps_t:     0 | t: 4.198712 | r:  -447.000000 | e:   1.000000 | Q:        nan | won: False 
#  110 | steps:  4764 | steps_t:     0 | t: 4.236623 | r:  -487.000000 | e:   1.000000 | Q:        nan | won: False 
#  111 | steps:  4804 | steps_t:     0 | t: 4.281494 | r:  -433.000000 | e:   1.000000 | Q:        nan | won: False 
#  112 | steps:  4855 | steps_t:     0 | t: 4.323417 | r:  -433.000000 | e:   1.000000 | Q:        nan | won: False 
#  113 | steps:  4964 | steps_t:     0 | t: 4.399212 | r:  -480.000000 | e:   1.000000 | Q:        nan | won: False 
