#    1 | steps:    30 | steps_t:     0 | t: 0.053857 | r:  -456.000000 | e:   1.000000 | Q:        nan | won: False 
#    2 | steps:    57 | steps_t:     0 | t: 0.088772 | r:  -504.000000 | e:   1.000000 | Q:        nan | won: False 
#    3 | steps:   144 | steps_t:     0 | t: 0.148641 | r:  -469.000000 | e:   1.000000 | Q:        nan | won: False 
#    4 | steps:   183 | steps_t:     0 | t: 0.176567 | r:  -454.000000 | e:   1.000000 | Q:        nan | won: False 
#    5 | steps:   196 | steps_t:     0 | t: 0.189525 | r:  -501.000000 | e:   1.000000 | Q:        nan | won: False 
#    6 | steps:   218 | steps_t:     0 | t: 0.207490 | r:  -408.000000 | e:   1.000000 | Q:        nan | won: False 
#    7 | steps:   307 | steps_t:     0 | t: 0.269277 | r:  -566.000000 | e:   1.000000 | Q:        nan | won: False 
#    8 | steps:   337 | steps_t:     0 | t: 0.299198 | r:  -518.000000 | e:   1.000000 | Q:        nan | won: False 
#    9 | steps:   397 | steps_t:     0 | t: 0.340087 | r:  -442.000000 | e:   1.000000 | Q:        nan | won: False 
#   10 | steps:   422 | steps_t:     0 | t: 0.361035 | r:  -451.000000 | e:   1.000000 | Q:        nan | won: False 
#   11 | steps:   445 | steps_t:     0 | t: 0.384969 | r:  -489.000000 | e:   1.000000 | Q:        nan | won: False 
#   12 | steps:   457 | steps_t:     0 | t: 0.404917 | r:  -511.000000 | e:   1.000000 | Q:        nan | won: False 
#   13 | steps:   518 | steps_t:     0 | t: 0.466751 | r:  -538.000000 | e:   1.000000 | Q:        nan | won: False 
#   14 | steps:   539 | steps_t:     0 | t: 0.490685 | r:  -498.000000 | e:   1.000000 | Q:        nan | won: False 
#   15 | steps:   594 | steps_t:     0 | t: 0.539555 | r:  -437.000000 | e:   1.000000 | Q:        nan | won: False 
#   16 | steps:   607 | steps_t:     0 | t: 0.565486 | r:  -512.000000 | e:   1.000000 | Q:        nan | won: False 
#   17 | steps:   655 | steps_t:     0 | t: 0.601395 | r:  -514.000000 | e:   1.000000 | Q:        nan | won: False 
#   18 | steps:   708 | steps_t:     0 | t: 0.656243 | r:  -435.000000 | e:   1.000000 | Q:        nan | won: False 
#   19 | steps:   734 | steps_t:     0 | t: 0.685165 | r:  -463.000000 | e:   1.000000 | Q:        nan | won: False 
#   20 | steps:   820 | steps_t:     0 | t: 0.762960 | r:  -501.000000 | e:   1.000000 | Q:        nan | won: False 
#   21 | steps:   871 | steps_t:     0 | t: 0.804845 | r:  -528.000000 | e:   1.000000 | Q:        nan | won: False 
#   22 | steps:   883 | steps_t:     0 | t: 0.817812 | r:  -489.000000 | e:   1.000000 | Q:        nan | won: False 
#   23 | steps:   939 | steps_t:     0 | t: 0.855749 | r:  -427.000000 | e:   1.000000 | Q:        nan | won: False 
#   24 | steps:   967 | steps_t:     0 | t: 0.876654 | r:  -483.000000 | e:   1.000000 | Q:        nan | won: False 
#   25 | steps:  1009 | steps_t:     0 | t: 0.913553 | r:  -457.000000 | e:   1.000000 | Q:        nan | won: False 
#   26 | steps:  1115 | steps_t:     0 | t: 0.985399 | r:   123.000000 | e:   1.000000 | Q:        nan | won: True 
#   27 | steps:  1126 | steps_t:     0 | t: 1.001319 | r:  -510.000000 | e:   1.000000 | Q:        nan | won: False 
#   28 | steps:  1177 | steps_t:     0 | t: 1.041248 | r:  -528.000000 | e:   1.000000 | Q:        nan | won: False 
#   29 | steps:  1187 | steps_t:     0 | t: 1.054177 | r:  -458.000000 | e:   1.000000 | Q:        nan | won: False 
#   30 | steps:  1258 | steps_t:     0 | t: 1.103046 | r:  -453.000000 | e:   1.000000 | Q:        nan | won: False 
#   31 | steps:  1273 | steps_t:     0 | t: 1.118045 | r:  -492.000000 | e:   1.000000 | Q:        nan | won: False 
#   32 | steps:  1294 | steps_t:     0 | t: 1.136957 | r:  -509.000000 | e:   1.000000 | Q:        nan | won: False 
#   33 | steps:  1377 | steps_t:     0 | t: 1.212756 | r:  -498.000000 | e:   1.000000 | Q:        nan | won: False 
#   34 | steps:  1411 | steps_t:     0 | t: 1.248659 | r:  -522.000000 | e:   1.000000 | Q:        nan | won: False 
#   35 | steps:  1439 | steps_t:     0 | t: 1.273628 | r:  -443.000000 | e:   1.000000 | Q:        nan | won: False 
#   36 | steps:  1529 | steps_t:     0 | t: 1.337457 | r:  -567.000000 | e:   1.000000 | Q:        nan | won: False 
#   37 | steps:  1578 | steps_t:     0 | t: 1.372370 | r:  -453.000000 | e:   1.000000 | Q:        nan | won: False 
#   38 | steps:  1654 | steps_t:     0 | t: 1.431170 | r:  -531.000000 | e:   1.000000 | Q:        nan | won: False 
#   39 | steps:  1762 | steps_t:     0 | t: 1.519934 | r:  -501.000000 | e:   1.000000 | Q:        nan | won: False 
#   40 | steps:  1783 | steps_t:     0 | t: 1.544865 | r:  -498.000000 | e:   1.000000 | Q:        nan | won: False 
#   41 | steps:  1832 | steps_t:     0 | t: 1.591772 | r:  -515.000000 | e:   1.000000 | Q:        nan | won: False 
#   42 | steps:  1900 | steps_t:     0 | t: 1.642603 | r:  -494.000000 | e:   1.000000 | Q:        nan | won: False 
#   43 | steps:  1909 | steps_t:     0 | t: 1.653573 | r:  -508.000000 | e:   1.000000 | Q:        nan | won: False 
#   44 | steps:  1971 | steps_t:     0 | t: 1.708428 | r:  -466.000000 | e:   1.000000 | Q:        nan | won: False 
#   45 | steps:  2002 | steps_t:     0 | t: 1.739345 | r:  -435.000000 | e:   1.000000 | Q:        nan | won: False 
#   46 | steps:  2064 | steps_t:     0 | t: 1.792204 | r:  -477.000000 | e:   1.000000 | Q:        nan | won: False 
#   47 | steps:  2113 | steps_t:     0 | t: 1.827110 | r:  -431.000000 | e:   1.000000 | Q:        nan | won: False 
#   48 | steps:  2121 | steps_t:     0 | t: 1.837119 | r:  -507.000000 | e:   1.000000 | Q:        nan | won: False 
#   49 | steps:  2179 | steps_t:     0 | t: 1.885988 | r:  -462.000000 | e:   1.000000 | Q:        nan | won: False 
#   50 | steps:  2225 | steps_t:     0 | t: 1.921864 | r:  -461.000000 | e:   1.000000 | Q:        nan | won: False 
#   51 | steps:  2256 | steps_t:     0 | t: 1.948820 | r:  -519.000000 | e:   1.000000 | Q:        nan | won: False 
#   52 | steps:  2278 | steps_t:     0 | t: 1.968769 | r:  -521.000000 | e:   1.000000 | Q:        nan | won: False 
#   53 | steps:  2316 | steps_t:     0 | t: 1.995702 | r:  -442.000000 | e:   1.000000 | Q:        nan | won: False 
#   54 | steps:  2332 | steps_t:     0 | t: 2.011654 | r:  -515.000000 | e:   1.000000 | Q:        nan | won: False 
#   55 | steps:  2369 | steps_t:     0 | t: 2.042570 | r:  -441.000000 | e:   1.000000 | Q:        nan | won: False 
#   56 | steps:  2424 | steps_t:     0 | t: 2.088410 | r:  -532.000000 | e:   1.000000 | Q:        nan | won: False 
#   57 | steps:  2460 | steps_t:     0 | t: 2.122321 | r:  -462.000000 | e:   1.000000 | Q:        nan | won: False 
#   58 | steps:  2481 | steps_t:     0 | t: 2.144260 | r:  -520.000000 | e:   1.000000 | Q:        nan | won: False 
#   59 | steps:  2505 | steps_t:     0 | t: 2.168199 | r:  -512.000000 | e:   1.000000 | Q:        nan | won: False 
#   60 | steps:  2565 | steps_t:     0 | t: 2.216068 | r:  -442.000000 | e:   1.000000 | Q:        nan | won: False 
#   61 | steps:  2583 | steps_t:     0 | t: 2.235019 | r:  -506.000000 | e:   1.000000 | Q:        nan | won: False 
#   62 | steps:  2612 | steps_t:     0 | t: 2.260951 | r:  -462.000000 | e:   1.000000 | Q:        nan | won: False 
#   63 | steps:  2676 | steps_t:     0 | t: 2.310816 | r:  -541.000000 | e:   1.000000 | Q:        nan | won: False 
#   64 | steps:  2723 | steps_t:     0 | t: 2.434484 | r:  -451.000000 | e:   1.000000 | Q:        nan | won: False 
#   65 | steps:  2735 | steps_t:     0 | t: 2.453434 | r:  -511.000000 | e:   1.000000 | Q:        nan | won: False 
#   66 | steps:  2838 | steps_t:     0 | t: 2.572116 | r:  -540.000000 | e:   1.000000 | Q:        nan | won: False 
#   67 | steps:  2915 | steps_t:     0 | t: 2.680827 | r:  -470.000000 | e:   1.000000 | Q:        nan | won: False 
#   68 | steps:  2931 | steps_t:     0 | t: 2.711744 | r:  -471.000000 | e:   1.000000 | Q:        nan | won: False 
#   69 | steps:  2962 | steps_t:     0 | t: 2.763604 | r:  -519.000000 | e:   1.000000 | Q:        nan | won: False 
#   70 | steps:  3039 | steps_t:     0 | t: 2.891263 | r:  -503.000000 | e:   1.000000 | Q:        nan | won: False 
#   71 | steps:  3064 | steps_t:     0 | t: 2.928164 | r:  -418.000000 | e:   1.000000 | Q:        nan | won: False 
#   72 | steps:  3087 | steps_t:     0 | t: 2.964068 | r:  -449.000000 | e:   1.000000 | Q:        nan | won: False 
#   73 | steps:  3108 | steps_t:     0 | t: 2.995983 | r:  -498.000000 | e:   1.000000 | Q:        nan | won: False 
#   74 | steps:  3143 | steps_t:     0 | t: 3.039865 | r:  -428.000000 | e:   1.000000 | Q:        nan | won: False 
#   75 | steps:  3214 | steps_t:     0 | t: 3.092723 | r:  -453.000000 | e:   1.000000 | Q:        nan | won: False 
#   76 | steps:  3226 | steps_t:     0 | t: 3.107684 | r:  -489.000000 | e:   1.000000 | Q:        nan | won: False 
#   77 | steps:  3241 | steps_t:     0 | t: 3.122643 | r:  -503.000000 | e:   1.000000 | Q:        nan | won: False 
#   78 | steps:  3300 | steps_t:     0 | t: 3.170554 | r:  -547.000000 | e:   1.000000 | Q:        nan | won: False 
#   79 | steps:  3355 | steps_t:     0 | t: 3.217391 | r:  -510.000000 | e:   1.000000 | Q:        nan | won: False 
#   80 | steps:  3371 | steps_t:     0 | t: 3.238371 | r:  -515.000000 | e:   1.000000 | Q:        nan | won: False 
#   81 | steps:  3395 | steps_t:     0 | t: 3.262273 | r:  -428.000000 | e:   1.000000 | Q:        nan | won: False 
#   82 | steps:  3425 | steps_t:     0 | t: 3.292189 | r:  -434.000000 | e:   1.000000 | Q:        nan | won: False 
#   83 | steps:  3489 | steps_t:     0 | t: 3.353027 | r:  -457.000000 | e:   1.000000 | Q:        nan | won: False 
#   84 | steps:  3510 | steps_t:     0 | t: 3.404889 | r:  -447.000000 | e:   1.000000 | Q:        nan | won: False 
#   85 | steps:  3561 | steps_t:     0 | t: 3.466723 | r:  -477.000000 | e:   1.000000 | Q:        nan | won: False 
#   86 | steps:  3571 | steps_t:     0 | t: 3.483678 | r:  -498.000000 | e:   1.000000 | Q:        nan | won: False 
#   87 | steps:  3608 | steps_t:     0 | t: 3.532552 | r:  -452.000000 | e:   1.000000 | Q:        nan | won: False 
#   88 | steps:  3669 | steps_t:     0 | t: 3.616323 | r:  -476.000000 | e:   1.000000 | Q:        nan | won: False 
#   89 | steps:  3692 | steps_t:     0 | t: 3.663197 | r:  -500.000000 | e:   1.000000 | Q:        nan | won: False 
#   90 | steps:  3699 | steps_t:     0 | t: 3.676161 | r:  -506.000000 | e:   1.000000 | Q:        nan | won: False 
#   91 | steps:  3811 | steps_t:     0 | t: 3.777890 | r:  -538.000000 | e:   1.000000 | Q:        nan | won: False 
#   92 | steps:  3860 | steps_t:     0 | t: 3.841719 | r:  -453.000000 | e:   1.000000 | Q:        nan | won: False 
#   93 | steps:  3884 | steps_t:     0 | t: 3.885602 | r:  -439.000000 | e:   1.000000 | Q:        nan | won: False 
#   94 | steps:  3902 | steps_t:     0 | t: 3.918515 | r:  -506.000000 | e:   1.000000 | Q:        nan | won: False 
#   95 | steps:  3922 | steps_t:     0 | t: 3.952423 | r:  -508.000000 | e:   1.000000 | Q:        nan | won: False 
#   96 | steps:  3954 | steps_t:     0 | t: 3.987330 | r:  -509.000000 | e:   1.000000 | Q:        nan | won: False 
#   97 | steps:  4015 | steps_t:     0 | t: 4.043180 | r:  -527.000000 | e:   1.000000 | Q:        nan | won: False 
#   98 | steps:  4083 | steps_t:     0 | t: 4.106012 | r:  -523.000000 | e:   1.000000 | Q:        nan | won: False 
#   99 | steps:  4150 | steps_t:     0 | t: 4.175825 | r:  -493.000000 | e:   1.000000 | Q:        nan | won: False 
#  100 | steps:  4206 | steps_t:     0 | t: 4.221702 | r:  -533.000000 | e:   1.000000 | Q:        nan | won: False 
#  101 | steps:  4232 | steps_t:     0 | t: 4.242646 | r:  -441.000000 | e:   1.000000 | Q:        nan | won: False 
#  102 | steps:  4293 | steps_t:     0 | t: 4.285532 | r:  -487.000000 | e:   1.000000 | Q:        nan | won: False 
#  103 | steps:  4351 | steps_t:     0 | t: 4.328419 | r:  -491.000000 | e:   1.000000 | Q:        nan | won: False 
#  104 | steps:  4403 | steps_t:     0 | t: 4.371340 | r:  -456.000000 | e:   1.000000 | Q:        nan | won: False 
#  105 | steps:  4425 | steps_t:     0 | t: 4.393243 | r:  -521.000000 | e:   1.000000 | Q:        nan | won: False 
#  106 | steps:  4493 | steps_t:     0 | t: 4.444151 | r:  -534.000000 | e:   1.000000 | Q:        nan | won: False 
#  107 | steps:  4517 | steps_t:     0 | t: 4.467046 | r:  -461.000000 | e:   1.000000 | Q:        nan | won: False 
#  108 | steps:  4528 | steps_t:     0 | t: 4.480047 | r:  -499.000000 | e:   1.000000 | Q:        nan | won: False 
#  109 | steps:  4631 | steps_t:     0 | t: 4.550863 | r:  -569.000000 | e:   1.000000 | Q:        nan | won: False 
#  110 | steps:  4651 | steps_t:     0 | t: 4.570768 | r:  -508.000000 | e:   1.000000 | Q:        nan | won: False 
#  111 | steps:  4708 | steps_t:     0 | t: 4.615686 | r:  -472.000000 | e:   1.000000 | Q:        nan | won: False 
#  112 | steps:  4768 | steps_t:     0 | t: 4.659568 | r:  -486.000000 | e:   1.000000 | Q:        nan | won: False 
#  113 | steps:  4779 | steps_t:     0 | t: 4.671500 | r:  -488.000000 | e:   1.000000 | Q:        nan | won: False 
#  114 | steps:  4832 | steps_t:     0 | t: 4.709397 | r:  -530.000000 | e:   1.000000 | Q:        nan | won: False 
#  115 | steps:  4854 | steps_t:     0 | t: 4.728349 | r:  -488.000000 | e:   1.000000 | Q:        nan | won: False 
#  116 | steps:  4871 | steps_t:     0 | t: 4.744307 | r:  -494.000000 | e:   1.000000 | Q:        nan | won: False 
#  117 | steps:  4920 | steps_t:     0 | t: 4.784238 | r:  -442.000000 | e:   1.000000 | Q:        nan | won: False 
#  118 | steps:  5011 | steps_t:    10 | t: 5.191109 | r:  -517.000000 | e:   0.999000 | Q:        nan | won: False 
#  119 | steps:  5037 | steps_t:    35 | t: 5.409524 | r:  -514.000000 | e:   0.996500 | Q:        nan | won: False 
#  120 | steps:  5049 | steps_t:    46 | t: 5.509257 | r:  -500.000000 | e:   0.995400 | Q:        nan | won: False 
